[09/17/2018 17:56:09 PM] Launching relklinker..
[09/17/2018 17:56:09 PM] Dataset: predpath_civil_war_battle.csv
[09/17/2018 17:56:09 PM] Output dir: /home/galois/Documents/streamminer/output
[09/17/2018 17:56:09 PM] Read data: (710, 7) predpath_civil_war_battle.csv
[09/17/2018 17:56:09 PM] Note: Found non-NA records: (710, 7)
[09/17/2018 17:56:15 PM] 
Done!

[09/17/2018 18:16:13 PM] Launching relklinker..
[09/17/2018 18:16:13 PM] Dataset: predpath_civil_war_battle.csv
[09/17/2018 18:16:13 PM] Output dir: /home/galois/Documents/streamminer/output
[09/17/2018 18:16:13 PM] Read data: (710, 7) predpath_civil_war_battle.csv
[09/17/2018 18:16:13 PM] Note: Found non-NA records: (710, 7)
[09/17/2018 18:16:17 PM] 
Done!

[09/17/2018 21:52:03 PM] Launching relklinker..
[09/17/2018 21:52:03 PM] Dataset: predpath_civil_war_battle.csv
[09/17/2018 21:52:03 PM] Output dir: /home/galois/Documents/streamminer/output
[09/17/2018 21:52:03 PM] Read data: (710, 7) predpath_civil_war_battle.csv
[09/17/2018 21:52:03 PM] Note: Found non-NA records: (710, 7)
[09/17/2018 21:52:05 PM] 
Done!

[09/17/2018 22:25:16 PM] Launching relklinker..
[09/17/2018 22:25:16 PM] Dataset: predpath_civil_war_battle.csv
[09/17/2018 22:25:16 PM] Output dir: /home/galois/Documents/streamminer/output
[09/17/2018 22:25:16 PM] Read data: (710, 7) predpath_civil_war_battle.csv
[09/17/2018 22:25:16 PM] Note: Found non-NA records: (710, 7)
[09/17/2018 22:25:16 PM] 
Done!

