[09/23/2018 20:24:38 PM] Launching stream..
[09/23/2018 20:24:38 PM] Dataset: sub_sample.csv
[09/23/2018 20:24:38 PM] Output dir: /home/alex/Documents/streamminer/output
[09/23/2018 20:24:38 PM] Read data: (39, 7) sub_sample.csv
[09/23/2018 20:24:38 PM] Note: Found non-NA records: (39, 7)
[09/23/2018 20:24:40 PM] Computing KS for 39 triples..
[09/23/2018 20:24:44 PM] Time for cost mtx: 1.21s
[09/23/2018 20:24:45 PM] Initial reduced cost: [2 3 3 ... 2 2 2]
[09/23/2018 20:24:45 PM] P1: [ 392035 2115741] [ -1 189], (c, bnck, f): (0.00, 0.07, 0.07), time: 0.13s
[09/23/2018 20:24:45 PM] Found: [0 0 0 ... 0 0 0], dist: [2147483647 2147483647 2147483647 ... 2147483647 2147483647 2147483647]
[09/23/2018 20:24:45 PM] Updated potentials: [0 0 0 ... 0 0 0]
[09/23/2018 20:24:46 PM] Reduced cost: [2 3 3 ... 2 2 2]
[09/23/2018 20:24:48 PM] P2: [ 392035      78 2675800 2115741] [ -1 660 660 599], (c, bnck, f): (10.71, 0.06, 0.00), time: 2.96s
[09/23/2018 20:24:48 PM] Found: [0 1 1 ... 1 0 0], dist: [2147483647          9          9 ...         10         19         19]
[09/23/2018 20:24:48 PM] Updated potentials: [0 1 1 ... 0 0 0]
[09/23/2018 20:24:49 PM] Reduced cost: [2 3 3 ... 2 2 2]
[09/23/2018 20:24:52 PM] P3: [ 392035 1243951 4445640 2115741] [ -1 480 480 599], (c, bnck, f): (10.54, 0.05, 0.00), time: 4.11s
[09/23/2018 20:24:52 PM] Found: [0 1 1 ... 1 0 0], dist: [2147483647          0          0 ...          0          9          9]
[09/23/2018 20:24:52 PM] Updated potentials: [0 2 2 ... 1 0 0]
[09/23/2018 20:24:53 PM] Reduced cost: [2 3 3 ... 2 2 2]
[09/23/2018 20:24:55 PM] P4: [ 392035 3845794 3212007 3212008 1069836 5168067 2115741] [ -1 123 123 602 599 121 189], (c, bnck, f): (10.75, 0.07, 0.01), time: 3.11s
[09/23/2018 20:24:55 PM] Found: [0 1 1 ... 1 0 0], dist: [2147483647          0          0 ...          0          8          8]
[09/23/2018 20:24:55 PM] Updated potentials: [0 2 2 ... 1 0 0]
[09/23/2018 20:24:56 PM] Reduced cost: [2 3 3 ... 2 2 2]
[09/23/2018 20:25:00 PM] P5: [ 392035 3845794 2672313 2672318 3144844 5457739 5457736 2115741] [ -1 123 123 602 599 599 602 189], (c, bnck, f): (12.17, 0.07, 0.01), time: 4.85s
[09/23/2018 20:25:00 PM] Found: [0 1 1 ... 1 0 0], dist: [2147483647          0          0 ...          0          8          8]
[09/23/2018 20:25:02 PM] Time for cost mtx: 1.01s
[09/23/2018 20:25:02 PM] Initial reduced cost: [2 3 3 ... 2 2 2]
[09/23/2018 20:25:03 PM] P1: [ 392035 3783749 3612042 4119746] [ -1  65  65 189], (c, bnck, f): (9.31, 0.07, 0.01), time: 1.10s
[09/23/2018 20:25:03 PM] Found: [0 0 0 ... 0 0 0], dist: [2147483647 2147483647 2147483647 ... 2147483647 2147483647 2147483647]
[09/23/2018 20:25:03 PM] Updated potentials: [0 0 0 ... 0 0 0]
[09/23/2018 20:25:04 PM] Reduced cost: [2 3 3 ... 2 2 2]
[09/23/2018 20:25:05 PM] P2: [ 392035      78  852582 4119746] [ -1 660 660 189], (c, bnck, f): (10.71, 0.06, 0.00), time: 2.35s
[09/23/2018 20:25:05 PM] Found: [0 1 1 ... 0 0 0], dist: [2147483647          1          1 ... 2147483647 2147483647 2147483647]
[09/23/2018 20:25:05 PM] Updated potentials: [0 0 0 ... 0 0 0]
[09/23/2018 20:25:06 PM] Reduced cost: [2 3 3 ... 2 2 2]
[09/23/2018 20:25:08 PM] P3: [ 392035 2115741 4864843 4119746] [ -1 189 599 189], (c, bnck, f): (9.36, 0.07, 0.01), time: 2.37s
[09/23/2018 20:25:08 PM] Found: [0 1 1 ... 0 0 0], dist: [2147483647          0          0 ... 2147483647 2147483647 2147483647]
[09/23/2018 20:25:08 PM] Updated potentials: [0 0 0 ... 0 0 0]
[09/23/2018 20:25:09 PM] Reduced cost: [2 3 3 ... 2 2 2]
[09/23/2018 20:25:11 PM] P4: [ 392035 1243951 2682315 4119746] [ -1 480 480 189], (c, bnck, f): (10.90, 0.05, 0.00), time: 3.02s
[09/23/2018 20:25:11 PM] Found: [0 1 1 ... 1 0 0], dist: [2147483647          0          0 ...          1         10         10]
[09/23/2018 20:25:11 PM] Updated potentials: [0 1 1 ... 0 0 0]
[09/23/2018 20:25:12 PM] Reduced cost: [2 3 3 ... 2 2 2]
[09/23/2018 20:25:14 PM] P5: [ 392035 3845794 3212007 3212008 1069836 5330278 5330277 4119746] [ -1 123 123 602 599 599 602 189], (c, bnck, f): (11.06, 0.07, 0.01), time: 2.77s
[09/23/2018 20:25:14 PM] Found: [0 1 1 ... 1 0 0], dist: [2147483647          0          0 ...          0          9          9]
[09/23/2018 20:25:15 PM] Time for cost mtx: 1.02s
[09/23/2018 20:25:15 PM] Initial reduced cost: [2 3 3 ... 2 2 2]
[09/23/2018 20:25:17 PM] P1: [ 392035      78 3796026  917821] [ -1 660 660 189], (c, bnck, f): (10.71, 0.06, 0.00), time: 1.58s
[09/23/2018 20:25:17 PM] Found: [0 1 1 ... 0 0 0], dist: [2147483647         16         16 ... 2147483647 2147483647 2147483647]
[09/23/2018 20:25:17 PM] Updated potentials: [0 0 0 ... 0 0 0]
[09/23/2018 20:25:18 PM] Reduced cost: [2 3 3 ... 2 2 2]
[09/23/2018 20:25:19 PM] P2: [ 392035 2115741 2664662 2664660  917821] [ -1 189 599 602 189], (c, bnck, f): (9.93, 0.07, 0.01), time: 2.12s
[09/23/2018 20:25:19 PM] Found: [0 1 1 ... 0 0 0], dist: [2147483647          0          0 ... 2147483647 2147483647 2147483647]
[09/23/2018 20:25:19 PM] Updated potentials: [0 0 0 ... 0 0 0]
[09/23/2018 20:25:20 PM] Reduced cost: [2 3 3 ... 2 2 2]
[09/23/2018 20:25:21 PM] P3: [ 392035 3783749 1725129  917821] [ -1  65  65 189], (c, bnck, f): (9.55, 0.07, 0.01), time: 2.24s
[09/23/2018 20:25:21 PM] Found: [0 1 1 ... 0 0 0], dist: [2147483647          0          0 ... 2147483647 2147483647 2147483647]
[09/23/2018 20:25:21 PM] Updated potentials: [0 0 0 ... 0 0 0]
[09/23/2018 20:25:22 PM] Reduced cost: [2 3 3 ... 2 2 2]
[09/23/2018 20:25:24 PM] P4: [ 392035 1243951 5457331  917821] [ -1 480 480 189], (c, bnck, f): (10.79, 0.05, 0.00), time: 2.79s
[09/23/2018 20:25:24 PM] Found: [0 1 1 ... 1 0 0], dist: [2147483647          0          0 ...          1         10         10]
[09/23/2018 20:25:24 PM] Updated potentials: [0 1 1 ... 0 0 0]
[09/23/2018 20:25:25 PM] Reduced cost: [2 3 3 ... 2 2 2]
[09/23/2018 20:25:28 PM] P5: [ 392035 3845794 3212007 3212008 1069836 3564145 3564142  917821] [ -1 123 123 602 599 599 602 189], (c, bnck, f): (11.65, 0.07, 0.01), time: 3.58s
[09/23/2018 20:25:28 PM] Found: [0 1 1 ... 1 0 0], dist: [2147483647          0          0 ...          0          9          9]
[09/23/2018 20:25:30 PM] Time for cost mtx: 1.58s
[09/23/2018 20:25:31 PM] Initial reduced cost: [2 3 3 ... 2 2 2]
[09/23/2018 20:25:32 PM] P1: [ 392035 2115741 3259596 3218267] [ -1 189 599 189], (c, bnck, f): (8.83, 0.07, 0.01), time: 1.56s
[09/23/2018 20:25:32 PM] Found: [0 0 0 ... 0 0 0], dist: [2147483647 2147483647 2147483647 ... 2147483647 2147483647 2147483647]
[09/23/2018 20:25:32 PM] Updated potentials: [0 0 0 ... 0 0 0]
[09/23/2018 20:25:33 PM] Reduced cost: [2 3 3 ... 2 2 2]
[09/23/2018 20:25:35 PM] P2: [ 392035      78 2649831 3218267] [ -1 660 660 599], (c, bnck, f): (10.71, 0.06, 0.00), time: 2.79s
[09/23/2018 20:25:35 PM] Found: [0 1 1 ... 0 0 0], dist: [2147483647          1          1 ... 2147483647 2147483647 2147483647]
[09/23/2018 20:25:35 PM] Updated potentials: [0 0 0 ... 0 0 0]
[09/23/2018 20:25:36 PM] Reduced cost: [2 3 3 ... 2 2 2]
[09/23/2018 20:25:38 PM] P3: [ 392035 1243951 1227091 3218267] [ -1 480 480 599], (c, bnck, f): (10.39, 0.05, 0.00), time: 3.46s
[09/23/2018 20:25:38 PM] Found: [0 1 1 ... 1 0 0], dist: [2147483647          0          0 ...          1         10         10]
[09/23/2018 20:25:38 PM] Updated potentials: [0 1 1 ... 0 0 0]
[09/23/2018 20:25:39 PM] Reduced cost: [2 3 3 ... 2 2 2]
[09/23/2018 20:25:43 PM] P4: [ 392035 3845794 3461499 3461504 4145593 5346163 3218267] [ -1 123 123 602 599 121 189], (c, bnck, f): (11.47, 0.07, 0.01), time: 4.11s
[09/23/2018 20:25:43 PM] Found: [0 1 1 ... 1 0 0], dist: [2147483647          0          0 ...          0          9          9]
[09/23/2018 20:25:43 PM] Updated potentials: [0 2 2 ... 1 0 0]
[09/23/2018 20:25:43 PM] Reduced cost: [2 3 3 ... 2 2 2]
[09/23/2018 20:25:46 PM] P5: [ 392035 3845794 3461499 3461500 5529578 3490894 3490892 3218267] [ -1 123 123 602 599 599 602 189], (c, bnck, f): (11.63, 0.07, 0.01), time: 3.14s
[09/23/2018 20:25:46 PM] Found: [0 1 1 ... 1 0 0], dist: [2147483647          0          0 ...          0          8          8]
[09/23/2018 20:25:47 PM] Time for cost mtx: 1.00s
[09/23/2018 20:25:48 PM] Initial reduced cost: [2 3 3 ... 2 2 2]
[09/23/2018 20:25:48 PM] P1: [ 482030 2364618] [ -1 189], (c, bnck, f): (0.00, 0.07, 0.07), time: 0.17s
[09/23/2018 20:25:48 PM] Found: [0 0 0 ... 0 0 0], dist: [2147483647 2147483647 2147483647 ... 2147483647 2147483647 2147483647]
[09/23/2018 20:25:48 PM] Updated potentials: [0 0 0 ... 0 0 0]
[09/23/2018 20:25:48 PM] Reduced cost: [2 3 3 ... 2 2 2]
[09/23/2018 20:25:48 PM] P2: [ 482030  482031 2364618] [ -1 602 599], (c, bnck, f): (1.10, 0.14, 0.07), time: 0.56s
[09/23/2018 20:25:48 PM] Found: [0 0 0 ... 0 0 0], dist: [2147483647 2147483647 2147483647 ... 2147483647 2147483647 2147483647]
[09/23/2018 20:25:48 PM] Updated potentials: [0 0 0 ... 0 0 0]
[09/23/2018 20:25:49 PM] Reduced cost: [2 3 3 ... 2 2 2]
[09/23/2018 20:25:49 PM] P3: [ 482030 3889144 2654787 2654789 2364618] [ -1 123 123 602 599], (c, bnck, f): (5.78, 0.14, 0.02), time: 0.52s
[09/23/2018 20:25:49 PM] Found: [0 0 0 ... 0 0 0], dist: [2147483647 2147483647 2147483647 ... 2147483647 2147483647 2147483647]
[09/23/2018 20:25:49 PM] Updated potentials: [0 0 0 ... 0 0 0]
[09/23/2018 20:25:50 PM] Reduced cost: [2 3 3 ... 2 2 2]
[09/23/2018 20:25:50 PM] P4: [ 482030  482032 5237575 4404223 4404219 2364618] [ -1 602 599 599 602 189], (c, bnck, f): (7.17, 0.07, 0.01), time: 0.76s
[09/23/2018 20:25:50 PM] Found: [0 0 0 ... 0 0 0], dist: [2147483647 2147483647 2147483647 ... 2147483647 2147483647 2147483647]
[09/23/2018 20:25:50 PM] Updated potentials: [0 0 0 ... 0 0 0]
[09/23/2018 20:25:50 PM] Reduced cost: [2 3 3 ... 2 2 2]
[09/23/2018 20:25:51 PM] P5: [ 482030 3678471 2649399 2649402 2364618] [ -1  65  65 602 599], (c, bnck, f): (8.51, 0.09, 0.01), time: 0.87s
[09/23/2018 20:25:51 PM] Found: [0 0 0 ... 0 0 0], dist: [2147483647 2147483647 2147483647 ... 2147483647 2147483647 2147483647]
[09/23/2018 20:25:52 PM] Time for cost mtx: 1.00s
[09/23/2018 20:25:52 PM] Initial reduced cost: [2 3 3 ... 2 2 2]
[09/23/2018 20:25:53 PM] P1: [ 482030 3889144  644314 1487110] [ -1 123 123 189], (c, bnck, f): (3.99, 0.07, 0.01), time: 0.13s
[09/23/2018 20:25:53 PM] Found: [0 0 0 ... 0 0 0], dist: [2147483647 2147483647 2147483647 ... 2147483647 2147483647 2147483647]
[09/23/2018 20:25:53 PM] Updated potentials: [0 0 0 ... 0 0 0]
[09/23/2018 20:25:53 PM] Reduced cost: [2 3 3 ... 2 2 2]
[09/23/2018 20:25:53 PM] P2: [ 482030 3678471 2649399 1487110] [ -1  65  65 189], (c, bnck, f): (7.41, 0.07, 0.01), time: 0.85s
[09/23/2018 20:25:53 PM] Found: [0 0 0 ... 0 0 0], dist: [2147483647 2147483647 2147483647 ... 2147483647 2147483647 2147483647]
[09/23/2018 20:25:53 PM] Updated potentials: [0 0 0 ... 0 0 0]
[09/23/2018 20:25:54 PM] Reduced cost: [2 3 3 ... 2 2 2]
[09/23/2018 20:25:55 PM] P3: [ 482030 3678471 2649399 2649403 1487110] [ -1  65  65 602 599], (c, bnck, f): (8.51, 0.02, 0.00), time: 1.38s
[09/23/2018 20:25:55 PM] Found: [0 0 0 ... 0 0 0], dist: [2147483647 2147483647 2147483647 ... 2147483647 2147483647 2147483647]
[09/23/2018 20:25:55 PM] Updated potentials: [0 0 0 ... 0 0 0]
[09/23/2018 20:25:56 PM] Reduced cost: [2 3 3 ... 2 2 2]
[09/23/2018 20:25:56 PM] P4: [ 482030 4160079 5007901 1487110] [ -1 462 462 189], (c, bnck, f): (9.89, 0.07, 0.01), time: 1.19s
[09/23/2018 20:25:56 PM] Found: [0 0 0 ... 0 0 0], dist: [2147483647 2147483647 2147483647 ... 2147483647 2147483647 2147483647]
[09/23/2018 20:25:56 PM] Updated potentials: [0 0 0 ... 0 0 0]
[09/23/2018 20:25:57 PM] Reduced cost: [2 3 3 ... 2 2 2]
[09/23/2018 20:25:57 PM] P5: [ 482030 4160079 4799509 1487110] [ -1 462 462 189], (c, bnck, f): (9.57, 0.02, 0.00), time: 0.92s
[09/23/2018 20:25:57 PM] Found: [0 0 0 ... 0 0 0], dist: [2147483647 2147483647 2147483647 ... 2147483647 2147483647 2147483647]
[09/23/2018 20:25:59 PM] Time for cost mtx: 1.25s
[09/23/2018 20:25:59 PM] Initial reduced cost: [2 3 3 ... 2 2 2]
[09/23/2018 20:26:00 PM] P1: [ 482030  482032 5237575 1544654 1544644 1544650 1156689] [ -1 602 599 599 602 602 599], (c, bnck, f): (8.49, 0.10, 0.01), time: 0.48s
[09/23/2018 20:26:00 PM] Found: [0 0 0 ... 0 0 0], dist: [2147483647 2147483647 2147483647 ... 2147483647 2147483647 2147483647]
[09/23/2018 20:26:00 PM] Updated potentials: [0 0 0 ... 0 0 0]
[09/23/2018 20:26:01 PM] Reduced cost: [2 3 3 ... 2 2 2]
[09/23/2018 20:26:01 PM] P2: [ 482030 4160079 3841692 1156689] [ -1 462 462 189], (c, bnck, f): (9.79, 0.07, 0.01), time: 1.78s
[09/23/2018 20:26:01 PM] Found: [0 0 0 ... 0 0 0], dist: [2147483647 2147483647 2147483647 ... 2147483647 2147483647 2147483647]
[09/23/2018 20:26:01 PM] Updated potentials: [0 0 0 ... 0 0 0]
[09/23/2018 20:26:02 PM] Reduced cost: [2 3 3 ... 2 2 2]
[09/23/2018 20:26:03 PM] P3: [ 482030 4160079 3562636 1156689] [ -1 462 462 189], (c, bnck, f): (9.89, 0.01, 0.00), time: 1.48s
[09/23/2018 20:26:03 PM] Found: [0 0 0 ... 0 0 0], dist: [2147483647 2147483647 2147483647 ... 2147483647 2147483647 2147483647]
[09/23/2018 20:26:03 PM] Updated potentials: [0 0 0 ... 0 0 0]
[09/23/2018 20:26:04 PM] Reduced cost: [2 3 3 ... 2 2 2]
[09/23/2018 20:26:04 PM] P4: [ 482030 2364618 4422866 4422870 1156689] [ -1 189 189 602 599], (c, bnck, f): (9.59, 0.07, 0.01), time: 1.40s
[09/23/2018 20:26:04 PM] Found: [0 0 0 ... 0 0 0], dist: [2147483647 2147483647 2147483647 ... 2147483647 2147483647 2147483647]
[09/23/2018 20:26:04 PM] Updated potentials: [0 0 0 ... 0 0 0]
[09/23/2018 20:26:05 PM] Reduced cost: [2 3 3 ... 2 2 2]
[09/23/2018 20:26:06 PM] P5: [ 482030      78 3423590 1156689] [ -1 660 660 189], (c, bnck, f): (10.71, 0.06, 0.00), time: 1.62s
[09/23/2018 20:26:06 PM] Found: [0 0 0 ... 1 0 0], dist: [2147483647 2147483647 2147483647 ...          1 2147483647 2147483647]
[09/23/2018 20:26:08 PM] Time for cost mtx: 1.05s
[09/23/2018 20:26:08 PM] Initial reduced cost: [2 3 3 ... 2 2 2]
[09/23/2018 20:26:08 PM] P1: [ 482030 2364618 4012927 3516612] [ -1 189 189 599], (c, bnck, f): (8.49, 0.07, 0.01), time: 0.39s
[09/23/2018 20:26:08 PM] Found: [0 0 0 ... 0 0 0], dist: [2147483647 2147483647 2147483647 ... 2147483647 2147483647 2147483647]
[09/23/2018 20:26:08 PM] Updated potentials: [0 0 0 ... 0 0 0]
[09/23/2018 20:26:09 PM] Reduced cost: [2 3 3 ... 2 2 2]
[09/23/2018 20:26:10 PM] P2: [ 482030 4160079 5248379 3516612] [ -1 462 462 599], (c, bnck, f): (9.69, 0.08, 0.01), time: 1.38s
[09/23/2018 20:26:10 PM] Found: [0 0 0 ... 0 0 0], dist: [2147483647 2147483647 2147483647 ... 2147483647 2147483647 2147483647]
[09/23/2018 20:26:10 PM] Updated potentials: [0 0 0 ... 0 0 0]
[09/23/2018 20:26:11 PM] Reduced cost: [2 3 3 ... 2 2 2]
[09/23/2018 20:26:11 PM] P3: [ 482030  482031 2364618 4012927 3516612] [ -1 602 599 189 599], (c, bnck, f): (9.59, 0.08, 0.01), time: 1.11s
[09/23/2018 20:26:11 PM] Found: [0 0 0 ... 0 0 0], dist: [2147483647 2147483647 2147483647 ... 2147483647 2147483647 2147483647]
[09/23/2018 20:26:11 PM] Updated potentials: [0 0 0 ... 0 0 0]
[09/23/2018 20:26:12 PM] Reduced cost: [2 3 3 ... 2 2 2]
[09/23/2018 20:26:12 PM] P4: [ 482030 3678471 1304438 1304442 3516612] [ -1  65  65 602 599], (c, bnck, f): (9.21, 0.09, 0.01), time: 1.30s
[09/23/2018 20:26:12 PM] Found: [0 0 0 ... 0 0 0], dist: [2147483647 2147483647 2147483647 ... 2147483647 2147483647 2147483647]
[09/23/2018 20:26:12 PM] Updated potentials: [0 0 0 ... 0 0 0]
[09/23/2018 20:26:13 PM] Reduced cost: [2 3 3 ... 2 2 2]
[09/23/2018 20:26:13 PM] P5: [ 482030  482033 4419353 2027755 2027752 3516612] [ -1 602 599 599 602 189], (c, bnck, f): (9.62, 0.08, 0.01), time: 1.23s
[09/23/2018 20:26:13 PM] Found: [0 0 0 ... 1 0 0], dist: [2147483647 2147483647 2147483647 ...          1 2147483647 2147483647]
[09/23/2018 20:26:15 PM] Time for cost mtx: 1.04s
[09/23/2018 20:26:15 PM] Initial reduced cost: [2 3 3 ... 2 2 2]
[09/23/2018 20:26:15 PM] P1: [ 494082 4119746] [ -1 189], (c, bnck, f): (0.00, 0.07, 0.07), time: 0.12s
[09/23/2018 20:26:15 PM] Found: [0 0 0 ... 0 0 0], dist: [2147483647 2147483647 2147483647 ... 2147483647 2147483647 2147483647]
[09/23/2018 20:26:16 PM] Updated potentials: [0 0 0 ... 0 0 0]
[09/23/2018 20:26:16 PM] Reduced cost: [2 3 3 ... 2 2 2]
[09/23/2018 20:26:16 PM] P2: [ 494082  494083 4119746] [ -1 602 599], (c, bnck, f): (1.10, 0.14, 0.07), time: 0.58s
[09/23/2018 20:26:16 PM] Found: [0 0 0 ... 0 0 0], dist: [2147483647 2147483647 2147483647 ... 2147483647 2147483647 2147483647]
[09/23/2018 20:26:16 PM] Updated potentials: [0 0 0 ... 0 0 0]
[09/23/2018 20:26:16 PM] Reduced cost: [2 3 3 ... 2 2 2]
[09/23/2018 20:26:17 PM] P3: [ 494082 3889272 4986804 4119746] [ -1 123 123 189], (c, bnck, f): (6.49, 0.07, 0.01), time: 0.67s
[09/23/2018 20:26:17 PM] Found: [0 0 0 ... 0 0 0], dist: [2147483647 2147483647 2147483647 ... 2147483647 2147483647 2147483647]
[09/23/2018 20:26:17 PM] Updated potentials: [0 0 0 ... 0 0 0]
[09/23/2018 20:26:18 PM] Reduced cost: [2 3 3 ... 2 2 2]
[09/23/2018 20:26:18 PM] P4: [ 494082 3889272 4746454 4746455 4119746] [ -1 123 123 602 599], (c, bnck, f): (7.15, 0.04, 0.00), time: 1.07s
[09/23/2018 20:26:18 PM] Found: [0 0 0 ... 0 0 0], dist: [2147483647 2147483647 2147483647 ... 2147483647 2147483647 2147483647]
[09/23/2018 20:26:18 PM] Updated potentials: [0 0 0 ... 0 0 0]
[09/23/2018 20:26:19 PM] Reduced cost: [2 3 3 ... 2 2 2]
[09/23/2018 20:26:20 PM] P5: [ 494082      78  852582 4119746] [ -1 660 660 189], (c, bnck, f): (10.71, 0.06, 0.00), time: 2.54s
[09/23/2018 20:26:20 PM] Found: [1 1 1 ... 0 0 0], dist: [         2          3          3 ... 2147483647 2147483647 2147483647]
[09/23/2018 20:26:22 PM] Time for cost mtx: 1.02s
[09/23/2018 20:26:22 PM] Initial reduced cost: [2 3 3 ... 2 2 2]
[09/23/2018 20:26:23 PM] P1: [ 494082 3889272 5456200 2450828] [ -1 123 123 189], (c, bnck, f): (6.42, 0.07, 0.01), time: 0.24s
[09/23/2018 20:26:23 PM] Found: [0 0 0 ... 0 0 0], dist: [2147483647 2147483647 2147483647 ... 2147483647 2147483647 2147483647]
[09/23/2018 20:26:23 PM] Updated potentials: [0 0 0 ... 0 0 0]
[09/23/2018 20:26:23 PM] Reduced cost: [2 3 3 ... 2 2 2]
[09/23/2018 20:26:24 PM] P2: [ 494082 3889272 5456200 5456201 2450828] [ -1 123 123 602 599], (c, bnck, f): (7.51, 0.03, 0.00), time: 1.37s
[09/23/2018 20:26:24 PM] Found: [0 0 0 ... 0 0 0], dist: [2147483647 2147483647 2147483647 ... 2147483647 2147483647 2147483647]
[09/23/2018 20:26:24 PM] Updated potentials: [0 0 0 ... 0 0 0]
[09/23/2018 20:26:25 PM] Reduced cost: [2 3 3 ... 2 2 2]
[09/23/2018 20:26:26 PM] P3: [ 494082 4119746 4371078 4371080 2450828] [ -1 189 189 602 599], (c, bnck, f): (9.77, 0.07, 0.01), time: 1.79s
[09/23/2018 20:26:26 PM] Found: [1 0 0 ... 0 0 0], dist: [         1 2147483647 2147483647 ... 2147483647 2147483647 2147483647]
[09/23/2018 20:26:26 PM] Updated potentials: [0 0 0 ... 0 0 0]
[09/23/2018 20:26:26 PM] Reduced cost: [2 3 3 ... 2 2 2]
[09/23/2018 20:26:28 PM] P4: [ 494082  769522 5346126 2450828] [ -1 480 480 189], (c, bnck, f): (10.40, 0.05, 0.00), time: 2.45s
[09/23/2018 20:26:28 PM] Found: [1 1 1 ... 0 0 0], dist: [         0          1          1 ... 2147483647 2147483647 2147483647]
[09/23/2018 20:26:28 PM] Updated potentials: [1 0 0 ... 0 0 0]
[09/23/2018 20:26:29 PM] Reduced cost: [2 3 3 ... 2 2 2]
[09/23/2018 20:26:29 PM] P5: [ 494082  494083 4119746 4371078 4371080 2450828] [ -1 602 599 189 602 599], (c, bnck, f): (10.87, 0.07, 0.01), time: 1.01s
[09/23/2018 20:26:29 PM] Found: [0 0 0 ... 0 0 0], dist: [2147483647 2147483647 2147483647 ... 2147483647 2147483647 2147483647]
[09/23/2018 20:26:31 PM] Time for cost mtx: 0.99s
[09/23/2018 20:26:31 PM] Initial reduced cost: [2 3 3 ... 2 2 2]
[09/23/2018 20:26:31 PM] P1: [ 494082 3889272 1232606 1156689] [ -1 123 123 189], (c, bnck, f): (6.15, 0.07, 0.01), time: 0.19s
[09/23/2018 20:26:31 PM] Found: [0 0 0 ... 0 0 0], dist: [2147483647 2147483647 2147483647 ... 2147483647 2147483647 2147483647]
[09/23/2018 20:26:31 PM] Updated potentials: [0 0 0 ... 0 0 0]
[09/23/2018 20:26:32 PM] Reduced cost: [2 3 3 ... 2 2 2]
[09/23/2018 20:26:32 PM] P2: [ 494082 3889272 4823282 1156689] [ -1 123 123 189], (c, bnck, f): (6.74, 0.04, 0.00), time: 1.00s
[09/23/2018 20:26:32 PM] Found: [0 0 0 ... 0 0 0], dist: [2147483647 2147483647 2147483647 ... 2147483647 2147483647 2147483647]
[09/23/2018 20:26:32 PM] Updated potentials: [0 0 0 ... 0 0 0]
[09/23/2018 20:26:33 PM] Reduced cost: [2 3 3 ... 2 2 2]
[09/23/2018 20:26:34 PM] P3: [ 494082 4119746 4778257 1156689] [ -1 189 599 189], (c, bnck, f): (8.90, 0.07, 0.01), time: 1.94s
[09/23/2018 20:26:34 PM] Found: [1 0 0 ... 0 0 0], dist: [         2 2147483647 2147483647 ... 2147483647 2147483647 2147483647]
[09/23/2018 20:26:34 PM] Updated potentials: [0 0 0 ... 0 0 0]
[09/23/2018 20:26:35 PM] Reduced cost: [2 3 3 ... 2 2 2]
[09/23/2018 20:26:36 PM] P4: [ 494082 4119746 4371078 4371081 1156689] [ -1 189 189 602 599], (c, bnck, f): (9.77, 0.00, 0.00), time: 1.61s
[09/23/2018 20:26:36 PM] Found: [1 0 0 ... 0 0 0], dist: [         0 2147483647 2147483647 ... 2147483647 2147483647 2147483647]
[09/23/2018 20:26:36 PM] Updated potentials: [0 0 0 ... 0 0 0]
[09/23/2018 20:26:36 PM] Reduced cost: [2 3 3 ... 2 2 2]
[09/23/2018 20:26:38 PM] P5: [ 494082      78 3423590 1156689] [ -1 660 660 189], (c, bnck, f): (10.71, 0.06, 0.00), time: 2.26s
[09/23/2018 20:26:38 PM] Found: [1 1 1 ... 0 0 0], dist: [         0          1          1 ... 2147483647 2147483647 2147483647]
[09/23/2018 20:26:40 PM] Time for cost mtx: 1.00s
[09/23/2018 20:26:40 PM] Initial reduced cost: [2 3 3 ... 2 2 2]
[09/23/2018 20:26:40 PM] P1: [ 494082 3889272 2621025 3516612] [ -1 123 123 189], (c, bnck, f): (6.05, 0.08, 0.01), time: 0.20s
[09/23/2018 20:26:40 PM] Found: [0 0 0 ... 0 0 0], dist: [2147483647 2147483647 2147483647 ... 2147483647 2147483647 2147483647]
[09/23/2018 20:26:40 PM] Updated potentials: [0 0 0 ... 0 0 0]
[09/23/2018 20:26:41 PM] Reduced cost: [2 3 3 ... 2 2 2]
[09/23/2018 20:26:41 PM] P2: [ 494082 3889272 1287267 3516612] [ -1 123 123 189], (c, bnck, f): (6.62, 0.03, 0.00), time: 1.00s
[09/23/2018 20:26:41 PM] Found: [0 0 0 ... 0 0 0], dist: [2147483647 2147483647 2147483647 ... 2147483647 2147483647 2147483647]
[09/23/2018 20:26:41 PM] Updated potentials: [0 0 0 ... 0 0 0]
[09/23/2018 20:26:42 PM] Reduced cost: [2 3 3 ... 2 2 2]
[09/23/2018 20:26:43 PM] P3: [ 494082 4119746 4012931 4012927 3516612] [ -1 189 599 602 599], (c, bnck, f): (9.59, 0.07, 0.01), time: 1.81s
[09/23/2018 20:26:43 PM] Found: [1 0 0 ... 0 0 0], dist: [         2 2147483647 2147483647 ... 2147483647 2147483647 2147483647]
[09/23/2018 20:26:43 PM] Updated potentials: [0 0 0 ... 0 0 0]
[09/23/2018 20:26:44 PM] Reduced cost: [2 3 3 ... 2 2 2]
[09/23/2018 20:26:46 PM] P4: [ 494082  769522 5457775 3516612] [ -1 480 480 189], (c, bnck, f): (10.30, 0.05, 0.00), time: 2.90s
[09/23/2018 20:26:46 PM] Found: [1 1 1 ... 0 0 0], dist: [         0          1          1 ... 2147483647 2147483647 2147483647]
[09/23/2018 20:26:46 PM] Updated potentials: [1 0 0 ... 0 0 0]
[09/23/2018 20:26:47 PM] Reduced cost: [2 3 3 ... 2 2 2]
[09/23/2018 20:26:47 PM] P5: [ 494082  494083 4119746 4012931 4012927 3516612] [ -1 602 599 599 602 599], (c, bnck, f): (10.69, 0.04, 0.00), time: 1.32s
[09/23/2018 20:26:47 PM] Found: [0 0 0 ... 0 0 0], dist: [2147483647 2147483647 2147483647 ... 2147483647 2147483647 2147483647]
[09/23/2018 20:26:49 PM] Time for cost mtx: 1.03s
[09/23/2018 20:26:49 PM] Initial reduced cost: [2 3 3 ... 2 2 2]
[09/23/2018 20:26:49 PM] P1: [ 846737 1321700  846745 3782014] [ -1  65  65 189], (c, bnck, f): (4.28, 0.07, 0.01), time: 0.15s
[09/23/2018 20:26:49 PM] Found: [0 0 0 ... 0 0 0], dist: [2147483647 2147483647 2147483647 ... 2147483647 2147483647 2147483647]
[09/23/2018 20:26:49 PM] Updated potentials: [0 0 0 ... 0 0 0]
[09/23/2018 20:26:50 PM] Reduced cost: [2 3 3 ... 2 2 2]
[09/23/2018 20:26:50 PM] P2: [ 846737 1321700  846745  846747 3782014] [ -1  65  65 602 599], (c, bnck, f): (5.38, 0.08, 0.01), time: 0.91s
[09/23/2018 20:26:50 PM] Found: [0 0 0 ... 0 0 0], dist: [2147483647 2147483647 2147483647 ... 2147483647 2147483647 2147483647]
[09/23/2018 20:26:50 PM] Updated potentials: [0 0 0 ... 0 0 0]
[09/23/2018 20:26:51 PM] Reduced cost: [2 3 3 ... 2 2 2]
[09/23/2018 20:26:54 PM] P3: [ 846737  769522 5528006 3782014] [ -1 480 480 189], (c, bnck, f): (10.04, 0.05, 0.00), time: 3.49s
[09/23/2018 20:26:54 PM] Found: [1 1 1 ... 1 0 0], dist: [ 4  5  5 ...  5 14 14]
[09/23/2018 20:26:54 PM] Updated potentials: [1 0 0 ... 0 0 0]
[09/23/2018 20:26:54 PM] Reduced cost: [2 3 3 ... 2 2 2]
[09/23/2018 20:26:59 PM] P4: [ 846737 1243951 4108854 3782014] [ -1 480 480 189], (c, bnck, f): (10.99, 0.05, 0.00), time: 5.28s
[09/23/2018 20:26:59 PM] Found: [0 1 1 ... 1 0 0], dist: [2147483647          0          0 ...          0          9          9]
[09/23/2018 20:26:59 PM] Updated potentials: [1 1 1 ... 1 0 0]
[09/23/2018 20:27:00 PM] Reduced cost: [2 3 3 ... 2 2 2]
[09/23/2018 20:27:08 PM] P5: [ 846737 4163397  939535 3782014] [ -1 480 480 189], (c, bnck, f): (12.83, 0.04, 0.00), time: 9.38s
[09/23/2018 20:27:08 PM] Found: [0 1 1 ... 1 0 0], dist: [2147483647          0          0 ...          0          8          8]
[09/23/2018 20:27:10 PM] Time for cost mtx: 1.46s
[09/23/2018 20:27:11 PM] Initial reduced cost: [2 3 3 ... 2 2 2]
[09/23/2018 20:27:17 PM] P1: [ 846737 1321700  846745 4196744  949061  949063 4525720] [ -1  65  65 123 123 602 599], (c, bnck, f): (10.35, 0.13, 0.01), time: 5.52s
[09/23/2018 20:27:17 PM] Found: [1 1 1 ... 1 0 0], dist: [15 16 16 ... 16 25 25]
[09/23/2018 20:27:17 PM] Updated potentials: [2 1 1 ... 1 0 0]
[09/23/2018 20:27:17 PM] Reduced cost: [2 3 3 ... 2 2 2]
[09/23/2018 20:27:21 PM] P2: [ 846737  769522 4553166 4525720] [ -1 480 480 189], (c, bnck, f): (10.40, 0.05, 0.00), time: 4.11s
[09/23/2018 20:27:21 PM] Found: [1 0 0 ... 0 0 0], dist: [         0 2147483647 2147483647 ... 2147483647 2147483647 2147483647]
[09/23/2018 20:27:21 PM] Updated potentials: [2 1 1 ... 1 0 0]
[09/23/2018 20:27:22 PM] Reduced cost: [2 3 3 ... 2 2 2]
[09/23/2018 20:27:30 PM] P3: [ 846737 1243951 2721051 4525720] [ -1 480 480 189], (c, bnck, f): (10.90, 0.05, 0.00), time: 9.62s
[09/23/2018 20:27:30 PM] Found: [0 1 1 ... 1 0 0], dist: [2147483647          0          0 ...          0          8          8]
[09/23/2018 20:27:30 PM] Updated potentials: [2 2 2 ... 2 0 0]
[09/23/2018 20:27:31 PM] Reduced cost: [2 3 3 ... 2 2 2]
[09/23/2018 20:27:41 PM] P4: [ 846737 1321700  846745 3782014 2635350 2635347 4525720] [ -1  65  65 189 599 602 189], (c, bnck, f): (14.05, 0.02, 0.00), time: 10.80s
[09/23/2018 20:27:41 PM] Found: [0 1 1 ... 1 0 0], dist: [2147483647          0          0 ...          0          7          7]
[09/23/2018 20:27:41 PM] Updated potentials: [2 4 4 ... 4 0 0]
[09/23/2018 20:27:42 PM] Reduced cost: [2 3 3 ... 4 4 4]
[09/23/2018 20:27:52 PM] P5: [ 846737  846744     703 5675876 4525720] [ -1 602 660 660 599], (c, bnck, f): (13.62, 0.05, 0.00), time: 10.43s
[09/23/2018 20:27:52 PM] Found: [0 1 1 ... 1 0 0], dist: [2147483647          0          0 ...          0          5          5]
[09/23/2018 20:27:53 PM] Time for cost mtx: 1.01s
[09/23/2018 20:27:53 PM] Initial reduced cost: [2 3 3 ... 2 2 2]
[09/23/2018 20:27:56 PM] P1: [ 846737 1321700  846745 4196744  949061 4628461] [ -1  65  65 123 123 189], (c, bnck, f): (9.25, 0.07, 0.01), time: 2.27s
[09/23/2018 20:27:56 PM] Found: [1 0 0 ... 0 0 0], dist: [        15 2147483647 2147483647 ... 2147483647 2147483647 2147483647]
[09/23/2018 20:27:56 PM] Updated potentials: [0 0 0 ... 0 0 0]
[09/23/2018 20:27:57 PM] Reduced cost: [2 3 3 ... 2 2 2]
[09/23/2018 20:28:00 PM] P2: [ 846737  769522 5374190 4628461] [ -1 480 480 189], (c, bnck, f): (10.58, 0.05, 0.00), time: 4.69s
[09/23/2018 20:28:00 PM] Found: [1 0 0 ... 0 0 0], dist: [         0 2147483647 2147483647 ... 2147483647         10         10]
[09/23/2018 20:28:00 PM] Updated potentials: [1 0 0 ... 0 0 0]
[09/23/2018 20:28:01 PM] Reduced cost: [2 3 3 ... 2 2 2]
[09/23/2018 20:28:04 PM] P3: [ 846737 1321700  846745 4196744 2712954 2712957 4628461] [ -1  65  65 123 123 602 599], (c, bnck, f): (10.35, 0.06, 0.01), time: 3.97s
[09/23/2018 20:28:04 PM] Found: [0 1 1 ... 0 0 0], dist: [2147483647          0          0 ... 2147483647 2147483647 2147483647]
[09/23/2018 20:28:04 PM] Updated potentials: [1 0 0 ... 0 0 0]
[09/23/2018 20:28:05 PM] Reduced cost: [2 3 3 ... 2 2 2]
[09/23/2018 20:28:10 PM] P4: [ 846737 1243951 3736393 4628461] [ -1 480 480 189], (c, bnck, f): (10.99, 0.05, 0.00), time: 5.69s
[09/23/2018 20:28:10 PM] Found: [0 1 1 ... 1 0 0], dist: [2147483647          0          0 ...          0          9          9]
[09/23/2018 20:28:10 PM] Updated potentials: [1 1 1 ... 1 0 0]
[09/23/2018 20:28:11 PM] Reduced cost: [2 3 3 ... 2 2 2]
[09/23/2018 20:28:21 PM] P5: [ 846737 4163397 2543919 4628461] [ -1 480 480 189], (c, bnck, f): (12.71, 0.04, 0.00), time: 10.59s
[09/23/2018 20:28:21 PM] Found: [0 1 1 ... 1 0 0], dist: [2147483647          0          0 ...          0          8          8]
[09/23/2018 20:28:23 PM] Time for cost mtx: 1.41s
[09/23/2018 20:28:24 PM] Initial reduced cost: [2 3 3 ... 2 2 2]
[09/23/2018 20:28:27 PM] P1: [ 846737  769522 5492355 4567127] [ -1 480 480 189], (c, bnck, f): (10.18, 0.05, 0.00), time: 3.06s
[09/23/2018 20:28:27 PM] Found: [1 1 1 ... 1 0 0], dist: [15 16 16 ... 16 25 25]
[09/23/2018 20:28:27 PM] Updated potentials: [1 0 0 ... 0 0 0]
[09/23/2018 20:28:28 PM] Reduced cost: [2 3 3 ... 2 2 2]
[09/23/2018 20:28:32 PM] P2: [ 846737 1243951 2155641 4567127] [ -1 480 480 121], (c, bnck, f): (10.90, 0.05, 0.00), time: 5.39s
[09/23/2018 20:28:32 PM] Found: [0 1 1 ... 1 0 0], dist: [2147483647          0          0 ...          0          9          9]
[09/23/2018 20:28:32 PM] Updated potentials: [1 1 1 ... 1 0 0]
[09/23/2018 20:28:33 PM] Reduced cost: [2 3 3 ... 2 2 2]
[09/23/2018 20:28:40 PM] P3: [ 846737 1321700  846745 3782014 5525545 5525542 4567127] [ -1  65  65 189 599 602 189], (c, bnck, f): (14.34, 0.07, 0.00), time: 8.29s
[09/23/2018 20:28:40 PM] Found: [0 1 1 ... 1 0 0], dist: [2147483647          0          0 ...          0          8          8]
[09/23/2018 20:28:40 PM] Updated potentials: [1 3 3 ... 3 0 0]
[09/23/2018 20:28:41 PM] Reduced cost: [2 3 3 ... 3 3 3]
[09/23/2018 20:28:50 PM] P4: [ 846737  846744     703 5678771 4567127] [ -1 602 660 660 599], (c, bnck, f): (13.62, 0.05, 0.00), time: 9.77s
[09/23/2018 20:28:50 PM] Found: [0 1 1 ... 1 0 0], dist: [2147483647          0          0 ...          0          6          6]
[09/23/2018 20:28:50 PM] Updated potentials: [1 4 4 ... 4 0 0]
[09/23/2018 20:28:51 PM] Reduced cost: [2 3 3 ... 4 4 4]
[09/23/2018 20:28:58 PM] P5: [ 846737 1321700  846745  846747 3782014 5525545 5525542 4567127] [ -1  65  65 602 599 599 602 189], (c, bnck, f): (15.44, 0.00, 0.00), time: 7.48s
[09/23/2018 20:28:58 PM] Found: [1 1 1 ... 0 0 0], dist: [         0          0          0 ... 2147483647          6          6]
[09/23/2018 20:28:59 PM] Time for cost mtx: 1.12s
[09/23/2018 20:29:00 PM] Initial reduced cost: [2 3 3 ... 2 2 2]
[09/23/2018 20:29:00 PM] P1: [851870 851874 917821] [ -1 602 599], (c, bnck, f): (1.10, 0.13, 0.06), time: 0.17s
[09/23/2018 20:29:00 PM] Found: [0 0 0 ... 0 0 0], dist: [2147483647 2147483647 2147483647 ... 2147483647 2147483647 2147483647]
[09/23/2018 20:29:00 PM] Updated potentials: [0 0 0 ... 0 0 0]
[09/23/2018 20:29:00 PM] Reduced cost: [2 3 3 ... 2 2 2]
[09/23/2018 20:29:01 PM] P2: [ 851870 4568464 3906860  917821] [ -1 123 123 189], (c, bnck, f): (5.61, 0.07, 0.01), time: 0.69s
[09/23/2018 20:29:01 PM] Found: [0 0 0 ... 0 0 0], dist: [2147483647 2147483647 2147483647 ... 2147483647 2147483647 2147483647]
[09/23/2018 20:29:01 PM] Updated potentials: [0 0 0 ... 0 0 0]
[09/23/2018 20:29:01 PM] Reduced cost: [2 3 3 ... 2 2 2]
[09/23/2018 20:29:01 PM] P3: [ 851870 4568464 2847348  917821] [ -1 123 123 189], (c, bnck, f): (5.86, 0.04, 0.01), time: 0.91s
[09/23/2018 20:29:01 PM] Found: [0 0 0 ... 0 0 0], dist: [2147483647 2147483647 2147483647 ... 2147483647 2147483647 2147483647]
[09/23/2018 20:29:01 PM] Updated potentials: [0 0 0 ... 0 0 0]
[09/23/2018 20:29:02 PM] Reduced cost: [2 3 3 ... 2 2 2]
[09/23/2018 20:29:03 PM] P4: [ 851870 3636406 5187993 5188002  917821] [ -1  65  65 602 599], (c, bnck, f): (9.44, 0.08, 0.01), time: 2.02s
[09/23/2018 20:29:03 PM] Found: [0 0 0 ... 0 0 0], dist: [2147483647 2147483647 2147483647 ... 2147483647 2147483647 2147483647]
[09/23/2018 20:29:04 PM] Updated potentials: [0 0 0 ... 0 0 0]
[09/23/2018 20:29:04 PM] Reduced cost: [2 3 3 ... 2 2 2]
[09/23/2018 20:29:06 PM] P5: [ 851870      78 3796026  917821] [ -1 660 660 189], (c, bnck, f): (10.71, 0.06, 0.00), time: 2.22s
[09/23/2018 20:29:06 PM] Found: [1 1 1 ... 0 0 0], dist: [         0          1          1 ... 2147483647 2147483647 2147483647]
[09/23/2018 20:29:08 PM] Time for cost mtx: 1.11s
[09/23/2018 20:29:08 PM] Initial reduced cost: [2 3 3 ... 2 2 2]
[09/23/2018 20:29:08 PM] P1: [ 851870 4568464 4080867 4628461] [ -1 123 123 189], (c, bnck, f): (5.86, 0.07, 0.01), time: 0.21s
[09/23/2018 20:29:08 PM] Found: [0 0 0 ... 0 0 0], dist: [2147483647 2147483647 2147483647 ... 2147483647 2147483647 2147483647]
[09/23/2018 20:29:08 PM] Updated potentials: [0 0 0 ... 0 0 0]
[09/23/2018 20:29:09 PM] Reduced cost: [2 3 3 ... 2 2 2]
[09/23/2018 20:29:09 PM] P2: [ 851870 4568464 4109885 4109888 4628461] [ -1 123 123 602 599], (c, bnck, f): (6.84, 0.04, 0.00), time: 1.31s
[09/23/2018 20:29:09 PM] Found: [0 0 0 ... 0 0 0], dist: [2147483647 2147483647 2147483647 ... 2147483647 2147483647 2147483647]
[09/23/2018 20:29:09 PM] Updated potentials: [0 0 0 ... 0 0 0]
[09/23/2018 20:29:10 PM] Reduced cost: [2 3 3 ... 2 2 2]
[09/23/2018 20:29:11 PM] P3: [ 851870 3636406 4420981 4420984 4628461] [ -1  65  65 602 599], (c, bnck, f): (9.44, 0.08, 0.01), time: 1.81s
[09/23/2018 20:29:11 PM] Found: [1 0 0 ... 0 0 0], dist: [         2 2147483647 2147483647 ... 2147483647 2147483647 2147483647]
[09/23/2018 20:29:11 PM] Updated potentials: [0 0 0 ... 0 0 0]
[09/23/2018 20:29:12 PM] Reduced cost: [2 3 3 ... 2 2 2]
[09/23/2018 20:29:14 PM] P4: [ 851870      78  993592 4628461] [ -1 660 660 189], (c, bnck, f): (10.71, 0.06, 0.00), time: 2.58s
[09/23/2018 20:29:14 PM] Found: [1 1 1 ... 0 0 0], dist: [         0          1          1 ... 2147483647 2147483647 2147483647]
[09/23/2018 20:29:14 PM] Updated potentials: [1 0 0 ... 0 0 0]
[09/23/2018 20:29:15 PM] Reduced cost: [2 3 3 ... 2 2 2]
[09/23/2018 20:29:15 PM] P5: [ 851870  851874  917821 2731631 2731634 4628461] [ -1 602 599 189 602 599], (c, bnck, f): (11.05, 0.13, 0.01), time: 1.10s
[09/23/2018 20:29:15 PM] Found: [0 0 0 ... 0 0 0], dist: [2147483647 2147483647 2147483647 ... 2147483647 2147483647 2147483647]
[09/23/2018 20:29:17 PM] Time for cost mtx: 1.23s
[09/23/2018 20:29:17 PM] Initial reduced cost: [2 3 3 ... 2 2 2]
[09/23/2018 20:29:18 PM] P1: [ 851870 3636406 4446389 4119746] [ -1  65  65 189], (c, bnck, f): (8.28, 0.07, 0.01), time: 0.65s
[09/23/2018 20:29:18 PM] Found: [0 0 0 ... 0 0 0], dist: [2147483647 2147483647 2147483647 ... 2147483647 2147483647 2147483647]
[09/23/2018 20:29:18 PM] Updated potentials: [0 0 0 ... 0 0 0]
[09/23/2018 20:29:19 PM] Reduced cost: [2 3 3 ... 2 2 2]
[09/23/2018 20:29:21 PM] P2: [ 851870      78  852582 4119746] [ -1 660 660 189], (c, bnck, f): (10.71, 0.06, 0.00), time: 3.34s
[09/23/2018 20:29:21 PM] Found: [1 1 1 ... 1 0 0], dist: [         1          2          2 ...          2 2147483647 2147483647]
[09/23/2018 20:29:21 PM] Updated potentials: [1 0 0 ... 0 0 0]
[09/23/2018 20:29:22 PM] Reduced cost: [2 3 3 ... 2 2 2]
[09/23/2018 20:29:23 PM] P3: [ 851870  851874  917821 4274572 4274571 4119746] [ -1 602 599 599 602 189], (c, bnck, f): (11.13, 0.07, 0.01), time: 1.47s
[09/23/2018 20:29:23 PM] Found: [0 0 0 ... 0 0 0], dist: [2147483647 2147483647 2147483647 ... 2147483647 2147483647 2147483647]
[09/23/2018 20:29:23 PM] Updated potentials: [1 0 0 ... 0 0 0]
[09/23/2018 20:29:24 PM] Reduced cost: [2 3 3 ... 2 2 2]
[09/23/2018 20:29:24 PM] P4: [ 851870  851874  917821 3522861 3522857 4119746] [ -1 602 599 599 602 189], (c, bnck, f): (11.05, 0.06, 0.01), time: 1.50s
[09/23/2018 20:29:24 PM] Found: [0 0 0 ... 0 0 0], dist: [2147483647 2147483647 2147483647 ... 2147483647 2147483647 2147483647]
[09/23/2018 20:29:24 PM] Updated potentials: [1 0 0 ... 0 0 0]
[09/23/2018 20:29:25 PM] Reduced cost: [2 3 3 ... 2 2 2]
[09/23/2018 20:29:26 PM] P5: [ 851870  769522 5500703 4119746] [ -1 480 480 189], (c, bnck, f): (10.58, 0.05, 0.00), time: 1.56s
[09/23/2018 20:29:26 PM] Found: [1 0 0 ... 0 0 0], dist: [         0 2147483647 2147483647 ... 2147483647 2147483647 2147483647]
[09/23/2018 20:29:28 PM] Time for cost mtx: 1.47s
[09/23/2018 20:29:29 PM] Initial reduced cost: [2 3 3 ... 2 2 2]
[09/23/2018 20:29:31 PM] P1: [ 851870      78 5006223 2364618] [ -1 660 660 189], (c, bnck, f): (10.71, 0.06, 0.00), time: 2.13s
[09/23/2018 20:29:31 PM] Found: [1 1 1 ... 1 0 0], dist: [        15         16         16 ...         16 2147483647 2147483647]
[09/23/2018 20:29:31 PM] Updated potentials: [1 0 0 ... 0 0 0]
[09/23/2018 20:29:32 PM] Reduced cost: [2 3 3 ... 2 2 2]
[09/23/2018 20:29:32 PM] P2: [ 851870  851874  917821 1091317 1091320 2364618] [ -1 602 599 189 602 599], (c, bnck, f): (10.85, 0.13, 0.01), time: 1.29s
[09/23/2018 20:29:32 PM] Found: [0 0 0 ... 0 0 0], dist: [2147483647 2147483647 2147483647 ... 2147483647 2147483647 2147483647]
[09/23/2018 20:29:32 PM] Updated potentials: [1 0 0 ... 0 0 0]
[09/23/2018 20:29:33 PM] Reduced cost: [2 3 3 ... 2 2 2]
[09/23/2018 20:29:34 PM] P3: [ 851870  769522 5006432 2364618] [ -1 480 480 189], (c, bnck, f): (10.58, 0.05, 0.00), time: 1.33s
[09/23/2018 20:29:34 PM] Found: [1 0 0 ... 0 0 0], dist: [         0 2147483647 2147483647 ... 2147483647 2147483647 2147483647]
[09/23/2018 20:29:34 PM] Updated potentials: [1 0 0 ... 0 0 0]
[09/23/2018 20:29:34 PM] Reduced cost: [2 3 3 ... 2 2 2]
[09/23/2018 20:29:36 PM] P4: [ 851870  685564 2780445 2364618] [ -1 189 189 599], (c, bnck, f): (9.18, 0.07, 0.01), time: 2.05s
[09/23/2018 20:29:36 PM] Found: [0 1 1 ... 0 0 0], dist: [2147483647          0          0 ... 2147483647 2147483647 2147483647]
[09/23/2018 20:29:36 PM] Updated potentials: [1 0 0 ... 0 0 0]
[09/23/2018 20:29:36 PM] Reduced cost: [2 3 3 ... 2 2 2]
[09/23/2018 20:29:39 PM] P5: [ 851870 1243951 5168489 2364618] [ -1 480 480  54], (c, bnck, f): (10.90, 0.05, 0.00), time: 2.80s
[09/23/2018 20:29:39 PM] Found: [0 1 1 ... 1 0 0], dist: [2147483647          0          0 ...          0         10         10]
[09/23/2018 20:29:40 PM] Time for cost mtx: 0.98s
[09/23/2018 20:29:40 PM] Initial reduced cost: [2 3 3 ... 2 2 2]
[09/23/2018 20:29:41 PM] P1: [890343 685564] [ -1 189], (c, bnck, f): (0.00, 0.07, 0.07), time: 0.11s
[09/23/2018 20:29:41 PM] Found: [0 0 0 ... 0 0 0], dist: [2147483647 2147483647 2147483647 ... 2147483647 2147483647 2147483647]
[09/23/2018 20:29:41 PM] Updated potentials: [0 0 0 ... 0 0 0]
[09/23/2018 20:29:41 PM] Reduced cost: [2 3 3 ... 2 2 2]
[09/23/2018 20:29:41 PM] P2: [890343 890345 685564] [ -1 602 599], (c, bnck, f): (1.10, 0.13, 0.06), time: 0.55s
[09/23/2018 20:29:41 PM] Found: [0 0 0 ... 0 0 0], dist: [2147483647 2147483647 2147483647 ... 2147483647 2147483647 2147483647]
[09/23/2018 20:29:41 PM] Updated potentials: [0 0 0 ... 0 0 0]
[09/23/2018 20:29:41 PM] Reduced cost: [2 3 3 ... 2 2 2]
[09/23/2018 20:29:42 PM] P3: [ 890343 3038271 4479600  685564] [ -1 123 123 189], (c, bnck, f): (6.05, 0.07, 0.01), time: 0.58s
[09/23/2018 20:29:42 PM] Found: [0 0 0 ... 0 0 0], dist: [2147483647 2147483647 2147483647 ... 2147483647 2147483647 2147483647]
[09/23/2018 20:29:42 PM] Updated potentials: [0 0 0 ... 0 0 0]
[09/23/2018 20:29:42 PM] Reduced cost: [2 3 3 ... 2 2 2]
[09/23/2018 20:29:43 PM] P4: [ 890343 3038271 4081250  685564] [ -1 123 123 189], (c, bnck, f): (6.17, 0.04, 0.01), time: 0.98s
[09/23/2018 20:29:43 PM] Found: [0 0 0 ... 0 0 0], dist: [2147483647 2147483647 2147483647 ... 2147483647 2147483647 2147483647]
[09/23/2018 20:29:43 PM] Updated potentials: [0 0 0 ... 0 0 0]
[09/23/2018 20:29:43 PM] Reduced cost: [2 3 3 ... 2 2 2]
[09/23/2018 20:29:45 PM] P5: [ 890343      78 2252783  685564] [ -1 660 660 189], (c, bnck, f): (10.71, 0.06, 0.00), time: 2.59s
[09/23/2018 20:29:45 PM] Found: [1 1 1 ... 1 0 0], dist: [ 2  3  3 ...  4 13 13]
[09/23/2018 20:29:47 PM] Time for cost mtx: 0.97s
[09/23/2018 20:29:47 PM] Initial reduced cost: [2 3 3 ... 2 2 2]
[09/23/2018 20:29:47 PM] P1: [ 890343 3038271 2097918 4628461] [ -1 123 123 189], (c, bnck, f): (6.37, 0.07, 0.01), time: 0.19s
[09/23/2018 20:29:47 PM] Found: [0 0 0 ... 0 0 0], dist: [2147483647 2147483647 2147483647 ... 2147483647 2147483647 2147483647]
[09/23/2018 20:29:47 PM] Updated potentials: [0 0 0 ... 0 0 0]
[09/23/2018 20:29:48 PM] Reduced cost: [2 3 3 ... 2 2 2]
[09/23/2018 20:29:48 PM] P2: [ 890343 3038271 4449172 4449180 4628461] [ -1 123 123 602 599], (c, bnck, f): (7.78, 0.03, 0.00), time: 1.21s
[09/23/2018 20:29:48 PM] Found: [0 0 0 ... 0 0 0], dist: [2147483647 2147483647 2147483647 ... 2147483647 2147483647 2147483647]
[09/23/2018 20:29:48 PM] Updated potentials: [0 0 0 ... 0 0 0]
[09/23/2018 20:29:49 PM] Reduced cost: [2 3 3 ... 2 2 2]
[09/23/2018 20:29:51 PM] P3: [ 890343      78  993592 4628461] [ -1 660 660 189], (c, bnck, f): (10.71, 0.06, 0.00), time: 2.07s
[09/23/2018 20:29:51 PM] Found: [1 1 1 ... 0 0 0], dist: [         1          2          2 ... 2147483647 2147483647 2147483647]
[09/23/2018 20:29:51 PM] Updated potentials: [1 0 0 ... 0 0 0]
[09/23/2018 20:29:51 PM] Reduced cost: [2 3 3 ... 2 2 2]
[09/23/2018 20:29:52 PM] P4: [ 890343  769522 5374190 4628461] [ -1 480 480 189], (c, bnck, f): (10.58, 0.05, 0.00), time: 1.01s
[09/23/2018 20:29:52 PM] Found: [1 0 0 ... 0 0 0], dist: [         0 2147483647 2147483647 ... 2147483647 2147483647 2147483647]
[09/23/2018 20:29:52 PM] Updated potentials: [1 0 0 ... 0 0 0]
[09/23/2018 20:29:52 PM] Reduced cost: [2 3 3 ... 2 2 2]
[09/23/2018 20:29:53 PM] P5: [ 890343  685564 3116669 4628461] [ -1 189 236 236], (c, bnck, f): (9.32, 0.07, 0.01), time: 1.61s
[09/23/2018 20:29:53 PM] Found: [0 1 1 ... 0 0 0], dist: [2147483647          0          0 ... 2147483647 2147483647 2147483647]
[09/23/2018 20:29:55 PM] Time for cost mtx: 0.96s
[09/23/2018 20:29:55 PM] Initial reduced cost: [2 3 3 ... 2 2 2]
[09/23/2018 20:29:55 PM] P1: [ 890343 3038271 2099823 2099825 1156689] [ -1 123 123 602 599], (c, bnck, f): (7.27, 0.10, 0.01), time: 0.22s
[09/23/2018 20:29:55 PM] Found: [0 0 0 ... 0 0 0], dist: [2147483647 2147483647 2147483647 ... 2147483647 2147483647 2147483647]
[09/23/2018 20:29:55 PM] Updated potentials: [0 0 0 ... 0 0 0]
[09/23/2018 20:29:56 PM] Reduced cost: [2 3 3 ... 2 2 2]
[09/23/2018 20:29:57 PM] P2: [ 890343      78 3423590 1156689] [ -1 660 660 189], (c, bnck, f): (10.71, 0.06, 0.00), time: 2.12s
[09/23/2018 20:29:57 PM] Found: [1 1 1 ... 0 0 0], dist: [         2          3          3 ... 2147483647 2147483647 2147483647]
[09/23/2018 20:29:57 PM] Updated potentials: [1 0 0 ... 0 0 0]
[09/23/2018 20:29:58 PM] Reduced cost: [2 3 3 ... 2 2 2]
[09/23/2018 20:29:58 PM] P3: [ 890343  769522 5215463 1156689] [ -1 480 480 189], (c, bnck, f): (10.50, 0.05, 0.00), time: 1.06s
[09/23/2018 20:29:58 PM] Found: [1 0 0 ... 0 0 0], dist: [         0 2147483647 2147483647 ... 2147483647 2147483647 2147483647]
[09/23/2018 20:29:58 PM] Updated potentials: [1 0 0 ... 0 0 0]
[09/23/2018 20:29:59 PM] Reduced cost: [2 3 3 ... 2 2 2]
[09/23/2018 20:30:00 PM] P4: [ 890343  685564 4024777 1156689] [ -1 189 189 599], (c, bnck, f): (9.32, 0.07, 0.01), time: 1.68s
[09/23/2018 20:30:00 PM] Found: [0 1 1 ... 0 0 0], dist: [2147483647          0          0 ... 2147483647 2147483647 2147483647]
[09/23/2018 20:30:00 PM] Updated potentials: [1 0 0 ... 0 0 0]
[09/23/2018 20:30:01 PM] Reduced cost: [2 3 3 ... 2 2 2]
[09/23/2018 20:30:02 PM] P5: [ 890343  772673 5251107 5251108 1156689] [ -1  65  65 602 599], (c, bnck, f): (10.15, 0.07, 0.01), time: 1.73s
[09/23/2018 20:30:02 PM] Found: [0 1 1 ... 0 0 0], dist: [2147483647          0          0 ... 2147483647 2147483647 2147483647]
[09/23/2018 20:30:03 PM] Time for cost mtx: 0.96s
[09/23/2018 20:30:04 PM] Initial reduced cost: [2 3 3 ... 2 2 2]
[09/23/2018 20:30:04 PM] P1: [ 890343 3038271  931893 3218267] [ -1 123 123 599], (c, bnck, f): (6.68, 0.10, 0.01), time: 0.22s
[09/23/2018 20:30:04 PM] Found: [0 0 0 ... 0 0 0], dist: [2147483647 2147483647 2147483647 ... 2147483647 2147483647 2147483647]
[09/23/2018 20:30:04 PM] Updated potentials: [0 0 0 ... 0 0 0]
[09/23/2018 20:30:05 PM] Reduced cost: [2 3 3 ... 2 2 2]
[09/23/2018 20:30:05 PM] P2: [ 890343  772673 4404909 3218267] [ -1  65  65 189], (c, bnck, f): (8.51, 0.07, 0.01), time: 1.61s
[09/23/2018 20:30:05 PM] Found: [1 0 0 ... 0 0 0], dist: [         2 2147483647 2147483647 ... 2147483647 2147483647 2147483647]
[09/23/2018 20:30:06 PM] Updated potentials: [0 0 0 ... 0 0 0]
[09/23/2018 20:30:06 PM] Reduced cost: [2 3 3 ... 2 2 2]
[09/23/2018 20:30:07 PM] P3: [ 890343  772673 4404909 3218267] [ -1  65  65 599], (c, bnck, f): (8.51, 0.00, 0.00), time: 1.63s
[09/23/2018 20:30:07 PM] Found: [1 0 0 ... 0 0 0], dist: [         0 2147483647 2147483647 ... 2147483647 2147483647 2147483647]
[09/23/2018 20:30:07 PM] Updated potentials: [0 0 0 ... 0 0 0]
[09/23/2018 20:30:08 PM] Reduced cost: [2 3 3 ... 2 2 2]
[09/23/2018 20:30:09 PM] P4: [ 890343      78 2649831 3218267] [ -1 660 660 599], (c, bnck, f): (10.71, 0.06, 0.00), time: 2.16s
[09/23/2018 20:30:09 PM] Found: [1 1 1 ... 0 0 0], dist: [         0          1          1 ... 2147483647 2147483647 2147483647]
[09/23/2018 20:30:09 PM] Updated potentials: [1 0 0 ... 0 0 0]
[09/23/2018 20:30:10 PM] Reduced cost: [2 3 3 ... 2 2 2]
[09/23/2018 20:30:10 PM] P5: [ 890343  769522 5490309 3218267] [ -1 480 480 189], (c, bnck, f): (10.58, 0.05, 0.00), time: 1.04s
[09/23/2018 20:30:10 PM] Found: [1 0 0 ... 0 0 0], dist: [         0 2147483647 2147483647 ... 2147483647 2147483647 2147483647]
[09/23/2018 20:30:12 PM] Time for cost mtx: 1.12s
[09/23/2018 20:30:13 PM] Initial reduced cost: [2 3 3 ... 2 2 2]
[09/23/2018 20:30:13 PM] P1: [1029025 2364618] [ -1 189], (c, bnck, f): (0.00, 0.07, 0.07), time: 0.12s
[09/23/2018 20:30:13 PM] Found: [0 0 0 ... 0 0 0], dist: [2147483647 2147483647 2147483647 ... 2147483647 2147483647 2147483647]
[09/23/2018 20:30:13 PM] Updated potentials: [0 0 0 ... 0 0 0]
[09/23/2018 20:30:13 PM] Reduced cost: [2 3 3 ... 2 2 2]
[09/23/2018 20:30:13 PM] P2: [1029025 1029026 2364618] [ -1 602 599], (c, bnck, f): (1.10, 0.14, 0.07), time: 0.57s
[09/23/2018 20:30:13 PM] Found: [0 0 0 ... 0 0 0], dist: [2147483647 2147483647 2147483647 ... 2147483647 2147483647 2147483647]
[09/23/2018 20:30:13 PM] Updated potentials: [0 0 0 ... 0 0 0]
[09/23/2018 20:30:14 PM] Reduced cost: [2 3 3 ... 2 2 2]
[09/23/2018 20:30:15 PM] P3: [1029025      78 5006223 2364618] [ -1 660 660 189], (c, bnck, f): (10.71, 0.06, 0.00), time: 1.99s
[09/23/2018 20:30:15 PM] Found: [1 1 1 ... 0 0 0], dist: [         8          9          9 ... 2147483647 2147483647 2147483647]
[09/23/2018 20:30:15 PM] Updated potentials: [1 0 0 ... 0 0 0]
[09/23/2018 20:30:16 PM] Reduced cost: [2 3 3 ... 2 2 2]
[09/23/2018 20:30:16 PM] P4: [1029025  769522 5006432 2364618] [ -1 480 480 189], (c, bnck, f): (10.58, 0.05, 0.00), time: 1.10s
[09/23/2018 20:30:16 PM] Found: [1 0 0 ... 0 0 0], dist: [         0 2147483647 2147483647 ... 2147483647 2147483647 2147483647]
[09/23/2018 20:30:17 PM] Updated potentials: [1 0 0 ... 0 0 0]
[09/23/2018 20:30:17 PM] Reduced cost: [2 3 3 ... 2 2 2]
[09/23/2018 20:30:19 PM] P5: [1029025 3789441 1174663 4814949  857911 2364618] [ -1 123 122 122 123 189], (c, bnck, f): (12.03, 0.07, 0.01), time: 2.57s
[09/23/2018 20:30:19 PM] Found: [0 1 1 ... 0 0 0], dist: [2147483647          0          0 ... 2147483647 2147483647 2147483647]
[09/23/2018 20:30:21 PM] Time for cost mtx: 1.11s
[09/23/2018 20:30:21 PM] Initial reduced cost: [2 3 3 ... 2 2 2]
[09/23/2018 20:30:22 PM] P1: [1029025 2364618 2287973 4567127] [ -1 189 601 601], (c, bnck, f): (8.39, 0.07, 0.01), time: 0.57s
[09/23/2018 20:30:22 PM] Found: [0 0 0 ... 0 0 0], dist: [2147483647 2147483647 2147483647 ... 2147483647 2147483647 2147483647]
[09/23/2018 20:30:22 PM] Updated potentials: [0 0 0 ... 0 0 0]
[09/23/2018 20:30:23 PM] Reduced cost: [2 3 3 ... 2 2 2]
[09/23/2018 20:30:24 PM] P2: [1029025 1029026 2364618 2287973 4567127] [ -1 602 599 601 601], (c, bnck, f): (9.49, 0.03, 0.00), time: 2.03s
[09/23/2018 20:30:24 PM] Found: [1 0 0 ... 0 0 0], dist: [         1 2147483647 2147483647 ... 2147483647 2147483647 2147483647]
[09/23/2018 20:30:24 PM] Updated potentials: [0 0 0 ... 0 0 0]
[09/23/2018 20:30:25 PM] Reduced cost: [2 3 3 ... 2 2 2]
[09/23/2018 20:30:25 PM] P3: [1029025 1029026 2364618 5168489 4567127] [ -1 602 599  54  54], (c, bnck, f): (9.59, 0.08, 0.01), time: 1.16s
[09/23/2018 20:30:25 PM] Found: [0 0 0 ... 0 0 0], dist: [2147483647 2147483647 2147483647 ... 2147483647 2147483647 2147483647]
[09/23/2018 20:30:25 PM] Updated potentials: [0 0 0 ... 0 0 0]
[09/23/2018 20:30:26 PM] Reduced cost: [2 3 3 ... 2 2 2]
[09/23/2018 20:30:28 PM] P4: [1029025 1029026 2364618 4397544 4397548 4567127] [ -1 602 599 189 602 599], (c, bnck, f): (10.79, 0.03, 0.00), time: 2.55s
[09/23/2018 20:30:28 PM] Found: [1 1 1 ... 0 0 0], dist: [         0          1          1 ... 2147483647 2147483647 2147483647]
[09/23/2018 20:30:28 PM] Updated potentials: [1 0 0 ... 0 0 0]
[09/23/2018 20:30:28 PM] Reduced cost: [2 3 3 ... 2 2 2]
[09/23/2018 20:30:29 PM] P5: [1029025  769522 5492355 4567127] [ -1 480 480 189], (c, bnck, f): (10.18, 0.05, 0.00), time: 1.36s
[09/23/2018 20:30:29 PM] Found: [1 0 0 ... 0 0 0], dist: [         0 2147483647 2147483647 ... 2147483647 2147483647 2147483647]
[09/23/2018 20:30:30 PM] Time for cost mtx: 1.00s
[09/23/2018 20:30:31 PM] Initial reduced cost: [2 3 3 ... 2 2 2]
[09/23/2018 20:30:31 PM] P1: [1029025 3789441 3562163 5452049] [ -1 123 123 189], (c, bnck, f): (4.74, 0.07, 0.01), time: 0.15s
[09/23/2018 20:30:31 PM] Found: [0 0 0 ... 0 0 0], dist: [2147483647 2147483647 2147483647 ... 2147483647 2147483647 2147483647]
[09/23/2018 20:30:31 PM] Updated potentials: [0 0 0 ... 0 0 0]
[09/23/2018 20:30:32 PM] Reduced cost: [2 3 3 ... 2 2 2]
[09/23/2018 20:30:32 PM] P2: [1029025 3789441  392261  392264 5452049] [ -1 123 123 602 599], (c, bnck, f): (6.44, 0.06, 0.01), time: 0.91s
[09/23/2018 20:30:32 PM] Found: [0 0 0 ... 0 0 0], dist: [2147483647 2147483647 2147483647 ... 2147483647 2147483647 2147483647]
[09/23/2018 20:30:32 PM] Updated potentials: [0 0 0 ... 0 0 0]
[09/23/2018 20:30:33 PM] Reduced cost: [2 3 3 ... 2 2 2]
[09/23/2018 20:30:34 PM] P3: [1029025 2364618 4828183 4828177 5452049] [ -1 189 599 602 189], (c, bnck, f): (9.77, 0.07, 0.01), time: 2.00s
[09/23/2018 20:30:34 PM] Found: [0 0 0 ... 0 0 0], dist: [2147483647 2147483647 2147483647 ... 2147483647 2147483647 2147483647]
[09/23/2018 20:30:34 PM] Updated potentials: [0 0 0 ... 0 0 0]
[09/23/2018 20:30:35 PM] Reduced cost: [2 3 3 ... 2 2 2]
[09/23/2018 20:30:36 PM] P4: [1029025 2364618 4278069 4278077 5452049] [ -1 189 189 602 599], (c, bnck, f): (9.77, 0.00, 0.00), time: 1.84s
[09/23/2018 20:30:36 PM] Found: [1 0 0 ... 0 0 0], dist: [         0 2147483647 2147483647 ... 2147483647 2147483647 2147483647]
[09/23/2018 20:30:36 PM] Updated potentials: [0 0 0 ... 0 0 0]
[09/23/2018 20:30:36 PM] Reduced cost: [2 3 3 ... 2 2 2]
[09/23/2018 20:30:38 PM] P5: [1029025  769522 5469125 5452049] [ -1 480 480 189], (c, bnck, f): (10.18, 0.05, 0.00), time: 2.19s
[09/23/2018 20:30:38 PM] Found: [1 1 1 ... 0 0 0], dist: [         0          1          1 ... 2147483647 2147483647 2147483647]
[09/23/2018 20:30:40 PM] Time for cost mtx: 1.18s
[09/23/2018 20:30:40 PM] Initial reduced cost: [2 3 3 ... 2 2 2]
[09/23/2018 20:30:40 PM] P1: [1029025 3789441  908505 3218267] [ -1 123 123 189], (c, bnck, f): (5.25, 0.07, 0.01), time: 0.22s
[09/23/2018 20:30:40 PM] Found: [0 0 0 ... 0 0 0], dist: [2147483647 2147483647 2147483647 ... 2147483647 2147483647 2147483647]
[09/23/2018 20:30:40 PM] Updated potentials: [0 0 0 ... 0 0 0]
[09/23/2018 20:30:41 PM] Reduced cost: [2 3 3 ... 2 2 2]
[09/23/2018 20:30:42 PM] P2: [1029025 3789441 1621906 1621908 3218267] [ -1 123 123 602 599], (c, bnck, f): (6.35, 0.06, 0.01), time: 1.15s
[09/23/2018 20:30:42 PM] Found: [0 0 0 ... 0 0 0], dist: [2147483647 2147483647 2147483647 ... 2147483647 2147483647 2147483647]
[09/23/2018 20:30:42 PM] Updated potentials: [0 0 0 ... 0 0 0]
[09/23/2018 20:30:42 PM] Reduced cost: [2 3 3 ... 2 2 2]
[09/23/2018 20:30:43 PM] P3: [1029025 2364618 4017598 3218267] [ -1 189 599 189], (c, bnck, f): (8.68, 0.07, 0.01), time: 1.19s
[09/23/2018 20:30:43 PM] Found: [0 0 0 ... 0 0 0], dist: [2147483647 2147483647 2147483647 ... 2147483647 2147483647 2147483647]
[09/23/2018 20:30:43 PM] Updated potentials: [0 0 0 ... 0 0 0]
[09/23/2018 20:30:44 PM] Reduced cost: [2 3 3 ... 2 2 2]
[09/23/2018 20:30:45 PM] P4: [1029025 2364618 4978964 4978963 3218267] [ -1 189 599 602 599], (c, bnck, f): (9.69, 0.00, 0.00), time: 2.00s
[09/23/2018 20:30:45 PM] Found: [0 0 0 ... 0 0 0], dist: [2147483647 2147483647 2147483647 ... 2147483647 2147483647 2147483647]
[09/23/2018 20:30:45 PM] Updated potentials: [0 0 0 ... 0 0 0]
[09/23/2018 20:30:45 PM] Reduced cost: [2 3 3 ... 2 2 2]
[09/23/2018 20:30:47 PM] P5: [1029025      78 2649831 3218267] [ -1 660 660 599], (c, bnck, f): (10.71, 0.06, 0.00), time: 2.20s
[09/23/2018 20:30:47 PM] Found: [1 1 1 ... 0 0 0], dist: [         0          1          1 ... 2147483647 2147483647 2147483647]
[09/23/2018 20:30:49 PM] Time for cost mtx: 1.09s
[09/23/2018 20:30:49 PM] Initial reduced cost: [2 3 3 ... 2 2 2]
[09/23/2018 20:30:49 PM] P1: [1397869 5305646] [ -1 189], (c, bnck, f): (0.00, 0.07, 0.07), time: 0.14s
[09/23/2018 20:30:49 PM] Found: [0 0 0 ... 0 0 0], dist: [2147483647 2147483647 2147483647 ... 2147483647 2147483647 2147483647]
[09/23/2018 20:30:49 PM] Updated potentials: [0 0 0 ... 0 0 0]
[09/23/2018 20:30:50 PM] Reduced cost: [2 3 3 ... 2 2 2]
[09/23/2018 20:30:50 PM] P2: [1397869 1397870 5305646] [ -1 602 599], (c, bnck, f): (1.10, 0.14, 0.07), time: 0.63s
[09/23/2018 20:30:50 PM] Found: [0 0 0 ... 0 0 0], dist: [2147483647 2147483647 2147483647 ... 2147483647 2147483647 2147483647]
[09/23/2018 20:30:50 PM] Updated potentials: [0 0 0 ... 0 0 0]
[09/23/2018 20:30:50 PM] Reduced cost: [2 3 3 ... 2 2 2]
[09/23/2018 20:30:50 PM] P3: [1397869 3229261 2128056 5305646] [ -1 123 123 189], (c, bnck, f): (6.75, 0.07, 0.01), time: 0.61s
[09/23/2018 20:30:50 PM] Found: [0 0 0 ... 0 0 0], dist: [2147483647 2147483647 2147483647 ... 2147483647         13         13]
[09/23/2018 20:30:50 PM] Updated potentials: [0 0 0 ... 0 0 0]
[09/23/2018 20:30:51 PM] Reduced cost: [2 3 3 ... 2 2 2]
[09/23/2018 20:30:51 PM] P4: [1397869 3229261 1848982 1848984 5305646] [ -1 123 123 602 599], (c, bnck, f): (8.02, 0.02, 0.00), time: 1.18s
[09/23/2018 20:30:51 PM] Found: [0 0 0 ... 0 0 0], dist: [2147483647 2147483647 2147483647 ... 2147483647          8          8]
[09/23/2018 20:30:52 PM] Updated potentials: [0 0 0 ... 0 0 0]
[09/23/2018 20:30:52 PM] Reduced cost: [2 3 3 ... 2 2 2]
[09/23/2018 20:30:54 PM] P5: [1397869  769522 5217715 5305646] [ -1 480 480 599], (c, bnck, f): (10.40, 0.05, 0.00), time: 2.17s
[09/23/2018 20:30:54 PM] Found: [1 1 1 ... 0 0 0], dist: [         1          2          2 ... 2147483647          6          6]
[09/23/2018 20:30:55 PM] Time for cost mtx: 1.05s
[09/23/2018 20:30:56 PM] Initial reduced cost: [2 3 3 ... 2 2 2]
[09/23/2018 20:30:56 PM] P1: [1397869 3229261  763783 4567127] [ -1 123 123 189], (c, bnck, f): (6.84, 0.07, 0.01), time: 0.20s
[09/23/2018 20:30:56 PM] Found: [0 0 0 ... 0 0 0], dist: [2147483647 2147483647 2147483647 ... 2147483647         20         20]
[09/23/2018 20:30:56 PM] Updated potentials: [0 0 0 ... 0 0 0]
[09/23/2018 20:30:57 PM] Reduced cost: [2 3 3 ... 2 2 2]
[09/23/2018 20:30:57 PM] P2: [1397869 3229261 4555361 4555364 4567127] [ -1 123 123 602 599], (c, bnck, f): (8.29, 0.02, 0.00), time: 1.29s
[09/23/2018 20:30:57 PM] Found: [0 0 0 ... 0 0 0], dist: [2147483647 2147483647 2147483647 ... 2147483647          8          8]
[09/23/2018 20:30:57 PM] Updated potentials: [0 0 0 ... 0 0 0]
[09/23/2018 20:30:58 PM] Reduced cost: [2 3 3 ... 2 2 2]
[09/23/2018 20:30:59 PM] P3: [1397869 5305646 4031185 4031187 4567127] [ -1 189 189 602 599], (c, bnck, f): (9.14, 0.07, 0.01), time: 1.98s
[09/23/2018 20:30:59 PM] Found: [0 0 0 ... 0 0 0], dist: [2147483647 2147483647 2147483647 ... 2147483647          6          6]
[09/23/2018 20:30:59 PM] Updated potentials: [0 0 0 ... 0 0 0]
[09/23/2018 20:31:00 PM] Reduced cost: [2 3 3 ... 2 2 2]
[09/23/2018 20:31:02 PM] P4: [1397869  769522 5492355 4567127] [ -1 480 480 189], (c, bnck, f): (10.18, 0.05, 0.00), time: 2.49s
[09/23/2018 20:31:02 PM] Found: [1 1 1 ... 0 0 0], dist: [         0          1          1 ... 2147483647          5          5]
[09/23/2018 20:31:02 PM] Updated potentials: [1 0 0 ... 0 0 0]
[09/23/2018 20:31:03 PM] Reduced cost: [2 3 3 ... 2 2 2]
[09/23/2018 20:31:03 PM] P5: [1397869 1397870 5305646 4031185 4031187 4567127] [ -1 602 599 189 602 599], (c, bnck, f): (10.24, 0.07, 0.01), time: 1.28s
[09/23/2018 20:31:03 PM] Found: [0 0 0 ... 0 0 0], dist: [2147483647 2147483647 2147483647 ... 2147483647 2147483647 2147483647]
[09/23/2018 20:31:04 PM] Time for cost mtx: 1.03s
[09/23/2018 20:31:05 PM] Initial reduced cost: [2 3 3 ... 2 2 2]
[09/23/2018 20:31:05 PM] P1: [1397869 3229261 2829669 3218267] [ -1 123 123 189], (c, bnck, f): (6.55, 0.07, 0.01), time: 0.20s
[09/23/2018 20:31:05 PM] Found: [0 0 0 ... 0 0 0], dist: [2147483647 2147483647 2147483647 ... 2147483647         20         20]
[09/23/2018 20:31:05 PM] Updated potentials: [0 0 0 ... 0 0 0]
[09/23/2018 20:31:06 PM] Reduced cost: [2 3 3 ... 2 2 2]
[09/23/2018 20:31:06 PM] P2: [1397869 3229261 2653368 3218267] [ -1 123 123 189], (c, bnck, f): (6.75, 0.03, 0.00), time: 0.98s
[09/23/2018 20:31:06 PM] Found: [0 0 0 ... 0 0 0], dist: [2147483647 2147483647 2147483647 ... 2147483647 2147483647 2147483647]
[09/23/2018 20:31:06 PM] Updated potentials: [0 0 0 ... 0 0 0]
[09/23/2018 20:31:07 PM] Reduced cost: [2 3 3 ... 2 2 2]
[09/23/2018 20:31:08 PM] P3: [1397869 5305646 4369630 4369626 3218267] [ -1 189 599 602 189], (c, bnck, f): (9.46, 0.07, 0.01), time: 1.63s
[09/23/2018 20:31:08 PM] Found: [0 0 0 ... 0 0 0], dist: [2147483647 2147483647 2147483647 ... 2147483647          8          8]
[09/23/2018 20:31:08 PM] Updated potentials: [0 0 0 ... 0 0 0]
[09/23/2018 20:31:09 PM] Reduced cost: [2 3 3 ... 2 2 2]
[09/23/2018 20:31:09 PM] P4: [1397869 5305646 2891271 2891274 3218267] [ -1 189 189 602 599], (c, bnck, f): (9.26, 0.00, 0.00), time: 1.80s
[09/23/2018 20:31:09 PM] Found: [1 0 0 ... 0 0 0], dist: [         0 2147483647 2147483647 ... 2147483647 2147483647 2147483647]
[09/23/2018 20:31:09 PM] Updated potentials: [0 0 0 ... 0 0 0]
[09/23/2018 20:31:10 PM] Reduced cost: [2 3 3 ... 2 2 2]
[09/23/2018 20:31:11 PM] P5: [1397869 3229234 1342678 3218267] [ -1  65  65 189], (c, bnck, f): (9.28, 0.06, 0.01), time: 1.84s
[09/23/2018 20:31:11 PM] Found: [1 0 0 ... 0 0 0], dist: [         0 2147483647 2147483647 ... 2147483647          5          5]
[09/23/2018 20:31:13 PM] Time for cost mtx: 0.97s
[09/23/2018 20:31:13 PM] Initial reduced cost: [2 3 3 ... 2 2 2]
[09/23/2018 20:31:14 PM] P1: [1397869 3229261 4078692 4525720] [ -1 123 123 189], (c, bnck, f): (6.84, 0.07, 0.01), time: 0.38s
[09/23/2018 20:31:14 PM] Found: [0 0 0 ... 0 0 0], dist: [2147483647 2147483647 2147483647 ... 2147483647         20         20]
[09/23/2018 20:31:14 PM] Updated potentials: [0 0 0 ... 0 0 0]
[09/23/2018 20:31:15 PM] Reduced cost: [2 3 3 ... 2 2 2]
[09/23/2018 20:31:15 PM] P2: [1397869 3229261 2522210 4525720] [ -1 123 123 189], (c, bnck, f): (6.15, 0.03, 0.00), time: 1.31s
[09/23/2018 20:31:15 PM] Found: [0 0 0 ... 0 0 0], dist: [2147483647 2147483647 2147483647 ... 2147483647 2147483647 2147483647]
[09/23/2018 20:31:15 PM] Updated potentials: [0 0 0 ... 0 0 0]
[09/23/2018 20:31:16 PM] Reduced cost: [2 3 3 ... 2 2 2]
[09/23/2018 20:31:18 PM] P3: [1397869 5305646 3566361 4525720] [ -1 189 599 189], (c, bnck, f): (8.53, 0.07, 0.01), time: 2.54s
[09/23/2018 20:31:18 PM] Found: [1 1 1 ... 0 0 0], dist: [         2          3          3 ... 2147483647          7          7]
[09/23/2018 20:31:18 PM] Updated potentials: [1 0 0 ... 0 0 0]
[09/23/2018 20:31:18 PM] Reduced cost: [2 3 3 ... 2 2 2]
[09/23/2018 20:31:20 PM] P4: [1397869 5305646 3000456 4525720] [ -1 189 189 599], (c, bnck, f): (8.53, 0.01, 0.00), time: 2.29s
[09/23/2018 20:31:20 PM] Found: [1 1 1 ... 0 0 0], dist: [         0          0          0 ... 2147483647 2147483647 2147483647]
[09/23/2018 20:31:20 PM] Updated potentials: [1 0 0 ... 0 0 0]
[09/23/2018 20:31:21 PM] Reduced cost: [2 3 3 ... 2 2 2]
[09/23/2018 20:31:22 PM] P5: [1397869 3229234 4274571 4525720] [ -1  65  65 599], (c, bnck, f): (9.68, 0.06, 0.01), time: 2.42s
[09/23/2018 20:31:22 PM] Found: [1 1 1 ... 0 0 0], dist: [         0          0          0 ... 2147483647          4          4]
[09/23/2018 20:31:24 PM] Time for cost mtx: 1.02s
[09/23/2018 20:31:24 PM] Initial reduced cost: [2 3 3 ... 2 2 2]
[09/23/2018 20:31:24 PM] P1: [1431155 1431156 4567127] [ -1 602 599], (c, bnck, f): (1.10, 0.14, 0.07), time: 0.17s
[09/23/2018 20:31:24 PM] Found: [0 0 0 ... 0 0 0], dist: [2147483647 2147483647 2147483647 ... 2147483647 2147483647 2147483647]
[09/23/2018 20:31:24 PM] Updated potentials: [0 0 0 ... 0 0 0]
[09/23/2018 20:31:25 PM] Reduced cost: [2 3 3 ... 2 2 2]
[09/23/2018 20:31:27 PM] P2: [1431155 3748948 1625266 5378484  479273  479275 4567127] [ -1 123 123 123 123 602 599], (c, bnck, f): (11.02, 0.12, 0.01), time: 2.97s
[09/23/2018 20:31:27 PM] Found: [1 1 1 ... 0 0 0], dist: [         8          9          9 ... 2147483647         18         18]
[09/23/2018 20:31:27 PM] Updated potentials: [1 0 0 ... 0 0 0]
[09/23/2018 20:31:28 PM] Reduced cost: [2 3 3 ... 2 2 2]
[09/23/2018 20:31:29 PM] P3: [1431155  769522 5492355 4567127] [ -1 480 480 189], (c, bnck, f): (10.18, 0.05, 0.00), time: 1.52s
[09/23/2018 20:31:29 PM] Found: [1 0 0 ... 0 0 0], dist: [         0 2147483647 2147483647 ... 2147483647 2147483647 2147483647]
[09/23/2018 20:31:29 PM] Updated potentials: [1 0 0 ... 0 0 0]
[09/23/2018 20:31:30 PM] Reduced cost: [2 3 3 ... 2 2 2]
[09/23/2018 20:31:33 PM] P4: [1431155      78 5651172 4567127] [ -1 660 660 189], (c, bnck, f): (11.73, 0.06, 0.00), time: 3.93s
[09/23/2018 20:31:33 PM] Found: [0 1 1 ... 1 0 0], dist: [2147483647          0          0 ...          1          9          9]
[09/23/2018 20:31:33 PM] Updated potentials: [1 1 1 ... 0 0 0]
[09/23/2018 20:31:34 PM] Reduced cost: [2 3 3 ... 3 3 3]
[09/23/2018 20:31:35 PM] P5: [1431155 3748948 1399367 4145653 1442688 4567127] [ -1 123 123 123 123 189], (c, bnck, f): (10.66, 0.06, 0.00), time: 2.69s
[09/23/2018 20:31:35 PM] Found: [0 1 1 ... 1 0 0], dist: [2147483647          0          0 ...          0          8          8]
[09/23/2018 20:31:37 PM] Time for cost mtx: 1.30s
[09/23/2018 20:31:38 PM] Initial reduced cost: [2 3 3 ... 2 2 2]
[09/23/2018 20:31:40 PM] P1: [1431155      78 4433675 3782014] [ -1 660 660 189], (c, bnck, f): (10.71, 0.06, 0.00), time: 1.83s
[09/23/2018 20:31:40 PM] Found: [1 1 1 ... 0 0 0], dist: [        15         16         16 ... 2147483647         25         25]
[09/23/2018 20:31:40 PM] Updated potentials: [1 0 0 ... 0 0 0]
[09/23/2018 20:31:40 PM] Reduced cost: [2 3 3 ... 2 2 2]
[09/23/2018 20:31:41 PM] P2: [1431155 1431156 4567127 5525542 5525545 3782014] [ -1 602 599 189 602 599], (c, bnck, f): (10.79, 0.13, 0.01), time: 1.17s
[09/23/2018 20:31:41 PM] Found: [0 0 0 ... 0 0 0], dist: [2147483647 2147483647 2147483647 ... 2147483647 2147483647 2147483647]
[09/23/2018 20:31:41 PM] Updated potentials: [1 0 0 ... 0 0 0]
[09/23/2018 20:31:41 PM] Reduced cost: [2 3 3 ... 2 2 2]
[09/23/2018 20:31:42 PM] P3: [1431155 1431156 4567127 5215264 5215262 3782014] [ -1 602 599 599 602 189], (c, bnck, f): (10.61, 0.01, 0.00), time: 1.00s
[09/23/2018 20:31:42 PM] Found: [0 0 0 ... 0 0 0], dist: [2147483647 2147483647 2147483647 ... 2147483647 2147483647 2147483647]
[09/23/2018 20:31:42 PM] Updated potentials: [1 0 0 ... 0 0 0]
[09/23/2018 20:31:42 PM] Reduced cost: [2 3 3 ... 2 2 2]
[09/23/2018 20:31:43 PM] P4: [1431155  769522 5528006 3782014] [ -1 480 480 189], (c, bnck, f): (10.04, 0.05, 0.00), time: 1.02s
[09/23/2018 20:31:43 PM] Found: [1 0 0 ... 0 0 0], dist: [         0 2147483647 2147483647 ... 2147483647 2147483647 2147483647]
[09/23/2018 20:31:43 PM] Updated potentials: [1 0 0 ... 0 0 0]
[09/23/2018 20:31:43 PM] Reduced cost: [2 3 3 ... 2 2 2]
[09/23/2018 20:31:46 PM] P5: [1431155 3748948 1399367 4145653 1132155 1132157 3782014] [ -1 123 123 123 123 602 599], (c, bnck, f): (11.65, 0.11, 0.01), time: 3.65s
[09/23/2018 20:31:46 PM] Found: [0 1 1 ... 1 0 0], dist: [2147483647          0          0 ...          1          9          9]
[09/23/2018 20:31:48 PM] Time for cost mtx: 0.99s
[09/23/2018 20:31:48 PM] Initial reduced cost: [2 3 3 ... 2 2 2]
[09/23/2018 20:31:49 PM] P1: [1431155 1431156 4567127 3038845 1156689] [ -1 602 599 599 189], (c, bnck, f): (9.69, 0.07, 0.01), time: 1.15s
[09/23/2018 20:31:49 PM] Found: [1 0 0 ... 0 0 0], dist: [        15 2147483647 2147483647 ... 2147483647 2147483647 2147483647]
[09/23/2018 20:31:49 PM] Updated potentials: [0 0 0 ... 0 0 0]
[09/23/2018 20:31:50 PM] Reduced cost: [2 3 3 ... 2 2 2]
[09/23/2018 20:31:52 PM] P2: [1431155      78 3423590 1156689] [ -1 660 660 189], (c, bnck, f): (10.71, 0.06, 0.00), time: 2.65s
[09/23/2018 20:31:52 PM] Found: [1 1 1 ... 0 0 0], dist: [         0          1          1 ... 2147483647         10         10]
[09/23/2018 20:31:52 PM] Updated potentials: [1 0 0 ... 0 0 0]
[09/23/2018 20:31:53 PM] Reduced cost: [2 3 3 ... 2 2 2]
[09/23/2018 20:31:53 PM] P3: [1431155 1431156 4567127 3446899 1156689] [ -1 602 599 599 189], (c, bnck, f): (9.77, 0.07, 0.01), time: 1.03s
[09/23/2018 20:31:53 PM] Found: [0 0 0 ... 0 0 0], dist: [2147483647 2147483647 2147483647 ... 2147483647 2147483647 2147483647]
[09/23/2018 20:31:53 PM] Updated potentials: [1 0 0 ... 0 0 0]
[09/23/2018 20:31:54 PM] Reduced cost: [2 3 3 ... 2 2 2]
[09/23/2018 20:31:54 PM] P4: [1431155 1431156 4567127 5496309 5496307 1156689] [ -1 602 599 599 602 189], (c, bnck, f): (10.38, 0.00, 0.00), time: 0.97s
[09/23/2018 20:31:54 PM] Found: [0 0 0 ... 0 0 0], dist: [2147483647 2147483647 2147483647 ... 2147483647 2147483647 2147483647]
[09/23/2018 20:31:54 PM] Updated potentials: [1 0 0 ... 0 0 0]
[09/23/2018 20:31:55 PM] Reduced cost: [2 3 3 ... 2 2 2]
[09/23/2018 20:31:55 PM] P5: [1431155  769522 5215463 1156689] [ -1 480 480 189], (c, bnck, f): (10.50, 0.05, 0.00), time: 0.93s
[09/23/2018 20:31:55 PM] Found: [1 0 0 ... 0 0 0], dist: [         0 2147483647 2147483647 ... 2147483647 2147483647 2147483647]
[09/23/2018 20:31:56 PM] Time for cost mtx: 0.98s
[09/23/2018 20:31:57 PM] Initial reduced cost: [2 3 3 ... 2 2 2]
[09/23/2018 20:31:59 PM] P1: [1431155      78  993592 4628461] [ -1 660 660 189], (c, bnck, f): (10.71, 0.06, 0.00), time: 1.79s
[09/23/2018 20:31:59 PM] Found: [1 1 1 ... 0 0 0], dist: [        15         16         16 ... 2147483647         25         25]
[09/23/2018 20:31:59 PM] Updated potentials: [1 0 0 ... 0 0 0]
[09/23/2018 20:31:59 PM] Reduced cost: [2 3 3 ... 2 2 2]
[09/23/2018 20:32:00 PM] P2: [1431155 1431156 4567127 3116669 4628461] [ -1 602 599 189 236], (c, bnck, f): (9.91, 0.09, 0.01), time: 1.09s
[09/23/2018 20:32:00 PM] Found: [0 0 0 ... 0 0 0], dist: [2147483647 2147483647 2147483647 ... 2147483647 2147483647 2147483647]
[09/23/2018 20:32:00 PM] Updated potentials: [1 0 0 ... 0 0 0]
[09/23/2018 20:32:01 PM] Reduced cost: [2 3 3 ... 2 2 2]
[09/23/2018 20:32:01 PM] P3: [1431155 1431156 4567127 3562751 3562747 4628461] [ -1 602 599 599 602 189], (c, bnck, f): (10.70, 0.05, 0.00), time: 1.08s
[09/23/2018 20:32:01 PM] Found: [0 0 0 ... 0 0 0], dist: [2147483647 2147483647 2147483647 ... 2147483647 2147483647 2147483647]
[09/23/2018 20:32:01 PM] Updated potentials: [1 0 0 ... 0 0 0]
[09/23/2018 20:32:02 PM] Reduced cost: [2 3 3 ... 2 2 2]
[09/23/2018 20:32:02 PM] P4: [1431155  769522 5374190 4628461] [ -1 480 480 189], (c, bnck, f): (10.58, 0.05, 0.00), time: 0.98s
[09/23/2018 20:32:02 PM] Found: [1 0 0 ... 0 0 0], dist: [         0 2147483647 2147483647 ... 2147483647 2147483647 2147483647]
[09/23/2018 20:32:02 PM] Updated potentials: [1 0 0 ... 0 0 0]
[09/23/2018 20:32:02 PM] Reduced cost: [2 3 3 ... 2 2 2]
[09/23/2018 20:32:06 PM] P5: [1431155 3748948 1399367 4145653 3389672 4628461] [ -1 123 123 123 123 189], (c, bnck, f): (11.19, 0.07, 0.01), time: 3.77s
[09/23/2018 20:32:06 PM] Found: [0 1 1 ... 1 0 0], dist: [2147483647          0          0 ...          1          9          9]
[09/23/2018 20:32:07 PM] Time for cost mtx: 1.00s
[09/23/2018 20:32:07 PM] Initial reduced cost: [2 3 3 ... 2 2 2]
[09/23/2018 20:32:08 PM] P1: [1522148 1522151 1357357] [ -1 602 599], (c, bnck, f): (1.10, 0.14, 0.07), time: 0.12s
[09/23/2018 20:32:08 PM] Found: [0 0 0 ... 0 0 0], dist: [2147483647 2147483647 2147483647 ... 2147483647 2147483647 2147483647]
[09/23/2018 20:32:08 PM] Updated potentials: [0 0 0 ... 0 0 0]
[09/23/2018 20:32:08 PM] Reduced cost: [2 3 3 ... 2 2 2]
[09/23/2018 20:32:09 PM] P2: [1522148 3584723  439587  439591 1357357] [ -1 189 189 602 599], (c, bnck, f): (9.80, 0.07, 0.01), time: 1.33s
[09/23/2018 20:32:09 PM] Found: [1 0 0 ... 0 0 0], dist: [         8 2147483647 2147483647 ... 2147483647         15         15]
[09/23/2018 20:32:09 PM] Updated potentials: [0 0 0 ... 0 0 0]
[09/23/2018 20:32:10 PM] Reduced cost: [2 3 3 ... 2 2 2]
[09/23/2018 20:32:10 PM] P3: [1522148 3740468 5469658 1357357] [ -1 329 329 599], (c, bnck, f): (8.92, 0.08, 0.01), time: 1.27s
[09/23/2018 20:32:10 PM] Found: [1 0 0 ... 0 0 0], dist: [         0 2147483647 2147483647 ... 2147483647 2147483647 2147483647]
[09/23/2018 20:32:10 PM] Updated potentials: [0 0 0 ... 0 0 0]
[09/23/2018 20:32:11 PM] Reduced cost: [2 3 3 ... 2 2 2]
[09/23/2018 20:32:12 PM] P4: [1522148  769522 4553960 1357357] [ -1 480 480 189], (c, bnck, f): (10.40, 0.05, 0.00), time: 2.00s
[09/23/2018 20:32:12 PM] Found: [1 0 0 ... 0 0 0], dist: [         0 2147483647 2147483647 ... 2147483647          7          7]
[09/23/2018 20:32:12 PM] Updated potentials: [1 0 0 ... 0 0 0]
[09/23/2018 20:32:13 PM] Reduced cost: [2 3 3 ... 2 2 2]
[09/23/2018 20:32:13 PM] P5: [1522148 4182344 5566599 1357357] [ -1 462 462 189], (c, bnck, f): (9.98, 0.07, 0.01), time: 1.04s
[09/23/2018 20:32:13 PM] Found: [0 0 0 ... 0 0 0], dist: [2147483647 2147483647 2147483647 ... 2147483647 2147483647 2147483647]
[09/23/2018 20:32:15 PM] Time for cost mtx: 0.98s
[09/23/2018 20:32:15 PM] Initial reduced cost: [2 3 3 ... 2 2 2]
[09/23/2018 20:32:16 PM] P1: [1522148 1357357  853076  853080 1156689] [ -1 599 189 602 599], (c, bnck, f): (9.40, 0.14, 0.01), time: 0.85s
[09/23/2018 20:32:16 PM] Found: [1 0 0 ... 0 0 0], dist: [        15 2147483647 2147483647 ... 2147483647         22         22]
[09/23/2018 20:32:16 PM] Updated potentials: [0 0 0 ... 0 0 0]
[09/23/2018 20:32:17 PM] Reduced cost: [2 3 3 ... 2 2 2]
[09/23/2018 20:32:17 PM] P2: [1522148 1357357 5215466 5215463 1156689] [ -1 599 599 602 189], (c, bnck, f): (9.49, 0.01, 0.00), time: 1.10s
[09/23/2018 20:32:17 PM] Found: [0 0 0 ... 0 0 0], dist: [2147483647 2147483647 2147483647 ... 2147483647 2147483647 2147483647]
[09/23/2018 20:32:17 PM] Updated potentials: [0 0 0 ... 0 0 0]
[09/23/2018 20:32:18 PM] Reduced cost: [2 3 3 ... 2 2 2]
[09/23/2018 20:32:18 PM] P3: [1522148 3740468 3758048 1156689] [ -1 329 195 195], (c, bnck, f): (8.32, 0.08, 0.01), time: 1.22s
[09/23/2018 20:32:18 PM] Found: [1 0 0 ... 0 0 0], dist: [         0 2147483647 2147483647 ... 2147483647 2147483647 2147483647]
[09/23/2018 20:32:18 PM] Updated potentials: [0 0 0 ... 0 0 0]
[09/23/2018 20:32:19 PM] Reduced cost: [2 3 3 ... 2 2 2]
[09/23/2018 20:32:19 PM] P4: [1522148 3584723 4618470 4618474 1156689] [ -1 189 189 602 599], (c, bnck, f): (9.61, 0.07, 0.01), time: 1.24s
[09/23/2018 20:32:19 PM] Found: [1 0 0 ... 0 0 0], dist: [         0 2147483647 2147483647 ... 2147483647 2147483647 2147483647]
[09/23/2018 20:32:19 PM] Updated potentials: [0 0 0 ... 0 0 0]
[09/23/2018 20:32:20 PM] Reduced cost: [2 3 3 ... 2 2 2]
[09/23/2018 20:32:21 PM] P5: [1522148      78 3423590 1156689] [ -1 660 660 189], (c, bnck, f): (10.71, 0.06, 0.00), time: 1.92s
[09/23/2018 20:32:21 PM] Found: [1 0 0 ... 0 0 0], dist: [         0 2147483647 2147483647 ... 2147483647          7          7]
[09/23/2018 20:32:23 PM] Time for cost mtx: 1.09s
[09/23/2018 20:32:23 PM] Initial reduced cost: [2 3 3 ... 2 2 2]
[09/23/2018 20:32:24 PM] P1: [1522148 3740468 1548522 2450828] [ -1 329 599 599], (c, bnck, f): (7.91, 0.08, 0.01), time: 0.58s
[09/23/2018 20:32:24 PM] Found: [0 0 0 ... 0 0 0], dist: [2147483647 2147483647 2147483647 ... 2147483647         22         22]
[09/23/2018 20:32:24 PM] Updated potentials: [0 0 0 ... 0 0 0]
[09/23/2018 20:32:25 PM] Reduced cost: [2 3 3 ... 2 2 2]
[09/23/2018 20:32:26 PM] P2: [1522148 1357357 4553960 4553964 2450828] [ -1 599 189 602 599], (c, bnck, f): (9.40, 0.14, 0.01), time: 1.70s
[09/23/2018 20:32:26 PM] Found: [1 0 0 ... 0 0 0], dist: [         1 2147483647 2147483647 ... 2147483647          8          8]
[09/23/2018 20:32:26 PM] Updated potentials: [0 0 0 ... 0 0 0]
[09/23/2018 20:32:27 PM] Reduced cost: [2 3 3 ... 2 2 2]
[09/23/2018 20:32:27 PM] P3: [1522148 3584723 5008908 5008914 2450828] [ -1 189 189 602 599], (c, bnck, f): (9.71, 0.07, 0.01), time: 1.63s
[09/23/2018 20:32:27 PM] Found: [1 0 0 ... 0 0 0], dist: [         0 2147483647 2147483647 ... 2147483647 2147483647 2147483647]
[09/23/2018 20:32:27 PM] Updated potentials: [0 0 0 ... 0 0 0]
[09/23/2018 20:32:28 PM] Reduced cost: [2 3 3 ... 2 2 2]
[09/23/2018 20:32:30 PM] P4: [1522148  769522 5346126 2450828] [ -1 480 480 189], (c, bnck, f): (10.40, 0.05, 0.00), time: 2.28s
[09/23/2018 20:32:30 PM] Found: [1 0 0 ... 0 0 0], dist: [         0 2147483647 2147483647 ... 2147483647          7          7]
[09/23/2018 20:32:30 PM] Updated potentials: [1 0 0 ... 0 0 0]
[09/23/2018 20:32:30 PM] Reduced cost: [2 3 3 ... 2 2 2]
[09/23/2018 20:32:31 PM] P5: [1522148 1522151 1357357 4553960 4553964 2450828] [ -1 602 599 189 602 599], (c, bnck, f): (10.50, 0.00, 0.00), time: 1.01s
[09/23/2018 20:32:31 PM] Found: [0 0 0 ... 0 0 0], dist: [2147483647 2147483647 2147483647 ... 2147483647 2147483647 2147483647]
[09/23/2018 20:32:31 PM] * Saved results: /home/alex/Documents/streamminer/output/out_kstream_sub_sample_2018-09-23_20:24:38.csv
[09/23/2018 20:32:31 PM] Mincostflow computation complete. Time taken: 470.83 secs.

[09/23/2018 20:32:31 PM] 
Done!

