[09/23/2018 09:43:00 AM] Launching sm..
[09/23/2018 09:43:00 AM] Dataset: sub_sample.csv
[09/23/2018 09:43:00 AM] Output dir: /home/alex/Documents/streamminer/output
[09/23/2018 09:43:00 AM] Read data: (39, 7) sub_sample.csv
[09/23/2018 09:43:00 AM] Note: Found non-NA records: (39, 7)
[09/23/2018 09:43:00 AM] Reconstructing graph from /home/alex/Documents/streamminer/data/kg/_undir
[09/23/2018 09:43:00 AM] 

[09/23/2018 09:43:01 AM] => Loaded: undir_data.npy
[09/23/2018 09:43:01 AM] 

[09/23/2018 09:43:01 AM] => Loaded: undir_indptr.npy
[09/23/2018 09:43:01 AM] 

[09/23/2018 09:43:01 AM] => Loaded: undir_indices.npy
[09/23/2018 09:43:01 AM] 

[09/23/2018 09:43:01 AM] => Loaded: undir_indeg_vec.npy
[09/23/2018 09:43:01 AM] 

[09/23/2018 09:43:01 AM] => Graph loaded: 0.39 secs.

[09/23/2018 09:43:01 AM] 

[09/23/2018 09:43:01 AM] PID is: 599.0, with type: float64
[09/23/2018 09:43:05 AM] => Path extraction..(this can take a while)
[09/23/2018 09:44:04 AM] SPO: [ 392035 599 2115741], Score: 0.0677970562743, Path (1):
[09/23/2018 09:44:04 AM] [392035] -189 (0.07)-> [2115741]

[09/23/2018 09:44:04 AM]  
[09/23/2018 09:44:04 AM] SPO: [ 392035 599 2115741], Score: 0.129642864833, Path (3):
[09/23/2018 09:44:04 AM] [392035] -660 (0.03)-> [78] -660 (0.04)-> [4475218] -236 (0.06)-> [2115741]

[09/23/2018 09:44:04 AM]  
[09/23/2018 09:44:04 AM] SPO: [ 392035 599 2115741], Score: 0.227870891895, Path (3):
[09/23/2018 09:44:04 AM] [392035] -660 (0.03)-> [78] -660 (0.06)-> [532169] -236 (0.14)-> [2115741]

[09/23/2018 09:44:04 AM]  
[09/23/2018 09:44:04 AM] SPO: [ 392035 599 2115741], Score: 0.32246592914, Path (5):
[09/23/2018 09:44:04 AM] [392035] -660 (0.03)-> [78] -660 (0.04)-> [4475218] -236 (0.04)-> [3040313] -236 (0.08)-> [532169] -236 (0.13)-> [2115741]

[09/23/2018 09:44:04 AM]  
[09/23/2018 09:44:04 AM] SPO: [ 392035 599 2115741], Score: 0.2921631898, Path (5):
[09/23/2018 09:44:04 AM] [392035] -660 (0.03)-> [78] -660 (0.04)-> [4475218] -236 (0.04)-> [1006463] -236 (0.07)-> [532169] -236 (0.11)-> [2115741]

[09/23/2018 09:46:05 AM]  
[09/23/2018 09:46:05 AM] SPO: [ 482030 599 2364618], Score: 0.0709806674345, Path (1):
[09/23/2018 09:46:05 AM] [482030] -189 (0.07)-> [2364618]

[09/23/2018 09:46:05 AM]  
[09/23/2018 09:46:05 AM] SPO: [ 482030 599 2364618], Score: 0.189150057923, Path (3):
[09/23/2018 09:46:05 AM] [482030] -462 (0.04)-> [4160079] -462 (0.07)-> [4107784] -189 (0.08)-> [2364618]

[09/23/2018 09:46:05 AM]  
[09/23/2018 09:46:05 AM] SPO: [ 482030 599 2364618], Score: 0.300590160143, Path (5):
[09/23/2018 09:46:05 AM] [482030] -462 (0.04)-> [4160079] -462 (0.07)-> [4107784] -123 (0.03)-> [3229261] -123 (0.06)-> [3641685] -189 (0.1)-> [2364618]

[09/23/2018 09:46:05 AM]  
[09/23/2018 09:46:05 AM] SPO: [ 482030 599 2364618], Score: 0.307470839662, Path (7):
[09/23/2018 09:46:05 AM] [482030] -462 (0.04)-> [4160079] -462 (0.07)-> [4107784] -65 (0.02)-> [3229234] -339 (0.03)-> [1619701] -601 (0.04)-> [3741813] -601 (0.05)-> [679305] -601 (0.06)-> [2364618]

[09/23/2018 09:46:05 AM]  
[09/23/2018 09:46:05 AM] SPO: [ 482030 599 2364618], Score: 0.298667188758, Path (7):
[09/23/2018 09:46:05 AM] [482030] -462 (0.04)-> [4160079] -462 (0.07)-> [4107784] -65 (0.02)-> [3229234] -339 (0.03)-> [1619701] -660 (0.03)-> [662] -660 (0.05)-> [2287973] -601 (0.06)-> [2364618]

