[09/22/2018 14:52:39 PM] Launching sm..
[09/22/2018 14:52:39 PM] Dataset: predpath_company_president.csv
[09/22/2018 14:52:39 PM] Output dir: /home/galois/Documents/streamminer/output
[09/22/2018 14:52:39 PM] Read data: (1208, 7) predpath_company_president.csv
[09/22/2018 14:52:39 PM] Note: Found non-NA records: (1208, 7)
[09/22/2018 14:52:39 PM] Relation is: (324032, 309, 4131773)
[09/22/2018 14:52:46 PM] => Path extraction..(this can take a while)
[09/22/2018 14:54:41 PM] [324032] -195 (0.14)-> [5503960] -592 (0.25)-> [4131773]
[09/22/2018 14:54:41 PM] [324032] -67 (0.04)-> [661829] -194 (0.05)-> [3438873] -194 (0.06)-> [5503960] -592 (0.18)-> [4131773]
[09/22/2018 14:54:41 PM] [324032] -67 (0.04)-> [1515338] -480 (0.05)-> [992905] -480 (0.2)-> [4131773]
[09/22/2018 14:54:41 PM] [324032] -67 (0.04)-> [1515338] -480 (0.05)-> [992905] -480 (0.22)-> [4131773]
[09/22/2018 14:54:41 PM] [324032] -67 (0.04)-> [1515338] -480 (0.05)-> [992905] -480 (0.06)-> [4131773]
[09/22/2018 15:00:58 PM] [282155] -291 (0.04)-> [2461299] -291 (0.05)-> [4948666] -435 (0.06)-> [506909] -410 (0.08)-> [1770287]
[09/22/2018 15:00:58 PM] [282155] -479 (0.04)-> [3148487] -479 (0.05)-> [285219] -238 (0.06)-> [1289869] -238 (0.07)-> [506909] -410 (0.1)-> [1770287]
[09/22/2018 15:00:58 PM] [282155] -479 (0.04)-> [3148487] -479 (0.05)-> [285219] -238 (0.06)-> [1289869] -238 (0.07)-> [506909] -410 (0.22)-> [1770287]
[09/22/2018 15:00:58 PM] [282155] -479 (0.04)-> [3148487] -479 (0.06)-> [285219] -238 (0.08)-> [1289869] -238 (0.12)-> [506909] -410 (0.16)-> [1770287]
[09/22/2018 15:00:58 PM] [282155] -479 (0.04)-> [3148487] -479 (0.05)-> [285219] -238 (0.06)-> [1289869] -238 (0.12)-> [506909] -410 (0.21)-> [1770287]
[09/22/2018 15:03:35 PM] [344428] -410 (0.1)-> [344534] -111 (0.21)-> [3018608]
[09/22/2018 15:03:35 PM] [344428] -479 (0.04)-> [1868529] -291 (0.05)-> [4921016] -238 (0.07)-> [3018608]
[09/22/2018 15:03:35 PM] [344428] -479 (0.04)-> [1868529] -291 (0.05)-> [4921016] -238 (0.21)-> [3018608]
[09/22/2018 15:03:35 PM] [344428] -479 (0.04)-> [1868529] -291 (0.12)-> [4921016] -238 (0.21)-> [3018608]
[09/22/2018 15:03:35 PM] [344428] -479 (0.04)-> [1868529] -291 (0.12)-> [4921016] -238 (0.21)-> [3018608]
[09/22/2018 15:05:16 PM] [346248] -195 (0.22)-> [4680292]
[09/22/2018 15:05:16 PM] [346248] -291 (0.04)-> [4765896] -291 (0.05)-> [1460591] -67 (0.07)-> [4680292]
[09/22/2018 15:05:16 PM] [346248] -291 (0.04)-> [4765896] -291 (0.08)-> [1460591] -67 (0.13)-> [4680292]
[09/22/2018 15:05:16 PM] [346248] -291 (0.04)-> [4765896] -291 (0.05)-> [1460591] -67 (0.19)-> [4680292]
[09/22/2018 15:05:16 PM] [346248] -291 (0.04)-> [4765896] -291 (0.08)-> [1460591] -67 (0.19)-> [4680292]
[09/22/2018 15:11:40 PM] [363385] -291 (0.03)-> [861572] -410 (0.03)-> [3770122] -65 (0.07)-> [5241376] -65 (0.09)-> [1998259]
[09/22/2018 15:11:40 PM] [363385] -291 (0.02)-> [4105986] -615 (0.03)-> [1511402] -339 (0.07)-> [5241376] -65 (0.1)-> [1998259]
[09/22/2018 15:11:40 PM] [363385] -660 (0.02)-> [173] -660 (0.02)-> [3839633] -479 (0.04)-> [5241376] -65 (0.04)-> [1998259]
[09/22/2018 15:11:40 PM] [363385] -291 (0.02)-> [4105986] -615 (0.03)-> [1511402] -339 (0.04)-> [5241376] -65 (0.04)-> [1998259]
[09/22/2018 15:11:40 PM] [363385] -660 (0.02)-> [173] -660 (0.02)-> [3839633] -479 (0.05)-> [5241376] -65 (0.06)-> [1998259]
[09/22/2018 15:12:46 PM] [482911] -195 (0.1)-> [3934534] -440 (0.24)-> [4845807]
[09/22/2018 15:12:46 PM] [482911] -592 (0.09)-> [5430730] -67 (0.16)-> [4845807]
[09/22/2018 15:12:46 PM] [482911] -592 (0.09)-> [5430730] -67 (0.19)-> [4845807]
[09/22/2018 15:12:46 PM] [482911] -432 (0.08)-> [1540988] -435 (0.12)-> [5430730] -67 (0.25)-> [4845807]
[09/22/2018 15:12:46 PM] [482911] -432 (0.08)-> [1540988] -435 (0.1)-> [5430730] -67 (0.18)-> [4845807]
[09/22/2018 15:14:10 PM] [416771] -195 (0.21)-> [3538860]
[09/22/2018 15:14:10 PM] [416771] -195 (0.05)-> [805552] -410 (0.06)-> [1158572] -410 (0.2)-> [3538860]
[09/22/2018 15:14:10 PM] [416771] -340 (0.05)-> [920621] -65 (0.07)-> [3538860]
[09/22/2018 15:14:10 PM] [416771] -615 (0.04)-> [4505185] -615 (0.05)-> [3863047] -195 (0.07)-> [3538860]
[09/22/2018 15:14:10 PM] [416771] -340 (0.05)-> [920621] -65 (0.13)-> [3538860]
[09/22/2018 15:17:44 PM] [417207] -67 (0.04)-> [3379131] -194 (0.06)-> [1537305] -27 (0.17)-> [2980182]
[09/22/2018 15:17:44 PM] [417207] -238 (0.03)-> [1129081] -54 (0.04)-> [4073614] -54 (0.07)-> [2480391] -27 (0.1)-> [5294413] -27 (0.29)-> [2980182]
[09/22/2018 15:17:44 PM] [417207] -291 (0.03)-> [3341421] -291 (0.04)-> [5209823] -238 (0.06)-> [1108789] -410 (0.08)-> [2980182]
[09/22/2018 15:17:44 PM] [417207] -291 (0.03)-> [3341421] -291 (0.04)-> [5209823] -238 (0.07)-> [1108789] -410 (0.09)-> [2980182]
[09/22/2018 15:17:44 PM] [417207] -238 (0.03)-> [1129081] -54 (0.04)-> [4073614] -54 (0.07)-> [2480391] -27 (0.07)-> [5294413] -27 (0.1)-> [2980182]
[09/22/2018 15:22:31 PM] [501552] -238 (0.26)-> [2617978]
[09/22/2018 15:22:31 PM] [501552] -195 (0.04)-> [4587742] -194 (0.05)-> [4117941] -194 (0.06)-> [2002906] -195 (0.08)-> [5092087] -431 (0.24)-> [2617978]
[09/22/2018 15:22:31 PM] [501552] -195 (0.04)-> [4587742] -195 (0.1)-> [501552] -238 (0.14)-> [2617978]
[09/22/2018 15:22:31 PM] [501552] -195 (0.04)-> [4587742] -194 (0.04)-> [4117941] -194 (0.05)-> [2002906] -195 (0.07)-> [5092087] -431 (0.11)-> [2617978]
[09/22/2018 15:22:31 PM] [501552] -195 (0.04)-> [4587742] -195 (0.1)-> [501552] -238 (0.26)-> [2617978]
[09/22/2018 15:25:26 PM] [354302] -238 (0.03)-> [2635862] -660 (0.04)-> [502] -660 (0.51)-> [4455284]
[09/22/2018 15:25:26 PM] [354302] -410 (0.03)-> [3166041] -660 (0.03)-> [502] -660 (0.25)-> [4455284]
[09/22/2018 15:25:26 PM] [354302] -340 (0.03)-> [5287545] -394 (0.03)-> [4455284]
[09/22/2018 15:25:26 PM] [354302] -410 (0.03)-> [3166041] -660 (0.03)-> [502] -660 (0.04)-> [4455284]
[09/22/2018 15:25:26 PM] [354302] -340 (0.03)-> [5287545] -394 (0.17)-> [4455284]
[09/22/2018 15:30:04 PM] [506355] -410 (0.24)-> [2927693]
[09/22/2018 15:30:04 PM] [506355] -67 (0.03)-> [1369579] -27 (0.04)-> [3208710] -27 (0.05)-> [4353352] -27 (0.07)-> [922179] -27 (0.2)-> [2927693]
[09/22/2018 15:30:04 PM] [506355] -67 (0.03)-> [1369579] -67 (0.11)-> [506355] -410 (0.17)-> [2927693]
[09/22/2018 15:30:04 PM] [506355] -67 (0.03)-> [1369579] -27 (0.04)-> [3208710] -27 (0.04)-> [4353352] -27 (0.07)-> [922179] -27 (0.09)-> [2927693]
[09/22/2018 15:30:04 PM] [506355] -67 (0.03)-> [1369579] -27 (0.04)-> [3208710] -27 (0.04)-> [4353352] -27 (0.08)-> [922179] -27 (0.11)-> [2927693]
[09/22/2018 15:39:54 PM] [505496] -592 (0.02)-> [5268687] -479 (0.03)-> [380062] -660 (0.08)-> [6060984] -660 (0.18)-> [1565612]
[09/22/2018 15:39:54 PM] [505496] -615 (0.02)-> [4216218] -615 (0.03)-> [678805] -183 (0.03)-> [4755206] -580 (0.04)-> [4565774] -580 (0.04)-> [5067090] -178 (0.06)-> [1565612]
[09/22/2018 15:39:54 PM] [505496] -615 (0.02)-> [4216218] -615 (0.03)-> [678805] -183 (0.03)-> [4755206] -580 (0.07)-> [4565774] -580 (0.09)-> [5067090] -178 (0.14)-> [1565612]
[09/22/2018 15:39:54 PM] [505496] -615 (0.02)-> [4216218] -615 (0.04)-> [678805] -183 (0.05)-> [4755206] -580 (0.06)-> [4565774] -580 (0.09)-> [5067090] -178 (0.13)-> [1565612]
[09/22/2018 15:39:54 PM] [505496] -435 (0.02)-> [505486] -195 (0.03)-> [3467025] -167 (0.03)-> [1357141] -65 (0.04)-> [2241386] -652 (0.11)-> [5067090] -178 (0.16)-> [1565612]
[09/22/2018 15:44:16 PM] [286744] -195 (0.03)-> [1414121] -410 (0.03)-> [1414122] -660 (0.04)-> [503] -660 (0.23)-> [5139135] -410 (0.33)-> [5139134]
[09/22/2018 15:44:16 PM] [286744] -195 (0.03)-> [1923423] -410 (0.03)-> [1923424] -660 (0.03)-> [503] -660 (0.19)-> [5139135] -410 (0.24)-> [5139134]
[09/22/2018 15:44:16 PM] [286744] -195 (0.03)-> [1923423] -410 (0.03)-> [1923424] -660 (0.03)-> [503] -660 (0.04)-> [5139135] -410 (0.04)-> [5139134]
[09/22/2018 15:44:16 PM] [286744] -195 (0.03)-> [1923423] -410 (0.03)-> [1923424] -660 (0.03)-> [503] -660 (0.04)-> [5139135] -410 (0.26)-> [5139134]
[09/22/2018 15:44:16 PM] [286744] -410 (0.03)-> [2658758] -410 (0.03)-> [2658759] -660 (0.03)-> [503] -660 (0.16)-> [5139135] -410 (0.21)-> [5139134]
[09/22/2018 15:46:41 PM] [615831] -479 (0.04)-> [2404658] -615 (0.05)-> [3809773] -362 (0.1)-> [3809776] -67 (0.13)-> [5139773]
[09/22/2018 15:46:41 PM] [615831] -410 (0.04)-> [4863086] -578 (0.05)-> [3081823] -27 (0.1)-> [728221] -27 (0.16)-> [5139773]
[09/22/2018 15:46:41 PM] [615831] -410 (0.04)-> [4863086] -578 (0.05)-> [3081823] -27 (0.07)-> [728221] -27 (0.1)-> [5139773]
[09/22/2018 15:46:41 PM] [615831] -410 (0.04)-> [4863086] -578 (0.05)-> [3081823] -27 (0.07)-> [728221] -27 (0.18)-> [5139773]
[09/22/2018 15:46:41 PM] [615831] -410 (0.04)-> [4863086] -578 (0.05)-> [3081823] -27 (0.07)-> [728221] -27 (0.19)-> [5139773]
[09/22/2018 15:49:28 PM] [622470] -410 (0.17)-> [3057617]
[09/22/2018 15:49:28 PM] [622470] -410 (0.1)-> [344478] -111 (0.22)-> [3057617]
[09/22/2018 15:49:28 PM] [622470] -410 (0.1)-> [344478] -111 (0.15)-> [3057617]
[09/22/2018 15:49:28 PM] [622470] -432 (0.03)-> [4774945] -432 (0.03)-> [4764073] -291 (0.04)-> [2342627] -615 (0.05)-> [3917958] -435 (0.07)-> [2265837] -435 (0.15)-> [2116165] -67 (0.31)-> [3057617]
[09/22/2018 15:49:28 PM] [622470] -291 (0.03)-> [4840786] -291 (0.03)-> [4666562] -410 (0.05)-> [454685] -480 (0.06)-> [2469564] -480 (0.09)-> [3057617]
[09/22/2018 15:50:53 PM] [290251] -195 (0.22)-> [4285709]
[09/22/2018 15:50:53 PM] [290251] -435 (0.04)-> [4792792] -479 (0.05)-> [3889035] -65 (0.21)-> [4285709]
[09/22/2018 15:50:53 PM] [290251] -340 (0.04)-> [1357141] -511 (0.05)-> [4285709]
[09/22/2018 15:50:53 PM] [290251] -340 (0.04)-> [1357141] -511 (0.12)-> [4285709]
[09/22/2018 15:50:53 PM] [290251] -435 (0.04)-> [4792792] -479 (0.05)-> [3889035] -65 (0.14)-> [4285709]
[09/22/2018 15:54:03 PM] [719938] -311 (0.13)-> [3534064] -465 (0.25)-> [2413408]
[09/22/2018 15:54:03 PM] [719938] -341 (0.03)-> [5286709] -394 (0.04)-> [2413408]
[09/22/2018 15:54:03 PM] [719938] -341 (0.03)-> [5286709] -394 (0.16)-> [2413408]
[09/22/2018 15:54:03 PM] [719938] -435 (0.03)-> [1486621] -339 (0.03)-> [5286709] -394 (0.26)-> [2413408]
[09/22/2018 15:54:03 PM] [719938] -435 (0.03)-> [1486621] -339 (0.03)-> [5286709] -394 (0.16)-> [2413408]
[09/22/2018 15:57:28 PM] [746609] -341 (0.03)-> [4795087] -394 (0.04)-> [1916192]
[09/22/2018 15:57:28 PM] [746609] -465 (0.03)-> [746608] -339 (0.04)-> [4795087] -394 (0.27)-> [1916192]
[09/22/2018 15:57:28 PM] [746609] -465 (0.03)-> [746608] -339 (0.04)-> [4795087] -394 (0.04)-> [1916192]
[09/22/2018 15:57:28 PM] [746609] -340 (0.03)-> [845515] -661 (0.03)-> [4795087] -394 (0.07)-> [1916192]
[09/22/2018 15:57:28 PM] [746609] -340 (0.03)-> [845515] -661 (0.04)-> [4795087] -394 (0.05)-> [1916192]
[09/22/2018 16:01:24 PM] [749733] -410 (0.24)-> [947415]
[09/22/2018 16:01:24 PM] [749733] -410 (0.03)-> [1436310] -27 (0.04)-> [5236388] -27 (0.06)-> [1423312] -27 (0.08)-> [962464] -27 (0.28)-> [947415]
[09/22/2018 16:01:24 PM] [749733] -291 (0.03)-> [749553] -410 (0.04)-> [5518473] -27 (0.06)-> [962464] -27 (0.07)-> [947415]
[09/22/2018 16:01:24 PM] [749733] -479 (0.03)-> [4198549] -410 (0.04)-> [2099579] -194 (0.07)-> [962464] -27 (0.08)-> [947415]
[09/22/2018 16:01:24 PM] [749733] -479 (0.03)-> [4198549] -410 (0.04)-> [2099579] -194 (0.06)-> [962464] -27 (0.08)-> [947415]
[09/22/2018 16:09:47 PM] [756452] -195 (0.04)-> [5099637] -505 (0.04)-> [4916118] -578 (0.07)-> [5523357] -27 (0.1)-> [5293241] -27 (0.2)-> [606154]
[09/22/2018 16:09:47 PM] [756452] -410 (0.03)-> [2721206] -27 (0.04)-> [5294243] -27 (0.06)-> [1417540] -27 (0.07)-> [5293241] -27 (0.24)-> [606154]
[09/22/2018 16:09:47 PM] [756452] -410 (0.03)-> [2721206] -27 (0.04)-> [5294243] -27 (0.04)-> [1417540] -27 (0.07)-> [5293241] -27 (0.09)-> [606154]
[09/22/2018 16:09:47 PM] [756452] -410 (0.03)-> [2721206] -27 (0.04)-> [5294243] -27 (0.04)-> [1417540] -27 (0.08)-> [5293241] -27 (0.11)-> [606154]
[09/22/2018 16:09:47 PM] [756452] -410 (0.03)-> [2721206] -27 (0.04)-> [5294243] -27 (0.06)-> [1417540] -27 (0.08)-> [5293241] -27 (0.11)-> [606154]
[09/22/2018 16:10:33 PM] [817667] -410 (0.17)-> [5448025]
[09/22/2018 16:10:33 PM] [817667] -128 (0.09)-> [4633465] -580 (0.16)-> [5448025]
[09/22/2018 16:10:33 PM] [817667] -128 (0.09)-> [4633465] -580 (0.16)-> [5448025]
[09/22/2018 16:10:33 PM] [817667] -591 (0.08)-> [3178302] -661 (0.19)-> [5448025]
[09/22/2018 16:10:33 PM] [817667] -591 (0.08)-> [3178302] -661 (0.13)-> [5448025]
[09/22/2018 16:13:27 PM] [829005] -410 (0.24)-> [2372568]
[09/22/2018 16:13:27 PM] [829005] -435 (0.05)-> [2013437] -340 (0.08)-> [4366933] -511 (0.22)-> [2372568]
[09/22/2018 16:13:27 PM] [829005] -435 (0.05)-> [2013437] -340 (0.08)-> [4366933] -511 (0.14)-> [2372568]
[09/22/2018 16:13:27 PM] [829005] -435 (0.05)-> [2013437] -340 (0.06)-> [4366933] -511 (0.1)-> [2372568]
[09/22/2018 16:13:27 PM] [829005] -435 (0.05)-> [2013437] -340 (0.06)-> [4366933] -511 (0.14)-> [2372568]
[09/22/2018 16:14:36 PM] [836741] -238 (0.23)-> [4907325]
[09/22/2018 16:14:36 PM] [836741] -591 (0.1)-> [836738] -238 (0.16)-> [4907325]
[09/22/2018 16:14:36 PM] [836741] -479 (0.06)-> [1510303] -479 (0.07)-> [380361] -238 (0.1)-> [4907325]
[09/22/2018 16:14:36 PM] [836741] -479 (0.04)-> [4995964] -291 (0.05)-> [380361] -238 (0.07)-> [4907325]
[09/22/2018 16:14:36 PM] [836741] -339 (0.04)-> [3777267] -511 (0.05)-> [4907325]
[09/22/2018 16:16:17 PM] [5027440] -238 (0.26)-> [4852123]
[09/22/2018 16:16:17 PM] [5027440] -410 (0.05)-> [606178] -27 (0.07)-> [2257753] -27 (0.21)-> [4852123]
[09/22/2018 16:16:17 PM] [5027440] -410 (0.05)-> [606178] -410 (0.1)-> [5027440] -238 (0.15)-> [4852123]
[09/22/2018 16:16:17 PM] [5027440] -410 (0.05)-> [606178] -27 (0.07)-> [2257753] -27 (0.09)-> [4852123]
[09/22/2018 16:16:17 PM] [5027440] -410 (0.05)-> [606178] -27 (0.07)-> [2257753] -27 (0.19)-> [4852123]
[09/22/2018 16:19:04 PM] [721330] -311 (0.21)-> [546305]
[09/22/2018 16:19:04 PM] [721330] -479 (0.06)-> [4101125] -214 (0.09)-> [546305]
[09/22/2018 16:19:04 PM] [721330] -479 (0.06)-> [4101125] -214 (0.16)-> [546305]
[09/22/2018 16:19:04 PM] [721330] -67 (0.03)-> [1413711] -27 (0.04)-> [5293804] -27 (0.06)-> [1004436] -27 (0.08)-> [5293900] -27 (0.22)-> [546305]
[09/22/2018 16:19:04 PM] [721330] -479 (0.03)-> [2479249] -479 (0.04)-> [2227358] -479 (0.07)-> [4101125] -214 (0.12)-> [546305]
[09/22/2018 16:22:13 PM] [722001] -238 (0.03)-> [2891735] -394 (0.04)-> [2060365] -394 (0.27)-> [3839219]
[09/22/2018 16:22:13 PM] [722001] -195 (0.03)-> [3466726] -394 (0.04)-> [2060365] -394 (0.27)-> [3839219]
[09/22/2018 16:22:13 PM] [722001] -195 (0.03)-> [3466726] -394 (0.04)-> [2060365] -394 (0.04)-> [3839219]
[09/22/2018 16:22:13 PM] [722001] -195 (0.03)-> [3466726] -394 (0.04)-> [2060365] -394 (0.2)-> [3839219]
[09/22/2018 16:22:13 PM] [722001] -195 (0.03)-> [3466726] -394 (0.04)-> [2060365] -394 (0.2)-> [3839219]
[09/22/2018 16:23:36 PM] [917860] -195 (0.24)-> [4352520]
[09/22/2018 16:23:36 PM] [917860] -291 (0.07)-> [3326354] -410 (0.09)-> [4352520]
[09/22/2018 16:23:36 PM] [917860] -291 (0.07)-> [3326354] -410 (0.23)-> [4352520]
[09/22/2018 16:23:36 PM] [917860] -655 (0.05)-> [5791430] -655 (0.06)-> [3853769] -291 (0.17)-> [3326354] -410 (0.39)-> [4352520]
[09/22/2018 16:23:36 PM] [917860] -655 (0.05)-> [5791430] -655 (0.06)-> [3853769] -291 (0.07)-> [3326354] -410 (0.09)-> [4352520]
[09/22/2018 16:29:11 PM] [723569] -410 (0.26)-> [887332]
[09/22/2018 16:29:11 PM] [723569] -479 (0.03)-> [3746421] -479 (0.03)-> [2944891] -479 (0.06)-> [4240763] -65 (0.09)-> [887332]
[09/22/2018 16:29:11 PM] [723569] -479 (0.03)-> [3746421] -479 (0.03)-> [2944891] -479 (0.05)-> [4240763] -65 (0.07)-> [887332]
[09/22/2018 16:29:11 PM] [723569] -479 (0.03)-> [3746421] -479 (0.09)-> [723569] -410 (0.13)-> [887332]
[09/22/2018 16:29:11 PM] [723569] -479 (0.03)-> [3746421] -479 (0.03)-> [2944891] -479 (0.05)-> [4240763] -65 (0.17)-> [887332]
[09/22/2018 16:37:10 PM] [1034654] -311 (0.03)-> [1566724] -27 (0.03)-> [3851608] -27 (0.05)-> [1194670] -27 (0.07)-> [917832] -27 (0.22)-> [1469351]
[09/22/2018 16:37:10 PM] [1034654] -410 (0.03)-> [2735607] -194 (0.03)-> [3436229] -194 (0.04)-> [2820736] -194 (0.06)-> [917832] -27 (0.2)-> [1469351]
[09/22/2018 16:37:10 PM] [1034654] -410 (0.03)-> [2735607] -194 (0.03)-> [3436229] -194 (0.03)-> [2820736] -194 (0.05)-> [917832] -27 (0.07)-> [1469351]
[09/22/2018 16:37:10 PM] [1034654] -410 (0.03)-> [2735607] -194 (0.03)-> [3436229] -194 (0.03)-> [2820736] -194 (0.07)-> [917832] -27 (0.09)-> [1469351]
[09/22/2018 16:37:10 PM] [1034654] -410 (0.03)-> [2735607] -194 (0.03)-> [3436229] -194 (0.04)-> [2820736] -194 (0.07)-> [917832] -27 (0.09)-> [1469351]
