[09/18/2018 18:42:45 PM] Launching sm..
[09/18/2018 18:42:45 PM] Dataset: birthplace_deathplace.csv
[09/18/2018 18:42:45 PM] Output dir: /home/galois/Documents/streamminer/output
[09/18/2018 18:42:45 PM] Read data: (500, 8) birthplace_deathplace.csv
[09/18/2018 18:42:45 PM] Note: Found non-NA records: (500, 8)
[09/18/2018 18:42:49 PM] PID is: 65, with type: int64
[09/18/2018 18:42:55 PM] => Path extraction..(this can take a while)
[09/18/2018 18:45:04 PM] [3429567] -394 (0.05)-> [4785969] -167 (0.07)-> [1585383] -167 (0.08)-> [3734171]
[09/18/2018 18:45:04 PM] [3429567] -167 (0.03)-> [3029647] -660 (0.04)-> [608] -660 (0.04)-> [4064245] -167 (0.05)-> [4930995] -167 (0.22)-> [3734171]
[09/18/2018 18:45:04 PM] [3429567] -394 (0.05)-> [4785969] -167 (0.07)-> [1585383] -167 (0.07)-> [1591947] -167 (0.11)-> [3833849] -167 (0.13)-> [3734171]
[09/18/2018 18:45:04 PM] [3429567] -394 (0.05)-> [4785969] -167 (0.07)-> [1585383] -660 (0.05)-> [191] -660 (0.06)-> [3833849] -167 (0.07)-> [3734171]
[09/18/2018 18:45:04 PM] [3429567] -394 (0.05)-> [4785969] -167 (0.07)-> [1585383] -167 (0.07)-> [1591947] -167 (0.11)-> [3833849] -660 (0.05)-> [191] -660 (0.06)-> [1336204] -167 (0.07)-> [3734171]
[09/18/2018 18:47:47 PM] [1217525] -508 (0.04)-> [2644000] -204 (0.06)-> [2277290] -167 (0.07)-> [817795]
[09/18/2018 18:47:47 PM] [1217525] -508 (0.04)-> [2644000] -204 (0.06)-> [2277290] -194 (0.05)-> [2381919] -582 (0.11)-> [817795]
[09/18/2018 18:47:47 PM] [1217525] -508 (0.04)-> [2644000] -204 (0.06)-> [2277290] -660 (0.03)-> [502] -660 (0.05)-> [5468007] -167 (0.05)-> [817795]
[09/18/2018 18:47:47 PM] [1217525] -508 (0.04)-> [2644000] -204 (0.07)-> [3517637] -167 (0.2)-> [817795]
[09/18/2018 18:47:47 PM] [1217525] -508 (0.04)-> [2644000] -204 (0.07)-> [3517637] -167 (0.05)-> [2060365] -140 (0.08)-> [817795]
[09/18/2018 18:50:57 PM] [2551910] -167 (0.04)-> [4790259] -140 (0.05)-> [5286709] -140 (0.13)-> [1997867]
[09/18/2018 18:50:57 PM] [2551910] -63 (0.02)-> [1333735] -660 (0.03)-> [510] -660 (0.03)-> [5281538] -63 (0.04)-> [5510912] -140 (0.05)-> [4615546] -140 (0.16)-> [1997867]
[09/18/2018 18:50:57 PM] [2551910] -63 (0.02)-> [1333735] -185 (0.02)-> [1886255] -185 (0.02)-> [5281538] -63 (0.03)-> [5510912] -140 (0.03)-> [4615546] -140 (0.04)-> [1997867]
[09/18/2018 18:50:57 PM] [2551910] -63 (0.02)-> [1333735] -660 (0.03)-> [510] -660 (0.03)-> [5281538] -185 (0.02)-> [1886255] -185 (0.02)-> [1580377] -63 (0.03)-> [448198] -394 (0.03)-> [4615546] -140 (0.04)-> [1997867]
[09/18/2018 18:50:57 PM] [2551910] -63 (0.02)-> [1333735] -660 (0.03)-> [510] -660 (0.03)-> [5281538] -185 (0.02)-> [1886255] -185 (0.02)-> [1580377] -251 (0.02)-> [1580358] -251 (0.02)-> [1580412] -63 (0.02)-> [2708157] -394 (0.03)-> [5286709] -140 (0.04)-> [1997867]
[09/18/2018 18:52:14 PM] [1673627] -167 (0.06)-> [516437] -167 (0.09)-> [2289974] -167 (0.11)-> [5306574]
[09/18/2018 18:52:14 PM] [1673627] -167 (0.06)-> [516437] -167 (0.09)-> [2289974] -167 (0.06)-> [3771978] -140 (0.09)-> [5306574]
[09/18/2018 18:52:14 PM] [1673627] -167 (0.06)-> [516437] -167 (0.09)-> [2289974] -660 (0.03)-> [631] -660 (0.04)-> [1416825] -167 (0.05)-> [1443813] -301 (0.06)-> [5306574]
[09/18/2018 18:52:14 PM] [1673627] -167 (0.06)-> [516437] -167 (0.09)-> [2289974] -660 (0.03)-> [631] -660 (0.04)-> [1416825] -167 (0.06)-> [3771978] -140 (0.09)-> [5306574]
[09/18/2018 18:52:14 PM] [1673627] -167 (0.06)-> [516437] -283 (0.09)-> [594005] -283 (0.27)-> [5306574]
[09/18/2018 18:54:43 PM] [4116043] -167 (0.04)-> [5202078] -140 (0.06)-> [797125] -140 (0.19)-> [2067202]
[09/18/2018 18:54:43 PM] [4116043] -167 (0.04)-> [5202078] -167 (0.05)-> [375495] -167 (0.08)-> [797125] -140 (0.4)-> [2067202]
[09/18/2018 18:54:43 PM] [4116043] -167 (0.04)-> [5202078] -167 (0.05)-> [375495] -660 (0.04)-> [595] -660 (0.06)-> [1253027] -167 (0.08)-> [2067202]
[09/18/2018 18:54:43 PM] [4116043] -167 (0.04)-> [5202078] -167 (0.05)-> [375495] -660 (0.04)-> [595] -660 (0.08)-> [498060] -355 (0.35)-> [2067202]
[09/18/2018 18:54:43 PM] [4116043] -167 (0.04)-> [5202078] -167 (0.05)-> [375495] -660 (0.04)-> [595] -660 (0.08)-> [498060] -625 (0.02)-> [1084793] -625 (0.03)-> [1253027] -167 (0.03)-> [2067202]
[09/18/2018 18:57:34 PM] [655713] -167 (0.04)-> [1229639] -301 (0.06)-> [3778606] -283 (0.07)-> [745572] -283 (0.31)-> [960485]
[09/18/2018 18:57:34 PM] [655713] -167 (0.04)-> [1229639] -140 (0.04)-> [5287545] -140 (0.06)-> [960485]
[09/18/2018 18:57:34 PM] [655713] -167 (0.04)-> [1229639] -301 (0.06)-> [3778606] -339 (0.07)-> [1307651] -339 (0.25)-> [960485]
[09/18/2018 18:57:34 PM] [655713] -167 (0.04)-> [1229639] -301 (0.06)-> [3778606] -339 (0.07)-> [1307651] -237 (0.05)-> [5456231] -340 (0.1)-> [2141493] -340 (0.15)-> [960485]
[09/18/2018 18:57:34 PM] [655713] -167 (0.04)-> [1229639] -301 (0.06)-> [3778606] -339 (0.07)-> [1307651] -339 (0.04)-> [3781413] -167 (0.07)-> [5496983] -167 (0.08)-> [960485]
[09/18/2018 18:59:41 PM] [2035236] -167 (0.04)-> [1357141] -167 (0.05)-> [4448584] -167 (0.1)-> [5013283] -301 (0.11)-> [1962564]
[09/18/2018 18:59:41 PM] [2035236] -410 (0.04)-> [2334622] -410 (0.04)-> [4947969] -167 (0.07)-> [5013283] -301 (0.08)-> [1962564]
[09/18/2018 18:59:41 PM] [2035236] -410 (0.04)-> [2334622] -410 (0.06)-> [2514691] -167 (0.07)-> [5013283] -301 (0.23)-> [1962564]
[09/18/2018 18:59:41 PM] [2035236] -410 (0.04)-> [2334622] -410 (0.06)-> [2514691] -394 (0.05)-> [5287545] -140 (0.06)-> [1962564]
[09/18/2018 18:59:41 PM] [2035236] -410 (0.04)-> [2334622] -410 (0.04)-> [4947969] -167 (0.07)-> [5013283] -582 (0.11)-> [3748161] -301 (0.16)-> [1962564]
[09/18/2018 19:02:03 PM] [2223657] -167 (0.04)-> [1906664] -460 (0.06)-> [3650613] -460 (0.08)-> [2074276]
[09/18/2018 19:02:03 PM] [2223657] -167 (0.04)-> [1906664] -501 (0.07)-> [2462014] -501 (0.18)-> [2074276]
[09/18/2018 19:02:03 PM] [2223657] -167 (0.04)-> [1906664] -501 (0.07)-> [2462014] -501 (0.05)-> [3147208] -661 (0.07)-> [3181950] -661 (0.12)-> [2074276]
[09/18/2018 19:02:03 PM] [2223657] -167 (0.04)-> [1906664] -501 (0.07)-> [2462014] -501 (0.05)-> [531112] -661 (0.07)-> [3181950] -661 (0.11)-> [2074276]
[09/18/2018 19:02:03 PM] [2223657] -167 (0.04)-> [1906664] -501 (0.07)-> [2462014] -501 (0.05)-> [3147208] -501 (0.06)-> [5379546] -501 (0.15)-> [2074276]
[09/18/2018 19:02:48 PM] [4133936] -167 (0.11)-> [516437]
[09/18/2018 19:04:02 PM] [3338759] -167 (0.12)-> [3166380]
[09/18/2018 19:04:02 PM] [3338759] -394 (0.05)-> [4177173] -140 (0.09)-> [3166380]
[09/18/2018 19:04:02 PM] [3338759] -652 (0.04)-> [5076415] -580 (0.05)-> [5377188] -167 (0.06)-> [3294176] -500 (0.09)-> [4473934] -511 (0.17)-> [3166380]
[09/18/2018 19:04:02 PM] [3338759] -652 (0.04)-> [5076415] -313 (0.04)-> [4177439] -313 (0.06)-> [607626] -167 (0.08)-> [3166380]
[09/18/2018 19:04:02 PM] [3338759] -652 (0.04)-> [5076415] -580 (0.05)-> [5377188] -167 (0.05)-> [4177173] -140 (0.1)-> [3166380]
[09/18/2018 19:06:11 PM] [2664587] -167 (0.06)-> [5470507] -167 (0.12)-> [1725830] -167 (0.15)-> [817795]
[09/18/2018 19:06:11 PM] [2664587] -167 (0.05)-> [5471367] -167 (0.09)-> [1725680] -167 (0.1)-> [817795]
[09/18/2018 19:06:11 PM] [2664587] -167 (0.05)-> [5471367] -167 (0.09)-> [1725680] -660 (0.04)-> [411] -660 (0.06)-> [2233357] -167 (0.06)-> [817795]
[09/18/2018 19:06:11 PM] [2664587] -167 (0.06)-> [5470507] -167 (0.12)-> [1725830] -410 (0.04)-> [331752] -410 (0.05)-> [5529083] -167 (0.06)-> [817795]
[09/18/2018 19:06:11 PM] [2664587] -167 (0.06)-> [5470507] -167 (0.08)-> [3022953] -167 (0.25)-> [817795]
[09/18/2018 19:07:28 PM] [608131] -167 (0.06)-> [4177173] -140 (0.1)-> [4176405]
[09/18/2018 19:07:28 PM] [608131] -167 (0.06)-> [3166380] -339 (0.09)-> [1012382] -339 (0.12)-> [4176405]
[09/18/2018 19:07:28 PM] [608131] -167 (0.06)-> [3166380] -339 (0.09)-> [1012382] -660 (0.04)-> [548] -660 (0.06)-> [4176475] -339 (0.09)-> [4176405]
[09/18/2018 19:07:28 PM] [608131] -167 (0.06)-> [3166380] -339 (0.09)-> [1012382] -416 (0.03)-> [1263044] -341 (0.05)-> [4177173] -140 (0.11)-> [4176405]
[09/18/2018 19:07:28 PM] [608131] -167 (0.06)-> [3166380] -339 (0.09)-> [1012382] -416 (0.03)-> [1263044] -660 (0.04)-> [173] -660 (0.05)-> [5343394] -339 (0.06)-> [4176405]
[09/18/2018 19:11:00 PM] [5588607] -167 (0.07)-> [4793233] -394 (0.08)-> [3817053] -167 (0.09)-> [1668220]
[09/18/2018 19:11:00 PM] [5588607] -394 (0.06)-> [4489828] -140 (0.08)-> [1668220]
[09/18/2018 19:11:00 PM] [5588607] -167 (0.07)-> [4793233] -394 (0.08)-> [3817053] -660 (0.03)-> [55] -660 (0.04)-> [5364828] -167 (0.06)-> [4489828] -140 (0.06)-> [1668220]
[09/18/2018 19:11:00 PM] [5588607] -167 (0.07)-> [4793233] -394 (0.08)-> [3817053] -660 (0.03)-> [55] -660 (0.04)-> [5364828] -167 (0.04)-> [3654220] -140 (0.05)-> [4489828] -140 (0.1)-> [1668220]
[09/18/2018 19:11:00 PM] [5588607] -167 (0.07)-> [4793233] -167 (0.07)-> [4655375] -167 (0.08)-> [4489828] -140 (0.4)-> [1668220]
[09/18/2018 19:12:38 PM] [5013209] -167 (0.08)-> [2450592] -301 (0.1)-> [1301637]
[09/18/2018 19:12:38 PM] [5013209] -167 (0.05)-> [5006152] -167 (0.06)-> [4243863] -167 (0.12)-> [2450592] -301 (0.15)-> [1301637]
[09/18/2018 19:12:38 PM] [5013209] -167 (0.08)-> [2450592] -301 (0.12)-> [1884974] -301 (0.19)-> [1301637]
[09/18/2018 19:12:38 PM] [5013209] -167 (0.08)-> [2450592] -582 (0.09)-> [4002893] -301 (0.13)-> [1301637]
[09/18/2018 19:12:38 PM] [5013209] -167 (0.08)-> [2450592] -301 (0.12)-> [1884974] -301 (0.1)-> [4002893] -301 (0.14)-> [1301637]
[09/18/2018 19:15:11 PM] [2643163] -167 (0.06)-> [516432] -512 (0.11)-> [582331] -167 (0.18)-> [516437]
[09/18/2018 19:15:11 PM] [2643163] -167 (0.06)-> [516432] -339 (0.08)-> [516563] -339 (0.3)-> [516437]
[09/18/2018 19:15:11 PM] [2643163] -167 (0.06)-> [516432] -339 (0.08)-> [516563] -339 (0.05)-> [3771978] -140 (0.08)-> [516437]
[09/18/2018 19:15:11 PM] [2643163] -167 (0.06)-> [516432] -339 (0.08)-> [516563] -615 (0.05)-> [5301152] -615 (0.08)-> [4593570] -339 (0.1)-> [516437]
[09/18/2018 19:15:11 PM] [2643163] -167 (0.06)-> [516432] -339 (0.08)-> [516563] -615 (0.05)-> [5301152] -615 (0.08)-> [4593570] -339 (0.05)-> [3771978] -140 (0.08)-> [516437]
[09/18/2018 19:18:08 PM] [2038210] -167 (0.04)-> [1151425] -140 (0.05)-> [5286709] -140 (0.14)-> [1447566]
[09/18/2018 19:18:08 PM] [2038210] -167 (0.04)-> [1151425] -167 (0.06)-> [1424947] -167 (0.07)-> [5286709] -140 (0.29)-> [1447566]
[09/18/2018 19:18:08 PM] [2038210] -167 (0.04)-> [1151425] -167 (0.06)-> [1424947] -167 (0.06)-> [1705443] -140 (0.07)-> [4821575] -339 (0.08)-> [1447566]
[09/18/2018 19:18:08 PM] [2038210] -167 (0.04)-> [1151425] -167 (0.06)-> [1424947] -167 (0.06)-> [1705443] -140 (0.07)-> [4821575] -339 (0.05)-> [904402] -661 (0.07)-> [3513294] -369 (0.12)-> [1447566]
[09/18/2018 19:18:08 PM] [2038210] -167 (0.04)-> [1151425] -167 (0.06)-> [1424947] -167 (0.06)-> [1705443] -140 (0.07)-> [4821575] -660 (0.03)-> [320] -660 (0.04)-> [4821643] -339 (0.06)-> [3513294] -369 (0.07)-> [1447566]
[09/18/2018 19:21:22 PM] [5513613] -167 (0.04)-> [3073503] -167 (0.05)-> [2280491] -410 (0.07)-> [4179071] -410 (0.1)-> [5399093] -167 (0.12)-> [699998]
[09/18/2018 19:21:22 PM] [5513613] -410 (0.03)-> [1990691] -410 (0.05)-> [805389] -167 (0.05)-> [4567000] -511 (0.09)-> [1092808] -511 (0.13)-> [699998]
[09/18/2018 19:21:22 PM] [5513613] -410 (0.03)-> [1990691] -410 (0.04)-> [2649177] -167 (0.06)-> [5013283] -167 (0.07)-> [2027579] -167 (0.21)-> [699998]
[09/18/2018 19:21:22 PM] [5513613] -410 (0.03)-> [1990691] -410 (0.04)-> [2649177] -167 (0.06)-> [5013283] -659 (0.1)-> [699998]
[09/18/2018 19:21:22 PM] [5513613] -410 (0.03)-> [1990691] -410 (0.04)-> [2649177] -410 (0.05)-> [992547] -410 (0.07)-> [4353083] -167 (0.1)-> [699998]
[09/18/2018 19:21:41 PM] [2013737] -167 (0.09)-> [3771978]
[09/18/2018 19:22:07 PM] [2013737] -167 (0.96)-> [2403213]
[09/18/2018 19:23:33 PM] [4016695] -167 (0.04)-> [3218121] -167 (0.07)-> [802452] -167 (0.09)-> [3781679]
[09/18/2018 19:23:33 PM] [4016695] -434 (0.04)-> [1883191] -440 (0.07)-> [576573] -167 (0.15)-> [3781679]
[09/18/2018 19:23:33 PM] [4016695] -167 (0.04)-> [3218121] -167 (0.07)-> [802452] -195 (0.05)-> [3144411] -272 (0.13)-> [3781679]
[09/18/2018 19:23:33 PM] [4016695] -167 (0.04)-> [3218121] -167 (0.07)-> [802452] -195 (0.05)-> [3144411] -441 (0.05)-> [1445609] -167 (0.1)-> [3781679]
[09/18/2018 19:23:33 PM] [4016695] -167 (0.04)-> [3218121] -167 (0.07)-> [802452] -511 (0.04)-> [4145550] -167 (0.08)-> [5515315] -167 (0.1)-> [3781679]
[09/18/2018 19:25:11 PM] [4277882] -410 (0.04)-> [4152322] -410 (0.06)-> [5514750] -167 (0.08)-> [3778606]
[09/18/2018 19:25:11 PM] [4277882] -410 (0.04)-> [4152322] -480 (0.06)-> [2565126] -167 (0.15)-> [3778606]
[09/18/2018 19:25:11 PM] [4277882] -410 (0.04)-> [4152322] -410 (0.06)-> [5514750] -167 (0.06)-> [3996489] -301 (0.19)-> [3778606]
[09/18/2018 19:25:11 PM] [4277882] -410 (0.04)-> [4152322] -410 (0.06)-> [5514750] -394 (0.04)-> [5287545] -140 (0.06)-> [3778606]
[09/18/2018 19:25:11 PM] [4277882] -167 (0.04)-> [4581292] -167 (0.06)-> [1410821] -54 (0.07)-> [2402098] -54 (0.11)-> [3759591] -511 (0.15)-> [3778606]
[09/18/2018 19:27:17 PM] [2278384] -167 (0.05)-> [5360340] -167 (0.09)-> [3023275] -167 (0.11)-> [702527]
[09/18/2018 19:27:17 PM] [2278384] -167 (0.05)-> [702517] -167 (0.08)-> [1740452] -167 (0.09)-> [702527]
[09/18/2018 19:27:17 PM] [2278384] -167 (0.05)-> [5360340] -167 (0.09)-> [3023275] -660 (0.04)-> [696] -660 (0.06)-> [2884591] -140 (0.08)-> [702527]
[09/18/2018 19:27:17 PM] [2278384] -167 (0.05)-> [702517] -167 (0.08)-> [1740452] -394 (0.05)-> [702672] -81 (0.09)-> [4258248] -140 (0.11)-> [702527]
[09/18/2018 19:27:17 PM] [2278384] -167 (0.05)-> [702517] -167 (0.08)-> [1740452] -660 (0.04)-> [49] -660 (0.06)-> [346856] -167 (0.07)-> [702527]
[09/18/2018 19:28:53 PM] [1944230] -167 (0.04)-> [3785217] -140 (0.05)-> [5287545] -140 (0.14)-> [4454342]
[09/18/2018 19:28:53 PM] [1944230] -167 (0.04)-> [3785217] -167 (0.05)-> [4602651] -167 (0.06)-> [5287545] -140 (0.25)-> [4454342]
[09/18/2018 19:28:53 PM] [1944230] -167 (0.04)-> [3785217] -140 (0.05)-> [5287545] -140 (0.15)-> [5450942] -301 (0.25)-> [4454342]
[09/18/2018 19:28:53 PM] [1944230] -167 (0.04)-> [3785217] -140 (0.05)-> [5287545] -140 (0.15)-> [5450942] -659 (0.07)-> [3845765] -301 (0.09)-> [4454342]
[09/18/2018 19:28:53 PM] [1944230] -167 (0.04)-> [3785217] -167 (0.05)-> [4602651] -167 (0.06)-> [5287545] -140 (0.15)-> [5450942] -301 (0.25)-> [4454342]
[09/18/2018 19:30:31 PM] [3350662] -167 (0.06)-> [2496513] -140 (0.08)-> [1272500]
[09/18/2018 19:30:31 PM] [3350662] -167 (0.04)-> [4443807] -140 (0.05)-> [2496513] -140 (0.1)-> [1272500]
[09/18/2018 19:30:31 PM] [3350662] -167 (0.04)-> [4443807] -167 (0.06)-> [4996332] -167 (0.08)-> [2496513] -140 (0.46)-> [1272500]
[09/18/2018 19:30:31 PM] [3350662] -167 (0.06)-> [2496513] -167 (0.17)-> [5341910] -167 (0.4)-> [1272500]
[09/18/2018 19:30:31 PM] [3350662] -167 (0.06)-> [2496513] -167 (0.17)-> [5341910] -660 (0.04)-> [204] -660 (0.04)-> [4583076] -167 (0.06)-> [5342252] -500 (0.07)-> [1272500]
[09/18/2018 19:32:49 PM] [857235] -410 (0.05)-> [4965621] -410 (0.1)-> [339921] -167 (0.15)-> [1705443]
[09/18/2018 19:32:49 PM] [857235] -167 (0.04)-> [3208131] -167 (0.08)-> [5518948] -167 (0.09)-> [1705443]
[09/18/2018 19:32:49 PM] [857235] -410 (0.05)-> [4965621] -410 (0.05)-> [1548151] -394 (0.19)-> [1705443]
[09/18/2018 19:32:49 PM] [857235] -410 (0.05)-> [4965621] -410 (0.1)-> [339921] -167 (0.04)-> [3208131] -167 (0.08)-> [5518948] -167 (0.09)-> [1705443]
[09/18/2018 19:32:49 PM] [857235] -410 (0.05)-> [4965621] -410 (0.1)-> [339921] -208 (0.03)-> [5055167] -339 (0.06)-> [5060050] -140 (0.09)-> [1705443]
[09/18/2018 19:36:07 PM] [835000] -167 (0.03)-> [2007759] -116 (0.05)-> [200964] -660 (0.05)-> [653] -660 (0.12)-> [19009] -116 (0.15)-> [1931479]
[09/18/2018 19:36:07 PM] [835000] -167 (0.03)-> [2007759] -140 (0.04)-> [5286709] -394 (0.06)-> [2134459] -167 (0.07)-> [1931479]
[09/18/2018 19:36:07 PM] [835000] -167 (0.03)-> [2007759] -116 (0.05)-> [200964] -116 (0.04)-> [5286709] -394 (0.05)-> [2134459] -167 (0.06)-> [1931479]
[09/18/2018 19:36:07 PM] [835000] -167 (0.03)-> [2007759] -116 (0.05)-> [200964] -660 (0.05)-> [653] -660 (0.12)-> [19009] -116 (0.04)-> [2060365] -140 (0.07)-> [1931479]
[09/18/2018 19:36:07 PM] [835000] -167 (0.03)-> [2007759] -140 (0.04)-> [5286709] -339 (0.08)-> [1577876] -339 (0.24)-> [1931479]
[09/18/2018 19:37:42 PM] [1352024] -167 (0.06)-> [4995589] -116 (0.1)-> [22326] -116 (0.12)-> [3328189]
[09/18/2018 19:37:42 PM] [1352024] -167 (0.05)-> [2490794] -394 (0.08)-> [2769968] -167 (0.1)-> [3328189]
[09/18/2018 19:37:42 PM] [1352024] -167 (0.06)-> [4995589] -167 (0.09)-> [2491978] -167 (0.23)-> [3328189]
[09/18/2018 19:37:42 PM] [1352024] -167 (0.06)-> [4995589] -167 (0.09)-> [2491978] -660 (0.04)-> [601] -660 (0.05)-> [1880869] -167 (0.07)-> [3328189]
[09/18/2018 19:37:42 PM] [1352024] -167 (0.05)-> [2490794] -394 (0.1)-> [444237] -167 (0.27)-> [3328189]
[09/18/2018 19:39:48 PM] [1070738] -167 (0.04)-> [3373039] -339 (0.06)-> [1842021] -660 (0.06)-> [536] -660 (0.15)-> [4793000] -339 (0.19)-> [3061864]
[09/18/2018 19:39:48 PM] [1070738] -480 (0.03)-> [3856959] -410 (0.03)-> [1695793] -167 (0.04)-> [3436140] -301 (0.05)-> [3061864]
[09/18/2018 19:39:48 PM] [1070738] -480 (0.03)-> [3856959] -410 (0.05)-> [470601] -167 (0.07)-> [3436140] -301 (0.22)-> [3061864]
[09/18/2018 19:39:48 PM] [1070738] -480 (0.03)-> [3856959] -410 (0.05)-> [470601] -167 (0.05)-> [917573] -167 (0.06)-> [1121686] -34 (0.08)-> [1872936] -339 (0.1)-> [3061864]
[09/18/2018 19:39:48 PM] [1070738] -480 (0.03)-> [3856959] -410 (0.03)-> [1695793] -167 (0.04)-> [3776390] -512 (0.06)-> [5504740] -167 (0.12)-> [3436140] -301 (0.15)-> [3061864]
[09/18/2018 19:42:26 PM] [4445657] -410 (0.04)-> [4158828] -410 (0.06)-> [1628254] -167 (0.08)-> [1486871]
[09/18/2018 19:42:26 PM] [4445657] -410 (0.04)-> [4158828] -480 (0.05)-> [2121210] -578 (0.1)-> [1123859] -167 (0.2)-> [1486871]
[09/18/2018 19:42:26 PM] [4445657] -410 (0.04)-> [4158828] -480 (0.05)-> [2121210] -480 (0.03)-> [4988817] -410 (0.05)-> [1112515] -283 (0.05)-> [1486871]
[09/18/2018 19:42:26 PM] [4445657] -410 (0.04)-> [4158828] -480 (0.05)-> [2121210] -480 (0.03)-> [4988817] -410 (0.07)-> [4423141] -283 (0.19)-> [1486871]
[09/18/2018 19:42:26 PM] [4445657] -410 (0.04)-> [4158828] -480 (0.05)-> [2121210] -480 (0.03)-> [4988817] -410 (0.07)-> [4423141] -497 (0.05)-> [3290641] -339 (0.09)-> [1486871]
[09/18/2018 19:44:34 PM] [810438] -167 (0.04)-> [509316] -116 (0.06)-> [509338] -27 (0.07)-> [2026510] -167 (0.16)-> [3732030]
[09/18/2018 19:44:34 PM] [810438] -167 (0.04)-> [509316] -116 (0.06)-> [509338] -27 (0.07)-> [2026510] -660 (0.05)-> [303] -660 (0.06)-> [2375079] -511 (0.08)-> [3732030]
[09/18/2018 19:44:34 PM] [810438] -167 (0.04)-> [509316] -116 (0.06)-> [509338] -27 (0.06)-> [2699244] -167 (0.08)-> [3095467] -167 (0.1)-> [2375079] -511 (0.17)-> [3732030]
[09/18/2018 19:44:34 PM] [810438] -167 (0.04)-> [509316] -116 (0.06)-> [509338] -27 (0.06)-> [2699244] -111 (0.04)-> [2134565] -167 (0.05)-> [3436140] -301 (0.06)-> [735587] -301 (0.14)-> [3732030]
[09/18/2018 19:44:34 PM] [810438] -167 (0.04)-> [509316] -116 (0.06)-> [509338] -27 (0.06)-> [2699244] -111 (0.04)-> [2134565] -167 (0.05)-> [3436140] -301 (0.06)-> [735587] -301 (0.06)-> [3778008] -301 (0.1)-> [3732030]
[09/18/2018 19:47:53 PM] [2568029] -167 (0.04)-> [2877538] -500 (0.04)-> [2242593] -660 (0.05)-> [404] -660 (0.12)-> [5114353] -167 (0.16)-> [2966736]
[09/18/2018 19:47:53 PM] [2568029] -167 (0.04)-> [2877538] -500 (0.04)-> [2242593] -394 (0.03)-> [4811084] -394 (0.04)-> [579230] -204 (0.04)-> [4621407] -394 (0.07)-> [2027995] -167 (0.08)-> [2966736]
[09/18/2018 19:47:53 PM] [2568029] -167 (0.03)-> [954810] -394 (0.04)-> [4168269] -660 (0.05)-> [404] -660 (0.11)-> [5114353] -167 (0.16)-> [2966736]
[09/18/2018 19:47:53 PM] [2568029] -167 (0.03)-> [954810] -394 (0.04)-> [4168269] -505 (0.03)-> [1005093] -660 (0.04)-> [480] -660 (0.04)-> [4390226] -167 (0.14)-> [2966736]
[09/18/2018 19:47:53 PM] [2568029] -167 (0.03)-> [954810] -394 (0.04)-> [4168269] -505 (0.03)-> [1005093] -660 (0.04)-> [480] -660 (0.04)-> [4390226] -394 (0.05)-> [4615546] -394 (0.06)-> [2027995] -167 (0.08)-> [2966736]
[09/18/2018 19:50:21 PM] [2774756] -167 (0.05)-> [3999975] -460 (0.07)-> [4647279] -460 (0.1)-> [490722]
[09/18/2018 19:50:21 PM] [2774756] -167 (0.05)-> [3999975] -460 (0.07)-> [4647279] -460 (0.05)-> [1910412] -500 (0.08)-> [742477] -500 (0.1)-> [490722]
[09/18/2018 19:50:21 PM] [2774756] -167 (0.05)-> [3999975] -460 (0.07)-> [4647279] -460 (0.05)-> [5662859] -339 (0.07)-> [3037214] -339 (0.1)-> [490722]
[09/18/2018 19:50:21 PM] [2774756] -167 (0.05)-> [3999975] -460 (0.08)-> [715515] -460 (0.24)-> [490722]
[09/18/2018 19:50:21 PM] [2774756] -167 (0.05)-> [3999975] -460 (0.08)-> [715515] -460 (0.05)-> [910523] -460 (0.08)-> [5241984] -460 (0.11)-> [490722]
[09/18/2018 19:52:40 PM] [2303942] -167 (0.04)-> [5342598] -167 (0.1)-> [1948639] -394 (0.13)-> [1705443]
[09/18/2018 19:52:40 PM] [2303942] -410 (0.04)-> [2437845] -410 (0.08)-> [5115704] -167 (0.1)-> [1705443]
[09/18/2018 19:52:40 PM] [2303942] -167 (0.04)-> [5342598] -167 (0.1)-> [1948639] -660 (0.03)-> [755] -660 (0.06)-> [5439294] -167 (0.06)-> [1705443]
[09/18/2018 19:52:40 PM] [2303942] -167 (0.04)-> [5342598] -167 (0.1)-> [1948639] -480 (0.03)-> [4120816] -410 (0.05)-> [2251099] -167 (0.06)-> [1705443]
[09/18/2018 19:52:40 PM] [2303942] -167 (0.04)-> [5342598] -167 (0.06)-> [4391266] -394 (0.23)-> [1705443]
[09/18/2018 19:56:21 PM] [650758] -167 (0.03)-> [4580927] -167 (0.05)-> [3253429] -394 (0.06)-> [4795364] -394 (0.1)-> [2774022] -167 (0.13)-> [960485]
[09/18/2018 19:56:21 PM] [650758] -195 (0.03)-> [923404] -311 (0.04)-> [1371414] -167 (0.05)-> [4898064] -167 (0.06)-> [445352] -111 (0.07)-> [2772946] -167 (0.1)-> [960485]
[09/18/2018 19:56:21 PM] [650758] -195 (0.03)-> [923404] -311 (0.04)-> [1371414] -167 (0.05)-> [4898064] -167 (0.06)-> [445352] -394 (0.05)-> [508708] -394 (0.08)-> [2676141] -167 (0.09)-> [960485]
[09/18/2018 19:56:21 PM] [650758] -195 (0.03)-> [923404] -311 (0.04)-> [2719227] -54 (0.06)-> [2357792] -615 (0.09)-> [1596924] -339 (0.2)-> [960485]
[09/18/2018 19:56:21 PM] [650758] -195 (0.03)-> [923404] -311 (0.04)-> [2719227] -54 (0.06)-> [2357792] -615 (0.09)-> [1596924] -339 (0.04)-> [3781413] -167 (0.07)-> [5496983] -167 (0.08)-> [960485]
[09/18/2018 19:56:54 PM] [2077422] -167 (0.08)-> [1705443]
[09/18/2018 19:58:11 PM] [1660127] -394 (0.09)-> [3650646]
[09/18/2018 19:58:11 PM] [1660127] -167 (0.04)-> [3868674] -167 (0.05)-> [5510277] -54 (0.06)-> [3702465] -54 (0.12)-> [2047948] -167 (0.16)-> [3650646]
[09/18/2018 19:58:11 PM] [1660127] -167 (0.04)-> [3868674] -661 (0.04)-> [5246058] -661 (0.07)-> [5153414] -140 (0.09)-> [3650646]
[09/18/2018 19:58:11 PM] [1660127] -167 (0.04)-> [3868674] -661 (0.04)-> [5246058] -661 (0.06)-> [3407605] -140 (0.14)-> [3650646]
[09/18/2018 19:58:11 PM] [1660127] -580 (0.03)-> [465599] -660 (0.04)-> [266] -660 (0.05)-> [3998690] -140 (0.18)-> [3650646]
[09/18/2018 20:01:47 PM] [1847441] -111 (0.11)-> [1757548] -167 (0.2)-> [503218]
[09/18/2018 20:01:47 PM] [1847441] -578 (0.07)-> [3795878] -506 (0.11)-> [1757548] -167 (0.19)-> [503218]
[09/18/2018 20:01:47 PM] [1847441] -578 (0.07)-> [3795878] -410 (0.04)-> [3795879] -660 (0.04)-> [503] -660 (0.05)-> [1674345] -410 (0.05)-> [1674344] -167 (0.45)-> [503218]
[09/18/2018 20:01:47 PM] [1847441] -111 (0.11)-> [1757548] -410 (0.04)-> [1757549] -660 (0.04)-> [503] -660 (0.05)-> [1674345] -410 (0.05)-> [1674344] -167 (0.45)-> [503218]
[09/18/2018 20:01:47 PM] [1847441] -578 (0.07)-> [3795878] -506 (0.11)-> [1757548] -410 (0.04)-> [1757549] -660 (0.04)-> [503] -660 (0.05)-> [1674345] -410 (0.05)-> [1674344] -167 (0.45)-> [503218]
[09/18/2018 20:07:24 PM] [813601] -311 (0.02)-> [2017658] -660 (0.03)-> [709] -660 (0.03)-> [5207943] -140 (0.04)-> [508793] -501 (0.05)-> [1041035] -340 (0.06)-> [582853] -500 (0.07)-> [4346724] -500 (0.29)-> [3089753]
[09/18/2018 20:07:24 PM] [813601] -311 (0.02)-> [2017658] -7 (0.02)-> [1766489] -7 (0.02)-> [1902089] -140 (0.03)-> [2383313] -394 (0.03)-> [2090350] -167 (0.04)-> [4980451] -500 (0.06)-> [4346724] -500 (0.08)-> [3089753]
[09/18/2018 20:07:24 PM] [813601] -311 (0.02)-> [2017658] -7 (0.02)-> [1766489] -7 (0.02)-> [1902089] -140 (0.03)-> [2383313] -394 (0.03)-> [2090350] -167 (0.04)-> [4980451] -170 (0.04)-> [3206094] -170 (0.06)-> [3089753]
[09/18/2018 20:07:24 PM] [813601] -311 (0.02)-> [2017658] -660 (0.03)-> [709] -660 (0.03)-> [5207943] -140 (0.04)-> [508793] -501 (0.05)-> [1041035] -660 (0.03)-> [173] -660 (0.04)-> [719703] -339 (0.05)-> [4346724] -500 (0.06)-> [3089753]
[09/18/2018 20:07:24 PM] [813601] -311 (0.02)-> [2017658] -7 (0.02)-> [1766489] -7 (0.03)-> [3741718] -140 (0.03)-> [2383313] -394 (0.05)-> [2090350] -167 (0.05)-> [4980451] -500 (0.06)-> [4346724] -500 (0.16)-> [3089753]
[09/18/2018 20:10:32 PM] [3498720] -167 (0.04)-> [2636649] -452 (0.06)-> [4716293] -661 (0.09)-> [2643941] -661 (0.12)-> [2416116]
[09/18/2018 20:10:32 PM] [3498720] -167 (0.04)-> [2636649] -452 (0.06)-> [4716293] -126 (0.03)-> [4392859] -660 (0.04)-> [591] -660 (0.05)-> [1535509] -167 (0.12)-> [2416116]
[09/18/2018 20:10:32 PM] [3498720] -167 (0.04)-> [2636649] -452 (0.06)-> [4716293] -661 (0.09)-> [2643941] -661 (0.04)-> [3315707] -661 (0.06)-> [3187727] -661 (0.18)-> [2416116]
[09/18/2018 20:10:32 PM] [3498720] -167 (0.04)-> [2636649] -452 (0.06)-> [4716293] -661 (0.09)-> [2643941] -661 (0.04)-> [3112022] -661 (0.06)-> [3187727] -661 (0.17)-> [2416116]
[09/18/2018 20:10:32 PM] [3498720] -167 (0.04)-> [2636649] -452 (0.06)-> [4716293] -126 (0.03)-> [4392859] -660 (0.04)-> [591] -660 (0.1)-> [2160703] -167 (0.2)-> [2416116]
[09/18/2018 20:12:24 PM] [318249] -394 (0.04)-> [2060365] -394 (0.06)-> [1957213] -167 (0.07)-> [2058487]
[09/18/2018 20:12:24 PM] [318249] -480 (0.03)-> [4123774] -480 (0.04)-> [1229044] -167 (0.06)-> [2058487]
[09/18/2018 20:12:24 PM] [318249] -394 (0.04)-> [2060365] -394 (0.06)-> [1957213] -167 (0.06)-> [817795] -167 (0.08)-> [2293913] -167 (0.1)-> [2058487]
[09/18/2018 20:12:24 PM] [318249] -480 (0.03)-> [4123774] -480 (0.04)-> [1229044] -167 (0.07)-> [3704055] -167 (0.11)-> [1192354] -167 (0.15)-> [2058487]
[09/18/2018 20:12:24 PM] [318249] -480 (0.03)-> [4123774] -480 (0.04)-> [1229044] -394 (0.04)-> [3771978] -394 (0.04)-> [1545098] -167 (0.05)-> [2625138] -167 (0.07)-> [2686937] -167 (0.08)-> [2058487]
[09/18/2018 20:14:22 PM] [4561839] -167 (0.07)-> [953879] -511 (0.08)-> [2230112] -511 (0.11)-> [5552742]
[09/18/2018 20:14:22 PM] [4561839] -167 (0.07)-> [953879] -511 (0.08)-> [2230112] -512 (0.07)-> [4772940] -167 (0.09)-> [1949213] -167 (0.1)-> [5552742]
[09/18/2018 20:14:22 PM] [4561839] -167 (0.05)-> [2970502] -339 (0.05)-> [1566399] -339 (0.07)-> [953879] -511 (0.17)-> [2230112] -511 (0.24)-> [5552742]
[09/18/2018 20:14:22 PM] [4561839] -167 (0.05)-> [2970502] -339 (0.05)-> [1566399] -291 (0.03)-> [3658630] -250 (0.03)-> [844954] -140 (0.03)-> [2146553] -501 (0.03)-> [2146659] -340 (0.04)-> [1273927] -116 (0.05)-> [1273928] -116 (0.07)-> [5552742]
[09/18/2018 20:14:22 PM] [4561839] -167 (0.05)-> [2970502] -339 (0.05)-> [1566399] -291 (0.03)-> [3658630] -250 (0.03)-> [844954] -660 (0.03)-> [390] -660 (0.03)-> [3614326] -140 (0.03)-> [2146553] -501 (0.04)-> [2146659] -340 (0.04)-> [1273927] -116 (0.07)-> [1273928] -116 (0.08)-> [5552742]
[09/18/2018 20:17:03 PM] [2668344] -167 (0.04)-> [3886286] -452 (0.05)-> [775014] -660 (0.05)-> [410] -660 (0.17)-> [1046733] -452 (0.34)-> [3641936]
[09/18/2018 20:17:03 PM] [2668344] -167 (0.04)-> [3886286] -452 (0.04)-> [2244165] -660 (0.05)-> [410] -660 (0.06)-> [1046733] -452 (0.24)-> [3641936]
[09/18/2018 20:17:03 PM] [2668344] -167 (0.04)-> [3886286] -452 (0.04)-> [2244165] -660 (0.05)-> [410] -660 (0.06)-> [1046733] -452 (0.06)-> [5471731] -498 (0.09)-> [4371733] -498 (0.13)-> [3641936]
[09/18/2018 20:17:03 PM] [2668344] -167 (0.04)-> [3886286] -452 (0.04)-> [2244165] -660 (0.05)-> [410] -660 (0.06)-> [1046733] -303 (0.04)-> [569359] -452 (0.04)-> [1050367] -500 (0.05)-> [2110083] -140 (0.07)-> [3641936]
[09/18/2018 20:17:03 PM] [2668344] -167 (0.04)-> [3886286] -452 (0.04)-> [2244165] -57 (0.03)-> [2727855] -57 (0.04)-> [507833] -603 (0.04)-> [5154924] -661 (0.06)-> [3178117] -661 (0.21)-> [3641936]
[09/18/2018 20:18:38 PM] [2741255] -167 (0.04)-> [2931416] -140 (0.04)-> [1245269] -167 (0.07)-> [1825179] -140 (0.08)-> [3783066] -140 (0.11)-> [5428257]
[09/18/2018 20:18:38 PM] [2741255] -167 (0.04)-> [2931416] -582 (0.05)-> [1041251] -659 (0.06)-> [3783066] -140 (0.17)-> [5428257]
[09/18/2018 20:18:38 PM] [2741255] -167 (0.04)-> [2931416] -140 (0.04)-> [1245269] -659 (0.04)-> [4914159] -167 (0.04)-> [1777337] -394 (0.08)-> [3783066] -140 (0.09)-> [5428257]
[09/18/2018 20:18:38 PM] [2741255] -167 (0.04)-> [2931416] -582 (0.05)-> [1041251] -659 (0.04)-> [5293992] -27 (0.05)-> [1870539] -511 (0.1)-> [3783066] -140 (0.15)-> [5428257]
[09/18/2018 20:18:38 PM] [2741255] -167 (0.04)-> [2931416] -582 (0.05)-> [1041251] -659 (0.04)-> [5293992] -27 (0.06)-> [5120311] -167 (0.07)-> [3783066] -140 (0.21)-> [5428257]
[09/18/2018 20:21:20 PM] [2700681] -167 (0.04)-> [3778253] -338 (0.05)-> [4053112] -615 (0.05)-> [2088468] -615 (0.09)-> [1654491] -338 (0.12)-> [1932062]
[09/18/2018 20:21:20 PM] [2700681] -410 (0.03)-> [4201242] -480 (0.04)-> [1435215] -194 (0.04)-> [5476043] -27 (0.06)-> [1029168] -167 (0.08)-> [1932062]
[09/18/2018 20:21:20 PM] [2700681] -410 (0.03)-> [4201242] -480 (0.04)-> [1435215] -194 (0.04)-> [5476043] -582 (0.05)-> [4064325] -301 (0.07)-> [1932062]
[09/18/2018 20:21:20 PM] [2700681] -167 (0.04)-> [3778253] -338 (0.05)-> [4053112] -660 (0.05)-> [108] -660 (0.06)-> [1654491] -338 (0.08)-> [1932062]
[09/18/2018 20:21:20 PM] [2700681] -410 (0.03)-> [4201242] -480 (0.04)-> [1435215] -194 (0.04)-> [5295213] -27 (0.05)-> [4617990] -592 (0.06)-> [3426589] -511 (0.09)-> [1932062]
[09/18/2018 20:23:44 PM] [2181242] -410 (0.04)-> [918550] -214 (0.07)-> [2131061] -167 (0.09)-> [817795]
[09/18/2018 20:23:44 PM] [2181242] -410 (0.04)-> [918550] -480 (0.07)-> [1051916] -167 (0.2)-> [817795]
[09/18/2018 20:23:44 PM] [2181242] -167 (0.04)-> [3275712] -167 (0.08)-> [2277470] -325 (0.11)-> [4322134] -339 (0.19)-> [817795]
[09/18/2018 20:23:44 PM] [2181242] -167 (0.04)-> [3275712] -167 (0.08)-> [2277470] -325 (0.06)-> [3007916] -339 (0.18)-> [817795]
[09/18/2018 20:23:44 PM] [2181242] -167 (0.04)-> [3275712] -167 (0.08)-> [2277470] -325 (0.11)-> [4322134] -372 (0.06)-> [4088509] -167 (0.12)-> [817795]
[09/18/2018 20:25:52 PM] [3272919] -167 (0.04)-> [976830] -301 (0.05)-> [2147429] -301 (0.06)-> [739637] -301 (0.08)-> [3868707] -301 (0.11)-> [2357474]
[09/18/2018 20:25:52 PM] [3272919] -167 (0.04)-> [976830] -608 (0.05)-> [1097087] -608 (0.06)-> [2357474]
[09/18/2018 20:25:52 PM] [3272919] -167 (0.04)-> [976830] -301 (0.05)-> [2147429] -608 (0.05)-> [1097087] -608 (0.06)-> [2357474]
[09/18/2018 20:25:52 PM] [3272919] -394 (0.03)-> [2383292] -460 (0.04)-> [4754696] -338 (0.05)-> [2883281] -338 (0.05)-> [3868707] -301 (0.12)-> [2357474]
[09/18/2018 20:25:52 PM] [3272919] -394 (0.03)-> [2383292] -460 (0.04)-> [4754696] -338 (0.05)-> [2883281] -338 (0.04)-> [751113] -608 (0.04)-> [1097087] -608 (0.12)-> [2357474]
[09/18/2018 20:27:51 PM] [313299] -167 (0.07)-> [4117070] -661 (0.09)-> [768885]
[09/18/2018 20:27:51 PM] [313299] -465 (0.06)-> [2945927] -167 (0.08)-> [4902640] -78 (0.1)-> [1347889] -78 (0.15)-> [768885]
[09/18/2018 20:27:51 PM] [313299] -465 (0.06)-> [2945927] -394 (0.06)-> [4117070] -661 (0.08)-> [768885]
[09/18/2018 20:27:51 PM] [313299] -465 (0.06)-> [2945927] -167 (0.08)-> [4902640] -78 (0.1)-> [1347861] -78 (0.21)-> [768885]
[09/18/2018 20:27:51 PM] [313299] -167 (0.07)-> [4117070] -167 (0.16)-> [4345151] -167 (0.37)-> [768885]
[09/18/2018 20:29:52 PM] [2214678] -167 (0.06)-> [3051784] -167 (0.09)-> [2069170] -283 (0.12)-> [516218]
[09/18/2018 20:29:52 PM] [2214678] -167 (0.05)-> [3977771] -167 (0.08)-> [2069170] -283 (0.1)-> [516218]
[09/18/2018 20:29:52 PM] [2214678] -167 (0.05)-> [3977771] -167 (0.08)-> [2069170] -283 (0.05)-> [2449097] -140 (0.07)-> [516218]
[09/18/2018 20:29:52 PM] [2214678] -167 (0.06)-> [3051784] -167 (0.09)-> [2069170] -283 (0.05)-> [2449097] -140 (0.07)-> [516218]
[09/18/2018 20:29:52 PM] [2214678] -167 (0.05)-> [3977771] -167 (0.08)-> [2069170] -660 (0.04)-> [454] -660 (0.06)-> [3731629] -283 (0.06)-> [516218]
[09/18/2018 20:30:25 PM] [2535687] -167 (0.1)-> [3999975]
[09/18/2018 20:31:15 PM] [3071547] -167 (0.11)-> [4875733]
[09/18/2018 20:31:15 PM] [3071547] -167 (0.05)-> [4925444] -140 (0.09)-> [4875733]
[09/18/2018 20:31:15 PM] [3071547] -410 (0.04)-> [4807023] -410 (0.06)-> [4922068] -167 (0.07)-> [3146920] -167 (0.1)-> [3366915] -167 (0.12)-> [4875733]
[09/18/2018 20:31:15 PM] [3071547] -410 (0.04)-> [4807023] -410 (0.05)-> [575994] -394 (0.08)-> [4925617] -394 (0.09)-> [5429664] -167 (0.25)-> [4875733]
[09/18/2018 20:31:15 PM] [3071547] -410 (0.04)-> [4807023] -410 (0.05)-> [575994] -394 (0.04)-> [4925444] -140 (0.08)-> [4875733]
[09/18/2018 20:31:46 PM] [1130973] -167 (0.09)-> [3218121]
[09/18/2018 20:35:04 PM] [482054] -467 (0.03)-> [5531616] -660 (0.04)-> [692] -660 (0.04)-> [917927] -580 (0.05)-> [2835513] -167 (0.24)-> [3587960]
[09/18/2018 20:35:04 PM] [482054] -467 (0.03)-> [5531616] -398 (0.02)-> [957214] -615 (0.02)-> [2327844] -78 (0.03)-> [922493] -660 (0.03)-> [152] -660 (0.03)-> [3587960]
[09/18/2018 20:35:04 PM] [482054] -467 (0.03)-> [5531616] -398 (0.02)-> [957214] -615 (0.02)-> [2327844] -78 (0.03)-> [3229234] -660 (0.04)-> [152] -660 (0.09)-> [3587960]
[09/18/2018 20:35:04 PM] [482054] -580 (0.03)-> [3143777] -660 (0.03)-> [692] -660 (0.04)-> [917927] -580 (0.05)-> [2835513] -167 (0.21)-> [3587960]
[09/18/2018 20:35:04 PM] [482054] -580 (0.03)-> [3143777] -478 (0.03)-> [4276316] -167 (0.04)-> [5343326] -660 (0.08)-> [152] -660 (0.16)-> [3587960]
[09/18/2018 20:37:17 PM] [1218390] -167 (0.14)-> [1291364]
[09/18/2018 20:37:17 PM] [1218390] -410 (0.04)-> [992905] -480 (0.05)-> [2723184] -283 (0.08)-> [1291364]
[09/18/2018 20:37:17 PM] [1218390] -410 (0.04)-> [992905] -480 (0.06)-> [1121790] -111 (0.09)-> [3425733] -511 (0.14)-> [1291364]
[09/18/2018 20:37:17 PM] [1218390] -410 (0.04)-> [992905] -480 (0.06)-> [1121790] -111 (0.09)-> [2366401] -511 (0.19)-> [1291364]
[09/18/2018 20:37:17 PM] [1218390] -410 (0.04)-> [992905] -480 (0.05)-> [2723184] -67 (0.04)-> [1074499] -339 (0.05)-> [685424] -339 (0.06)-> [3712138] -339 (0.16)-> [1291364]
[09/18/2018 20:38:42 PM] [2778286] -580 (0.05)-> [3495733] -580 (0.1)-> [1625188] -167 (0.17)-> [3781679]
[09/18/2018 20:38:42 PM] [2778286] -580 (0.04)-> [4529111] -652 (0.07)-> [2038173] -167 (0.18)-> [3781679]
[09/18/2018 20:38:42 PM] [2778286] -580 (0.05)-> [3495733] -652 (0.03)-> [2664949] -652 (0.05)-> [3230547] -652 (0.07)-> [5303734] -167 (0.11)-> [3781679]
[09/18/2018 20:38:42 PM] [2778286] -580 (0.05)-> [3495733] -652 (0.03)-> [2664949] -652 (0.04)-> [5073422] -580 (0.08)-> [726174] -167 (0.14)-> [3781679]
[09/18/2018 20:38:42 PM] [2778286] -580 (0.05)-> [3495733] -652 (0.03)-> [2664949] -652 (0.05)-> [3230547] -580 (0.04)-> [2382342] -578 (0.08)-> [2280748] -167 (0.11)-> [3781679]
[09/18/2018 20:40:16 PM] [655394] -434 (0.05)-> [655393] -204 (0.07)-> [4717948] -204 (0.09)-> [411842] -167 (0.16)-> [1952874]
[09/18/2018 20:40:16 PM] [655394] -434 (0.05)-> [655393] -394 (0.06)-> [4717940] -140 (0.11)-> [1952874]
[09/18/2018 20:40:16 PM] [655394] -167 (0.05)-> [3985426] -573 (0.08)-> [5331770] -573 (0.12)-> [1952874]
[09/18/2018 20:40:16 PM] [655394] -167 (0.05)-> [3985426] -573 (0.08)-> [5331770] -573 (0.06)-> [4717940] -140 (0.1)-> [1952874]
[09/18/2018 20:40:16 PM] [655394] -167 (0.05)-> [3985426] -573 (0.08)-> [5331770] -573 (0.04)-> [3807487] -175 (0.06)-> [3996391] -175 (0.08)-> [1952874]
[09/18/2018 20:41:44 PM] [2366011] -167 (0.04)-> [4582390] -259 (0.05)-> [1297467] -259 (0.12)-> [5221998]
[09/18/2018 20:41:44 PM] [2366011] -431 (0.03)-> [1850951] -660 (0.03)-> [553] -660 (0.05)-> [3629894] -140 (0.05)-> [1023244] -301 (0.15)-> [5221998]
[09/18/2018 20:41:44 PM] [2366011] -167 (0.04)-> [4582390] -259 (0.05)-> [1297467] -259 (0.07)-> [1764349] -78 (0.09)-> [2849443] -116 (0.11)-> [5221998]
[09/18/2018 20:41:44 PM] [2366011] -431 (0.03)-> [1850951] -54 (0.03)-> [505915] -54 (0.04)-> [4679754] -431 (0.06)-> [3759477] -167 (0.08)-> [1023244] -301 (0.13)-> [5221998]
[09/18/2018 20:41:44 PM] [2366011] -431 (0.03)-> [1850951] -54 (0.03)-> [505915] -54 (0.04)-> [4679754] -140 (0.03)-> [701166] -140 (0.04)-> [2003148] -167 (0.06)-> [1023244] -301 (0.08)-> [5221998]
[09/18/2018 20:44:19 PM] [1479253] -167 (0.04)-> [5531350] -167 (0.06)-> [5167673] -167 (0.07)-> [1705511] -167 (0.12)-> [5516360] -167 (0.15)-> [952147]
[09/18/2018 20:44:19 PM] [1479253] -167 (0.04)-> [5531350] -167 (0.06)-> [5167673] -394 (0.04)-> [5430555] -498 (0.07)-> [5536066] -498 (0.08)-> [952147]
[09/18/2018 20:44:19 PM] [1479253] -311 (0.04)-> [1073565] -580 (0.05)-> [4023825] -167 (0.06)-> [2364815] -167 (0.09)-> [1647194] -167 (0.17)-> [952147]
[09/18/2018 20:44:19 PM] [1479253] -311 (0.04)-> [1073565] -580 (0.05)-> [4023825] -167 (0.06)-> [1613888] -167 (0.11)-> [5510077] -167 (0.13)-> [952147]
[09/18/2018 20:44:19 PM] [1479253] -311 (0.04)-> [1073565] -580 (0.04)-> [3373426] -167 (0.06)-> [5286929] -167 (0.08)-> [2694406] -167 (0.19)-> [952147]
[09/18/2018 20:48:18 PM] [412320] -167 (0.03)-> [4890063] -511 (0.04)-> [1190644] -660 (0.05)-> [520] -660 (0.13)-> [1124473] -511 (0.16)-> [667922]
[09/18/2018 20:48:18 PM] [412320] -580 (0.03)-> [5082039] -580 (0.03)-> [2097820] -167 (0.04)-> [2344305] -339 (0.05)-> [2344445] -615 (0.05)-> [2310092] -615 (0.1)-> [2324540] -339 (0.19)-> [667922]
[09/18/2018 20:48:18 PM] [412320] -580 (0.03)-> [5082039] -580 (0.03)-> [2097820] -167 (0.04)-> [2344305] -339 (0.05)-> [2344445] -660 (0.05)-> [448] -660 (0.06)-> [2324540] -339 (0.08)-> [667922]
[09/18/2018 20:48:18 PM] [412320] -580 (0.03)-> [5082039] -178 (0.03)-> [2255125] -167 (0.04)-> [842012] -660 (0.11)-> [152] -660 (0.16)-> [667922]
[09/18/2018 20:48:18 PM] [412320] -580 (0.03)-> [5082039] -178 (0.03)-> [2255125] -178 (0.03)-> [2217900] -660 (0.03)-> [266] -660 (0.04)-> [293789] -580 (0.05)-> [3727573] -283 (0.2)-> [667922]
[09/18/2018 20:51:39 PM] [1124997] -167 (0.04)-> [4692560] -500 (0.04)-> [4692563] -660 (0.05)-> [338] -660 (0.12)-> [751925] -500 (0.15)-> [1261827]
[09/18/2018 20:51:39 PM] [1124997] -167 (0.03)-> [1023244] -167 (0.04)-> [4450187] -468 (0.06)-> [4399693] -167 (0.09)-> [1261827]
[09/18/2018 20:51:39 PM] [1124997] -167 (0.03)-> [1023244] -167 (0.04)-> [4450187] -468 (0.06)-> [2693823] -592 (0.08)-> [4399693] -167 (0.16)-> [1261827]
[09/18/2018 20:51:39 PM] [1124997] -167 (0.04)-> [4692560] -500 (0.04)-> [4692563] -660 (0.05)-> [338] -660 (0.12)-> [751925] -582 (0.06)-> [3603442] -301 (0.09)-> [1261827]
[09/18/2018 20:51:39 PM] [1124997] -167 (0.03)-> [1023244] -167 (0.04)-> [4450187] -468 (0.06)-> [2693823] -140 (0.06)-> [1105467] -140 (0.09)-> [4399693] -167 (0.12)-> [1261827]
[09/18/2018 20:52:53 PM] [1785488] -580 (0.05)-> [4665337] -652 (0.08)-> [4188604] -167 (0.2)-> [4189697]
[09/18/2018 20:52:53 PM] [1785488] -167 (0.05)-> [3295329] -283 (0.09)-> [4271763] -283 (0.11)-> [4189697]
[09/18/2018 20:52:53 PM] [1785488] -167 (0.05)-> [3295329] -283 (0.09)-> [4271763] -250 (0.04)-> [2329351] -410 (0.06)-> [3332607] -167 (0.08)-> [4189697]
[09/18/2018 20:52:53 PM] [1785488] -167 (0.05)-> [3295329] -246 (0.08)-> [6133] -140 (0.24)-> [4189697]
[09/18/2018 20:52:53 PM] [1785488] -167 (0.05)-> [3295329] -246 (0.08)-> [6133] -140 (0.04)-> [2449097] -167 (0.06)-> [4183740] -167 (0.07)-> [4189697]
[09/18/2018 20:55:00 PM] [2514825] -410 (0.04)-> [3589110] -480 (0.07)-> [4564695] -167 (0.08)-> [1152053] -301 (0.12)-> [3308399]
[09/18/2018 20:55:00 PM] [2514825] -167 (0.04)-> [767638] -116 (0.06)-> [5293836] -27 (0.08)-> [4041731] -167 (0.14)-> [3308399]
[09/18/2018 20:55:00 PM] [2514825] -410 (0.04)-> [3589110] -480 (0.07)-> [4564695] -167 (0.08)-> [1152053] -301 (0.06)-> [1932316] -659 (0.16)-> [3308399]
[09/18/2018 20:55:00 PM] [2514825] -410 (0.04)-> [3589110] -480 (0.07)-> [4564695] -167 (0.08)-> [1152053] -615 (0.04)-> [3777652] -615 (0.07)-> [2984388] -659 (0.09)-> [3308399]
[09/18/2018 20:55:00 PM] [2514825] -410 (0.04)-> [3589110] -410 (0.05)-> [1850640] -194 (0.12)-> [2131428] -582 (0.21)-> [3308399]
[09/18/2018 20:56:21 PM] [4294334] -394 (0.09)-> [358419]
[09/18/2018 20:56:21 PM] [4294334] -204 (0.05)-> [4009055] -460 (0.12)-> [358419]
[09/18/2018 20:56:21 PM] [4294334] -194 (0.05)-> [4078918] -511 (0.09)-> [3623817] -167 (0.11)-> [358419]
[09/18/2018 20:56:21 PM] [4294334] -194 (0.05)-> [4078918] -511 (0.09)-> [3623817] -167 (0.06)-> [2861629] -140 (0.14)-> [358419]
[09/18/2018 20:56:21 PM] [4294334] -204 (0.05)-> [4009055] -204 (0.08)-> [310159] -167 (0.26)-> [358419]
[09/18/2018 21:00:53 PM] [2717556] -394 (0.04)-> [2478436] -394 (0.05)-> [1275633] -167 (0.05)-> [2969104] -140 (0.08)-> [2204367] -81 (0.11)-> [1141607]
[09/18/2018 21:00:53 PM] [2717556] -394 (0.04)-> [2478436] -394 (0.05)-> [1275633] -167 (0.05)-> [2969104] -140 (0.08)-> [2204367] -660 (0.04)-> [609] -660 (0.06)-> [2204054] -81 (0.06)-> [1141607]
[09/18/2018 21:00:53 PM] [2717556] -394 (0.04)-> [2478436] -394 (0.05)-> [1275633] -167 (0.05)-> [2969104] -140 (0.08)-> [2204367] -117 (0.02)-> [4632391] -117 (0.03)-> [2205973] -140 (0.03)-> [5286929] -140 (0.04)-> [2203867] -81 (0.06)-> [1141607]
[09/18/2018 21:00:53 PM] [2717556] -410 (0.04)-> [5327347] -167 (0.04)-> [2843356] -410 (0.06)-> [4532748] -480 (0.13)-> [2773731] -512 (0.19)-> [1141607]
[09/18/2018 21:00:53 PM] [2717556] -410 (0.04)-> [5327347] -167 (0.04)-> [2843356] -311 (0.04)-> [4198609] -410 (0.06)-> [4195044] -126 (0.09)-> [4269520] -452 (0.18)-> [1141607]
[09/18/2018 21:02:05 PM] [5440211] -394 (0.05)-> [5304005] -140 (0.09)-> [3640134]
[09/18/2018 21:02:05 PM] [5440211] -167 (0.05)-> [4795087] -394 (0.07)-> [3442592] -167 (0.09)-> [3640134]
[09/18/2018 21:02:05 PM] [5440211] -167 (0.05)-> [4795087] -394 (0.09)-> [2790480] -167 (0.26)-> [3640134]
[09/18/2018 21:02:05 PM] [5440211] -167 (0.05)-> [4795087] -394 (0.09)-> [2790480] -167 (0.06)-> [5304005] -140 (0.11)-> [3640134]
[09/18/2018 21:02:05 PM] [5440211] -167 (0.05)-> [4795087] -394 (0.09)-> [2790480] -660 (0.04)-> [49] -660 (0.06)-> [4055927] -167 (0.07)-> [3640134]
[09/18/2018 21:03:47 PM] [1550670] -167 (0.04)-> [5235702] -615 (0.05)-> [1214380] -615 (0.13)-> [5475446]
[09/18/2018 21:03:47 PM] [1550670] -167 (0.04)-> [5235702] -660 (0.05)-> [152] -660 (0.07)-> [5475446]
[09/18/2018 21:03:47 PM] [1550670] -27 (0.03)-> [1689854] -194 (0.04)-> [522836] -194 (0.05)-> [3438865] -27 (0.08)-> [2552680] -167 (0.11)-> [5475446]
[09/18/2018 21:03:47 PM] [1550670] -27 (0.03)-> [1689854] -194 (0.04)-> [522836] -467 (0.04)-> [505098] -339 (0.05)-> [685424] -498 (0.06)-> [1454628] -498 (0.14)-> [5475446]
[09/18/2018 21:03:47 PM] [1550670] -27 (0.03)-> [1689854] -194 (0.04)-> [522836] -467 (0.04)-> [505098] -339 (0.05)-> [685424] -615 (0.05)-> [1214380] -615 (0.07)-> [5475446]
[09/18/2018 21:05:08 PM] [3570275] -167 (0.16)-> [4073853]
[09/18/2018 21:05:08 PM] [3570275] -54 (0.04)-> [4067040] -54 (0.05)-> [4494028] -167 (0.11)-> [4489828] -140 (0.17)-> [4073853]
[09/18/2018 21:05:08 PM] [3570275] -54 (0.04)-> [3928765] -54 (0.05)-> [5610714] -167 (0.09)-> [4489828] -140 (0.14)-> [4073853]
[09/18/2018 21:05:08 PM] [3570275] -54 (0.04)-> [3928765] -54 (0.05)-> [4527380] -167 (0.07)-> [4489828] -140 (0.22)-> [4073853]
[09/18/2018 21:05:08 PM] [3570275] -54 (0.04)-> [4067040] -54 (0.05)-> [2015047] -167 (0.07)-> [4489828] -140 (0.23)-> [4073853]
[09/18/2018 21:07:24 PM] [808886] -167 (0.04)-> [1318371] -81 (0.05)-> [5262407] -615 (0.06)-> [4023427] -615 (0.15)-> [5264565] -81 (0.22)-> [1611973]
[09/18/2018 21:07:24 PM] [808886] -27 (0.03)-> [2257845] -27 (0.04)-> [5507830] -167 (0.05)-> [4898111] -301 (0.06)-> [1611973]
[09/18/2018 21:07:24 PM] [808886] -167 (0.04)-> [1318371] -81 (0.05)-> [5262407] -81 (0.03)-> [3781413] -272 (0.04)-> [2642740] -597 (0.06)-> [3205187] -339 (0.07)-> [1611973]
[09/18/2018 21:07:24 PM] [808886] -27 (0.03)-> [2257845] -27 (0.06)-> [1912090] -167 (0.1)-> [4898111] -301 (0.16)-> [1611973]
[09/18/2018 21:07:24 PM] [808886] -27 (0.03)-> [2257845] -27 (0.06)-> [1912090] -167 (0.06)-> [4466290] -615 (0.1)-> [3757034] -615 (0.17)-> [1611973]
[09/18/2018 21:10:08 PM] [2057748] -410 (0.03)-> [1677622] -660 (0.04)-> [720] -660 (0.05)-> [5471985] -116 (0.17)-> [2979293]
[09/18/2018 21:10:08 PM] [2057748] -410 (0.03)-> [1677622] -660 (0.04)-> [720] -660 (0.05)-> [5471985] -140 (0.06)-> [3188401] -140 (0.1)-> [2979293]
[09/18/2018 21:10:08 PM] [2057748] -410 (0.03)-> [1677622] -431 (0.04)-> [5423500] -660 (0.05)-> [560] -660 (0.05)-> [4262004] -116 (0.19)-> [2979293]
[09/18/2018 21:10:08 PM] [2057748] -410 (0.03)-> [1677622] -431 (0.04)-> [5423500] -660 (0.05)-> [560] -660 (0.05)-> [4262004] -481 (0.04)-> [3687867] -481 (0.05)-> [4258823] -116 (0.07)-> [2979293]
[09/18/2018 21:10:08 PM] [2057748] -410 (0.03)-> [1677622] -431 (0.04)-> [5423500] -660 (0.05)-> [560] -660 (0.05)-> [4262004] -481 (0.04)-> [3687867] -481 (0.08)-> [3058654] -116 (0.15)-> [2979293]
[09/18/2018 21:11:17 PM] [5502596] -204 (0.06)-> [1705443]
[09/18/2018 21:11:17 PM] [5502596] -410 (0.05)-> [4197097] -410 (0.1)-> [2693011] -167 (0.15)-> [1705443]
[09/18/2018 21:11:17 PM] [5502596] -167 (0.04)-> [744064] -167 (0.08)-> [1927675] -394 (0.11)-> [1705443]
[09/18/2018 21:11:17 PM] [5502596] -167 (0.04)-> [744064] -167 (0.08)-> [1927675] -187 (0.04)-> [2249927] -394 (0.1)-> [1705443]
[09/18/2018 21:11:17 PM] [5502596] -167 (0.04)-> [744064] -512 (0.06)-> [2830443] -394 (0.22)-> [1705443]
[09/18/2018 21:14:21 PM] [4356232] -580 (0.03)-> [5480516] -580 (0.04)-> [2712743] -167 (0.05)-> [4581292] -615 (0.08)-> [1298974] -615 (0.17)-> [3844651]
[09/18/2018 21:14:21 PM] [4356232] -580 (0.03)-> [5480516] -660 (0.03)-> [266] -660 (0.04)-> [4632984] -478 (0.05)-> [2522137] -167 (0.06)-> [3844651]
[09/18/2018 21:14:21 PM] [4356232] -580 (0.03)-> [5480516] -660 (0.03)-> [266] -660 (0.04)-> [4632984] -478 (0.05)-> [2522137] -167 (0.06)-> [4064325] -582 (0.09)-> [3844651]
[09/18/2018 21:14:21 PM] [4356232] -580 (0.03)-> [5480516] -580 (0.04)-> [2712743] -166 (0.03)-> [3262205] -166 (0.03)-> [5449071] -167 (0.04)-> [4007310] -167 (0.05)-> [5015448] -511 (0.08)-> [3844651]
[09/18/2018 21:14:21 PM] [4356232] -580 (0.03)-> [5480516] -660 (0.03)-> [266] -660 (0.04)-> [4632984] -478 (0.05)-> [2522137] -660 (0.04)-> [74] -660 (0.06)-> [4469041] -167 (0.07)-> [3844651]
[09/18/2018 21:15:58 PM] [3807277] -480 (0.04)-> [3883672] -480 (0.05)-> [662257] -167 (0.07)-> [3322476]
[09/18/2018 21:15:58 PM] [3807277] -480 (0.04)-> [3883672] -480 (0.07)-> [3522126] -167 (0.13)-> [3322476]
[09/18/2018 21:15:58 PM] [3807277] -480 (0.04)-> [3883672] -480 (0.05)-> [662257] -54 (0.04)-> [2983430] -54 (0.06)-> [2278478] -167 (0.08)-> [3322476]
[09/18/2018 21:15:58 PM] [3807277] -480 (0.04)-> [3883672] -480 (0.05)-> [662257] -57 (0.04)-> [5550279] -57 (0.05)-> [3449378] -167 (0.06)-> [3322476]
[09/18/2018 21:15:58 PM] [3807277] -480 (0.04)-> [3883672] -480 (0.05)-> [662257] -54 (0.04)-> [2983430] -54 (0.06)-> [2278478] -57 (0.04)-> [5550279] -57 (0.05)-> [3449378] -167 (0.06)-> [3322476]
[09/18/2018 21:17:03 PM] [2310587] -167 (0.05)-> [2286633] -551 (0.08)-> [433957] -167 (0.11)-> [4539390]
[09/18/2018 21:17:03 PM] [2310587] -394 (0.04)-> [1869416] -394 (0.07)-> [2420410] -167 (0.08)-> [4539390]
[09/18/2018 21:17:03 PM] [2310587] -167 (0.05)-> [2286633] -551 (0.08)-> [433957] -394 (0.05)-> [4489828] -140 (0.08)-> [4539390]
[09/18/2018 21:17:03 PM] [2310587] -167 (0.05)-> [2286633] -551 (0.08)-> [433957] -660 (0.04)-> [39] -660 (0.07)-> [5570684] -167 (0.08)-> [4539390]
[09/18/2018 21:17:03 PM] [2310587] -167 (0.05)-> [2286633] -551 (0.08)-> [433957] -660 (0.04)-> [39] -660 (0.07)-> [5570684] -394 (0.05)-> [4489828] -140 (0.08)-> [4539390]
[09/18/2018 21:18:25 PM] [461343] -394 (0.07)-> [1036538]
[09/18/2018 21:18:25 PM] [461343] -410 (0.04)-> [2469118] -410 (0.07)-> [4573605] -167 (0.09)-> [1036538]
[09/18/2018 21:18:25 PM] [461343] -410 (0.04)-> [1705279] -410 (0.06)-> [4573605] -167 (0.08)-> [1036538]
[09/18/2018 21:18:25 PM] [461343] -410 (0.04)-> [1705279] -480 (0.06)-> [5612192] -167 (0.18)-> [1036538]
[09/18/2018 21:18:25 PM] [461343] -410 (0.04)-> [1705279] -480 (0.06)-> [5612192] -167 (0.04)-> [3641310] -140 (0.1)-> [1036538]
[09/18/2018 21:19:41 PM] [1196795] -394 (0.11)-> [2969225]
[09/18/2018 21:19:41 PM] [1196795] -512 (0.04)-> [1084793] -625 (0.05)-> [2311412] -167 (0.08)-> [2969225]
[09/18/2018 21:19:41 PM] [1196795] -508 (0.04)-> [3264120] -508 (0.05)-> [4041773] -140 (0.08)-> [2969225]
[09/18/2018 21:19:41 PM] [1196795] -508 (0.04)-> [3264120] -508 (0.05)-> [4041773] -54 (0.05)-> [4181169] -54 (0.08)-> [3470169] -167 (0.11)-> [2969225]
[09/18/2018 21:19:41 PM] [1196795] -508 (0.04)-> [3264120] -508 (0.05)-> [4041773] -140 (0.05)-> [2058515] -167 (0.08)-> [4193830] -167 (0.1)-> [2969225]
[09/18/2018 21:21:35 PM] [582342] -167 (0.06)-> [2437123] -582 (0.09)-> [3513193]
[09/18/2018 21:21:35 PM] [582342] -167 (0.04)-> [1156552] -167 (0.05)-> [3213677] -167 (0.09)-> [2437123] -582 (0.1)-> [3513193]
[09/18/2018 21:21:35 PM] [582342] -167 (0.06)-> [2437123] -339 (0.15)-> [3513231] -339 (0.4)-> [3513193]
[09/18/2018 21:21:35 PM] [582342] -167 (0.06)-> [2437123] -339 (0.15)-> [3513231] -660 (0.03)-> [18] -660 (0.04)-> [758303] -116 (0.04)-> [3975032] -78 (0.06)-> [5421527] -116 (0.07)-> [3513193]
[09/18/2018 21:21:35 PM] [582342] -167 (0.06)-> [2437123] -339 (0.12)-> [4717387] -395 (0.32)-> [3513193]
[09/18/2018 21:22:13 PM] [3072468] -167 (0.09)-> [4925444]
[09/18/2018 21:22:13 PM] [3072468] -167 (0.06)-> [4906395] -140 (0.22)-> [4925444]
[09/18/2018 21:22:13 PM] [3072468] -652 (0.05)-> [4334000] -140 (0.14)-> [4925444]
[09/18/2018 21:22:13 PM] [3072468] -652 (0.05)-> [4334000] -580 (0.06)-> [4992887] -394 (0.21)-> [4925444]
[09/18/2018 21:22:13 PM] [3072468] -652 (0.05)-> [4334000] -580 (0.05)-> [2584749] -394 (0.16)-> [4925444]
[09/18/2018 21:23:42 PM] [4492554] -167 (0.05)-> [1141932] -395 (0.1)-> [1157569] -339 (0.14)-> [2049937]
[09/18/2018 21:23:42 PM] [4492554] -167 (0.05)-> [5000813] -339 (0.09)-> [5201703] -339 (0.11)-> [2049937]
[09/18/2018 21:23:42 PM] [4492554] -167 (0.05)-> [1141932] -237 (0.07)-> [3013908] -339 (0.21)-> [2049937]
[09/18/2018 21:23:42 PM] [4492554] -167 (0.05)-> [1141932] -237 (0.07)-> [3013908] -479 (0.04)-> [1836849] -250 (0.06)-> [685527] -339 (0.08)-> [2049937]
[09/18/2018 21:23:42 PM] [4492554] -167 (0.05)-> [1141932] -237 (0.07)-> [3013908] -479 (0.04)-> [1836849] -250 (0.06)-> [4171721] -339 (0.14)-> [2049937]
[09/18/2018 21:27:25 PM] [4677147] -167 (0.04)-> [2990601] -81 (0.05)-> [723461] -140 (0.05)-> [748652] -339 (0.09)-> [1850443] -339 (0.11)-> [1850249]
[09/18/2018 21:27:25 PM] [4677147] -167 (0.04)-> [5470427] -582 (0.04)-> [4219845] -140 (0.05)-> [748652] -339 (0.09)-> [1850443] -339 (0.11)-> [1850249]
[09/18/2018 21:27:25 PM] [4677147] -167 (0.04)-> [5470427] -582 (0.04)-> [4219845] -660 (0.03)-> [580] -660 (0.03)-> [988539] -116 (0.04)-> [1491399] -167 (0.06)-> [291136] -512 (0.06)-> [1850249]
[09/18/2018 21:27:25 PM] [4677147] -167 (0.04)-> [5470427] -582 (0.04)-> [4219845] -660 (0.03)-> [580] -660 (0.03)-> [988539] -377 (0.04)-> [1838888] -608 (0.05)-> [748815] -608 (0.06)-> [4005195] -301 (0.22)-> [1850249]
[09/18/2018 21:27:25 PM] [4677147] -167 (0.04)-> [5470427] -582 (0.04)-> [4219845] -660 (0.03)-> [580] -660 (0.03)-> [988539] -377 (0.04)-> [1838888] -301 (0.04)-> [3729395] -660 (0.05)-> [12] -660 (0.22)-> [1850249]
[09/18/2018 21:29:38 PM] [4753274] -167 (0.04)-> [3330850] -167 (0.09)-> [2650628] -167 (0.11)-> [1023244]
[09/18/2018 21:29:38 PM] [4753274] -578 (0.04)-> [2366701] -167 (0.06)-> [3981901] -167 (0.07)-> [4461216] -167 (0.12)-> [1023244]
[09/18/2018 21:29:38 PM] [4753274] -578 (0.04)-> [2366701] -178 (0.04)-> [1840918] -580 (0.09)-> [5248131] -167 (0.14)-> [1023244]
[09/18/2018 21:29:38 PM] [4753274] -578 (0.04)-> [2366701] -178 (0.04)-> [1840918] -652 (0.05)-> [4112860] -167 (0.13)-> [1023244]
[09/18/2018 21:29:38 PM] [4753274] -167 (0.04)-> [3330850] -511 (0.06)-> [1698606] -511 (0.21)-> [1023244]
[09/18/2018 21:31:26 PM] [503891] -194 (0.06)-> [1230876] -116 (0.19)-> [1230655]
[09/18/2018 21:31:26 PM] [503891] -194 (0.06)-> [1230876] -610 (0.07)-> [5515462] -167 (0.15)-> [1230655]
[09/18/2018 21:31:26 PM] [503891] -194 (0.06)-> [1230876] -610 (0.06)-> [1927840] -167 (0.14)-> [1230655]
[09/18/2018 21:31:26 PM] [503891] -194 (0.06)-> [1230876] -610 (0.06)-> [1927840] -660 (0.04)-> [49] -660 (0.06)-> [5515462] -167 (0.07)-> [1230655]
[09/18/2018 21:31:26 PM] [503891] -194 (0.06)-> [1230876] -610 (0.07)-> [5515462] -660 (0.04)-> [49] -660 (0.06)-> [2026688] -167 (0.07)-> [1230655]
[09/18/2018 21:33:53 PM] [3878273] -410 (0.04)-> [1216451] -410 (0.08)-> [1226126] -394 (0.12)-> [1906664]
[09/18/2018 21:33:53 PM] [3878273] -410 (0.04)-> [1216451] -410 (0.05)-> [4130189] -394 (0.19)-> [1906664]
[09/18/2018 21:33:53 PM] [3878273] -410 (0.04)-> [1216451] -410 (0.05)-> [4130189] -167 (0.04)-> [3428818] -512 (0.08)-> [2297793] -167 (0.1)-> [1906664]
[09/18/2018 21:33:53 PM] [3878273] -410 (0.04)-> [1216451] -410 (0.08)-> [1226126] -167 (0.04)-> [5377412] -167 (0.08)-> [2639236] -511 (0.1)-> [1906664]
[09/18/2018 21:33:53 PM] [3878273] -410 (0.04)-> [1216451] -410 (0.05)-> [4130189] -204 (0.04)-> [1953557] -394 (0.1)-> [3227422] -394 (0.14)-> [1906664]
[09/18/2018 21:37:28 PM] [2298780] -167 (0.04)-> [3781679] -498 (0.04)-> [2362960] -498 (0.05)-> [3410279] -452 (0.07)-> [2158827] -452 (0.09)-> [1825421]
[09/18/2018 21:37:28 PM] [2298780] -506 (0.03)-> [5519144] -410 (0.04)-> [4110879] -410 (0.04)-> [3116991] -511 (0.05)-> [2831243] -511 (0.06)-> [5518261] -511 (0.13)-> [1825421]
[09/18/2018 21:37:28 PM] [2298780] -506 (0.03)-> [5519144] -410 (0.04)-> [4110879] -410 (0.04)-> [3116991] -194 (0.03)-> [5296176] -615 (0.04)-> [4198592] -615 (0.05)-> [864878] -146 (0.06)-> [954059] -301 (0.19)-> [1825421]
[09/18/2018 21:37:28 PM] [2298780] -167 (0.04)-> [3781679] -498 (0.04)-> [2362960] -498 (0.05)-> [3410279] -452 (0.07)-> [2158827] -452 (0.06)-> [3776390] -78 (0.09)-> [5416567] -116 (0.12)-> [1825421]
[09/18/2018 21:37:28 PM] [2298780] -167 (0.04)-> [3781679] -498 (0.04)-> [2362960] -498 (0.05)-> [3410279] -452 (0.07)-> [2158827] -57 (0.03)-> [1125585] -57 (0.04)-> [507833] -303 (0.05)-> [780780] -452 (0.15)-> [1825421]
[09/18/2018 21:39:35 PM] [3269100] -166 (0.04)-> [1260522] -166 (0.06)-> [1043192] -167 (0.1)-> [1036538]
[09/18/2018 21:39:35 PM] [3269100] -166 (0.04)-> [1260522] -166 (0.05)-> [942267] -394 (0.13)-> [1036538]
[09/18/2018 21:39:35 PM] [3269100] -166 (0.04)-> [1260522] -166 (0.06)-> [1043192] -167 (0.05)-> [2218306] -140 (0.12)-> [1036538]
[09/18/2018 21:39:35 PM] [3269100] -166 (0.04)-> [1260522] -166 (0.05)-> [942267] -166 (0.04)-> [4876969] -166 (0.06)-> [3583803] -167 (0.1)-> [1036538]
[09/18/2018 21:39:35 PM] [3269100] -166 (0.04)-> [1260522] -166 (0.05)-> [942267] -166 (0.04)-> [4876969] -166 (0.05)-> [2529673] -167 (0.11)-> [1036538]
[09/18/2018 21:42:36 PM] [5493063] -167 (0.04)-> [1319150] -339 (0.05)-> [5485445] -615 (0.06)-> [3883415] -615 (0.1)-> [359064] -339 (0.14)-> [339844]
[09/18/2018 21:42:36 PM] [5493063] -27 (0.03)-> [3298443] -301 (0.04)-> [5295182] -27 (0.05)-> [3559282] -167 (0.09)-> [339844]
[09/18/2018 21:42:36 PM] [5493063] -167 (0.04)-> [1319150] -339 (0.05)-> [5485445] -660 (0.04)-> [113] -660 (0.06)-> [5136481] -339 (0.06)-> [339844]
[09/18/2018 21:42:36 PM] [5493063] -27 (0.03)-> [3298443] -301 (0.04)-> [5295182] -27 (0.05)-> [3559282] -167 (0.07)-> [1752469] -140 (0.12)-> [339844]
[09/18/2018 21:42:36 PM] [5493063] -167 (0.04)-> [1319150] -339 (0.05)-> [5485445] -660 (0.04)-> [113] -660 (0.06)-> [5136481] -339 (0.06)-> [1752469] -140 (0.1)-> [339844]
[09/18/2018 21:44:09 PM] [2156272] -167 (0.06)-> [4242709] -167 (0.1)-> [1685032] -167 (0.12)-> [2461238]
[09/18/2018 21:44:09 PM] [2156272] -167 (0.05)-> [4117070] -167 (0.08)-> [2804169] -167 (0.09)-> [2461238]
[09/18/2018 21:44:09 PM] [2156272] -167 (0.05)-> [4117070] -167 (0.11)-> [4454735] -167 (0.3)-> [2461238]
[09/18/2018 21:44:09 PM] [2156272] -167 (0.05)-> [4117070] -167 (0.11)-> [4454735] -167 (0.06)-> [3331525] -167 (0.09)-> [5352903] -167 (0.12)-> [2461238]
[09/18/2018 21:44:09 PM] [2156272] -167 (0.05)-> [4117070] -167 (0.11)-> [4454735] -297 (0.04)-> [1251113] -27 (0.05)-> [3048489] -167 (0.07)-> [2461238]
[09/18/2018 21:46:02 PM] [444285] -394 (0.05)-> [4928881] -140 (0.08)-> [3772916]
[09/18/2018 21:46:02 PM] [444285] -394 (0.05)-> [4928881] -167 (0.13)-> [4195046] -167 (0.4)-> [3772916]
[09/18/2018 21:46:02 PM] [444285] -394 (0.05)-> [4928881] -167 (0.13)-> [471474] -167 (0.4)-> [3772916]
[09/18/2018 21:46:02 PM] [444285] -394 (0.05)-> [4928881] -167 (0.13)-> [471474] -380 (0.03)-> [4443486] -311 (0.04)-> [3368529] -167 (0.04)-> [4010552] -167 (0.05)-> [595337] -410 (0.05)-> [1169028] -410 (0.06)-> [4116296] -167 (0.08)-> [3772916]
[09/18/2018 21:46:02 PM] [444285] -394 (0.05)-> [4928881] -167 (0.13)-> [471474] -380 (0.03)-> [4443486] -380 (0.05)-> [2087238] -167 (0.06)-> [3573290] -116 (0.08)-> [1808581] -116 (0.21)-> [3772916]
[09/18/2018 21:47:19 PM] [2752198] -394 (0.05)-> [3783066] -167 (0.07)-> [5109398] -167 (0.08)-> [5464060]
[09/18/2018 21:47:19 PM] [2752198] -167 (0.05)-> [701166] -140 (0.07)-> [1134021] -167 (0.08)-> [5464060]
[09/18/2018 21:47:19 PM] [2752198] -167 (0.05)-> [701166] -501 (0.07)-> [5617777] -339 (0.21)-> [5464060]
[09/18/2018 21:47:19 PM] [2752198] -167 (0.05)-> [701166] -501 (0.07)-> [5617777] -615 (0.03)-> [1582813] -615 (0.04)-> [5284339] -615 (0.05)-> [4216318] -615 (0.1)-> [2974040] -339 (0.25)-> [5464060]
[09/18/2018 21:47:19 PM] [2752198] -167 (0.05)-> [701166] -501 (0.07)-> [5617777] -546 (0.03)-> [1867210] -410 (0.04)-> [3544142] -167 (0.04)-> [4241006] -167 (0.07)-> [4865774] -61 (0.09)-> [5464060]
[09/18/2018 21:49:23 PM] [5377800] -166 (0.03)-> [3697249] -311 (0.05)-> [2550816] -167 (0.06)-> [1156552]
[09/18/2018 21:49:23 PM] [5377800] -480 (0.03)-> [4189611] -410 (0.05)-> [3222057] -511 (0.06)-> [1156552]
[09/18/2018 21:49:23 PM] [5377800] -166 (0.03)-> [3697249] -166 (0.06)-> [2424033] -167 (0.14)-> [1156552]
[09/18/2018 21:49:23 PM] [5377800] -166 (0.03)-> [3697249] -166 (0.06)-> [2424033] -480 (0.03)-> [5552806] -410 (0.04)-> [663874] -167 (0.05)-> [1156552]
[09/18/2018 21:49:23 PM] [5377800] -480 (0.03)-> [4189611] -480 (0.06)-> [1564545] -167 (0.16)-> [1156552]
[09/18/2018 21:51:50 PM] [1336600] -578 (0.03)-> [4870607] -652 (0.06)-> [1320498] -498 (0.11)-> [1023244]
[09/18/2018 21:51:50 PM] [1336600] -578 (0.03)-> [4870607] -661 (0.04)-> [3185362] -661 (0.08)-> [3486165] -511 (0.13)-> [1023244]
[09/18/2018 21:51:50 PM] [1336600] -578 (0.03)-> [4870607] -661 (0.04)-> [3185362] -661 (0.06)-> [968249] -511 (0.15)-> [1023244]
[09/18/2018 21:51:50 PM] [1336600] -578 (0.03)-> [4870607] -661 (0.04)-> [3185362] -661 (0.06)-> [968249] -652 (0.05)-> [5459913] -498 (0.13)-> [1023244]
[09/18/2018 21:51:50 PM] [1336600] -578 (0.03)-> [4870607] -661 (0.04)-> [3185362] -661 (0.06)-> [968249] -45 (0.04)-> [5082135] -283 (0.1)-> [1023244]
[09/18/2018 21:53:12 PM] [5099636] -194 (0.05)-> [2162927] -194 (0.1)-> [5523986] -167 (0.18)-> [3781679]
[09/18/2018 21:53:12 PM] [5099636] -194 (0.05)-> [2162927] -67 (0.06)-> [2302744] -167 (0.13)-> [3781679]
[09/18/2018 21:53:12 PM] [5099636] -194 (0.05)-> [2162927] -67 (0.06)-> [2302744] -67 (0.05)-> [2512507] -339 (0.15)-> [3781679]
[09/18/2018 21:53:12 PM] [5099636] -194 (0.05)-> [2162927] -67 (0.06)-> [2302744] -67 (0.05)-> [2512507] -67 (0.05)-> [4393109] -167 (0.12)-> [3781679]
[09/18/2018 21:53:12 PM] [5099636] -194 (0.05)-> [2162927] -67 (0.06)-> [2302744] -67 (0.05)-> [2512507] -661 (0.05)-> [2517604] -340 (0.15)-> [3781679]
[09/18/2018 21:54:32 PM] [2735344] -167 (0.05)-> [817647] -511 (0.09)-> [1670759] -167 (0.12)-> [3208131]
[09/18/2018 21:54:32 PM] [2735344] -194 (0.04)-> [2967169] -116 (0.11)-> [3208131]
[09/18/2018 21:54:32 PM] [2735344] -194 (0.04)-> [2967169] -27 (0.06)-> [1136809] -167 (0.19)-> [3208131]
[09/18/2018 21:54:32 PM] [2735344] -194 (0.04)-> [2967169] -27 (0.06)-> [1136809] -54 (0.04)-> [3928653] -54 (0.07)-> [2280600] -167 (0.08)-> [3208131]
[09/18/2018 21:54:32 PM] [2735344] -194 (0.04)-> [2967169] -194 (0.06)-> [3236429] -511 (0.21)-> [3208131]
[09/18/2018 21:56:58 PM] [2838904] -167 (0.06)-> [2969143] -167 (0.09)-> [3455223] -167 (0.13)-> [702672]
[09/18/2018 21:56:58 PM] [2838904] -167 (0.05)-> [702527] -140 (0.09)-> [2187994] -140 (0.11)-> [702672]
[09/18/2018 21:56:58 PM] [2838904] -167 (0.05)-> [702527] -140 (0.09)-> [2187994] -313 (0.05)-> [4162955] -313 (0.07)-> [5247935] -140 (0.09)-> [702672]
[09/18/2018 21:56:58 PM] [2838904] -167 (0.05)-> [702527] -140 (0.09)-> [2187994] -660 (0.04)-> [390] -660 (0.06)-> [5247935] -140 (0.08)-> [702672]
[09/18/2018 21:56:58 PM] [2838904] -167 (0.05)-> [702527] -394 (0.09)-> [445571] -167 (0.24)-> [702672]
[09/18/2018 21:59:06 PM] [1694650] -27 (0.04)-> [5294841] -27 (0.05)-> [3243924] -167 (0.07)-> [667327]
[09/18/2018 21:59:06 PM] [1694650] -311 (0.04)-> [395170] -582 (0.05)-> [4714981] -194 (0.06)-> [5630254] -167 (0.08)-> [667327]
[09/18/2018 21:59:06 PM] [1694650] -27 (0.04)-> [5294841] -27 (0.09)-> [2737431] -167 (0.19)-> [667327]
[09/18/2018 21:59:06 PM] [1694650] -27 (0.04)-> [5294841] -27 (0.09)-> [2737431] -660 (0.05)-> [606] -660 (0.07)-> [4404332] -167 (0.09)-> [667327]
[09/18/2018 21:59:06 PM] [1694650] -27 (0.04)-> [5294841] -27 (0.05)-> [3243924] -293 (0.03)-> [4255338] -27 (0.04)-> [2744368] -27 (0.05)-> [656305] -167 (0.13)-> [667327]
[09/18/2018 22:00:37 PM] [1695990] -410 (0.04)-> [3442552] -480 (0.06)-> [2684965] -167 (0.08)-> [4490027]
[09/18/2018 22:00:37 PM] [1695990] -410 (0.04)-> [3442552] -480 (0.07)-> [1737202] -167 (0.17)-> [4490027]
[09/18/2018 22:00:37 PM] [1695990] -410 (0.04)-> [3442552] -480 (0.06)-> [2684965] -167 (0.05)-> [4539390] -167 (0.1)-> [4779893] -167 (0.11)-> [4490027]
[09/18/2018 22:00:37 PM] [1695990] -410 (0.04)-> [3442552] -480 (0.06)-> [2684965] -394 (0.04)-> [4489828] -167 (0.07)-> [450026] -167 (0.08)-> [4490027]
[09/18/2018 22:00:37 PM] [1695990] -167 (0.04)-> [817351] -167 (0.05)-> [4081886] -394 (0.06)-> [743999] -394 (0.09)-> [2684981] -167 (0.12)-> [4490027]
[09/18/2018 22:02:42 PM] [4095466] -167 (0.05)-> [1036538] -394 (0.07)-> [3842230] -167 (0.08)-> [4334369]
[09/18/2018 22:02:42 PM] [4095466] -167 (0.05)-> [1036538] -140 (0.06)-> [5295767] -194 (0.08)-> [3842230] -167 (0.12)-> [4334369]
[09/18/2018 22:02:42 PM] [4095466] -167 (0.04)-> [5328156] -661 (0.05)-> [1992943] -661 (0.05)-> [1310209] -410 (0.09)-> [5023354] -511 (0.11)-> [4334369]
[09/18/2018 22:02:42 PM] [4095466] -167 (0.04)-> [5328156] -661 (0.05)-> [1992943] -661 (0.03)-> [5196393] -661 (0.04)-> [1310209] -410 (0.05)-> [5023354] -511 (0.08)-> [4334369]
[09/18/2018 22:02:42 PM] [4095466] -167 (0.04)-> [5328156] -661 (0.05)-> [1992943] -661 (0.03)-> [5196393] -613 (0.05)-> [1171269] -167 (0.07)-> [3155086] -167 (0.09)-> [4334369]
[09/18/2018 22:04:02 PM] [436132] -394 (0.05)-> [4161242] -140 (0.07)-> [5672865]
[09/18/2018 22:04:02 PM] [436132] -652 (0.03)-> [5040051] -652 (0.03)-> [2084278] -410 (0.04)-> [4622320] -410 (0.08)-> [5538694] -167 (0.16)-> [5672865]
[09/18/2018 22:04:02 PM] [436132] -652 (0.03)-> [5040051] -652 (0.03)-> [2084278] -480 (0.03)-> [1867470] -410 (0.04)-> [5538694] -167 (0.05)-> [5672865]
[09/18/2018 22:04:02 PM] [436132] -652 (0.03)-> [5040051] -178 (0.03)-> [1586457] -410 (0.04)-> [1867470] -410 (0.05)-> [5538694] -167 (0.12)-> [5672865]
[09/18/2018 22:04:02 PM] [436132] -652 (0.03)-> [5040051] -652 (0.03)-> [2084278] -480 (0.03)-> [1867470] -410 (0.04)-> [5538694] -167 (0.05)-> [4161242] -140 (0.08)-> [5672865]
[09/18/2018 22:05:55 PM] [3255420] -27 (0.04)-> [5295213] -27 (0.05)-> [1708897] -167 (0.07)-> [3514743]
[09/18/2018 22:05:55 PM] [3255420] -27 (0.04)-> [5295213] -27 (0.05)-> [1708897] -465 (0.06)-> [2425105] -167 (0.13)-> [3514743]
[09/18/2018 22:05:55 PM] [3255420] -27 (0.04)-> [5295213] -27 (0.05)-> [1708897] -592 (0.05)-> [1917037] -468 (0.08)-> [1918640] -167 (0.14)-> [3514743]
[09/18/2018 22:05:55 PM] [3255420] -27 (0.04)-> [5295213] -27 (0.05)-> [1708897] -592 (0.05)-> [1917037] -592 (0.06)-> [1916325] -167 (0.13)-> [3514743]
[09/18/2018 22:05:55 PM] [3255420] -27 (0.04)-> [5295213] -27 (0.05)-> [1708897] -592 (0.05)-> [1917037] -468 (0.08)-> [1918640] -167 (0.05)-> [3514704] -140 (0.09)-> [3514743]
[09/18/2018 22:08:54 PM] [4278082] -580 (0.03)-> [5491715] -580 (0.03)-> [1674565] -659 (0.04)-> [1674568] -167 (0.05)-> [4207033] -659 (0.06)-> [3436184] -167 (0.08)-> [3738967] -167 (0.16)-> [4808467]
[09/18/2018 22:08:54 PM] [4278082] -580 (0.03)-> [5491715] -580 (0.03)-> [4353453] -512 (0.04)-> [1325853] -167 (0.04)-> [1749261] -194 (0.05)-> [4799301] -27 (0.06)-> [3425045] -167 (0.1)-> [4808467]
[09/18/2018 22:08:54 PM] [4278082] -580 (0.03)-> [5491715] -580 (0.03)-> [4353453] -512 (0.04)-> [1325853] -167 (0.04)-> [1749261] -194 (0.05)-> [4799301] -615 (0.04)-> [4198605] -615 (0.06)-> [506908] -116 (0.08)-> [4808467]
[09/18/2018 22:08:54 PM] [4278082] -580 (0.03)-> [5196894] -580 (0.03)-> [2614076] -580 (0.03)-> [3148058] -580 (0.04)-> [1568292] -167 (0.06)-> [3852031] -511 (0.07)-> [3738967] -167 (0.17)-> [4808467]
[09/18/2018 22:08:54 PM] [4278082] -580 (0.03)-> [5196894] -580 (0.03)-> [1500412] -194 (0.03)-> [1896099] -27 (0.04)-> [1931156] -511 (0.05)-> [3852031] -511 (0.06)-> [3738967] -167 (0.12)-> [4808467]
[09/18/2018 22:10:24 PM] [4096493] -394 (0.04)-> [4490027] -167 (0.05)-> [3324729] -167 (0.08)-> [715348] -140 (0.09)-> [4752057]
[09/18/2018 22:10:24 PM] [4096493] -394 (0.04)-> [4490027] -167 (0.07)-> [2538776] -167 (0.08)-> [715348] -140 (0.33)-> [4752057]
[09/18/2018 22:10:24 PM] [4096493] -394 (0.04)-> [4490027] -167 (0.07)-> [2538776] -167 (0.06)-> [4709401] -167 (0.06)-> [2005833] -167 (0.15)-> [715348] -140 (0.19)-> [4752057]
[09/18/2018 22:10:24 PM] [4096493] -394 (0.04)-> [4490027] -167 (0.07)-> [2538776] -167 (0.06)-> [4709401] -167 (0.07)-> [5305267] -167 (0.08)-> [715348] -140 (0.34)-> [4752057]
[09/18/2018 22:10:24 PM] [4096493] -394 (0.04)-> [4490027] -167 (0.05)-> [3324729] -167 (0.08)-> [715348] -140 (0.18)-> [3286193] -301 (0.34)-> [4752057]
[09/18/2018 22:11:53 PM] [5393747] -394 (0.05)-> [4490636] -394 (0.09)-> [4225365] -167 (0.11)-> [4539390]
[09/18/2018 22:11:53 PM] [5393747] -580 (0.04)-> [5063216] -580 (0.05)-> [576867] -54 (0.06)-> [3504693] -54 (0.09)-> [912520] -167 (0.17)-> [4539390]
[09/18/2018 22:11:53 PM] [5393747] -580 (0.04)-> [5063216] -580 (0.04)-> [4654090] -54 (0.06)-> [3504693] -54 (0.08)-> [912520] -167 (0.14)-> [4539390]
[09/18/2018 22:11:53 PM] [5393747] -580 (0.04)-> [5063216] -580 (0.04)-> [4654090] -54 (0.06)-> [3504693] -54 (0.08)-> [912520] -610 (0.05)-> [4539397] -116 (0.11)-> [4539390]
[09/18/2018 22:11:53 PM] [5393747] -580 (0.04)-> [5063216] -580 (0.04)-> [4654090] -54 (0.06)-> [3504693] -54 (0.08)-> [912520] -380 (0.04)-> [4309007] -380 (0.05)-> [5320258] -167 (0.07)-> [4539390]
[09/18/2018 22:13:28 PM] [4600318] -592 (0.06)-> [4256638] -167 (0.13)-> [984092]
[09/18/2018 22:13:28 PM] [4600318] -394 (0.06)-> [4196852] -394 (0.12)-> [4843303] -167 (0.18)-> [984092]
[09/18/2018 22:13:28 PM] [4600318] -394 (0.06)-> [4196852] -394 (0.08)-> [2211286] -167 (0.28)-> [984092]
[09/18/2018 22:13:28 PM] [4600318] -394 (0.06)-> [4196852] -394 (0.08)-> [2211286] -167 (0.06)-> [5340365] -140 (0.18)-> [984092]
[09/18/2018 22:13:28 PM] [4600318] -394 (0.06)-> [4196852] -394 (0.08)-> [2211286] -204 (0.05)-> [984257] -394 (0.09)-> [5232329] -167 (0.12)-> [984092]
[09/18/2018 22:16:10 PM] [5370476] -480 (0.03)-> [4996807] -410 (0.05)-> [2647637] -511 (0.06)-> [960485]
[09/18/2018 22:16:11 PM] [5370476] -480 (0.03)-> [4996807] -410 (0.07)-> [2560673] -511 (0.19)-> [960485]
[09/18/2018 22:16:11 PM] [5370476] -480 (0.03)-> [4996807] -410 (0.05)-> [2647637] -410 (0.04)-> [1867616] -410 (0.07)-> [1680194] -511 (0.1)-> [960485]
[09/18/2018 22:16:11 PM] [5370476] -480 (0.03)-> [4996807] -410 (0.05)-> [2647637] -27 (0.03)-> [962464] -27 (0.05)-> [443562] -578 (0.05)-> [4553036] -511 (0.08)-> [960485]
[09/18/2018 22:16:11 PM] [5370476] -480 (0.03)-> [4996807] -410 (0.07)-> [2560673] -511 (0.06)-> [5524966] -301 (0.2)-> [960485]
[09/18/2018 22:20:03 PM] [938934] -512 (0.03)-> [5476926] -512 (0.04)-> [1623878] -283 (0.04)-> [3590808] -167 (0.05)-> [4931125] -592 (0.09)-> [2550175] -167 (0.17)-> [1778010]
[09/18/2018 22:20:04 PM] [938934] -512 (0.03)-> [5476926] -512 (0.04)-> [1623878] -27 (0.04)-> [5294877] -27 (0.04)-> [4931125] -592 (0.06)-> [2550175] -167 (0.08)-> [1778010]
[09/18/2018 22:20:04 PM] [938934] -512 (0.03)-> [5476926] -512 (0.04)-> [1623878] -27 (0.04)-> [5294877] -27 (0.04)-> [4931125] -592 (0.06)-> [2550175] -167 (0.07)-> [3603814] -301 (0.1)-> [1778010]
[09/18/2018 22:20:04 PM] [938934] -512 (0.03)-> [5476926] -512 (0.04)-> [1623878] -27 (0.04)-> [5294877] -27 (0.05)-> [4029761] -511 (0.07)-> [3603814] -301 (0.17)-> [1778010]
[09/18/2018 22:20:04 PM] [938934] -580 (0.03)-> [4981026] -580 (0.03)-> [2743846] -167 (0.06)-> [1202201] -660 (0.09)-> [152] -660 (0.18)-> [1778010]
[09/18/2018 22:20:41 PM] [5566095] -115 (0.16)-> [3588375]
[09/18/2018 22:20:41 PM] [5566095] -195 (0.09)-> [1171383] -167 (0.13)-> [3588375]
[09/18/2018 22:20:41 PM] [5566095] -167 (0.07)-> [794188] -87 (0.11)-> [3588375]
[09/18/2018 22:20:41 PM] [5566095] -167 (0.07)-> [794188] -167 (0.14)-> [3451467] -167 (0.26)-> [3588375]
[09/18/2018 22:20:41 PM] [5566095] -167 (0.07)-> [794188] -167 (0.14)-> [3451467] -167 (0.06)-> [1161664] -512 (0.07)-> [1171383] -167 (0.09)-> [3588375]
[09/18/2018 22:22:37 PM] [1446114] -166 (0.03)-> [496951] -311 (0.04)-> [2040676] -54 (0.05)-> [4471147] -54 (0.06)-> [5520225] -167 (0.09)-> [3295643]
[09/18/2018 22:22:37 PM] [1446114] -166 (0.03)-> [496951] -311 (0.04)-> [2040676] -214 (0.05)-> [3773607] -311 (0.07)-> [2235040] -167 (0.09)-> [3295643]
[09/18/2018 22:22:37 PM] [1446114] -166 (0.03)-> [496951] -166 (0.04)-> [2127498] -167 (0.06)-> [5536443] -661 (0.15)-> [3295643]
[09/18/2018 22:22:37 PM] [1446114] -384 (0.03)-> [5071623] -580 (0.04)-> [1039405] -167 (0.05)-> [987265] -339 (0.07)-> [354608] -339 (0.11)-> [3295643]
[09/18/2018 22:22:37 PM] [1446114] -384 (0.03)-> [5071623] -580 (0.04)-> [2232794] -167 (0.05)-> [987265] -339 (0.07)-> [354608] -339 (0.12)-> [3295643]
[09/18/2018 22:24:53 PM] [3048631] -167 (0.05)-> [3750235] -140 (0.09)-> [5605557] -140 (0.11)-> [702527]
[09/18/2018 22:24:53 PM] [3048631] -167 (0.05)-> [3750235] -167 (0.07)-> [4875418] -140 (0.23)-> [702527]
[09/18/2018 22:24:53 PM] [3048631] -652 (0.03)-> [5057298] -652 (0.05)-> [460498] -167 (0.06)-> [699762] -311 (0.09)-> [3572183] -394 (0.21)-> [702527]
[09/18/2018 22:24:53 PM] [3048631] -652 (0.03)-> [5057298] -652 (0.05)-> [460498] -167 (0.04)-> [4161242] -167 (0.07)-> [2894333] -167 (0.08)-> [702527]
[09/18/2018 22:24:53 PM] [3048631] -652 (0.03)-> [5057298] -178 (0.03)-> [3521295] -178 (0.03)-> [3670567] -580 (0.04)-> [458849] -167 (0.05)-> [2145950] -167 (0.06)-> [450360] -167 (0.08)-> [702527]
[09/18/2018 22:27:53 PM] [3467596] -167 (0.03)-> [5529543] -5 (0.04)-> [1139337] -661 (0.06)-> [3187727] -661 (0.25)-> [973015]
[09/18/2018 22:27:53 PM] [3467596] -178 (0.03)-> [5075206] -580 (0.04)-> [3241898] -167 (0.06)-> [3248781] -661 (0.08)-> [3187727] -661 (0.15)-> [973015]
[09/18/2018 22:27:53 PM] [3467596] -178 (0.03)-> [5075206] -114 (0.03)-> [2088066] -167 (0.03)-> [3088906] -500 (0.05)-> [648048] -661 (0.06)-> [3187727] -661 (0.09)-> [973015]
[09/18/2018 22:27:53 PM] [3467596] -178 (0.03)-> [5075206] -114 (0.03)-> [2088066] -410 (0.03)-> [1210548] -410 (0.04)-> [3460703] -167 (0.06)-> [1487339] -661 (0.06)-> [3187727] -661 (0.09)-> [973015]
[09/18/2018 22:27:53 PM] [3467596] -178 (0.03)-> [5075206] -580 (0.04)-> [3241898] -167 (0.04)-> [1692249] -500 (0.05)-> [734061] -661 (0.1)-> [3187727] -661 (0.13)-> [973015]
[09/18/2018 22:29:08 PM] [3496341] -478 (0.04)-> [295312] -580 (0.08)-> [5097124] -167 (0.16)-> [3781679]
[09/18/2018 22:29:08 PM] [3496341] -151 (0.04)-> [3694680] -580 (0.08)-> [2300695] -167 (0.12)-> [3781679]
[09/18/2018 22:29:08 PM] [3496341] -151 (0.04)-> [3694680] -407 (0.05)-> [2568268] -167 (0.11)-> [3781679]
[09/18/2018 22:29:08 PM] [3496341] -478 (0.04)-> [295312] -580 (0.04)-> [4036316] -194 (0.07)-> [331797] -272 (0.1)-> [3781679]
[09/18/2018 22:29:08 PM] [3496341] -151 (0.04)-> [3694680] -407 (0.05)-> [2568268] -294 (0.06)-> [4878180] -167 (0.15)-> [3781679]
[09/18/2018 22:33:05 PM] [3425180] -580 (0.03)-> [4192099] -580 (0.03)-> [1956850] -167 (0.05)-> [5546275] -167 (0.05)-> [5435389] -512 (0.08)-> [4064325] -301 (0.15)-> [2088403]
[09/18/2018 22:33:05 PM] [3425180] -580 (0.03)-> [4192099] -580 (0.03)-> [1956850] -394 (0.03)-> [4615546] -394 (0.04)-> [5522200] -511 (0.06)-> [4064325] -301 (0.08)-> [2088403]
[09/18/2018 22:33:05 PM] [3425180] -580 (0.03)-> [4192099] -580 (0.03)-> [3459983] -580 (0.03)-> [5044004] -580 (0.05)-> [3366451] -167 (0.07)-> [4064325] -301 (0.11)-> [2088403]
[09/18/2018 22:33:05 PM] [3425180] -580 (0.03)-> [4192099] -580 (0.03)-> [3459983] -580 (0.03)-> [5044004] -580 (0.03)-> [2302666] -512 (0.04)-> [5324154] -608 (0.09)-> [1615051] -608 (0.14)-> [2088403]
[09/18/2018 22:33:05 PM] [3425180] -580 (0.03)-> [4192099] -580 (0.03)-> [3459983] -580 (0.03)-> [5044004] -580 (0.03)-> [2302666] -167 (0.04)-> [4568361] -61 (0.04)-> [3326151] -511 (0.07)-> [4064325] -301 (0.1)-> [2088403]
[09/18/2018 22:35:31 PM] [480248] -580 (0.03)-> [5023843] -250 (0.04)-> [571905] -250 (0.05)-> [3281467] -340 (0.15)-> [2879873]
[09/18/2018 22:35:31 PM] [480248] -580 (0.03)-> [5023843] -250 (0.04)-> [571905] -250 (0.05)-> [3281467] -615 (0.04)-> [4198620] -615 (0.06)-> [823992] -339 (0.07)-> [2879873]
[09/18/2018 22:35:31 PM] [480248] -580 (0.03)-> [5023843] -250 (0.04)-> [571905] -250 (0.05)-> [3281467] -291 (0.03)-> [354776] -291 (0.05)-> [823992] -339 (0.06)-> [2879873]
[09/18/2018 22:35:31 PM] [480248] -580 (0.03)-> [5023843] -50 (0.03)-> [5547315] -410 (0.04)-> [1269421] -410 (0.05)-> [654662] -167 (0.13)-> [2879873]
[09/18/2018 22:35:31 PM] [480248] -580 (0.03)-> [5023843] -50 (0.03)-> [5547315] -50 (0.04)-> [4270773] -151 (0.06)-> [2219623] -340 (0.13)-> [2879873]
[09/18/2018 22:36:20 PM] [1223461] -167 (0.08)-> [1906664]
[09/18/2018 22:36:20 PM] [1223461] -167 (0.05)-> [5228554] -140 (0.18)-> [1906664]
[09/18/2018 22:36:20 PM] [1223461] -114 (0.05)-> [5089986] -140 (0.13)-> [1906664]
[09/18/2018 22:36:20 PM] [1223461] -114 (0.05)-> [5089986] -580 (0.05)-> [2047559] -394 (0.16)-> [1906664]
[09/18/2018 22:36:20 PM] [1223461] -114 (0.05)-> [5089986] -178 (0.05)-> [396253] -394 (0.13)-> [1906664]
[09/18/2018 22:39:14 PM] [888450] -580 (0.04)-> [2353073] -661 (0.04)-> [1117854] -506 (0.05)-> [5466435] -394 (0.08)-> [1705987] -140 (0.12)-> [2527442] -167 (0.14)-> [991764]
[09/18/2018 22:39:14 PM] [888450] -580 (0.04)-> [2353073] -580 (0.04)-> [3299273] -394 (0.05)-> [956202] -394 (0.05)-> [3792070] -167 (0.11)-> [991764]
[09/18/2018 22:39:14 PM] [888450] -580 (0.03)-> [5082008] -178 (0.04)-> [2185427] -394 (0.05)-> [956202] -394 (0.08)-> [3792070] -167 (0.18)-> [991764]
[09/18/2018 22:39:14 PM] [888450] -580 (0.03)-> [5082008] -580 (0.03)-> [1694398] -194 (0.04)-> [4822326] -194 (0.06)-> [2442159] -167 (0.08)-> [4898101] -140 (0.12)-> [991764]
[09/18/2018 22:39:14 PM] [888450] -580 (0.03)-> [5082008] -580 (0.03)-> [1694398] -194 (0.04)-> [4822326] -615 (0.05)-> [2448437] -615 (0.07)-> [1324877] -116 (0.1)-> [991764]
[09/18/2018 22:41:54 PM] [1628434] -311 (0.04)-> [3746432] -410 (0.05)-> [1119348] -410 (0.06)-> [594743] -410 (0.08)-> [2306965] -167 (0.11)-> [1882039]
[09/18/2018 22:41:54 PM] [1628434] -311 (0.04)-> [3746432] -410 (0.05)-> [1119348] -410 (0.05)-> [622737] -615 (0.08)-> [3740019] -339 (0.1)-> [1882039]
[09/18/2018 22:41:54 PM] [1628434] -410 (0.03)-> [1520526] -410 (0.05)-> [4831340] -394 (0.05)-> [4161854] -394 (0.09)-> [4831524] -167 (0.12)-> [1882039]
[09/18/2018 22:41:54 PM] [1628434] -410 (0.03)-> [1520526] -410 (0.04)-> [4725385] -167 (0.07)-> [3949884] -311 (0.08)-> [532732] -167 (0.19)-> [1882039]
[09/18/2018 22:41:54 PM] [1628434] -410 (0.03)-> [1520526] -410 (0.05)-> [4831340] -111 (0.04)-> [3122257] -394 (0.06)-> [4161854] -394 (0.08)-> [4831524] -167 (0.18)-> [1882039]
[09/18/2018 22:42:45 PM] [4247934] -394 (0.07)-> [2449097]
[09/18/2018 22:42:45 PM] [4247934] -580 (0.06)-> [1166303] -140 (0.21)-> [2449097]
[09/18/2018 22:42:45 PM] [4247934] -580 (0.06)-> [1166303] -478 (0.05)-> [4948005] -394 (0.13)-> [2449097]
[09/18/2018 22:42:45 PM] [4247934] -580 (0.06)-> [5330298] -140 (0.19)-> [2449097]
[09/18/2018 22:42:45 PM] [4247934] -580 (0.06)-> [5330298] -580 (0.05)-> [719513] -167 (0.14)-> [2449097]
[09/18/2018 22:45:12 PM] [891152] -166 (0.04)-> [1448500] -166 (0.06)-> [5121784] -167 (0.09)-> [960485]
[09/18/2018 22:45:12 PM] [891152] -166 (0.04)-> [1448500] -166 (0.04)-> [2044867] -512 (0.08)-> [2149862] -339 (0.13)-> [960485]
[09/18/2018 22:45:12 PM] [891152] -166 (0.04)-> [1448500] -166 (0.06)-> [5121784] -311 (0.05)-> [3781793] -57 (0.1)-> [4402736] -167 (0.18)-> [960485]
[09/18/2018 22:45:12 PM] [891152] -166 (0.04)-> [1448500] -166 (0.06)-> [5121784] -195 (0.04)-> [3781768] -311 (0.06)-> [1911331] -512 (0.08)-> [1094347] -339 (0.1)-> [960485]
[09/18/2018 22:45:12 PM] [891152] -166 (0.04)-> [1448500] -166 (0.06)-> [5121784] -195 (0.04)-> [3781768] -601 (0.06)-> [4908380] -116 (0.15)-> [960485]
[09/18/2018 22:48:41 PM] [2307728] -580 (0.03)-> [2541019] -580 (0.04)-> [3268363] -167 (0.04)-> [4568361] -167 (0.07)-> [2035826] -167 (0.16)-> [1150717]
[09/18/2018 22:48:41 PM] [2307728] -580 (0.03)-> [5073690] -580 (0.04)-> [1655176] -394 (0.05)-> [4334436] -501 (0.09)-> [1626041] -339 (0.2)-> [1150717]
[09/18/2018 22:48:41 PM] [2307728] -580 (0.03)-> [5073690] -652 (0.03)-> [2027877] -660 (0.04)-> [6060984] -660 (0.04)-> [759740] -659 (0.14)-> [1150717]
[09/18/2018 22:48:41 PM] [2307728] -580 (0.03)-> [5073690] -580 (0.04)-> [1655176] -660 (0.03)-> [11] -660 (0.05)-> [4968533] -578 (0.06)-> [905966] -167 (0.08)-> [1150717]
[09/18/2018 22:48:41 PM] [2307728] -580 (0.03)-> [5073690] -580 (0.04)-> [1655176] -660 (0.03)-> [11] -660 (0.05)-> [4916192] -578 (0.09)-> [905966] -167 (0.17)-> [1150717]
