[12/14/2018 20:42:13 PM] Launching sm..
[12/14/2018 20:42:13 PM] Dataset: sample.csv
[12/14/2018 20:42:13 PM] Output dir: /home/galois/Documents/streamminer/output
[12/14/2018 20:42:13 PM] Read data: (104, 7) sample.csv
[12/14/2018 20:42:13 PM] Note: Found non-NA records: (104, 7)
[12/14/2018 20:42:13 PM] PID is: 599.0, with type: float64
[12/14/2018 20:42:19 PM] => Path extraction..(this can take a while)
[12/14/2018 20:43:33 PM] SPO: [392035, 599, 4119746], Score: 0.150356260458, Len (3):
[392035] --189 (0.03)-> [2115741] --236 (0.05)-> [4475218] --236 (0.07)-> [4119746]

[12/14/2018 20:43:33 PM] SPO: [392035, 599, 4119746], Score: 0.146804040157, Len (3):
[392035] --65 (0.03)-> [3783749] --65 (0.05)-> [3612042] --189 (0.07)-> [4119746]

[12/14/2018 20:43:33 PM] SPO: [392035, 599, 4119746], Score: 0.224282586696, Len (3):
[392035] --189 (0.03)-> [2115741] --121 (0.05)-> [4863355] --189 (0.14)-> [4119746]

[12/14/2018 20:43:33 PM] SPO: [392035, 599, 4119746], Score: 0.226604318287, Len (3):
[392035] --65 (0.03)-> [3783749] --65 (0.05)-> [2142240] --189 (0.15)-> [4119746]

[12/14/2018 20:43:33 PM] SPO: [392035, 599, 4119746], Score: 0.266057530429, Len (5):
[392035] --65 (0.03)-> [3783749] --65 (0.05)-> [2142240] --462 (0.04)-> [4182344] --462 (0.07)-> [1596079] --189 (0.08)-> [4119746]

[12/14/2018 20:43:52 PM] SPO: [494082, 599, 4119746], Score: 0.0709806674345, Len (1):
[494082] --189 (0.07)-> [4119746]

[12/14/2018 20:43:52 PM] SPO: [494082, 599, 4119746], Score: 0.185839285232, Len (3):
[494082] --462 (0.04)-> [4182344] --462 (0.07)-> [1596079] --189 (0.08)-> [4119746]

[12/14/2018 20:43:52 PM] SPO: [494082, 599, 4119746], Score: 0.185223180919, Len (3):
[494082] --462 (0.04)-> [1095182] --462 (0.07)-> [4421062] --189 (0.08)-> [4119746]

[12/14/2018 20:43:52 PM] SPO: [494082, 599, 4119746], Score: 0.238782993358, Len (5):
[494082] --462 (0.04)-> [1095182] --462 (0.07)-> [4421062] --660 (0.03)-> [78] --660 (0.05)-> [852582] --189 (0.06)-> [4119746]

[12/14/2018 20:43:52 PM] SPO: [494082, 599, 4119746], Score: 0.239063786676, Len (5):
[494082] --462 (0.04)-> [4182344] --462 (0.07)-> [1596079] --660 (0.03)-> [78] --660 (0.05)-> [852582] --189 (0.06)-> [4119746]

[12/14/2018 20:43:57 PM] SPO: [392035, 599, 2115741], Score: 0.0677970562743, Len (1):
[392035] --189 (0.07)-> [2115741]

[12/14/2018 20:43:57 PM] SPO: [392035, 599, 2115741], Score: 0.129642864833, Len (3):
[392035] --660 (0.03)-> [78] --660 (0.04)-> [4475218] --236 (0.06)-> [2115741]

[12/14/2018 20:43:57 PM] SPO: [392035, 599, 2115741], Score: 0.227870891895, Len (3):
[392035] --660 (0.03)-> [78] --660 (0.06)-> [532169] --236 (0.14)-> [2115741]

[12/14/2018 20:43:57 PM] SPO: [392035, 599, 2115741], Score: 0.32246592914, Len (5):
[392035] --660 (0.03)-> [78] --660 (0.04)-> [4475218] --236 (0.04)-> [3040313] --236 (0.08)-> [532169] --236 (0.13)-> [2115741]

[12/14/2018 20:43:57 PM] SPO: [392035, 599, 2115741], Score: 0.2921631898, Len (5):
[392035] --660 (0.03)-> [78] --660 (0.04)-> [4475218] --236 (0.04)-> [1006463] --236 (0.07)-> [532169] --236 (0.11)-> [2115741]

[12/14/2018 20:44:00 PM] SPO: [482030, 599, 2364618], Score: 0.0709806674345, Len (1):
[482030] --189 (0.07)-> [2364618]

[12/14/2018 20:44:00 PM] SPO: [482030, 599, 2364618], Score: 0.189150057923, Len (3):
[482030] --462 (0.04)-> [4160079] --462 (0.07)-> [4107784] --189 (0.08)-> [2364618]

[12/14/2018 20:44:00 PM] SPO: [482030, 599, 2364618], Score: 0.13485583069, Len (3):
[482030] --660 (0.03)-> [78] --660 (0.05)-> [2512842] --121 (0.06)-> [2364618]

[12/14/2018 20:44:00 PM] SPO: [482030, 599, 2364618], Score: 0.267681011444, Len (5):
[482030] --660 (0.03)-> [78] --660 (0.05)-> [2512842] --329 (0.04)-> [3740468] --601 (0.07)-> [2287973] --601 (0.08)-> [2364618]

[12/14/2018 20:44:00 PM] SPO: [482030, 599, 2364618], Score: 0.277267891435, Len (5):
[482030] --660 (0.03)-> [78] --660 (0.05)-> [2512842] --123 (0.04)-> [3590990] --123 (0.07)-> [4471751] --189 (0.1)-> [2364618]

[12/14/2018 20:44:45 PM] SPO: [851870, 599, 4628461], Score: 0.219192302979, Len (3):
[851870] --123 (0.04)-> [4568464] --123 (0.07)-> [4080867] --189 (0.11)-> [4628461]

[12/14/2018 20:44:45 PM] SPO: [851870, 599, 4628461], Score: 0.151818980498, Len (3):
[851870] --189 (0.03)-> [685564] --236 (0.05)-> [3116669] --236 (0.07)-> [4628461]

[12/14/2018 20:44:45 PM] SPO: [851870, 599, 4628461], Score: 0.144444987161, Len (3):
[851870] --189 (0.03)-> [685564] --660 (0.04)-> [79] --660 (0.07)-> [4628461]

[12/14/2018 20:44:45 PM] SPO: [851870, 599, 4628461], Score: 0.271276806644, Len (5):
[851870] --189 (0.03)-> [685564] --236 (0.05)-> [3116669] --462 (0.04)-> [4182344] --462 (0.07)-> [2649253] --189 (0.08)-> [4628461]

[12/14/2018 20:44:45 PM] SPO: [851870, 599, 4628461], Score: 0.291395584963, Len (5):
[851870] --123 (0.04)-> [4568464] --123 (0.07)-> [4080867] --462 (0.04)-> [4182344] --462 (0.06)-> [3116669] --236 (0.08)-> [4628461]

[12/14/2018 20:44:48 PM] SPO: [494082, 599, 3516612], Score: 0.213320718685, Len (3):
[494082] --123 (0.04)-> [3889272] --123 (0.07)-> [2621025] --189 (0.11)-> [3516612]

[12/14/2018 20:44:48 PM] SPO: [494082, 599, 3516612], Score: 0.183923352419, Len (3):
[494082] --462 (0.04)-> [4182344] --462 (0.06)-> [5457775] --189 (0.08)-> [3516612]

[12/14/2018 20:44:48 PM] SPO: [494082, 599, 3516612], Score: 0.226537559029, Len (3):
[494082] --123 (0.04)-> [3889272] --123 (0.05)-> [1287267] --189 (0.14)-> [3516612]

[12/14/2018 20:44:48 PM] SPO: [494082, 599, 3516612], Score: 0.225032532438, Len (5):
[494082] --123 (0.04)-> [3889272] --123 (0.05)-> [1287267] --660 (0.03)-> [78] --660 (0.05)-> [3397540] --189 (0.06)-> [3516612]

[12/14/2018 20:44:48 PM] SPO: [494082, 599, 3516612], Score: 0.283705432841, Len (5):
[494082] --462 (0.04)-> [4182344] --462 (0.06)-> [5457775] --123 (0.03)-> [2880082] --123 (0.06)-> [1396950] --189 (0.09)-> [3516612]

[12/14/2018 20:44:59 PM] SPO: [482030, 599, 1487110], Score: 0.29824392266, Len (3):
[482030] --123 (0.04)-> [3889144] --123 (0.09)-> [644314] --189 (0.16)-> [1487110]

[12/14/2018 20:44:59 PM] SPO: [482030, 599, 1487110], Score: 0.186097883287, Len (3):
[482030] --462 (0.03)-> [4160079] --462 (0.07)-> [4799509] --189 (0.08)-> [1487110]

[12/14/2018 20:44:59 PM] SPO: [482030, 599, 1487110], Score: 0.315365226603, Len (3):
[482030] --462 (0.03)-> [4160079] --462 (0.06)-> [2930717] --189 (0.23)-> [1487110]

[12/14/2018 20:44:59 PM] SPO: [482030, 599, 1487110], Score: 0.269428512749, Len (5):
[482030] --462 (0.03)-> [4160079] --462 (0.06)-> [2930717] --123 (0.03)-> [2933055] --123 (0.06)-> [1363852] --189 (0.09)-> [1487110]

[12/14/2018 20:44:59 PM] SPO: [482030, 599, 1487110], Score: 0.225772528397, Len (5):
[482030] --462 (0.03)-> [4160079] --462 (0.06)-> [2930717] --660 (0.03)-> [78] --660 (0.05)-> [3566075] --189 (0.06)-> [1487110]

[12/14/2018 20:45:00 PM] SPO: [392035, 599, 917821], Score: 0.135843676661, Len (3):
[392035] --660 (0.03)-> [78] --660 (0.05)-> [3796026] --189 (0.06)-> [917821]

[12/14/2018 20:45:00 PM] SPO: [392035, 599, 917821], Score: 0.144876289381, Len (3):
[392035] --65 (0.03)-> [3783749] --65 (0.05)-> [1725129] --189 (0.07)-> [917821]

[12/14/2018 20:45:00 PM] SPO: [392035, 599, 917821], Score: 0.221466918952, Len (3):
[392035] --65 (0.03)-> [3783749] --65 (0.05)-> [4286875] --189 (0.14)-> [917821]

[12/14/2018 20:45:00 PM] SPO: [392035, 599, 917821], Score: 0.267922363701, Len (5):
[392035] --65 (0.03)-> [3783749] --65 (0.05)-> [4286875] --462 (0.04)-> [769614] --462 (0.07)-> [3796026] --189 (0.08)-> [917821]

[12/14/2018 20:45:00 PM] SPO: [392035, 599, 917821], Score: 0.26044367078, Len (5):
[392035] --65 (0.03)-> [3783749] --65 (0.05)-> [4286875] --329 (0.03)-> [3740468] --329 (0.06)-> [4448484] --189 (0.08)-> [917821]

[12/14/2018 20:45:01 PM] SPO: [392035, 599, 3218267], Score: 0.137585013247, Len (3):
[392035] --660 (0.03)-> [78] --660 (0.05)-> [976548] --189 (0.06)-> [3218267]

[12/14/2018 20:45:02 PM] SPO: [392035, 599, 3218267], Score: 0.335897706355, Len (3):
[392035] --660 (0.03)-> [78] --660 (0.06)-> [2004941] --189 (0.25)-> [3218267]

[12/14/2018 20:45:02 PM] SPO: [392035, 599, 3218267], Score: 0.277452602294, Len (5):
[392035] --660 (0.03)-> [78] --660 (0.06)-> [2004941] --462 (0.04)-> [769614] --462 (0.07)-> [1988022] --189 (0.08)-> [3218267]

[12/14/2018 20:45:02 PM] SPO: [392035, 599, 3218267], Score: 0.36262053592, Len (7):
[392035] --660 (0.03)-> [78] --660 (0.06)-> [2004941] --123 (0.03)-> [2473094] --123 (0.04)-> [972202] --123 (0.04)-> [5259500] --601 (0.07)-> [3218302] --601 (0.1)-> [3218267]

[12/14/2018 20:45:02 PM] SPO: [392035, 599, 3218267], Score: 0.336685524741, Len (7):
[392035] --660 (0.03)-> [78] --660 (0.06)-> [2004941] --123 (0.03)-> [2473094] --123 (0.04)-> [972202] --462 (0.04)-> [4704367] --462 (0.07)-> [1053615] --189 (0.08)-> [3218267]

[12/14/2018 20:45:02 PM] SPO: [890343, 599, 4628461], Score: 0.20644643125, Len (3):
[890343] --123 (0.04)-> [3038271] --123 (0.07)-> [2097918] --189 (0.1)-> [4628461]

[12/14/2018 20:45:02 PM] SPO: [890343, 599, 4628461], Score: 0.151818980498, Len (3):
[890343] --189 (0.03)-> [685564] --236 (0.05)-> [3116669] --236 (0.07)-> [4628461]

[12/14/2018 20:45:02 PM] SPO: [890343, 599, 4628461], Score: 0.144444987161, Len (3):
[890343] --189 (0.03)-> [685564] --660 (0.04)-> [79] --660 (0.07)-> [4628461]

[12/14/2018 20:45:02 PM] SPO: [890343, 599, 4628461], Score: 0.271276806644, Len (5):
[890343] --189 (0.03)-> [685564] --236 (0.05)-> [3116669] --462 (0.04)-> [4182344] --462 (0.07)-> [2649253] --189 (0.08)-> [4628461]

[12/14/2018 20:45:02 PM] SPO: [890343, 599, 4628461], Score: 0.285511492543, Len (5):
[890343] --123 (0.04)-> [3038271] --123 (0.07)-> [2097918] --462 (0.04)-> [4182344] --462 (0.06)-> [3116669] --236 (0.08)-> [4628461]

[12/14/2018 20:45:05 PM] SPO: [846737, 599, 4525720], Score: 0.110549491698, Len (3):
[846737] --480 (0.03)-> [769522] --480 (0.04)-> [532169] --236 (0.05)-> [4525720]

[12/14/2018 20:45:05 PM] SPO: [846737, 599, 4525720], Score: 0.108640686813, Len (3):
[846737] --480 (0.02)-> [1243951] --480 (0.04)-> [1929310] --189 (0.05)-> [4525720]

[12/14/2018 20:45:05 PM] SPO: [846737, 599, 4525720], Score: 0.208877979125, Len (3):
[846737] --480 (0.02)-> [1243951] --480 (0.05)-> [2721051] --189 (0.14)-> [4525720]

[12/14/2018 20:45:05 PM] SPO: [846737, 599, 4525720], Score: 0.21714735266, Len (3):
[846737] --480 (0.03)-> [769522] --480 (0.05)-> [2036260] --121 (0.14)-> [4525720]

[12/14/2018 20:45:05 PM] SPO: [846737, 599, 4525720], Score: 0.241722674423, Len (5):
[846737] --480 (0.02)-> [1243951] --480 (0.04)-> [1929310] --462 (0.04)-> [769614] --462 (0.06)-> [532169] --236 (0.08)-> [4525720]

[12/14/2018 20:45:06 PM] SPO: [846737, 599, 4567127], Score: 0.113984695331, Len (3):
[846737] --480 (0.03)-> [769522] --480 (0.04)-> [5492355] --189 (0.05)-> [4567127]

[12/14/2018 20:45:06 PM] SPO: [846737, 599, 4567127], Score: 0.108711528201, Len (3):
[846737] --480 (0.03)-> [1243951] --480 (0.04)-> [2155641] --121 (0.05)-> [4567127]

[12/14/2018 20:45:06 PM] SPO: [846737, 599, 4567127], Score: 0.207724139892, Len (3):
[846737] --480 (0.03)-> [769522] --480 (0.05)-> [5140024] --189 (0.13)-> [4567127]

[12/14/2018 20:45:06 PM] SPO: [846737, 599, 4567127], Score: 0.213201713833, Len (3):
[846737] --480 (0.03)-> [1243951] --480 (0.05)-> [5168489] --54 (0.14)-> [4567127]

[12/14/2018 20:45:06 PM] SPO: [846737, 599, 4567127], Score: 0.24870779332, Len (5):
[846737] --480 (0.03)-> [1243951] --480 (0.05)-> [5168489] --54 (0.04)-> [2364618] --601 (0.06)-> [2287973] --601 (0.07)-> [4567127]

[12/14/2018 20:45:10 PM] SPO: [494082, 599, 2450828], Score: 0.185751113194, Len (3):
[494082] --462 (0.04)-> [1095182] --462 (0.07)-> [4866605] --189 (0.08)-> [2450828]

[12/14/2018 20:45:10 PM] SPO: [494082, 599, 2450828], Score: 0.185141840473, Len (3):
[494082] --462 (0.04)-> [4182344] --462 (0.07)-> [4617790] --189 (0.08)-> [2450828]

[12/14/2018 20:45:10 PM] SPO: [494082, 599, 2450828], Score: 0.235594259778, Len (5):
[494082] --462 (0.04)-> [1095182] --462 (0.07)-> [4866605] --660 (0.03)-> [78] --660 (0.05)-> [1930535] --121 (0.06)-> [2450828]

[12/14/2018 20:45:10 PM] SPO: [494082, 599, 2450828], Score: 0.325297501427, Len (5):
[494082] --462 (0.04)-> [4182344] --462 (0.07)-> [4617790] --123 (0.04)-> [3929625] --123 (0.07)-> [4298587] --189 (0.11)-> [2450828]

[12/14/2018 20:45:10 PM] SPO: [494082, 599, 2450828], Score: 0.266194848905, Len (5):
[494082] --462 (0.04)-> [4182344] --462 (0.07)-> [4617790] --65 (0.03)-> [4382598] --65 (0.05)-> [4319468] --189 (0.08)-> [2450828]

[12/14/2018 20:45:10 PM] SPO: [482030, 599, 3516612], Score: 0.188092836241, Len (3):
[482030] --462 (0.04)-> [4160079] --462 (0.07)-> [4641007] --189 (0.08)-> [3516612]

[12/14/2018 20:45:10 PM] SPO: [482030, 599, 3516612], Score: 0.135943557032, Len (3):
[482030] --660 (0.03)-> [78] --660 (0.05)-> [3397540] --189 (0.06)-> [3516612]

[12/14/2018 20:45:10 PM] SPO: [482030, 599, 3516612], Score: 0.263897877004, Len (5):
[482030] --660 (0.03)-> [78] --660 (0.05)-> [3397540] --462 (0.04)-> [769614] --462 (0.07)-> [4617725] --189 (0.08)-> [3516612]

[12/14/2018 20:45:10 PM] SPO: [482030, 599, 3516612], Score: 0.212256175098, Len (5):
[482030] --660 (0.03)-> [78] --660 (0.05)-> [3397540] --65 (0.03)-> [1357141] --65 (0.04)-> [3023058] --189 (0.06)-> [3516612]

[12/14/2018 20:45:10 PM] SPO: [482030, 599, 3516612], Score: 0.283668048453, Len (3):
[482030] --660 (0.03)-> [78] --660 (0.06)-> [1728906] --121 (0.19)-> [3516612]

[12/14/2018 20:45:12 PM] SPO: [851870, 599, 4119746], Score: 0.169145617065, Len (3):
[851870] --65 (0.03)-> [3636406] --65 (0.05)-> [4446389] --189 (0.08)-> [4119746]

[12/14/2018 20:45:12 PM] SPO: [851870, 599, 4119746], Score: 0.136293555743, Len (3):
[851870] --660 (0.03)-> [78] --660 (0.05)-> [852582] --189 (0.06)-> [4119746]

[12/14/2018 20:45:12 PM] SPO: [851870, 599, 4119746], Score: 0.231769947913, Len (3):
[851870] --660 (0.03)-> [78] --660 (0.06)-> [4475218] --236 (0.14)-> [4119746]

[12/14/2018 20:45:12 PM] SPO: [851870, 599, 4119746], Score: 0.266365309294, Len (5):
[851870] --660 (0.03)-> [78] --660 (0.05)-> [852582] --123 (0.04)-> [5256012] --123 (0.06)-> [2929768] --189 (0.09)-> [4119746]

[12/14/2018 20:45:12 PM] SPO: [851870, 599, 4119746], Score: 0.272352823228, Len (5):
[851870] --65 (0.03)-> [3636406] --65 (0.05)-> [4446389] --462 (0.04)-> [4182344] --462 (0.07)-> [1596079] --189 (0.08)-> [4119746]

[12/14/2018 20:45:23 PM] SPO: [846737, 599, 3782014], Score: 0.286517316618, Len (3):
[846737] --65 (0.04)-> [1321700] --65 (0.09)-> [846745] --189 (0.15)-> [3782014]

[12/14/2018 20:45:23 PM] SPO: [846737, 599, 3782014], Score: 0.114141656281, Len (3):
[846737] --480 (0.03)-> [769522] --480 (0.04)-> [5528006] --189 (0.05)-> [3782014]

[12/14/2018 20:45:23 PM] SPO: [846737, 599, 3782014], Score: 0.200243049499, Len (5):
[846737] --480 (0.03)-> [769522] --480 (0.04)-> [5528006] --660 (0.03)-> [78] --660 (0.05)-> [4433675] --189 (0.06)-> [3782014]

[12/14/2018 20:45:23 PM] SPO: [846737, 599, 3782014], Score: 0.221127137519, Len (3):
[846737] --480 (0.03)-> [769522] --480 (0.05)-> [2633746] --189 (0.15)-> [3782014]

[12/14/2018 20:45:23 PM] SPO: [846737, 599, 3782014], Score: 0.269449802866, Len (5):
[846737] --65 (0.04)-> [1321700] --65 (0.09)-> [846745] --660 (0.03)-> [78] --660 (0.05)-> [4433675] --189 (0.06)-> [3782014]

[12/14/2018 20:45:24 PM] SPO: [1029025, 599, 5452049], Score: 0.25419018512, Len (3):
[1029025] --123 (0.04)-> [3789441] --123 (0.08)-> [3562163] --189 (0.13)-> [5452049]

[12/14/2018 20:45:24 PM] SPO: [1029025, 599, 5452049], Score: 0.134779489499, Len (3):
[1029025] --660 (0.03)-> [78] --660 (0.05)-> [4864610] --189 (0.06)-> [5452049]

[12/14/2018 20:45:24 PM] SPO: [1029025, 599, 5452049], Score: 0.267533671135, Len (5):
[1029025] --660 (0.03)-> [78] --660 (0.05)-> [4864610] --462 (0.04)-> [4160079] --462 (0.07)-> [2528495] --189 (0.08)-> [5452049]

[12/14/2018 20:45:24 PM] SPO: [1029025, 599, 5452049], Score: 0.309278475138, Len (5):
[1029025] --123 (0.04)-> [3789441] --123 (0.08)-> [3562163] --462 (0.04)-> [4704367] --462 (0.07)-> [4447627] --189 (0.08)-> [5452049]

[12/14/2018 20:45:24 PM] SPO: [1029025, 599, 5452049], Score: 0.312776610347, Len (3):
[1029025] --660 (0.03)-> [78] --660 (0.06)-> [4434215] --189 (0.23)-> [5452049]

[12/14/2018 20:45:25 PM] SPO: [890343, 599, 685564], Score: 0.0670245276544, Len (1):
[890343] --189 (0.07)-> [685564]

[12/14/2018 20:45:25 PM] SPO: [890343, 599, 685564], Score: 0.208336131551, Len (3):
[890343] --123 (0.04)-> [3038271] --123 (0.07)-> [4479600] --189 (0.1)-> [685564]

[12/14/2018 20:45:25 PM] SPO: [890343, 599, 685564], Score: 0.131517637087, Len (3):
[890343] --660 (0.03)-> [78] --660 (0.04)-> [3116669] --236 (0.06)-> [685564]

[12/14/2018 20:45:25 PM] SPO: [890343, 599, 685564], Score: 0.227959203249, Len (3):
[890343] --660 (0.03)-> [78] --660 (0.06)-> [532169] --236 (0.14)-> [685564]

[12/14/2018 20:45:25 PM] SPO: [890343, 599, 685564], Score: 0.253899643492, Len (3):
[890343] --123 (0.04)-> [3038271] --123 (0.05)-> [1499330] --189 (0.17)-> [685564]

[12/14/2018 20:45:28 PM] SPO: [482030, 599, 1156689], Score: 0.19048707064, Len (3):
[482030] --462 (0.04)-> [4160079] --462 (0.07)-> [3397902] --189 (0.08)-> [1156689]

[12/14/2018 20:45:28 PM] SPO: [482030, 599, 1156689], Score: 0.137788117493, Len (3):
[482030] --660 (0.03)-> [78] --660 (0.05)-> [2044188] --189 (0.06)-> [1156689]

[12/14/2018 20:45:28 PM] SPO: [482030, 599, 1156689], Score: 0.336846670069, Len (3):
[482030] --660 (0.03)-> [78] --660 (0.06)-> [3423590] --189 (0.25)-> [1156689]

[12/14/2018 20:45:28 PM] SPO: [482030, 599, 1156689], Score: 0.307873495628, Len (5):
[482030] --660 (0.03)-> [78] --660 (0.06)-> [3423590] --123 (0.04)-> [3779542] --123 (0.07)-> [5190725] --189 (0.11)-> [1156689]

[12/14/2018 20:45:28 PM] SPO: [482030, 599, 1156689], Score: 0.332927932227, Len (5):
[482030] --660 (0.03)-> [78] --660 (0.06)-> [3423590] --123 (0.04)-> [3779542] --123 (0.05)-> [1031372] --189 (0.16)-> [1156689]

[12/14/2018 20:45:30 PM] SPO: [1029025, 599, 4567127], Score: 0.165859000034, Len (3):
[1029025] --189 (0.04)-> [2364618] --601 (0.06)-> [2287973] --601 (0.07)-> [4567127]

[12/14/2018 20:45:30 PM] SPO: [1029025, 599, 4567127], Score: 0.135219929876, Len (3):
[1029025] --660 (0.03)-> [78] --660 (0.05)-> [1609566] --189 (0.06)-> [4567127]

[12/14/2018 20:45:30 PM] SPO: [1029025, 599, 4567127], Score: 0.25400374174, Len (3):
[1029025] --189 (0.04)-> [2364618] --54 (0.05)-> [5168489] --54 (0.16)-> [4567127]

[12/14/2018 20:45:30 PM] SPO: [1029025, 599, 4567127], Score: 0.265335971783, Len (5):
[1029025] --660 (0.03)-> [78] --660 (0.05)-> [1609566] --462 (0.04)-> [769614] --462 (0.07)-> [4620024] --189 (0.08)-> [4567127]

[12/14/2018 20:45:30 PM] SPO: [1029025, 599, 4567127], Score: 0.280578482147, Len (5):
[1029025] --189 (0.04)-> [2364618] --54 (0.05)-> [5168489] --121 (0.03)-> [5305672] --660 (0.05)-> [79] --660 (0.11)-> [4567127]

[12/14/2018 20:45:30 PM] SPO: [494082, 599, 1156689], Score: 0.187132559985, Len (3):
[494082] --462 (0.04)-> [4182344] --462 (0.07)-> [4446758] --189 (0.08)-> [1156689]

[12/14/2018 20:45:30 PM] SPO: [494082, 599, 1156689], Score: 0.210602671118, Len (3):
[494082] --123 (0.04)-> [3889272] --123 (0.07)-> [1232606] --189 (0.11)-> [1156689]

[12/14/2018 20:45:30 PM] SPO: [494082, 599, 1156689], Score: 0.217276390535, Len (3):
[494082] --123 (0.04)-> [3889272] --123 (0.05)-> [4823282] --189 (0.13)-> [1156689]

[12/14/2018 20:45:30 PM] SPO: [494082, 599, 1156689], Score: 0.241851623179, Len (5):
[494082] --462 (0.04)-> [4182344] --462 (0.07)-> [4446758] --660 (0.03)-> [78] --660 (0.05)-> [2044188] --189 (0.06)-> [1156689]

[12/14/2018 20:45:30 PM] SPO: [494082, 599, 1156689], Score: 0.231791343549, Len (5):
[494082] --462 (0.04)-> [4182344] --462 (0.07)-> [4446758] --65 (0.03)-> [960485] --65 (0.04)-> [2635751] --410 (0.06)-> [1156689]

[12/14/2018 20:45:45 PM] SPO: [1397869, 599, 5305646], Score: 0.0732918175248, Len (1):
[1397869] --189 (0.07)-> [5305646]

[12/14/2018 20:45:45 PM] SPO: [1397869, 599, 5305646], Score: 0.194814766055, Len (3):
[1397869] --123 (0.04)-> [3229261] --123 (0.06)-> [2128056] --189 (0.1)-> [5305646]

[12/14/2018 20:45:45 PM] SPO: [1397869, 599, 5305646], Score: 0.133731607161, Len (3):
[1397869] --660 (0.03)-> [78] --660 (0.05)-> [4243536] --121 (0.06)-> [5305646]

[12/14/2018 20:45:45 PM] SPO: [1397869, 599, 5305646], Score: 0.258935201043, Len (5):
[1397869] --660 (0.03)-> [78] --660 (0.05)-> [4243536] --329 (0.04)-> [3740468] --329 (0.06)-> [5217778] --189 (0.08)-> [5305646]

[12/14/2018 20:45:45 PM] SPO: [1397869, 599, 5305646], Score: 0.265526778882, Len (5):
[1397869] --660 (0.03)-> [78] --660 (0.05)-> [4243536] --123 (0.03)-> [1586715] --123 (0.06)-> [4422759] --189 (0.09)-> [5305646]

[12/14/2018 20:45:52 PM] SPO: [851870, 599, 917821], Score: 0.223007000151, Len (3):
[851870] --123 (0.04)-> [4568464] --123 (0.07)-> [2016524] --189 (0.11)-> [917821]

[12/14/2018 20:45:52 PM] SPO: [851870, 599, 917821], Score: 0.135843676661, Len (3):
[851870] --660 (0.03)-> [78] --660 (0.05)-> [3796026] --189 (0.06)-> [917821]

[12/14/2018 20:45:52 PM] SPO: [851870, 599, 917821], Score: 0.264946302339, Len (3):
[851870] --123 (0.04)-> [4568464] --123 (0.05)-> [3906860] --189 (0.18)-> [917821]

[12/14/2018 20:45:52 PM] SPO: [851870, 599, 917821], Score: 0.268486259829, Len (5):
[851870] --660 (0.03)-> [78] --660 (0.05)-> [3796026] --462 (0.04)-> [769614] --462 (0.07)-> [2647901] --189 (0.08)-> [917821]

[12/14/2018 20:45:52 PM] SPO: [851870, 599, 917821], Score: 0.275595434318, Len (5):
[851870] --123 (0.04)-> [4568464] --123 (0.05)-> [3906860] --462 (0.04)-> [4182344] --462 (0.07)-> [5015323] --189 (0.08)-> [917821]

[12/14/2018 20:45:57 PM] SPO: [846737, 599, 4628461], Score: 0.377945185469, Len (5):
[846737] --65 (0.03)-> [1321700] --65 (0.04)-> [846745] --123 (0.06)-> [4196744] --123 (0.09)-> [949061] --189 (0.15)-> [4628461]

[12/14/2018 20:45:57 PM] SPO: [846737, 599, 4628461], Score: 0.113648742078, Len (3):
[846737] --480 (0.03)-> [769522] --480 (0.04)-> [1940481] --189 (0.05)-> [4628461]

[12/14/2018 20:45:57 PM] SPO: [846737, 599, 4628461], Score: 0.185238091771, Len (5):
[846737] --65 (0.03)-> [1321700] --660 (0.02)-> [152] --660 (0.04)-> [1681640] --65 (0.04)-> [4420843] --189 (0.05)-> [4628461]

[12/14/2018 20:45:57 PM] SPO: [846737, 599, 4628461], Score: 0.206204867137, Len (5):
[846737] --65 (0.03)-> [1321700] --65 (0.04)-> [846745] --660 (0.03)-> [78] --660 (0.04)-> [3116669] --236 (0.06)-> [4628461]

[12/14/2018 20:45:57 PM] SPO: [846737, 599, 4628461], Score: 0.2129466806, Len (3):
[846737] --480 (0.03)-> [769522] --480 (0.05)-> [4489710] --189 (0.14)-> [4628461]

[12/14/2018 20:46:00 PM] SPO: [851870, 599, 2364618], Score: 0.13485583069, Len (3):
[851870] --660 (0.03)-> [78] --660 (0.05)-> [2512842] --121 (0.06)-> [2364618]

[12/14/2018 20:46:00 PM] SPO: [851870, 599, 2364618], Score: 0.114516631964, Len (3):
[851870] --480 (0.03)-> [769522] --480 (0.04)-> [1029025] --189 (0.05)-> [2364618]

[12/14/2018 20:46:00 PM] SPO: [851870, 599, 2364618], Score: 0.222903156728, Len (3):
[851870] --480 (0.03)-> [769522] --480 (0.05)-> [2566957] --189 (0.15)-> [2364618]

[12/14/2018 20:46:00 PM] SPO: [851870, 599, 2364618], Score: 0.267681011444, Len (5):
[851870] --660 (0.03)-> [78] --660 (0.05)-> [2512842] --329 (0.04)-> [3740468] --601 (0.07)-> [2287973] --601 (0.08)-> [2364618]

[12/14/2018 20:46:00 PM] SPO: [851870, 599, 2364618], Score: 0.277267891435, Len (5):
[851870] --660 (0.03)-> [78] --660 (0.05)-> [2512842] --123 (0.04)-> [3590990] --123 (0.07)-> [4471751] --189 (0.1)-> [2364618]

[12/14/2018 20:46:06 PM] SPO: [1029025, 599, 2364618], Score: 0.0709806674345, Len (1):
[1029025] --189 (0.07)-> [2364618]

[12/14/2018 20:46:06 PM] SPO: [1029025, 599, 2364618], Score: 0.13485583069, Len (3):
[1029025] --660 (0.03)-> [78] --660 (0.05)-> [2512842] --121 (0.06)-> [2364618]

[12/14/2018 20:46:06 PM] SPO: [1029025, 599, 2364618], Score: 0.267681011444, Len (5):
[1029025] --660 (0.03)-> [78] --660 (0.05)-> [2512842] --329 (0.04)-> [3740468] --601 (0.07)-> [2287973] --601 (0.08)-> [2364618]

[12/14/2018 20:46:06 PM] SPO: [1029025, 599, 2364618], Score: 0.277267891435, Len (5):
[1029025] --660 (0.03)-> [78] --660 (0.05)-> [2512842] --123 (0.04)-> [3590990] --123 (0.07)-> [4471751] --189 (0.1)-> [2364618]

[12/14/2018 20:46:06 PM] SPO: [1029025, 599, 2364618], Score: 0.316356406992, Len (5):
[1029025] --660 (0.03)-> [78] --660 (0.05)-> [2512842] --123 (0.04)-> [3590990] --123 (0.05)-> [2653232] --189 (0.15)-> [2364618]

[12/14/2018 20:46:11 PM] SPO: [890343, 599, 3218267], Score: 0.154841155258, Len (3):
[890343] --65 (0.03)-> [772673] --65 (0.05)-> [4404909] --189 (0.07)-> [3218267]

[12/14/2018 20:46:11 PM] SPO: [890343, 599, 3218267], Score: 0.137585013247, Len (3):
[890343] --660 (0.03)-> [78] --660 (0.05)-> [976548] --189 (0.06)-> [3218267]

[12/14/2018 20:46:11 PM] SPO: [890343, 599, 3218267], Score: 0.301551103975, Len (5):
[890343] --65 (0.03)-> [772673] --65 (0.05)-> [4404909] --123 (0.04)-> [2119138] --123 (0.07)-> [1922847] --189 (0.11)-> [3218267]

[12/14/2018 20:46:11 PM] SPO: [890343, 599, 3218267], Score: 0.27251882896, Len (5):
[890343] --65 (0.03)-> [772673] --65 (0.05)-> [4404909] --462 (0.04)-> [1095182] --462 (0.07)-> [280156] --189 (0.08)-> [3218267]

[12/14/2018 20:46:11 PM] SPO: [890343, 599, 3218267], Score: 0.31521130463, Len (5):
[890343] --65 (0.03)-> [772673] --65 (0.05)-> [4404909] --123 (0.04)-> [2119138] --123 (0.05)-> [4038106] --189 (0.15)-> [3218267]

[12/14/2018 20:46:40 PM] SPO: [1397869, 599, 4567127], Score: 0.193613568301, Len (3):
[1397869] --123 (0.03)-> [3229261] --123 (0.06)-> [763783] --189 (0.1)-> [4567127]

[12/14/2018 20:46:40 PM] SPO: [1397869, 599, 4567127], Score: 0.135219929876, Len (3):
[1397869] --660 (0.03)-> [78] --660 (0.05)-> [1609566] --189 (0.06)-> [4567127]

[12/14/2018 20:46:40 PM] SPO: [1397869, 599, 4567127], Score: 0.265335971783, Len (5):
[1397869] --660 (0.03)-> [78] --660 (0.05)-> [1609566] --462 (0.04)-> [769614] --462 (0.07)-> [4620024] --189 (0.08)-> [4567127]

[12/14/2018 20:46:40 PM] SPO: [1397869, 599, 4567127], Score: 0.282860809684, Len (5):
[1397869] --123 (0.03)-> [3229261] --123 (0.06)-> [763783] --462 (0.04)-> [4182344] --462 (0.07)-> [4352166] --189 (0.08)-> [4567127]

[12/14/2018 20:46:40 PM] SPO: [1397869, 599, 4567127], Score: 0.299001476805, Len (3):
[1397869] --660 (0.03)-> [78] --660 (0.06)-> [4620024] --189 (0.21)-> [4567127]

[12/14/2018 20:47:06 PM] SPO: [1670176, 599, 5305646], Score: 0.133731607161, Len (3):
[1670176] --660 (0.03)-> [78] --660 (0.05)-> [4243536] --121 (0.06)-> [5305646]

[12/14/2018 20:47:06 PM] SPO: [1670176, 599, 5305646], Score: 0.125189139737, Len (3):
[1670176] --65 (0.03)-> [5450691] --65 (0.04)-> [2702990] --189 (0.05)-> [5305646]

[12/14/2018 20:47:06 PM] SPO: [1670176, 599, 5305646], Score: 0.225444809864, Len (3):
[1670176] --65 (0.03)-> [5450691] --65 (0.05)-> [5130540] --189 (0.15)-> [5305646]

[12/14/2018 20:47:06 PM] SPO: [1670176, 599, 5305646], Score: 0.258935201043, Len (5):
[1670176] --660 (0.03)-> [78] --660 (0.05)-> [4243536] --329 (0.04)-> [3740468] --329 (0.06)-> [5217778] --189 (0.08)-> [5305646]

[12/14/2018 20:47:06 PM] SPO: [1670176, 599, 5305646], Score: 0.260107370357, Len (5):
[1670176] --65 (0.03)-> [5450691] --65 (0.04)-> [2702990] --462 (0.04)-> [4160079] --462 (0.07)-> [1584777] --189 (0.08)-> [5305646]

[12/14/2018 20:47:09 PM] SPO: [1397869, 599, 3218267], Score: 0.195867539629, Len (3):
[1397869] --123 (0.03)-> [3229261] --123 (0.06)-> [2829669] --189 (0.1)-> [3218267]

[12/14/2018 20:47:09 PM] SPO: [1397869, 599, 3218267], Score: 0.137585013247, Len (3):
[1397869] --660 (0.03)-> [78] --660 (0.05)-> [976548] --189 (0.06)-> [3218267]

[12/14/2018 20:47:09 PM] SPO: [1397869, 599, 3218267], Score: 0.237107164155, Len (3):
[1397869] --123 (0.03)-> [3229261] --123 (0.05)-> [2653368] --189 (0.15)-> [3218267]

[12/14/2018 20:47:09 PM] SPO: [1397869, 599, 3218267], Score: 0.274802521394, Len (5):
[1397869] --123 (0.03)-> [3229261] --123 (0.05)-> [2653368] --462 (0.04)-> [769614] --462 (0.07)-> [2004941] --189 (0.08)-> [3218267]

[12/14/2018 20:47:09 PM] SPO: [1397869, 599, 3218267], Score: 0.303201195528, Len (5):
[1397869] --123 (0.03)-> [3229261] --123 (0.06)-> [2829669] --65 (0.04)-> [1612180] --65 (0.07)-> [2648385] --189 (0.1)-> [3218267]

[12/14/2018 20:47:10 PM] SPO: [1397869, 599, 4525720], Score: 0.199872992799, Len (3):
[1397869] --123 (0.04)-> [3229261] --123 (0.07)-> [2522210] --189 (0.1)-> [4525720]

[12/14/2018 20:47:10 PM] SPO: [1397869, 599, 4525720], Score: 0.14487615496, Len (3):
[1397869] --65 (0.03)-> [3229234] --65 (0.05)-> [2526827] --189 (0.06)-> [4525720]

[12/14/2018 20:47:10 PM] SPO: [1397869, 599, 4525720], Score: 0.232510164209, Len (5):
[1397869] --123 (0.04)-> [3229261] --123 (0.07)-> [2522210] --660 (0.03)-> [78] --660 (0.04)-> [532169] --236 (0.06)-> [4525720]

[12/14/2018 20:47:10 PM] SPO: [1397869, 599, 4525720], Score: 0.236928951512, Len (3):
[1397869] --123 (0.04)-> [3229261] --123 (0.05)-> [976642] --189 (0.15)-> [4525720]

[12/14/2018 20:47:10 PM] SPO: [1397869, 599, 4525720], Score: 0.27201211549, Len (5):
[1397869] --123 (0.04)-> [3229261] --123 (0.05)-> [976642] --462 (0.04)-> [1095182] --462 (0.07)-> [648868] --189 (0.08)-> [4525720]

[12/14/2018 20:47:15 PM] SPO: [1940481, 599, 4628461], Score: 0.0735669510738, Len (1):
[1940481] --189 (0.07)-> [4628461]

[12/14/2018 20:47:15 PM] SPO: [1940481, 599, 4628461], Score: 0.189545861441, Len (3):
[1940481] --462 (0.04)-> [769614] --462 (0.07)-> [2651957] --189 (0.08)-> [4628461]

[12/14/2018 20:47:15 PM] SPO: [1940481, 599, 4628461], Score: 0.132486583236, Len (3):
[1940481] --660 (0.03)-> [78] --660 (0.04)-> [3116669] --236 (0.06)-> [4628461]

[12/14/2018 20:47:15 PM] SPO: [1940481, 599, 4628461], Score: 0.238123323246, Len (5):
[1940481] --462 (0.04)-> [769614] --462 (0.07)-> [2651957] --660 (0.03)-> [78] --660 (0.04)-> [3116669] --236 (0.06)-> [4628461]

[12/14/2018 20:47:15 PM] SPO: [1940481, 599, 4628461], Score: 0.261493696822, Len (5):
[1940481] --660 (0.03)-> [78] --660 (0.04)-> [3116669] --462 (0.04)-> [4182344] --462 (0.07)-> [2649253] --189 (0.08)-> [4628461]

[12/14/2018 20:47:19 PM] SPO: [1029025, 599, 3218267], Score: 0.246353163887, Len (3):
[1029025] --123 (0.04)-> [3789441] --123 (0.08)-> [908505] --189 (0.13)-> [3218267]

[12/14/2018 20:47:19 PM] SPO: [1029025, 599, 3218267], Score: 0.137585013247, Len (3):
[1029025] --660 (0.03)-> [78] --660 (0.05)-> [976548] --189 (0.06)-> [3218267]

[12/14/2018 20:47:19 PM] SPO: [1029025, 599, 3218267], Score: 0.301738651391, Len (5):
[1029025] --123 (0.04)-> [3789441] --123 (0.08)-> [908505] --462 (0.04)-> [4182344] --462 (0.07)-> [3070566] --189 (0.08)-> [3218267]

[12/14/2018 20:47:19 PM] SPO: [1029025, 599, 3218267], Score: 0.244834023255, Len (5):
[1029025] --123 (0.04)-> [3789441] --123 (0.08)-> [908505] --167 (0.03)-> [2451118] --65 (0.04)-> [2921833] --189 (0.06)-> [3218267]

[12/14/2018 20:47:19 PM] SPO: [1029025, 599, 3218267], Score: 0.335897706355, Len (3):
[1029025] --660 (0.03)-> [78] --660 (0.06)-> [2004941] --189 (0.25)-> [3218267]

[12/14/2018 20:47:27 PM] SPO: [1431155, 599, 4567127], Score: 0.135219929876, Len (3):
[1431155] --660 (0.03)-> [78] --660 (0.05)-> [1609566] --189 (0.06)-> [4567127]

[12/14/2018 20:47:27 PM] SPO: [1431155, 599, 4567127], Score: 0.265335971783, Len (5):
[1431155] --660 (0.03)-> [78] --660 (0.05)-> [1609566] --462 (0.04)-> [769614] --462 (0.07)-> [4620024] --189 (0.08)-> [4567127]

[12/14/2018 20:47:27 PM] SPO: [1431155, 599, 4567127], Score: 0.299001476805, Len (3):
[1431155] --660 (0.03)-> [78] --660 (0.06)-> [4620024] --189 (0.21)-> [4567127]

[12/14/2018 20:47:27 PM] SPO: [1431155, 599, 4567127], Score: 0.290353032423, Len (5):
[1431155] --660 (0.03)-> [78] --660 (0.06)-> [4620024] --123 (0.03)-> [3604164] --123 (0.06)-> [3361319] --189 (0.11)-> [4567127]

[12/14/2018 20:47:27 PM] SPO: [1431155, 599, 4567127], Score: 0.372044280462, Len (7):
[1431155] --660 (0.03)-> [78] --660 (0.05)-> [1609566] --123 (0.03)-> [4813369] --123 (0.04)-> [546999] --329 (0.04)-> [3740468] --601 (0.07)-> [2287973] --601 (0.12)-> [4567127]

[12/14/2018 20:47:33 PM] SPO: [1670176, 599, 3218267], Score: 0.0691551371972, Len (1):
[1670176] --189 (0.07)-> [3218267]

[12/14/2018 20:47:33 PM] SPO: [1670176, 599, 3218267], Score: 0.137585013247, Len (3):
[1670176] --660 (0.03)-> [78] --660 (0.05)-> [976548] --189 (0.06)-> [3218267]

[12/14/2018 20:47:33 PM] SPO: [1670176, 599, 3218267], Score: 0.335897706355, Len (3):
[1670176] --660 (0.03)-> [78] --660 (0.06)-> [2004941] --189 (0.25)-> [3218267]

[12/14/2018 20:47:33 PM] SPO: [1670176, 599, 3218267], Score: 0.277452602294, Len (5):
[1670176] --660 (0.03)-> [78] --660 (0.06)-> [2004941] --462 (0.04)-> [769614] --462 (0.07)-> [1988022] --189 (0.08)-> [3218267]

[12/14/2018 20:47:33 PM] SPO: [1670176, 599, 3218267], Score: 0.36068501687, Len (5):
[1670176] --123 (0.03)-> [4628295] --601 (0.04)-> [2944879] --418 (0.05)-> [584900] --431 (0.09)-> [5205802] --601 (0.15)-> [3218267]

[12/14/2018 20:47:40 PM] SPO: [1431155, 599, 4628461], Score: 0.132486583236, Len (3):
[1431155] --660 (0.03)-> [78] --660 (0.04)-> [3116669] --236 (0.06)-> [4628461]

[12/14/2018 20:47:40 PM] SPO: [1431155, 599, 4628461], Score: 0.261493696822, Len (5):
[1431155] --660 (0.03)-> [78] --660 (0.04)-> [3116669] --462 (0.04)-> [4182344] --462 (0.07)-> [2649253] --189 (0.08)-> [4628461]

[12/14/2018 20:47:40 PM] SPO: [1431155, 599, 4628461], Score: 0.328782458039, Len (5):
[1431155] --660 (0.03)-> [78] --660 (0.04)-> [3116669] --236 (0.03)-> [1310880] --660 (0.05)-> [79] --660 (0.17)-> [4628461]

[12/14/2018 20:47:40 PM] SPO: [1431155, 599, 4628461], Score: 0.332143060212, Len (6):
[1431155] --660 (0.03)-> [78] --660 (0.04)-> [3116669] --236 (0.03)-> [1310880] --329 (0.04)-> [743463] --329 (0.07)-> [2683830] --189 (0.11)-> [4628461]

[12/14/2018 20:47:40 PM] SPO: [1431155, 599, 4628461], Score: 0.33979167899, Len (3):
[1431155] --660 (0.03)-> [78] --660 (0.06)-> [993592] --189 (0.25)-> [4628461]

[12/14/2018 20:47:40 PM] SPO: [1431155, 599, 3782014], Score: 0.135793772293, Len (3):
[1431155] --660 (0.03)-> [78] --660 (0.05)-> [4433675] --189 (0.06)-> [3782014]

[12/14/2018 20:47:40 PM] SPO: [1431155, 599, 3782014], Score: 0.268571800241, Len (5):
[1431155] --660 (0.03)-> [78] --660 (0.05)-> [4433675] --462 (0.04)-> [4755814] --462 (0.07)-> [2635929] --189 (0.09)-> [3782014]

[12/14/2018 20:47:40 PM] SPO: [1431155, 599, 3782014], Score: 0.312204943856, Len (3):
[1431155] --660 (0.03)-> [78] --660 (0.06)-> [5485350] --189 (0.23)-> [3782014]

[12/14/2018 20:47:40 PM] SPO: [1431155, 599, 3782014], Score: 0.317143106621, Len (5):
[1431155] --660 (0.03)-> [78] --660 (0.06)-> [5485350] --123 (0.04)-> [4813369] --123 (0.08)-> [3393764] --189 (0.12)-> [3782014]

[12/14/2018 20:47:40 PM] SPO: [1431155, 599, 3782014], Score: 0.271907576624, Len (5):
[1431155] --660 (0.03)-> [78] --660 (0.06)-> [5485350] --462 (0.04)-> [4160079] --462 (0.07)-> [5452918] --189 (0.08)-> [3782014]

[12/14/2018 20:47:49 PM] SPO: [1940481, 599, 4567127], Score: 0.189100209443, Len (3):
[1940481] --462 (0.04)-> [769614] --462 (0.07)-> [1609566] --189 (0.08)-> [4567127]

[12/14/2018 20:47:49 PM] SPO: [1940481, 599, 4567127], Score: 0.160047190933, Len (3):
[1940481] --189 (0.03)-> [4628461] --236 (0.05)-> [3116669] --189 (0.07)-> [4567127]

[12/14/2018 20:47:49 PM] SPO: [1940481, 599, 4567127], Score: 0.14199996028, Len (3):
[1940481] --189 (0.03)-> [4628461] --660 (0.04)-> [79] --660 (0.07)-> [4567127]

[12/14/2018 20:47:49 PM] SPO: [1940481, 599, 4567127], Score: 0.239443354514, Len (5):
[1940481] --462 (0.04)-> [769614] --462 (0.07)-> [1609566] --660 (0.03)-> [78] --660 (0.05)-> [4620024] --189 (0.06)-> [4567127]

[12/14/2018 20:47:49 PM] SPO: [1940481, 599, 4567127], Score: 0.272528892937, Len (5):
[1940481] --189 (0.03)-> [4628461] --236 (0.05)-> [3116669] --462 (0.04)-> [4182344] --462 (0.07)-> [4352166] --189 (0.08)-> [4567127]

[12/14/2018 20:47:51 PM] SPO: [1522148, 599, 2450828], Score: 0.185141840473, Len (3):
[1522148] --462 (0.04)-> [4182344] --462 (0.07)-> [4617790] --189 (0.08)-> [2450828]

[12/14/2018 20:47:51 PM] SPO: [1522148, 599, 2450828], Score: 0.181838659541, Len (3):
[1522148] --329 (0.04)-> [3740468] --329 (0.06)-> [1930535] --121 (0.08)-> [2450828]

[12/14/2018 20:47:51 PM] SPO: [1522148, 599, 2450828], Score: 0.29812793764, Len (3):
[1522148] --329 (0.04)-> [3740468] --329 (0.06)-> [3696858] --189 (0.21)-> [2450828]

[12/14/2018 20:47:51 PM] SPO: [1522148, 599, 2450828], Score: 0.278485360953, Len (5):
[1522148] --329 (0.04)-> [3740468] --329 (0.06)-> [3696858] --462 (0.04)-> [1095182] --462 (0.07)-> [4866605] --189 (0.08)-> [2450828]

[12/14/2018 20:47:51 PM] SPO: [1522148, 599, 2450828], Score: 0.313721601609, Len (5):
[1522148] --329 (0.04)-> [3740468] --329 (0.06)-> [1930535] --462 (0.04)-> [2269316] --462 (0.07)-> [3396502] --189 (0.1)-> [2450828]

[12/14/2018 20:47:59 PM] SPO: [1940481, 599, 4110464], Score: 0.18990497201, Len (3):
[1940481] --462 (0.04)-> [769614] --462 (0.07)-> [1219210] --189 (0.08)-> [4110464]

[12/14/2018 20:47:59 PM] SPO: [1940481, 599, 4110464], Score: 0.199445649961, Len (3):
[1940481] --123 (0.03)-> [2472936] --123 (0.06)-> [2155042] --189 (0.1)-> [4110464]

[12/14/2018 20:47:59 PM] SPO: [1940481, 599, 4110464], Score: 0.283949941362, Len (5):
[1940481] --123 (0.03)-> [2472936] --123 (0.06)-> [2155042] --462 (0.04)-> [1095182] --462 (0.07)-> [1365210] --189 (0.08)-> [4110464]

[12/14/2018 20:47:59 PM] SPO: [1940481, 599, 4110464], Score: 0.282723404197, Len (5):
[1940481] --123 (0.03)-> [2472936] --123 (0.06)-> [2155042] --462 (0.04)-> [4182344] --462 (0.07)-> [2739726] --189 (0.08)-> [4110464]

[12/14/2018 20:47:59 PM] SPO: [1940481, 599, 4110464], Score: 0.310432456877, Len (5):
[1940481] --462 (0.04)-> [769614] --462 (0.07)-> [1219210] --123 (0.03)-> [4998918] --123 (0.06)-> [3085010] --189 (0.11)-> [4110464]

[12/14/2018 20:48:00 PM] SPO: [1522148, 599, 1357357], Score: 0.182381259457, Len (3):
[1522148] --462 (0.04)-> [4182344] --462 (0.06)-> [5566599] --189 (0.08)-> [1357357]

[12/14/2018 20:48:00 PM] SPO: [1522148, 599, 1357357], Score: 0.17915544258, Len (3):
[1522148] --329 (0.04)-> [3740468] --329 (0.06)-> [4368651] --121 (0.08)-> [1357357]

[12/14/2018 20:48:00 PM] SPO: [1522148, 599, 1357357], Score: 0.282334153748, Len (3):
[1522148] --329 (0.04)-> [3740468] --329 (0.06)-> [2834442] --189 (0.19)-> [1357357]

[12/14/2018 20:48:00 PM] SPO: [1522148, 599, 1357357], Score: 0.285024793129, Len (5):
[1522148] --462 (0.04)-> [4182344] --462 (0.06)-> [5566599] --462 (0.04)-> [1095182] --462 (0.07)-> [2795365] --189 (0.08)-> [1357357]

[12/14/2018 20:48:00 PM] SPO: [1522148, 599, 1357357], Score: 0.233745874963, Len (5):
[1522148] --462 (0.04)-> [4182344] --462 (0.06)-> [5566599] --660 (0.03)-> [78] --660 (0.05)-> [1472033] --236 (0.06)-> [1357357]

[12/14/2018 20:48:01 PM] SPO: [1670176, 599, 3782014], Score: 0.135793772293, Len (3):
[1670176] --660 (0.03)-> [78] --660 (0.05)-> [4433675] --189 (0.06)-> [3782014]

[12/14/2018 20:48:01 PM] SPO: [1670176, 599, 3782014], Score: 0.12493849501, Len (3):
[1670176] --65 (0.03)-> [5450691] --65 (0.04)-> [2016910] --189 (0.05)-> [3782014]

[12/14/2018 20:48:01 PM] SPO: [1670176, 599, 3782014], Score: 0.233780045113, Len (3):
[1670176] --65 (0.03)-> [5450691] --65 (0.05)-> [1554525] --189 (0.16)-> [3782014]

[12/14/2018 20:48:01 PM] SPO: [1670176, 599, 3782014], Score: 0.260060848422, Len (5):
[1670176] --65 (0.03)-> [5450691] --65 (0.04)-> [2016910] --462 (0.04)-> [4160079] --462 (0.07)-> [5485350] --189 (0.08)-> [3782014]

[12/14/2018 20:48:01 PM] SPO: [1670176, 599, 3782014], Score: 0.268571800241, Len (5):
[1670176] --660 (0.03)-> [78] --660 (0.05)-> [4433675] --462 (0.04)-> [4755814] --462 (0.07)-> [2635929] --189 (0.09)-> [3782014]

[12/14/2018 20:48:20 PM] SPO: [2528654, 599, 4525720], Score: 0.0677184915905, Len (1):
[2528654] --189 (0.07)-> [4525720]

[12/14/2018 20:48:20 PM] SPO: [2528654, 599, 4525720], Score: 0.21770302282, Len (3):
[2528654] --123 (0.04)-> [1209536] --123 (0.07)-> [5457851] --189 (0.11)-> [4525720]

[12/14/2018 20:48:20 PM] SPO: [2528654, 599, 4525720], Score: 0.129438583105, Len (3):
[2528654] --660 (0.03)-> [78] --660 (0.04)-> [532169] --236 (0.06)-> [4525720]

[12/14/2018 20:48:20 PM] SPO: [2528654, 599, 4525720], Score: 0.259980628024, Len (5):
[2528654] --660 (0.03)-> [78] --660 (0.04)-> [532169] --462 (0.04)-> [769614] --462 (0.07)-> [4452361] --189 (0.08)-> [4525720]

[12/14/2018 20:48:20 PM] SPO: [2528654, 599, 4525720], Score: 0.274728759905, Len (3):
[2528654] --123 (0.04)-> [1209536] --123 (0.05)-> [891732] --189 (0.19)-> [4525720]

[12/14/2018 20:48:25 PM] SPO: [1940481, 599, 3782014], Score: 0.188152578774, Len (3):
[1940481] --462 (0.04)-> [769614] --462 (0.07)-> [2927811] --189 (0.08)-> [3782014]

[12/14/2018 20:48:25 PM] SPO: [1940481, 599, 3782014], Score: 0.201641822685, Len (3):
[1940481] --123 (0.03)-> [2472936] --123 (0.06)-> [2515188] --189 (0.1)-> [3782014]

[12/14/2018 20:48:25 PM] SPO: [1940481, 599, 3782014], Score: 0.240037229636, Len (5):
[1940481] --462 (0.04)-> [769614] --462 (0.07)-> [2927811] --660 (0.03)-> [78] --660 (0.05)-> [4433675] --189 (0.06)-> [3782014]

[12/14/2018 20:48:25 PM] SPO: [1940481, 599, 3782014], Score: 0.284431402669, Len (5):
[1940481] --123 (0.03)-> [2472936] --123 (0.06)-> [2515188] --462 (0.04)-> [1095182] --462 (0.07)-> [5431372] --189 (0.08)-> [3782014]

[12/14/2018 20:48:25 PM] SPO: [1940481, 599, 3782014], Score: 0.282375068044, Len (5):
[1940481] --123 (0.03)-> [2472936] --123 (0.06)-> [2515188] --462 (0.03)-> [4182344] --462 (0.07)-> [5156144] --189 (0.08)-> [3782014]

[12/14/2018 20:48:35 PM] SPO: [2486139, 599, 1487110], Score: 0.0681202681455, Len (1):
[2486139] --189 (0.07)-> [1487110]

[12/14/2018 20:48:35 PM] SPO: [2486139, 599, 1487110], Score: 0.199214328522, Len (3):
[2486139] --123 (0.04)-> [2450744] --123 (0.07)-> [1136615] --189 (0.1)-> [1487110]

[12/14/2018 20:48:35 PM] SPO: [2486139, 599, 1487110], Score: 0.135775793304, Len (3):
[2486139] --660 (0.03)-> [78] --660 (0.05)-> [3566075] --189 (0.06)-> [1487110]

[12/14/2018 20:48:35 PM] SPO: [2486139, 599, 1487110], Score: 0.188275656724, Len (5):
[2486139] --660 (0.03)-> [78] --660 (0.05)-> [3566075] --480 (0.02)-> [1243951] --480 (0.04)-> [4081623] --189 (0.05)-> [1487110]

[12/14/2018 20:48:35 PM] SPO: [2486139, 599, 1487110], Score: 0.273615873345, Len (3):
[2486139] --123 (0.04)-> [2450744] --123 (0.05)-> [5446403] --189 (0.19)-> [1487110]

[12/14/2018 20:48:41 PM] SPO: [890343, 599, 1156689], Score: 0.137788117493, Len (3):
[890343] --660 (0.03)-> [78] --660 (0.05)-> [2044188] --189 (0.06)-> [1156689]

[12/14/2018 20:48:41 PM] SPO: [890343, 599, 1156689], Score: 0.273431657599, Len (5):
[890343] --123 (0.03)-> [3038271] --123 (0.03)-> [2758381] --329 (0.04)-> [3740468] --195 (0.07)-> [3758048] --195 (0.1)-> [1156689]

[12/14/2018 20:48:41 PM] SPO: [890343, 599, 1156689], Score: 0.248047914487, Len (5):
[890343] --123 (0.03)-> [3038271] --123 (0.03)-> [2758381] --462 (0.04)-> [4182344] --462 (0.07)-> [4446758] --189 (0.08)-> [1156689]

[12/14/2018 20:48:41 PM] SPO: [890343, 599, 1156689], Score: 0.27158921647, Len (7):
[890343] --123 (0.03)-> [3038271] --123 (0.03)-> [2758381] --329 (0.04)-> [3740468] --195 (0.07)-> [3758048] --660 (0.03)-> [502] --660 (0.03)-> [2635751] --410 (0.04)-> [1156689]

[12/14/2018 20:48:41 PM] SPO: [890343, 599, 1156689], Score: 0.292706698051, Len (7):
[890343] --123 (0.03)-> [3038271] --123 (0.03)-> [2758381] --462 (0.04)-> [4182344] --462 (0.07)-> [4446758] --65 (0.03)-> [960485] --65 (0.04)-> [2635751] --410 (0.06)-> [1156689]

[12/14/2018 20:48:43 PM] SPO: [2486139, 599, 2450828], Score: 0.196727740263, Len (3):
[2486139] --123 (0.04)-> [2450744] --123 (0.07)-> [5457628] --189 (0.1)-> [2450828]

[12/14/2018 20:48:43 PM] SPO: [2486139, 599, 2450828], Score: 0.134466374046, Len (3):
[2486139] --660 (0.03)-> [78] --660 (0.05)-> [4866605] --189 (0.06)-> [2450828]

[12/14/2018 20:48:43 PM] SPO: [2486139, 599, 2450828], Score: 0.245377512779, Len (3):
[2486139] --123 (0.04)-> [2450744] --123 (0.05)-> [1361668] --189 (0.16)-> [2450828]

[12/14/2018 20:48:43 PM] SPO: [2486139, 599, 2450828], Score: 0.261522126578, Len (5):
[2486139] --660 (0.03)-> [78] --660 (0.05)-> [4866605] --462 (0.04)-> [1095182] --462 (0.07)-> [4617790] --189 (0.08)-> [2450828]

[12/14/2018 20:48:43 PM] SPO: [2486139, 599, 2450828], Score: 0.266741341459, Len (3):
[2486139] --660 (0.03)-> [78] --660 (0.06)-> [1930535] --121 (0.18)-> [2450828]

[12/14/2018 20:48:44 PM] SPO: [2528654, 599, 5305646], Score: 0.206976595264, Len (3):
[2528654] --123 (0.04)-> [1209536] --123 (0.06)-> [4407985] --189 (0.11)-> [5305646]

[12/14/2018 20:48:44 PM] SPO: [2528654, 599, 5305646], Score: 0.133731607161, Len (3):
[2528654] --660 (0.03)-> [78] --660 (0.05)-> [4243536] --121 (0.06)-> [5305646]

[12/14/2018 20:48:44 PM] SPO: [2528654, 599, 5305646], Score: 0.258935201043, Len (5):
[2528654] --660 (0.03)-> [78] --660 (0.05)-> [4243536] --329 (0.04)-> [3740468] --329 (0.06)-> [5217778] --189 (0.08)-> [5305646]

[12/14/2018 20:48:44 PM] SPO: [2528654, 599, 5305646], Score: 0.265526778882, Len (5):
[2528654] --660 (0.03)-> [78] --660 (0.05)-> [4243536] --123 (0.03)-> [1586715] --123 (0.06)-> [4422759] --189 (0.09)-> [5305646]

[12/14/2018 20:48:44 PM] SPO: [2528654, 599, 5305646], Score: 0.285103170936, Len (5):
[2528654] --123 (0.04)-> [1209536] --123 (0.06)-> [4407985] --462 (0.04)-> [1095182] --462 (0.07)-> [3263383] --189 (0.08)-> [5305646]

[12/14/2018 20:48:47 PM] SPO: [2486139, 599, 1156689], Score: 0.197710018472, Len (3):
[2486139] --123 (0.04)-> [2450744] --123 (0.07)-> [2717229] --189 (0.1)-> [1156689]

[12/14/2018 20:48:47 PM] SPO: [2486139, 599, 1156689], Score: 0.0832023893878, Len (2):
[2486139] --65 (0.03)-> [1156552] --339 (0.05)-> [1156689]

[12/14/2018 20:48:47 PM] SPO: [2486139, 599, 1156689], Score: 0.23613486859, Len (3):
[2486139] --65 (0.03)-> [1156552] --339 (0.06)-> [2463491] --601 (0.14)-> [1156689]

[12/14/2018 20:48:47 PM] SPO: [2486139, 599, 1156689], Score: 0.231869182558, Len (3):
[2486139] --65 (0.03)-> [1156552] --339 (0.06)-> [1157047] --601 (0.14)-> [1156689]

[12/14/2018 20:48:47 PM] SPO: [2486139, 599, 1156689], Score: 0.249266124775, Len (3):
[2486139] --123 (0.04)-> [2450744] --123 (0.05)-> [4862287] --189 (0.16)-> [1156689]

[12/14/2018 20:48:48 PM] SPO: [2570038, 599, 3218267], Score: 0.0691551371972, Len (1):
[2570038] --189 (0.07)-> [3218267]

[12/14/2018 20:48:48 PM] SPO: [2570038, 599, 3218267], Score: 0.206915743424, Len (3):
[2570038] --462 (0.04)-> [1243963] --462 (0.07)-> [3394865] --189 (0.1)-> [3218267]

[12/14/2018 20:48:48 PM] SPO: [2570038, 599, 3218267], Score: 0.184120981494, Len (3):
[2570038] --329 (0.03)-> [3740468] --329 (0.07)-> [2028917] --189 (0.08)-> [3218267]

[12/14/2018 20:48:48 PM] SPO: [2570038, 599, 3218267], Score: 0.288597382806, Len (3):
[2570038] --462 (0.04)-> [1243963] --462 (0.05)-> [2649008] --189 (0.2)-> [3218267]

[12/14/2018 20:48:48 PM] SPO: [2570038, 599, 3218267], Score: 0.290017630307, Len (5):
[2570038] --462 (0.04)-> [1243963] --462 (0.05)-> [2649008] --123 (0.03)-> [3886384] --123 (0.07)-> [1342678] --189 (0.1)-> [3218267]

[12/14/2018 20:48:50 PM] SPO: [2486139, 599, 4525720], Score: 0.199911198627, Len (3):
[2486139] --123 (0.04)-> [2450744] --65 (0.07)-> [993642] --189 (0.1)-> [4525720]

[12/14/2018 20:48:50 PM] SPO: [2486139, 599, 4525720], Score: 0.129438583105, Len (3):
[2486139] --660 (0.03)-> [78] --660 (0.04)-> [532169] --236 (0.06)-> [4525720]

[12/14/2018 20:48:50 PM] SPO: [2486139, 599, 4525720], Score: 0.259980628024, Len (5):
[2486139] --660 (0.03)-> [78] --660 (0.04)-> [532169] --462 (0.04)-> [769614] --462 (0.07)-> [4452361] --189 (0.08)-> [4525720]

[12/14/2018 20:48:50 PM] SPO: [2486139, 599, 4525720], Score: 0.262918779469, Len (3):
[2486139] --123 (0.04)-> [2450744] --123 (0.05)-> [2747868] --189 (0.18)-> [4525720]

[12/14/2018 20:48:50 PM] SPO: [2486139, 599, 4525720], Score: 0.283847578337, Len (5):
[2486139] --660 (0.03)-> [78] --660 (0.04)-> [532169] --236 (0.03)-> [2479361] --660 (0.05)-> [79] --660 (0.13)-> [4525720]

[12/14/2018 20:49:12 PM] SPO: [1522148, 599, 1156689], Score: 0.190348209198, Len (3):
[1522148] --329 (0.04)-> [3740468] --195 (0.07)-> [3758048] --195 (0.08)-> [1156689]

[12/14/2018 20:49:12 PM] SPO: [1522148, 599, 1156689], Score: 0.187132559985, Len (3):
[1522148] --462 (0.04)-> [4182344] --462 (0.07)-> [4446758] --189 (0.08)-> [1156689]

[12/14/2018 20:49:12 PM] SPO: [1522148, 599, 1156689], Score: 0.208780495436, Len (5):
[1522148] --329 (0.04)-> [3740468] --195 (0.07)-> [3758048] --660 (0.03)-> [502] --660 (0.03)-> [2635751] --410 (0.04)-> [1156689]

[12/14/2018 20:49:12 PM] SPO: [1522148, 599, 1156689], Score: 0.241851623179, Len (5):
[1522148] --462 (0.04)-> [4182344] --462 (0.07)-> [4446758] --660 (0.03)-> [78] --660 (0.05)-> [2044188] --189 (0.06)-> [1156689]

[12/14/2018 20:49:12 PM] SPO: [1522148, 599, 1156689], Score: 0.231791343793, Len (5):
[1522148] --462 (0.04)-> [4182344] --462 (0.07)-> [4446758] --65 (0.03)-> [960485] --65 (0.04)-> [2635751] --410 (0.06)-> [1156689]

[12/14/2018 20:49:24 PM] SPO: [2618836, 599, 5305646], Score: 0.133731607161, Len (3):
[2618836] --660 (0.03)-> [78] --660 (0.05)-> [4243536] --121 (0.06)-> [5305646]

[12/14/2018 20:49:24 PM] SPO: [2618836, 599, 5305646], Score: 0.258935201043, Len (5):
[2618836] --660 (0.03)-> [78] --660 (0.05)-> [4243536] --329 (0.04)-> [3740468] --329 (0.06)-> [5217778] --189 (0.08)-> [5305646]

[12/14/2018 20:49:24 PM] SPO: [2618836, 599, 5305646], Score: 0.265526778882, Len (5):
[2618836] --660 (0.03)-> [78] --660 (0.05)-> [4243536] --123 (0.03)-> [1586715] --123 (0.06)-> [4422759] --189 (0.09)-> [5305646]

[12/14/2018 20:49:24 PM] SPO: [2618836, 599, 5305646], Score: 0.316090914785, Len (3):
[2618836] --660 (0.03)-> [78] --660 (0.06)-> [5187972] --189 (0.23)-> [5305646]

[12/14/2018 20:49:24 PM] SPO: [2618836, 599, 5305646], Score: 0.276577236533, Len (5):
[2618836] --660 (0.03)-> [78] --660 (0.06)-> [5187972] --462 (0.04)-> [769614] --462 (0.07)-> [2922026] --189 (0.08)-> [5305646]

[12/14/2018 20:49:24 PM] SPO: [2636226, 599, 3218267], Score: 0.0691551371972, Len (1):
[2636226] --189 (0.07)-> [3218267]

[12/14/2018 20:49:24 PM] SPO: [2636226, 599, 3218267], Score: 0.227506419464, Len (3):
[2636226] --123 (0.04)-> [5473221] --123 (0.07)-> [1621390] --189 (0.12)-> [3218267]

[12/14/2018 20:49:24 PM] SPO: [2636226, 599, 3218267], Score: 0.184120981494, Len (3):
[2636226] --329 (0.03)-> [3740468] --329 (0.07)-> [2028917] --189 (0.08)-> [3218267]

[12/14/2018 20:49:24 PM] SPO: [2636226, 599, 3218267], Score: 0.218286119189, Len (3):
[2636226] --123 (0.04)-> [5473221] --123 (0.05)-> [1489283] --189 (0.13)-> [3218267]

[12/14/2018 20:49:24 PM] SPO: [2636226, 599, 3218267], Score: 0.275506788208, Len (5):
[2636226] --123 (0.04)-> [5473221] --123 (0.05)-> [1489283] --462 (0.04)-> [4755814] --462 (0.07)-> [2258376] --189 (0.09)-> [3218267]

[12/14/2018 20:49:25 PM] SPO: [2570038, 599, 5305646], Score: 0.183726588231, Len (3):
[2570038] --329 (0.04)-> [3740468] --329 (0.06)-> [4243536] --121 (0.08)-> [5305646]

[12/14/2018 20:49:25 PM] SPO: [2570038, 599, 5305646], Score: 0.133731607161, Len (3):
[2570038] --660 (0.03)-> [78] --660 (0.05)-> [4243536] --121 (0.06)-> [5305646]

[12/14/2018 20:49:25 PM] SPO: [2570038, 599, 5305646], Score: 0.265526778882, Len (5):
[2570038] --660 (0.03)-> [78] --660 (0.05)-> [4243536] --123 (0.03)-> [1586715] --123 (0.06)-> [4422759] --189 (0.09)-> [5305646]

[12/14/2018 20:49:25 PM] SPO: [2570038, 599, 5305646], Score: 0.182927489732, Len (5):
[2570038] --660 (0.03)-> [78] --660 (0.05)-> [4243536] --480 (0.02)-> [1243951] --480 (0.04)-> [2534812] --189 (0.05)-> [5305646]

[12/14/2018 20:49:25 PM] SPO: [2570038, 599, 5305646], Score: 0.288944459542, Len (5):
[2570038] --329 (0.04)-> [3740468] --329 (0.06)-> [4243536] --123 (0.03)-> [1586715] --123 (0.06)-> [4422759] --189 (0.09)-> [5305646]

[12/14/2018 20:49:28 PM] SPO: [2570038, 599, 4567127], Score: 0.190496822356, Len (3):
[2570038] --329 (0.04)-> [3740468] --601 (0.07)-> [2287973] --601 (0.08)-> [4567127]

[12/14/2018 20:49:28 PM] SPO: [2570038, 599, 4567127], Score: 0.202889186889, Len (3):
[2570038] --462 (0.04)-> [1243963] --462 (0.07)-> [5207744] --189 (0.1)-> [4567127]

[12/14/2018 20:49:28 PM] SPO: [2570038, 599, 4567127], Score: 0.287622574028, Len (5):
[2570038] --462 (0.04)-> [1243963] --462 (0.07)-> [5207744] --123 (0.03)-> [5256012] --123 (0.06)-> [3027589] --189 (0.09)-> [4567127]

[12/14/2018 20:49:28 PM] SPO: [2570038, 599, 4567127], Score: 0.239779436627, Len (5):
[2570038] --462 (0.04)-> [1243963] --462 (0.07)-> [5207744] --660 (0.03)-> [78] --660 (0.05)-> [1609566] --189 (0.06)-> [4567127]

[12/14/2018 20:49:28 PM] SPO: [2570038, 599, 4567127], Score: 0.290564050152, Len (3):
[2570038] --329 (0.04)-> [3740468] --329 (0.06)-> [2155641] --121 (0.19)-> [4567127]

[12/14/2018 20:49:36 PM] SPO: [2528654, 599, 2450828], Score: 0.205542567686, Len (3):
[2528654] --123 (0.04)-> [1209536] --123 (0.06)-> [3062514] --189 (0.11)-> [2450828]

[12/14/2018 20:49:36 PM] SPO: [2528654, 599, 2450828], Score: 0.134466374046, Len (3):
[2528654] --660 (0.03)-> [78] --660 (0.05)-> [4866605] --189 (0.06)-> [2450828]

[12/14/2018 20:49:36 PM] SPO: [2528654, 599, 2450828], Score: 0.261522126578, Len (5):
[2528654] --660 (0.03)-> [78] --660 (0.05)-> [4866605] --462 (0.04)-> [1095182] --462 (0.07)-> [4617790] --189 (0.08)-> [2450828]

[12/14/2018 20:49:36 PM] SPO: [2528654, 599, 2450828], Score: 0.266741341459, Len (3):
[2528654] --660 (0.03)-> [78] --660 (0.06)-> [1930535] --121 (0.18)-> [2450828]

[12/14/2018 20:49:36 PM] SPO: [2528654, 599, 2450828], Score: 0.302944676317, Len (5):
[2528654] --660 (0.03)-> [78] --660 (0.06)-> [1930535] --462 (0.04)-> [2269316] --462 (0.07)-> [3396502] --189 (0.1)-> [2450828]

[12/14/2018 20:49:37 PM] SPO: [1670176, 599, 1487110], Score: 0.279353215397, Len (3):
[1670176] --123 (0.04)-> [4628295] --123 (0.09)-> [1625483] --189 (0.15)-> [1487110]

[12/14/2018 20:49:37 PM] SPO: [1670176, 599, 1487110], Score: 0.135775793304, Len (3):
[1670176] --660 (0.03)-> [78] --660 (0.05)-> [3566075] --189 (0.06)-> [1487110]

[12/14/2018 20:49:37 PM] SPO: [1670176, 599, 1487110], Score: 0.188275656724, Len (5):
[1670176] --660 (0.03)-> [78] --660 (0.05)-> [3566075] --480 (0.02)-> [1243951] --480 (0.04)-> [4081623] --189 (0.05)-> [1487110]

[12/14/2018 20:49:37 PM] SPO: [1670176, 599, 1487110], Score: 0.295007928938, Len (5):
[1670176] --660 (0.03)-> [78] --660 (0.05)-> [3566075] --480 (0.02)-> [1243951] --480 (0.05)-> [4828603] --121 (0.14)-> [1487110]

[12/14/2018 20:49:37 PM] SPO: [1670176, 599, 1487110], Score: 0.316764311276, Len (5):
[1670176] --123 (0.04)-> [4628295] --123 (0.09)-> [1625483] --462 (0.04)-> [769614] --462 (0.07)-> [3070150] --189 (0.08)-> [1487110]

[12/14/2018 20:49:41 PM] SPO: [1431155, 599, 1156689], Score: 0.137788117493, Len (3):
[1431155] --660 (0.03)-> [78] --660 (0.05)-> [2044188] --189 (0.06)-> [1156689]

[12/14/2018 20:49:41 PM] SPO: [1431155, 599, 1156689], Score: 0.336846670069, Len (3):
[1431155] --660 (0.03)-> [78] --660 (0.06)-> [3423590] --189 (0.25)-> [1156689]

[12/14/2018 20:49:41 PM] SPO: [1431155, 599, 1156689], Score: 0.307873495628, Len (5):
[1431155] --660 (0.03)-> [78] --660 (0.06)-> [3423590] --123 (0.04)-> [3779542] --123 (0.07)-> [5190725] --189 (0.11)-> [1156689]

[12/14/2018 20:49:41 PM] SPO: [1431155, 599, 1156689], Score: 0.332927932227, Len (5):
[1431155] --660 (0.03)-> [78] --660 (0.06)-> [3423590] --123 (0.04)-> [3779542] --123 (0.05)-> [1031372] --189 (0.16)-> [1156689]

[12/14/2018 20:49:41 PM] SPO: [1431155, 599, 1156689], Score: 0.358337133848, Len (7):
[1431155] --660 (0.03)-> [78] --660 (0.06)-> [3423590] --65 (0.02)-> [1442923] --65 (0.03)-> [481622] --410 (0.03)-> [3087620] --480 (0.07)-> [2635751] --410 (0.11)-> [1156689]

[12/14/2018 20:49:45 PM] SPO: [1522148, 599, 1487110], Score: 0.186570084921, Len (3):
[1522148] --462 (0.04)-> [4182344] --462 (0.07)-> [1136615] --189 (0.08)-> [1487110]

[12/14/2018 20:49:45 PM] SPO: [1522148, 599, 1487110], Score: 0.181523999323, Len (3):
[1522148] --329 (0.03)-> [3740468] --329 (0.06)-> [4828603] --121 (0.08)-> [1487110]

[12/14/2018 20:49:45 PM] SPO: [1522148, 599, 1487110], Score: 0.233247252003, Len (5):
[1522148] --329 (0.03)-> [3740468] --329 (0.06)-> [4828603] --660 (0.03)-> [78] --660 (0.05)-> [3566075] --189 (0.06)-> [1487110]

[12/14/2018 20:49:45 PM] SPO: [1522148, 599, 1487110], Score: 0.285747115423, Len (7):
[1522148] --329 (0.03)-> [3740468] --329 (0.06)-> [4828603] --660 (0.03)-> [78] --660 (0.05)-> [3566075] --480 (0.02)-> [1243951] --480 (0.04)-> [4081623] --189 (0.05)-> [1487110]

[12/14/2018 20:49:45 PM] SPO: [1522148, 599, 1487110], Score: 0.300658173382, Len (5):
[1522148] --462 (0.04)-> [4182344] --462 (0.07)-> [1136615] --123 (0.03)-> [2450744] --123 (0.07)-> [5446403] --189 (0.1)-> [1487110]

[12/14/2018 20:50:01 PM] SPO: [2570038, 599, 2450828], Score: 0.206482760685, Len (3):
[2570038] --462 (0.04)-> [1243963] --462 (0.07)-> [1201405] --189 (0.1)-> [2450828]

[12/14/2018 20:50:01 PM] SPO: [2570038, 599, 2450828], Score: 0.181838659541, Len (3):
[2570038] --329 (0.04)-> [3740468] --329 (0.06)-> [1930535] --121 (0.08)-> [2450828]

[12/14/2018 20:50:01 PM] SPO: [2570038, 599, 2450828], Score: 0.28774039587, Len (3):
[2570038] --462 (0.04)-> [1243963] --462 (0.06)-> [2305875] --189 (0.19)-> [2450828]

[12/14/2018 20:50:01 PM] SPO: [2570038, 599, 2450828], Score: 0.292557219655, Len (5):
[2570038] --462 (0.04)-> [1243963] --462 (0.06)-> [2305875] --123 (0.04)-> [3886384] --123 (0.07)-> [1220578] --189 (0.1)-> [2450828]

[12/14/2018 20:50:01 PM] SPO: [2570038, 599, 2450828], Score: 0.227885323081, Len (5):
[2570038] --462 (0.04)-> [1243963] --462 (0.06)-> [2305875] --660 (0.03)-> [78] --660 (0.05)-> [4866605] --189 (0.06)-> [2450828]

[12/14/2018 20:50:01 PM] SPO: [2528654, 599, 3516612], Score: 0.135943557032, Len (3):
[2528654] --660 (0.03)-> [78] --660 (0.05)-> [3397540] --189 (0.06)-> [3516612]

[12/14/2018 20:50:01 PM] SPO: [2528654, 599, 3516612], Score: 0.132109500266, Len (3):
[2528654] --65 (0.03)-> [4145550] --65 (0.04)-> [2026609] --189 (0.06)-> [3516612]

[12/14/2018 20:50:01 PM] SPO: [2528654, 599, 3516612], Score: 0.256154905564, Len (5):
[2528654] --65 (0.03)-> [4145550] --65 (0.04)-> [2026609] --462 (0.04)-> [4182344] --462 (0.06)-> [5457775] --189 (0.08)-> [3516612]

[12/14/2018 20:50:01 PM] SPO: [2528654, 599, 3516612], Score: 0.255552561924, Len (5):
[2528654] --65 (0.03)-> [4145550] --65 (0.04)-> [2026609] --462 (0.04)-> [1095182] --462 (0.06)-> [3447846] --189 (0.08)-> [3516612]

[12/14/2018 20:50:01 PM] SPO: [2528654, 599, 3516612], Score: 0.263897877004, Len (5):
[2528654] --660 (0.03)-> [78] --660 (0.05)-> [3397540] --462 (0.04)-> [769614] --462 (0.07)-> [4617725] --189 (0.08)-> [3516612]

[12/14/2018 20:50:01 PM] SPO: [2618836, 599, 4628461], Score: 0.132486583236, Len (3):
[2618836] --660 (0.03)-> [78] --660 (0.04)-> [3116669] --236 (0.06)-> [4628461]

[12/14/2018 20:50:01 PM] SPO: [2618836, 599, 4628461], Score: 0.261493696822, Len (5):
[2618836] --660 (0.03)-> [78] --660 (0.04)-> [3116669] --462 (0.04)-> [4182344] --462 (0.07)-> [2649253] --189 (0.08)-> [4628461]

[12/14/2018 20:50:01 PM] SPO: [2618836, 599, 4628461], Score: 0.328782458039, Len (5):
[2618836] --660 (0.03)-> [78] --660 (0.04)-> [3116669] --236 (0.03)-> [1310880] --660 (0.05)-> [79] --660 (0.17)-> [4628461]

[12/14/2018 20:50:01 PM] SPO: [2618836, 599, 4628461], Score: 0.332143060212, Len (6):
[2618836] --660 (0.03)-> [78] --660 (0.04)-> [3116669] --236 (0.03)-> [1310880] --329 (0.04)-> [743463] --329 (0.07)-> [2683830] --189 (0.11)-> [4628461]

[12/14/2018 20:50:01 PM] SPO: [2618836, 599, 4628461], Score: 0.33979167899, Len (3):
[2618836] --660 (0.03)-> [78] --660 (0.06)-> [993592] --189 (0.25)-> [4628461]

[12/14/2018 20:50:02 PM] SPO: [2636226, 599, 4119746], Score: 0.183253203726, Len (3):
[2636226] --329 (0.03)-> [3740468] --329 (0.06)-> [1489226] --189 (0.08)-> [4119746]

[12/14/2018 20:50:02 PM] SPO: [2636226, 599, 4119746], Score: 0.136293555743, Len (3):
[2636226] --660 (0.03)-> [78] --660 (0.05)-> [852582] --189 (0.06)-> [4119746]

[12/14/2018 20:50:02 PM] SPO: [2636226, 599, 4119746], Score: 0.231769947913, Len (3):
[2636226] --660 (0.03)-> [78] --660 (0.06)-> [4475218] --236 (0.14)-> [4119746]

[12/14/2018 20:50:02 PM] SPO: [2636226, 599, 4119746], Score: 0.266365309294, Len (5):
[2636226] --660 (0.03)-> [78] --660 (0.05)-> [852582] --123 (0.04)-> [5256012] --123 (0.06)-> [2929768] --189 (0.09)-> [4119746]

[12/14/2018 20:50:02 PM] SPO: [2636226, 599, 4119746], Score: 0.284954484638, Len (5):
[2636226] --329 (0.03)-> [3740468] --329 (0.06)-> [1489226] --462 (0.04)-> [4704367] --462 (0.07)-> [482123] --189 (0.08)-> [4119746]

[12/14/2018 20:50:14 PM] SPO: [2673918, 599, 5452049], Score: 0.134779489499, Len (3):
[2673918] --660 (0.03)-> [78] --660 (0.05)-> [4864610] --189 (0.06)-> [5452049]

[12/14/2018 20:50:14 PM] SPO: [2673918, 599, 5452049], Score: 0.267533671135, Len (5):
[2673918] --660 (0.03)-> [78] --660 (0.05)-> [4864610] --462 (0.04)-> [4160079] --462 (0.07)-> [2528495] --189 (0.08)-> [5452049]

[12/14/2018 20:50:14 PM] SPO: [2673918, 599, 5452049], Score: 0.312776610347, Len (3):
[2673918] --660 (0.03)-> [78] --660 (0.06)-> [4434215] --189 (0.23)-> [5452049]

[12/14/2018 20:50:14 PM] SPO: [2673918, 599, 5452049], Score: 0.273740570242, Len (5):
[2673918] --660 (0.03)-> [78] --660 (0.06)-> [4434215] --462 (0.04)-> [769614] --462 (0.07)-> [2635810] --189 (0.08)-> [5452049]

[12/14/2018 20:50:14 PM] SPO: [2673918, 599, 5452049], Score: 0.355653686971, Len (5):
[2673918] --123 (0.03)-> [3479198] --601 (0.03)-> [3479196] --660 (0.04)-> [662] --660 (0.11)-> [1250683] --601 (0.15)-> [5452049]

[12/14/2018 20:50:29 PM] SPO: [2734002, 599, 5305646], Score: 0.0732918175248, Len (1):
[2734002] --189 (0.07)-> [5305646]

[12/14/2018 20:50:29 PM] SPO: [2734002, 599, 5305646], Score: 0.133731607161, Len (3):
[2734002] --660 (0.03)-> [78] --660 (0.05)-> [4243536] --121 (0.06)-> [5305646]

[12/14/2018 20:50:29 PM] SPO: [2734002, 599, 5305646], Score: 0.114816274885, Len (3):
[2734002] --480 (0.03)-> [769522] --480 (0.04)-> [1397869] --189 (0.05)-> [5305646]

[12/14/2018 20:50:29 PM] SPO: [2734002, 599, 5305646], Score: 0.224350356923, Len (3):
[2734002] --480 (0.03)-> [769522] --480 (0.05)-> [3264064] --189 (0.15)-> [5305646]

[12/14/2018 20:50:29 PM] SPO: [2734002, 599, 5305646], Score: 0.258935201043, Len (5):
[2734002] --660 (0.03)-> [78] --660 (0.05)-> [4243536] --329 (0.04)-> [3740468] --329 (0.06)-> [5217778] --189 (0.08)-> [5305646]

[12/14/2018 20:50:37 PM] SPO: [2618836, 599, 2450828], Score: 0.134466374046, Len (3):
[2618836] --660 (0.03)-> [78] --660 (0.05)-> [4866605] --189 (0.06)-> [2450828]

[12/14/2018 20:50:37 PM] SPO: [2618836, 599, 2450828], Score: 0.261522126578, Len (5):
[2618836] --660 (0.03)-> [78] --660 (0.05)-> [4866605] --462 (0.04)-> [1095182] --462 (0.07)-> [4617790] --189 (0.08)-> [2450828]

[12/14/2018 20:50:37 PM] SPO: [2618836, 599, 2450828], Score: 0.266741341459, Len (3):
[2618836] --660 (0.03)-> [78] --660 (0.06)-> [1930535] --121 (0.18)-> [2450828]

[12/14/2018 20:50:37 PM] SPO: [2618836, 599, 2450828], Score: 0.302944676317, Len (5):
[2618836] --660 (0.03)-> [78] --660 (0.06)-> [1930535] --462 (0.04)-> [2269316] --462 (0.07)-> [3396502] --189 (0.1)-> [2450828]

[12/14/2018 20:50:37 PM] SPO: [2618836, 599, 2450828], Score: 0.269644786068, Len (5):
[2618836] --660 (0.03)-> [78] --660 (0.06)-> [1930535] --329 (0.04)-> [3740468] --329 (0.06)-> [3696858] --189 (0.08)-> [2450828]

[12/14/2018 20:50:49 PM] SPO: [2710736, 599, 5305646], Score: 0.195419986536, Len (3):
[2710736] --123 (0.03)-> [3886384] --123 (0.06)-> [3000456] --189 (0.1)-> [5305646]

[12/14/2018 20:50:49 PM] SPO: [2710736, 599, 5305646], Score: 0.133731607161, Len (3):
[2710736] --660 (0.03)-> [78] --660 (0.05)-> [4243536] --121 (0.06)-> [5305646]

[12/14/2018 20:50:49 PM] SPO: [2710736, 599, 5305646], Score: 0.258935201043, Len (5):
[2710736] --660 (0.03)-> [78] --660 (0.05)-> [4243536] --329 (0.04)-> [3740468] --329 (0.06)-> [5217778] --189 (0.08)-> [5305646]

[12/14/2018 20:50:49 PM] SPO: [2710736, 599, 5305646], Score: 0.265526778882, Len (5):
[2710736] --660 (0.03)-> [78] --660 (0.05)-> [4243536] --123 (0.03)-> [1586715] --123 (0.06)-> [4422759] --189 (0.09)-> [5305646]

[12/14/2018 20:50:49 PM] SPO: [2710736, 599, 5305646], Score: 0.28087676486, Len (5):
[2710736] --123 (0.03)-> [3886384] --123 (0.06)-> [3000456] --329 (0.04)-> [3740468] --329 (0.06)-> [4243536] --121 (0.08)-> [5305646]

[12/14/2018 20:50:50 PM] SPO: [2636226, 599, 3516612], Score: 0.222517859409, Len (3):
[2636226] --123 (0.04)-> [5473221] --123 (0.07)-> [1348466] --189 (0.12)-> [3516612]

[12/14/2018 20:50:50 PM] SPO: [2636226, 599, 3516612], Score: 0.184382964016, Len (3):
[2636226] --329 (0.04)-> [3740468] --329 (0.06)-> [1728906] --121 (0.08)-> [3516612]

[12/14/2018 20:50:50 PM] SPO: [2636226, 599, 3516612], Score: 0.236273980423, Len (5):
[2636226] --329 (0.04)-> [3740468] --329 (0.06)-> [1728906] --660 (0.03)-> [78] --660 (0.05)-> [3397540] --189 (0.06)-> [3516612]

[12/14/2018 20:50:50 PM] SPO: [2636226, 599, 3516612], Score: 0.295595680994, Len (5):
[2636226] --123 (0.04)-> [5473221] --123 (0.07)-> [1348466] --462 (0.04)-> [4755814] --462 (0.07)-> [2836507] --189 (0.09)-> [3516612]

[12/14/2018 20:50:50 PM] SPO: [2636226, 599, 3516612], Score: 0.301152469315, Len (3):
[2636226] --329 (0.04)-> [3740468] --329 (0.06)-> [2836507] --189 (0.21)-> [3516612]

[12/14/2018 20:50:50 PM] SPO: [2710736, 599, 917821], Score: 0.0684876588563, Len (1):
[2710736] --189 (0.07)-> [917821]

[12/14/2018 20:50:50 PM] SPO: [2710736, 599, 917821], Score: 0.204609720076, Len (3):
[2710736] --123 (0.04)-> [3886384] --123 (0.07)-> [3395467] --189 (0.1)-> [917821]

[12/14/2018 20:50:50 PM] SPO: [2710736, 599, 917821], Score: 0.135843676661, Len (3):
[2710736] --660 (0.03)-> [78] --660 (0.05)-> [3796026] --189 (0.06)-> [917821]

[12/14/2018 20:50:50 PM] SPO: [2710736, 599, 917821], Score: 0.268486259829, Len (5):
[2710736] --660 (0.03)-> [78] --660 (0.05)-> [3796026] --462 (0.04)-> [769614] --462 (0.07)-> [2647901] --189 (0.08)-> [917821]

[12/14/2018 20:50:50 PM] SPO: [2710736, 599, 917821], Score: 0.274370214472, Len (3):
[2710736] --123 (0.04)-> [3886384] --123 (0.05)-> [887285] --189 (0.19)-> [917821]

[12/14/2018 20:51:11 PM] SPO: [2636226, 599, 2364618], Score: 0.190300420968, Len (3):
[2636226] --329 (0.04)-> [3740468] --601 (0.07)-> [2287973] --601 (0.08)-> [2364618]

[12/14/2018 20:51:11 PM] SPO: [2636226, 599, 2364618], Score: 0.230166349016, Len (3):
[2636226] --123 (0.04)-> [5473221] --123 (0.08)-> [5490326] --189 (0.12)-> [2364618]

[12/14/2018 20:51:11 PM] SPO: [2636226, 599, 2364618], Score: 0.303731534821, Len (5):
[2636226] --123 (0.04)-> [5473221] --123 (0.08)-> [5490326] --462 (0.04)-> [769614] --462 (0.07)-> [1219424] --189 (0.08)-> [2364618]

[12/14/2018 20:51:11 PM] SPO: [2636226, 599, 2364618], Score: 0.307805713058, Len (5):
[2636226] --123 (0.04)-> [5473221] --123 (0.08)-> [5490326] --65 (0.03)-> [5285855] --65 (0.06)-> [4886824] --189 (0.1)-> [2364618]

[12/14/2018 20:51:11 PM] SPO: [2636226, 599, 2364618], Score: 0.327680198545, Len (3):
[2636226] --329 (0.04)-> [3740468] --329 (0.06)-> [2512842] --121 (0.23)-> [2364618]

[12/14/2018 20:51:31 PM] SPO: [2710736, 599, 4119746], Score: 0.136293555743, Len (3):
[2710736] --660 (0.03)-> [78] --660 (0.05)-> [852582] --189 (0.06)-> [4119746]

[12/14/2018 20:51:31 PM] SPO: [2710736, 599, 4119746], Score: 0.231769947913, Len (3):
[2710736] --660 (0.03)-> [78] --660 (0.06)-> [4475218] --236 (0.14)-> [4119746]

[12/14/2018 20:51:31 PM] SPO: [2710736, 599, 4119746], Score: 0.266365309294, Len (5):
[2710736] --660 (0.03)-> [78] --660 (0.05)-> [852582] --123 (0.04)-> [5256012] --123 (0.06)-> [2929768] --189 (0.09)-> [4119746]

[12/14/2018 20:51:31 PM] SPO: [2710736, 599, 4119746], Score: 0.311182734067, Len (5):
[2710736] --65 (0.03)-> [3420157] --65 (0.04)-> [4827554] --462 (0.05)-> [1243963] --462 (0.08)-> [1622820] --189 (0.12)-> [4119746]

[12/14/2018 20:51:31 PM] SPO: [2710736, 599, 4119746], Score: 0.252862167574, Len (7):
[2710736] --65 (0.03)-> [3420157] --65 (0.04)-> [4827554] --660 (0.02)-> [74] --660 (0.03)-> [4319374] --431 (0.04)-> [4119708] --579 (0.04)-> [634787] --601 (0.05)-> [4119746]

[12/14/2018 20:51:34 PM] SPO: [2734002, 599, 4119746], Score: 0.136293555743, Len (3):
[2734002] --660 (0.03)-> [78] --660 (0.05)-> [852582] --189 (0.06)-> [4119746]

[12/14/2018 20:51:34 PM] SPO: [2734002, 599, 4119746], Score: 0.136849582451, Len (3):
[2734002] --189 (0.03)-> [5305646] --660 (0.04)-> [79] --660 (0.07)-> [4119746]

[12/14/2018 20:51:34 PM] SPO: [2734002, 599, 4119746], Score: 0.231769947913, Len (3):
[2734002] --660 (0.03)-> [78] --660 (0.06)-> [4475218] --236 (0.14)-> [4119746]

[12/14/2018 20:51:34 PM] SPO: [2734002, 599, 4119746], Score: 0.266365309294, Len (5):
[2734002] --660 (0.03)-> [78] --660 (0.05)-> [852582] --123 (0.04)-> [5256012] --123 (0.06)-> [2929768] --189 (0.09)-> [4119746]

[12/14/2018 20:51:34 PM] SPO: [2734002, 599, 4119746], Score: 0.35375111197, Len (5):
[2734002] --660 (0.03)-> [78] --660 (0.05)-> [852582] --123 (0.04)-> [5256012] --123 (0.05)-> [4420915] --189 (0.19)-> [4119746]

[12/14/2018 20:51:39 PM] SPO: [2710736, 599, 2115741], Score: 0.191090533145, Len (3):
[2710736] --123 (0.03)-> [3886384] --123 (0.06)-> [1234303] --189 (0.1)-> [2115741]

[12/14/2018 20:51:39 PM] SPO: [2710736, 599, 2115741], Score: 0.129642864833, Len (3):
[2710736] --660 (0.03)-> [78] --660 (0.04)-> [4475218] --236 (0.06)-> [2115741]

[12/14/2018 20:51:39 PM] SPO: [2710736, 599, 2115741], Score: 0.227870891895, Len (3):
[2710736] --660 (0.03)-> [78] --660 (0.06)-> [532169] --236 (0.14)-> [2115741]

[12/14/2018 20:51:39 PM] SPO: [2710736, 599, 2115741], Score: 0.282958771755, Len (5):
[2710736] --123 (0.03)-> [3886384] --123 (0.06)-> [1234303] --462 (0.04)-> [4755814] --462 (0.07)-> [3880660] --189 (0.09)-> [2115741]

[12/14/2018 20:51:39 PM] SPO: [2710736, 599, 2115741], Score: 0.224655096456, Len (5):
[2710736] --123 (0.03)-> [3886384] --123 (0.06)-> [1234303] --65 (0.03)-> [1230655] --65 (0.04)-> [4863893] --189 (0.06)-> [2115741]

[12/14/2018 20:51:43 PM] SPO: [2825275, 599, 5305646], Score: 0.133731607161, Len (3):
[2825275] --660 (0.03)-> [78] --660 (0.05)-> [4243536] --121 (0.06)-> [5305646]

[12/14/2018 20:51:43 PM] SPO: [2825275, 599, 5305646], Score: 0.258935201043, Len (5):
[2825275] --660 (0.03)-> [78] --660 (0.05)-> [4243536] --329 (0.04)-> [3740468] --329 (0.06)-> [5217778] --189 (0.08)-> [5305646]

[12/14/2018 20:51:43 PM] SPO: [2825275, 599, 5305646], Score: 0.265526778882, Len (5):
[2825275] --660 (0.03)-> [78] --660 (0.05)-> [4243536] --123 (0.03)-> [1586715] --123 (0.06)-> [4422759] --189 (0.09)-> [5305646]

[12/14/2018 20:51:43 PM] SPO: [2825275, 599, 5305646], Score: 0.315662679354, Len (5):
[2825275] --123 (0.03)-> [5258277] --123 (0.04)-> [5187542] --123 (0.05)-> [918181] --123 (0.07)-> [2922026] --189 (0.13)-> [5305646]

[12/14/2018 20:51:43 PM] SPO: [2825275, 599, 5305646], Score: 0.25699102587, Len (5):
[2825275] --123 (0.03)-> [5258277] --123 (0.04)-> [5187542] --462 (0.04)-> [769614] --462 (0.07)-> [5187972] --189 (0.08)-> [5305646]

[12/14/2018 20:51:52 PM] SPO: [2985653, 599, 5452049], Score: 0.190542470428, Len (3):
[2985653] --462 (0.04)-> [4755814] --462 (0.07)-> [3519667] --189 (0.09)-> [5452049]

[12/14/2018 20:51:52 PM] SPO: [2985653, 599, 5452049], Score: 0.186548550704, Len (3):
[2985653] --462 (0.04)-> [4704367] --462 (0.07)-> [4447627] --189 (0.08)-> [5452049]

[12/14/2018 20:51:52 PM] SPO: [2985653, 599, 5452049], Score: 0.237633882586, Len (5):
[2985653] --462 (0.04)-> [4704367] --462 (0.07)-> [4447627] --660 (0.03)-> [78] --660 (0.05)-> [4864610] --189 (0.06)-> [5452049]

[12/14/2018 20:51:52 PM] SPO: [2985653, 599, 5452049], Score: 0.351267531334, Len (3):
[2985653] --462 (0.04)-> [4704367] --462 (0.06)-> [3562163] --189 (0.26)-> [5452049]

[12/14/2018 20:51:52 PM] SPO: [2985653, 599, 5452049], Score: 0.370388064221, Len (7):
[2985653] --462 (0.04)-> [4704367] --462 (0.07)-> [4447627] --660 (0.03)-> [78] --660 (0.05)-> [4864610] --462 (0.04)-> [4160079] --462 (0.07)-> [2528495] --189 (0.08)-> [5452049]

[12/14/2018 20:52:05 PM] SPO: [2941718, 599, 917821], Score: 0.0684876588563, Len (1):
[2941718] --189 (0.07)-> [917821]

[12/14/2018 20:52:05 PM] SPO: [2941718, 599, 917821], Score: 0.135843676661, Len (3):
[2941718] --660 (0.03)-> [78] --660 (0.05)-> [3796026] --189 (0.06)-> [917821]

[12/14/2018 20:52:05 PM] SPO: [2941718, 599, 917821], Score: 0.119646573673, Len (3):
[2941718] --480 (0.03)-> [769522] --410 (0.04)-> [5434537] --311 (0.05)-> [917821]

[12/14/2018 20:52:05 PM] SPO: [2941718, 599, 917821], Score: 0.231706191583, Len (3):
[2941718] --480 (0.03)-> [769522] --480 (0.05)-> [4553008] --189 (0.15)-> [917821]

[12/14/2018 20:52:05 PM] SPO: [2941718, 599, 917821], Score: 0.268486259829, Len (5):
[2941718] --660 (0.03)-> [78] --660 (0.05)-> [3796026] --462 (0.04)-> [769614] --462 (0.07)-> [2647901] --189 (0.08)-> [917821]

[12/14/2018 20:52:05 PM] SPO: [2673918, 599, 1487110], Score: 0.0681202681455, Len (1):
[2673918] --189 (0.07)-> [1487110]

[12/14/2018 20:52:05 PM] SPO: [2673918, 599, 1487110], Score: 0.135775793304, Len (3):
[2673918] --660 (0.03)-> [78] --660 (0.05)-> [3566075] --189 (0.06)-> [1487110]

[12/14/2018 20:52:05 PM] SPO: [2673918, 599, 1487110], Score: 0.188275656724, Len (5):
[2673918] --660 (0.03)-> [78] --660 (0.05)-> [3566075] --480 (0.02)-> [1243951] --480 (0.04)-> [4081623] --189 (0.05)-> [1487110]

[12/14/2018 20:52:05 PM] SPO: [2673918, 599, 1487110], Score: 0.295007928938, Len (5):
[2673918] --660 (0.03)-> [78] --660 (0.05)-> [3566075] --480 (0.02)-> [1243951] --480 (0.05)-> [4828603] --121 (0.14)-> [1487110]

[12/14/2018 20:52:05 PM] SPO: [2673918, 599, 1487110], Score: 0.331161886658, Len (7):
[2673918] --660 (0.03)-> [78] --660 (0.05)-> [3566075] --480 (0.02)-> [1243951] --480 (0.04)-> [4081623] --462 (0.04)-> [769614] --462 (0.07)-> [3070150] --189 (0.08)-> [1487110]

[12/14/2018 20:52:17 PM] SPO: [2825275, 599, 4110464], Score: 0.134292871814, Len (3):
[2825275] --660 (0.03)-> [78] --660 (0.05)-> [941685] --121 (0.06)-> [4110464]

[12/14/2018 20:52:17 PM] SPO: [2825275, 599, 4110464], Score: 0.264025844031, Len (5):
[2825275] --660 (0.03)-> [78] --660 (0.05)-> [941685] --329 (0.04)-> [3740468] --601 (0.06)-> [4110466] --601 (0.08)-> [4110464]

[12/14/2018 20:52:17 PM] SPO: [2825275, 599, 4110464], Score: 0.315494909357, Len (5):
[2825275] --123 (0.03)-> [5258277] --123 (0.04)-> [5187542] --123 (0.05)-> [918181] --123 (0.07)-> [941685] --121 (0.13)-> [4110464]

[12/14/2018 20:52:17 PM] SPO: [2825275, 599, 4110464], Score: 0.257251552863, Len (5):
[2825275] --123 (0.03)-> [5258277] --123 (0.04)-> [5187542] --462 (0.04)-> [769614] --462 (0.07)-> [1219210] --189 (0.08)-> [4110464]

[12/14/2018 20:52:17 PM] SPO: [2825275, 599, 4110464], Score: 0.334394926683, Len (3):
[2825275] --660 (0.03)-> [78] --660 (0.06)-> [2653456] --189 (0.25)-> [4110464]

[12/14/2018 20:52:27 PM] SPO: [2985653, 599, 4628461], Score: 0.190115663725, Len (3):
[2985653] --462 (0.04)-> [4755814] --462 (0.07)-> [4967652] --189 (0.09)-> [4628461]

[12/14/2018 20:52:27 PM] SPO: [2985653, 599, 4628461], Score: 0.186391180574, Len (3):
[2985653] --462 (0.04)-> [4704367] --462 (0.07)-> [3396741] --189 (0.08)-> [4628461]

[12/14/2018 20:52:27 PM] SPO: [2985653, 599, 4628461], Score: 0.294044802392, Len (5):
[2985653] --462 (0.04)-> [4704367] --462 (0.07)-> [3396741] --462 (0.04)-> [4160079] --462 (0.07)-> [1136701] --189 (0.08)-> [4628461]

[12/14/2018 20:52:27 PM] SPO: [2985653, 599, 4628461], Score: 0.3193893094, Len (5):
[2985653] --462 (0.04)-> [4704367] --462 (0.07)-> [3396741] --123 (0.04)-> [3929625] --123 (0.07)-> [2003860] --189 (0.11)-> [4628461]

[12/14/2018 20:52:27 PM] SPO: [2985653, 599, 4628461], Score: 0.340734292648, Len (3):
[2985653] --462 (0.04)-> [4704367] --462 (0.06)-> [2299978] --189 (0.24)-> [4628461]

[12/14/2018 20:52:32 PM] SPO: [2734002, 599, 3516612], Score: 0.135943557032, Len (3):
[2734002] --660 (0.03)-> [78] --660 (0.05)-> [3397540] --189 (0.06)-> [3516612]

[12/14/2018 20:52:32 PM] SPO: [2734002, 599, 3516612], Score: 0.137438614098, Len (3):
[2734002] --189 (0.03)-> [5305646] --660 (0.04)-> [79] --660 (0.07)-> [3516612]

[12/14/2018 20:52:32 PM] SPO: [2734002, 599, 3516612], Score: 0.263897877004, Len (5):
[2734002] --660 (0.03)-> [78] --660 (0.05)-> [3397540] --462 (0.04)-> [769614] --462 (0.07)-> [4617725] --189 (0.08)-> [3516612]

[12/14/2018 20:52:32 PM] SPO: [2734002, 599, 3516612], Score: 0.212256175098, Len (5):
[2734002] --660 (0.03)-> [78] --660 (0.05)-> [3397540] --65 (0.03)-> [1357141] --65 (0.04)-> [3023058] --189 (0.06)-> [3516612]

[12/14/2018 20:52:32 PM] SPO: [2734002, 599, 3516612], Score: 0.283668048453, Len (3):
[2734002] --660 (0.03)-> [78] --660 (0.06)-> [1728906] --121 (0.19)-> [3516612]

[12/14/2018 20:52:33 PM] SPO: [2941718, 599, 2364618], Score: 0.204264160097, Len (3):
[2941718] --123 (0.04)-> [3590990] --123 (0.07)-> [2512842] --121 (0.1)-> [2364618]

[12/14/2018 20:52:33 PM] SPO: [2941718, 599, 2364618], Score: 0.13485583069, Len (3):
[2941718] --660 (0.03)-> [78] --660 (0.05)-> [2512842] --121 (0.06)-> [2364618]

[12/14/2018 20:52:33 PM] SPO: [2941718, 599, 2364618], Score: 0.258256377018, Len (3):
[2941718] --123 (0.04)-> [3590990] --123 (0.05)-> [4471751] --189 (0.17)-> [2364618]

[12/14/2018 20:52:33 PM] SPO: [2941718, 599, 2364618], Score: 0.267681011444, Len (5):
[2941718] --660 (0.03)-> [78] --660 (0.05)-> [2512842] --329 (0.04)-> [3740468] --601 (0.07)-> [2287973] --601 (0.08)-> [2364618]

[12/14/2018 20:52:33 PM] SPO: [2941718, 599, 2364618], Score: 0.219790005791, Len (5):
[2941718] --660 (0.03)-> [78] --660 (0.05)-> [2512842] --65 (0.03)-> [1473910] --65 (0.05)-> [1723371] --189 (0.06)-> [2364618]

[12/14/2018 20:52:34 PM] SPO: [2825275, 599, 2450828], Score: 0.134466374046, Len (3):
[2825275] --660 (0.03)-> [78] --660 (0.05)-> [4866605] --189 (0.06)-> [2450828]

[12/14/2018 20:52:34 PM] SPO: [2825275, 599, 2450828], Score: 0.133561014561, Len (3):
[2825275] --189 (0.03)-> [3584723] --660 (0.04)-> [79] --660 (0.07)-> [2450828]

[12/14/2018 20:52:34 PM] SPO: [2825275, 599, 2450828], Score: 0.261522126578, Len (5):
[2825275] --660 (0.03)-> [78] --660 (0.05)-> [4866605] --462 (0.04)-> [1095182] --462 (0.07)-> [4617790] --189 (0.08)-> [2450828]

[12/14/2018 20:52:34 PM] SPO: [2825275, 599, 2450828], Score: 0.266741341459, Len (3):
[2825275] --660 (0.03)-> [78] --660 (0.06)-> [1930535] --121 (0.18)-> [2450828]

[12/14/2018 20:52:34 PM] SPO: [2825275, 599, 2450828], Score: 0.302944676317, Len (5):
[2825275] --660 (0.03)-> [78] --660 (0.06)-> [1930535] --462 (0.04)-> [2269316] --462 (0.07)-> [3396502] --189 (0.1)-> [2450828]

[12/14/2018 20:52:35 PM] SPO: [2673918, 599, 1357357], Score: 0.134433669805, Len (3):
[2673918] --660 (0.03)-> [78] --660 (0.05)-> [1472033] --236 (0.06)-> [1357357]

[12/14/2018 20:52:35 PM] SPO: [2673918, 599, 1357357], Score: 0.153575668616, Len (3):
[2673918] --65 (0.03)-> [4707103] --65 (0.05)-> [4287575] --189 (0.07)-> [1357357]

[12/14/2018 20:52:35 PM] SPO: [2673918, 599, 1357357], Score: 0.263589454235, Len (5):
[2673918] --660 (0.03)-> [78] --660 (0.05)-> [1472033] --462 (0.04)-> [769614] --462 (0.07)-> [2619197] --189 (0.08)-> [1357357]

[12/14/2018 20:52:35 PM] SPO: [2673918, 599, 1357357], Score: 0.21699576632, Len (5):
[2673918] --660 (0.03)-> [78] --660 (0.05)-> [1472033] --65 (0.03)-> [635862] --65 (0.05)-> [1548635] --311 (0.06)-> [1357357]

[12/14/2018 20:52:35 PM] SPO: [2673918, 599, 1357357], Score: 0.263939572622, Len (5):
[2673918] --65 (0.03)-> [4707103] --65 (0.05)-> [4287575] --462 (0.04)-> [4182344] --462 (0.06)-> [5566599] --189 (0.08)-> [1357357]

[12/14/2018 20:52:37 PM] SPO: [2985653, 599, 3218267], Score: 0.190507925027, Len (3):
[2985653] --462 (0.04)-> [4755814] --462 (0.07)-> [2258376] --189 (0.09)-> [3218267]

[12/14/2018 20:52:37 PM] SPO: [2985653, 599, 3218267], Score: 0.188005887711, Len (3):
[2985653] --462 (0.04)-> [4704367] --462 (0.07)-> [1053615] --189 (0.08)-> [3218267]

[12/14/2018 20:52:37 PM] SPO: [2985653, 599, 3218267], Score: 0.243046775196, Len (5):
[2985653] --462 (0.04)-> [4755814] --462 (0.07)-> [2258376] --660 (0.03)-> [78] --660 (0.05)-> [976548] --189 (0.06)-> [3218267]

[12/14/2018 20:52:37 PM] SPO: [2985653, 599, 3218267], Score: 0.313586391809, Len (5):
[2985653] --462 (0.04)-> [4704367] --462 (0.07)-> [1053615] --123 (0.04)-> [4221453] --123 (0.07)-> [2368189] --189 (0.1)-> [3218267]

[12/14/2018 20:52:37 PM] SPO: [2985653, 599, 3218267], Score: 0.337498607589, Len (3):
[2985653] --462 (0.04)-> [4755814] --462 (0.06)-> [2653165] --189 (0.24)-> [3218267]

[12/14/2018 20:52:38 PM] SPO: [2985653, 599, 4119746], Score: 0.190994250202, Len (3):
[2985653] --462 (0.04)-> [4755814] --462 (0.07)-> [5330277] --189 (0.09)-> [4119746]

[12/14/2018 20:52:38 PM] SPO: [2985653, 599, 4119746], Score: 0.185753821536, Len (3):
[2985653] --462 (0.04)-> [4704367] --462 (0.07)-> [1489226] --189 (0.08)-> [4119746]

[12/14/2018 20:52:38 PM] SPO: [2985653, 599, 4119746], Score: 0.284196561728, Len (5):
[2985653] --462 (0.04)-> [4704367] --462 (0.07)-> [1489226] --329 (0.03)-> [3740468] --329 (0.06)-> [4947631] --189 (0.08)-> [4119746]

[12/14/2018 20:52:38 PM] SPO: [2985653, 599, 4119746], Score: 0.283227937234, Len (5):
[2985653] --462 (0.04)-> [4704367] --462 (0.07)-> [1489226] --123 (0.03)-> [2933055] --123 (0.06)-> [545045] --189 (0.09)-> [4119746]

[12/14/2018 20:52:38 PM] SPO: [2985653, 599, 4119746], Score: 0.310354508128, Len (5):
[2985653] --462 (0.04)-> [4755814] --462 (0.07)-> [5330277] --123 (0.04)-> [3707858] --123 (0.07)-> [4947631] --189 (0.1)-> [4119746]

[12/14/2018 20:52:44 PM] SPO: [3069278, 599, 917821], Score: 0.0684876588563, Len (1):
[3069278] --189 (0.07)-> [917821]

[12/14/2018 20:52:44 PM] SPO: [3069278, 599, 917821], Score: 0.246873516018, Len (3):
[3069278] --123 (0.04)-> [2451038] --123 (0.08)-> [2710894] --189 (0.13)-> [917821]

[12/14/2018 20:52:44 PM] SPO: [3069278, 599, 917821], Score: 0.182639130528, Len (3):
[3069278] --329 (0.03)-> [3740468] --329 (0.06)-> [4448484] --189 (0.08)-> [917821]

[12/14/2018 20:52:44 PM] SPO: [3069278, 599, 917821], Score: 0.26618973083, Len (3):
[3069278] --329 (0.03)-> [3740468] --329 (0.05)-> [927736] --121 (0.18)-> [917821]

[12/14/2018 20:52:44 PM] SPO: [3069278, 599, 917821], Score: 0.277059167687, Len (3):
[3069278] --123 (0.04)-> [2451038] --123 (0.05)-> [2635569] --189 (0.19)-> [917821]

[12/14/2018 20:52:46 PM] SPO: [2941718, 599, 1357357], Score: 0.134433669805, Len (3):
[2941718] --660 (0.03)-> [78] --660 (0.05)-> [1472033] --236 (0.06)-> [1357357]

[12/14/2018 20:52:46 PM] SPO: [2941718, 599, 1357357], Score: 0.147384746931, Len (3):
[2941718] --189 (0.03)-> [917821] --189 (0.05)-> [4368651] --121 (0.07)-> [1357357]

[12/14/2018 20:52:46 PM] SPO: [2941718, 599, 1357357], Score: 0.14097979225, Len (3):
[2941718] --189 (0.03)-> [917821] --660 (0.04)-> [79] --660 (0.07)-> [1357357]

[12/14/2018 20:52:46 PM] SPO: [2941718, 599, 1357357], Score: 0.263589454235, Len (5):
[2941718] --660 (0.03)-> [78] --660 (0.05)-> [1472033] --462 (0.04)-> [769614] --462 (0.07)-> [2619197] --189 (0.08)-> [1357357]

[12/14/2018 20:52:46 PM] SPO: [2941718, 599, 1357357], Score: 0.21699576632, Len (5):
[2941718] --660 (0.03)-> [78] --660 (0.05)-> [1472033] --65 (0.03)-> [635862] --65 (0.05)-> [1548635] --311 (0.06)-> [1357357]

[12/14/2018 20:52:55 PM] SPO: [2734002, 599, 1357357], Score: 0.213821642309, Len (3):
[2734002] --123 (0.04)-> [2119138] --123 (0.07)-> [2919786] --189 (0.11)-> [1357357]

[12/14/2018 20:52:55 PM] SPO: [2734002, 599, 1357357], Score: 0.134433669805, Len (3):
[2734002] --660 (0.03)-> [78] --660 (0.05)-> [1472033] --236 (0.06)-> [1357357]

[12/14/2018 20:52:55 PM] SPO: [2734002, 599, 1357357], Score: 0.263589454235, Len (5):
[2734002] --660 (0.03)-> [78] --660 (0.05)-> [1472033] --462 (0.04)-> [769614] --462 (0.07)-> [2619197] --189 (0.08)-> [1357357]

[12/14/2018 20:52:55 PM] SPO: [2734002, 599, 1357357], Score: 0.21699576632, Len (5):
[2734002] --660 (0.03)-> [78] --660 (0.05)-> [1472033] --65 (0.03)-> [635862] --65 (0.05)-> [1548635] --311 (0.06)-> [1357357]

[12/14/2018 20:52:55 PM] SPO: [2734002, 599, 1357357], Score: 0.288945553062, Len (5):
[2734002] --123 (0.04)-> [2119138] --123 (0.07)-> [2919786] --462 (0.04)-> [1095182] --462 (0.07)-> [2795365] --189 (0.08)-> [1357357]

[12/14/2018 20:53:02 PM] SPO: [2618836, 599, 1487110], Score: 0.135775793304, Len (3):
[2618836] --660 (0.03)-> [78] --660 (0.05)-> [3566075] --189 (0.06)-> [1487110]

[12/14/2018 20:53:02 PM] SPO: [2618836, 599, 1487110], Score: 0.188275656724, Len (5):
[2618836] --660 (0.03)-> [78] --660 (0.05)-> [3566075] --480 (0.02)-> [1243951] --480 (0.04)-> [4081623] --189 (0.05)-> [1487110]

[12/14/2018 20:53:02 PM] SPO: [2618836, 599, 1487110], Score: 0.295007928938, Len (5):
[2618836] --660 (0.03)-> [78] --660 (0.05)-> [3566075] --480 (0.02)-> [1243951] --480 (0.05)-> [4828603] --121 (0.14)-> [1487110]

[12/14/2018 20:53:02 PM] SPO: [2618836, 599, 1487110], Score: 0.331161886658, Len (7):
[2618836] --660 (0.03)-> [78] --660 (0.05)-> [3566075] --480 (0.02)-> [1243951] --480 (0.04)-> [4081623] --462 (0.04)-> [769614] --462 (0.07)-> [3070150] --189 (0.08)-> [1487110]

[12/14/2018 20:53:02 PM] SPO: [2618836, 599, 1487110], Score: 0.32612722996, Len (7):
[2618836] --660 (0.03)-> [78] --660 (0.05)-> [3566075] --480 (0.02)-> [1243951] --480 (0.04)-> [4081623] --123 (0.03)-> [5256012] --123 (0.06)-> [4467567] --189 (0.09)-> [1487110]

[12/14/2018 20:53:06 PM] SPO: [3391697, 599, 5305646], Score: 0.0732918175248, Len (1):
[3391697] --189 (0.07)-> [5305646]

[12/14/2018 20:53:06 PM] SPO: [3391697, 599, 5305646], Score: 0.179693632739, Len (3):
[3391697] --123 (0.03)-> [5256012] --123 (0.06)-> [4670089] --189 (0.09)-> [5305646]

[12/14/2018 20:53:06 PM] SPO: [3391697, 599, 5305646], Score: 0.133731607161, Len (3):
[3391697] --660 (0.03)-> [78] --660 (0.05)-> [4243536] --121 (0.06)-> [5305646]

[12/14/2018 20:53:06 PM] SPO: [3391697, 599, 5305646], Score: 0.258935201043, Len (5):
[3391697] --660 (0.03)-> [78] --660 (0.05)-> [4243536] --329 (0.04)-> [3740468] --329 (0.06)-> [5217778] --189 (0.08)-> [5305646]

[12/14/2018 20:53:06 PM] SPO: [3391697, 599, 5305646], Score: 0.265526778882, Len (5):
[3391697] --660 (0.03)-> [78] --660 (0.05)-> [4243536] --123 (0.03)-> [1586715] --123 (0.06)-> [4422759] --189 (0.09)-> [5305646]

[12/14/2018 20:53:07 PM] SPO: [2673918, 599, 1156689], Score: 0.137788117493, Len (3):
[2673918] --660 (0.03)-> [78] --660 (0.05)-> [2044188] --189 (0.06)-> [1156689]

[12/14/2018 20:53:07 PM] SPO: [2673918, 599, 1156689], Score: 0.336846670069, Len (3):
[2673918] --660 (0.03)-> [78] --660 (0.06)-> [3423590] --189 (0.25)-> [1156689]

[12/14/2018 20:53:07 PM] SPO: [2673918, 599, 1156689], Score: 0.307873495628, Len (5):
[2673918] --660 (0.03)-> [78] --660 (0.06)-> [3423590] --123 (0.04)-> [3779542] --123 (0.07)-> [5190725] --189 (0.11)-> [1156689]

[12/14/2018 20:53:07 PM] SPO: [2673918, 599, 1156689], Score: 0.332927932227, Len (5):
[2673918] --660 (0.03)-> [78] --660 (0.06)-> [3423590] --123 (0.04)-> [3779542] --123 (0.05)-> [1031372] --189 (0.16)-> [1156689]

[12/14/2018 20:53:07 PM] SPO: [2673918, 599, 1156689], Score: 0.353851501154, Len (5):
[2673918] --123 (0.03)-> [3479198] --601 (0.03)-> [3479196] --660 (0.04)-> [662] --660 (0.11)-> [2463491] --601 (0.15)-> [1156689]

[12/14/2018 20:53:19 PM] SPO: [3069278, 599, 2450828], Score: 0.181838659541, Len (3):
[3069278] --329 (0.04)-> [3740468] --329 (0.06)-> [1930535] --121 (0.08)-> [2450828]

[12/14/2018 20:53:19 PM] SPO: [3069278, 599, 2450828], Score: 0.134466374046, Len (3):
[3069278] --660 (0.03)-> [78] --660 (0.05)-> [4866605] --189 (0.06)-> [2450828]

[12/14/2018 20:53:19 PM] SPO: [3069278, 599, 2450828], Score: 0.261522126578, Len (5):
[3069278] --660 (0.03)-> [78] --660 (0.05)-> [4866605] --462 (0.04)-> [1095182] --462 (0.07)-> [4617790] --189 (0.08)-> [2450828]

[12/14/2018 20:53:19 PM] SPO: [3069278, 599, 2450828], Score: 0.266741341468, Len (3):
[3069278] --660 (0.03)-> [78] --660 (0.06)-> [1930535] --121 (0.18)-> [2450828]

[12/14/2018 20:53:19 PM] SPO: [3069278, 599, 2450828], Score: 0.29812793764, Len (3):
[3069278] --329 (0.04)-> [3740468] --329 (0.06)-> [3696858] --189 (0.21)-> [2450828]

[12/14/2018 20:53:20 PM] SPO: [2941718, 599, 685564], Score: 0.20206370969, Len (3):
[2941718] --123 (0.04)-> [3590990] --123 (0.07)-> [3221955] --189 (0.1)-> [685564]

[12/14/2018 20:53:20 PM] SPO: [2941718, 599, 685564], Score: 0.131517637087, Len (3):
[2941718] --660 (0.03)-> [78] --660 (0.04)-> [3116669] --236 (0.06)-> [685564]

[12/14/2018 20:53:20 PM] SPO: [2941718, 599, 685564], Score: 0.227959203249, Len (3):
[2941718] --660 (0.03)-> [78] --660 (0.06)-> [532169] --236 (0.14)-> [685564]

[12/14/2018 20:53:20 PM] SPO: [2941718, 599, 685564], Score: 0.235311536869, Len (5):
[2941718] --123 (0.04)-> [3590990] --123 (0.07)-> [3221955] --660 (0.03)-> [78] --660 (0.04)-> [3116669] --236 (0.06)-> [685564]

[12/14/2018 20:53:20 PM] SPO: [2941718, 599, 685564], Score: 0.253855144263, Len (3):
[2941718] --123 (0.04)-> [3590990] --123 (0.05)-> [5008551] --189 (0.17)-> [685564]

[12/14/2018 20:53:25 PM] SPO: [3299683, 599, 4110464], Score: 0.198378632943, Len (3):
[3299683] --123 (0.03)-> [3543150] --123 (0.06)-> [5008142] --189 (0.1)-> [4110464]

[12/14/2018 20:53:25 PM] SPO: [3299683, 599, 4110464], Score: 0.134292871814, Len (3):
[3299683] --660 (0.03)-> [78] --660 (0.05)-> [941685] --121 (0.06)-> [4110464]

[12/14/2018 20:53:25 PM] SPO: [3299683, 599, 4110464], Score: 0.23606262047, Len (3):
[3299683] --123 (0.03)-> [3543150] --123 (0.05)-> [2571381] --189 (0.15)-> [4110464]

[12/14/2018 20:53:25 PM] SPO: [3299683, 599, 4110464], Score: 0.264025844031, Len (5):
[3299683] --660 (0.03)-> [78] --660 (0.05)-> [941685] --329 (0.04)-> [3740468] --601 (0.06)-> [4110466] --601 (0.08)-> [4110464]

[12/14/2018 20:53:25 PM] SPO: [3299683, 599, 4110464], Score: 0.271145784448, Len (5):
[3299683] --123 (0.03)-> [3543150] --123 (0.05)-> [2571381] --462 (0.04)-> [1095182] --462 (0.07)-> [1365210] --189 (0.08)-> [4110464]

[12/14/2018 20:53:30 PM] SPO: [2825275, 599, 1156689], Score: 0.245209137866, Len (3):
[2825275] --123 (0.04)-> [5258277] --123 (0.08)-> [3068463] --189 (0.13)-> [1156689]

[12/14/2018 20:53:30 PM] SPO: [2825275, 599, 1156689], Score: 0.137788117493, Len (3):
[2825275] --660 (0.03)-> [78] --660 (0.05)-> [2044188] --189 (0.06)-> [1156689]

[12/14/2018 20:53:30 PM] SPO: [2825275, 599, 1156689], Score: 0.254790035731, Len (5):
[2825275] --123 (0.04)-> [5258277] --123 (0.08)-> [3068463] --660 (0.03)-> [78] --660 (0.05)-> [2044188] --189 (0.06)-> [1156689]

[12/14/2018 20:53:30 PM] SPO: [2825275, 599, 1156689], Score: 0.240555324637, Len (5):
[2825275] --123 (0.04)-> [5258277] --123 (0.08)-> [3068463] --65 (0.03)-> [4110444] --65 (0.04)-> [3069433] --189 (0.05)-> [1156689]

[12/14/2018 20:53:30 PM] SPO: [2825275, 599, 1156689], Score: 0.336846670069, Len (3):
[2825275] --660 (0.03)-> [78] --660 (0.06)-> [3423590] --189 (0.25)-> [1156689]

[12/14/2018 20:53:35 PM] SPO: [3391697, 599, 4110464], Score: 0.179227202457, Len (3):
[3391697] --123 (0.03)-> [5256012] --123 (0.06)-> [2803440] --189 (0.09)-> [4110464]

[12/14/2018 20:53:35 PM] SPO: [3391697, 599, 4110464], Score: 0.134292871814, Len (3):
[3391697] --660 (0.03)-> [78] --660 (0.05)-> [941685] --121 (0.06)-> [4110464]

[12/14/2018 20:53:35 PM] SPO: [3391697, 599, 4110464], Score: 0.21752103837, Len (3):
[3391697] --123 (0.03)-> [5256012] --123 (0.05)-> [942327] --189 (0.14)-> [4110464]

[12/14/2018 20:53:35 PM] SPO: [3391697, 599, 4110464], Score: 0.264025844031, Len (5):
[3391697] --660 (0.03)-> [78] --660 (0.05)-> [941685] --329 (0.04)-> [3740468] --601 (0.06)-> [4110466] --601 (0.08)-> [4110464]

[12/14/2018 20:53:35 PM] SPO: [3391697, 599, 4110464], Score: 0.267760962573, Len (5):
[3391697] --123 (0.03)-> [5256012] --123 (0.05)-> [942327] --462 (0.04)-> [1095182] --462 (0.07)-> [1365210] --189 (0.08)-> [4110464]

[12/14/2018 20:53:48 PM] SPO: [3299683, 599, 4567127], Score: 0.135219929876, Len (3):
[3299683] --660 (0.03)-> [78] --660 (0.05)-> [1609566] --189 (0.06)-> [4567127]

[12/14/2018 20:53:48 PM] SPO: [3299683, 599, 4567127], Score: 0.265335971783, Len (5):
[3299683] --660 (0.03)-> [78] --660 (0.05)-> [1609566] --462 (0.04)-> [769614] --462 (0.07)-> [4620024] --189 (0.08)-> [4567127]

[12/14/2018 20:53:48 PM] SPO: [3299683, 599, 4567127], Score: 0.299001476805, Len (3):
[3299683] --660 (0.03)-> [78] --660 (0.06)-> [4620024] --189 (0.21)-> [4567127]

[12/14/2018 20:53:48 PM] SPO: [3299683, 599, 4567127], Score: 0.290353032423, Len (5):
[3299683] --660 (0.03)-> [78] --660 (0.06)-> [4620024] --123 (0.03)-> [3604164] --123 (0.06)-> [3361319] --189 (0.11)-> [4567127]

[12/14/2018 20:53:48 PM] SPO: [3299683, 599, 4567127], Score: 0.357647886712, Len (5):
[3299683] --580 (0.03)-> [3299529] --580 (0.04)-> [3069278] --329 (0.04)-> [3740468] --601 (0.09)-> [2287973] --601 (0.16)-> [4567127]

[12/14/2018 20:53:56 PM] SPO: [3069278, 599, 685564], Score: 0.183334392985, Len (3):
[3069278] --329 (0.03)-> [3740468] --329 (0.06)-> [3560810] --121 (0.08)-> [685564]

[12/14/2018 20:53:56 PM] SPO: [3069278, 599, 685564], Score: 0.131517637087, Len (3):
[3069278] --660 (0.03)-> [78] --660 (0.04)-> [3116669] --236 (0.06)-> [685564]

[12/14/2018 20:53:56 PM] SPO: [3069278, 599, 685564], Score: 0.227959203249, Len (3):
[3069278] --660 (0.03)-> [78] --660 (0.06)-> [532169] --236 (0.14)-> [685564]

[12/14/2018 20:53:56 PM] SPO: [3069278, 599, 685564], Score: 0.260316169292, Len (5):
[3069278] --660 (0.03)-> [78] --660 (0.04)-> [3116669] --462 (0.03)-> [4182344] --462 (0.07)-> [2565522] --189 (0.08)-> [685564]

[12/14/2018 20:53:56 PM] SPO: [3069278, 599, 685564], Score: 0.273715586364, Len (5):
[3069278] --660 (0.03)-> [78] --660 (0.06)-> [532169] --462 (0.04)-> [769614] --462 (0.07)-> [2723364] --189 (0.08)-> [685564]

[12/14/2018 20:54:00 PM] SPO: [3391697, 599, 2115741], Score: 0.184901372016, Len (3):
[3391697] --123 (0.03)-> [5256012] --123 (0.06)-> [1628415] --189 (0.09)-> [2115741]

[12/14/2018 20:54:00 PM] SPO: [3391697, 599, 2115741], Score: 0.129642864833, Len (3):
[3391697] --660 (0.03)-> [78] --660 (0.04)-> [4475218] --236 (0.06)-> [2115741]

[12/14/2018 20:54:00 PM] SPO: [3391697, 599, 2115741], Score: 0.227870891895, Len (3):
[3391697] --660 (0.03)-> [78] --660 (0.06)-> [532169] --236 (0.14)-> [2115741]

[12/14/2018 20:54:00 PM] SPO: [3391697, 599, 2115741], Score: 0.246251503073, Len (3):
[3391697] --123 (0.03)-> [5256012] --123 (0.05)-> [4303420] --189 (0.16)-> [2115741]

[12/14/2018 20:54:00 PM] SPO: [3391697, 599, 2115741], Score: 0.272378673119, Len (5):
[3391697] --123 (0.03)-> [5256012] --123 (0.05)-> [4303420] --462 (0.04)-> [4160079] --462 (0.07)-> [3563723] --189 (0.08)-> [2115741]

[12/14/2018 20:54:10 PM] SPO: [3299683, 599, 3218267], Score: 0.137585013247, Len (3):
[3299683] --660 (0.03)-> [78] --660 (0.05)-> [976548] --189 (0.06)-> [3218267]

[12/14/2018 20:54:10 PM] SPO: [3299683, 599, 3218267], Score: 0.269375525818, Len (5):
[3299683] --123 (0.03)-> [3543150] --123 (0.03)-> [2923208] --123 (0.04)-> [5259500] --601 (0.07)-> [3218302] --601 (0.1)-> [3218267]

[12/14/2018 20:54:10 PM] SPO: [3299683, 599, 3218267], Score: 0.25166098227, Len (5):
[3299683] --123 (0.03)-> [3543150] --123 (0.03)-> [2923208] --462 (0.04)-> [769614] --462 (0.07)-> [2004941] --189 (0.08)-> [3218267]

[12/14/2018 20:54:10 PM] SPO: [3299683, 599, 3218267], Score: 0.310822986339, Len (5):
[3299683] --123 (0.03)-> [3543150] --123 (0.03)-> [2923208] --123 (0.04)-> [5259500] --123 (0.05)-> [849196] --189 (0.16)-> [3218267]

[12/14/2018 20:54:10 PM] SPO: [3299683, 599, 3218267], Score: 0.335897706355, Len (3):
[3299683] --660 (0.03)-> [78] --660 (0.06)-> [2004941] --189 (0.25)-> [3218267]

[12/14/2018 20:54:20 PM] SPO: [3069278, 599, 1156689], Score: 0.190348209198, Len (3):
[3069278] --329 (0.04)-> [3740468] --195 (0.07)-> [3758048] --195 (0.08)-> [1156689]

[12/14/2018 20:54:20 PM] SPO: [3069278, 599, 1156689], Score: 0.137788117493, Len (3):
[3069278] --660 (0.03)-> [78] --660 (0.05)-> [2044188] --189 (0.06)-> [1156689]

[12/14/2018 20:54:20 PM] SPO: [3069278, 599, 1156689], Score: 0.208780495436, Len (5):
[3069278] --329 (0.04)-> [3740468] --195 (0.07)-> [3758048] --660 (0.03)-> [502] --660 (0.03)-> [2635751] --410 (0.04)-> [1156689]

[12/14/2018 20:54:20 PM] SPO: [3069278, 599, 1156689], Score: 0.310606338053, Len (3):
[3069278] --329 (0.04)-> [3740468] --329 (0.06)-> [895031] --189 (0.21)-> [1156689]

[12/14/2018 20:54:20 PM] SPO: [3069278, 599, 1156689], Score: 0.283035180337, Len (5):
[3069278] --329 (0.04)-> [3740468] --329 (0.06)-> [895031] --462 (0.04)-> [4182344] --462 (0.07)-> [4446758] --189 (0.08)-> [1156689]

[12/14/2018 20:54:25 PM] SPO: [3391697, 599, 685564], Score: 0.181939845026, Len (3):
[3391697] --123 (0.03)-> [5256012] --123 (0.06)-> [2736748] --189 (0.09)-> [685564]

[12/14/2018 20:54:25 PM] SPO: [3391697, 599, 685564], Score: 0.131517637087, Len (3):
[3391697] --660 (0.03)-> [78] --660 (0.04)-> [3116669] --236 (0.06)-> [685564]

[12/14/2018 20:54:25 PM] SPO: [3391697, 599, 685564], Score: 0.227959203249, Len (3):
[3391697] --660 (0.03)-> [78] --660 (0.06)-> [532169] --236 (0.14)-> [685564]

[12/14/2018 20:54:25 PM] SPO: [3391697, 599, 685564], Score: 0.251788274572, Len (3):
[3391697] --123 (0.03)-> [5256012] --123 (0.05)-> [2154125] --189 (0.17)-> [685564]

[12/14/2018 20:54:25 PM] SPO: [3391697, 599, 685564], Score: 0.260316169292, Len (5):
[3391697] --660 (0.03)-> [78] --660 (0.04)-> [3116669] --462 (0.03)-> [4182344] --462 (0.07)-> [2565522] --189 (0.08)-> [685564]

[12/14/2018 20:54:31 PM] SPO: [3299683, 599, 2364618], Score: 0.13485583069, Len (3):
[3299683] --660 (0.03)-> [78] --660 (0.05)-> [2512842] --121 (0.06)-> [2364618]

[12/14/2018 20:54:31 PM] SPO: [3299683, 599, 2364618], Score: 0.267681011444, Len (5):
[3299683] --660 (0.03)-> [78] --660 (0.05)-> [2512842] --329 (0.04)-> [3740468] --601 (0.07)-> [2287973] --601 (0.08)-> [2364618]

[12/14/2018 20:54:31 PM] SPO: [3299683, 599, 2364618], Score: 0.277267891435, Len (5):
[3299683] --660 (0.03)-> [78] --660 (0.05)-> [2512842] --123 (0.04)-> [3590990] --123 (0.07)-> [4471751] --189 (0.1)-> [2364618]

[12/14/2018 20:54:31 PM] SPO: [3299683, 599, 2364618], Score: 0.316356406992, Len (5):
[3299683] --660 (0.03)-> [78] --660 (0.05)-> [2512842] --123 (0.04)-> [3590990] --123 (0.05)-> [2653232] --189 (0.15)-> [2364618]

[12/14/2018 20:54:31 PM] SPO: [3299683, 599, 2364618], Score: 0.337188069072, Len (3):
[3299683] --660 (0.03)-> [78] --660 (0.06)-> [5006223] --189 (0.25)-> [2364618]

[12/14/2018 20:54:31 PM] P: +:31, -:76, unique tot:86
[12/14/2018 20:54:31 PM] Time taken: 732.20s


[12/14/2018 20:54:31 PM] => Path selection..
[12/14/2018 20:54:32 PM] D: +:31, -:76, tot:86
[12/14/2018 20:54:32 PM] Time taken: 0.58s

[12/14/2018 20:54:32 PM] => Model building..
[12/14/2018 20:54:34 PM] #Features: 86, best-AUROC: 0.49316
[12/14/2018 20:54:34 PM] Time taken: 2.20s

[12/14/2018 20:54:34 PM] Time taken: 740.89s

[12/14/2018 20:54:34 PM] Saved: /home/galois/Documents/streamminer/output/out_streamminer_sample_2018-12-14_20:42:13.pkl
[12/14/2018 20:54:34 PM] 
Done!

