[09/22/2018 00:07:11 AM] Launching sm..
[09/22/2018 00:07:11 AM] Dataset: sub_sample.csv
[09/22/2018 00:07:11 AM] Output dir: /home/alex/Documents/streamminer/output
[09/22/2018 00:07:11 AM] Read data: (39, 7) sub_sample.csv
[09/22/2018 00:07:11 AM] Note: Found non-NA records: (39, 7)
[09/22/2018 00:07:13 AM] PID is: 599.0, with type: float64
[09/22/2018 00:07:18 AM] => Path extraction..(this can take a while)
[09/22/2018 00:13:57 AM] Launching sm..
[09/22/2018 00:13:57 AM] Dataset: sub_sample.csv
[09/22/2018 00:13:57 AM] Output dir: /home/alex/Documents/streamminer/output
[09/22/2018 00:13:57 AM] Read data: (39, 7) sub_sample.csv
[09/22/2018 00:13:57 AM] Note: Found non-NA records: (39, 7)
[09/22/2018 00:13:58 AM] PID is: 599.0, with type: float64
[09/22/2018 00:14:02 AM] => Path extraction..(this can take a while)
[09/22/2018 00:19:25 AM] Launching sm..
[09/22/2018 00:19:25 AM] Dataset: sub_sample.csv
[09/22/2018 00:19:25 AM] Output dir: /home/alex/Documents/streamminer/output
[09/22/2018 00:19:25 AM] Read data: (39, 7) sub_sample.csv
[09/22/2018 00:19:25 AM] Note: Found non-NA records: (39, 7)
[09/22/2018 00:19:25 AM] PID is: 599.0, with type: float64
[09/22/2018 00:19:30 AM] => Path extraction..(this can take a while)
[09/22/2018 01:00:17 AM] P: +:17, -:0, unique tot:17
[09/22/2018 01:00:17 AM] Time taken: 2447.36s

[09/22/2018 01:00:17 AM] => Path selection..
[09/22/2018 01:00:17 AM] D: +:17, -:0, tot:17
[09/22/2018 01:00:17 AM] Time taken: 0.03s

[09/22/2018 01:00:17 AM] => Model building..
[09/22/2018 01:00:18 AM] #Features: 17, best-AUROC: 0.94872
[09/22/2018 01:00:18 AM] Time taken: 0.26s

[09/22/2018 01:00:18 AM] Time taken: 2452.44s

[09/22/2018 03:11:39 AM] Launching sm..
[09/22/2018 03:11:39 AM] Dataset: sub_sample.csv
[09/22/2018 03:11:39 AM] Output dir: /home/alex/Documents/streamminer/output
[09/22/2018 03:11:39 AM] Read data: (39, 7) sub_sample.csv
[09/22/2018 03:11:39 AM] Note: Found non-NA records: (39, 7)
[09/22/2018 03:11:40 AM] Relation is: (392035.0, 599.0, 2115741.0)
[09/22/2018 03:11:45 AM] => Path extraction..(this can take a while)
[09/22/2018 03:14:28 AM] [392035] -189 (0.07)-> [2115741]
[09/22/2018 03:14:28 AM] [392035] -660 (0.03)-> [78] -660 (0.04)-> [4475218] -236 (0.06)-> [2115741]
[09/22/2018 03:14:28 AM] [392035] -660 (0.03)-> [78] -660 (0.04)-> [4475218] -236 (0.09)-> [2115741]
[09/22/2018 03:14:28 AM] [392035] -660 (0.03)-> [78] -660 (0.06)-> [532169] -236 (0.14)-> [2115741]
[09/22/2018 03:14:28 AM] [392035] -660 (0.03)-> [78] -660 (0.06)-> [532169] -236 (0.09)-> [2115741]
[09/22/2018 03:17:46 AM] [482030] -189 (0.07)-> [2364618]
[09/22/2018 03:17:46 AM] [482030] -462 (0.04)-> [4160079] -462 (0.07)-> [4107784] -189 (0.08)-> [2364618]
[09/22/2018 03:17:46 AM] [482030] -462 (0.04)-> [4160079] -462 (0.07)-> [4107784] -189 (0.07)-> [2364618]
[09/22/2018 03:17:46 AM] [482030] -462 (0.04)-> [4160079] -462 (0.07)-> [4107784] -123 (0.03)-> [3229261] -123 (0.06)-> [3641685] -189 (0.1)-> [2364618]
[09/22/2018 03:17:46 AM] [482030] -462 (0.04)-> [4160079] -462 (0.07)-> [4107784] -123 (0.03)-> [3229261] -123 (0.06)-> [3641685] -189 (0.07)-> [2364618]
[09/22/2018 03:19:46 AM] [494082] -189 (0.07)-> [4119746]
[09/22/2018 03:19:46 AM] [494082] -462 (0.04)-> [4182344] -462 (0.07)-> [1596079] -189 (0.08)-> [4119746]
[09/22/2018 03:19:46 AM] [494082] -462 (0.04)-> [4182344] -462 (0.07)-> [1596079] -189 (0.07)-> [4119746]
[09/22/2018 03:19:46 AM] [494082] -462 (0.04)-> [1095182] -462 (0.07)-> [4421062] -189 (0.08)-> [4119746]
[09/22/2018 03:19:46 AM] [494082] -462 (0.04)-> [1095182] -462 (0.07)-> [4421062] -189 (0.07)-> [4119746]
[09/22/2018 03:22:49 AM] [846737] -65 (0.04)-> [1321700] -65 (0.09)-> [846745] -189 (0.15)-> [3782014]
[09/22/2018 03:22:49 AM] [846737] -480 (0.03)-> [769522] -480 (0.04)-> [5528006] -189 (0.05)-> [3782014]
[09/22/2018 03:22:49 AM] [846737] -480 (0.03)-> [769522] -480 (0.04)-> [5528006] -189 (0.07)-> [3782014]
[09/22/2018 03:22:49 AM] [846737] -480 (0.03)-> [769522] -480 (0.05)-> [2633746] -189 (0.15)-> [3782014]
[09/22/2018 03:22:49 AM] [846737] -480 (0.03)-> [769522] -480 (0.05)-> [2633746] -189 (0.07)-> [3782014]
[09/22/2018 03:27:01 AM] [851870] -123 (0.04)-> [4568464] -123 (0.07)-> [2016524] -189 (0.11)-> [917821]
[09/22/2018 03:27:01 AM] [851870] -189 (0.03)-> [685564] -660 (0.04)-> [79] -660 (0.07)-> [917821]
[09/22/2018 03:27:01 AM] [851870] -189 (0.03)-> [685564] -660 (0.04)-> [79] -660 (0.07)-> [917821]
[09/22/2018 03:27:01 AM] [851870] -189 (0.03)-> [685564] -660 (0.04)-> [79] -660 (0.08)-> [917821]
[09/22/2018 03:27:01 AM] [851870] -189 (0.03)-> [685564] -660 (0.04)-> [79] -660 (0.08)-> [917821]
[09/22/2018 03:31:47 AM] [890343] -189 (0.07)-> [685564]
[09/22/2018 03:31:47 AM] [890343] -123 (0.04)-> [3038271] -123 (0.07)-> [4479600] -189 (0.1)-> [685564]
[09/22/2018 03:31:47 AM] [890343] -123 (0.04)-> [3038271] -123 (0.07)-> [4479600] -189 (0.07)-> [685564]
[09/22/2018 03:31:47 AM] [890343] -65 (0.02)-> [772673] -339 (0.03)-> [3038250] -601 (0.04)-> [3038271] -123 (0.06)-> [4479600] -189 (0.07)-> [685564]
[09/22/2018 03:31:47 AM] [890343] -65 (0.02)-> [772673] -339 (0.03)-> [3038250] -660 (0.03)-> [662] -660 (0.05)-> [2229114] -601 (0.06)-> [685564]
[09/22/2018 04:04:56 AM] Launching sm..
[09/22/2018 04:04:56 AM] Dataset: sub_sample.csv
[09/22/2018 04:04:56 AM] Output dir: /home/alex/Documents/streamminer/output
[09/22/2018 04:04:56 AM] Read data: (39, 7) sub_sample.csv
[09/22/2018 04:04:56 AM] Note: Found non-NA records: (39, 7)
[09/22/2018 04:04:57 AM] Relation is: (392035.0, 599.0, 2115741.0)
[09/22/2018 04:05:02 AM] => Path extraction..(this can take a while)
[09/22/2018 04:08:05 AM] Launching sm..
[09/22/2018 04:08:05 AM] Dataset: sub_sample.csv
[09/22/2018 04:08:05 AM] Output dir: /home/alex/Documents/streamminer/output
[09/22/2018 04:08:05 AM] Read data: (39, 7) sub_sample.csv
[09/22/2018 04:08:05 AM] Note: Found non-NA records: (39, 7)
[09/22/2018 04:08:05 AM] Relation is: (392035.0, 599.0, 2115741.0)
[09/22/2018 04:08:09 AM] => Path extraction..(this can take a while)
[09/22/2018 04:10:53 AM] Launching sm..
[09/22/2018 04:10:53 AM] Dataset: sub_sample.csv
[09/22/2018 04:10:53 AM] Output dir: /home/alex/Documents/streamminer/output
[09/22/2018 04:10:53 AM] Read data: (39, 7) sub_sample.csv
[09/22/2018 04:10:53 AM] Note: Found non-NA records: (39, 7)
[09/22/2018 04:10:54 AM] Relation is: (392035.0, 599.0, 2115741.0)
[09/22/2018 04:10:58 AM] => Path extraction..(this can take a while)
[09/22/2018 04:13:24 AM] Launching sm..
[09/22/2018 04:13:24 AM] Dataset: sub_sample.csv
[09/22/2018 04:13:24 AM] Output dir: /home/alex/Documents/streamminer/output
[09/22/2018 04:13:24 AM] Read data: (39, 7) sub_sample.csv
[09/22/2018 04:13:24 AM] Note: Found non-NA records: (39, 7)
[09/22/2018 04:13:31 AM] Relation is: (392035.0, 599.0, 2115741.0)
[09/22/2018 04:13:42 AM] => Path extraction..(this can take a while)
[09/22/2018 04:13:51 AM] [392035] -189 (0.07)-> [2115741]
[09/22/2018 04:16:51 AM] Launching sm..
[09/22/2018 04:16:51 AM] Dataset: sub_sample.csv
[09/22/2018 04:16:51 AM] Output dir: /home/alex/Documents/streamminer/output
[09/22/2018 04:16:51 AM] Read data: (39, 7) sub_sample.csv
[09/22/2018 04:16:51 AM] Note: Found non-NA records: (39, 7)
[09/22/2018 04:16:57 AM] Relation is: (392035.0, 599.0, 2115741.0)
[09/22/2018 04:17:06 AM] => Path extraction..(this can take a while)
[09/22/2018 04:17:15 AM] [392035] -189 (0.07)-> [2115741]
[09/22/2018 04:21:45 AM] Launching sm..
[09/22/2018 04:21:45 AM] Dataset: sub_sample.csv
[09/22/2018 04:21:45 AM] Output dir: /home/alex/Documents/streamminer/output
[09/22/2018 04:21:45 AM] Read data: (39, 7) sub_sample.csv
[09/22/2018 04:21:45 AM] Note: Found non-NA records: (39, 7)
[09/22/2018 04:21:47 AM] Relation is: (392035.0, 599.0, 2115741.0)
[09/22/2018 04:22:25 AM] Launching sm..
[09/22/2018 04:22:25 AM] Dataset: sub_sample.csv
[09/22/2018 04:22:25 AM] Output dir: /home/alex/Documents/streamminer/output
[09/22/2018 04:22:25 AM] Read data: (39, 7) sub_sample.csv
[09/22/2018 04:22:25 AM] Note: Found non-NA records: (39, 7)
[09/22/2018 04:22:27 AM] Relation is: (392035.0, 599.0, 2115741.0)
[09/22/2018 04:22:31 AM] => Path extraction..(this can take a while)
[09/22/2018 04:25:15 AM] Launching sm..
[09/22/2018 04:25:15 AM] Dataset: sub_sample.csv
[09/22/2018 04:25:15 AM] Output dir: /home/alex/Documents/streamminer/output
[09/22/2018 04:25:15 AM] Read data: (39, 7) sub_sample.csv
[09/22/2018 04:25:15 AM] Note: Found non-NA records: (39, 7)
[09/22/2018 04:25:16 AM] Relation is: (392035.0, 599.0, 2115741.0)
[09/22/2018 04:25:20 AM] => Path extraction..(this can take a while)
[09/22/2018 04:31:37 AM] Launching sm..
[09/22/2018 04:31:37 AM] Dataset: sub_sample.csv
[09/22/2018 04:31:37 AM] Output dir: /home/alex/Documents/streamminer/output
[09/22/2018 04:31:37 AM] Read data: (39, 7) sub_sample.csv
[09/22/2018 04:31:37 AM] Note: Found non-NA records: (39, 7)
[09/22/2018 04:31:37 AM] Relation is: (392035.0, 599.0, 2115741.0)
[09/22/2018 04:31:41 AM] => Path extraction..(this can take a while)
[09/22/2018 04:31:45 AM] [392035] -189 (0.07)-> [2115741]
[09/22/2018 04:34:10 AM] Launching sm..
[09/22/2018 04:34:10 AM] Dataset: sub_sample.csv
[09/22/2018 04:34:10 AM] Output dir: /home/alex/Documents/streamminer/output
[09/22/2018 04:34:10 AM] Read data: (39, 7) sub_sample.csv
[09/22/2018 04:34:10 AM] Note: Found non-NA records: (39, 7)
[09/22/2018 04:34:18 AM] Relation is: (392035.0, 599.0, 2115741.0)
[09/22/2018 04:34:26 AM] => Path extraction..(this can take a while)
[09/22/2018 04:37:31 AM] Launching sm..
[09/22/2018 04:37:31 AM] Dataset: sub_sample.csv
[09/22/2018 04:37:31 AM] Output dir: /home/alex/Documents/streamminer/output
[09/22/2018 04:37:31 AM] Read data: (39, 7) sub_sample.csv
[09/22/2018 04:37:31 AM] Note: Found non-NA records: (39, 7)
[09/22/2018 04:37:37 AM] Relation is: (392035.0, 599.0, 2115741.0)
[09/22/2018 04:37:47 AM] => Path extraction..(this can take a while)
[09/22/2018 04:40:33 AM] Launching sm..
[09/22/2018 04:40:33 AM] Dataset: sub_sample.csv
[09/22/2018 04:40:33 AM] Output dir: /home/alex/Documents/streamminer/output
[09/22/2018 04:40:33 AM] Read data: (39, 7) sub_sample.csv
[09/22/2018 04:40:33 AM] Note: Found non-NA records: (39, 7)
[09/22/2018 04:40:34 AM] Relation is: (392035.0, 599.0, 2115741.0)
[09/22/2018 04:40:39 AM] => Path extraction..(this can take a while)
[09/22/2018 04:42:13 AM] Launching sm..
[09/22/2018 04:42:13 AM] Dataset: sub_sample.csv
[09/22/2018 04:42:13 AM] Output dir: /home/alex/Documents/streamminer/output
[09/22/2018 04:42:13 AM] Read data: (39, 7) sub_sample.csv
[09/22/2018 04:42:13 AM] Note: Found non-NA records: (39, 7)
[09/22/2018 04:42:13 AM] Relation is: (392035.0, 599.0, 2115741.0)
[09/22/2018 04:42:17 AM] => Path extraction..(this can take a while)
[09/22/2018 04:47:37 AM] Launching sm..
[09/22/2018 04:47:37 AM] Dataset: sub_sample.csv
[09/22/2018 04:47:37 AM] Output dir: /home/alex/Documents/streamminer/output
[09/22/2018 04:47:37 AM] Read data: (39, 7) sub_sample.csv
[09/22/2018 04:47:37 AM] Note: Found non-NA records: (39, 7)
[09/22/2018 04:47:38 AM] Relation is: (392035.0, 599.0, 2115741.0)
[09/22/2018 04:47:42 AM] => Path extraction..(this can take a while)
[09/22/2018 04:50:28 AM] [392035] -189 (0.07)-> [2115741]
[09/22/2018 04:50:28 AM] [392035] -660 (0.03)-> [78] -660 (0.04)-> [4475218] -236 (0.06)-> [2115741]
[09/22/2018 04:50:28 AM] [392035] -660 (0.03)-> [78] -660 (0.04)-> [4475218] -236 (0.09)-> [2115741]
[09/22/2018 04:50:28 AM] [392035] -660 (0.03)-> [78] -660 (0.06)-> [532169] -236 (0.14)-> [2115741]
[09/22/2018 04:50:28 AM] [392035] -660 (0.03)-> [78] -660 (0.06)-> [532169] -236 (0.09)-> [2115741]
[09/22/2018 05:28:54 AM] Launching sm..
[09/22/2018 05:28:54 AM] Dataset: sub_sample.csv
[09/22/2018 05:28:54 AM] Output dir: /home/alex/Documents/streamminer/output
[09/22/2018 05:28:54 AM] Read data: (39, 7) sub_sample.csv
[09/22/2018 05:28:54 AM] Note: Found non-NA records: (39, 7)
[09/22/2018 05:28:54 AM] Relation is: (392035.0, 599.0, 2115741.0)
[09/22/2018 05:28:58 AM] => Path extraction..(this can take a while)
[09/22/2018 05:31:41 AM] [392035] -189 (0.07)-> [2115741]
[09/22/2018 05:31:41 AM] [392035] -660 (0.03)-> [78] -660 (0.04)-> [4475218] -236 (0.06)-> [2115741]
[09/22/2018 05:31:41 AM] [392035] -660 (0.03)-> [78] -660 (0.04)-> [4475218] -236 (0.09)-> [2115741]
[09/22/2018 05:31:41 AM] [392035] -660 (0.03)-> [78] -660 (0.06)-> [532169] -236 (0.14)-> [2115741]
[09/22/2018 05:31:41 AM] [392035] -660 (0.03)-> [78] -660 (0.06)-> [532169] -236 (0.09)-> [2115741]
[09/22/2018 05:34:58 AM] [482030] -189 (0.07)-> [2364618]
[09/22/2018 05:34:58 AM] [482030] -462 (0.04)-> [4160079] -462 (0.07)-> [4107784] -189 (0.08)-> [2364618]
[09/22/2018 05:34:58 AM] [482030] -462 (0.04)-> [4160079] -462 (0.07)-> [4107784] -189 (0.07)-> [2364618]
[09/22/2018 05:34:58 AM] [482030] -462 (0.04)-> [4160079] -462 (0.07)-> [4107784] -123 (0.03)-> [3229261] -123 (0.06)-> [3641685] -189 (0.1)-> [2364618]
[09/22/2018 05:34:58 AM] [482030] -462 (0.04)-> [4160079] -462 (0.07)-> [4107784] -123 (0.03)-> [3229261] -123 (0.06)-> [3641685] -189 (0.07)-> [2364618]
[09/22/2018 05:36:57 AM] [494082] -189 (0.07)-> [4119746]
[09/22/2018 05:36:57 AM] [494082] -462 (0.04)-> [4182344] -462 (0.07)-> [1596079] -189 (0.08)-> [4119746]
[09/22/2018 05:36:57 AM] [494082] -462 (0.04)-> [4182344] -462 (0.07)-> [1596079] -189 (0.07)-> [4119746]
[09/22/2018 05:36:57 AM] [494082] -462 (0.04)-> [1095182] -462 (0.07)-> [4421062] -189 (0.08)-> [4119746]
[09/22/2018 05:36:57 AM] [494082] -462 (0.04)-> [1095182] -462 (0.07)-> [4421062] -189 (0.07)-> [4119746]
[09/22/2018 05:40:00 AM] [846737] -65 (0.04)-> [1321700] -65 (0.09)-> [846745] -189 (0.15)-> [3782014]
[09/22/2018 05:40:00 AM] [846737] -480 (0.03)-> [769522] -480 (0.04)-> [5528006] -189 (0.05)-> [3782014]
[09/22/2018 05:40:00 AM] [846737] -480 (0.03)-> [769522] -480 (0.04)-> [5528006] -189 (0.07)-> [3782014]
[09/22/2018 05:40:00 AM] [846737] -480 (0.03)-> [769522] -480 (0.05)-> [2633746] -189 (0.15)-> [3782014]
[09/22/2018 05:40:00 AM] [846737] -480 (0.03)-> [769522] -480 (0.05)-> [2633746] -189 (0.07)-> [3782014]
[09/22/2018 05:44:13 AM] [851870] -123 (0.04)-> [4568464] -123 (0.07)-> [2016524] -189 (0.11)-> [917821]
[09/22/2018 05:44:13 AM] [851870] -189 (0.03)-> [685564] -660 (0.04)-> [79] -660 (0.07)-> [917821]
[09/22/2018 05:44:13 AM] [851870] -189 (0.03)-> [685564] -660 (0.04)-> [79] -660 (0.07)-> [917821]
[09/22/2018 05:44:13 AM] [851870] -189 (0.03)-> [685564] -660 (0.04)-> [79] -660 (0.08)-> [917821]
[09/22/2018 05:44:13 AM] [851870] -189 (0.03)-> [685564] -660 (0.04)-> [79] -660 (0.08)-> [917821]
[09/22/2018 05:48:59 AM] [890343] -189 (0.07)-> [685564]
[09/22/2018 05:48:59 AM] [890343] -123 (0.04)-> [3038271] -123 (0.07)-> [4479600] -189 (0.1)-> [685564]
[09/22/2018 05:48:59 AM] [890343] -123 (0.04)-> [3038271] -123 (0.07)-> [4479600] -189 (0.07)-> [685564]
[09/22/2018 05:48:59 AM] [890343] -65 (0.02)-> [772673] -339 (0.03)-> [3038250] -601 (0.04)-> [3038271] -123 (0.06)-> [4479600] -189 (0.07)-> [685564]
[09/22/2018 05:48:59 AM] [890343] -65 (0.02)-> [772673] -339 (0.03)-> [3038250] -660 (0.03)-> [662] -660 (0.05)-> [2229114] -601 (0.06)-> [685564]
[09/22/2018 05:52:32 AM] [1029025] -189 (0.07)-> [2364618]
[09/22/2018 05:52:32 AM] [1029025] -123 (0.03)-> [3789441] -123 (0.04)-> [2678431] -462 (0.04)-> [4755814] -462 (0.08)-> [2249904] -189 (0.13)-> [2364618]
[09/22/2018 05:52:32 AM] [1029025] -394 (0.02)-> [5287545] -394 (0.03)-> [5168489] -54 (0.04)-> [2364618]
[09/22/2018 05:52:32 AM] [1029025] -394 (0.02)-> [5287545] -394 (0.03)-> [5168489] -54 (0.07)-> [2364618]
[09/22/2018 05:52:32 AM] [1029025] -394 (0.02)-> [5287545] -394 (0.05)-> [5168489] -54 (0.15)-> [2364618]
[09/22/2018 05:54:04 AM] [1397869] -189 (0.07)-> [5305646]
[09/22/2018 05:54:04 AM] [1397869] -65 (0.03)-> [3229234] -65 (0.05)-> [4619312] -189 (0.06)-> [5305646]
[09/22/2018 05:54:04 AM] [1397869] -65 (0.03)-> [3229234] -65 (0.05)-> [4619312] -189 (0.07)-> [5305646]
[09/22/2018 05:54:04 AM] [1397869] -65 (0.03)-> [3229234] -65 (0.06)-> [1397869] -189 (0.18)-> [5305646]
[09/22/2018 05:54:04 AM] [1397869] -65 (0.03)-> [3229234] -65 (0.05)-> [4619312] -462 (0.04)-> [2269316] -462 (0.07)-> [855541] -189 (0.1)-> [5305646]
[09/22/2018 05:58:35 AM] [1431155] -123 (0.03)-> [3748948] -123 (0.04)-> [4743373] -329 (0.05)-> [3148940] -329 (0.09)-> [5651172] -189 (0.18)-> [4567127]
[09/22/2018 05:58:35 AM] [1431155] -65 (0.02)-> [2944974] -661 (0.03)-> [3187717] -661 (0.04)-> [3640344] -65 (0.06)-> [5492355] -189 (0.09)-> [4567127]
[09/22/2018 05:58:35 AM] [1431155] -65 (0.02)-> [2944974] -661 (0.03)-> [3187717] -661 (0.03)-> [3436140] -65 (0.05)-> [847598] -189 (0.06)-> [4567127]
[09/22/2018 05:58:35 AM] [1431155] -65 (0.02)-> [2944974] -661 (0.03)-> [3187717] -661 (0.03)-> [3436140] -65 (0.05)-> [847598] -189 (0.07)-> [4567127]
[09/22/2018 05:58:35 AM] [1431155] -65 (0.02)-> [2944974] -661 (0.03)-> [3187717] -661 (0.04)-> [3640344] -65 (0.06)-> [5492355] -189 (0.07)-> [4567127]
[09/22/2018 06:02:18 AM] [1522148] -329 (0.04)-> [3740468] -329 (0.06)-> [4368651] -121 (0.08)-> [1357357]
[09/22/2018 06:02:18 AM] [1522148] -189 (0.03)-> [3584723] -121 (0.05)-> [2594378] -189 (0.07)-> [1357357]
[09/22/2018 06:02:18 AM] [1522148] -189 (0.03)-> [3584723] -660 (0.04)-> [79] -660 (0.07)-> [1357357]
[09/22/2018 06:02:18 AM] [1522148] -189 (0.03)-> [3584723] -121 (0.05)-> [2594378] -189 (0.07)-> [1357357]
[09/22/2018 06:02:18 AM] [1522148] -189 (0.03)-> [3584723] -660 (0.04)-> [79] -660 (0.08)-> [1357357]
[09/22/2018 06:02:38 AM] 

[09/22/2018 06:02:38 AM] P: +:17, -:0, unique tot:17
[09/22/2018 06:02:38 AM] Time taken: 2019.74s


[09/22/2018 06:02:38 AM] => Path selection..
[09/22/2018 06:02:38 AM] D: +:17, -:0, tot:17
[09/22/2018 06:02:38 AM] Time taken: 0.04s


[09/22/2018 06:02:38 AM] => Model building..
[09/22/2018 06:02:38 AM] #Features: 17, best-AUROC: 0.94872
[09/22/2018 06:02:38 AM] Time taken: 0.21s

[09/22/2018 06:02:38 AM] Time taken: 2024.18s

[09/22/2018 06:02:38 AM] Saved: /home/alex/Documents/streamminer/output/out_streamminer_sub_sample_2018-09-22.pkl
[09/22/2018 06:02:38 AM] 
Done!

