[09/17/2018 17:55:01 PM] Launching relklinker..
[09/17/2018 17:55:01 PM] Dataset: derived_filtered_profession_train_25facts.csv
[09/17/2018 17:55:01 PM] Output dir: /home/galois/Documents/streamminer/output
[09/17/2018 17:55:01 PM] Read data: (440, 8) derived_filtered_profession_train_25facts.csv
[09/17/2018 17:55:01 PM] Note: Found non-NA records: (440, 8)
[09/17/2018 17:55:07 PM] 
Done!

[09/17/2018 18:15:06 PM] Launching relklinker..
[09/17/2018 18:15:06 PM] Dataset: derived_filtered_profession_train_25facts.csv
[09/17/2018 18:15:06 PM] Output dir: /home/galois/Documents/streamminer/output
[09/17/2018 18:15:06 PM] Read data: (440, 8) derived_filtered_profession_train_25facts.csv
[09/17/2018 18:15:06 PM] Note: Found non-NA records: (440, 8)
[09/17/2018 18:15:11 PM] 
Done!

[09/17/2018 21:39:21 PM] Launching relklinker..
[09/17/2018 21:39:21 PM] Dataset: derived_filtered_profession_train_25facts.csv
[09/17/2018 21:39:21 PM] Output dir: /home/galois/Documents/streamminer/output
[09/17/2018 21:39:21 PM] Read data: (440, 8) derived_filtered_profession_train_25facts.csv
[09/17/2018 21:39:21 PM] Note: Found non-NA records: (440, 8)
[09/17/2018 21:41:25 PM] Launching relklinker..
[09/17/2018 21:41:25 PM] Dataset: derived_filtered_profession_train_25facts.csv
[09/17/2018 21:41:25 PM] Output dir: /home/galois/Documents/streamminer/output
[09/17/2018 21:41:25 PM] Read data: (440, 8) derived_filtered_profession_train_25facts.csv
[09/17/2018 21:41:25 PM] Note: Found non-NA records: (440, 8)
[09/17/2018 21:50:59 PM] Launching relklinker..
[09/17/2018 21:50:59 PM] Dataset: derived_filtered_profession_train_25facts.csv
[09/17/2018 21:50:59 PM] Output dir: /home/galois/Documents/streamminer/output
[09/17/2018 21:50:59 PM] Read data: (440, 8) derived_filtered_profession_train_25facts.csv
[09/17/2018 21:50:59 PM] Note: Found non-NA records: (440, 8)
[09/17/2018 21:51:01 PM] 
Done!

[09/17/2018 22:24:14 PM] Launching relklinker..
[09/17/2018 22:24:14 PM] Dataset: derived_filtered_profession_train_25facts.csv
[09/17/2018 22:24:14 PM] Output dir: /home/galois/Documents/streamminer/output
[09/17/2018 22:24:14 PM] Read data: (440, 8) derived_filtered_profession_train_25facts.csv
[09/17/2018 22:24:14 PM] Note: Found non-NA records: (440, 8)
[09/17/2018 22:24:15 PM] 
Done!

