[09/19/2018 08:05:37 AM] Launching sm..
[09/19/2018 08:05:37 AM] Dataset: place_of_birth.csv
[09/19/2018 08:05:37 AM] Output dir: /home/galois/Documents/streamminer/output
[09/19/2018 08:05:37 AM] Read data: (1092, 7) place_of_birth.csv
[09/19/2018 08:05:37 AM] Note: Found non-NA records: (1092, 7)
[09/19/2018 08:05:41 AM] PID is: 65, with type: int64
[09/19/2018 08:05:47 AM] => Path extraction..(this can take a while)
[09/19/2018 08:08:36 AM] [2254956] -167 (0.06)-> [3208131] -500 (0.09)-> [1966499]
[09/19/2018 08:08:36 AM] [2254956] -167 (0.04)-> [3059686] -167 (0.05)-> [3629908] -167 (0.06)-> [2148170] -167 (0.11)-> [4914963] -167 (0.15)-> [1966499]
[09/19/2018 08:08:36 AM] [2254956] -167 (0.04)-> [3059686] -167 (0.05)-> [3629908] -167 (0.06)-> [2148170] -167 (0.11)-> [4914963] -660 (0.04)-> [755] -660 (0.06)-> [2692972] -167 (0.06)-> [1966499]
[09/19/2018 08:08:36 AM] [2254956] -167 (0.04)-> [3059686] -167 (0.05)-> [3629908] -167 (0.06)-> [2148170] -167 (0.11)-> [4914963] -250 (0.03)-> [1159988] -250 (0.04)-> [3428139] -167 (0.05)-> [2931251] -661 (0.06)-> [1966499]
[09/19/2018 08:08:36 AM] [2254956] -167 (0.04)-> [3059686] -167 (0.05)-> [3629908] -140 (0.04)-> [2146553] -167 (0.05)-> [1744125] -167 (0.06)-> [3208268] -167 (0.06)-> [4059343] -578 (0.1)-> [2562246] -167 (0.12)-> [1966499]
[09/19/2018 08:10:18 AM] [2032128] -140 (0.06)-> [1036538] -140 (0.07)-> [1055674]
[09/19/2018 08:10:18 AM] [2032128] -592 (0.06)-> [2554870] -167 (0.08)-> [3776606] -661 (0.17)-> [1055674]
[09/19/2018 08:10:18 AM] [2032128] -592 (0.06)-> [2554870] -660 (0.04)-> [480] -660 (0.05)-> [2045194] -167 (0.05)-> [1098852] -301 (0.06)-> [1055674]
[09/19/2018 08:10:18 AM] [2032128] -592 (0.06)-> [2554870] -167 (0.08)-> [3776606] -301 (0.12)-> [5357622] -301 (0.24)-> [1055674]
[09/19/2018 08:10:18 AM] [2032128] -592 (0.06)-> [2554870] -167 (0.08)-> [3776606] -301 (0.11)-> [1098852] -301 (0.24)-> [1055674]
[09/19/2018 08:11:57 AM] [1913392] -283 (0.12)-> [2225051]
[09/19/2018 08:11:57 AM] [1913392] -394 (0.05)-> [1705443] -167 (0.06)-> [2029609] -167 (0.07)-> [2225051]
[09/19/2018 08:11:57 AM] [1913392] -394 (0.05)-> [1705443] -167 (0.06)-> [2029609] -660 (0.03)-> [594] -660 (0.04)-> [3819986] -167 (0.05)-> [3973659] -511 (0.06)-> [5510040] -511 (0.07)-> [2225051]
[09/19/2018 08:11:57 AM] [1913392] -283 (0.04)-> [3847545] -511 (0.05)-> [4101247] -194 (0.07)-> [4822326] -194 (0.11)-> [2279952] -511 (0.14)-> [2225051]
[09/19/2018 08:11:57 AM] [1913392] -283 (0.04)-> [3847545] -140 (0.05)-> [5286709] -140 (0.07)-> [2225051]
[09/19/2018 08:14:02 AM] [5142051] -660 (0.04)-> [502] -660 (0.05)-> [3227671] -167 (0.05)-> [2225051]
[09/19/2018 08:14:02 AM] [5142051] -230 (0.03)-> [1584844] -283 (0.04)-> [3208131] -167 (0.05)-> [2640581] -167 (0.1)-> [2225051]
[09/19/2018 08:14:02 AM] [5142051] -230 (0.03)-> [1584844] -660 (0.04)-> [70] -660 (0.05)-> [5014835] -283 (0.06)-> [2225051]
[09/19/2018 08:14:02 AM] [5142051] -230 (0.03)-> [1584844] -660 (0.04)-> [70] -660 (0.05)-> [5014835] -283 (0.05)-> [5286709] -140 (0.07)-> [2225051]
[09/19/2018 08:14:02 AM] [5142051] -230 (0.03)-> [1584844] -660 (0.04)-> [70] -660 (0.05)-> [5014835] -45 (0.04)-> [4242990] -283 (0.05)-> [5286709] -140 (0.13)-> [2225051]
[09/19/2018 08:15:32 AM] [4667008] -480 (0.04)-> [4152322] -410 (0.05)-> [2294826] -167 (0.06)-> [2225051]
[09/19/2018 08:15:32 AM] [4667008] -480 (0.03)-> [3856959] -480 (0.04)-> [1363879] -167 (0.05)-> [2225051]
[09/19/2018 08:15:32 AM] [4667008] -480 (0.04)-> [4152322] -410 (0.05)-> [2294826] -394 (0.05)-> [5286709] -140 (0.07)-> [2225051]
[09/19/2018 08:15:32 AM] [4667008] -480 (0.04)-> [4152322] -480 (0.08)-> [2667591] -167 (0.16)-> [2225051]
[09/19/2018 08:15:32 AM] [4667008] -480 (0.04)-> [4152322] -480 (0.08)-> [2667591] -394 (0.05)-> [5286709] -140 (0.07)-> [2225051]
[09/19/2018 08:17:10 AM] [1174684] -283 (0.14)-> [4576076]
[09/19/2018 08:17:10 AM] [1174684] -410 (0.03)-> [4735240] -410 (0.04)-> [4968662] -283 (0.06)-> [3886197] -659 (0.08)-> [4576076]
[09/19/2018 08:17:10 AM] [1174684] -660 (0.03)-> [454] -660 (0.03)-> [2125237] -167 (0.05)-> [3886197] -659 (0.06)-> [4576076]
[09/19/2018 08:17:10 AM] [1174684] -410 (0.03)-> [4735240] -410 (0.04)-> [4968662] -283 (0.04)-> [5287545] -140 (0.06)-> [1726939] -339 (0.06)-> [4576076]
[09/19/2018 08:17:10 AM] [1174684] -660 (0.03)-> [454] -660 (0.03)-> [2125237] -167 (0.05)-> [1209517] -525 (0.08)-> [3886683] -522 (0.11)-> [4576076]
[09/19/2018 08:17:59 AM] [5553623] -57 (0.06)-> [4633127] -57 (0.11)-> [1200498] -167 (0.18)-> [4677461]
[09/19/2018 08:17:59 AM] [5553623] -57 (0.05)-> [3849773] -57 (0.08)-> [1200498] -167 (0.12)-> [4677461]
[09/19/2018 08:17:59 AM] [5553623] -57 (0.05)-> [3849773] -57 (0.07)-> [5633869] -167 (0.16)-> [4677461]
[09/19/2018 08:17:59 AM] [5553623] -57 (0.05)-> [3849773] -57 (0.08)-> [1200498] -660 (0.04)-> [411] -660 (0.06)-> [5635606] -167 (0.06)-> [4677461]
[09/19/2018 08:17:59 AM] [5553623] -57 (0.06)-> [4633127] -57 (0.11)-> [1200498] -57 (0.05)-> [3849773] -57 (0.07)-> [5633869] -167 (0.12)-> [4677461]
[09/19/2018 08:19:29 AM] [4446998] -278 (0.08)-> [1119282] -116 (0.12)-> [1119275]
[09/19/2018 08:19:29 AM] [4446998] -278 (0.08)-> [1119282] -582 (0.05)-> [4064325] -301 (0.07)-> [1119275]
[09/19/2018 08:19:29 AM] [4446998] -660 (0.03)-> [308] -660 (0.04)-> [4355719] -167 (0.06)-> [4064325] -301 (0.07)-> [1119275]
[09/19/2018 08:19:29 AM] [4446998] -278 (0.08)-> [1119282] -660 (0.04)-> [599] -660 (0.06)-> [1119288] -116 (0.06)-> [1119275]
[09/19/2018 08:19:29 AM] [4446998] -278 (0.08)-> [1119282] -660 (0.04)-> [599] -660 (0.06)-> [1119288] -615 (0.04)-> [4838614] -615 (0.04)-> [3633066] -116 (0.05)-> [3633064] -339 (0.06)-> [1119284] -339 (0.07)-> [1119275]
[09/19/2018 08:21:37 AM] [2943515] -394 (0.05)-> [5286709] -140 (0.07)-> [1172212]
[09/19/2018 08:21:37 AM] [2943515] -652 (0.03)-> [1539519] -652 (0.04)-> [2918961] -394 (0.08)-> [5286709] -140 (0.15)-> [1172212]
[09/19/2018 08:21:37 AM] [2943515] -652 (0.03)-> [1539519] -652 (0.04)-> [2918961] -480 (0.03)-> [4735421] -480 (0.04)-> [4368969] -283 (0.05)-> [1172212]
[09/19/2018 08:21:37 AM] [2943515] -652 (0.03)-> [1539519] -652 (0.04)-> [2640410] -394 (0.05)-> [5286709] -140 (0.15)-> [1172212]
[09/19/2018 08:21:37 AM] [2943515] -652 (0.03)-> [1539519] -652 (0.04)-> [2640410] -410 (0.03)-> [3613782] -410 (0.04)-> [3678226] -511 (0.06)-> [3061794] -140 (0.09)-> [1172212]
[09/19/2018 08:24:02 AM] [1231684] -660 (0.03)-> [275] -660 (0.04)-> [850277] -167 (0.06)-> [5531773] -301 (0.08)-> [2450592] -301 (0.09)-> [3821542]
[09/19/2018 08:24:02 AM] [1231684] -321 (0.02)-> [29430] -224 (0.02)-> [2027003] -660 (0.02)-> [275] -660 (0.02)-> [850277] -167 (0.03)-> [5531773] -301 (0.03)-> [2450592] -301 (0.06)-> [3821542]
[09/19/2018 08:24:02 AM] [1231684] -321 (0.02)-> [29430] -321 (0.01)-> [2914785] -224 (0.01)-> [28591] -224 (0.02)-> [1682038] -578 (0.02)-> [3368865] -27 (0.02)-> [4539080] -582 (0.03)-> [2450592] -301 (0.07)-> [3821542]
[09/19/2018 08:24:02 AM] [1231684] -660 (0.03)-> [275] -660 (0.04)-> [850277] -224 (0.02)-> [26866] -321 (0.02)-> [1089526] -167 (0.02)-> [5531773] -301 (0.03)-> [2450592] -301 (0.05)-> [3821542]
[09/19/2018 08:24:02 AM] [1231684] -321 (0.02)-> [29430] -224 (0.02)-> [2027003] -321 (0.02)-> [29897] -321 (0.02)-> [2659824] -659 (0.02)-> [2655464] -167 (0.02)-> [4580795] -167 (0.03)-> [3786093] -512 (0.03)-> [2450592] -301 (0.05)-> [3821542]
[09/19/2018 08:25:28 AM] [402279] -394 (0.05)-> [5286709] -140 (0.07)-> [3445457]
[09/19/2018 08:25:28 AM] [402279] -230 (0.04)-> [882325] -283 (0.04)-> [5286709] -140 (0.1)-> [3445457]
[09/19/2018 08:25:28 AM] [402279] -230 (0.04)-> [882325] -45 (0.04)-> [4427492] -394 (0.04)-> [5286709] -140 (0.11)-> [3445457]
[09/19/2018 08:25:28 AM] [402279] -230 (0.04)-> [882325] -45 (0.04)-> [4427492] -480 (0.04)-> [4311663] -410 (0.04)-> [4346543] -283 (0.05)-> [3445457]
[09/19/2018 08:25:28 AM] [402279] -230 (0.04)-> [882325] -45 (0.04)-> [4427492] -480 (0.04)-> [4311663] -410 (0.04)-> [4346543] -283 (0.05)-> [5286709] -140 (0.07)-> [3445457]
[09/19/2018 08:27:06 AM] [4563540] -592 (0.04)-> [2482556] -167 (0.04)-> [4877845] -660 (0.13)-> [707] -660 (0.2)-> [4880142]
[09/19/2018 08:27:06 AM] [4563540] -394 (0.03)-> [1036538] -140 (0.04)-> [5362552] -140 (0.06)-> [4334436] -140 (0.07)-> [4880142]
[09/19/2018 08:27:06 AM] [4563540] -592 (0.04)-> [2482556] -167 (0.04)-> [4877845] -140 (0.04)-> [1036538] -140 (0.04)-> [5362552] -140 (0.06)-> [4334436] -140 (0.07)-> [4880142]
[09/19/2018 08:27:06 AM] [4563540] -394 (0.03)-> [1036538] -140 (0.04)-> [5362552] -140 (0.06)-> [4334436] -140 (0.1)-> [1298601] -301 (0.15)-> [4880142]
[09/19/2018 08:27:06 AM] [4563540] -394 (0.03)-> [1036538] -140 (0.04)-> [5362552] -140 (0.06)-> [4334436] -140 (0.08)-> [3108699] -301 (0.12)-> [4880142]
[09/19/2018 08:28:25 AM] [4112492] -551 (0.04)-> [2223369] -660 (0.05)-> [113] -660 (0.05)-> [2018124] -339 (0.28)-> [4493458]
[09/19/2018 08:28:25 AM] [4112492] -551 (0.04)-> [2388856] -660 (0.05)-> [113] -660 (0.05)-> [2018124] -339 (0.25)-> [4493458]
[09/19/2018 08:28:25 AM] [4112492] -551 (0.04)-> [2388856] -395 (0.04)-> [4808476] -660 (0.05)-> [707] -660 (0.2)-> [4493458]
[09/19/2018 08:28:25 AM] [4112492] -551 (0.04)-> [2388856] -395 (0.04)-> [4808476] -608 (0.05)-> [1615051] -608 (0.06)-> [4493458]
[09/19/2018 08:28:25 AM] [4112492] -551 (0.04)-> [2388856] -395 (0.04)-> [4808476] -608 (0.05)-> [1615051] -608 (0.08)-> [4051036] -512 (0.12)-> [2769305] -511 (0.17)-> [4493458]
[09/19/2018 08:31:33 AM] [2717241] -167 (0.03)-> [3909427] -339 (0.04)-> [392516] -660 (0.04)-> [724] -660 (0.05)-> [4806760] -339 (0.1)-> [1742235] -301 (0.12)-> [3765649]
[09/19/2018 08:31:33 AM] [2717241] -34 (0.03)-> [3497530] -660 (0.04)-> [662] -660 (0.05)-> [4343235] -339 (0.05)-> [3147208] -140 (0.16)-> [3765649]
[09/19/2018 08:31:33 AM] [2717241] -167 (0.03)-> [3909427] -339 (0.04)-> [392516] -660 (0.04)-> [724] -660 (0.05)-> [4806760] -339 (0.1)-> [3147208] -140 (0.13)-> [3765649]
[09/19/2018 08:31:33 AM] [2717241] -34 (0.03)-> [3497530] -339 (0.03)-> [3155616] -339 (0.03)-> [1925146] -660 (0.04)-> [448] -660 (0.05)-> [3020278] -339 (0.11)-> [3147208] -140 (0.12)-> [3765649]
[09/19/2018 08:31:33 AM] [2717241] -167 (0.03)-> [3909427] -659 (0.04)-> [3909533] -660 (0.05)-> [730] -660 (0.29)-> [3765649]
[09/19/2018 08:33:40 AM] [2726361] -394 (0.05)-> [5286709] -140 (0.07)-> [1165849]
[09/19/2018 08:33:40 AM] [2726361] -167 (0.04)-> [2944743] -167 (0.06)-> [1124298] -167 (0.07)-> [4914159] -167 (0.15)-> [3318048] -512 (0.2)-> [1165849]
[09/19/2018 08:33:40 AM] [2726361] -167 (0.04)-> [2944743] -140 (0.05)-> [5286709] -140 (0.07)-> [1165849]
[09/19/2018 08:33:40 AM] [2726361] -167 (0.04)-> [2944743] -167 (0.06)-> [1124298] -167 (0.07)-> [4914159] -167 (0.15)-> [3318048] -512 (0.07)-> [2931416] -500 (0.1)-> [1165849]
[09/19/2018 08:33:40 AM] [2726361] -167 (0.04)-> [2944743] -167 (0.06)-> [1124298] -167 (0.07)-> [4914159] -167 (0.15)-> [3318048] -394 (0.05)-> [5286709] -140 (0.07)-> [1165849]
[09/19/2018 08:34:50 AM] [3523081] -592 (0.06)-> [664052] -592 (0.1)-> [1604828] -167 (0.19)-> [3269640]
[09/19/2018 08:34:50 AM] [3523081] -167 (0.06)-> [3436140] -661 (0.1)-> [3269640]
[09/19/2018 08:34:50 AM] [3523081] -592 (0.06)-> [664052] -592 (0.06)-> [2029375] -592 (0.09)-> [2030751] -167 (0.15)-> [3269640]
[09/19/2018 08:34:50 AM] [3523081] -592 (0.06)-> [664052] -592 (0.06)-> [2029375] -167 (0.06)-> [3436140] -661 (0.1)-> [3269640]
[09/19/2018 08:34:50 AM] [3523081] -592 (0.06)-> [664052] -592 (0.1)-> [1604828] -592 (0.09)-> [1672137] -167 (0.2)-> [3269640]
[09/19/2018 08:36:03 AM] [2574462] -309 (0.05)-> [724989] -339 (0.06)-> [3771978] -140 (0.16)-> [4374283]
[09/19/2018 08:36:03 AM] [2574462] -309 (0.05)-> [724989] -339 (0.05)-> [759203] -140 (0.06)-> [3771978] -140 (0.2)-> [4374283]
[09/19/2018 08:36:03 AM] [2574462] -309 (0.05)-> [724989] -339 (0.06)-> [3771978] -140 (0.14)-> [4374284] -301 (0.25)-> [4374283]
[09/19/2018 08:36:03 AM] [2574462] -309 (0.05)-> [724989] -339 (0.06)-> [3771978] -498 (0.13)-> [3195949] -498 (0.22)-> [4374283]
[09/19/2018 08:36:03 AM] [2574462] -309 (0.05)-> [724989] -339 (0.06)-> [3771978] -498 (0.13)-> [3195949] -39 (0.03)-> [4834476] -45 (0.03)-> [2213523] -45 (0.04)-> [2141361] -283 (0.06)-> [3955682] -301 (0.09)-> [4374283]
[09/19/2018 08:36:35 AM] [1554493] -167 (0.2)-> [5446645]
[09/19/2018 08:36:35 AM] [1554493] -465 (0.06)-> [2248625] -592 (0.09)-> [1151486] -167 (0.16)-> [5446645]
[09/19/2018 08:36:35 AM] [1554493] -465 (0.06)-> [2248625] -167 (0.05)-> [5531777] -661 (0.07)-> [3172808] -661 (0.16)-> [5446645]
[09/19/2018 08:36:35 AM] [1554493] -465 (0.06)-> [2248625] -167 (0.05)-> [5531777] -615 (0.06)-> [3777652] -615 (0.09)-> [5446645]
[09/19/2018 08:36:35 AM] [1554493] -500 (0.05)-> [3436161] -500 (0.06)-> [2116245] -167 (0.14)-> [3436140] -301 (0.18)-> [5446645]
[09/19/2018 08:38:11 AM] [5440137] -592 (0.04)-> [5499018] -660 (0.05)-> [404] -660 (0.05)-> [2052999] -167 (0.16)-> [4175332]
[09/19/2018 08:38:11 AM] [5440137] -540 (0.04)-> [4595633] -140 (0.05)-> [4595374] -525 (0.06)-> [3332184] -522 (0.13)-> [4175332]
[09/19/2018 08:38:11 AM] [5440137] -540 (0.04)-> [4595633] -660 (0.03)-> [238] -660 (0.04)-> [3332350] -140 (0.06)-> [3332136] -301 (0.07)-> [4175332]
[09/19/2018 08:38:11 AM] [5440137] -592 (0.04)-> [5499018] -660 (0.05)-> [404] -660 (0.05)-> [2052999] -441 (0.03)-> [3144398] -327 (0.03)-> [2931072] -522 (0.04)-> [3332175] -116 (0.05)-> [4175332]
[09/19/2018 08:38:11 AM] [5440137] -592 (0.04)-> [5499018] -660 (0.05)-> [404] -660 (0.05)-> [2052999] -441 (0.03)-> [3144398] -327 (0.03)-> [2931072] -660 (0.05)-> [152] -660 (0.07)-> [4175332]
[09/19/2018 08:40:55 AM] [2751051] -660 (0.03)-> [6060984] -660 (0.04)-> [2321008] -661 (0.04)-> [1968914] -410 (0.05)-> [2897496] -167 (0.06)-> [4904342]
[09/19/2018 08:40:55 AM] [2751051] -480 (0.03)-> [2469118] -410 (0.03)-> [2687526] -394 (0.04)-> [2060280] -204 (0.05)-> [2897496] -167 (0.06)-> [4904342]
[09/19/2018 08:40:55 AM] [2751051] -480 (0.03)-> [2469118] -410 (0.05)-> [2685993] -394 (0.07)-> [2060280] -204 (0.08)-> [2897496] -167 (0.24)-> [4904342]
[09/19/2018 08:40:55 AM] [2751051] -480 (0.03)-> [2469118] -410 (0.03)-> [2687526] -167 (0.04)-> [3308981] -167 (0.05)-> [3364977] -394 (0.06)-> [2060280] -204 (0.11)-> [2897496] -167 (0.15)-> [4904342]
[09/19/2018 08:40:55 AM] [2751051] -480 (0.03)-> [2469118] -410 (0.03)-> [2687526] -167 (0.04)-> [3308981] -167 (0.05)-> [3364977] -167 (0.03)-> [2060365] -339 (0.04)-> [4881414] -660 (0.04)-> [412] -660 (0.08)-> [1034035] -339 (0.08)-> [4904342]
[09/19/2018 08:43:11 AM] [1182260] -394 (0.05)-> [5286709] -140 (0.07)-> [1632729]
[09/19/2018 08:43:11 AM] [1182260] -311 (0.03)-> [3884080] -325 (0.04)-> [3797156] -394 (0.11)-> [5286709] -140 (0.27)-> [1632729]
[09/19/2018 08:43:11 AM] [1182260] -311 (0.03)-> [3884080] -660 (0.03)-> [299] -660 (0.04)-> [4959050] -339 (0.05)-> [3780885] -512 (0.06)-> [2095522] -194 (0.08)-> [1632729]
[09/19/2018 08:43:11 AM] [1182260] -311 (0.03)-> [3884080] -325 (0.04)-> [3797156] -592 (0.04)-> [562327] -394 (0.05)-> [5286709] -140 (0.16)-> [1632729]
[09/19/2018 08:43:11 AM] [1182260] -311 (0.03)-> [3884080] -660 (0.03)-> [299] -660 (0.04)-> [4959050] -339 (0.05)-> [3780885] -512 (0.06)-> [2095522] -394 (0.05)-> [5286709] -140 (0.07)-> [1632729]
[09/19/2018 08:45:40 AM] [1067644] -578 (0.03)-> [5357758] -111 (0.04)-> [2708429] -410 (0.06)-> [1780726] -410 (0.08)-> [5383670] -512 (0.1)-> [4240763] -301 (0.2)-> [3960206]
[09/19/2018 08:45:40 AM] [1067644] -394 (0.03)-> [2496513] -394 (0.04)-> [5383670] -512 (0.06)-> [4240763] -301 (0.07)-> [3960206]
[09/19/2018 08:45:40 AM] [1067644] -578 (0.03)-> [5357758] -111 (0.04)-> [2708429] -410 (0.06)-> [1780726] -410 (0.08)-> [5383670] -166 (0.04)-> [3697249] -166 (0.05)-> [4719171] -167 (0.06)-> [3960206]
[09/19/2018 08:45:40 AM] [1067644] -578 (0.03)-> [5357758] -111 (0.04)-> [2708429] -410 (0.04)-> [4257217] -410 (0.05)-> [5383670] -512 (0.1)-> [4240763] -301 (0.16)-> [3960206]
[09/19/2018 08:45:40 AM] [1067644] -578 (0.03)-> [5357758] -111 (0.04)-> [2708429] -410 (0.04)-> [4257217] -410 (0.05)-> [2770997] -167 (0.07)-> [3781413] -301 (0.21)-> [3960206]
[09/19/2018 08:47:57 AM] [3879836] -45 (0.03)-> [2258973] -167 (0.04)-> [4110444] -283 (0.05)-> [767113] -167 (0.06)-> [4787197] -301 (0.16)-> [3821536]
[09/19/2018 08:47:57 AM] [3879836] -45 (0.03)-> [2258973] -167 (0.04)-> [4064325] -167 (0.04)-> [4128158] -140 (0.07)-> [4787197] -301 (0.09)-> [3821536]
[09/19/2018 08:47:57 AM] [3879836] -45 (0.03)-> [2258973] -167 (0.04)-> [4110444] -283 (0.05)-> [767113] -250 (0.03)-> [1615894] -481 (0.03)-> [5417289] -116 (0.05)-> [4787197] -301 (0.07)-> [3821536]
[09/19/2018 08:47:57 AM] [3879836] -45 (0.03)-> [1081801] -283 (0.04)-> [4110444] -283 (0.05)-> [767113] -167 (0.06)-> [4787197] -301 (0.15)-> [3821536]
[09/19/2018 08:47:57 AM] [3879836] -45 (0.03)-> [1081801] -250 (0.03)-> [1968496] -250 (0.03)-> [5093019] -283 (0.05)-> [4787197] -301 (0.06)-> [3821536]
[09/19/2018 08:51:39 AM] [279980] -111 (0.03)-> [418462] -167 (0.04)-> [752572] -660 (0.09)-> [152] -660 (0.15)-> [989174]
[09/19/2018 08:51:39 AM] [279980] -186 (0.03)-> [4398010] -660 (0.04)-> [601] -660 (0.04)-> [1648812] -167 (0.11)-> [989174]
[09/19/2018 08:51:39 AM] [279980] -186 (0.03)-> [4398010] -660 (0.04)-> [601] -660 (0.04)-> [1648812] -27 (0.03)-> [3549921] -27 (0.04)-> [1698717] -660 (0.04)-> [606] -660 (0.07)-> [696949] -167 (0.1)-> [989174]
[09/19/2018 08:51:39 AM] [279980] -186 (0.03)-> [4398010] -660 (0.04)-> [601] -660 (0.04)-> [1648812] -214 (0.03)-> [2024592] -410 (0.03)-> [5111672] -508 (0.04)-> [1273921] -508 (0.06)-> [5519854] -167 (0.08)-> [989174]
[09/19/2018 08:51:39 AM] [279980] -186 (0.03)-> [4398010] -660 (0.04)-> [601] -660 (0.04)-> [1648812] -27 (0.03)-> [3549921] -27 (0.04)-> [1698717] -508 (0.05)-> [1273921] -508 (0.06)-> [5519854] -167 (0.09)-> [989174]
[09/19/2018 08:53:13 AM] [5439018] -660 (0.04)-> [204] -660 (0.04)-> [5614561] -167 (0.06)-> [797125] -140 (0.07)-> [3774750]
[09/19/2018 08:53:13 AM] [5439018] -660 (0.04)-> [204] -660 (0.07)-> [5355736] -167 (0.08)-> [797125] -140 (0.35)-> [3774750]
[09/19/2018 08:53:13 AM] [5439018] -660 (0.04)-> [204] -660 (0.07)-> [5355736] -167 (0.05)-> [5183498] -140 (0.07)-> [797125] -140 (0.21)-> [3774750]
[09/19/2018 08:53:13 AM] [5439018] -660 (0.04)-> [204] -660 (0.04)-> [5614561] -167 (0.06)-> [3750060] -140 (0.08)-> [797125] -140 (0.37)-> [3774750]
[09/19/2018 08:53:13 AM] [5439018] -660 (0.04)-> [204] -660 (0.04)-> [5614561] -167 (0.06)-> [3750060] -339 (0.06)-> [3911585] -339 (0.07)-> [797125] -140 (0.25)-> [3774750]
[09/19/2018 08:56:49 AM] [1421942] -446 (0.03)-> [1421943] -660 (0.03)-> [503] -660 (0.03)-> [2712644] -410 (0.04)-> [2712643] -167 (0.04)-> [4180745] -395 (0.05)-> [3784464] -339 (0.2)-> [4152858]
[09/19/2018 08:56:49 AM] [1421942] -446 (0.03)-> [1421943] -660 (0.03)-> [503] -660 (0.03)-> [2712644] -410 (0.04)-> [2712643] -167 (0.04)-> [4180745] -395 (0.05)-> [3784464] -339 (0.06)-> [3781413] -301 (0.08)-> [4152858]
[09/19/2018 08:56:49 AM] [1421942] -446 (0.03)-> [1421943] -660 (0.03)-> [503] -660 (0.03)-> [2712644] -410 (0.04)-> [2712643] -167 (0.04)-> [4180745] -395 (0.05)-> [3784464] -35 (0.04)-> [1593961] -35 (0.04)-> [816731] -339 (0.06)-> [2388881] -301 (0.08)-> [1594125] -301 (0.14)-> [4152858]
[09/19/2018 08:56:50 AM] [1421942] -446 (0.03)-> [1421943] -660 (0.03)-> [503] -660 (0.03)-> [2712644] -410 (0.04)-> [2712643] -167 (0.04)-> [4180745] -395 (0.05)-> [3784464] -35 (0.04)-> [1593961] -35 (0.04)-> [816731] -339 (0.06)-> [3781413] -301 (0.08)-> [4152858]
[09/19/2018 08:56:50 AM] [1421942] -446 (0.03)-> [1421943] -660 (0.03)-> [503] -660 (0.03)-> [2712644] -410 (0.04)-> [2712643] -167 (0.04)-> [4180745] -395 (0.05)-> [3784464] -35 (0.04)-> [1593961] -35 (0.05)-> [5555786] -339 (0.06)-> [3781413] -301 (0.17)-> [4152858]
[09/19/2018 08:57:55 AM] [2420461] -592 (0.05)-> [5466635] -511 (0.05)-> [954836] -167 (0.06)-> [4728088] -167 (0.17)-> [5357407]
[09/19/2018 08:57:55 AM] [2420461] -592 (0.05)-> [5466635] -511 (0.05)-> [954836] -167 (0.06)-> [4728088] -660 (0.05)-> [533] -660 (0.06)-> [513897] -500 (0.08)-> [5357407]
[09/19/2018 08:57:55 AM] [2420461] -592 (0.05)-> [5466635] -511 (0.05)-> [954836] -167 (0.06)-> [4728088] -592 (0.05)-> [1586019] -167 (0.06)-> [5357330] -167 (0.08)-> [513897] -500 (0.15)-> [5357407]
[09/19/2018 08:57:55 AM] [2420461] -592 (0.05)-> [5466635] -511 (0.05)-> [954836] -167 (0.08)-> [2027148] -592 (0.1)-> [513897] -500 (0.24)-> [5357407]
[09/19/2018 08:57:55 AM] [2420461] -592 (0.05)-> [5466635] -511 (0.05)-> [954836] -167 (0.08)-> [2027148] -592 (0.05)-> [543776] -592 (0.05)-> [2706230] -592 (0.08)-> [513897] -500 (0.16)-> [5357407]
[09/19/2018 09:00:13 AM] [2530321] -394 (0.05)-> [5286709] -140 (0.07)-> [1106367]
[09/19/2018 09:00:13 AM] [2530321] -605 (0.03)-> [36495] -339 (0.03)-> [1150717] -167 (0.03)-> [3408708] -167 (0.04)-> [1705532] -140 (0.05)-> [1106367]
[09/19/2018 09:00:13 AM] [2530321] -605 (0.03)-> [36495] -339 (0.03)-> [1150717] -167 (0.03)-> [3408708] -167 (0.05)-> [4980127] -140 (0.06)-> [5286709] -140 (0.28)-> [1106367]
[09/19/2018 09:00:13 AM] [2530321] -605 (0.03)-> [36495] -339 (0.04)-> [3951181] -167 (0.05)-> [4040779] -394 (0.16)-> [5286709] -140 (0.22)-> [1106367]
[09/19/2018 09:00:13 AM] [2530321] -605 (0.03)-> [36495] -339 (0.04)-> [3951181] -167 (0.05)-> [4040779] -660 (0.03)-> [556] -660 (0.04)-> [4866500] -394 (0.07)-> [5286709] -140 (0.08)-> [1106367]
[09/19/2018 09:02:29 AM] [392927] -394 (0.05)-> [5286709] -140 (0.07)-> [897468]
[09/19/2018 09:02:29 AM] [392927] -55 (0.05)-> [5069345] -283 (0.06)-> [1290526] -167 (0.06)-> [3561671] -167 (0.14)-> [897468]
[09/19/2018 09:02:29 AM] [392927] -55 (0.05)-> [5069345] -283 (0.06)-> [1290526] -167 (0.06)-> [3561671] -660 (0.04)-> [532] -660 (0.04)-> [3795187] -140 (0.11)-> [5286709] -140 (0.13)-> [897468]
[09/19/2018 09:02:29 AM] [392927] -394 (0.05)-> [5286709] -140 (0.13)-> [897474] -339 (0.31)-> [897468]
[09/19/2018 09:02:29 AM] [392927] -394 (0.05)-> [5286709] -140 (0.13)-> [897474] -660 (0.05)-> [338] -660 (0.07)-> [2360105] -339 (0.08)-> [897468]
[09/19/2018 09:03:58 AM] [1566312] -394 (0.06)-> [4615546] -140 (0.08)-> [1664746]
[09/19/2018 09:03:58 AM] [1566312] -45 (0.04)-> [4370990] -394 (0.05)-> [4615546] -140 (0.11)-> [1664746]
[09/19/2018 09:03:58 AM] [1566312] -45 (0.04)-> [4370990] -45 (0.04)-> [1444397] -283 (0.05)-> [4615546] -140 (0.1)-> [1664746]
[09/19/2018 09:03:58 AM] [1566312] -394 (0.06)-> [4615546] -661 (0.08)-> [4330516] -339 (0.1)-> [1664748] -339 (0.13)-> [1664746]
[09/19/2018 09:03:58 AM] [1566312] -394 (0.06)-> [4615546] -661 (0.08)-> [4330516] -139 (0.09)-> [1664746]
[09/19/2018 09:05:29 AM] [2127420] -592 (0.04)-> [2180380] -140 (0.05)-> [701166] -140 (0.12)-> [3672458]
[09/19/2018 09:05:29 AM] [2127420] -592 (0.04)-> [2180380] -167 (0.05)-> [3656056] -140 (0.06)-> [701166] -140 (0.19)-> [3672458]
[09/19/2018 09:05:29 AM] [2127420] -592 (0.04)-> [2180380] -140 (0.05)-> [701166] -140 (0.12)-> [1080600] -116 (0.24)-> [3672458]
[09/19/2018 09:05:29 AM] [2127420] -592 (0.04)-> [2180380] -167 (0.05)-> [3656056] -140 (0.06)-> [701166] -140 (0.12)-> [1080600] -116 (0.24)-> [3672458]
[09/19/2018 09:05:29 AM] [2127420] -592 (0.04)-> [2180380] -167 (0.05)-> [3656056] -167 (0.06)-> [3317850] -167 (0.07)-> [3780568] -167 (0.08)-> [2030523] -167 (0.3)-> [3672458]
[09/19/2018 09:09:55 AM] [2561825] -660 (0.04)-> [303] -660 (0.05)-> [1647672] -592 (0.06)-> [3683805] -167 (0.08)-> [713613]
[09/19/2018 09:09:55 AM] [2561825] -660 (0.04)-> [303] -660 (0.05)-> [1647672] -370 (0.03)-> [4470721] -370 (0.04)-> [4967750] -167 (0.06)-> [713613]
[09/19/2018 09:09:55 AM] [2561825] -660 (0.04)-> [303] -660 (0.05)-> [1647672] -370 (0.03)-> [4470721] -660 (0.04)-> [413] -660 (0.05)-> [3829434] -246 (0.06)-> [4249280] -339 (0.07)-> [713613]
[09/19/2018 09:09:55 AM] [2561825] -660 (0.04)-> [303] -660 (0.05)-> [1647672] -370 (0.03)-> [4470721] -660 (0.04)-> [413] -660 (0.05)-> [3829434] -370 (0.02)-> [4469444] -410 (0.02)-> [4278248] -167 (0.03)-> [5286929] -167 (0.03)-> [5521988] -167 (0.04)-> [713613]
[09/19/2018 09:09:55 AM] [2561825] -660 (0.04)-> [303] -660 (0.06)-> [1434401] -592 (0.1)-> [3683805] -167 (0.2)-> [713613]
[09/19/2018 09:13:08 AM] [2692963] -405 (0.03)-> [2701223] -167 (0.04)-> [4634448] -140 (0.07)-> [1326198] -140 (0.08)-> [2925377]
[09/19/2018 09:13:08 AM] [2692963] -405 (0.03)-> [2701223] -405 (0.03)-> [337208] -167 (0.04)-> [1030406] -167 (0.05)-> [5523485] -294 (0.05)-> [2708442] -167 (0.09)-> [2925377]
[09/19/2018 09:13:08 AM] [2692963] -480 (0.03)-> [761336] -410 (0.03)-> [4562645] -410 (0.03)-> [594743] -311 (0.04)-> [5124176] -167 (0.04)-> [5476171] -167 (0.05)-> [4070121] -167 (0.07)-> [2925377]
[09/19/2018 09:13:08 AM] [2692963] -480 (0.03)-> [761336] -410 (0.03)-> [4562645] -410 (0.03)-> [594743] -311 (0.04)-> [5124176] -167 (0.04)-> [5476171] -167 (0.05)-> [4070121] -660 (0.05)-> [191] -660 (0.06)-> [5432759] -167 (0.07)-> [2925377]
[09/19/2018 09:13:08 AM] [2692963] -405 (0.03)-> [2701223] -405 (0.03)-> [337208] -167 (0.04)-> [1030406] -167 (0.05)-> [5523485] -214 (0.06)-> [4165888] -214 (0.08)-> [2708442] -167 (0.14)-> [2925377]
[09/19/2018 09:15:11 AM] [2481870] -34 (0.05)-> [2353439] -339 (0.08)-> [2353438] -339 (0.1)-> [1746377] -395 (0.16)-> [812643]
[09/19/2018 09:15:11 AM] [2481870] -34 (0.05)-> [2353439] -339 (0.04)-> [3781413] -339 (0.06)-> [5288983] -395 (0.08)-> [812643]
[09/19/2018 09:15:11 AM] [2481870] -34 (0.05)-> [2353439] -339 (0.04)-> [3781413] -339 (0.06)-> [5288983] -395 (0.06)-> [5345797] -301 (0.09)-> [812643]
[09/19/2018 09:15:11 AM] [2481870] -34 (0.04)-> [3782315] -339 (0.06)-> [860336] -524 (0.08)-> [3782800] -522 (0.19)-> [812643]
[09/19/2018 09:15:11 AM] [2481870] -34 (0.04)-> [3782315] -35 (0.03)-> [2130615] -35 (0.03)-> [5133667] -339 (0.04)-> [2353437] -525 (0.04)-> [5345940] -522 (0.05)-> [812643]
[09/19/2018 09:19:03 AM] [5322747] -660 (0.03)-> [55] -660 (0.04)-> [3599163] -167 (0.05)-> [1041233] -301 (0.06)-> [666987]
[09/19/2018 09:19:03 AM] [5322747] -660 (0.03)-> [55] -660 (0.04)-> [3599163] -167 (0.06)-> [3783066] -140 (0.08)-> [2412772] -167 (0.09)-> [666987]
[09/19/2018 09:19:03 AM] [5322747] -660 (0.03)-> [55] -660 (0.04)-> [3599163] -167 (0.05)-> [1041233] -167 (0.14)-> [5506961] -167 (0.33)-> [666987]
[09/19/2018 09:19:04 AM] [5322747] -660 (0.03)-> [55] -660 (0.04)-> [3599163] -167 (0.05)-> [1041233] -301 (0.12)-> [4839526] -301 (0.33)-> [666987]
[09/19/2018 09:19:04 AM] [5322747] -660 (0.03)-> [55] -660 (0.04)-> [3599163] -167 (0.05)-> [1041233] -301 (0.12)-> [4839526] -660 (0.04)-> [608] -660 (0.05)-> [666987]
[09/19/2018 09:20:32 AM] [3085948] -55 (0.04)-> [4785447] -283 (0.06)-> [3919281] -301 (0.15)-> [4098104]
[09/19/2018 09:20:32 AM] [3085948] -55 (0.04)-> [4785447] -283 (0.05)-> [5196393] -283 (0.06)-> [5527108] -167 (0.09)-> [4098104]
[09/19/2018 09:20:32 AM] [3085948] -55 (0.04)-> [4785447] -283 (0.05)-> [5196393] -61 (0.09)-> [895185] -511 (0.21)-> [4098104]
[09/19/2018 09:20:32 AM] [3085948] -55 (0.04)-> [4785447] -283 (0.05)-> [5196393] -61 (0.09)-> [895185] -61 (0.05)-> [3919281] -301 (0.07)-> [4098104]
[09/19/2018 09:20:32 AM] [3085948] -55 (0.04)-> [4785447] -283 (0.05)-> [5196393] -283 (0.06)-> [5527108] -45 (0.04)-> [1527784] -283 (0.06)-> [3919281] -301 (0.16)-> [4098104]
[09/19/2018 09:22:09 AM] [1474476] -599 (0.04)-> [1790248] -264 (0.04)-> [916434] -167 (0.05)-> [5351211] -167 (0.07)-> [2956930] -301 (0.09)-> [2369214]
[09/19/2018 09:22:09 AM] [1474476] -599 (0.04)-> [1800069] -264 (0.04)-> [3206758] -339 (0.07)-> [5274037] -140 (0.09)-> [2369214]
[09/19/2018 09:22:09 AM] [1474476] -599 (0.04)-> [1790248] -264 (0.04)-> [916434] -140 (0.07)-> [5274037] -140 (0.09)-> [2369214]
[09/19/2018 09:22:09 AM] [1474476] -599 (0.04)-> [1800069] -599 (0.05)-> [4661336] -167 (0.06)-> [5274037] -140 (0.12)-> [2369214]
[09/19/2018 09:22:09 AM] [1474476] -599 (0.04)-> [1790248] -264 (0.04)-> [916434] -167 (0.05)-> [5351211] -167 (0.08)-> [5274037] -140 (0.1)-> [2369214]
[09/19/2018 09:23:49 AM] [1191216] -660 (0.04)-> [696] -660 (0.04)-> [4555922] -511 (0.05)-> [3222852] -116 (0.06)-> [4381916] -116 (0.08)-> [5546065]
[09/19/2018 09:23:49 AM] [1191216] -480 (0.03)-> [5001309] -480 (0.03)-> [5378545] -140 (0.03)-> [2146560] -140 (0.04)-> [4555922] -511 (0.04)-> [3222852] -116 (0.05)-> [4381916] -116 (0.06)-> [5546065]
[09/19/2018 09:23:49 AM] [1191216] -660 (0.04)-> [696] -660 (0.04)-> [4555922] -511 (0.06)-> [1746049] -500 (0.08)-> [4381916] -116 (0.11)-> [5546065]
[09/19/2018 09:23:49 AM] [1191216] -660 (0.04)-> [696] -660 (0.04)-> [4555922] -511 (0.05)-> [3222852] -140 (0.06)-> [1746049] -500 (0.08)-> [4381916] -116 (0.1)-> [5546065]
[09/19/2018 09:23:49 AM] [1191216] -660 (0.04)-> [696] -660 (0.04)-> [4555922] -511 (0.05)-> [3222852] -116 (0.06)-> [4381916] -500 (0.05)-> [1746049] -146 (0.07)-> [5546066] -116 (0.1)-> [5546065]
