[09/23/2018 08:22:34 AM] Launching sm..
[09/23/2018 08:22:34 AM] Dataset: sub_sample.csv
[09/23/2018 08:22:34 AM] Output dir: /home/alex/Documents/streamminer/output
[09/23/2018 08:22:34 AM] Read data: (39, 7) sub_sample.csv
[09/23/2018 08:22:34 AM] Note: Found non-NA records: (39, 7)
[09/23/2018 08:22:34 AM] Reconstructing graph from /home/alex/Documents/streamminer/data/kg/_undir
[09/23/2018 08:22:34 AM] 

[09/23/2018 08:22:35 AM] => Loaded: undir_data.npy
[09/23/2018 08:22:35 AM] 

[09/23/2018 08:22:35 AM] => Loaded: undir_indptr.npy
[09/23/2018 08:22:35 AM] 

[09/23/2018 08:22:35 AM] => Loaded: undir_indices.npy
[09/23/2018 08:22:35 AM] 

[09/23/2018 08:22:35 AM] => Loaded: undir_indeg_vec.npy
[09/23/2018 08:22:35 AM] 

[09/23/2018 08:22:35 AM] => Graph loaded: 1.00 secs.

[09/23/2018 08:22:35 AM] 

[09/23/2018 08:22:35 AM] PID is: 599.0, with type: float64
[09/23/2018 08:22:40 AM] => Path extraction..(this can take a while)
[09/23/2018 08:24:29 AM] SPO: [ 392035 599 2115741], Score: 0.0677970562743, Path (1):
[09/23/2018 08:24:29 AM] [392035] -189 (0.07)-> [2115741]

[09/23/2018 08:24:29 AM]  
[09/23/2018 08:24:29 AM] SPO: [ 392035 599 2115741], Score: 0.129642864833, Path (3):
[09/23/2018 08:24:29 AM] [392035] -660 (0.03)-> [78] -660 (0.04)-> [4475218] -236 (0.06)-> [2115741]

[09/23/2018 08:24:29 AM]  
[09/23/2018 08:24:29 AM] SPO: [ 392035 599 2115741], Score: 0.408828070159, Path (5):
[09/23/2018 08:24:29 AM] [392035] -123 (0.03)-> [3845794] -123 (0.04)-> [3212007] -462 (0.05)-> [769614] -462 (0.11)-> [532169] -236 (0.19)-> [2115741]

[09/23/2018 08:24:29 AM]  
[09/23/2018 08:24:29 AM] SPO: [ 392035 599 2115741], Score: 0.108650973287, Path (3):
[09/23/2018 08:24:29 AM] [392035] -480 (0.02)-> [1243951] -480 (0.04)-> [2653247] -189 (0.05)-> [2115741]

[09/23/2018 08:24:29 AM]  
[09/23/2018 08:24:29 AM] SPO: [ 392035 599 2115741], Score: 0.227698734328, Path (5):
[09/23/2018 08:24:29 AM] [392035] -65 (0.02)-> [3783749] -65 (0.04)-> [5439435] -123 (0.04)-> [1253114] -123 (0.06)-> [348048] -189 (0.07)-> [2115741]

