[09/22/2018 14:09:54 PM] Launching sm..
[09/22/2018 14:09:54 PM] Dataset: birthplace_deathplace.csv
[09/22/2018 14:09:54 PM] Output dir: /home/galois/Documents/streamminer/output
[09/22/2018 14:09:54 PM] Read data: (500, 8) birthplace_deathplace.csv
[09/22/2018 14:09:54 PM] Note: Found non-NA records: (500, 8)
[09/22/2018 14:09:57 PM] Relation is: (3429567, 65, 3734171)
[09/22/2018 14:10:03 PM] => Path extraction..(this can take a while)
[09/22/2018 14:15:36 PM] [3429567] -394 (0.05)-> [4785969] -167 (0.07)-> [1585383] -167 (0.08)-> [3734171]
[09/22/2018 14:15:36 PM] [3429567] -167 (0.03)-> [3029647] -660 (0.04)-> [608] -660 (0.04)-> [4064245] -167 (0.05)-> [4930995] -167 (0.22)-> [3734171]
[09/22/2018 14:15:36 PM] [3429567] -167 (0.03)-> [1335256] -460 (0.04)-> [2149461] -460 (0.04)-> [4785969] -167 (0.08)-> [1585383] -167 (0.12)-> [3734171]
[09/22/2018 14:15:36 PM] [3429567] -167 (0.03)-> [1335256] -460 (0.04)-> [2149461] -460 (0.05)-> [4785969] -167 (0.07)-> [1585383] -167 (0.08)-> [3734171]
[09/22/2018 14:15:36 PM] [3429567] -167 (0.03)-> [3029647] -660 (0.04)-> [608] -660 (0.04)-> [4064245] -167 (0.05)-> [4930995] -167 (0.18)-> [3734171]
[09/22/2018 14:19:05 PM] [3429567] -167 (0.12)-> [1335256]
[09/22/2018 14:19:05 PM] [3429567] -578 (0.03)-> [1413131] -394 (0.05)-> [1705443] -394 (0.06)-> [2731816] -167 (0.23)-> [1335256]
[09/22/2018 14:19:05 PM] [3429567] -660 (0.03)-> [502] -660 (0.05)-> [4422185] -167 (0.05)-> [1335256]
[09/22/2018 14:19:05 PM] [3429567] -660 (0.03)-> [502] -660 (0.05)-> [4422185] -167 (0.12)-> [1335256]
[09/22/2018 14:19:05 PM] [3429567] -578 (0.03)-> [1413131] -394 (0.05)-> [1705443] -394 (0.06)-> [2731816] -167 (0.12)-> [1335256]
[09/22/2018 14:27:02 PM] [1217525] -508 (0.04)-> [2644000] -204 (0.06)-> [2277290] -167 (0.07)-> [817795]
[09/22/2018 14:27:02 PM] [1217525] -512 (0.04)-> [1170639] -512 (0.06)-> [3366030] -311 (0.08)-> [4214199] -410 (0.15)-> [3698540] -167 (0.25)-> [817795]
[09/22/2018 14:27:02 PM] [1217525] -512 (0.04)-> [1170639] -512 (0.06)-> [3366030] -311 (0.05)-> [4214199] -410 (0.09)-> [3698540] -167 (0.14)-> [817795]
[09/22/2018 14:27:02 PM] [1217525] -512 (0.04)-> [1170639] -512 (0.06)-> [3366030] -311 (0.05)-> [4214199] -410 (0.09)-> [3698540] -167 (0.1)-> [817795]
[09/22/2018 14:27:02 PM] [1217525] -512 (0.04)-> [1170639] -512 (0.06)-> [3366030] -311 (0.08)-> [4214199] -410 (0.15)-> [3698540] -167 (0.1)-> [817795]
[09/22/2018 14:32:47 PM] [1217525] -167 (0.12)-> [975910]
[09/22/2018 14:32:47 PM] [1217525] -167 (0.09)-> [975969] -140 (0.34)-> [975910]
[09/22/2018 14:32:47 PM] [1217525] -167 (0.09)-> [975969] -140 (0.11)-> [975910]
[09/22/2018 14:32:47 PM] [1217525] -508 (0.02)-> [2644000] -204 (0.03)-> [2277290] -167 (0.03)-> [817795] -167 (0.04)-> [1959865] -580 (0.04)-> [5050055] -580 (0.06)-> [4968511] -167 (0.07)-> [975910]
[09/22/2018 14:32:47 PM] [1217525] -508 (0.02)-> [2644000] -204 (0.03)-> [2277290] -167 (0.03)-> [817795] -167 (0.04)-> [1959865] -580 (0.04)-> [5050055] -580 (0.06)-> [4968511] -167 (0.12)-> [975910]
[09/22/2018 14:40:31 PM] [2551910] -167 (0.04)-> [4790259] -140 (0.05)-> [5286709] -140 (0.13)-> [1997867]
[09/22/2018 14:40:31 PM] [2551910] -63 (0.02)-> [1333735] -660 (0.03)-> [510] -660 (0.03)-> [5281538] -63 (0.04)-> [5510912] -140 (0.05)-> [4615546] -140 (0.16)-> [1997867]
[09/22/2018 14:40:31 PM] [2551910] -63 (0.02)-> [1333735] -660 (0.03)-> [510] -660 (0.03)-> [5281538] -63 (0.04)-> [5510912] -140 (0.07)-> [4615546] -140 (0.08)-> [1997867]
[09/22/2018 14:40:31 PM] [2551910] -63 (0.02)-> [1333735] -660 (0.03)-> [510] -660 (0.03)-> [5281538] -63 (0.04)-> [5510912] -140 (0.05)-> [4615546] -140 (0.06)-> [1997867]
[09/22/2018 14:40:31 PM] [2551910] -63 (0.02)-> [1333735] -660 (0.03)-> [510] -660 (0.03)-> [5281538] -63 (0.04)-> [5510912] -140 (0.07)-> [4615546] -140 (0.08)-> [1997867]
[09/22/2018 14:46:33 PM] [2551910] -167 (0.13)-> [4790259]
[09/22/2018 14:46:33 PM] [2551910] -63 (0.01)-> [1333735] -660 (0.02)-> [510] -660 (0.02)-> [5281538] -63 (0.02)-> [5510912] -140 (0.02)-> [4615546] -140 (0.03)-> [1997867] -339 (0.03)-> [1989740] -660 (0.04)-> [497] -660 (0.05)-> [4790291] -339 (0.16)-> [4790259]
[09/22/2018 14:46:33 PM] [2551910] -660 (0.01)-> [502] -660 (0.01)-> [4422185] -167 (0.01)-> [1335256] -460 (0.02)-> [2149461] -460 (0.02)-> [4785969] -167 (0.02)-> [1585383] -167 (0.02)-> [3734171] -167 (0.03)-> [3833849] -660 (0.03)-> [191] -660 (0.05)-> [1127919] -167 (0.05)-> [4790259]
[09/22/2018 14:46:33 PM] [2551910] -63 (0.01)-> [1333735] -660 (0.02)-> [510] -660 (0.02)-> [5281538] -63 (0.02)-> [5510912] -140 (0.03)-> [4615546] -140 (0.03)-> [1997867] -339 (0.03)-> [1989740] -660 (0.04)-> [497] -660 (0.05)-> [4790291] -339 (0.06)-> [4790259]
[09/22/2018 14:46:33 PM] [2551910] -660 (0.01)-> [502] -660 (0.01)-> [4422185] -167 (0.01)-> [1335256] -460 (0.02)-> [2149461] -460 (0.02)-> [4785969] -167 (0.02)-> [1585383] -167 (0.02)-> [3734171] -167 (0.03)-> [3833849] -660 (0.04)-> [191] -660 (0.06)-> [1127919] -167 (0.07)-> [4790259]
