[09/22/2018 00:09:37 AM] Launching sm..
[09/22/2018 00:09:37 AM] Dataset: Player_vs_Team_NBA.csv
[09/22/2018 00:09:37 AM] Output dir: /home/alex/Documents/streamminer/output
[09/22/2018 00:09:37 AM] Read data: (164, 7) Player_vs_Team_NBA.csv
[09/22/2018 00:09:37 AM] Note: Found non-NA records: (164, 7)
[09/22/2018 00:09:37 AM] PID is: 599.0, with type: float64
[09/22/2018 00:09:42 AM] => Path extraction..(this can take a while)
[09/22/2018 06:42:11 AM] Launching sm..
[09/22/2018 06:42:11 AM] Dataset: Player_vs_Team_NBA.csv
[09/22/2018 06:42:11 AM] Output dir: /home/galois/Documents/streamminer/output
[09/22/2018 06:42:11 AM] Read data: (164, 7) Player_vs_Team_NBA.csv
[09/22/2018 06:42:11 AM] Note: Found non-NA records: (164, 7)
[09/22/2018 06:42:12 AM] Relation is: (2985653.0, 599.0, 3218267.0)
[09/22/2018 06:42:17 AM] => Path extraction..(this can take a while)
[09/22/2018 06:44:32 AM] [2985653] -462 (0.04)-> [4755814] -462 (0.07)-> [2258376] -189 (0.09)-> [3218267]
[09/22/2018 06:44:32 AM] [2985653] -462 (0.04)-> [4704367] -462 (0.07)-> [1053615] -189 (0.08)-> [3218267]
[09/22/2018 06:44:32 AM] [2985653] -462 (0.04)-> [4704367] -462 (0.07)-> [1053615] -189 (0.07)-> [3218267]
[09/22/2018 06:44:32 AM] [2985653] -329 (0.03)-> [3740468] -329 (0.07)-> [2028917] -189 (0.08)-> [3218267]
[09/22/2018 06:44:32 AM] [2985653] -660 (0.03)-> [78] -660 (0.05)-> [976548] -189 (0.06)-> [3218267]
[09/22/2018 06:46:26 AM] [2734002] -189 (0.07)-> [5305646]
[09/22/2018 06:46:26 AM] [2734002] -660 (0.03)-> [78] -660 (0.05)-> [4243536] -121 (0.06)-> [5305646]
[09/22/2018 06:46:26 AM] [2734002] -480 (0.03)-> [769522] -480 (0.04)-> [1397869] -189 (0.05)-> [5305646]
[09/22/2018 06:46:26 AM] [2734002] -480 (0.03)-> [769522] -480 (0.04)-> [1397869] -189 (0.07)-> [5305646]
[09/22/2018 06:46:26 AM] [2734002] -660 (0.03)-> [78] -660 (0.05)-> [4243536] -121 (0.08)-> [5305646]
[09/22/2018 06:48:01 AM] [5140024] -189 (0.07)-> [4567127]
[09/22/2018 06:48:01 AM] [5140024] -462 (0.04)-> [4182344] -462 (0.07)-> [4352166] -189 (0.08)-> [4567127]
[09/22/2018 06:48:01 AM] [5140024] -462 (0.04)-> [4182344] -462 (0.07)-> [4352166] -189 (0.07)-> [4567127]
[09/22/2018 06:48:01 AM] [5140024] -462 (0.04)-> [1095182] -462 (0.07)-> [4352166] -189 (0.08)-> [4567127]
[09/22/2018 06:48:01 AM] [5140024] -462 (0.04)-> [1095182] -462 (0.07)-> [4352166] -189 (0.07)-> [4567127]
[09/22/2018 06:53:14 AM] [1522148] -189 (0.03)-> [3584723] -121 (0.05)-> [2594378] -189 (0.07)-> [1357357]
[09/22/2018 06:53:14 AM] [1522148] -65 (0.03)-> [5471367] -65 (0.04)-> [5307598] -189 (0.06)-> [1357357]
[09/22/2018 06:53:14 AM] [1522148] -65 (0.03)-> [5471367] -65 (0.04)-> [5307598] -189 (0.07)-> [1357357]
[09/22/2018 06:53:14 AM] [1522148] -65 (0.02)-> [5557381] -65 (0.03)-> [591992] -123 (0.04)-> [3038271] -123 (0.06)-> [2795365] -189 (0.08)-> [1357357]
[09/22/2018 06:53:14 AM] [1522148] -394 (0.02)-> [2060365] -394 (0.03)-> [1486727] -189 (0.04)-> [1357357]
[09/22/2018 06:55:30 AM] [4319468] -189 (0.07)-> [2450828]
[09/22/2018 06:55:30 AM] [4319468] -123 (0.03)-> [5256012] -123 (0.06)-> [4887710] -189 (0.09)-> [2450828]
[09/22/2018 06:55:30 AM] [4319468] -123 (0.03)-> [5256012] -123 (0.06)-> [4887710] -189 (0.07)-> [2450828]
[09/22/2018 06:55:30 AM] [4319468] -65 (0.03)-> [4382598] -65 (0.06)-> [4617790] -189 (0.08)-> [2450828]
[09/22/2018 06:55:30 AM] [4319468] -65 (0.03)-> [4382598] -65 (0.06)-> [4617790] -189 (0.07)-> [2450828]
[09/22/2018 06:59:30 AM] [2710736] -189 (0.07)-> [917821]
[09/22/2018 06:59:30 AM] [2710736] -123 (0.04)-> [3886384] -123 (0.07)-> [3395467] -189 (0.1)-> [917821]
[09/22/2018 06:59:30 AM] [2710736] -123 (0.04)-> [3886384] -123 (0.07)-> [3395467] -189 (0.07)-> [917821]
[09/22/2018 06:59:30 AM] [2710736] -123 (0.04)-> [3886384] -123 (0.05)-> [3395467] -189 (0.2)-> [917821]
[09/22/2018 06:59:30 AM] [2710736] -123 (0.04)-> [3886384] -123 (0.05)-> [3395467] -189 (0.07)-> [917821]
[09/22/2018 07:02:09 AM] [5189779] -189 (0.07)-> [4567127]
[09/22/2018 07:02:09 AM] [5189779] -462 (0.04)-> [4160079] -462 (0.07)-> [1293064] -189 (0.08)-> [4567127]
[09/22/2018 07:02:09 AM] [5189779] -468 (0.03)-> [288703] -660 (0.04)-> [79] -660 (0.08)-> [4567127]
[09/22/2018 07:02:09 AM] [5189779] -394 (0.02)-> [1906664] -394 (0.03)-> [3197291] -189 (0.04)-> [4567127]
[09/22/2018 07:02:09 AM] [5189779] -394 (0.02)-> [1906664] -394 (0.03)-> [3197291] -189 (0.07)-> [4567127]
[09/22/2018 07:05:11 AM] [1670176] -189 (0.07)-> [3218267]
[09/22/2018 07:05:11 AM] [1670176] -123 (0.03)-> [4628295] -601 (0.04)-> [2944879] -418 (0.05)-> [584900] -431 (0.09)-> [5205802] -601 (0.15)-> [3218267]
[09/22/2018 07:05:11 AM] [1670176] -65 (0.03)-> [5450691] -65 (0.04)-> [2929903] -189 (0.05)-> [3218267]
[09/22/2018 07:05:11 AM] [1670176] -65 (0.03)-> [5450691] -65 (0.04)-> [2929903] -189 (0.07)-> [3218267]
[09/22/2018 07:05:11 AM] [1670176] -65 (0.03)-> [5450691] -65 (0.05)-> [2929903] -189 (0.16)-> [3218267]
[09/22/2018 07:07:12 AM] [2636226] -189 (0.07)-> [3218267]
[09/22/2018 07:07:12 AM] [2636226] -123 (0.04)-> [5473221] -123 (0.07)-> [1621390] -189 (0.12)-> [3218267]
[09/22/2018 07:07:12 AM] [2636226] -123 (0.04)-> [5473221] -123 (0.07)-> [1621390] -189 (0.07)-> [3218267]
[09/22/2018 07:07:12 AM] [2636226] -329 (0.03)-> [3740468] -329 (0.07)-> [2028917] -189 (0.08)-> [3218267]
[09/22/2018 07:07:12 AM] [2636226] -480 (0.02)-> [1243951] -480 (0.04)-> [949612] -189 (0.05)-> [3218267]
[09/22/2018 07:11:42 AM] [2673918] -189 (0.07)-> [1487110]
[09/22/2018 07:11:42 AM] [2673918] -123 (0.03)-> [3479198] -123 (0.04)-> [5135581] -329 (0.05)-> [3149086] -329 (0.07)-> [5189427] -189 (0.15)-> [1487110]
[09/22/2018 07:11:42 AM] [2673918] -65 (0.02)-> [4707103] -65 (0.03)-> [957802] -236 (0.03)-> [1487087] -601 (0.05)-> [4723843] -601 (0.07)-> [1487110]
[09/22/2018 07:11:42 AM] [2673918] -394 (0.02)-> [5287545] -394 (0.03)-> [4828603] -121 (0.04)-> [1487110]
[09/22/2018 07:11:42 AM] [2673918] -394 (0.02)-> [5287545] -394 (0.03)-> [4828603] -121 (0.07)-> [1487110]
[09/22/2018 07:16:13 AM] [5272061] -65 (0.03)-> [3516497] -339 (0.06)-> [3516612]
[09/22/2018 07:16:13 AM] [5272061] -123 (0.03)-> [1884403] -123 (0.04)-> [300078] -462 (0.04)-> [769614] -462 (0.07)-> [3397540] -189 (0.1)-> [3516612]
[09/22/2018 07:16:13 AM] [5272061] -123 (0.03)-> [1884403] -123 (0.04)-> [300078] -462 (0.04)-> [769614] -462 (0.07)-> [3397540] -189 (0.08)-> [3516612]
[09/22/2018 07:16:13 AM] [5272061] -123 (0.03)-> [1884403] -123 (0.04)-> [300078] -462 (0.04)-> [769614] -462 (0.07)-> [3397540] -189 (0.08)-> [3516612]
[09/22/2018 07:16:13 AM] [5272061] -123 (0.03)-> [1884403] -123 (0.04)-> [300078] -462 (0.04)-> [769614] -462 (0.07)-> [3397540] -189 (0.08)-> [3516612]
[09/22/2018 07:20:41 AM] [1431155] -123 (0.03)-> [3748948] -123 (0.04)-> [4743373] -329 (0.05)-> [3148940] -329 (0.09)-> [5651172] -189 (0.18)-> [4567127]
[09/22/2018 07:20:41 AM] [1431155] -65 (0.02)-> [2944974] -661 (0.03)-> [3187717] -661 (0.04)-> [3640344] -65 (0.06)-> [5492355] -189 (0.09)-> [4567127]
[09/22/2018 07:20:41 AM] [1431155] -65 (0.02)-> [2944974] -661 (0.03)-> [3187717] -661 (0.04)-> [3640344] -65 (0.06)-> [5492355] -189 (0.07)-> [4567127]
[09/22/2018 07:20:41 AM] [1431155] -65 (0.02)-> [2944974] -661 (0.03)-> [3187717] -661 (0.03)-> [3640344] -65 (0.06)-> [5492355] -189 (0.09)-> [4567127]
[09/22/2018 07:20:41 AM] [1431155] -65 (0.02)-> [2944974] -661 (0.03)-> [3187717] -661 (0.03)-> [3640344] -65 (0.06)-> [5492355] -189 (0.07)-> [4567127]
[09/22/2018 07:25:57 AM] [851870] -123 (0.04)-> [4568464] -123 (0.07)-> [2016524] -189 (0.11)-> [917821]
[09/22/2018 07:25:57 AM] [851870] -480 (0.02)-> [1243951] -480 (0.04)-> [5166141] -189 (0.05)-> [917821]
[09/22/2018 07:25:57 AM] [851870] -480 (0.02)-> [1243951] -480 (0.04)-> [5166141] -189 (0.07)-> [917821]
[09/22/2018 07:25:57 AM] [851870] -480 (0.02)-> [1243951] -480 (0.05)-> [5166141] -189 (0.15)-> [917821]
[09/22/2018 07:25:57 AM] [851870] -480 (0.02)-> [1243951] -480 (0.05)-> [5166141] -189 (0.07)-> [917821]
[09/22/2018 07:28:24 AM] [4596365] -189 (0.07)-> [917821]
[09/22/2018 07:28:24 AM] [4596365] -123 (0.04)-> [3712313] -123 (0.09)-> [3315793] -189 (0.13)-> [917821]
[09/22/2018 07:28:24 AM] [4596365] -65 (0.03)-> [3781679] -167 (0.04)-> [4405121] -311 (0.05)-> [917821]
[09/22/2018 07:28:24 AM] [4596365] -480 (0.02)-> [1243951] -480 (0.04)-> [5166141] -189 (0.05)-> [917821]
[09/22/2018 07:28:24 AM] [4596365] -480 (0.02)-> [1243951] -480 (0.04)-> [5166141] -189 (0.07)-> [917821]
[09/22/2018 07:30:47 AM] [5469125] -189 (0.07)-> [5452049]
[09/22/2018 07:30:47 AM] [5469125] -123 (0.04)-> [3229261] -123 (0.07)-> [2528632] -189 (0.1)-> [5452049]
[09/22/2018 07:30:47 AM] [5469125] -123 (0.04)-> [3229261] -123 (0.07)-> [2528632] -189 (0.07)-> [5452049]
[09/22/2018 07:30:47 AM] [5469125] -65 (0.02)-> [3229234] -116 (0.03)-> [2933062] -601 (0.03)-> [1952186] -601 (0.04)-> [3707679] -601 (0.05)-> [1250683] -601 (0.06)-> [5452049]
[09/22/2018 07:30:47 AM] [5469125] -65 (0.02)-> [3229234] -65 (0.05)-> [5469125] -189 (0.17)-> [5452049]
[09/22/2018 07:37:52 AM] [1029025] -189 (0.07)-> [2364618]
[09/22/2018 07:37:52 AM] [1029025] -123 (0.02)-> [3789441] -123 (0.03)-> [3069554] -189 (0.04)-> [2115741] -601 (0.08)-> [5325395] -601 (0.13)-> [2364618]
[09/22/2018 07:37:52 AM] [1029025] -123 (0.02)-> [3789441] -123 (0.03)-> [3069554] -189 (0.03)-> [2115741] -601 (0.05)-> [5325395] -601 (0.07)-> [2364618]
[09/22/2018 07:37:52 AM] [1029025] -123 (0.02)-> [3789441] -123 (0.03)-> [3069554] -189 (0.03)-> [2115741] -601 (0.05)-> [5325395] -601 (0.1)-> [2364618]
[09/22/2018 07:37:52 AM] [1029025] -123 (0.02)-> [3789441] -123 (0.05)-> [1029025] -189 (0.18)-> [2364618]
[09/22/2018 07:39:42 AM] [1940481] -189 (0.07)-> [4628461]
[09/22/2018 07:39:42 AM] [1940481] -65 (0.03)-> [3584688] -65 (0.05)-> [1053338] -189 (0.06)-> [4628461]
[09/22/2018 07:39:42 AM] [1940481] -65 (0.03)-> [3584688] -65 (0.05)-> [1053338] -189 (0.07)-> [4628461]
[09/22/2018 07:39:42 AM] [1940481] -65 (0.03)-> [3584688] -65 (0.05)-> [1053338] -189 (0.14)-> [4628461]
[09/22/2018 07:39:42 AM] [1940481] -65 (0.03)-> [3584688] -65 (0.05)-> [1053338] -189 (0.07)-> [4628461]
[09/22/2018 07:42:29 AM] [494082] -189 (0.07)-> [4119746]
[09/22/2018 07:42:29 AM] [494082] -123 (0.04)-> [3889272] -123 (0.07)-> [4986804] -189 (0.11)-> [4119746]
[09/22/2018 07:42:29 AM] [494082] -123 (0.04)-> [3889272] -123 (0.07)-> [4986804] -189 (0.07)-> [4119746]
[09/22/2018 07:42:29 AM] [494082] -123 (0.04)-> [3889272] -123 (0.05)-> [4986804] -189 (0.14)-> [4119746]
[09/22/2018 07:42:29 AM] [494082] -123 (0.04)-> [3889272] -123 (0.05)-> [4986804] -189 (0.07)-> [4119746]
[09/22/2018 07:46:29 AM] [3069278] -189 (0.07)-> [917821]
[09/22/2018 07:46:29 AM] [3069278] -123 (0.04)-> [2451038] -123 (0.08)-> [2710894] -189 (0.13)-> [917821]
[09/22/2018 07:46:29 AM] [3069278] -123 (0.04)-> [2451038] -123 (0.08)-> [2710894] -189 (0.07)-> [917821]
[09/22/2018 07:46:29 AM] [3069278] -123 (0.04)-> [2451038] -123 (0.05)-> [2710894] -189 (0.19)-> [917821]
[09/22/2018 07:46:29 AM] [3069278] -123 (0.04)-> [2451038] -123 (0.05)-> [2710894] -189 (0.07)-> [917821]
[09/22/2018 07:49:14 AM] [3793584] -189 (0.07)-> [4628461]
[09/22/2018 07:49:14 AM] [3793584] -123 (0.03)-> [2880082] -123 (0.06)-> [2482700] -189 (0.09)-> [4628461]
[09/22/2018 07:49:14 AM] [3793584] -123 (0.03)-> [2880082] -123 (0.06)-> [2482700] -189 (0.07)-> [4628461]
[09/22/2018 07:49:14 AM] [3793584] -462 (0.02)-> [4182344] -462 (0.03)-> [4352166] -189 (0.04)-> [4567127] -189 (0.07)-> [3116669] -236 (0.08)-> [4628461]
[09/22/2018 07:49:14 AM] [3793584] -462 (0.02)-> [4182344] -462 (0.03)-> [4352166] -189 (0.03)-> [4567127] -189 (0.05)-> [3116669] -236 (0.07)-> [4628461]
[09/22/2018 07:54:56 AM] [3299683] -123 (0.03)-> [3543150] -123 (0.03)-> [2923208] -123 (0.04)-> [5259500] -601 (0.07)-> [3218302] -601 (0.1)-> [3218267]
[09/22/2018 07:54:56 AM] [3299683] -580 (0.03)-> [3299529] -580 (0.04)-> [3069278] -329 (0.04)-> [3740468] -329 (0.09)-> [2028917] -189 (0.16)-> [3218267]
[09/22/2018 07:54:56 AM] [3299683] -65 (0.02)-> [3066509] -65 (0.03)-> [2835197] -123 (0.04)-> [5160946] -123 (0.05)-> [2258376] -189 (0.08)-> [3218267]
[09/22/2018 07:54:56 AM] [3299683] -480 (0.02)-> [1867499] -480 (0.03)-> [278459] -189 (0.04)-> [3218267]
[09/22/2018 07:54:56 AM] [3299683] -480 (0.02)-> [1867499] -480 (0.03)-> [278459] -189 (0.07)-> [3218267]
[09/22/2018 07:59:17 AM] [2941718] -189 (0.07)-> [917821]
[09/22/2018 07:59:17 AM] [2941718] -123 (0.03)-> [3590990] -123 (0.04)-> [1261192] -123 (0.05)-> [1260454] -123 (0.06)-> [848723] -189 (0.1)-> [917821]
[09/22/2018 07:59:17 AM] [2941718] -480 (0.02)-> [1243951] -480 (0.04)-> [5166141] -189 (0.05)-> [917821]
[09/22/2018 07:59:17 AM] [2941718] -480 (0.02)-> [1243951] -480 (0.04)-> [5166141] -189 (0.07)-> [917821]
[09/22/2018 07:59:17 AM] [2941718] -480 (0.02)-> [1243951] -480 (0.05)-> [5166141] -189 (0.15)-> [917821]
[09/22/2018 08:02:07 AM] [2486139] -189 (0.07)-> [1487110]
[09/22/2018 08:02:07 AM] [2486139] -123 (0.04)-> [2450744] -123 (0.07)-> [1136615] -189 (0.1)-> [1487110]
[09/22/2018 08:02:07 AM] [2486139] -65 (0.03)-> [1156552] -65 (0.04)-> [2648441] -189 (0.05)-> [1487110]
[09/22/2018 08:02:07 AM] [2486139] -394 (0.02)-> [5287545] -394 (0.03)-> [4828603] -121 (0.04)-> [1487110]
[09/22/2018 08:02:07 AM] [2486139] -394 (0.02)-> [5287545] -394 (0.03)-> [4828603] -121 (0.07)-> [1487110]
[09/22/2018 08:08:44 AM] [2618836] -65 (0.02)-> [4567000] -339 (0.03)-> [4436033] -431 (0.03)-> [4729777] -410 (0.05)-> [2307912] -311 (0.07)-> [2450828]
[09/22/2018 08:08:44 AM] [2618836] -123 (0.02)-> [5013778] -123 (0.03)-> [1004363] -65 (0.04)-> [2364336] -65 (0.1)-> [2778011] -189 (0.2)-> [2450828]
[09/22/2018 08:08:44 AM] [2618836] -65 (0.02)-> [5013283] -167 (0.03)-> [887928] -236 (0.03)-> [2451136] -601 (0.04)-> [2450721] -601 (0.05)-> [2450828]
[09/22/2018 08:08:44 AM] [2618836] -123 (0.02)-> [5013778] -123 (0.03)-> [1004363] -65 (0.03)-> [2364336] -65 (0.04)-> [2778011] -189 (0.06)-> [2450828]
[09/22/2018 08:08:44 AM] [2618836] -123 (0.02)-> [5013778] -123 (0.03)-> [1004363] -65 (0.03)-> [2364336] -65 (0.04)-> [2778011] -189 (0.07)-> [2450828]
[09/22/2018 08:14:17 AM] [4553008] -189 (0.07)-> [917821]
[09/22/2018 08:14:17 AM] [4553008] -123 (0.03)-> [3845816] -123 (0.04)-> [1546390] -123 (0.05)-> [2880154] -123 (0.09)-> [1735729] -189 (0.18)-> [917821]
[09/22/2018 08:14:17 AM] [4553008] -65 (0.02)-> [5529562] -167 (0.03)-> [4319521] -123 (0.04)-> [1884933] -123 (0.06)-> [5527603] -189 (0.08)-> [917821]
[09/22/2018 08:14:17 AM] [4553008] -65 (0.02)-> [5529562] -167 (0.03)-> [4319521] -123 (0.04)-> [1884933] -123 (0.06)-> [5527603] -189 (0.07)-> [917821]
[09/22/2018 08:14:17 AM] [4553008] -123 (0.03)-> [3845816] -123 (0.05)-> [4553008] -189 (0.18)-> [917821]
[09/22/2018 08:16:15 AM] [3520968] -189 (0.07)-> [3218267]
[09/22/2018 08:16:15 AM] [3520968] -462 (0.04)-> [2269316] -462 (0.07)-> [996670] -121 (0.1)-> [3218267]
[09/22/2018 08:16:15 AM] [3520968] -462 (0.04)-> [2269316] -462 (0.07)-> [996670] -121 (0.07)-> [3218267]
[09/22/2018 08:16:15 AM] [3520968] -123 (0.04)-> [3779542] -123 (0.07)-> [1549185] -189 (0.11)-> [3218267]
[09/22/2018 08:16:15 AM] [3520968] -65 (0.03)-> [3218121] -339 (0.05)-> [3218267]
[09/22/2018 08:18:12 AM] [2570038] -189 (0.07)-> [3218267]
[09/22/2018 08:18:12 AM] [2570038] -462 (0.04)-> [1243963] -462 (0.07)-> [3394865] -189 (0.1)-> [3218267]
[09/22/2018 08:18:12 AM] [2570038] -462 (0.04)-> [1243963] -462 (0.07)-> [3394865] -189 (0.07)-> [3218267]
[09/22/2018 08:18:12 AM] [2570038] -329 (0.03)-> [3740468] -329 (0.07)-> [2028917] -189 (0.08)-> [3218267]
[09/22/2018 08:18:12 AM] [2570038] -329 (0.03)-> [3740468] -329 (0.07)-> [2028917] -189 (0.07)-> [3218267]
[09/22/2018 08:19:48 AM] [3736393] -189 (0.07)-> [4628461]
[09/22/2018 08:19:48 AM] [3736393] -123 (0.04)-> [3707858] -123 (0.07)-> [5175865] -189 (0.1)-> [4628461]
[09/22/2018 08:19:48 AM] [3736393] -65 (0.03)-> [4275576] -65 (0.05)-> [1388972] -189 (0.07)-> [4628461]
[09/22/2018 08:19:48 AM] [3736393] -65 (0.03)-> [4275576] -65 (0.05)-> [1388972] -189 (0.07)-> [4628461]
[09/22/2018 08:19:48 AM] [3736393] -123 (0.04)-> [3707858] -123 (0.07)-> [5175865] -189 (0.07)-> [4628461]
[09/22/2018 08:25:20 AM] [4374354] -189 (0.07)-> [2450828]
[09/22/2018 08:25:20 AM] [4374354] -123 (0.02)-> [3385891] -123 (0.03)-> [2510562] -54 (0.04)-> [2212616] -54 (0.05)-> [2004663] -123 (0.06)-> [2471864] -123 (0.09)-> [4625966] -189 (0.17)-> [2450828]
[09/22/2018 08:25:20 AM] [4374354] -123 (0.02)-> [3385891] -123 (0.05)-> [4374354] -189 (0.18)-> [2450828]
[09/22/2018 08:25:20 AM] [4374354] -123 (0.02)-> [3385891] -123 (0.05)-> [4374354] -189 (0.07)-> [2450828]
[09/22/2018 08:25:20 AM] [4374354] -602 (0.02)-> [4374356] -660 (0.03)-> [703] -660 (0.03)-> [4866606] -602 (0.04)-> [4866605] -189 (0.18)-> [2450828]
[09/22/2018 08:32:38 AM] [890343] -189 (0.07)-> [685564]
[09/22/2018 08:32:38 AM] [890343] -65 (0.02)-> [772673] -65 (0.03)-> [5449312] -236 (0.03)-> [685556] -601 (0.05)-> [2050052] -601 (0.07)-> [685564]
[09/22/2018 08:32:38 AM] [890343] -65 (0.02)-> [772673] -65 (0.03)-> [5449312] -236 (0.04)-> [685556] -601 (0.06)-> [2050052] -601 (0.08)-> [685564]
[09/22/2018 08:32:38 AM] [890343] -65 (0.02)-> [772673] -65 (0.03)-> [5449312] -236 (0.03)-> [685556] -601 (0.05)-> [2050052] -601 (0.09)-> [685564]
[09/22/2018 08:32:38 AM] [890343] -65 (0.02)-> [772673] -65 (0.03)-> [5449312] -236 (0.04)-> [685556] -601 (0.06)-> [2050052] -601 (0.09)-> [685564]
[09/22/2018 08:34:18 AM] [2528654] -189 (0.07)-> [4525720]
[09/22/2018 08:34:18 AM] [2528654] -123 (0.04)-> [1209536] -123 (0.07)-> [5457851] -189 (0.11)-> [4525720]
[09/22/2018 08:34:18 AM] [2528654] -65 (0.03)-> [4145550] -65 (0.05)-> [3461924] -189 (0.06)-> [4525720]
[09/22/2018 08:34:18 AM] [2528654] -65 (0.03)-> [4145550] -65 (0.05)-> [3461924] -189 (0.07)-> [4525720]
[09/22/2018 08:34:18 AM] [2528654] -123 (0.04)-> [1209536] -123 (0.07)-> [5457851] -189 (0.07)-> [4525720]
[09/22/2018 08:40:55 AM] [392035] -189 (0.07)-> [2115741]
[09/22/2018 08:40:55 AM] [392035] -123 (0.02)-> [3845794] -123 (0.03)-> [3461499] -189 (0.04)-> [685564] -236 (0.09)-> [532169] -236 (0.19)-> [2115741]
[09/22/2018 08:40:55 AM] [392035] -123 (0.02)-> [3845794] -123 (0.03)-> [3461499] -189 (0.03)-> [685564] -236 (0.05)-> [532169] -236 (0.07)-> [2115741]
[09/22/2018 08:40:55 AM] [392035] -123 (0.02)-> [3845794] -123 (0.03)-> [3461499] -189 (0.03)-> [685564] -236 (0.05)-> [532169] -236 (0.09)-> [2115741]
[09/22/2018 08:40:55 AM] [392035] -65 (0.02)-> [3783749] -65 (0.04)-> [5439435] -123 (0.04)-> [1253114] -123 (0.06)-> [348048] -189 (0.07)-> [2115741]
[09/22/2018 08:44:20 AM] [4479739] -189 (0.07)-> [2364618]
[09/22/2018 08:44:20 AM] [4479739] -123 (0.04)-> [3543199] -123 (0.07)-> [1303191] -189 (0.1)-> [2364618]
[09/22/2018 08:44:20 AM] [4479739] -123 (0.04)-> [3543199] -123 (0.07)-> [1303191] -189 (0.07)-> [2364618]
[09/22/2018 08:44:20 AM] [4479739] -65 (0.02)-> [2225557] -339 (0.03)-> [2945477] -660 (0.03)-> [662] -660 (0.08)-> [2287973] -601 (0.1)-> [2364618]
[09/22/2018 08:44:20 AM] [4479739] -65 (0.02)-> [2225557] -339 (0.03)-> [2945477] -660 (0.03)-> [662] -660 (0.05)-> [2287973] -601 (0.06)-> [2364618]
[09/22/2018 08:49:25 AM] [2825275] -123 (0.03)-> [5258277] -123 (0.04)-> [5187542] -123 (0.05)-> [918181] -123 (0.07)-> [941685] -121 (0.13)-> [4110464]
[09/22/2018 08:49:25 AM] [2825275] -480 (0.02)-> [331752] -480 (0.03)-> [5177332] -189 (0.04)-> [4110464]
[09/22/2018 08:49:25 AM] [2825275] -480 (0.02)-> [331752] -480 (0.03)-> [5177332] -189 (0.07)-> [4110464]
[09/22/2018 08:49:25 AM] [2825275] -480 (0.02)-> [331752] -480 (0.05)-> [5177332] -189 (0.14)-> [4110464]
[09/22/2018 08:49:25 AM] [2825275] -480 (0.02)-> [331752] -480 (0.05)-> [5177332] -189 (0.07)-> [4110464]
[09/22/2018 08:50:56 AM] [3391697] -189 (0.07)-> [5305646]
[09/22/2018 08:50:56 AM] [3391697] -660 (0.03)-> [78] -660 (0.05)-> [4243536] -121 (0.06)-> [5305646]
[09/22/2018 08:50:56 AM] [3391697] -660 (0.03)-> [78] -660 (0.05)-> [4243536] -121 (0.08)-> [5305646]
[09/22/2018 08:50:56 AM] [3391697] -660 (0.03)-> [78] -660 (0.06)-> [4243536] -121 (0.19)-> [5305646]
[09/22/2018 08:50:56 AM] [3391697] -660 (0.03)-> [78] -660 (0.06)-> [4243536] -121 (0.08)-> [5305646]
[09/22/2018 08:53:01 AM] [4025631] -189 (0.07)-> [2115741]
[09/22/2018 08:53:01 AM] [4025631] -123 (0.04)-> [5367912] -123 (0.07)-> [5163384] -189 (0.1)-> [2115741]
[09/22/2018 08:53:01 AM] [4025631] -65 (0.03)-> [4110444] -339 (0.04)-> [4110466] -601 (0.05)-> [2115741]
[09/22/2018 08:53:01 AM] [4025631] -65 (0.03)-> [4064325] -167 (0.04)-> [1624667] -311 (0.05)-> [2115741]
[09/22/2018 08:53:01 AM] [4025631] -65 (0.03)-> [4064325] -167 (0.04)-> [1624667] -311 (0.08)-> [2115741]
[09/22/2018 08:58:02 AM] [5528006] -189 (0.07)-> [3782014]
[09/22/2018 08:58:02 AM] [5528006] -123 (0.02)-> [2139301] -123 (0.03)-> [4352459] -189 (0.04)-> [917821] -311 (0.08)-> [402012] -311 (0.15)-> [3782014]
[09/22/2018 08:58:02 AM] [5528006] -123 (0.02)-> [2139301] -123 (0.03)-> [4352459] -189 (0.03)-> [917821] -311 (0.05)-> [402012] -311 (0.07)-> [3782014]
[09/22/2018 08:58:02 AM] [5528006] -123 (0.02)-> [2139301] -123 (0.03)-> [4352459] -189 (0.03)-> [917821] -311 (0.05)-> [402012] -311 (0.08)-> [3782014]
[09/22/2018 08:58:02 AM] [5528006] -123 (0.02)-> [2139301] -123 (0.05)-> [5528006] -189 (0.18)-> [3782014]
[09/22/2018 09:04:51 AM] [846737] -65 (0.04)-> [1321700] -65 (0.09)-> [846745] -189 (0.15)-> [3782014]
[09/22/2018 09:04:51 AM] [846737] -50 (0.02)-> [5067131] -660 (0.03)-> [99] -660 (0.04)-> [5057754] -50 (0.05)-> [4108854] -189 (0.28)-> [3782014]
[09/22/2018 09:04:51 AM] [846737] -50 (0.02)-> [5067131] -660 (0.03)-> [99] -660 (0.04)-> [5057754] -50 (0.05)-> [4108854] -189 (0.07)-> [3782014]
[09/22/2018 09:04:51 AM] [846737] -50 (0.02)-> [5067131] -660 (0.02)-> [99] -660 (0.04)-> [5057754] -50 (0.05)-> [4108854] -189 (0.05)-> [3782014]
[09/22/2018 09:04:51 AM] [846737] -50 (0.02)-> [5067131] -660 (0.02)-> [99] -660 (0.04)-> [5057754] -50 (0.05)-> [4108854] -189 (0.07)-> [3782014]
[09/22/2018 09:09:27 AM] [5163211] -189 (0.07)-> [1156689]
[09/22/2018 09:09:27 AM] [5163211] -123 (0.03)-> [5001236] -123 (0.06)-> [5191475] -189 (0.11)-> [1156689]
[09/22/2018 09:09:27 AM] [5163211] -123 (0.03)-> [5001236] -123 (0.06)-> [5191475] -189 (0.07)-> [1156689]
[09/22/2018 09:09:27 AM] [5163211] -65 (0.02)-> [1230655] -65 (0.03)-> [5495712] -123 (0.04)-> [4538305] -123 (0.05)-> [3841692] -189 (0.06)-> [1156689]
[09/22/2018 09:09:27 AM] [5163211] -65 (0.02)-> [3886197] -659 (0.03)-> [4576076] -65 (0.04)-> [4618669] -189 (0.05)-> [1156689]
[09/22/2018 09:14:32 AM] [482030] -189 (0.07)-> [2364618]
[09/22/2018 09:14:32 AM] [482030] -123 (0.03)-> [3889144] -123 (0.03)-> [2002300] -189 (0.04)-> [2115741] -601 (0.09)-> [5325395] -601 (0.16)-> [2364618]
[09/22/2018 09:14:32 AM] [482030] -123 (0.03)-> [3889144] -123 (0.03)-> [2002300] -189 (0.03)-> [2115741] -601 (0.05)-> [5325395] -601 (0.07)-> [2364618]
[09/22/2018 09:14:32 AM] [482030] -65 (0.02)-> [3678471] -65 (0.03)-> [3506273] -123 (0.04)-> [4937271] -123 (0.06)-> [2916128] -189 (0.09)-> [2364618]
[09/22/2018 09:14:32 AM] [482030] -65 (0.02)-> [3678471] -65 (0.03)-> [3506273] -123 (0.04)-> [4937271] -123 (0.06)-> [2916128] -189 (0.07)-> [2364618]
