[09/25/2018 20:06:38 PM] Launching sm..
[09/25/2018 20:06:38 PM] Dataset: cross_Movies_vs_Directors.csv
[09/25/2018 20:06:38 PM] Output dir: /home/galois/Documents/streamminer/output
[09/25/2018 20:06:38 PM] Read data: (4680, 8) cross_Movies_vs_Directors.csv
[09/25/2018 20:06:38 PM] Note: Found non-NA records: (4680, 8)
[09/25/2018 20:06:42 PM] PID is: 178, with type: int64
[09/25/2018 20:06:49 PM] => Path extraction..(this can take a while)
[09/25/2018 20:08:23 PM] [271704] -652 (0.05)-> [2198015] -192 (0.07)-> [3657574] -652 (0.09)-> [4371531] -652 (0.13)-> [2271263] -478 (0.21)-> [1922571]

[09/25/2018 20:08:23 PM] [271704] -183 (0.05)-> [1904925] -183 (0.07)-> [3089051] -478 (0.1)-> [1922571]

[09/25/2018 20:08:23 PM] [271704] -652 (0.05)-> [2198015] -652 (0.05)-> [1751551] -114 (0.07)-> [1131475] -114 (0.1)-> [295121] -580 (0.25)-> [1922571]

[09/25/2018 20:08:23 PM] [271704] -183 (0.05)-> [1904925] -183 (0.06)-> [5480648] -580 (0.09)-> [2656232] -580 (0.13)-> [3830231] -478 (0.2)-> [1922571]

[09/25/2018 20:08:23 PM] [271704] -183 (0.05)-> [1904925] -183 (0.06)-> [5480648] -580 (0.09)-> [2656232] -410 (0.03)-> [331752] -480 (0.05)-> [1922571]

[09/25/2018 20:09:30 PM] [5246538] -652 (0.08)-> [5432394] -652 (0.12)-> [5030793] -478 (0.22)-> [3137484]

[09/25/2018 20:09:30 PM] [5246538] -478 (0.07)-> [2366754] -478 (0.12)-> [4665792] -652 (0.17)-> [3137484]

[09/25/2018 20:09:30 PM] [5246538] -478 (0.07)-> [2366754] -478 (0.11)-> [5045326] -478 (0.25)-> [3137484]

[09/25/2018 20:09:30 PM] [5246538] -478 (0.07)-> [2366754] -478 (0.11)-> [5045326] -192 (0.07)-> [5412470] -192 (0.11)-> [4270499] -478 (0.18)-> [3137484]

[09/25/2018 20:09:30 PM] [5246538] -478 (0.07)-> [2366754] -478 (0.11)-> [5045326] -652 (0.07)-> [1128326] -652 (0.11)-> [3876723] -478 (0.18)-> [3137484]

[09/25/2018 20:10:56 PM] [477261] -652 (0.07)-> [3471057] -652 (0.12)-> [4270499] -478 (0.18)-> [3137484]

[09/25/2018 20:10:56 PM] [477261] -652 (0.07)-> [3471057] -652 (0.12)-> [4270499] -183 (0.05)-> [5286367] -183 (0.06)-> [3882876] -478 (0.08)-> [3137484]

[09/25/2018 20:10:56 PM] [477261] -580 (0.07)-> [3227342] -580 (0.12)-> [4998658] -652 (0.2)-> [3137484]

[09/25/2018 20:10:56 PM] [477261] -652 (0.07)-> [3471057] -652 (0.12)-> [4270499] -183 (0.05)-> [5286367] -183 (0.1)-> [622623] -652 (0.21)-> [3137484]

[09/25/2018 20:10:56 PM] [477261] -580 (0.07)-> [3227342] -580 (0.06)-> [2021331] -580 (0.09)-> [3376056] -580 (0.12)-> [892300] -652 (0.25)-> [3137484]

[09/25/2018 20:11:54 PM] [5038724] -478 (0.16)-> [1926685]

[09/25/2018 20:11:54 PM] [5038724] -580 (0.07)-> [1287981] -580 (0.12)-> [871003] -652 (0.18)-> [1926685]

[09/25/2018 20:11:54 PM] [5038724] -384 (0.07)-> [1089399] -384 (0.11)-> [5079318] -478 (0.2)-> [1926685]

[09/25/2018 20:11:54 PM] [5038724] -580 (0.07)-> [1287981] -580 (0.12)-> [871003] -114 (0.06)-> [3838694] -114 (0.1)-> [2305219] -652 (0.14)-> [1926685]

[09/25/2018 20:11:54 PM] [5038724] -580 (0.07)-> [1287981] -580 (0.12)-> [871003] -183 (0.06)-> [1873656] -183 (0.08)-> [667299] -652 (0.1)-> [1926685]

[09/25/2018 20:13:41 PM] [1087290] -478 (0.16)-> [1926685]

[09/25/2018 20:13:41 PM] [1087290] -652 (0.05)-> [4320148] -652 (0.07)-> [5094827] -192 (0.08)-> [4040830] -192 (0.15)-> [5052505] -478 (0.24)-> [1926685]

[09/25/2018 20:13:41 PM] [1087290] -652 (0.05)-> [4320148] -652 (0.07)-> [5094827] -580 (0.07)-> [1910460] -580 (0.1)-> [5107868] -478 (0.16)-> [1926685]

[09/25/2018 20:13:41 PM] [1087290] -652 (0.05)-> [4320148] -652 (0.07)-> [5094827] -580 (0.07)-> [1910460] -580 (0.1)-> [3690879] -478 (0.2)-> [1926685]

[09/25/2018 20:13:41 PM] [1087290] -652 (0.05)-> [4320148] -652 (0.07)-> [5094827] -192 (0.08)-> [4040830] -192 (0.1)-> [4482823] -478 (0.22)-> [1926685]

[09/25/2018 20:14:34 PM] [2495295] -478 (0.16)-> [1923036]

[09/25/2018 20:14:34 PM] [2495295] -652 (0.08)-> [4404409] -652 (0.13)-> [507154] -478 (0.19)-> [1923036]

[09/25/2018 20:14:34 PM] [2495295] -478 (0.07)-> [2250670] -478 (0.12)-> [507154] -478 (0.16)-> [1923036]

[09/25/2018 20:14:34 PM] [2495295] -478 (0.07)-> [2250670] -478 (0.11)-> [1880549] -478 (0.27)-> [1923036]

[09/25/2018 20:14:34 PM] [2495295] -652 (0.08)-> [4404409] -652 (0.11)-> [3484140] -478 (0.27)-> [1923036]

[09/25/2018 20:15:27 PM] [3669342] -478 (0.16)-> [1923036]

[09/25/2018 20:15:27 PM] [3669342] -114 (0.07)-> [2777602] -114 (0.11)-> [507154] -478 (0.15)-> [1923036]

[09/25/2018 20:15:27 PM] [3669342] -580 (0.07)-> [2611043] -580 (0.11)-> [5599224] -478 (0.16)-> [1923036]

[09/25/2018 20:15:27 PM] [3669342] -580 (0.07)-> [2611043] -580 (0.1)-> [3669889] -478 (0.22)-> [1923036]

[09/25/2018 20:15:27 PM] [3669342] -114 (0.07)-> [2777602] -114 (0.11)-> [1880549] -478 (0.25)-> [1923036]

[09/25/2018 20:16:15 PM] [5053704] -478 (0.14)-> [2706079]

[09/25/2018 20:16:15 PM] [5053704] -652 (0.07)-> [1585378] -652 (0.13)-> [4627895] -478 (0.17)-> [2706079]

[09/25/2018 20:16:15 PM] [5053704] -192 (0.07)-> [2035103] -652 (0.11)-> [5491613] -652 (0.15)-> [2706079]

[09/25/2018 20:16:15 PM] [5053704] -652 (0.07)-> [1585378] -652 (0.11)-> [3498141] -652 (0.29)-> [2706079]

[09/25/2018 20:16:15 PM] [5053704] -192 (0.07)-> [2035103] -652 (0.11)-> [5078972] -652 (0.31)-> [2706079]

[09/25/2018 20:17:26 PM] [5048299] -580 (0.07)-> [2580622] -580 (0.11)-> [5024314] -478 (0.17)-> [2706079]

[09/25/2018 20:17:26 PM] [5048299] -580 (0.06)-> [2297417] -580 (0.1)-> [1899312] -478 (0.14)-> [2706079]

[09/25/2018 20:17:26 PM] [5048299] -580 (0.06)-> [2297417] -580 (0.1)-> [5024314] -478 (0.24)-> [2706079]

[09/25/2018 20:17:26 PM] [5048299] -580 (0.06)-> [2297417] -580 (0.1)-> [1899312] -384 (0.08)-> [4358316] -46 (0.18)-> [2706079]

[09/25/2018 20:17:26 PM] [5048299] -580 (0.07)-> [2580622] -580 (0.06)-> [3916727] -580 (0.09)-> [4857858] -580 (0.12)-> [4548945] -478 (0.22)-> [2706079]

[09/25/2018 20:18:38 PM] [2365295] -580 (0.06)-> [3459979] -580 (0.11)-> [4377353] -478 (0.16)-> [2706079]

[09/25/2018 20:18:38 PM] [2365295] -580 (0.06)-> [1552544] -391 (0.1)-> [5024314] -478 (0.15)-> [2706079]

[09/25/2018 20:18:38 PM] [2365295] -580 (0.06)-> [3459979] -580 (0.09)-> [5074643] -478 (0.22)-> [2706079]

[09/25/2018 20:18:38 PM] [2365295] -580 (0.06)-> [1552544] -391 (0.1)-> [5024314] -652 (0.07)-> [2560163] -652 (0.13)-> [3498141] -652 (0.2)-> [2706079]

[09/25/2018 20:18:38 PM] [2365295] -580 (0.06)-> [1552544] -391 (0.1)-> [5024314] -384 (0.06)-> [462042] -384 (0.09)-> [1879835] -478 (0.13)-> [2706079]

[09/25/2018 20:19:26 PM] [5074643] -478 (0.14)-> [2706079]

[09/25/2018 20:19:26 PM] [5074643] -652 (0.07)-> [1927982] -652 (0.13)-> [5057511] -478 (0.2)-> [2706079]

[09/25/2018 20:19:26 PM] [5074643] -478 (0.07)-> [3504146] -478 (0.11)-> [5085188] -478 (0.17)-> [2706079]

[09/25/2018 20:19:26 PM] [5074643] -652 (0.07)-> [1927982] -652 (0.1)-> [1557727] -478 (0.25)-> [2706079]

[09/25/2018 20:19:26 PM] [5074643] -478 (0.07)-> [3504146] -478 (0.1)-> [4377353] -478 (0.26)-> [2706079]

[09/25/2018 20:20:12 PM] [5023341] -478 (0.17)-> [3114757]

[09/25/2018 20:20:12 PM] [5023341] -652 (0.08)-> [5386383] -652 (0.14)-> [3311887] -478 (0.23)-> [3114757]

[09/25/2018 20:20:12 PM] [5023341] -580 (0.07)-> [2476254] -580 (0.11)-> [3692941] -652 (0.17)-> [3114757]

[09/25/2018 20:20:12 PM] [5023341] -580 (0.07)-> [2476254] -580 (0.11)-> [3230548] -478 (0.22)-> [3114757]

[09/25/2018 20:20:12 PM] [5023341] -652 (0.08)-> [5386383] -652 (0.14)-> [3311887] -192 (0.07)-> [3089458] -192 (0.1)-> [2113271] -478 (0.16)-> [3114757]

[09/25/2018 20:21:02 PM] [2113271] -478 (0.17)-> [3114757]

[09/25/2018 20:21:02 PM] [2113271] -384 (0.07)-> [4393950] -384 (0.12)-> [5025063] -478 (0.17)-> [3114757]

[09/25/2018 20:21:02 PM] [2113271] -192 (0.07)-> [3089458] -192 (0.11)-> [3311887] -478 (0.16)-> [3114757]

[09/25/2018 20:21:02 PM] [2113271] -384 (0.07)-> [4393950] -384 (0.12)-> [5025063] -183 (0.05)-> [4251385] -183 (0.07)-> [3692941] -652 (0.09)-> [3114757]

[09/25/2018 20:21:02 PM] [2113271] -384 (0.07)-> [4393950] -384 (0.11)-> [3694348] -652 (0.24)-> [3114757]

[09/25/2018 20:22:06 PM] [2118213] -580 (0.05)-> [3128804] -580 (0.07)-> [1876566] -652 (0.08)-> [279696] -652 (0.12)-> [354504] -478 (0.18)-> [5355076]

[09/25/2018 20:22:06 PM] [2118213] -580 (0.05)-> [3128804] -580 (0.07)-> [1876566] -652 (0.08)-> [279696] -652 (0.12)-> [354504] -183 (0.04)-> [3996423] -183 (0.06)-> [4306870] -114 (0.08)-> [5355076]

[09/25/2018 20:22:06 PM] [2118213] -192 (0.05)-> [2216470] -192 (0.07)-> [4306871] -478 (0.08)-> [1566925] -652 (0.12)-> [5047796] -114 (0.2)-> [5355076]

[09/25/2018 20:22:06 PM] [2118213] -192 (0.05)-> [2216470] -192 (0.07)-> [4306871] -384 (0.06)-> [462042] -384 (0.1)-> [645567] -114 (0.13)-> [5355076]

[09/25/2018 20:22:06 PM] [2118213] -192 (0.05)-> [2216470] -192 (0.07)-> [4306871] -478 (0.08)-> [1566925] -652 (0.12)-> [5047796] -313 (0.04)-> [4721740] -313 (0.05)-> [295033] -114 (0.06)-> [5355076]

[09/25/2018 20:22:49 PM] [3670509] -384 (0.07)-> [1381140] -384 (0.1)-> [5037909] -478 (0.15)-> [5524098]

[09/25/2018 20:22:49 PM] [3670509] -652 (0.06)-> [2033048] -652 (0.08)-> [5065496] -580 (0.12)-> [3366539] -578 (0.21)-> [5524098]

[09/25/2018 20:22:49 PM] [3670509] -384 (0.07)-> [1381140] -384 (0.07)-> [1320364] -580 (0.11)-> [3366539] -578 (0.23)-> [5524098]

[09/25/2018 20:22:49 PM] [3670509] -384 (0.07)-> [1381140] -384 (0.07)-> [1320364] -580 (0.07)-> [1840271] -580 (0.11)-> [2644146] -478 (0.19)-> [5524098]

[09/25/2018 20:22:49 PM] [3670509] -652 (0.06)-> [2033048] -652 (0.08)-> [5065496] -580 (0.05)-> [1927667] -580 (0.07)-> [5080829] -580 (0.11)-> [3366539] -578 (0.16)-> [5524098]

[09/25/2018 20:23:32 PM] [5025469] -580 (0.07)-> [1950279] -580 (0.1)-> [5037909] -478 (0.15)-> [5524098]

[09/25/2018 20:23:32 PM] [5025469] -192 (0.05)-> [1375874] -192 (0.07)-> [5047827] -580 (0.1)-> [3366539] -578 (0.15)-> [5524098]

[09/25/2018 20:23:32 PM] [5025469] -192 (0.05)-> [1375874] -192 (0.07)-> [5047827] -652 (0.05)-> [4190962] -294 (0.09)-> [2595659] -294 (0.17)-> [5524098]

[09/25/2018 20:23:32 PM] [5025469] -580 (0.07)-> [1950279] -580 (0.07)-> [4760738] -580 (0.12)-> [3366539] -578 (0.23)-> [5524098]

[09/25/2018 20:23:32 PM] [5025469] -192 (0.05)-> [1375874] -192 (0.06)-> [5068222] -384 (0.09)-> [300500] -384 (0.12)-> [5050816] -478 (0.22)-> [5524098]

[09/25/2018 20:24:14 PM] [801446] -580 (0.07)-> [2375080] -580 (0.11)-> [2365840] -478 (0.19)-> [5524098]

[09/25/2018 20:24:14 PM] [801446] -580 (0.07)-> [1139581] -580 (0.1)-> [5026335] -478 (0.15)-> [5524098]

[09/25/2018 20:24:14 PM] [801446] -580 (0.07)-> [1139581] -580 (0.1)-> [5026335] -192 (0.07)-> [4406331] -192 (0.11)-> [5032118] -478 (0.17)-> [5524098]

[09/25/2018 20:24:14 PM] [801446] -580 (0.07)-> [1139581] -580 (0.1)-> [5026335] -478 (0.07)-> [2157089] -580 (0.1)-> [4440563] -478 (0.16)-> [5524098]

[09/25/2018 20:24:14 PM] [801446] -580 (0.07)-> [1139581] -580 (0.06)-> [4474483] -580 (0.08)-> [2626538] -580 (0.11)-> [1072648] -478 (0.23)-> [5524098]

[09/25/2018 20:25:37 PM] [1075883] -192 (0.05)-> [3957148] -192 (0.07)-> [1959458] -580 (0.1)-> [3151291] -578 (0.15)-> [3521295]

[09/25/2018 20:25:37 PM] [1075883] -478 (0.05)-> [2216434] -478 (0.07)-> [5063272] -580 (0.1)-> [3151291] -578 (0.13)-> [3521295]

[09/25/2018 20:25:37 PM] [1075883] -192 (0.05)-> [3957148] -192 (0.06)-> [2583841] -391 (0.09)-> [439973] -478 (0.12)-> [4442860] -478 (0.22)-> [3521295]

[09/25/2018 20:25:37 PM] [1075883] -192 (0.05)-> [3957148] -192 (0.06)-> [2583841] -652 (0.05)-> [1126715] -478 (0.08)-> [5089951] -652 (0.12)-> [828684] -578 (0.2)-> [3521295]

[09/25/2018 20:25:37 PM] [1075883] -192 (0.05)-> [3957148] -192 (0.06)-> [2583841] -652 (0.05)-> [1126715] -478 (0.08)-> [5089951] -114 (0.06)-> [1686020] -114 (0.1)-> [4442860] -478 (0.17)-> [3521295]

[09/25/2018 20:26:38 PM] [5060734] -652 (0.16)-> [859075]

[09/25/2018 20:26:38 PM] [5060734] -652 (0.07)-> [1121472] -652 (0.12)-> [5061845] -652 (0.17)-> [859075]

[09/25/2018 20:26:38 PM] [5060734] -192 (0.07)-> [1535534] -192 (0.11)-> [5061845] -652 (0.16)-> [859075]

[09/25/2018 20:26:38 PM] [5060734] -192 (0.07)-> [1535534] -478 (0.11)-> [2478717] -652 (0.24)-> [859075]

[09/25/2018 20:26:38 PM] [5060734] -652 (0.07)-> [1121472] -652 (0.11)-> [5018579] -652 (0.27)-> [859075]

[09/25/2018 20:27:41 PM] [5022124] -652 (0.16)-> [859075]

[09/25/2018 20:27:41 PM] [5022124] -652 (0.08)-> [2400974] -652 (0.13)-> [5073735] -652 (0.19)-> [859075]

[09/25/2018 20:27:41 PM] [5022124] -580 (0.07)-> [2525371] -580 (0.1)-> [5044729] -652 (0.15)-> [859075]

[09/25/2018 20:27:41 PM] [5022124] -580 (0.07)-> [2525371] -580 (0.11)-> [705606] -652 (0.25)-> [859075]

[09/25/2018 20:27:41 PM] [5022124] -652 (0.08)-> [2400974] -652 (0.11)-> [5044729] -652 (0.27)-> [859075]

[09/25/2018 20:28:26 PM] [5088185] -652 (0.16)-> [2713121]

[09/25/2018 20:28:26 PM] [5088185] -580 (0.08)-> [5437283] -111 (0.16)-> [2713121]

[09/25/2018 20:28:26 PM] [5088185] -580 (0.07)-> [2382342] -580 (0.1)-> [5021407] -652 (0.15)-> [2713121]

[09/25/2018 20:28:26 PM] [5088185] -580 (0.07)-> [2382342] -580 (0.1)-> [2323477] -652 (0.23)-> [2713121]

[09/25/2018 20:28:26 PM] [5088185] -580 (0.07)-> [2382342] -580 (0.1)-> [5021407] -580 (0.07)-> [1217725] -580 (0.1)-> [2944943] -652 (0.16)-> [2713121]

[09/25/2018 20:29:16 PM] [294189] -652 (0.16)-> [2773975]

[09/25/2018 20:29:16 PM] [294189] -580 (0.07)-> [3157002] -580 (0.11)-> [3831323] -652 (0.17)-> [2773975]

[09/25/2018 20:29:16 PM] [294189] -580 (0.07)-> [2615926] -580 (0.11)-> [4067585] -652 (0.17)-> [2773975]

[09/25/2018 20:29:16 PM] [294189] -580 (0.07)-> [3157002] -580 (0.06)-> [4378746] -652 (0.1)-> [2310681] -506 (0.22)-> [2773975]

[09/25/2018 20:29:16 PM] [294189] -580 (0.07)-> [3157002] -580 (0.06)-> [4378746] -580 (0.07)-> [2526691] -580 (0.11)-> [4749152] -652 (0.15)-> [2773975]

[09/25/2018 20:30:03 PM] [476177] -652 (0.16)-> [2773975]

[09/25/2018 20:30:03 PM] [476177] -192 (0.07)-> [754540] -192 (0.1)-> [3831323] -652 (0.15)-> [2773975]

[09/25/2018 20:30:03 PM] [476177] -478 (0.06)-> [1400347] -478 (0.1)-> [3831323] -652 (0.14)-> [2773975]

[09/25/2018 20:30:03 PM] [476177] -192 (0.07)-> [754540] -192 (0.1)-> [4067585] -652 (0.21)-> [2773975]

[09/25/2018 20:30:03 PM] [476177] -478 (0.06)-> [1400347] -478 (0.11)-> [4067585] -652 (0.23)-> [2773975]

[09/25/2018 20:30:57 PM] [295808] -478 (0.16)-> [2043269]

[09/25/2018 20:30:57 PM] [295808] -192 (0.07)-> [5510660] -192 (0.11)-> [4773592] -478 (0.17)-> [2043269]

[09/25/2018 20:30:57 PM] [295808] -114 (0.07)-> [5502281] -114 (0.1)-> [5049110] -652 (0.15)-> [2043269]

[09/25/2018 20:30:57 PM] [295808] -114 (0.07)-> [5502281] -114 (0.1)-> [5038308] -478 (0.2)-> [2043269]

[09/25/2018 20:30:57 PM] [295808] -192 (0.07)-> [5510660] -192 (0.11)-> [4773592] -580 (0.07)-> [2666451] -580 (0.1)-> [2177061] -478 (0.16)-> [2043269]

[09/25/2018 20:32:18 PM] [2073531] -54 (0.12)-> [2043269]

[09/25/2018 20:32:18 PM] [2073531] -384 (0.04)-> [1513649] -384 (0.06)-> [3647701] -652 (0.07)-> [1355914] -652 (0.1)-> [5085978] -478 (0.14)-> [2043269]

[09/25/2018 20:32:18 PM] [2073531] -311 (0.04)-> [4418272] -580 (0.05)-> [5089469] -652 (0.06)-> [2560954] -652 (0.08)-> [5049110] -652 (0.11)-> [2043269]

[09/25/2018 20:32:18 PM] [2073531] -311 (0.04)-> [4418272] -580 (0.05)-> [5089469] -580 (0.05)-> [2738316] -580 (0.07)-> [1521383] -478 (0.09)-> [2043270] -111 (0.13)-> [2043269]

[09/25/2018 20:32:18 PM] [2073531] -311 (0.04)-> [4418272] -580 (0.05)-> [5089469] -580 (0.05)-> [2738316] -580 (0.07)-> [1521383] -580 (0.06)-> [2567516] -580 (0.1)-> [5385186] -478 (0.14)-> [2043269]

[09/25/2018 20:33:51 PM] [1961549] -580 (0.07)-> [1450162] -580 (0.11)-> [5085255] -478 (0.16)-> [1944581]

[09/25/2018 20:33:51 PM] [1961549] -478 (0.05)-> [977699] -478 (0.07)-> [5053764] -652 (0.08)-> [2489818] -652 (0.12)-> [5085255] -478 (0.19)-> [1944581]

[09/25/2018 20:33:51 PM] [1961549] -580 (0.07)-> [1450162] -580 (0.06)-> [4645655] -580 (0.08)-> [5466525] -580 (0.11)-> [294716] -478 (0.21)-> [1944581]

[09/25/2018 20:33:51 PM] [1961549] -478 (0.05)-> [977699] -478 (0.06)-> [523313] -114 (0.08)-> [2524378] -114 (0.11)-> [5085255] -478 (0.24)-> [1944581]

[09/25/2018 20:33:51 PM] [1961549] -478 (0.05)-> [977699] -478 (0.07)-> [5053764] -580 (0.05)-> [4393558] -580 (0.06)-> [2983519] -580 (0.07)-> [3405031] -580 (0.12)-> [2407690] -114 (0.19)-> [1944581]

[09/25/2018 20:35:33 PM] [294716] -478 (0.18)-> [1944581]

[09/25/2018 20:35:33 PM] [294716] -580 (0.06)-> [4916852] -580 (0.07)-> [5080900] -652 (0.1)-> [3518448] -652 (0.11)-> [1876229] -478 (0.17)-> [1944581]

[09/25/2018 20:35:33 PM] [294716] -183 (0.05)-> [1261616] -183 (0.06)-> [793801] -478 (0.08)-> [1944581]

[09/25/2018 20:35:33 PM] [294716] -580 (0.06)-> [4916852] -580 (0.07)-> [5080900] -652 (0.1)-> [3518448] -652 (0.11)-> [1876229] -183 (0.05)-> [5447382] -183 (0.06)-> [5085255] -478 (0.08)-> [1944581]

[09/25/2018 20:35:33 PM] [294716] -183 (0.05)-> [1261616] -183 (0.06)-> [5056783] -580 (0.08)-> [3405031] -580 (0.1)-> [2407690] -114 (0.23)-> [1944581]

[09/25/2018 20:36:54 PM] [3914216] -114 (0.07)-> [912210] -114 (0.11)-> [4803747] -478 (0.17)-> [1670976]

[09/25/2018 20:36:54 PM] [3914216] -192 (0.07)-> [2016979] -192 (0.11)-> [4803747] -478 (0.16)-> [1670976]

[09/25/2018 20:36:54 PM] [3914216] -114 (0.07)-> [912210] -114 (0.11)-> [727213] -478 (0.24)-> [1670976]

[09/25/2018 20:36:54 PM] [3914216] -192 (0.07)-> [2016979] -192 (0.11)-> [727213] -478 (0.24)-> [1670976]

[09/25/2018 20:36:54 PM] [3914216] -192 (0.07)-> [2016979] -192 (0.11)-> [727213] -384 (0.08)-> [2933391] -384 (0.12)-> [5491491] -478 (0.19)-> [1670976]

[09/25/2018 20:38:59 PM] [3420508] -478 (0.05)-> [2245781] -478 (0.06)-> [5055742] -580 (0.08)-> [5438266] -580 (0.13)-> [361585] -478 (0.21)-> [1459329]

[09/25/2018 20:38:59 PM] [3420508] -580 (0.05)-> [1732922] -580 (0.06)-> [5090926] -652 (0.07)-> [1355932] -652 (0.09)-> [3604472] -478 (0.14)-> [1459329]

[09/25/2018 20:38:59 PM] [3420508] -478 (0.05)-> [2245781] -478 (0.06)-> [5055742] -114 (0.05)-> [1733828] -114 (0.06)-> [5043812] -384 (0.07)-> [2933391] -384 (0.1)-> [3604472] -478 (0.15)-> [1459329]

[09/25/2018 20:38:59 PM] [3420508] -580 (0.05)-> [1732922] -580 (0.06)-> [4911766] -580 (0.08)-> [4919887] -580 (0.11)-> [3604472] -478 (0.25)-> [1459329]

[09/25/2018 20:38:59 PM] [3420508] -580 (0.05)-> [1732922] -580 (0.06)-> [4911766] -580 (0.04)-> [5186803] -580 (0.06)-> [263673] -580 (0.07)-> [4919887] -580 (0.1)-> [3604472] -478 (0.15)-> [1459329]

[09/25/2018 20:40:24 PM] [5029407] -192 (0.07)-> [4095803] -192 (0.11)-> [4904028] -652 (0.18)-> [1424344]

[09/25/2018 20:40:24 PM] [5029407] -580 (0.07)-> [419355] -580 (0.1)-> [295592] -652 (0.16)-> [1424344]

[09/25/2018 20:40:24 PM] [5029407] -192 (0.07)-> [4095803] -192 (0.11)-> [2339567] -652 (0.21)-> [1424344]

[09/25/2018 20:40:24 PM] [5029407] -580 (0.07)-> [419355] -580 (0.11)-> [3904807] -652 (0.22)-> [1424344]

[09/25/2018 20:40:24 PM] [5029407] -580 (0.07)-> [419355] -580 (0.11)-> [3904807] -580 (0.09)-> [2907525] -578 (0.18)-> [1424344]

[09/25/2018 20:41:53 PM] [3087225] -384 (0.07)-> [3461212] -384 (0.1)-> [295592] -652 (0.14)-> [1424344]

[09/25/2018 20:41:53 PM] [3087225] -114 (0.06)-> [1945218] -114 (0.1)-> [1741947] -192 (0.15)-> [1424344]

[09/25/2018 20:41:53 PM] [3087225] -114 (0.06)-> [1945218] -114 (0.1)-> [265347] -192 (0.21)-> [1424344]

[09/25/2018 20:41:53 PM] [3087225] -384 (0.07)-> [3461212] -384 (0.06)-> [4494277] -478 (0.08)-> [590398] -652 (0.11)-> [878990] -652 (0.23)-> [1424344]

[09/25/2018 20:41:53 PM] [3087225] -384 (0.07)-> [3461212] -384 (0.06)-> [4494277] -580 (0.07)-> [5216828] -580 (0.1)-> [5070875] -652 (0.15)-> [1424344]

[09/25/2018 20:42:56 PM] [2075856] -580 (0.05)-> [2312894] -580 (0.07)-> [2010691] -580 (0.12)-> [2815270] -578 (0.21)-> [5372647]

[09/25/2018 20:42:56 PM] [2075856] -478 (0.05)-> [652754] -478 (0.07)-> [3190340] -580 (0.11)-> [2815270] -578 (0.17)-> [5372647]

[09/25/2018 20:42:56 PM] [2075856] -478 (0.05)-> [652754] -478 (0.07)-> [3190340] -580 (0.11)-> [2815270] -111 (0.08)-> [3198184] -111 (0.14)-> [5372647]

[09/25/2018 20:42:56 PM] [2075856] -580 (0.05)-> [2312894] -580 (0.07)-> [2010691] -580 (0.12)-> [2815270] -111 (0.08)-> [3198184] -111 (0.14)-> [5372647]

[09/25/2018 20:42:56 PM] [2075856] -478 (0.05)-> [652754] -478 (0.07)-> [1892459] -580 (0.11)-> [2815270] -578 (0.26)-> [5372647]

[09/25/2018 20:44:28 PM] [2633828] -56 (0.06)-> [3914187] -56 (0.08)-> [3117072] -384 (0.11)-> [5472814] -478 (0.27)-> [4408370]

[09/25/2018 20:44:28 PM] [2633828] -56 (0.06)-> [3914187] -56 (0.08)-> [3117072] -383 (0.04)-> [4713793] -383 (0.06)-> [4363558] -384 (0.07)-> [5082842] -478 (0.2)-> [4408370]

[09/25/2018 20:44:28 PM] [2633828] -56 (0.06)-> [3914187] -50 (0.05)-> [832300] -348 (0.06)-> [1535130] -50 (0.07)-> [1999763] -652 (0.11)-> [3692941] -192 (0.17)-> [4408370]

[09/25/2018 20:44:28 PM] [2633828] -56 (0.06)-> [3914187] -50 (0.05)-> [832300] -348 (0.06)-> [1535130] -383 (0.04)-> [2816878] -384 (0.05)-> [2190259] -580 (0.06)-> [3735145] -580 (0.09)-> [5472814] -478 (0.12)-> [4408370]

[09/25/2018 20:44:28 PM] [2633828] -294 (0.03)-> [1196946] -294 (0.04)-> [2027681] -578 (0.05)-> [5344319] -580 (0.06)-> [3229015] -652 (0.07)-> [3651088] -652 (0.1)-> [268178] -192 (0.19)-> [4408370]

[09/25/2018 20:45:09 PM] [5082842] -478 (0.17)-> [4408370]

[09/25/2018 20:45:09 PM] [5082842] -652 (0.08)-> [1733842] -652 (0.13)-> [5472814] -478 (0.21)-> [4408370]

[09/25/2018 20:45:09 PM] [5082842] -384 (0.07)-> [2480732] -384 (0.12)-> [5472814] -478 (0.2)-> [4408370]

[09/25/2018 20:45:09 PM] [5082842] -384 (0.07)-> [2480732] -384 (0.12)-> [5472814] -580 (0.07)-> [4488340] -580 (0.12)-> [5050414] -478 (0.18)-> [4408370]

[09/25/2018 20:45:09 PM] [5082842] -652 (0.08)-> [1733842] -652 (0.13)-> [5472814] -580 (0.07)-> [4488340] -580 (0.12)-> [5050414] -478 (0.18)-> [4408370]

