[09/23/2018 05:10:09 AM] Launching sm..
[09/23/2018 05:10:09 AM] Dataset: sub_sample.csv
[09/23/2018 05:10:09 AM] Output dir: /home/alex/Documents/streamminer/output
[09/23/2018 05:10:09 AM] Read data: (39, 7) sub_sample.csv
[09/23/2018 05:10:09 AM] Note: Found non-NA records: (39, 7)
[09/23/2018 05:10:10 AM] Relation is: (392035.0, 599.0, 2115741.0)
[09/23/2018 05:10:14 AM] => Path extraction..(this can take a while)
[09/23/2018 05:29:41 AM] Launching sm..
[09/23/2018 05:29:41 AM] Dataset: sub_sample.csv
[09/23/2018 05:29:41 AM] Output dir: /home/alex/Documents/streamminer/output
[09/23/2018 05:29:41 AM] Read data: (39, 7) sub_sample.csv
[09/23/2018 05:29:41 AM] Note: Found non-NA records: (39, 7)
[09/23/2018 05:29:41 AM] PID is: 599.0, with type: float64
[09/23/2018 05:29:46 AM] => Path extraction..(this can take a while)
[09/23/2018 05:32:36 AM] Launching sm..
[09/23/2018 05:32:36 AM] Dataset: sub_sample.csv
[09/23/2018 05:32:36 AM] Output dir: /home/alex/Documents/streamminer/output
[09/23/2018 05:32:36 AM] Read data: (39, 7) sub_sample.csv
[09/23/2018 05:32:36 AM] Note: Found non-NA records: (39, 7)
[09/23/2018 05:32:38 AM] PID is: 599.0, with type: float64
[09/23/2018 05:32:42 AM] => Path extraction..(this can take a while)
[09/23/2018 05:49:08 AM] Launching sm..
[09/23/2018 05:49:08 AM] Dataset: sub_sample.csv
[09/23/2018 05:49:08 AM] Output dir: /home/alex/Documents/streamminer/output
[09/23/2018 05:49:08 AM] Read data: (39, 7) sub_sample.csv
[09/23/2018 05:49:08 AM] Note: Found non-NA records: (39, 7)
[09/23/2018 05:49:09 AM] Relation is: (392035.0, 599.0, 2115741.0)
[09/23/2018 05:49:13 AM] => Path extraction..(this can take a while)
[09/23/2018 05:52:24 AM] SPO: [ 392035 599 2115741], Score: 0.0677970562743, Length: (1)
[392035] --189 (0.07)-> [2115741]
[09/23/2018 05:52:24 AM] SPO: [ 392035 599 2115741], Score: 0.129642864833, Length: (3)
[392035] --660 (0.03)-> [78] --660 (0.04)-> [4475218] --236 (0.06)-> [2115741]
[09/23/2018 05:52:24 AM] SPO: [ 392035 599 2115741], Score: 0.157766240237, Length: (3)
[392035] --660 (0.03)-> [78] --660 (0.04)-> [4475218] --236 (0.09)-> [2115741]
[09/23/2018 05:52:24 AM] SPO: [ 392035 599 2115741], Score: 0.229562230371, Length: (3)
[392035] --660 (0.03)-> [78] --660 (0.06)-> [4475218] --236 (0.14)-> [2115741]
[09/23/2018 05:52:24 AM] SPO: [ 392035 599 2115741], Score: 0.171627647494, Length: (3)
[392035] --660 (0.03)-> [78] --660 (0.06)-> [4475218] --236 (0.09)-> [2115741]
[09/23/2018 05:53:38 AM] Launching sm..
[09/23/2018 05:53:38 AM] Dataset: sub_sample.csv
[09/23/2018 05:53:38 AM] Output dir: /home/alex/Documents/streamminer/output
[09/23/2018 05:53:38 AM] Read data: (39, 7) sub_sample.csv
[09/23/2018 05:53:38 AM] Note: Found non-NA records: (39, 7)
[09/23/2018 05:53:38 AM] Relation is: (392035.0, 599.0, 2115741.0)
[09/23/2018 05:53:43 AM] => Path extraction..(this can take a while)
[09/23/2018 05:56:46 AM] SPO: [ 392035 599 2115741], Score: 0.0677970562743, Length: (1)
[392035] --189 (0.07)-> [2115741]
[09/23/2018 05:56:46 AM] SPO: [ 392035 599 2115741], Score: 0.129642864833, Length: (3)
[392035] --660 (0.03)-> [78] --660 (0.04)-> [4475218] --236 (0.06)-> [2115741]
[09/23/2018 05:56:46 AM] SPO: [ 392035 599 2115741], Score: 0.157766240237, Length: (3)
[392035] --660 (0.03)-> [78] --660 (0.04)-> [4475218] --236 (0.09)-> [2115741]
[09/23/2018 05:56:46 AM] SPO: [ 392035 599 2115741], Score: 0.229562230371, Length: (3)
[392035] --660 (0.03)-> [78] --660 (0.06)-> [4475218] --236 (0.14)-> [2115741]
[09/23/2018 05:56:46 AM] SPO: [ 392035 599 2115741], Score: 0.171627647494, Length: (3)
[392035] --660 (0.03)-> [78] --660 (0.06)-> [4475218] --236 (0.09)-> [2115741]
[09/23/2018 05:59:04 AM] SPO: [ 392035 599 4119746], Score: 0.146804040157, Length: (3)
[392035] --65 (0.03)-> [3783749] --65 (0.05)-> [3612042] --189 (0.07)-> [4119746]
[09/23/2018 05:59:04 AM] SPO: [ 392035 599 4119746], Score: 0.145355777708, Length: (3)
[392035] --189 (0.03)-> [2115741] --121 (0.05)-> [4863355] --189 (0.07)-> [4119746]
[09/23/2018 05:59:04 AM] SPO: [ 392035 599 4119746], Score: 0.148539388868, Length: (3)
[392035] --189 (0.03)-> [2115741] --121 (0.05)-> [4863355] --189 (0.07)-> [4119746]
[09/23/2018 05:59:04 AM] SPO: [ 392035 599 4119746], Score: 0.220809026414, Length: (3)
[392035] --189 (0.03)-> [2115741] --121 (0.05)-> [4863355] --189 (0.14)-> [4119746]
[09/23/2018 05:59:04 AM] SPO: [ 392035 599 4119746], Score: 0.150117441303, Length: (3)
[392035] --189 (0.03)-> [2115741] --121 (0.05)-> [4863355] --189 (0.07)-> [4119746]
[09/23/2018 06:04:47 AM] Launching sm..
[09/23/2018 06:04:47 AM] Dataset: sub_sample.csv
[09/23/2018 06:04:47 AM] Output dir: /home/alex/Documents/streamminer/output
[09/23/2018 06:04:47 AM] Read data: (39, 7) sub_sample.csv
[09/23/2018 06:04:47 AM] Note: Found non-NA records: (39, 7)
[09/23/2018 06:04:47 AM] Reconstructing graph from /home/alex/Documents/streamminer/data/kg/_undir
[09/23/2018 06:04:47 AM] 

[09/23/2018 06:04:48 AM] => Loaded: undir_data.npy
[09/23/2018 06:04:48 AM] 

[09/23/2018 06:04:48 AM] => Loaded: undir_indptr.npy
[09/23/2018 06:04:48 AM] 

[09/23/2018 06:04:48 AM] => Loaded: undir_indices.npy
[09/23/2018 06:04:48 AM] 

[09/23/2018 06:04:48 AM] => Loaded: undir_indeg_vec.npy
[09/23/2018 06:04:48 AM] 

[09/23/2018 06:04:48 AM] => Graph loaded: 1.10 secs.

[09/23/2018 06:04:48 AM] 

[09/23/2018 06:04:48 AM] Relation is: (392035.0, 599.0, 2115741.0)
[09/23/2018 06:04:53 AM] => Path extraction..(this can take a while)
[09/23/2018 06:07:20 AM] Launching sm..
[09/23/2018 06:07:20 AM] Dataset: sub_sample.csv
[09/23/2018 06:07:20 AM] Output dir: /home/alex/Documents/streamminer/output
[09/23/2018 06:07:20 AM] Read data: (39, 7) sub_sample.csv
[09/23/2018 06:07:20 AM] Note: Found non-NA records: (39, 7)
[09/23/2018 06:07:20 AM] Reconstructing graph from /home/alex/Documents/streamminer/data/kg/_undir
[09/23/2018 06:07:20 AM] 

[09/23/2018 06:07:20 AM] => Loaded: undir_data.npy
[09/23/2018 06:07:20 AM] 

[09/23/2018 06:07:20 AM] => Loaded: undir_indptr.npy
[09/23/2018 06:07:20 AM] 

[09/23/2018 06:07:20 AM] => Loaded: undir_indices.npy
[09/23/2018 06:07:20 AM] 

[09/23/2018 06:07:21 AM] => Loaded: undir_indeg_vec.npy
[09/23/2018 06:07:21 AM] 

[09/23/2018 06:07:21 AM] => Graph loaded: 0.52 secs.

[09/23/2018 06:07:21 AM] 

[09/23/2018 06:07:21 AM] Relation is: (392035.0, 599.0, 2115741.0)
[09/23/2018 06:07:27 AM] => Path extraction..(this can take a while)
[09/23/2018 06:08:06 AM] SPO: [ 392035 599 2115741], Score: 0.0677970562743, Length: (1)
[392035] --189 (0.07)-> [2115741]
[09/23/2018 06:08:07 AM] SPO: [ 392035 599 2115741], Score: 0.129642864833, Length: (3)
[392035] --660 (0.03)-> [78] --660 (0.04)-> [4475218] --236 (0.06)-> [2115741]
[09/23/2018 06:08:07 AM] SPO: [ 392035 599 2115741], Score: 0.157766240237, Length: (3)
[392035] --660 (0.03)-> [78] --660 (0.04)-> [4475218] --236 (0.09)-> [2115741]
[09/23/2018 06:08:07 AM] SPO: [ 392035 599 2115741], Score: 0.229562230371, Length: (3)
[392035] --660 (0.03)-> [78] --660 (0.06)-> [4475218] --236 (0.14)-> [2115741]
[09/23/2018 06:08:07 AM] SPO: [ 392035 599 2115741], Score: 0.171627647494, Length: (3)
[392035] --660 (0.03)-> [78] --660 (0.06)-> [4475218] --236 (0.09)-> [2115741]
