[09/24/2018 12:50:17 PM] Launching sm..
[09/24/2018 12:50:17 PM] Dataset: cross_Movies_vs_Directors.csv
[09/24/2018 12:50:17 PM] Output dir: /home/galois/Documents/streamminer/output
[09/24/2018 12:50:17 PM] Read data: (4680, 8) cross_Movies_vs_Directors.csv
[09/24/2018 12:50:17 PM] Note: Found non-NA records: (4680, 8)
[09/24/2018 12:50:17 PM] Reconstructing graph from /home/galois/Documents/streamminer/data/kg/_undir
[09/24/2018 12:50:17 PM] 

[09/24/2018 12:50:19 PM] => Loaded: undir_data.npy
[09/24/2018 12:50:19 PM] 

[09/24/2018 12:50:19 PM] => Loaded: undir_indptr.npy
[09/24/2018 12:50:19 PM] 

[09/24/2018 12:50:20 PM] => Loaded: undir_indices.npy
[09/24/2018 12:50:20 PM] 

[09/24/2018 12:50:21 PM] => Loaded: undir_indeg_vec.npy
[09/24/2018 12:50:21 PM] 

[09/24/2018 12:50:21 PM] => Graph loaded: 3.45 secs.

[09/24/2018 12:50:21 PM] 

[09/24/2018 12:50:22 PM] PID is: 178, with type: int64
[09/24/2018 12:50:29 PM] => Path extraction..(this can take a while)
[09/24/2018 12:52:00 PM] SPO: [ 271704 178 1922571], Score: 0.553436514506, Path (5):
[09/24/2018 12:52:00 PM] [271704] -652 (0.05)-> [2198015] -192 (0.07)-> [3657574] -652 (0.09)-> [4371531] -652 (0.13)-> [2271263] -478 (0.21)-> [1922571]

[09/24/2018 12:52:00 PM]  
[09/24/2018 12:52:00 PM] SPO: [ 271704 178 1922571], Score: 0.222119657134, Path (3):
[09/24/2018 12:52:00 PM] [271704] -183 (0.05)-> [1904925] -183 (0.07)-> [3089051] -478 (0.1)-> [1922571]

[09/24/2018 12:52:00 PM]  
[09/24/2018 12:52:00 PM] SPO: [ 271704 178 1922571], Score: 0.522870702858, Path (5):
[09/24/2018 12:52:00 PM] [271704] -652 (0.05)-> [2198015] -652 (0.05)-> [1751551] -114 (0.07)-> [1131475] -114 (0.1)-> [295121] -580 (0.25)-> [1922571]

[09/24/2018 12:52:00 PM]  
[09/24/2018 12:52:00 PM] SPO: [ 271704 178 1922571], Score: 0.538812484244, Path (5):
[09/24/2018 12:52:00 PM] [271704] -183 (0.05)-> [1904925] -183 (0.06)-> [5480648] -580 (0.09)-> [2656232] -580 (0.13)-> [3830231] -478 (0.2)-> [1922571]

[09/24/2018 12:52:00 PM]  
[09/24/2018 12:52:00 PM] SPO: [ 271704 178 1922571], Score: 0.294276552733, Path (5):
[09/24/2018 12:52:00 PM] [271704] -183 (0.05)-> [1904925] -183 (0.06)-> [5480648] -580 (0.09)-> [2656232] -410 (0.03)-> [331752] -480 (0.05)-> [1922571]

[09/24/2018 12:53:05 PM]  
[09/24/2018 12:53:05 PM] SPO: [ 5246538 178 3137484], Score: 0.421423502325, Path (3):
[09/24/2018 12:53:05 PM] [5246538] -652 (0.08)-> [5432394] -652 (0.12)-> [5030793] -478 (0.22)-> [3137484]

[09/24/2018 12:53:05 PM]  
[09/24/2018 12:53:05 PM] SPO: [ 5246538 178 3137484], Score: 0.363474044738, Path (3):
[09/24/2018 12:53:05 PM] [5246538] -478 (0.07)-> [2366754] -478 (0.12)-> [4665792] -652 (0.17)-> [3137484]

[09/24/2018 12:53:05 PM]  
[09/24/2018 12:53:05 PM] SPO: [ 5246538 178 3137484], Score: 0.433102325243, Path (3):
[09/24/2018 12:53:05 PM] [5246538] -478 (0.07)-> [2366754] -478 (0.11)-> [5045326] -478 (0.25)-> [3137484]

[09/24/2018 12:53:05 PM]  
[09/24/2018 12:53:05 PM] SPO: [ 5246538 178 3137484], Score: 0.556588739345, Path (5):
[09/24/2018 12:53:05 PM] [5246538] -478 (0.07)-> [2366754] -478 (0.11)-> [5045326] -192 (0.07)-> [5412470] -192 (0.11)-> [4270499] -478 (0.18)-> [3137484]

[09/24/2018 12:53:05 PM]  
[09/24/2018 12:53:05 PM] SPO: [ 5246538 178 3137484], Score: 0.550406639042, Path (5):
[09/24/2018 12:53:05 PM] [5246538] -478 (0.07)-> [2366754] -478 (0.11)-> [5045326] -652 (0.07)-> [1128326] -652 (0.11)-> [3876723] -478 (0.18)-> [3137484]

[09/24/2018 12:54:29 PM]  
[09/24/2018 12:54:29 PM] SPO: [ 477261 178 3137484], Score: 0.374193185406, Path (3):
[09/24/2018 12:54:29 PM] [477261] -652 (0.07)-> [3471057] -652 (0.12)-> [4270499] -478 (0.18)-> [3137484]

[09/24/2018 12:54:29 PM]  
[09/24/2018 12:54:29 PM] SPO: [ 477261 178 3137484], Score: 0.389896637506, Path (5):
[09/24/2018 12:54:29 PM] [477261] -652 (0.07)-> [3471057] -652 (0.12)-> [4270499] -183 (0.05)-> [5286367] -183 (0.06)-> [3882876] -478 (0.08)-> [3137484]

[09/24/2018 12:54:29 PM]  
[09/24/2018 12:54:29 PM] SPO: [ 477261 178 3137484], Score: 0.393458144319, Path (3):
[09/24/2018 12:54:29 PM] [477261] -580 (0.07)-> [3227342] -580 (0.12)-> [4998658] -652 (0.2)-> [3137484]

[09/24/2018 12:54:29 PM]  
[09/24/2018 12:54:29 PM] SPO: [ 477261 178 3137484], Score: 0.554202157847, Path (5):
[09/24/2018 12:54:29 PM] [477261] -652 (0.07)-> [3471057] -652 (0.12)-> [4270499] -183 (0.05)-> [5286367] -183 (0.1)-> [622623] -652 (0.21)-> [3137484]

[09/24/2018 12:54:29 PM]  
[09/24/2018 12:54:29 PM] SPO: [ 477261 178 3137484], Score: 0.581238917992, Path (5):
[09/24/2018 12:54:29 PM] [477261] -580 (0.07)-> [3227342] -580 (0.06)-> [2021331] -580 (0.09)-> [3376056] -580 (0.12)-> [892300] -652 (0.25)-> [3137484]

[09/24/2018 12:55:25 PM]  
[09/24/2018 12:55:25 PM] SPO: [ 5038724 178 1926685], Score: 0.159268511428, Path (1):
[09/24/2018 12:55:25 PM] [5038724] -478 (0.16)-> [1926685]

[09/24/2018 12:55:25 PM]  
[09/24/2018 12:55:25 PM] SPO: [ 5038724 178 1926685], Score: 0.371354964647, Path (3):
[09/24/2018 12:55:25 PM] [5038724] -580 (0.07)-> [1287981] -580 (0.12)-> [871003] -652 (0.18)-> [1926685]

[09/24/2018 12:55:25 PM]  
[09/24/2018 12:55:25 PM] SPO: [ 5038724 178 1926685], Score: 0.380605770931, Path (3):
[09/24/2018 12:55:25 PM] [5038724] -384 (0.07)-> [1089399] -384 (0.11)-> [5079318] -478 (0.2)-> [1926685]

[09/24/2018 12:55:25 PM]  
[09/24/2018 12:55:25 PM] SPO: [ 5038724 178 1926685], Score: 0.488893819415, Path (5):
[09/24/2018 12:55:25 PM] [5038724] -580 (0.07)-> [1287981] -580 (0.12)-> [871003] -114 (0.06)-> [3838694] -114 (0.1)-> [2305219] -652 (0.14)-> [1926685]

[09/24/2018 12:55:25 PM]  
[09/24/2018 12:55:25 PM] SPO: [ 5038724 178 1926685], Score: 0.430306360487, Path (5):
[09/24/2018 12:55:25 PM] [5038724] -580 (0.07)-> [1287981] -580 (0.12)-> [871003] -183 (0.06)-> [1873656] -183 (0.08)-> [667299] -652 (0.1)-> [1926685]

[09/24/2018 12:57:09 PM]  
[09/24/2018 12:57:09 PM] SPO: [ 1087290 178 1926685], Score: 0.159268511428, Path (1):
[09/24/2018 12:57:09 PM] [1087290] -478 (0.16)-> [1926685]

[09/24/2018 12:57:09 PM]  
[09/24/2018 12:57:09 PM] SPO: [ 1087290 178 1926685], Score: 0.594387410034, Path (5):
[09/24/2018 12:57:09 PM] [1087290] -652 (0.05)-> [4320148] -652 (0.07)-> [5094827] -192 (0.08)-> [4040830] -192 (0.15)-> [5052505] -478 (0.24)-> [1926685]

[09/24/2018 12:57:09 PM]  
[09/24/2018 12:57:09 PM] SPO: [ 1087290 178 1926685], Score: 0.438867513971, Path (5):
[09/24/2018 12:57:09 PM] [1087290] -652 (0.05)-> [4320148] -652 (0.07)-> [5094827] -580 (0.07)-> [1910460] -580 (0.1)-> [5107868] -478 (0.16)-> [1926685]

[09/24/2018 12:57:09 PM]  
[09/24/2018 12:57:09 PM] SPO: [ 1087290 178 1926685], Score: 0.482355690196, Path (5):
[09/24/2018 12:57:09 PM] [1087290] -652 (0.05)-> [4320148] -652 (0.07)-> [5094827] -580 (0.07)-> [1910460] -580 (0.1)-> [3690879] -478 (0.2)-> [1926685]

[09/24/2018 12:57:09 PM]  
[09/24/2018 12:57:09 PM] SPO: [ 1087290 178 1926685], Score: 0.524172035353, Path (5):
[09/24/2018 12:57:09 PM] [1087290] -652 (0.05)-> [4320148] -652 (0.07)-> [5094827] -192 (0.08)-> [4040830] -192 (0.1)-> [4482823] -478 (0.22)-> [1926685]

[09/24/2018 12:58:00 PM]  
[09/24/2018 12:58:00 PM] SPO: [ 2495295 178 1923036], Score: 0.161115846538, Path (1):
[09/24/2018 12:58:00 PM] [2495295] -478 (0.16)-> [1923036]

[09/24/2018 12:58:00 PM]  
[09/24/2018 12:58:00 PM] SPO: [ 2495295 178 1923036], Score: 0.404548799103, Path (3):
[09/24/2018 12:58:00 PM] [2495295] -652 (0.08)-> [4404409] -652 (0.13)-> [507154] -478 (0.19)-> [1923036]

[09/24/2018 12:58:00 PM]  
[09/24/2018 12:58:00 PM] SPO: [ 2495295 178 1923036], Score: 0.359420670724, Path (3):
[09/24/2018 12:58:00 PM] [2495295] -478 (0.07)-> [2250670] -478 (0.12)-> [507154] -478 (0.16)-> [1923036]

[09/24/2018 12:58:00 PM]  
[09/24/2018 12:58:00 PM] SPO: [ 2495295 178 1923036], Score: 0.456195296333, Path (3):
[09/24/2018 12:58:00 PM] [2495295] -478 (0.07)-> [2250670] -478 (0.11)-> [1880549] -478 (0.27)-> [1923036]

[09/24/2018 12:58:00 PM]  
[09/24/2018 12:58:00 PM] SPO: [ 2495295 178 1923036], Score: 0.467171252675, Path (3):
[09/24/2018 12:58:00 PM] [2495295] -652 (0.08)-> [4404409] -652 (0.11)-> [3484140] -478 (0.27)-> [1923036]

[09/24/2018 12:58:53 PM]  
[09/24/2018 12:58:53 PM] SPO: [ 3669342 178 1923036], Score: 0.161115846538, Path (1):
[09/24/2018 12:58:53 PM] [3669342] -478 (0.16)-> [1923036]

[09/24/2018 12:58:53 PM]  
[09/24/2018 12:58:53 PM] SPO: [ 3669342 178 1923036], Score: 0.322884070606, Path (3):
[09/24/2018 12:58:53 PM] [3669342] -114 (0.07)-> [2777602] -114 (0.11)-> [507154] -478 (0.15)-> [1923036]

[09/24/2018 12:58:53 PM]  
[09/24/2018 12:58:53 PM] SPO: [ 3669342 178 1923036], Score: 0.333651459242, Path (3):
[09/24/2018 12:58:53 PM] [3669342] -580 (0.07)-> [2611043] -580 (0.11)-> [5599224] -478 (0.16)-> [1923036]

[09/24/2018 12:58:53 PM]  
[09/24/2018 12:58:53 PM] SPO: [ 3669342 178 1923036], Score: 0.394879242441, Path (3):
[09/24/2018 12:58:53 PM] [3669342] -580 (0.07)-> [2611043] -580 (0.1)-> [3669889] -478 (0.22)-> [1923036]

[09/24/2018 12:58:53 PM]  
[09/24/2018 12:58:53 PM] SPO: [ 3669342 178 1923036], Score: 0.423715431939, Path (3):
[09/24/2018 12:58:53 PM] [3669342] -114 (0.07)-> [2777602] -114 (0.11)-> [1880549] -478 (0.25)-> [1923036]

[09/24/2018 12:59:38 PM]  
[09/24/2018 12:59:38 PM] SPO: [ 5053704 178 2706079], Score: 0.142061890493, Path (1):
[09/24/2018 12:59:38 PM] [5053704] -478 (0.14)-> [2706079]

[09/24/2018 12:59:38 PM]  
[09/24/2018 12:59:38 PM] SPO: [ 5053704 178 2706079], Score: 0.369137370339, Path (3):
[09/24/2018 12:59:38 PM] [5053704] -652 (0.07)-> [1585378] -652 (0.13)-> [4627895] -478 (0.17)-> [2706079]

[09/24/2018 12:59:38 PM]  
[09/24/2018 12:59:38 PM] SPO: [ 5053704 178 2706079], Score: 0.32622238322, Path (3):
[09/24/2018 12:59:38 PM] [5053704] -192 (0.07)-> [2035103] -652 (0.11)-> [5491613] -652 (0.15)-> [2706079]

[09/24/2018 12:59:38 PM]  
[09/24/2018 12:59:38 PM] SPO: [ 5053704 178 2706079], Score: 0.463614193153, Path (3):
[09/24/2018 12:59:38 PM] [5053704] -652 (0.07)-> [1585378] -652 (0.11)-> [3498141] -652 (0.29)-> [2706079]

[09/24/2018 12:59:38 PM]  
[09/24/2018 12:59:38 PM] SPO: [ 5053704 178 2706079], Score: 0.49264523482, Path (3):
[09/24/2018 12:59:38 PM] [5053704] -192 (0.07)-> [2035103] -652 (0.11)-> [5078972] -652 (0.31)-> [2706079]

[09/24/2018 13:00:46 PM]  
[09/24/2018 13:00:46 PM] SPO: [ 5048299 178 2706079], Score: 0.34277073531, Path (3):
[09/24/2018 13:00:46 PM] [5048299] -580 (0.07)-> [2580622] -580 (0.11)-> [5024314] -478 (0.17)-> [2706079]

[09/24/2018 13:00:46 PM]  
[09/24/2018 13:00:46 PM] SPO: [ 5048299 178 2706079], Score: 0.300987929862, Path (3):
[09/24/2018 13:00:46 PM] [5048299] -580 (0.06)-> [2297417] -580 (0.1)-> [1899312] -478 (0.14)-> [2706079]

[09/24/2018 13:00:46 PM]  
[09/24/2018 13:00:46 PM] SPO: [ 5048299 178 2706079], Score: 0.398801443789, Path (3):
[09/24/2018 13:00:46 PM] [5048299] -580 (0.06)-> [2297417] -580 (0.1)-> [5024314] -478 (0.24)-> [2706079]

[09/24/2018 13:00:46 PM]  
[09/24/2018 13:00:46 PM] SPO: [ 5048299 178 2706079], Score: 0.419930163029, Path (4):
[09/24/2018 13:00:46 PM] [5048299] -580 (0.06)-> [2297417] -580 (0.1)-> [1899312] -384 (0.08)-> [4358316] -46 (0.18)-> [2706079]

[09/24/2018 13:00:46 PM]  
[09/24/2018 13:00:46 PM] SPO: [ 5048299 178 2706079], Score: 0.559243184575, Path (5):
[09/24/2018 13:00:46 PM] [5048299] -580 (0.07)-> [2580622] -580 (0.06)-> [3916727] -580 (0.09)-> [4857858] -580 (0.12)-> [4548945] -478 (0.22)-> [2706079]

[09/24/2018 13:01:56 PM]  
[09/24/2018 13:01:56 PM] SPO: [ 2365295 178 2706079], Score: 0.329354188296, Path (3):
[09/24/2018 13:01:56 PM] [2365295] -580 (0.06)-> [3459979] -580 (0.11)-> [4377353] -478 (0.16)-> [2706079]

[09/24/2018 13:01:56 PM]  
[09/24/2018 13:01:56 PM] SPO: [ 2365295 178 2706079], Score: 0.304401962984, Path (3):
[09/24/2018 13:01:56 PM] [2365295] -580 (0.06)-> [1552544] -391 (0.1)-> [5024314] -478 (0.15)-> [2706079]

[09/24/2018 13:01:56 PM]  
[09/24/2018 13:01:56 PM] SPO: [ 2365295 178 2706079], Score: 0.378358176161, Path (3):
[09/24/2018 13:01:56 PM] [2365295] -580 (0.06)-> [3459979] -580 (0.09)-> [5074643] -478 (0.22)-> [2706079]

[09/24/2018 13:01:56 PM]  
[09/24/2018 13:01:56 PM] SPO: [ 2365295 178 2706079], Score: 0.559755720215, Path (5):
[09/24/2018 13:01:56 PM] [2365295] -580 (0.06)-> [1552544] -391 (0.1)-> [5024314] -652 (0.07)-> [2560163] -652 (0.13)-> [3498141] -652 (0.2)-> [2706079]

[09/24/2018 13:01:56 PM]  
[09/24/2018 13:01:56 PM] SPO: [ 2365295 178 2706079], Score: 0.433788759006, Path (5):
[09/24/2018 13:01:56 PM] [2365295] -580 (0.06)-> [1552544] -391 (0.1)-> [5024314] -384 (0.06)-> [462042] -384 (0.09)-> [1879835] -478 (0.13)-> [2706079]

[09/24/2018 13:02:42 PM]  
[09/24/2018 13:02:42 PM] SPO: [ 5074643 178 2706079], Score: 0.142061889172, Path (1):
[09/24/2018 13:02:42 PM] [5074643] -478 (0.14)-> [2706079]

[09/24/2018 13:02:42 PM]  
[09/24/2018 13:02:42 PM] SPO: [ 5074643 178 2706079], Score: 0.406021610718, Path (3):
[09/24/2018 13:02:42 PM] [5074643] -652 (0.07)-> [1927982] -652 (0.13)-> [5057511] -478 (0.2)-> [2706079]

[09/24/2018 13:02:42 PM]  
[09/24/2018 13:02:42 PM] SPO: [ 5074643 178 2706079], Score: 0.347433406223, Path (3):
[09/24/2018 13:02:42 PM] [5074643] -478 (0.07)-> [3504146] -478 (0.11)-> [5085188] -478 (0.17)-> [2706079]

[09/24/2018 13:02:42 PM]  
[09/24/2018 13:02:42 PM] SPO: [ 5074643 178 2706079], Score: 0.425468977645, Path (3):
[09/24/2018 13:02:42 PM] [5074643] -652 (0.07)-> [1927982] -652 (0.1)-> [1557727] -478 (0.25)-> [2706079]

[09/24/2018 13:02:42 PM]  
[09/24/2018 13:02:42 PM] SPO: [ 5074643 178 2706079], Score: 0.429974695429, Path (3):
[09/24/2018 13:02:42 PM] [5074643] -478 (0.07)-> [3504146] -478 (0.1)-> [4377353] -478 (0.26)-> [2706079]

[09/24/2018 13:03:27 PM]  
[09/24/2018 13:03:27 PM] SPO: [ 5023341 178 3114757], Score: 0.167294095121, Path (1):
[09/24/2018 13:03:27 PM] [5023341] -478 (0.17)-> [3114757]

[09/24/2018 13:03:27 PM]  
[09/24/2018 13:03:27 PM] SPO: [ 5023341 178 3114757], Score: 0.457993372959, Path (3):
[09/24/2018 13:03:27 PM] [5023341] -652 (0.08)-> [5386383] -652 (0.14)-> [3311887] -478 (0.23)-> [3114757]

[09/24/2018 13:03:27 PM]  
[09/24/2018 13:03:27 PM] SPO: [ 5023341 178 3114757], Score: 0.3497760365, Path (3):
[09/24/2018 13:03:27 PM] [5023341] -580 (0.07)-> [2476254] -580 (0.11)-> [3692941] -652 (0.17)-> [3114757]

[09/24/2018 13:03:27 PM]  
[09/24/2018 13:03:27 PM] SPO: [ 5023341 178 3114757], Score: 0.400002951919, Path (3):
[09/24/2018 13:03:27 PM] [5023341] -580 (0.07)-> [2476254] -580 (0.11)-> [3230548] -478 (0.22)-> [3114757]

[09/24/2018 13:03:27 PM]  
[09/24/2018 13:03:27 PM] SPO: [ 5023341 178 3114757], Score: 0.553663239823, Path (5):
[09/24/2018 13:03:27 PM] [5023341] -652 (0.08)-> [5386383] -652 (0.14)-> [3311887] -192 (0.07)-> [3089458] -192 (0.1)-> [2113271] -478 (0.16)-> [3114757]

[09/24/2018 13:04:16 PM]  
[09/24/2018 13:04:16 PM] SPO: [ 2113271 178 3114757], Score: 0.167294095121, Path (1):
[09/24/2018 13:04:16 PM] [2113271] -478 (0.17)-> [3114757]

[09/24/2018 13:04:16 PM]  
[09/24/2018 13:04:16 PM] SPO: [ 2113271 178 3114757], Score: 0.360544475059, Path (3):
[09/24/2018 13:04:16 PM] [2113271] -384 (0.07)-> [4393950] -384 (0.12)-> [5025063] -478 (0.17)-> [3114757]

[09/24/2018 13:04:16 PM]  
[09/24/2018 13:04:16 PM] SPO: [ 2113271 178 3114757], Score: 0.333776224984, Path (3):
[09/24/2018 13:04:16 PM] [2113271] -192 (0.07)-> [3089458] -192 (0.11)-> [3311887] -478 (0.16)-> [3114757]

[09/24/2018 13:04:16 PM]  
[09/24/2018 13:04:16 PM] SPO: [ 2113271 178 3114757], Score: 0.391374762153, Path (5):
[09/24/2018 13:04:16 PM] [2113271] -384 (0.07)-> [4393950] -384 (0.12)-> [5025063] -183 (0.05)-> [4251385] -183 (0.07)-> [3692941] -652 (0.09)-> [3114757]

[09/24/2018 13:04:16 PM]  
[09/24/2018 13:04:16 PM] SPO: [ 2113271 178 3114757], Score: 0.425716264651, Path (3):
[09/24/2018 13:04:16 PM] [2113271] -384 (0.07)-> [4393950] -384 (0.11)-> [3694348] -652 (0.24)-> [3114757]

[09/24/2018 13:05:17 PM]  
[09/24/2018 13:05:17 PM] SPO: [ 2118213 178 5355076], Score: 0.492635404092, Path (5):
[09/24/2018 13:05:17 PM] [2118213] -580 (0.05)-> [3128804] -580 (0.07)-> [1876566] -652 (0.08)-> [279696] -652 (0.12)-> [354504] -478 (0.18)-> [5355076]

[09/24/2018 13:05:17 PM]  
[09/24/2018 13:05:17 PM] SPO: [ 2118213 178 5355076], Score: 0.497601193458, Path (7):
[09/24/2018 13:05:17 PM] [2118213] -580 (0.05)-> [3128804] -580 (0.07)-> [1876566] -652 (0.08)-> [279696] -652 (0.12)-> [354504] -183 (0.04)-> [3996423] -183 (0.06)-> [4306870] -114 (0.08)-> [5355076]

[09/24/2018 13:05:17 PM]  
[09/24/2018 13:05:17 PM] SPO: [ 2118213 178 5355076], Score: 0.510768918218, Path (5):
[09/24/2018 13:05:17 PM] [2118213] -192 (0.05)-> [2216470] -192 (0.07)-> [4306871] -478 (0.08)-> [1566925] -652 (0.12)-> [5047796] -114 (0.2)-> [5355076]

[09/24/2018 13:05:17 PM]  
[09/24/2018 13:05:17 PM] SPO: [ 2118213 178 5355076], Score: 0.4029455469, Path (5):
[09/24/2018 13:05:17 PM] [2118213] -192 (0.05)-> [2216470] -192 (0.07)-> [4306871] -384 (0.06)-> [462042] -384 (0.1)-> [645567] -114 (0.13)-> [5355076]

[09/24/2018 13:05:17 PM]  
[09/24/2018 13:05:17 PM] SPO: [ 2118213 178 5355076], Score: 0.445885303347, Path (7):
[09/24/2018 13:05:17 PM] [2118213] -192 (0.05)-> [2216470] -192 (0.07)-> [4306871] -478 (0.08)-> [1566925] -652 (0.12)-> [5047796] -313 (0.04)-> [4721740] -313 (0.05)-> [295033] -114 (0.06)-> [5355076]

[09/24/2018 13:05:59 PM]  
[09/24/2018 13:05:59 PM] SPO: [ 3670509 178 5524098], Score: 0.325528759368, Path (3):
[09/24/2018 13:05:59 PM] [3670509] -384 (0.07)-> [1381140] -384 (0.1)-> [5037909] -478 (0.15)-> [5524098]

[09/24/2018 13:05:59 PM]  
[09/24/2018 13:05:59 PM] SPO: [ 3670509 178 5524098], Score: 0.469283677227, Path (4):
[09/24/2018 13:05:59 PM] [3670509] -652 (0.06)-> [2033048] -652 (0.08)-> [5065496] -580 (0.12)-> [3366539] -578 (0.21)-> [5524098]

[09/24/2018 13:05:59 PM]  
[09/24/2018 13:05:59 PM] SPO: [ 3670509 178 5524098], Score: 0.477277681297, Path (4):
[09/24/2018 13:05:59 PM] [3670509] -384 (0.07)-> [1381140] -384 (0.07)-> [1320364] -580 (0.11)-> [3366539] -578 (0.23)-> [5524098]

[09/24/2018 13:05:59 PM]  
[09/24/2018 13:05:59 PM] SPO: [ 3670509 178 5524098], Score: 0.518521634015, Path (5):
[09/24/2018 13:05:59 PM] [3670509] -384 (0.07)-> [1381140] -384 (0.07)-> [1320364] -580 (0.07)-> [1840271] -580 (0.11)-> [2644146] -478 (0.19)-> [5524098]

[09/24/2018 13:05:59 PM]  
[09/24/2018 13:05:59 PM] SPO: [ 3670509 178 5524098], Score: 0.525897583635, Path (6):
[09/24/2018 13:05:59 PM] [3670509] -652 (0.06)-> [2033048] -652 (0.08)-> [5065496] -580 (0.05)-> [1927667] -580 (0.07)-> [5080829] -580 (0.11)-> [3366539] -578 (0.16)-> [5524098]

[09/24/2018 13:06:40 PM]  
[09/24/2018 13:06:40 PM] SPO: [ 5025469 178 5524098], Score: 0.321250915772, Path (3):
[09/24/2018 13:06:40 PM] [5025469] -580 (0.07)-> [1950279] -580 (0.1)-> [5037909] -478 (0.15)-> [5524098]

[09/24/2018 13:06:40 PM]  
[09/24/2018 13:06:40 PM] SPO: [ 5025469 178 5524098], Score: 0.37246788348, Path (4):
[09/24/2018 13:06:40 PM] [5025469] -192 (0.05)-> [1375874] -192 (0.07)-> [5047827] -580 (0.1)-> [3366539] -578 (0.15)-> [5524098]

[09/24/2018 13:06:40 PM]  
[09/24/2018 13:06:40 PM] SPO: [ 5025469 178 5524098], Score: 0.431603001361, Path (5):
[09/24/2018 13:06:40 PM] [5025469] -192 (0.05)-> [1375874] -192 (0.07)-> [5047827] -652 (0.05)-> [4190962] -294 (0.09)-> [2595659] -294 (0.17)-> [5524098]

[09/24/2018 13:06:40 PM]  
[09/24/2018 13:06:40 PM] SPO: [ 5025469 178 5524098], Score: 0.486950233771, Path (4):
[09/24/2018 13:06:40 PM] [5025469] -580 (0.07)-> [1950279] -580 (0.07)-> [4760738] -580 (0.12)-> [3366539] -578 (0.23)-> [5524098]

[09/24/2018 13:06:40 PM]  
[09/24/2018 13:06:40 PM] SPO: [ 5025469 178 5524098], Score: 0.543690273205, Path (5):
[09/24/2018 13:06:40 PM] [5025469] -192 (0.05)-> [1375874] -192 (0.06)-> [5068222] -384 (0.09)-> [300500] -384 (0.12)-> [5050816] -478 (0.22)-> [5524098]

[09/24/2018 13:07:20 PM]  
[09/24/2018 13:07:20 PM] SPO: [ 801446 178 5524098], Score: 0.372047040734, Path (3):
[09/24/2018 13:07:20 PM] [801446] -580 (0.07)-> [2375080] -580 (0.11)-> [2365840] -478 (0.19)-> [5524098]

[09/24/2018 13:07:20 PM]  
[09/24/2018 13:07:20 PM] SPO: [ 801446 178 5524098], Score: 0.307420998213, Path (3):
[09/24/2018 13:07:20 PM] [801446] -580 (0.07)-> [1139581] -580 (0.1)-> [5026335] -478 (0.15)-> [5524098]

[09/24/2018 13:07:20 PM]  
[09/24/2018 13:07:20 PM] SPO: [ 801446 178 5524098], Score: 0.519944981107, Path (5):
[09/24/2018 13:07:20 PM] [801446] -580 (0.07)-> [1139581] -580 (0.1)-> [5026335] -192 (0.07)-> [4406331] -192 (0.11)-> [5032118] -478 (0.17)-> [5524098]

[09/24/2018 13:07:20 PM]  
[09/24/2018 13:07:20 PM] SPO: [ 801446 178 5524098], Score: 0.489828022773, Path (5):
[09/24/2018 13:07:20 PM] [801446] -580 (0.07)-> [1139581] -580 (0.1)-> [5026335] -478 (0.07)-> [2157089] -580 (0.1)-> [4440563] -478 (0.16)-> [5524098]

[09/24/2018 13:07:20 PM]  
[09/24/2018 13:07:20 PM] SPO: [ 801446 178 5524098], Score: 0.543117837073, Path (5):
[09/24/2018 13:07:20 PM] [801446] -580 (0.07)-> [1139581] -580 (0.06)-> [4474483] -580 (0.08)-> [2626538] -580 (0.11)-> [1072648] -478 (0.23)-> [5524098]

[09/24/2018 13:08:41 PM]  
[09/24/2018 13:08:41 PM] SPO: [ 1075883 178 3521295], Score: 0.362679145895, Path (4):
[09/24/2018 13:08:41 PM] [1075883] -192 (0.05)-> [3957148] -192 (0.07)-> [1959458] -580 (0.1)-> [3151291] -578 (0.15)-> [3521295]

[09/24/2018 13:08:41 PM]  
[09/24/2018 13:08:41 PM] SPO: [ 1075883 178 3521295], Score: 0.344252750038, Path (4):
[09/24/2018 13:08:41 PM] [1075883] -478 (0.05)-> [2216434] -478 (0.07)-> [5063272] -580 (0.1)-> [3151291] -578 (0.13)-> [3521295]

[09/24/2018 13:08:41 PM]  
[09/24/2018 13:08:41 PM] SPO: [ 1075883 178 3521295], Score: 0.5297771068, Path (5):
[09/24/2018 13:08:41 PM] [1075883] -192 (0.05)-> [3957148] -192 (0.06)-> [2583841] -391 (0.09)-> [439973] -478 (0.12)-> [4442860] -478 (0.22)-> [3521295]

[09/24/2018 13:08:41 PM]  
[09/24/2018 13:08:41 PM] SPO: [ 1075883 178 3521295], Score: 0.552085829753, Path (6):
[09/24/2018 13:08:41 PM] [1075883] -192 (0.05)-> [3957148] -192 (0.06)-> [2583841] -652 (0.05)-> [1126715] -478 (0.08)-> [5089951] -652 (0.12)-> [828684] -578 (0.2)-> [3521295]

[09/24/2018 13:08:41 PM]  
[09/24/2018 13:08:41 PM] SPO: [ 1075883 178 3521295], Score: 0.565863743033, Path (7):
[09/24/2018 13:08:41 PM] [1075883] -192 (0.05)-> [3957148] -192 (0.06)-> [2583841] -652 (0.05)-> [1126715] -478 (0.08)-> [5089951] -114 (0.06)-> [1686020] -114 (0.1)-> [4442860] -478 (0.17)-> [3521295]

[09/24/2018 13:09:42 PM]  
[09/24/2018 13:09:42 PM] SPO: [ 5060734 178 859075], Score: 0.164887836631, Path (1):
[09/24/2018 13:09:42 PM] [5060734] -652 (0.16)-> [859075]

[09/24/2018 13:09:42 PM]  
[09/24/2018 13:09:42 PM] SPO: [ 5060734 178 859075], Score: 0.366765946219, Path (3):
[09/24/2018 13:09:42 PM] [5060734] -652 (0.07)-> [1121472] -652 (0.12)-> [5061845] -652 (0.17)-> [859075]

[09/24/2018 13:09:42 PM]  
[09/24/2018 13:09:42 PM] SPO: [ 5060734 178 859075], Score: 0.335288531439, Path (3):
[09/24/2018 13:09:42 PM] [5060734] -192 (0.07)-> [1535534] -192 (0.11)-> [5061845] -652 (0.16)-> [859075]

[09/24/2018 13:09:42 PM]  
[09/24/2018 13:09:42 PM] SPO: [ 5060734 178 859075], Score: 0.413999810846, Path (3):
[09/24/2018 13:09:42 PM] [5060734] -192 (0.07)-> [1535534] -478 (0.11)-> [2478717] -652 (0.24)-> [859075]

[09/24/2018 13:09:42 PM]  
[09/24/2018 13:09:42 PM] SPO: [ 5060734 178 859075], Score: 0.45335811025, Path (3):
[09/24/2018 13:09:42 PM] [5060734] -652 (0.07)-> [1121472] -652 (0.11)-> [5018579] -652 (0.27)-> [859075]

[09/24/2018 13:10:45 PM]  
[09/24/2018 13:10:45 PM] SPO: [ 5022124 178 859075], Score: 0.164887836631, Path (1):
[09/24/2018 13:10:45 PM] [5022124] -652 (0.16)-> [859075]

[09/24/2018 13:10:45 PM]  
[09/24/2018 13:10:45 PM] SPO: [ 5022124 178 859075], Score: 0.395795928223, Path (3):
[09/24/2018 13:10:45 PM] [5022124] -652 (0.08)-> [2400974] -652 (0.13)-> [5073735] -652 (0.19)-> [859075]

[09/24/2018 13:10:45 PM]  
[09/24/2018 13:10:45 PM] SPO: [ 5022124 178 859075], Score: 0.325151384131, Path (3):
[09/24/2018 13:10:45 PM] [5022124] -580 (0.07)-> [2525371] -580 (0.1)-> [5044729] -652 (0.15)-> [859075]

[09/24/2018 13:10:45 PM]  
[09/24/2018 13:10:45 PM] SPO: [ 5022124 178 859075], Score: 0.423855090948, Path (3):
[09/24/2018 13:10:45 PM] [5022124] -580 (0.07)-> [2525371] -580 (0.11)-> [705606] -652 (0.25)-> [859075]

[09/24/2018 13:10:45 PM]  
[09/24/2018 13:10:45 PM] SPO: [ 5022124 178 859075], Score: 0.456395005481, Path (3):
[09/24/2018 13:10:45 PM] [5022124] -652 (0.08)-> [2400974] -652 (0.11)-> [5044729] -652 (0.27)-> [859075]

[09/24/2018 13:11:30 PM]  
[09/24/2018 13:11:30 PM] SPO: [ 5088185 178 2713121], Score: 0.156814701244, Path (1):
[09/24/2018 13:11:30 PM] [5088185] -652 (0.16)-> [2713121]

[09/24/2018 13:11:30 PM]  
[09/24/2018 13:11:30 PM] SPO: [ 5088185 178 2713121], Score: 0.232423558005, Path (2):
[09/24/2018 13:11:30 PM] [5088185] -580 (0.08)-> [5437283] -111 (0.16)-> [2713121]

[09/24/2018 13:11:30 PM]  
[09/24/2018 13:11:30 PM] SPO: [ 5088185 178 2713121], Score: 0.319545779757, Path (3):
[09/24/2018 13:11:30 PM] [5088185] -580 (0.07)-> [2382342] -580 (0.1)-> [5021407] -652 (0.15)-> [2713121]

[09/24/2018 13:11:30 PM]  
[09/24/2018 13:11:30 PM] SPO: [ 5088185 178 2713121], Score: 0.402989816306, Path (3):
[09/24/2018 13:11:30 PM] [5088185] -580 (0.07)-> [2382342] -580 (0.1)-> [2323477] -652 (0.23)-> [2713121]

[09/24/2018 13:11:30 PM]  
[09/24/2018 13:11:30 PM] SPO: [ 5088185 178 2713121], Score: 0.493479751245, Path (5):
[09/24/2018 13:11:30 PM] [5088185] -580 (0.07)-> [2382342] -580 (0.1)-> [5021407] -580 (0.07)-> [1217725] -580 (0.1)-> [2944943] -652 (0.16)-> [2713121]

[09/24/2018 13:12:18 PM]  
[09/24/2018 13:12:18 PM] SPO: [ 294189 178 2773975], Score: 0.162940286011, Path (1):
[09/24/2018 13:12:18 PM] [294189] -652 (0.16)-> [2773975]

[09/24/2018 13:12:18 PM]  
[09/24/2018 13:12:18 PM] SPO: [ 294189 178 2773975], Score: 0.345143450918, Path (3):
[09/24/2018 13:12:18 PM] [294189] -580 (0.07)-> [3157002] -580 (0.11)-> [3831323] -652 (0.17)-> [2773975]

[09/24/2018 13:12:18 PM]  
[09/24/2018 13:12:18 PM] SPO: [ 294189 178 2773975], Score: 0.348259604757, Path (3):
[09/24/2018 13:12:18 PM] [294189] -580 (0.07)-> [2615926] -580 (0.11)-> [4067585] -652 (0.17)-> [2773975]

[09/24/2018 13:12:18 PM]  
[09/24/2018 13:12:18 PM] SPO: [ 294189 178 2773975], Score: 0.459738816571, Path (4):
[09/24/2018 13:12:18 PM] [294189] -580 (0.07)-> [3157002] -580 (0.06)-> [4378746] -652 (0.1)-> [2310681] -506 (0.22)-> [2773975]

[09/24/2018 13:12:18 PM]  
[09/24/2018 13:12:18 PM] SPO: [ 294189 178 2773975], Score: 0.465367300809, Path (5):
[09/24/2018 13:12:18 PM] [294189] -580 (0.07)-> [3157002] -580 (0.06)-> [4378746] -580 (0.07)-> [2526691] -580 (0.11)-> [4749152] -652 (0.15)-> [2773975]

[09/24/2018 13:13:05 PM]  
[09/24/2018 13:13:05 PM] SPO: [ 476177 178 2773975], Score: 0.162940286011, Path (1):
[09/24/2018 13:13:05 PM] [476177] -652 (0.16)-> [2773975]

[09/24/2018 13:13:05 PM]  
[09/24/2018 13:13:05 PM] SPO: [ 476177 178 2773975], Score: 0.321938728325, Path (3):
[09/24/2018 13:13:05 PM] [476177] -192 (0.07)-> [754540] -192 (0.1)-> [3831323] -652 (0.15)-> [2773975]

[09/24/2018 13:13:05 PM]  
[09/24/2018 13:13:05 PM] SPO: [ 476177 178 2773975], Score: 0.298787608816, Path (3):
[09/24/2018 13:13:05 PM] [476177] -478 (0.06)-> [1400347] -478 (0.1)-> [3831323] -652 (0.14)-> [2773975]

[09/24/2018 13:13:05 PM]  
[09/24/2018 13:13:05 PM] SPO: [ 476177 178 2773975], Score: 0.38297105922, Path (3):
[09/24/2018 13:13:05 PM] [476177] -192 (0.07)-> [754540] -192 (0.1)-> [4067585] -652 (0.21)-> [2773975]

[09/24/2018 13:13:05 PM]  
[09/24/2018 13:13:05 PM] SPO: [ 476177 178 2773975], Score: 0.403431912037, Path (3):
[09/24/2018 13:13:05 PM] [476177] -478 (0.06)-> [1400347] -478 (0.11)-> [4067585] -652 (0.23)-> [2773975]

[09/24/2018 13:13:57 PM]  
[09/24/2018 13:13:57 PM] SPO: [ 295808 178 2043269], Score: 0.161115846538, Path (1):
[09/24/2018 13:13:57 PM] [295808] -478 (0.16)-> [2043269]

[09/24/2018 13:13:57 PM]  
[09/24/2018 13:13:57 PM] SPO: [ 295808 178 2043269], Score: 0.353055857005, Path (3):
[09/24/2018 13:13:57 PM] [295808] -192 (0.07)-> [5510660] -192 (0.11)-> [4773592] -478 (0.17)-> [2043269]

[09/24/2018 13:13:57 PM]  
[09/24/2018 13:13:57 PM] SPO: [ 295808 178 2043269], Score: 0.315019443914, Path (3):
[09/24/2018 13:13:57 PM] [295808] -114 (0.07)-> [5502281] -114 (0.1)-> [5049110] -652 (0.15)-> [2043269]

[09/24/2018 13:13:57 PM]  
[09/24/2018 13:13:57 PM] SPO: [ 295808 178 2043269], Score: 0.36377952147, Path (3):
[09/24/2018 13:13:57 PM] [295808] -114 (0.07)-> [5502281] -114 (0.1)-> [5038308] -478 (0.2)-> [2043269]

[09/24/2018 13:13:57 PM]  
[09/24/2018 13:13:57 PM] SPO: [ 295808 178 2043269], Score: 0.509926071755, Path (5):
[09/24/2018 13:13:57 PM] [295808] -192 (0.07)-> [5510660] -192 (0.11)-> [4773592] -580 (0.07)-> [2666451] -580 (0.1)-> [2177061] -478 (0.16)-> [2043269]

[09/24/2018 13:15:17 PM]  
[09/24/2018 13:15:17 PM] SPO: [ 2073531 178 2043269], Score: 0.118391817741, Path (1):
[09/24/2018 13:15:17 PM] [2073531] -54 (0.12)-> [2043269]

[09/24/2018 13:15:17 PM]  
[09/24/2018 13:15:17 PM] SPO: [ 2073531 178 2043269], Score: 0.413640229738, Path (5):
[09/24/2018 13:15:17 PM] [2073531] -384 (0.04)-> [1513649] -384 (0.06)-> [3647701] -652 (0.07)-> [1355914] -652 (0.1)-> [5085978] -478 (0.14)-> [2043269]

[09/24/2018 13:15:17 PM]  
[09/24/2018 13:15:17 PM] SPO: [ 2073531 178 2043269], Score: 0.344768046228, Path (5):
[09/24/2018 13:15:17 PM] [2073531] -311 (0.04)-> [4418272] -580 (0.05)-> [5089469] -652 (0.06)-> [2560954] -652 (0.08)-> [5049110] -652 (0.11)-> [2043269]

[09/24/2018 13:15:17 PM]  
[09/24/2018 13:15:17 PM] SPO: [ 2073531 178 2043269], Score: 0.43302322281, Path (6):
[09/24/2018 13:15:17 PM] [2073531] -311 (0.04)-> [4418272] -580 (0.05)-> [5089469] -580 (0.05)-> [2738316] -580 (0.07)-> [1521383] -478 (0.09)-> [2043270] -111 (0.13)-> [2043269]

[09/24/2018 13:15:17 PM]  
[09/24/2018 13:15:17 PM] SPO: [ 2073531 178 2043269], Score: 0.518327852084, Path (7):
[09/24/2018 13:15:17 PM] [2073531] -311 (0.04)-> [4418272] -580 (0.05)-> [5089469] -580 (0.05)-> [2738316] -580 (0.07)-> [1521383] -580 (0.06)-> [2567516] -580 (0.1)-> [5385186] -478 (0.14)-> [2043269]

[09/24/2018 13:16:51 PM]  
[09/24/2018 13:16:51 PM] SPO: [ 1961549 178 1944581], Score: 0.345979226948, Path (3):
[09/24/2018 13:16:51 PM] [1961549] -580 (0.07)-> [1450162] -580 (0.11)-> [5085255] -478 (0.16)-> [1944581]

[09/24/2018 13:16:51 PM]  
[09/24/2018 13:16:51 PM] SPO: [ 1961549 178 1944581], Score: 0.517551759504, Path (5):
[09/24/2018 13:16:51 PM] [1961549] -478 (0.05)-> [977699] -478 (0.07)-> [5053764] -652 (0.08)-> [2489818] -652 (0.12)-> [5085255] -478 (0.19)-> [1944581]

[09/24/2018 13:16:51 PM]  
[09/24/2018 13:16:51 PM] SPO: [ 1961549 178 1944581], Score: 0.536587369188, Path (5):
[09/24/2018 13:16:51 PM] [1961549] -580 (0.07)-> [1450162] -580 (0.06)-> [4645655] -580 (0.08)-> [5466525] -580 (0.11)-> [294716] -478 (0.21)-> [1944581]

[09/24/2018 13:16:51 PM]  
[09/24/2018 13:16:51 PM] SPO: [ 1961549 178 1944581], Score: 0.538359266241, Path (5):
[09/24/2018 13:16:51 PM] [1961549] -478 (0.05)-> [977699] -478 (0.06)-> [523313] -114 (0.08)-> [2524378] -114 (0.11)-> [5085255] -478 (0.24)-> [1944581]

[09/24/2018 13:16:51 PM]  
[09/24/2018 13:16:51 PM] SPO: [ 1961549 178 1944581], Score: 0.602682929974, Path (7):
[09/24/2018 13:16:51 PM] [1961549] -478 (0.05)-> [977699] -478 (0.07)-> [5053764] -580 (0.05)-> [4393558] -580 (0.06)-> [2983519] -580 (0.07)-> [3405031] -580 (0.12)-> [2407690] -114 (0.19)-> [1944581]

[09/24/2018 13:18:33 PM]  
[09/24/2018 13:18:33 PM] SPO: [ 294716 178 1944581], Score: 0.184063315392, Path (1):
[09/24/2018 13:18:33 PM] [294716] -478 (0.18)-> [1944581]

[09/24/2018 13:18:33 PM]  
[09/24/2018 13:18:33 PM] SPO: [ 294716 178 1944581], Score: 0.505686696951, Path (5):
[09/24/2018 13:18:33 PM] [294716] -580 (0.06)-> [4916852] -580 (0.07)-> [5080900] -652 (0.1)-> [3518448] -652 (0.11)-> [1876229] -478 (0.17)-> [1944581]

[09/24/2018 13:18:33 PM]  
[09/24/2018 13:18:33 PM] SPO: [ 294716 178 1944581], Score: 0.19338912514, Path (3):
[09/24/2018 13:18:33 PM] [294716] -183 (0.05)-> [1261616] -183 (0.06)-> [793801] -478 (0.08)-> [1944581]

[09/24/2018 13:18:33 PM]  
[09/24/2018 13:18:33 PM] SPO: [ 294716 178 1944581], Score: 0.522668004957, Path (7):
[09/24/2018 13:18:33 PM] [294716] -580 (0.06)-> [4916852] -580 (0.07)-> [5080900] -652 (0.1)-> [3518448] -652 (0.11)-> [1876229] -183 (0.05)-> [5447382] -183 (0.06)-> [5085255] -478 (0.08)-> [1944581]

[09/24/2018 13:18:33 PM]  
[09/24/2018 13:18:33 PM] SPO: [ 294716 178 1944581], Score: 0.52380073192, Path (5):
[09/24/2018 13:18:33 PM] [294716] -183 (0.05)-> [1261616] -183 (0.06)-> [5056783] -580 (0.08)-> [3405031] -580 (0.1)-> [2407690] -114 (0.23)-> [1944581]

[09/24/2018 13:19:55 PM]  
[09/24/2018 13:19:55 PM] SPO: [ 3914216 178 1670976], Score: 0.357388026628, Path (3):
[09/24/2018 13:19:55 PM] [3914216] -114 (0.07)-> [912210] -114 (0.11)-> [4803747] -478 (0.17)-> [1670976]

[09/24/2018 13:19:55 PM]  
[09/24/2018 13:19:55 PM] SPO: [ 3914216 178 1670976], Score: 0.345541089445, Path (3):
[09/24/2018 13:19:55 PM] [3914216] -192 (0.07)-> [2016979] -192 (0.11)-> [4803747] -478 (0.16)-> [1670976]

[09/24/2018 13:19:55 PM]  
[09/24/2018 13:19:55 PM] SPO: [ 3914216 178 1670976], Score: 0.427538976607, Path (3):
[09/24/2018 13:19:55 PM] [3914216] -114 (0.07)-> [912210] -114 (0.11)-> [727213] -478 (0.24)-> [1670976]

[09/24/2018 13:19:55 PM]  
[09/24/2018 13:19:55 PM] SPO: [ 3914216 178 1670976], Score: 0.428225037308, Path (3):
[09/24/2018 13:19:55 PM] [3914216] -192 (0.07)-> [2016979] -192 (0.11)-> [727213] -478 (0.24)-> [1670976]

[09/24/2018 13:19:55 PM]  
[09/24/2018 13:19:55 PM] SPO: [ 3914216 178 1670976], Score: 0.580532535921, Path (5):
[09/24/2018 13:19:55 PM] [3914216] -192 (0.07)-> [2016979] -192 (0.11)-> [727213] -384 (0.08)-> [2933391] -384 (0.12)-> [5491491] -478 (0.19)-> [1670976]

[09/24/2018 13:21:59 PM]  
[09/24/2018 13:21:59 PM] SPO: [ 3420508 178 1459329], Score: 0.525348499861, Path (5):
[09/24/2018 13:21:59 PM] [3420508] -478 (0.05)-> [2245781] -478 (0.06)-> [5055742] -580 (0.08)-> [5438266] -580 (0.13)-> [361585] -478 (0.21)-> [1459329]

[09/24/2018 13:21:59 PM]  
[09/24/2018 13:21:59 PM] SPO: [ 3420508 178 1459329], Score: 0.420063921567, Path (5):
[09/24/2018 13:21:59 PM] [3420508] -580 (0.05)-> [1732922] -580 (0.06)-> [5090926] -652 (0.07)-> [1355932] -652 (0.09)-> [3604472] -478 (0.14)-> [1459329]

[09/24/2018 13:21:59 PM]  
[09/24/2018 13:21:59 PM] SPO: [ 3420508 178 1459329], Score: 0.535671744477, Path (7):
[09/24/2018 13:21:59 PM] [3420508] -478 (0.05)-> [2245781] -478 (0.06)-> [5055742] -114 (0.05)-> [1733828] -114 (0.06)-> [5043812] -384 (0.07)-> [2933391] -384 (0.1)-> [3604472] -478 (0.15)-> [1459329]

[09/24/2018 13:21:59 PM]  
[09/24/2018 13:21:59 PM] SPO: [ 3420508 178 1459329], Score: 0.561259687682, Path (5):
[09/24/2018 13:21:59 PM] [3420508] -580 (0.05)-> [1732922] -580 (0.06)-> [4911766] -580 (0.08)-> [4919887] -580 (0.11)-> [3604472] -478 (0.25)-> [1459329]

[09/24/2018 13:21:59 PM]  
[09/24/2018 13:21:59 PM] SPO: [ 3420508 178 1459329], Score: 0.526734116253, Path (7):
[09/24/2018 13:21:59 PM] [3420508] -580 (0.05)-> [1732922] -580 (0.06)-> [4911766] -580 (0.04)-> [5186803] -580 (0.06)-> [263673] -580 (0.07)-> [4919887] -580 (0.1)-> [3604472] -478 (0.15)-> [1459329]

[09/24/2018 13:23:23 PM]  
[09/24/2018 13:23:23 PM] SPO: [ 5029407 178 1424344], Score: 0.364532757952, Path (3):
[09/24/2018 13:23:23 PM] [5029407] -192 (0.07)-> [4095803] -192 (0.11)-> [4904028] -652 (0.18)-> [1424344]

[09/24/2018 13:23:23 PM]  
[09/24/2018 13:23:23 PM] SPO: [ 5029407 178 1424344], Score: 0.335664937498, Path (3):
[09/24/2018 13:23:23 PM] [5029407] -580 (0.07)-> [419355] -580 (0.1)-> [295592] -652 (0.16)-> [1424344]

[09/24/2018 13:23:23 PM]  
[09/24/2018 13:23:23 PM] SPO: [ 5029407 178 1424344], Score: 0.390161775924, Path (3):
[09/24/2018 13:23:23 PM] [5029407] -192 (0.07)-> [4095803] -192 (0.11)-> [2339567] -652 (0.21)-> [1424344]

[09/24/2018 13:23:23 PM]  
[09/24/2018 13:23:23 PM] SPO: [ 5029407 178 1424344], Score: 0.40308489034, Path (3):
[09/24/2018 13:23:23 PM] [5029407] -580 (0.07)-> [419355] -580 (0.11)-> [3904807] -652 (0.22)-> [1424344]

[09/24/2018 13:23:23 PM]  
[09/24/2018 13:23:23 PM] SPO: [ 5029407 178 1424344], Score: 0.454314990654, Path (4):
[09/24/2018 13:23:23 PM] [5029407] -580 (0.07)-> [419355] -580 (0.11)-> [3904807] -580 (0.09)-> [2907525] -578 (0.18)-> [1424344]

[09/24/2018 13:24:53 PM]  
[09/24/2018 13:24:53 PM] SPO: [ 3087225 178 1424344], Score: 0.303153189954, Path (3):
[09/24/2018 13:24:53 PM] [3087225] -384 (0.07)-> [3461212] -384 (0.1)-> [295592] -652 (0.14)-> [1424344]

[09/24/2018 13:24:53 PM]  
[09/24/2018 13:24:53 PM] SPO: [ 3087225 178 1424344], Score: 0.305480979639, Path (3):
[09/24/2018 13:24:53 PM] [3087225] -114 (0.06)-> [1945218] -114 (0.1)-> [1741947] -192 (0.15)-> [1424344]

[09/24/2018 13:24:53 PM]  
[09/24/2018 13:24:53 PM] SPO: [ 3087225 178 1424344], Score: 0.368787462134, Path (3):
[09/24/2018 13:24:53 PM] [3087225] -114 (0.06)-> [1945218] -114 (0.1)-> [265347] -192 (0.21)-> [1424344]

[09/24/2018 13:24:53 PM]  
[09/24/2018 13:24:53 PM] SPO: [ 3087225 178 1424344], Score: 0.542858632672, Path (5):
[09/24/2018 13:24:53 PM] [3087225] -384 (0.07)-> [3461212] -384 (0.06)-> [4494277] -478 (0.08)-> [590398] -652 (0.11)-> [878990] -652 (0.23)-> [1424344]

[09/24/2018 13:24:53 PM]  
[09/24/2018 13:24:53 PM] SPO: [ 3087225 178 1424344], Score: 0.450124086676, Path (5):
[09/24/2018 13:24:53 PM] [3087225] -384 (0.07)-> [3461212] -384 (0.06)-> [4494277] -580 (0.07)-> [5216828] -580 (0.1)-> [5070875] -652 (0.15)-> [1424344]

[09/24/2018 13:25:54 PM]  
[09/24/2018 13:25:54 PM] SPO: [ 2075856 178 5372647], Score: 0.455663922471, Path (4):
[09/24/2018 13:25:54 PM] [2075856] -580 (0.05)-> [2312894] -580 (0.07)-> [2010691] -580 (0.12)-> [2815270] -578 (0.21)-> [5372647]

[09/24/2018 13:25:54 PM]  
[09/24/2018 13:25:54 PM] SPO: [ 2075856 178 5372647], Score: 0.4050488493, Path (4):
[09/24/2018 13:25:54 PM] [2075856] -478 (0.05)-> [652754] -478 (0.07)-> [3190340] -580 (0.11)-> [2815270] -578 (0.17)-> [5372647]

[09/24/2018 13:25:54 PM]  
[09/24/2018 13:25:54 PM] SPO: [ 2075856 178 5372647], Score: 0.460169128197, Path (5):
[09/24/2018 13:25:54 PM] [2075856] -478 (0.05)-> [652754] -478 (0.07)-> [3190340] -580 (0.11)-> [2815270] -111 (0.08)-> [3198184] -111 (0.14)-> [5372647]

[09/24/2018 13:25:54 PM]  
[09/24/2018 13:25:54 PM] SPO: [ 2075856 178 5372647], Score: 0.468140552099, Path (5):
[09/24/2018 13:25:54 PM] [2075856] -580 (0.05)-> [2312894] -580 (0.07)-> [2010691] -580 (0.12)-> [2815270] -111 (0.08)-> [3198184] -111 (0.14)-> [5372647]

[09/24/2018 13:25:54 PM]  
[09/24/2018 13:25:54 PM] SPO: [ 2075856 178 5372647], Score: 0.487129439116, Path (4):
[09/24/2018 13:25:54 PM] [2075856] -478 (0.05)-> [652754] -478 (0.07)-> [1892459] -580 (0.11)-> [2815270] -578 (0.26)-> [5372647]

[09/24/2018 13:27:23 PM]  
[09/24/2018 13:27:23 PM] SPO: [ 2633828 178 4408370], Score: 0.521919925858, Path (4):
[09/24/2018 13:27:23 PM] [2633828] -56 (0.06)-> [3914187] -56 (0.08)-> [3117072] -384 (0.11)-> [5472814] -478 (0.27)-> [4408370]

[09/24/2018 13:27:23 PM]  
[09/24/2018 13:27:23 PM] SPO: [ 2633828 178 4408370], Score: 0.500234064857, Path (6):
[09/24/2018 13:27:23 PM] [2633828] -56 (0.06)-> [3914187] -56 (0.08)-> [3117072] -383 (0.04)-> [4713793] -383 (0.06)-> [4363558] -384 (0.07)-> [5082842] -478 (0.2)-> [4408370]

[09/24/2018 13:27:23 PM]  
[09/24/2018 13:27:23 PM] SPO: [ 2633828 178 4408370], Score: 0.521420180137, Path (6):
[09/24/2018 13:27:23 PM] [2633828] -56 (0.06)-> [3914187] -50 (0.05)-> [832300] -348 (0.06)-> [1535130] -50 (0.07)-> [1999763] -652 (0.11)-> [3692941] -192 (0.17)-> [4408370]

[09/24/2018 13:27:23 PM]  
[09/24/2018 13:27:23 PM] SPO: [ 2633828 178 4408370], Score: 0.516602150082, Path (8):
[09/24/2018 13:27:23 PM] [2633828] -56 (0.06)-> [3914187] -50 (0.05)-> [832300] -348 (0.06)-> [1535130] -383 (0.04)-> [2816878] -384 (0.05)-> [2190259] -580 (0.06)-> [3735145] -580 (0.09)-> [5472814] -478 (0.12)-> [4408370]

[09/24/2018 13:27:23 PM]  
[09/24/2018 13:27:23 PM] SPO: [ 2633828 178 4408370], Score: 0.543772551813, Path (7):
[09/24/2018 13:27:23 PM] [2633828] -294 (0.03)-> [1196946] -294 (0.04)-> [2027681] -578 (0.05)-> [5344319] -580 (0.06)-> [3229015] -652 (0.07)-> [3651088] -652 (0.1)-> [268178] -192 (0.19)-> [4408370]

[09/24/2018 13:28:03 PM]  
[09/24/2018 13:28:03 PM] SPO: [ 5082842 178 4408370], Score: 0.167294099927, Path (1):
[09/24/2018 13:28:03 PM] [5082842] -478 (0.17)-> [4408370]

[09/24/2018 13:28:03 PM]  
[09/24/2018 13:28:03 PM] SPO: [ 5082842 178 4408370], Score: 0.413041755604, Path (3):
[09/24/2018 13:28:03 PM] [5082842] -652 (0.08)-> [1733842] -652 (0.13)-> [5472814] -478 (0.21)-> [4408370]

[09/24/2018 13:28:03 PM]  
[09/24/2018 13:28:03 PM] SPO: [ 5082842 178 4408370], Score: 0.389266986941, Path (3):
[09/24/2018 13:28:03 PM] [5082842] -384 (0.07)-> [2480732] -384 (0.12)-> [5472814] -478 (0.2)-> [4408370]

[09/24/2018 13:28:03 PM]  
[09/24/2018 13:28:03 PM] SPO: [ 5082842 178 4408370], Score: 0.562173546948, Path (5):
[09/24/2018 13:28:03 PM] [5082842] -384 (0.07)-> [2480732] -384 (0.12)-> [5472814] -580 (0.07)-> [4488340] -580 (0.12)-> [5050414] -478 (0.18)-> [4408370]

[09/24/2018 13:28:03 PM]  
[09/24/2018 13:28:03 PM] SPO: [ 5082842 178 4408370], Score: 0.574057983064, Path (5):
[09/24/2018 13:28:03 PM] [5082842] -652 (0.08)-> [1733842] -652 (0.13)-> [5472814] -580 (0.07)-> [4488340] -580 (0.12)-> [5050414] -478 (0.18)-> [4408370]

[09/24/2018 13:32:21 PM]  
[09/24/2018 13:32:21 PM] SPO: [ 3692845 178 2030636], Score: 0.341524373497, Path (4):
[09/24/2018 13:32:21 PM] [3692845] -580 (0.03)-> [5493222] -434 (0.04)-> [440377] -410 (0.1)-> [1867470] -480 (0.18)-> [2030636]

[09/24/2018 13:32:21 PM]  
[09/24/2018 13:32:21 PM] SPO: [ 3692845 178 2030636], Score: 0.416789143321, Path (5):
[09/24/2018 13:32:21 PM] [3692845] -580 (0.03)-> [5493222] -266 (0.03)-> [4009976] -266 (0.05)-> [1335734] -512 (0.11)-> [1896917] -512 (0.2)-> [2030636]

[09/24/2018 13:32:21 PM]  
[09/24/2018 13:32:21 PM] SPO: [ 3692845 178 2030636], Score: 0.313408415329, Path (5):
[09/24/2018 13:32:21 PM] [3692845] -580 (0.03)-> [5493222] -266 (0.03)-> [4009976] -266 (0.03)-> [2799753] -65 (0.04)-> [3781413] -65 (0.19)-> [2030636]

[09/24/2018 13:32:21 PM]  
[09/24/2018 13:32:21 PM] SPO: [ 3692845 178 2030636], Score: 0.33575449619, Path (6):
[09/24/2018 13:32:21 PM] [3692845] -580 (0.03)-> [5493222] -266 (0.03)-> [4009976] -266 (0.03)-> [2799753] -578 (0.03)-> [1470834] -410 (0.05)-> [1867470] -480 (0.17)-> [2030636]

[09/24/2018 13:32:21 PM]  
[09/24/2018 13:32:21 PM] SPO: [ 3692845 178 2030636], Score: 0.379399227787, Path (7):
[09/24/2018 13:32:21 PM] [3692845] -580 (0.03)-> [5493222] -266 (0.03)-> [4009976] -266 (0.05)-> [1335734] -512 (0.11)-> [1896917] -512 (0.03)-> [2569505] -410 (0.04)-> [1867470] -480 (0.09)-> [2030636]

[09/24/2018 13:33:23 PM]  
[09/24/2018 13:33:23 PM] SPO: [ 5048159 178 3565270], Score: 0.343859629728, Path (3):
[09/24/2018 13:33:23 PM] [5048159] -192 (0.07)-> [4553801] -192 (0.11)-> [4318882] -478 (0.17)-> [3565270]

[09/24/2018 13:33:23 PM]  
[09/24/2018 13:33:23 PM] SPO: [ 5048159 178 3565270], Score: 0.248289636018, Path (3):
[09/24/2018 13:33:23 PM] [5048159] -183 (0.06)-> [1688628] -183 (0.08)-> [1067953] -478 (0.11)-> [3565270]

[09/24/2018 13:33:23 PM]  
[09/24/2018 13:33:23 PM] SPO: [ 5048159 178 3565270], Score: 0.402888837084, Path (3):
[09/24/2018 13:33:23 PM] [5048159] -192 (0.07)-> [4553801] -192 (0.11)-> [4178802] -478 (0.22)-> [3565270]

[09/24/2018 13:33:23 PM]  
[09/24/2018 13:33:23 PM] SPO: [ 5048159 178 3565270], Score: 0.456113284577, Path (5):
[09/24/2018 13:33:23 PM] [5048159] -183 (0.06)-> [1688628] -183 (0.08)-> [1067953] -114 (0.07)-> [2093315] -114 (0.1)-> [4318882] -478 (0.15)-> [3565270]

[09/24/2018 13:33:23 PM]  
[09/24/2018 13:33:23 PM] SPO: [ 5048159 178 3565270], Score: 0.456780173697, Path (5):
[09/24/2018 13:33:23 PM] [5048159] -183 (0.06)-> [1688628] -183 (0.08)-> [1067953] -580 (0.07)-> [2526545] -580 (0.1)-> [5044726] -478 (0.15)-> [3565270]

[09/24/2018 13:35:57 PM]  
[09/24/2018 13:35:57 PM] SPO: [ 3903091 178 1069201], Score: 0.330352502401, Path (3):
[09/24/2018 13:35:57 PM] [3903091] -114 (0.07)-> [3944908] -114 (0.1)-> [3952107] -478 (0.16)-> [1069201]

[09/24/2018 13:35:57 PM]  
[09/24/2018 13:35:57 PM] SPO: [ 3903091 178 1069201], Score: 0.519693611212, Path (5):
[09/24/2018 13:35:57 PM] [3903091] -114 (0.07)-> [3944908] -114 (0.1)-> [3952107] -652 (0.07)-> [2137659] -652 (0.11)-> [5042438] -478 (0.16)-> [1069201]

[09/24/2018 13:35:57 PM]  
[09/24/2018 13:35:57 PM] SPO: [ 3903091 178 1069201], Score: 0.516167505684, Path (5):
[09/24/2018 13:35:57 PM] [3903091] -114 (0.07)-> [3944908] -114 (0.1)-> [3952107] -192 (0.07)-> [824717] -192 (0.11)-> [5078318] -478 (0.16)-> [1069201]

[09/24/2018 13:35:57 PM]  
[09/24/2018 13:35:57 PM] SPO: [ 3903091 178 1069201], Score: 0.522848502607, Path (6):
[09/24/2018 13:35:57 PM] [3903091] -114 (0.07)-> [3944908] -114 (0.1)-> [3952107] -652 (0.07)-> [2137659] -294 (0.06)-> [2771022] -652 (0.09)-> [3953675] -478 (0.12)-> [1069201]

[09/24/2018 13:35:57 PM]  
[09/24/2018 13:35:57 PM] SPO: [ 3903091 178 1069201], Score: 0.52423256327, Path (5):
[09/24/2018 13:35:57 PM] [3903091] -580 (0.05)-> [3394545] -580 (0.06)-> [869632] -652 (0.08)-> [5541408] -652 (0.12)-> [293992] -478 (0.22)-> [1069201]

[09/24/2018 13:38:27 PM]  
[09/24/2018 13:38:27 PM] SPO: [ 3550926 178 2731518], Score: 0.388001337709, Path (5):
[09/24/2018 13:38:27 PM] [3550926] -384 (0.04)-> [2692484] -384 (0.05)-> [3503271] -192 (0.06)-> [4088238] -192 (0.09)-> [5024963] -478 (0.14)-> [2731518]

[09/24/2018 13:38:27 PM]  
[09/24/2018 13:38:27 PM] SPO: [ 3550926 178 2731518], Score: 0.40765652696, Path (5):
[09/24/2018 13:38:27 PM] [3550926] -580 (0.04)-> [2748763] -580 (0.05)-> [5269932] -580 (0.06)-> [4626988] -580 (0.1)-> [5042324] -478 (0.15)-> [2731518]

[09/24/2018 13:38:27 PM]  
[09/24/2018 13:38:27 PM] SPO: [ 3550926 178 2731518], Score: 0.495343925362, Path (7):
[09/24/2018 13:38:27 PM] [3550926] -384 (0.04)-> [2692484] -384 (0.05)-> [3503271] -192 (0.06)-> [4088238] -192 (0.09)-> [5024963] -183 (0.06)-> [3932566] -183 (0.08)-> [5042324] -478 (0.11)-> [2731518]

[09/24/2018 13:38:27 PM]  
[09/24/2018 13:38:27 PM] SPO: [ 3550926 178 2731518], Score: 0.500032590788, Path (7):
[09/24/2018 13:38:27 PM] [3550926] -580 (0.04)-> [2748763] -580 (0.05)-> [5269932] -580 (0.06)-> [4626988] -580 (0.1)-> [5042324] -183 (0.06)-> [3932566] -183 (0.08)-> [5024963] -478 (0.11)-> [2731518]

[09/24/2018 13:38:27 PM]  
[09/24/2018 13:38:27 PM] SPO: [ 3550926 178 2731518], Score: 0.51781359903, Path (5):
[09/24/2018 13:38:27 PM] [3550926] -384 (0.04)-> [2692484] -384 (0.06)-> [2539464] -580 (0.08)-> [4400431] -580 (0.1)-> [5024963] -478 (0.24)-> [2731518]

[09/24/2018 13:40:02 PM]  
[09/24/2018 13:40:02 PM] SPO: [ 4024393 178 1932578], Score: 0.323838417352, Path (3):
[09/24/2018 13:40:02 PM] [4024393] -114 (0.07)-> [1942306] -114 (0.1)-> [3992954] -478 (0.15)-> [1932578]

[09/24/2018 13:40:02 PM]  
[09/24/2018 13:40:02 PM] SPO: [ 4024393 178 1932578], Score: 0.276910121868, Path (3):
[09/24/2018 13:40:02 PM] [4024393] -384 (0.06)-> [2634908] -384 (0.09)-> [3992954] -478 (0.12)-> [1932578]

[09/24/2018 13:40:02 PM]  
[09/24/2018 13:40:02 PM] SPO: [ 4024393 178 1932578], Score: 0.534175383631, Path (5):
[09/24/2018 13:40:02 PM] [4024393] -114 (0.07)-> [1942306] -114 (0.06)-> [5052823] -580 (0.08)-> [4864486] -580 (0.11)-> [3992954] -478 (0.22)-> [1932578]

[09/24/2018 13:40:02 PM]  
[09/24/2018 13:40:02 PM] SPO: [ 4024393 178 1932578], Score: 0.552978808522, Path (5):
[09/24/2018 13:40:02 PM] [4024393] -384 (0.06)-> [2634908] -384 (0.06)-> [3209268] -652 (0.08)-> [1358020] -652 (0.11)-> [3992954] -478 (0.24)-> [1932578]

[09/24/2018 13:40:02 PM]  
[09/24/2018 13:40:02 PM] SPO: [ 4024393 178 1932578], Score: 0.588636747793, Path (7):
[09/24/2018 13:40:02 PM] [4024393] -384 (0.06)-> [2634908] -384 (0.06)-> [3209268] -580 (0.05)-> [1073314] -580 (0.06)-> [2265283] -652 (0.07)-> [1358020] -652 (0.11)-> [3992954] -478 (0.18)-> [1932578]

[09/24/2018 13:41:00 PM]  
[09/24/2018 13:41:00 PM] SPO: [ 5045180 178 5506953], Score: 0.338629005156, Path (3):
[09/24/2018 13:41:00 PM] [5045180] -580 (0.07)-> [4468787] -580 (0.1)-> [4781623] -478 (0.16)-> [5506953]

[09/24/2018 13:41:00 PM]  
[09/24/2018 13:41:00 PM] SPO: [ 5045180 178 5506953], Score: 0.570273421873, Path (5):
[09/24/2018 13:41:00 PM] [5045180] -478 (0.05)-> [4111834] -478 (0.06)-> [5080192] -580 (0.08)-> [4468787] -580 (0.14)-> [4781623] -478 (0.24)-> [5506953]

[09/24/2018 13:41:00 PM]  
[09/24/2018 13:41:00 PM] SPO: [ 5045180 178 5506953], Score: 0.553264707827, Path (6):
[09/24/2018 13:41:00 PM] [5045180] -478 (0.05)-> [4111834] -478 (0.06)-> [5080192] -580 (0.05)-> [2923329] -580 (0.07)-> [1357162] -580 (0.1)-> [3128051] -578 (0.22)-> [5506953]

[09/24/2018 13:41:00 PM]  
[09/24/2018 13:41:00 PM] SPO: [ 5045180 178 5506953], Score: 0.484679996193, Path (7):
[09/24/2018 13:41:00 PM] [5045180] -478 (0.05)-> [4111834] -478 (0.06)-> [5080192] -580 (0.05)-> [2923329] -580 (0.07)-> [1357162] -128 (0.06)-> [3217079] -183 (0.08)-> [1319586] -652 (0.12)-> [5506953]

[09/24/2018 13:41:00 PM]  
[09/24/2018 13:41:00 PM] SPO: [ 5045180 178 5506953], Score: 0.546184006835, Path (7):
[09/24/2018 13:41:00 PM] [5045180] -478 (0.05)-> [4111834] -478 (0.06)-> [5080192] -580 (0.05)-> [2923329] -580 (0.05)-> [1357159] -590 (0.06)-> [1357162] -580 (0.09)-> [3128051] -578 (0.19)-> [5506953]

[09/24/2018 13:42:31 PM]  
[09/24/2018 13:42:31 PM] SPO: [ 5084082 178 2041881], Score: 0.333115209905, Path (3):
[09/24/2018 13:42:31 PM] [5084082] -192 (0.07)-> [5508738] -192 (0.1)-> [5048922] -652 (0.16)-> [2041881]

[09/24/2018 13:42:31 PM]  
[09/24/2018 13:42:31 PM] SPO: [ 5084082 178 2041881], Score: 0.32545797202, Path (3):
[09/24/2018 13:42:31 PM] [5084082] -580 (0.07)-> [4404167] -580 (0.1)-> [5048922] -652 (0.15)-> [2041881]

[09/24/2018 13:42:31 PM]  
[09/24/2018 13:42:31 PM] SPO: [ 5084082 178 2041881], Score: 0.539066420549, Path (5):
[09/24/2018 13:42:31 PM] [5084082] -580 (0.07)-> [4404167] -580 (0.06)-> [478507] -652 (0.08)-> [5507771] -652 (0.1)-> [5048922] -652 (0.22)-> [2041881]

[09/24/2018 13:42:31 PM]  
[09/24/2018 13:42:31 PM] SPO: [ 5084082 178 2041881], Score: 0.555003116847, Path (5):
[09/24/2018 13:42:31 PM] [5084082] -192 (0.07)-> [5508738] -192 (0.06)-> [2486026] -192 (0.09)-> [4852119] -192 (0.11)-> [5094715] -478 (0.22)-> [2041881]

[09/24/2018 13:42:31 PM]  
[09/24/2018 13:42:31 PM] SPO: [ 5084082 178 2041881], Score: 0.551949067543, Path (7):
[09/24/2018 13:42:31 PM] [5084082] -192 (0.07)-> [5508738] -192 (0.06)-> [2486026] -580 (0.04)-> [1593397] -580 (0.05)-> [3643529] -478 (0.07)-> [4916150] -580 (0.1)-> [5048922] -652 (0.15)-> [2041881]

[09/24/2018 13:43:24 PM]  
[09/24/2018 13:43:24 PM] SPO: [ 5047433 178 1912017], Score: 0.156609087248, Path (1):
[09/24/2018 13:43:24 PM] [5047433] -478 (0.16)-> [1912017]

[09/24/2018 13:43:24 PM]  
[09/24/2018 13:43:24 PM] SPO: [ 5047433 178 1912017], Score: 0.340876463913, Path (3):
[09/24/2018 13:43:24 PM] [5047433] -114 (0.07)-> [2127433] -114 (0.11)-> [5047434] -478 (0.17)-> [1912017]

[09/24/2018 13:43:24 PM]  
[09/24/2018 13:43:24 PM] SPO: [ 5047433 178 1912017], Score: 0.290791503258, Path (3):
[09/24/2018 13:43:24 PM] [5047433] -384 (0.06)-> [3822226] -384 (0.09)-> [5047438] -652 (0.14)-> [1912017]

[09/24/2018 13:43:24 PM]  
[09/24/2018 13:43:24 PM] SPO: [ 5047433 178 1912017], Score: 0.330126543601, Path (3):
[09/24/2018 13:43:24 PM] [5047433] -384 (0.06)-> [3822226] -384 (0.09)-> [5047428] -652 (0.18)-> [1912017]

[09/24/2018 13:43:24 PM]  
[09/24/2018 13:43:24 PM] SPO: [ 5047433 178 1912017], Score: 0.368930500366, Path (3):
[09/24/2018 13:43:24 PM] [5047433] -114 (0.07)-> [2127433] -114 (0.1)-> [5047438] -652 (0.2)-> [1912017]

[09/24/2018 13:44:50 PM]  
[09/24/2018 13:44:50 PM] SPO: [ 4420029 178 2706896], Score: 0.306999975801, Path (3):
[09/24/2018 13:44:50 PM] [4420029] -384 (0.07)-> [847419] -384 (0.1)-> [5055626] -192 (0.14)-> [2706896]

[09/24/2018 13:44:50 PM]  
[09/24/2018 13:44:50 PM] SPO: [ 4420029 178 2706896], Score: 0.404868248192, Path (4):
[09/24/2018 13:44:50 PM] [4420029] -25 (0.05)-> [2118870] -652 (0.07)-> [847419] -384 (0.09)-> [5055626] -192 (0.19)-> [2706896]

[09/24/2018 13:44:50 PM]  
[09/24/2018 13:44:50 PM] SPO: [ 4420029 178 2706896], Score: 0.431056347018, Path (3):
[09/24/2018 13:44:50 PM] [4420029] -384 (0.07)-> [847419] -384 (0.11)-> [4754997] -192 (0.25)-> [2706896]

[09/24/2018 13:44:50 PM]  
[09/24/2018 13:44:50 PM] SPO: [ 4420029 178 2706896], Score: 0.561108613148, Path (5):
[09/24/2018 13:44:50 PM] [4420029] -384 (0.07)-> [847419] -384 (0.1)-> [5055626] -652 (0.08)-> [4401194] -652 (0.12)-> [5073089] -192 (0.2)-> [2706896]

[09/24/2018 13:44:50 PM]  
[09/24/2018 13:44:50 PM] SPO: [ 4420029 178 2706896], Score: 0.61051807088, Path (6):
[09/24/2018 13:44:50 PM] [4420029] -25 (0.05)-> [2118870] -652 (0.07)-> [847419] -384 (0.09)-> [5055626] -652 (0.08)-> [4401194] -652 (0.12)-> [5073089] -192 (0.2)-> [2706896]

[09/24/2018 13:45:16 PM]  
[09/24/2018 13:45:16 PM] SPO: [ 582205 178 5547224], Score: 0.151442091847, Path (1):
[09/24/2018 13:45:16 PM] [582205] -652 (0.15)-> [5547224]

[09/24/2018 13:45:16 PM]  
[09/24/2018 13:45:16 PM] SPO: [ 582205 178 5547224], Score: 0.43304177682, Path (3):
[09/24/2018 13:45:16 PM] [582205] -478 (0.08)-> [1125844] -478 (0.14)-> [3232193] -652 (0.22)-> [5547224]

[09/24/2018 13:45:16 PM]  
[09/24/2018 13:45:16 PM] SPO: [ 582205 178 5547224], Score: 0.423089624835, Path (3):
[09/24/2018 13:45:16 PM] [582205] -652 (0.08)-> [3408702] -652 (0.13)-> [3330948] -652 (0.21)-> [5547224]

[09/24/2018 13:45:16 PM]  
[09/24/2018 13:45:16 PM] SPO: [ 582205 178 5547224], Score: 0.440827978462, Path (3):
[09/24/2018 13:45:16 PM] [582205] -652 (0.08)-> [3408702] -652 (0.11)-> [4752408] -652 (0.26)-> [5547224]

[09/24/2018 13:45:16 PM]  
[09/24/2018 13:45:16 PM] SPO: [ 582205 178 5547224], Score: 0.410515729792, Path (4):
[09/24/2018 13:45:16 PM] [582205] -652 (0.08)-> [3408702] -652 (0.11)-> [4752408] -580 (0.07)-> [1496045] -440 (0.16)-> [5547224]

[09/24/2018 13:46:04 PM]  
[09/24/2018 13:46:04 PM] SPO: [ 5037517 178 3520660], Score: 0.213387535996, Path (1):
[09/24/2018 13:46:04 PM] [5037517] -478 (0.21)-> [3520660]

[09/24/2018 13:46:04 PM]  
[09/24/2018 13:46:04 PM] SPO: [ 5037517 178 3520660], Score: 0.326560658965, Path (3):
[09/24/2018 13:46:04 PM] [5037517] -114 (0.07)-> [5369657] -114 (0.1)-> [2272471] -652 (0.15)-> [3520660]

[09/24/2018 13:46:04 PM]  
[09/24/2018 13:46:04 PM] SPO: [ 5037517 178 3520660], Score: 0.315205176701, Path (3):
[09/24/2018 13:46:04 PM] [5037517] -580 (0.07)-> [1196748] -580 (0.1)-> [2272471] -652 (0.15)-> [3520660]

[09/24/2018 13:46:04 PM]  
[09/24/2018 13:46:04 PM] SPO: [ 5037517 178 3520660], Score: 0.528151225328, Path (5):
[09/24/2018 13:46:04 PM] [5037517] -580 (0.07)-> [1196748] -580 (0.1)-> [2272471] -384 (0.08)-> [1425859] -384 (0.11)-> [5581394] -652 (0.17)-> [3520660]

[09/24/2018 13:46:04 PM]  
[09/24/2018 13:46:04 PM] SPO: [ 5037517 178 3520660], Score: 0.493920325747, Path (5):
[09/24/2018 13:46:04 PM] [5037517] -580 (0.07)-> [1196748] -580 (0.1)-> [2272471] -580 (0.07)-> [2618105] -580 (0.1)-> [5130245] -652 (0.15)-> [3520660]

[09/24/2018 13:46:39 PM]  
[09/24/2018 13:46:39 PM] SPO: [ 3006133 178 4390563], Score: 0.210378593438, Path (1):
[09/24/2018 13:46:39 PM] [3006133] -652 (0.21)-> [4390563]

[09/24/2018 13:46:39 PM]  
[09/24/2018 13:46:39 PM] SPO: [ 3006133 178 4390563], Score: 0.436486229681, Path (3):
[09/24/2018 13:46:39 PM] [3006133] -478 (0.09)-> [4833032] -478 (0.13)-> [730176] -652 (0.22)-> [4390563]

[09/24/2018 13:46:39 PM]  
[09/24/2018 13:46:39 PM] SPO: [ 3006133 178 4390563], Score: 0.363880134862, Path (3):
[09/24/2018 13:46:39 PM] [3006133] -384 (0.08)-> [2715333] -384 (0.11)-> [4874234] -652 (0.17)-> [4390563]

[09/24/2018 13:46:39 PM]  
[09/24/2018 13:46:39 PM] SPO: [ 3006133 178 4390563], Score: 0.439894776877, Path (3):
[09/24/2018 13:46:39 PM] [3006133] -384 (0.08)-> [2715333] -384 (0.13)-> [4147419] -652 (0.24)-> [4390563]

[09/24/2018 13:46:39 PM]  
[09/24/2018 13:46:39 PM] SPO: [ 3006133 178 4390563], Score: 0.555813613639, Path (5):
[09/24/2018 13:46:39 PM] [3006133] -384 (0.08)-> [2715333] -384 (0.13)-> [4147419] -114 (0.08)-> [3868168] -114 (0.11)-> [4874234] -652 (0.17)-> [4390563]

[09/24/2018 13:47:34 PM]  
[09/24/2018 13:47:34 PM] SPO: [ 3928951 178 4404167], Score: 0.322533108599, Path (3):
[09/24/2018 13:47:34 PM] [3928951] -114 (0.07)-> [2691770] -114 (0.1)-> [297998] -478 (0.15)-> [4404167]

[09/24/2018 13:47:34 PM]  
[09/24/2018 13:47:34 PM] SPO: [ 3928951 178 4404167], Score: 0.323209856711, Path (3):
[09/24/2018 13:47:34 PM] [3928951] -384 (0.07)-> [3423516] -384 (0.1)-> [5092395] -580 (0.15)-> [4404167]

[09/24/2018 13:47:34 PM]  
[09/24/2018 13:47:34 PM] SPO: [ 3928951 178 4404167], Score: 0.418545340229, Path (4):
[09/24/2018 13:47:34 PM] [3928951] -114 (0.07)-> [2691770] -578 (0.07)-> [1069051] -192 (0.11)-> [297998] -478 (0.17)-> [4404167]

[09/24/2018 13:47:34 PM]  
[09/24/2018 13:47:34 PM] SPO: [ 3928951 178 4404167], Score: 0.546319247495, Path (5):
[09/24/2018 13:47:34 PM] [3928951] -384 (0.07)-> [3423516] -384 (0.1)-> [5092395] -478 (0.07)-> [4300886] -478 (0.12)-> [5040441] -580 (0.19)-> [4404167]

[09/24/2018 13:47:34 PM]  
[09/24/2018 13:47:34 PM] SPO: [ 3928951 178 4404167], Score: 0.57111161006, Path (5):
[09/24/2018 13:47:34 PM] [3928951] -384 (0.07)-> [3423516] -384 (0.1)-> [5092395] -478 (0.07)-> [4300886] -478 (0.1)-> [5107649] -580 (0.23)-> [4404167]

[09/24/2018 13:48:02 PM]  
[09/24/2018 13:48:02 PM] SPO: [ 4316204 178 5447945], Score: 0.192954100603, Path (1):
[09/24/2018 13:48:02 PM] [4316204] -652 (0.19)-> [5447945]

[09/24/2018 13:48:02 PM]  
[09/24/2018 13:48:02 PM] SPO: [ 4316204 178 5447945], Score: 0.355396239291, Path (3):
[09/24/2018 13:48:02 PM] [4316204] -192 (0.07)-> [1452064] -192 (0.11)-> [908045] -478 (0.17)-> [5447945]

[09/24/2018 13:48:02 PM]  
[09/24/2018 13:48:02 PM] SPO: [ 4316204 178 5447945], Score: 0.334309461194, Path (3):
[09/24/2018 13:48:02 PM] [4316204] -114 (0.07)-> [5384524] -114 (0.1)-> [1500881] -478 (0.16)-> [5447945]

[09/24/2018 13:48:02 PM]  
[09/24/2018 13:48:02 PM] SPO: [ 4316204 178 5447945], Score: 0.361446794627, Path (3):
[09/24/2018 13:48:02 PM] [4316204] -114 (0.07)-> [5384524] -114 (0.1)-> [985401] -652 (0.19)-> [5447945]

[09/24/2018 13:48:02 PM]  
[09/24/2018 13:48:02 PM] SPO: [ 4316204 178 5447945], Score: 0.530949950969, Path (5):
[09/24/2018 13:48:02 PM] [4316204] -114 (0.07)-> [5384524] -114 (0.1)-> [985401] -192 (0.07)-> [859019] -192 (0.11)-> [5297940] -652 (0.18)-> [5447945]

[09/24/2018 13:48:43 PM]  
[09/24/2018 13:48:43 PM] SPO: [ 1992154 178 4353550], Score: 0.160357935003, Path (1):
[09/24/2018 13:48:43 PM] [1992154] -478 (0.16)-> [4353550]

[09/24/2018 13:48:43 PM]  
[09/24/2018 13:48:43 PM] SPO: [ 1992154 178 4353550], Score: 0.417139885764, Path (3):
[09/24/2018 13:48:43 PM] [1992154] -652 (0.08)-> [2694882] -652 (0.13)-> [1320400] -478 (0.21)-> [4353550]

[09/24/2018 13:48:43 PM]  
[09/24/2018 13:48:43 PM] SPO: [ 1992154 178 4353550], Score: 0.384936756985, Path (3):
[09/24/2018 13:48:43 PM] [1992154] -114 (0.07)-> [4452750] -114 (0.12)-> [1320400] -478 (0.2)-> [4353550]

[09/24/2018 13:48:43 PM]  
[09/24/2018 13:48:43 PM] SPO: [ 1992154 178 4353550], Score: 0.518253518693, Path (5):
[09/24/2018 13:48:43 PM] [1992154] -114 (0.07)-> [4452750] -114 (0.05)-> [1896249] -580 (0.08)-> [5216828] -580 (0.1)-> [1272373] -580 (0.22)-> [4353550]

[09/24/2018 13:48:43 PM]  
[09/24/2018 13:48:43 PM] SPO: [ 1992154 178 4353550], Score: 0.469479269199, Path (5):
[09/24/2018 13:48:43 PM] [1992154] -114 (0.07)-> [4452750] -114 (0.05)-> [1896249] -580 (0.07)-> [5354495] -580 (0.1)-> [4683410] -580 (0.17)-> [4353550]

[09/24/2018 13:49:33 PM]  
[09/24/2018 13:49:33 PM] SPO: [ 5005422 178 2560448], Score: 0.178224688704, Path (1):
[09/24/2018 13:49:33 PM] [5005422] -652 (0.18)-> [2560448]

[09/24/2018 13:49:33 PM]  
[09/24/2018 13:49:33 PM] SPO: [ 5005422 178 2560448], Score: 0.361802263469, Path (3):
[09/24/2018 13:49:33 PM] [5005422] -192 (0.07)-> [4361290] -192 (0.11)-> [957197] -652 (0.17)-> [2560448]

[09/24/2018 13:49:33 PM]  
[09/24/2018 13:49:33 PM] SPO: [ 5005422 178 2560448], Score: 0.323044974712, Path (3):
[09/24/2018 13:49:33 PM] [5005422] -580 (0.07)-> [2526545] -580 (0.1)-> [2365223] -652 (0.15)-> [2560448]

[09/24/2018 13:49:33 PM]  
[09/24/2018 13:49:33 PM] SPO: [ 5005422 178 2560448], Score: 0.396590303834, Path (3):
[09/24/2018 13:49:33 PM] [5005422] -580 (0.07)-> [2526545] -580 (0.11)-> [663517] -652 (0.22)-> [2560448]

[09/24/2018 13:49:33 PM]  
[09/24/2018 13:49:33 PM] SPO: [ 5005422 178 2560448], Score: 0.413862501851, Path (3):
[09/24/2018 13:49:33 PM] [5005422] -192 (0.07)-> [4361290] -192 (0.11)-> [4795355] -652 (0.23)-> [2560448]

[09/24/2018 13:50:48 PM]  
[09/24/2018 13:50:48 PM] SPO: [ 497411 178 3582090], Score: 0.552425643371, Path (3):
[09/24/2018 13:50:48 PM] [497411] -192 (0.1)-> [3764560] -192 (0.15)-> [5325876] -652 (0.3)-> [3582090]

[09/24/2018 13:50:48 PM]  
[09/24/2018 13:50:48 PM] SPO: [ 497411 178 3582090], Score: 0.260493165706, Path (5):
[09/24/2018 13:50:48 PM] [497411] -192 (0.1)-> [3764560] -480 (0.03)-> [1867475] -410 (0.04)-> [400253] -192 (0.04)-> [5325876] -652 (0.06)-> [3582090]

[09/24/2018 13:50:48 PM]  
[09/24/2018 13:50:48 PM] SPO: [ 497411 178 3582090], Score: 0.374636222521, Path (5):
[09/24/2018 13:50:48 PM] [497411] -192 (0.1)-> [3764560] -480 (0.03)-> [1867475] -480 (0.06)-> [314110] -652 (0.08)-> [1145731] -580 (0.11)-> [3582090]

[09/24/2018 13:50:48 PM]  
[09/24/2018 13:50:48 PM] SPO: [ 497411 178 3582090], Score: 0.40929956703, Path (3):
[09/24/2018 13:50:48 PM] [497411] -478 (0.08)-> [4599340] -478 (0.12)-> [2133431] -652 (0.2)-> [3582090]

[09/24/2018 13:50:48 PM]  
[09/24/2018 13:50:48 PM] SPO: [ 497411 178 3582090], Score: 0.568126535567, Path (5):
[09/24/2018 13:50:48 PM] [497411] -478 (0.08)-> [4599340] -478 (0.12)-> [2133431] -652 (0.08)-> [2606195] -652 (0.12)-> [4963445] -652 (0.17)-> [3582090]

[09/24/2018 13:51:24 PM]  
[09/24/2018 13:51:24 PM] SPO: [ 3953169 178 4931692], Score: 0.171136605882, Path (1):
[09/24/2018 13:51:24 PM] [3953169] -478 (0.17)-> [4931692]

[09/24/2018 13:51:24 PM]  
[09/24/2018 13:51:24 PM] SPO: [ 3953169 178 4931692], Score: 0.57222381952, Path (3):
[09/24/2018 13:51:24 PM] [3953169] -652 (0.09)-> [3022628] -652 (0.17)-> [319642] -478 (0.31)-> [4931692]

[09/24/2018 13:51:24 PM]  
[09/24/2018 13:51:24 PM] SPO: [ 3953169 178 4931692], Score: 0.359470902329, Path (3):
[09/24/2018 13:51:24 PM] [3953169] -192 (0.07)-> [4689503] -192 (0.11)-> [319642] -478 (0.18)-> [4931692]

[09/24/2018 13:51:24 PM]  
[09/24/2018 13:51:24 PM] SPO: [ 3953169 178 4931692], Score: 0.572538909861, Path (5):
[09/24/2018 13:51:24 PM] [3953169] -192 (0.07)-> [4689503] -192 (0.06)-> [4203520] -652 (0.09)-> [5187672] -652 (0.12)-> [3520699] -478 (0.23)-> [4931692]

[09/24/2018 13:51:24 PM]  
[09/24/2018 13:51:24 PM] SPO: [ 3953169 178 4931692], Score: 0.595227202502, Path (6):
[09/24/2018 13:51:24 PM] [3953169] -192 (0.07)-> [4689503] -192 (0.06)-> [4203520] -652 (0.09)-> [5187672] -506 (0.07)-> [2707961] -192 (0.11)-> [3520699] -478 (0.18)-> [4931692]

[09/24/2018 13:52:04 PM]  
[09/24/2018 13:52:04 PM] SPO: [ 4150628 178 3904692], Score: 0.165298552506, Path (1):
[09/24/2018 13:52:04 PM] [4150628] -652 (0.17)-> [3904692]

[09/24/2018 13:52:04 PM]  
[09/24/2018 13:52:04 PM] SPO: [ 4150628 178 3904692], Score: 0.37267704715, Path (3):
[09/24/2018 13:52:04 PM] [4150628] -192 (0.07)-> [1217683] -192 (0.11)-> [4549068] -652 (0.19)-> [3904692]

[09/24/2018 13:52:04 PM]  
[09/24/2018 13:52:04 PM] SPO: [ 4150628 178 3904692], Score: 0.337013902201, Path (3):
[09/24/2018 13:52:04 PM] [4150628] -114 (0.07)-> [4404353] -114 (0.1)-> [5039069] -652 (0.16)-> [3904692]

[09/24/2018 13:52:04 PM]  
[09/24/2018 13:52:04 PM] SPO: [ 4150628 178 3904692], Score: 0.38451476163, Path (3):
[09/24/2018 13:52:04 PM] [4150628] -192 (0.07)-> [1217683] -192 (0.1)-> [5431913] -652 (0.21)-> [3904692]

[09/24/2018 13:52:04 PM]  
[09/24/2018 13:52:04 PM] SPO: [ 4150628 178 3904692], Score: 0.39458872421, Path (3):
[09/24/2018 13:52:04 PM] [4150628] -114 (0.07)-> [4404353] -114 (0.1)-> [2272514] -652 (0.22)-> [3904692]

[09/24/2018 13:52:42 PM]  
[09/24/2018 13:52:42 PM] SPO: [ 914835 178 3904692], Score: 0.165298552506, Path (1):
[09/24/2018 13:52:42 PM] [914835] -652 (0.17)-> [3904692]

[09/24/2018 13:52:42 PM]  
[09/24/2018 13:52:42 PM] SPO: [ 914835 178 3904692], Score: 0.449844839818, Path (3):
[09/24/2018 13:52:42 PM] [914835] -478 (0.08)-> [279363] -478 (0.14)-> [5039069] -652 (0.23)-> [3904692]

[09/24/2018 13:52:42 PM]  
[09/24/2018 13:52:42 PM] SPO: [ 914835 178 3904692], Score: 0.373555457068, Path (3):
[09/24/2018 13:52:42 PM] [914835] -192 (0.07)-> [2675205] -192 (0.11)-> [5039069] -652 (0.19)-> [3904692]

[09/24/2018 13:52:42 PM]  
[09/24/2018 13:52:42 PM] SPO: [ 914835 178 3904692], Score: 0.381146387122, Path (3):
[09/24/2018 13:52:42 PM] [914835] -192 (0.07)-> [2675205] -192 (0.1)-> [2516668] -652 (0.21)-> [3904692]

[09/24/2018 13:52:42 PM]  
[09/24/2018 13:52:42 PM] SPO: [ 914835 178 3904692], Score: 0.41126160441, Path (3):
[09/24/2018 13:52:42 PM] [914835] -478 (0.08)-> [279363] -478 (0.11)-> [2516668] -652 (0.23)-> [3904692]

[09/24/2018 13:53:47 PM]  
[09/24/2018 13:53:47 PM] SPO: [ 5057390 178 821507], Score: 0.198235368665, Path (1):
[09/24/2018 13:53:47 PM] [5057390] -652 (0.2)-> [821507]

[09/24/2018 13:53:47 PM]  
[09/24/2018 13:53:47 PM] SPO: [ 5057390 178 821507], Score: 0.421727675661, Path (3):
[09/24/2018 13:53:47 PM] [5057390] -192 (0.09)-> [1983365] -192 (0.13)-> [5208450] -652 (0.2)-> [821507]

[09/24/2018 13:53:47 PM]  
[09/24/2018 13:53:47 PM] SPO: [ 5057390 178 821507], Score: 0.382532325392, Path (3):
[09/24/2018 13:53:47 PM] [5057390] -478 (0.08)-> [2631979] -478 (0.12)-> [5080657] -652 (0.18)-> [821507]

[09/24/2018 13:53:47 PM]  
[09/24/2018 13:53:47 PM] SPO: [ 5057390 178 821507], Score: 0.439977500044, Path (3):
[09/24/2018 13:53:47 PM] [5057390] -192 (0.09)-> [1983365] -192 (0.12)-> [5080657] -652 (0.23)-> [821507]

[09/24/2018 13:53:47 PM]  
[09/24/2018 13:53:47 PM] SPO: [ 5057390 178 821507], Score: 0.48661283041, Path (5):
[09/24/2018 13:53:47 PM] [5057390] -192 (0.09)-> [1983365] -192 (0.13)-> [5208450] -384 (0.06)-> [1707041] -384 (0.09)-> [792751] -652 (0.12)-> [821507]

[09/24/2018 13:55:27 PM]  
[09/24/2018 13:55:27 PM] SPO: [ 4270573 178 762857], Score: 0.370090491905, Path (3):
[09/24/2018 13:55:27 PM] [4270573] -478 (0.08)-> [3393733] -478 (0.12)-> [5148192] -652 (0.18)-> [762857]

[09/24/2018 13:55:27 PM]  
[09/24/2018 13:55:27 PM] SPO: [ 4270573 178 762857], Score: 0.376331986952, Path (3):
[09/24/2018 13:55:27 PM] [4270573] -192 (0.07)-> [4886830] -192 (0.12)-> [5148192] -652 (0.18)-> [762857]

[09/24/2018 13:55:27 PM]  
[09/24/2018 13:55:27 PM] SPO: [ 4270573 178 762857], Score: 0.399974448973, Path (5):
[09/24/2018 13:55:27 PM] [4270573] -192 (0.07)-> [4886830] -192 (0.12)-> [5148192] -183 (0.05)-> [5434208] -183 (0.07)-> [4752432] -652 (0.09)-> [762857]

[09/24/2018 13:55:27 PM]  
[09/24/2018 13:55:27 PM] SPO: [ 4270573 178 762857], Score: 0.417907508764, Path (3):
[09/24/2018 13:55:27 PM] [4270573] -192 (0.07)-> [4886830] -192 (0.11)-> [705363] -652 (0.23)-> [762857]

[09/24/2018 13:55:27 PM]  
[09/24/2018 13:55:27 PM] SPO: [ 4270573 178 762857], Score: 0.421386934971, Path (5):
[09/24/2018 13:55:27 PM] [4270573] -192 (0.07)-> [4886830] -192 (0.11)-> [705363] -183 (0.06)-> [5218029] -183 (0.08)-> [1557306] -478 (0.11)-> [762857]

[09/24/2018 13:56:38 PM]  
[09/24/2018 13:56:38 PM] SPO: [ 1367310 178 2938746], Score: 0.349349141603, Path (3):
[09/24/2018 13:56:38 PM] [1367310] -192 (0.07)-> [3759837] -192 (0.11)-> [3831324] -580 (0.17)-> [2938746]

[09/24/2018 13:56:38 PM]  
[09/24/2018 13:56:38 PM] SPO: [ 1367310 178 2938746], Score: 0.316156940499, Path (3):
[09/24/2018 13:56:38 PM] [1367310] -114 (0.07)-> [1447115] -114 (0.1)-> [5454493] -478 (0.15)-> [2938746]

[09/24/2018 13:56:38 PM]  
[09/24/2018 13:56:38 PM] SPO: [ 1367310 178 2938746], Score: 0.376043902984, Path (3):
[09/24/2018 13:56:38 PM] [1367310] -114 (0.07)-> [1447115] -114 (0.1)-> [1574741] -580 (0.21)-> [2938746]

[09/24/2018 13:56:38 PM]  
[09/24/2018 13:56:38 PM] SPO: [ 1367310 178 2938746], Score: 0.532061790232, Path (5):
[09/24/2018 13:56:38 PM] [1367310] -192 (0.07)-> [3759837] -192 (0.11)-> [3831324] -580 (0.07)-> [5496295] -580 (0.11)-> [5072972] -478 (0.18)-> [2938746]

[09/24/2018 13:56:38 PM]  
[09/24/2018 13:56:38 PM] SPO: [ 1367310 178 2938746], Score: 0.490340251775, Path (5):
[09/24/2018 13:56:38 PM] [1367310] -192 (0.07)-> [3759837] -192 (0.11)-> [3831324] -580 (0.07)-> [2016778] -580 (0.1)-> [5554928] -478 (0.15)-> [2938746]

[09/24/2018 13:58:13 PM]  
[09/24/2018 13:58:13 PM] SPO: [ 5081149 178 2751545], Score: 0.499596159957, Path (3):
[09/24/2018 13:58:13 PM] [5081149] -478 (0.09)-> [4445941] -478 (0.15)-> [3516564] -478 (0.26)-> [2751545]

[09/24/2018 13:58:13 PM]  
[09/24/2018 13:58:13 PM] SPO: [ 5081149 178 2751545], Score: 0.172663047953, Path (3):
[09/24/2018 13:58:13 PM] [5081149] -478 (0.09)-> [4445941] -480 (0.03)-> [4996855] -480 (0.05)-> [2751545]

[09/24/2018 13:58:13 PM]  
[09/24/2018 13:58:13 PM] SPO: [ 5081149 178 2751545], Score: 0.437044596939, Path (5):
[09/24/2018 13:58:13 PM] [5081149] -478 (0.09)-> [4445941] -480 (0.03)-> [4996855] -410 (0.07)-> [3345992] -478 (0.1)-> [4775646] -478 (0.14)-> [2751545]

[09/24/2018 13:58:13 PM]  
[09/24/2018 13:58:13 PM] SPO: [ 5081149 178 2751545], Score: 0.420488605065, Path (5):
[09/24/2018 13:58:13 PM] [5081149] -478 (0.09)-> [4445941] -480 (0.03)-> [4996855] -480 (0.07)-> [2929281] -478 (0.1)-> [3516564] -478 (0.13)-> [2751545]

[09/24/2018 13:58:13 PM]  
[09/24/2018 13:58:13 PM] SPO: [ 5081149 178 2751545], Score: 0.464196953446, Path (3):
[09/24/2018 13:58:13 PM] [5081149] -478 (0.09)-> [2929281] -478 (0.14)-> [3516564] -478 (0.24)-> [2751545]

[09/24/2018 13:59:10 PM]  
[09/24/2018 13:59:10 PM] SPO: [ 5283547 178 1233755], Score: 0.151159665828, Path (1):
[09/24/2018 13:59:10 PM] [5283547] -478 (0.15)-> [1233755]

[09/24/2018 13:59:10 PM]  
[09/24/2018 13:59:10 PM] SPO: [ 5283547 178 1233755], Score: 0.25288708646, Path (2):
[09/24/2018 13:59:10 PM] [5283547] -384 (0.08)-> [3112929] -46 (0.17)-> [1233755]

[09/24/2018 13:59:10 PM]  
[09/24/2018 13:59:10 PM] SPO: [ 5283547 178 1233755], Score: 0.350463655284, Path (3):
[09/24/2018 13:59:10 PM] [5283547] -192 (0.07)-> [2679882] -192 (0.11)-> [4124821] -478 (0.17)-> [1233755]

[09/24/2018 13:59:10 PM]  
[09/24/2018 13:59:10 PM] SPO: [ 5283547 178 1233755], Score: 0.44680202609, Path (3):
[09/24/2018 13:59:10 PM] [5283547] -192 (0.07)-> [2679882] -192 (0.11)-> [2352225] -478 (0.27)-> [1233755]

[09/24/2018 13:59:10 PM]  
[09/24/2018 13:59:10 PM] SPO: [ 5283547 178 1233755], Score: 0.452055821192, Path (3):
[09/24/2018 13:59:10 PM] [5283547] -384 (0.08)-> [3112929] -384 (0.11)-> [2271052] -478 (0.27)-> [1233755]

[09/24/2018 14:00:13 PM]  
[09/24/2018 14:00:13 PM] SPO: [ 3580286 178 1233755], Score: 0.151159665828, Path (1):
[09/24/2018 14:00:13 PM] [3580286] -478 (0.15)-> [1233755]

[09/24/2018 14:00:13 PM]  
[09/24/2018 14:00:13 PM] SPO: [ 3580286 178 1233755], Score: 0.37002784633, Path (3):
[09/24/2018 14:00:13 PM] [3580286] -114 (0.07)-> [5170191] -114 (0.12)-> [880056] -478 (0.18)-> [1233755]

[09/24/2018 14:00:13 PM]  
[09/24/2018 14:00:13 PM] SPO: [ 3580286 178 1233755], Score: 0.396904731105, Path (3):
[09/24/2018 14:00:13 PM] [3580286] -114 (0.07)-> [5170191] -114 (0.1)-> [2309342] -478 (0.23)-> [1233755]

[09/24/2018 14:00:13 PM]  
[09/24/2018 14:00:13 PM] SPO: [ 3580286 178 1233755], Score: 0.433344227288, Path (4):
[09/24/2018 14:00:13 PM] [3580286] -652 (0.05)-> [4031406] -652 (0.08)-> [1877361] -384 (0.11)-> [3027889] -111 (0.19)-> [1233755]

[09/24/2018 14:00:13 PM]  
[09/24/2018 14:00:13 PM] SPO: [ 3580286 178 1233755], Score: 0.440679523511, Path (4):
[09/24/2018 14:00:13 PM] [3580286] -114 (0.07)-> [5170191] -114 (0.12)-> [880056] -384 (0.08)-> [3112929] -46 (0.17)-> [1233755]

[09/24/2018 14:01:01 PM]  
[09/24/2018 14:01:01 PM] SPO: [ 1898921 178 4408713], Score: 0.36692052853, Path (3):
[09/24/2018 14:01:01 PM] [1898921] -192 (0.07)-> [655907] -192 (0.11)-> [1536544] -652 (0.18)-> [4408713]

[09/24/2018 14:01:01 PM]  
[09/24/2018 14:01:01 PM] SPO: [ 1898921 178 4408713], Score: 0.343857199583, Path (3):
[09/24/2018 14:01:01 PM] [1898921] -114 (0.07)-> [1548501] -114 (0.11)-> [5478708] -478 (0.17)-> [4408713]

[09/24/2018 14:01:01 PM]  
[09/24/2018 14:01:01 PM] SPO: [ 1898921 178 4408713], Score: 0.401352485491, Path (3):
[09/24/2018 14:01:01 PM] [1898921] -114 (0.07)-> [1548501] -114 (0.11)-> [1078942] -478 (0.22)-> [4408713]

[09/24/2018 14:01:01 PM]  
[09/24/2018 14:01:01 PM] SPO: [ 1898921 178 4408713], Score: 0.413502611502, Path (3):
[09/24/2018 14:01:01 PM] [1898921] -192 (0.07)-> [655907] -192 (0.11)-> [5478708] -478 (0.23)-> [4408713]

[09/24/2018 14:01:01 PM]  
[09/24/2018 14:01:01 PM] SPO: [ 1898921 178 4408713], Score: 0.616821800907, Path (5):
[09/24/2018 14:01:01 PM] [1898921] -114 (0.07)-> [1548501] -114 (0.11)-> [5478708] -478 (0.08)-> [2527254] -478 (0.13)-> [5091626] -652 (0.23)-> [4408713]

[09/24/2018 14:01:45 PM]  
[09/24/2018 14:01:45 PM] SPO: [ 935661 178 3490891], Score: 0.163994523215, Path (1):
[09/24/2018 14:01:45 PM] [935661] -478 (0.16)-> [3490891]

[09/24/2018 14:01:45 PM]  
[09/24/2018 14:01:45 PM] SPO: [ 935661 178 3490891], Score: 0.395795204268, Path (3):
[09/24/2018 14:01:45 PM] [935661] -478 (0.08)-> [963713] -478 (0.13)-> [2065070] -652 (0.19)-> [3490891]

[09/24/2018 14:01:45 PM]  
[09/24/2018 14:01:45 PM] SPO: [ 935661 178 3490891], Score: 0.431302814808, Path (3):
[09/24/2018 14:01:45 PM] [935661] -652 (0.08)-> [4285805] -652 (0.13)-> [5459613] -580 (0.23)-> [3490891]

[09/24/2018 14:01:45 PM]  
[09/24/2018 14:01:45 PM] SPO: [ 935661 178 3490891], Score: 0.442186387728, Path (3):
[09/24/2018 14:01:45 PM] [935661] -478 (0.08)-> [963713] -478 (0.11)-> [5081516] -478 (0.25)-> [3490891]

[09/24/2018 14:01:45 PM]  
[09/24/2018 14:01:45 PM] SPO: [ 935661 178 3490891], Score: 0.506762804201, Path (5):
[09/24/2018 14:01:45 PM] [935661] -478 (0.08)-> [963713] -478 (0.11)-> [5081516] -580 (0.06)-> [4393657] -580 (0.1)-> [378348] -580 (0.15)-> [3490891]

[09/24/2018 14:02:50 PM]  
[09/24/2018 14:02:50 PM] SPO: [ 5041120 178 591436], Score: 0.199712262803, Path (1):
[09/24/2018 14:02:50 PM] [5041120] -652 (0.2)-> [591436]

[09/24/2018 14:02:50 PM]  
[09/24/2018 14:02:50 PM] SPO: [ 5041120 178 591436], Score: 0.355502261129, Path (3):
[09/24/2018 14:02:50 PM] [5041120] -192 (0.07)-> [5438579] -192 (0.11)-> [1250308] -652 (0.17)-> [591436]

[09/24/2018 14:02:50 PM]  
[09/24/2018 14:02:50 PM] SPO: [ 5041120 178 591436], Score: 0.334908853262, Path (3):
[09/24/2018 14:02:50 PM] [5041120] -580 (0.07)-> [2823009] -580 (0.1)-> [937271] -652 (0.16)-> [591436]

[09/24/2018 14:02:50 PM]  
[09/24/2018 14:02:50 PM] SPO: [ 5041120 178 591436], Score: 0.399520789129, Path (3):
[09/24/2018 14:02:50 PM] [5041120] -192 (0.07)-> [5438579] -192 (0.11)-> [5085956] -652 (0.21)-> [591436]

[09/24/2018 14:02:50 PM]  
[09/24/2018 14:02:50 PM] SPO: [ 5041120 178 591436], Score: 0.557551045066, Path (5):
[09/24/2018 14:02:50 PM] [5041120] -580 (0.07)-> [2823009] -580 (0.06)-> [5127990] -652 (0.08)-> [3014795] -652 (0.12)-> [2272530] -478 (0.22)-> [591436]

[09/24/2018 14:03:39 PM]  
[09/24/2018 14:03:39 PM] SPO: [ 5152002 178 2552896], Score: 0.173694889223, Path (1):
[09/24/2018 14:03:39 PM] [5152002] -652 (0.17)-> [2552896]

[09/24/2018 14:03:39 PM]  
[09/24/2018 14:03:39 PM] SPO: [ 5152002 178 2552896], Score: 0.565148925886, Path (3):
[09/24/2018 14:03:39 PM] [5152002] -478 (0.1)-> [2747676] -478 (0.18)-> [4768811] -478 (0.29)-> [2552896]

[09/24/2018 14:03:39 PM]  
[09/24/2018 14:03:39 PM] SPO: [ 5152002 178 2552896], Score: 0.352869069679, Path (3):
[09/24/2018 14:03:39 PM] [5152002] -192 (0.07)-> [1276853] -192 (0.11)-> [5020134] -652 (0.17)-> [2552896]

[09/24/2018 14:03:39 PM]  
[09/24/2018 14:03:39 PM] SPO: [ 5152002 178 2552896], Score: 0.37576199372, Path (3):
[09/24/2018 14:03:39 PM] [5152002] -192 (0.07)-> [1276853] -192 (0.1)-> [5229156] -652 (0.2)-> [2552896]

[09/24/2018 14:03:39 PM]  
[09/24/2018 14:03:39 PM] SPO: [ 5152002 178 2552896], Score: 0.443733011567, Path (3):
[09/24/2018 14:03:39 PM] [5152002] -478 (0.1)-> [2747676] -478 (0.11)-> [705745] -652 (0.24)-> [2552896]

[09/24/2018 14:04:31 PM]  
[09/24/2018 14:04:31 PM] SPO: [ 4601424 178 4870455], Score: 0.333797124976, Path (3):
[09/24/2018 14:04:31 PM] [4601424] -114 (0.07)-> [2585864] -114 (0.1)-> [276845] -652 (0.17)-> [4870455]

[09/24/2018 14:04:31 PM]  
[09/24/2018 14:04:31 PM] SPO: [ 4601424 178 4870455], Score: 0.34060799791, Path (3):
[09/24/2018 14:04:31 PM] [4601424] -580 (0.06)-> [1641382] -208 (0.11)-> [4216011] -208 (0.17)-> [4870455]

[09/24/2018 14:04:31 PM]  
[09/24/2018 14:04:31 PM] SPO: [ 4601424 178 4870455], Score: 0.372956466186, Path (4):
[09/24/2018 14:04:31 PM] [4601424] -580 (0.06)-> [1641382] -208 (0.11)-> [4216011] -128 (0.07)-> [502756] -309 (0.14)-> [4870455]

[09/24/2018 14:04:31 PM]  
[09/24/2018 14:04:31 PM] SPO: [ 4601424 178 4870455], Score: 0.369566446123, Path (5):
[09/24/2018 14:04:31 PM] [4601424] -580 (0.06)-> [1641382] -208 (0.11)-> [4216011] -107 (0.04)-> [4950204] -398 (0.06)-> [2468357] -478 (0.09)-> [4870455]

[09/24/2018 14:04:31 PM]  
[09/24/2018 14:04:31 PM] SPO: [ 4601424 178 4870455], Score: 0.373962805152, Path (3):
[09/24/2018 14:04:31 PM] [4601424] -114 (0.07)-> [2585864] -114 (0.1)-> [5445409] -478 (0.21)-> [4870455]

[09/24/2018 14:05:25 PM]  
[09/24/2018 14:05:25 PM] SPO: [ 505736 178 4553555], Score: 0.357046451557, Path (3):
[09/24/2018 14:05:25 PM] [505736] -192 (0.07)-> [4979230] -192 (0.11)-> [4339774] -478 (0.18)-> [4553555]

[09/24/2018 14:05:25 PM]  
[09/24/2018 14:05:25 PM] SPO: [ 505736 178 4553555], Score: 0.304953273248, Path (3):
[09/24/2018 14:05:25 PM] [505736] -384 (0.07)-> [5119742] -384 (0.09)-> [4339774] -478 (0.14)-> [4553555]

[09/24/2018 14:05:25 PM]  
[09/24/2018 14:05:25 PM] SPO: [ 505736 178 4553555], Score: 0.422458025474, Path (4):
[09/24/2018 14:05:25 PM] [505736] -384 (0.07)-> [5119742] -384 (0.09)-> [4339774] -580 (0.09)-> [2900049] -578 (0.17)-> [4553555]

[09/24/2018 14:05:25 PM]  
[09/24/2018 14:05:25 PM] SPO: [ 505736 178 4553555], Score: 0.440457366839, Path (4):
[09/24/2018 14:05:25 PM] [505736] -192 (0.07)-> [4979230] -192 (0.11)-> [4339774] -580 (0.09)-> [2900049] -578 (0.17)-> [4553555]

[09/24/2018 14:05:25 PM]  
[09/24/2018 14:05:25 PM] SPO: [ 505736 178 4553555], Score: 0.465645886432, Path (4):
[09/24/2018 14:05:25 PM] [505736] -384 (0.07)-> [5119742] -384 (0.07)-> [3189352] -580 (0.1)-> [2900049] -578 (0.22)-> [4553555]

[09/24/2018 14:05:57 PM]  
[09/24/2018 14:05:57 PM] SPO: [ 5208279 178 4870441], Score: 0.153980955301, Path (1):
[09/24/2018 14:05:57 PM] [5208279] -114 (0.15)-> [4870441]

[09/24/2018 14:05:57 PM]  
[09/24/2018 14:05:57 PM] SPO: [ 5208279 178 4870441], Score: 0.354548588847, Path (3):
[09/24/2018 14:05:57 PM] [5208279] -384 (0.07)-> [1231868] -384 (0.12)-> [4768811] -652 (0.16)-> [4870441]

[09/24/2018 14:05:57 PM]  
[09/24/2018 14:05:57 PM] SPO: [ 5208279 178 4870441], Score: 0.361975170501, Path (3):
[09/24/2018 14:05:57 PM] [5208279] -192 (0.07)-> [4855745] -192 (0.11)-> [1310495] -652 (0.18)-> [4870441]

[09/24/2018 14:05:57 PM]  
[09/24/2018 14:05:57 PM] SPO: [ 5208279 178 4870441], Score: 0.384463845294, Path (3):
[09/24/2018 14:05:57 PM] [5208279] -192 (0.07)-> [4855745] -192 (0.1)-> [5053690] -114 (0.21)-> [4870441]

[09/24/2018 14:05:57 PM]  
[09/24/2018 14:05:57 PM] SPO: [ 5208279 178 4870441], Score: 0.49022041836, Path (3):
[09/24/2018 14:05:57 PM] [5208279] -384 (0.07)-> [1231868] -384 (0.12)-> [4609214] -652 (0.29)-> [4870441]

[09/24/2018 14:06:32 PM]  
[09/24/2018 14:06:32 PM] SPO: [ 291239 178 4446959], Score: 0.156299116713, Path (1):
[09/24/2018 14:06:32 PM] [291239] -478 (0.16)-> [4446959]

[09/24/2018 14:06:32 PM]  
[09/24/2018 14:06:32 PM] SPO: [ 291239 178 4446959], Score: 0.377815743156, Path (3):
[09/24/2018 14:06:32 PM] [291239] -652 (0.07)-> [386091] -478 (0.12)-> [5036709] -478 (0.18)-> [4446959]

[09/24/2018 14:06:32 PM]  
[09/24/2018 14:06:32 PM] SPO: [ 291239 178 4446959], Score: 0.336467585231, Path (3):
[09/24/2018 14:06:32 PM] [291239] -478 (0.07)-> [945285] -478 (0.12)-> [3293972] -478 (0.15)-> [4446959]

[09/24/2018 14:06:32 PM]  
[09/24/2018 14:06:32 PM] SPO: [ 291239 178 4446959], Score: 0.496012842498, Path (3):
[09/24/2018 14:06:32 PM] [291239] -478 (0.07)-> [945285] -478 (0.12)-> [2459288] -478 (0.31)-> [4446959]

[09/24/2018 14:06:32 PM]  
[09/24/2018 14:06:32 PM] SPO: [ 291239 178 4446959], Score: 0.469696903464, Path (5):
[09/24/2018 14:06:32 PM] [291239] -478 (0.07)-> [945285] -478 (0.12)-> [2459288] -391 (0.06)-> [1471307] -580 (0.09)-> [1605819] -478 (0.14)-> [4446959]

[09/24/2018 14:07:19 PM]  
[09/24/2018 14:07:19 PM] SPO: [ 5071844 178 4441523], Score: 0.407650093539, Path (3):
[09/24/2018 14:07:19 PM] [5071844] -652 (0.08)-> [4449473] -652 (0.13)-> [297370] -652 (0.2)-> [4441523]

[09/24/2018 14:07:19 PM]  
[09/24/2018 14:07:19 PM] SPO: [ 5071844 178 4441523], Score: 0.387306650279, Path (3):
[09/24/2018 14:07:19 PM] [5071844] -114 (0.08)-> [4050257] -114 (0.12)-> [5343696] -652 (0.19)-> [4441523]

[09/24/2018 14:07:19 PM]  
[09/24/2018 14:07:19 PM] SPO: [ 5071844 178 4441523], Score: 0.395911883582, Path (3):
[09/24/2018 14:07:19 PM] [5071844] -114 (0.08)-> [4050257] -114 (0.11)-> [3904813] -478 (0.21)-> [4441523]

[09/24/2018 14:07:19 PM]  
[09/24/2018 14:07:19 PM] SPO: [ 5071844 178 4441523], Score: 0.430535176353, Path (3):
[09/24/2018 14:07:20 PM] [5071844] -652 (0.08)-> [4449473] -652 (0.11)-> [3904813] -478 (0.24)-> [4441523]

[09/24/2018 14:07:20 PM]  
[09/24/2018 14:07:20 PM] SPO: [ 5071844 178 4441523], Score: 0.486012150436, Path (4):
[09/24/2018 14:07:20 PM] [5071844] -114 (0.08)-> [4050257] -114 (0.12)-> [5343696] -580 (0.1)-> [1698021] -578 (0.2)-> [4441523]

[09/24/2018 14:08:12 PM]  
[09/24/2018 14:08:12 PM] SPO: [ 5060460 178 4088751], Score: 0.423877333389, Path (3):
[09/24/2018 14:08:12 PM] [5060460] -192 (0.08)-> [2572700] -192 (0.14)-> [730707] -652 (0.2)-> [4088751]

[09/24/2018 14:08:12 PM]  
[09/24/2018 14:08:12 PM] SPO: [ 5060460 178 4088751], Score: 0.363217997095, Path (3):
[09/24/2018 14:08:12 PM] [5060460] -114 (0.08)-> [546100] -580 (0.11)-> [5060319] -478 (0.17)-> [4088751]

[09/24/2018 14:08:12 PM]  
[09/24/2018 14:08:12 PM] SPO: [ 5060460 178 4088751], Score: 0.393133164701, Path (3):
[09/24/2018 14:08:12 PM] [5060460] -114 (0.08)-> [546100] -114 (0.11)-> [5060990] -652 (0.21)-> [4088751]

[09/24/2018 14:08:12 PM]  
[09/24/2018 14:08:12 PM] SPO: [ 5060460 178 4088751], Score: 0.465755305347, Path (3):
[09/24/2018 14:08:12 PM] [5060460] -192 (0.08)-> [2572700] -478 (0.12)-> [5060319] -478 (0.26)-> [4088751]

[09/24/2018 14:08:12 PM]  
[09/24/2018 14:08:12 PM] SPO: [ 5060460 178 4088751], Score: 0.479453083782, Path (4):
[09/24/2018 14:08:12 PM] [5060460] -114 (0.08)-> [546100] -114 (0.11)-> [5060990] -652 (0.1)-> [1906493] -578 (0.2)-> [4088751]

[09/24/2018 14:09:53 PM]  
[09/24/2018 14:09:53 PM] SPO: [ 958548 178 564781], Score: 0.416497616725, Path (3):
[09/24/2018 14:09:53 PM] [958548] -478 (0.08)-> [2566570] -652 (0.13)-> [4222738] -652 (0.2)-> [564781]

[09/24/2018 14:09:53 PM]  
[09/24/2018 14:09:53 PM] SPO: [ 958548 178 564781], Score: 0.357675520914, Path (3):
[09/24/2018 14:09:53 PM] [958548] -114 (0.08)-> [4425392] -114 (0.11)-> [3263528] -478 (0.17)-> [564781]

[09/24/2018 14:09:53 PM]  
[09/24/2018 14:09:53 PM] SPO: [ 958548 178 564781], Score: 0.462862616796, Path (3):
[09/24/2018 14:09:53 PM] [958548] -478 (0.08)-> [2566570] -652 (0.13)-> [1615947] -652 (0.25)-> [564781]

[09/24/2018 14:09:53 PM]  
[09/24/2018 14:09:53 PM] SPO: [ 958548 178 564781], Score: 0.541824065827, Path (5):
[09/24/2018 14:09:53 PM] [958548] -114 (0.08)-> [4425392] -114 (0.06)-> [257199] -478 (0.08)-> [5155012] -580 (0.11)-> [5053013] -478 (0.22)-> [564781]

[09/24/2018 14:09:53 PM]  
[09/24/2018 14:09:53 PM] SPO: [ 958548 178 564781], Score: 0.620115891543, Path (7):
[09/24/2018 14:09:53 PM] [958548] -114 (0.08)-> [4425392] -114 (0.06)-> [257199] -580 (0.05)-> [4113776] -580 (0.07)-> [2681620] -114 (0.09)-> [2673668] -114 (0.11)-> [4711473] -652 (0.17)-> [564781]

[09/24/2018 14:11:34 PM]  
[09/24/2018 14:11:34 PM] SPO: [ 3148518 178 564781], Score: 0.379722145787, Path (3):
[09/24/2018 14:11:34 PM] [3148518] -192 (0.08)-> [5142477] -192 (0.11)-> [4222738] -652 (0.19)-> [564781]

[09/24/2018 14:11:34 PM]  
[09/24/2018 14:11:34 PM] SPO: [ 3148518 178 564781], Score: 0.317080492129, Path (3):
[09/24/2018 14:11:34 PM] [3148518] -384 (0.07)-> [3695165] -384 (0.1)-> [5053013] -478 (0.15)-> [564781]

[09/24/2018 14:11:34 PM]  
[09/24/2018 14:11:34 PM] SPO: [ 3148518 178 564781], Score: 0.426459375565, Path (3):
[09/24/2018 14:11:34 PM] [3148518] -192 (0.08)-> [5142477] -192 (0.12)-> [1615947] -652 (0.23)-> [564781]

[09/24/2018 14:11:34 PM]  
[09/24/2018 14:11:34 PM] SPO: [ 3148518 178 564781], Score: 0.541134367939, Path (5):
[09/24/2018 14:11:34 PM] [3148518] -384 (0.07)-> [3695165] -384 (0.06)-> [4371872] -478 (0.08)-> [4991746] -478 (0.12)-> [5092629] -652 (0.21)-> [564781]

[09/24/2018 14:11:34 PM]  
[09/24/2018 14:11:34 PM] SPO: [ 3148518 178 564781], Score: 0.477724240106, Path (5):
[09/24/2018 14:11:34 PM] [3148518] -384 (0.07)-> [3695165] -384 (0.06)-> [4371872] -114 (0.07)-> [1947114] -114 (0.1)-> [5053013] -478 (0.17)-> [564781]

[09/24/2018 14:12:35 PM]  
[09/24/2018 14:12:35 PM] SPO: [ 5037782 178 3417919], Score: 0.367446310454, Path (3):
[09/24/2018 14:12:35 PM] [5037782] -192 (0.07)-> [5097128] -192 (0.12)-> [5486194] -652 (0.18)-> [3417919]

[09/24/2018 14:12:35 PM]  
[09/24/2018 14:12:35 PM] SPO: [ 5037782 178 3417919], Score: 0.381188943261, Path (3):
[09/24/2018 14:12:35 PM] [5037782] -478 (0.07)-> [2137931] -478 (0.11)-> [2376992] -478 (0.2)-> [3417919]

[09/24/2018 14:12:35 PM]  
[09/24/2018 14:12:35 PM] SPO: [ 5037782 178 3417919], Score: 0.382607515088, Path (3):
[09/24/2018 14:12:35 PM] [5037782] -478 (0.07)-> [2137931] -478 (0.1)-> [5095719] -478 (0.21)-> [3417919]

[09/24/2018 14:12:35 PM]  
[09/24/2018 14:12:35 PM] SPO: [ 5037782 178 3417919], Score: 0.485124423431, Path (3):
[09/24/2018 14:12:35 PM] [5037782] -192 (0.07)-> [5097128] -192 (0.11)-> [5546972] -192 (0.3)-> [3417919]

[09/24/2018 14:12:35 PM]  
[09/24/2018 14:12:35 PM] SPO: [ 5037782 178 3417919], Score: 0.621750588521, Path (5):
[09/24/2018 14:12:35 PM] [5037782] -192 (0.07)-> [5097128] -192 (0.11)-> [5546972] -192 (0.08)-> [3534511] -114 (0.14)-> [5486194] -652 (0.22)-> [3417919]

[09/24/2018 14:13:36 PM]  
[09/24/2018 14:13:36 PM] SPO: [ 3830021 178 1248193], Score: 0.166933989405, Path (1):
[09/24/2018 14:13:36 PM] [3830021] -192 (0.17)-> [1248193]

[09/24/2018 14:13:36 PM]  
[09/24/2018 14:13:36 PM] SPO: [ 3830021 178 1248193], Score: 0.423184975305, Path (3):
[09/24/2018 14:13:36 PM] [3830021] -590 (0.08)-> [5056896] -472 (0.13)-> [2468387] -192 (0.22)-> [1248193]

[09/24/2018 14:13:36 PM]  
[09/24/2018 14:13:36 PM] SPO: [ 3830021 178 1248193], Score: 0.400424111358, Path (4):
[09/24/2018 14:13:36 PM] [3830021] -590 (0.08)-> [5056896] -478 (0.07)-> [4952736] -384 (0.11)-> [3872103] -478 (0.14)-> [1248193]

[09/24/2018 14:13:36 PM]  
[09/24/2018 14:13:36 PM] SPO: [ 3830021 178 1248193], Score: 0.439495795818, Path (3):
[09/24/2018 14:13:36 PM] [3830021] -472 (0.08)-> [2444228] -590 (0.12)-> [989560] -192 (0.24)-> [1248193]

[09/24/2018 14:13:36 PM]  
[09/24/2018 14:13:36 PM] SPO: [ 3830021 178 1248193], Score: 0.37751788098, Path (4):
[09/24/2018 14:13:36 PM] [3830021] -472 (0.08)-> [2444228] -39 (0.07)-> [1074488] -384 (0.1)-> [5062254] -478 (0.13)-> [1248193]

[09/24/2018 14:15:14 PM]  
[09/24/2018 14:15:14 PM] SPO: [ 4755239 178 1385589], Score: 0.447392927613, Path (3):
[09/24/2018 14:15:14 PM] [4755239] -478 (0.09)-> [1184618] -478 (0.13)-> [7165] -652 (0.23)-> [1385589]

[09/24/2018 14:15:14 PM]  
[09/24/2018 14:15:14 PM] SPO: [ 4755239 178 1385589], Score: 0.436181554741, Path (3):
[09/24/2018 14:15:14 PM] [4755239] -652 (0.09)-> [4727068] -652 (0.13)-> [7165] -652 (0.22)-> [1385589]

[09/24/2018 14:15:14 PM]  
[09/24/2018 14:15:14 PM] SPO: [ 4755239 178 1385589], Score: 0.538637917147, Path (5):
[09/24/2018 14:15:14 PM] [4755239] -652 (0.09)-> [4727068] -652 (0.05)-> [513816] -183 (0.06)-> [1905088] -183 (0.09)-> [7165] -652 (0.25)-> [1385589]

[09/24/2018 14:15:14 PM]  
[09/24/2018 14:15:14 PM] SPO: [ 4755239 178 1385589], Score: 0.572530169497, Path (5):
[09/24/2018 14:15:14 PM] [4755239] -652 (0.09)-> [4727068] -652 (0.13)-> [7165] -192 (0.07)-> [2747342] -193 (0.1)-> [727542] -151 (0.19)-> [1385589]

[09/24/2018 14:15:14 PM]  
[09/24/2018 14:15:14 PM] SPO: [ 4755239 178 1385589], Score: 0.390373149099, Path (5):
[09/24/2018 14:15:14 PM] [4755239] -652 (0.09)-> [4727068] -652 (0.13)-> [7165] -192 (0.07)-> [2747342] -410 (0.04)-> [1867470] -410 (0.06)-> [1385589]

[09/24/2018 14:16:42 PM]  
[09/24/2018 14:16:42 PM] SPO: [ 5052895 178 2902312], Score: 0.378363203436, Path (4):
[09/24/2018 14:16:42 PM] [5052895] -580 (0.05)-> [4276938] -580 (0.07)-> [4880861] -652 (0.1)-> [2552896] -578 (0.16)-> [2902312]

[09/24/2018 14:16:42 PM]  
[09/24/2018 14:16:42 PM] SPO: [ 5052895 178 2902312], Score: 0.460466519357, Path (5):
[09/24/2018 14:16:42 PM] [5052895] -580 (0.05)-> [4276938] -580 (0.06)-> [5048199] -580 (0.07)-> [5497330] -580 (0.09)-> [5060985] -652 (0.19)-> [2902312]

[09/24/2018 14:16:42 PM]  
[09/24/2018 14:16:42 PM] SPO: [ 5052895 178 2902312], Score: 0.485647078803, Path (5):
[09/24/2018 14:16:42 PM] [5052895] -580 (0.05)-> [945135] -580 (0.06)-> [1156918] -580 (0.07)-> [4779741] -580 (0.1)-> [3752245] -652 (0.2)-> [2902312]

[09/24/2018 14:16:42 PM]  
[09/24/2018 14:16:42 PM] SPO: [ 5052895 178 2902312], Score: 0.514281951446, Path (5):
[09/24/2018 14:16:42 PM] [5052895] -580 (0.05)-> [945135] -580 (0.06)-> [3206388] -183 (0.07)-> [5069509] -183 (0.09)-> [1074416] -478 (0.25)-> [2902312]

[09/24/2018 14:16:42 PM]  
[09/24/2018 14:16:42 PM] SPO: [ 5052895 178 2902312], Score: 0.557092180925, Path (7):
[09/24/2018 14:16:42 PM] [5052895] -580 (0.05)-> [945135] -580 (0.06)-> [3206388] -580 (0.05)-> [4554169] -580 (0.06)-> [4759903] -183 (0.07)-> [5447438] -183 (0.11)-> [3752245] -652 (0.17)-> [2902312]

[09/24/2018 14:17:22 PM]  
[09/24/2018 14:17:22 PM] SPO: [ 5022770 178 3539326], Score: 0.212543662799, Path (1):
[09/24/2018 14:17:22 PM] [5022770] -652 (0.21)-> [3539326]

[09/24/2018 14:17:22 PM]  
[09/24/2018 14:17:22 PM] SPO: [ 5022770 178 3539326], Score: 0.335908675514, Path (2):
[09/24/2018 14:17:22 PM] [5022770] -580 (0.11)-> [998685] -578 (0.22)-> [3539326]

[09/24/2018 14:17:22 PM]  
[09/24/2018 14:17:22 PM] SPO: [ 5022770 178 3539326], Score: 0.497697507894, Path (3):
[09/24/2018 14:17:22 PM] [5022770] -580 (0.11)-> [998685] -580 (0.13)-> [5079413] -652 (0.25)-> [3539326]

[09/24/2018 14:17:22 PM]  
[09/24/2018 14:17:22 PM] SPO: [ 5022770 178 3539326], Score: 0.464152312628, Path (3):
[09/24/2018 14:17:22 PM] [5022770] -580 (0.11)-> [998685] -580 (0.12)-> [3871858] -652 (0.23)-> [3539326]

[09/24/2018 14:17:22 PM]  
[09/24/2018 14:17:22 PM] SPO: [ 5022770 178 3539326], Score: 0.51424856815, Path (3):
[09/24/2018 14:17:22 PM] [5022770] -192 (0.1)-> [579268] -192 (0.15)-> [5079413] -652 (0.27)-> [3539326]

[09/24/2018 14:18:27 PM]  
[09/24/2018 14:18:27 PM] SPO: [ 2145431 178 459128], Score: 0.194189809529, Path (1):
[09/24/2018 14:18:27 PM] [2145431] -652 (0.19)-> [459128]

[09/24/2018 14:18:27 PM]  
[09/24/2018 14:18:27 PM] SPO: [ 2145431 178 459128], Score: 0.362803069091, Path (2):
[09/24/2018 14:18:27 PM] [2145431] -652 (0.11)-> [2756497] -111 (0.25)-> [459128]

[09/24/2018 14:18:27 PM]  
[09/24/2018 14:18:27 PM] SPO: [ 2145431 178 459128], Score: 0.228638051766, Path (3):
[09/24/2018 14:18:27 PM] [2145431] -652 (0.11)-> [2756497] -410 (0.05)-> [1210548] -480 (0.07)-> [459128]

[09/24/2018 14:18:27 PM]  
[09/24/2018 14:18:27 PM] SPO: [ 2145431 178 459128], Score: 0.21741350306, Path (3):
[09/24/2018 14:18:27 PM] [2145431] -652 (0.11)-> [2756497] -410 (0.05)-> [1867499] -410 (0.06)-> [459128]

[09/24/2018 14:18:27 PM]  
[09/24/2018 14:18:27 PM] SPO: [ 2145431 178 459128], Score: 0.267823624836, Path (2):
[09/24/2018 14:18:27 PM] [2145431] -450 (0.1)-> [2145400] -478 (0.17)-> [459128]

