[09/17/2018 17:59:39 PM] Launching relklinker..
[09/17/2018 17:59:39 PM] Dataset: institution.alm.csv
[09/17/2018 17:59:39 PM] Output dir: /home/galois/Documents/streamminer/output
[09/17/2018 17:59:40 PM] Read data: (26156, 7) institution.alm.csv
[09/17/2018 17:59:40 PM] Note: Found non-NA records: (26156, 7)
[09/17/2018 17:59:45 PM] 
Done!

[09/17/2018 18:19:30 PM] Launching relklinker..
[09/17/2018 18:19:30 PM] Dataset: institution.alm.csv
[09/17/2018 18:19:30 PM] Output dir: /home/galois/Documents/streamminer/output
[09/17/2018 18:19:30 PM] Read data: (26156, 7) institution.alm.csv
[09/17/2018 18:19:30 PM] Note: Found non-NA records: (26156, 7)
[09/17/2018 18:19:34 PM] 
Done!

[09/17/2018 21:55:16 PM] Launching relklinker..
[09/17/2018 21:55:16 PM] Dataset: institution.alm.csv
[09/17/2018 21:55:16 PM] Output dir: /home/galois/Documents/streamminer/output
[09/17/2018 21:55:16 PM] Read data: (26156, 7) institution.alm.csv
[09/17/2018 21:55:16 PM] Note: Found non-NA records: (26156, 7)
[09/17/2018 21:55:20 PM] 
Done!

[09/17/2018 22:28:29 PM] Launching relklinker..
[09/17/2018 22:28:29 PM] Dataset: institution.alm.csv
[09/17/2018 22:28:29 PM] Output dir: /home/galois/Documents/streamminer/output
[09/17/2018 22:28:29 PM] Read data: (26156, 7) institution.alm.csv
[09/17/2018 22:28:29 PM] Note: Found non-NA records: (26156, 7)
