[09/22/2018 13:36:35 PM] Launching sm..
[09/22/2018 13:36:35 PM] Dataset: predpath_vice_president.csv
[09/22/2018 13:36:35 PM] Output dir: /home/galois/Documents/streamminer/output
[09/22/2018 13:36:35 PM] Read data: (274, 7) predpath_vice_president.csv
[09/22/2018 13:36:35 PM] Note: Found non-NA records: (274, 7)
[09/22/2018 13:36:38 PM] Relation is: (2045464, 627, 2689465)
[09/22/2018 13:36:45 PM] => Path extraction..(this can take a while)
[09/22/2018 13:37:59 PM] [2045464] -468 (0.15)-> [2689465]
[09/22/2018 13:37:59 PM] [2045464] -468 (0.1)-> [4564304] -468 (0.25)-> [2689465]
[09/22/2018 13:37:59 PM] [2045464] -468 (0.1)-> [4564304] -468 (0.15)-> [2689465]
[09/22/2018 13:37:59 PM] [2045464] -468 (0.1)-> [4405200] -468 (0.22)-> [2689465]
[09/22/2018 13:37:59 PM] [2045464] -468 (0.1)-> [4405200] -468 (0.15)-> [2689465]
[09/22/2018 13:38:47 PM] [2689465] -468 (0.14)-> [5116699]
[09/22/2018 13:38:47 PM] [2689465] -468 (0.09)-> [811453] -468 (0.21)-> [5116699]
[09/22/2018 13:38:47 PM] [2689465] -468 (0.09)-> [811453] -468 (0.14)-> [5116699]
[09/22/2018 13:38:47 PM] [2689465] -468 (0.09)-> [2772789] -468 (0.2)-> [5116699]
[09/22/2018 13:38:47 PM] [2689465] -468 (0.09)-> [2772789] -468 (0.14)-> [5116699]
[09/22/2018 13:40:50 PM] [5116699] -468 (0.18)-> [300326]
[09/22/2018 13:40:50 PM] [5116699] -468 (0.1)-> [2030179] -260 (0.17)-> [300326]
[09/22/2018 13:40:50 PM] [5116699] -468 (0.1)-> [2030179] -260 (0.2)-> [300326]
[09/22/2018 13:40:50 PM] [5116699] -32 (0.08)-> [4404001] -260 (0.12)-> [2030179] -260 (0.22)-> [300326]
[09/22/2018 13:40:50 PM] [5116699] -468 (0.06)-> [2561838] -468 (0.09)-> [2030179] -260 (0.15)-> [300326]
[09/22/2018 13:42:01 PM] [5116699] -468 (0.17)-> [2030179]
[09/22/2018 13:42:01 PM] [5116699] -32 (0.12)-> [4404001] -260 (0.22)-> [2030179]
[09/22/2018 13:42:01 PM] [5116699] -468 (0.1)-> [300326] -260 (0.18)-> [2030179]
[09/22/2018 13:42:01 PM] [5116699] -468 (0.09)-> [2561838] -468 (0.15)-> [2030179]
[09/22/2018 13:42:01 PM] [5116699] -468 (0.09)-> [2561838] -468 (0.17)-> [2030179]
[09/22/2018 13:43:41 PM] [2563240] -468 (0.18)-> [1371944]
[09/22/2018 13:43:41 PM] [2563240] -468 (0.12)-> [2230204] -260 (0.22)-> [1371944]
[09/22/2018 13:43:41 PM] [2563240] -468 (0.08)-> [2696193] -465 (0.16)-> [1371944]
[09/22/2018 13:43:41 PM] [2563240] -468 (0.08)-> [2696193] -465 (0.13)-> [1371944]
[09/22/2018 13:43:41 PM] [2563240] -468 (0.07)-> [2728267] -468 (0.09)-> [4083646] -260 (0.15)-> [1371944]
[09/22/2018 13:44:55 PM] [2728267] -468 (0.16)-> [2696193]
[09/22/2018 13:44:55 PM] [2728267] -468 (0.09)-> [1885049] -578 (0.22)-> [2696193]
[09/22/2018 13:44:55 PM] [2728267] -468 (0.09)-> [1885049] -578 (0.13)-> [2696193]
[09/22/2018 13:44:55 PM] [2728267] -468 (0.08)-> [2563240] -468 (0.15)-> [2696193]
[09/22/2018 13:44:55 PM] [2728267] -468 (0.07)-> [2551122] -465 (0.17)-> [2696193]
[09/22/2018 13:46:02 PM] [545467] -468 (0.16)-> [3418733]
[09/22/2018 13:46:02 PM] [545467] -468 (0.1)-> [5512941] -468 (0.23)-> [3418733]
[09/22/2018 13:46:02 PM] [545467] -468 (0.1)-> [5512941] -468 (0.16)-> [3418733]
[09/22/2018 13:46:02 PM] [545467] -468 (0.1)-> [809834] -468 (0.23)-> [3418733]
[09/22/2018 13:46:02 PM] [545467] -468 (0.1)-> [809834] -468 (0.16)-> [3418733]
[09/22/2018 13:47:51 PM] [3418733] -468 (0.17)-> [4361612]
[09/22/2018 13:47:51 PM] [3418733] -468 (0.06)-> [5520174] -468 (0.1)-> [2736503] -465 (0.24)-> [4361612]
[09/22/2018 13:47:51 PM] [3418733] -468 (0.06)-> [5520174] -468 (0.1)-> [2736503] -465 (0.11)-> [4361612]
[09/22/2018 13:47:51 PM] [3418733] -468 (0.06)-> [5520174] -468 (0.07)-> [2736503] -465 (0.15)-> [4361612]
[09/22/2018 13:47:51 PM] [3418733] -468 (0.06)-> [5520174] -468 (0.07)-> [2736503] -465 (0.11)-> [4361612]
[09/22/2018 13:49:06 PM] [5509893] -468 (0.15)-> [2736503]
[09/22/2018 13:49:06 PM] [5509893] -468 (0.1)-> [5520174] -468 (0.24)-> [2736503]
[09/22/2018 13:49:06 PM] [5509893] -468 (0.1)-> [5520174] -468 (0.15)-> [2736503]
[09/22/2018 13:49:06 PM] [5509893] -468 (0.1)-> [1185570] -468 (0.24)-> [2736503]
[09/22/2018 13:49:06 PM] [5509893] -468 (0.1)-> [1185570] -468 (0.15)-> [2736503]
[09/22/2018 13:50:28 PM] [2559891] -468 (0.17)-> [2037785]
[09/22/2018 13:50:28 PM] [2559891] -468 (0.09)-> [4779757] -578 (0.24)-> [2037785]
[09/22/2018 13:50:28 PM] [2559891] -468 (0.09)-> [4779757] -578 (0.13)-> [2037785]
[09/22/2018 13:50:28 PM] [2559891] -468 (0.09)-> [3418733] -468 (0.16)-> [2037785]
[09/22/2018 13:50:28 PM] [2559891] -468 (0.09)-> [2552375] -468 (0.15)-> [2037785]
[09/22/2018 13:51:35 PM] [5619311] -468 (0.16)-> [3579288]
[09/22/2018 13:51:35 PM] [5619311] -468 (0.1)-> [316160] -468 (0.21)-> [3579288]
[09/22/2018 13:51:35 PM] [5619311] -468 (0.1)-> [316160] -468 (0.16)-> [3579288]
[09/22/2018 13:51:35 PM] [5619311] -468 (0.1)-> [2550845] -468 (0.21)-> [3579288]
[09/22/2018 13:51:35 PM] [5619311] -468 (0.1)-> [2550845] -468 (0.16)-> [3579288]
[09/22/2018 13:52:19 PM] [1932748] -468 (0.18)-> [5518399]
[09/22/2018 13:52:19 PM] [1932748] -468 (0.08)-> [3136656] -465 (0.17)-> [5518399]
[09/22/2018 13:52:19 PM] [1932748] -465 (0.06)-> [3579288] -465 (0.11)-> [5518399]
[09/22/2018 13:52:19 PM] [1932748] -465 (0.06)-> [3579288] -465 (0.13)-> [5518399]
[09/22/2018 13:52:19 PM] [1932748] -468 (0.08)-> [3136656] -465 (0.13)-> [5518399]
[09/22/2018 13:53:51 PM] [2552375] -468 (0.16)-> [2696166]
[09/22/2018 13:53:51 PM] [2552375] -468 (0.09)-> [3425531] -578 (0.23)-> [2696166]
[09/22/2018 13:53:51 PM] [2552375] -468 (0.09)-> [3425531] -578 (0.12)-> [2696166]
[09/22/2018 13:53:51 PM] [2552375] -468 (0.06)-> [2689506] -371 (0.08)-> [3311100] -371 (0.18)-> [2696166]
[09/22/2018 13:53:51 PM] [2552375] -468 (0.06)-> [2689506] -371 (0.08)-> [3311100] -371 (0.15)-> [2696166]
[09/22/2018 13:55:12 PM] [318373] -468 (0.17)-> [2230765]
[09/22/2018 13:55:12 PM] [318373] -468 (0.09)-> [1679165] -578 (0.24)-> [2230765]
[09/22/2018 13:55:12 PM] [318373] -468 (0.07)-> [545616] -465 (0.15)-> [2230765]
[09/22/2018 13:55:12 PM] [318373] -468 (0.07)-> [545616] -465 (0.12)-> [2230765]
[09/22/2018 13:55:12 PM] [318373] -468 (0.09)-> [1679165] -578 (0.13)-> [2230765]
[09/22/2018 13:56:51 PM] [318373] -468 (0.15)-> [545616]
[09/22/2018 13:56:51 PM] [318373] -468 (0.1)-> [2726041] -468 (0.22)-> [545616]
[09/22/2018 13:56:51 PM] [318373] -468 (0.1)-> [2726041] -468 (0.15)-> [545616]
[09/22/2018 13:56:51 PM] [318373] -468 (0.1)-> [1911830] -468 (0.22)-> [545616]
[09/22/2018 13:56:51 PM] [318373] -468 (0.1)-> [1911830] -468 (0.15)-> [545616]
[09/22/2018 13:57:46 PM] [5278757] -468 (0.18)-> [4611391]
[09/22/2018 13:57:46 PM] [5278757] -468 (0.09)-> [318373] -468 (0.14)-> [4611391]
[09/22/2018 13:57:46 PM] [5278757] -468 (0.08)-> [2303850] -465 (0.18)-> [4611391]
[09/22/2018 13:57:46 PM] [5278757] -468 (0.08)-> [2303850] -465 (0.12)-> [4611391]
[09/22/2018 13:57:46 PM] [5278757] -468 (0.09)-> [318373] -468 (0.18)-> [4611391]
[09/22/2018 13:59:06 PM] [5278757] -468 (0.18)-> [2303850]
[09/22/2018 13:59:06 PM] [5278757] -468 (0.08)-> [2041974] -592 (0.2)-> [2303850]
[09/22/2018 13:59:06 PM] [5278757] -468 (0.08)-> [2041974] -592 (0.12)-> [2303850]
[09/22/2018 13:59:06 PM] [5278757] -468 (0.08)-> [4611391] -465 (0.18)-> [2303850]
[09/22/2018 13:59:06 PM] [5278757] -468 (0.08)-> [4611391] -465 (0.12)-> [2303850]
[09/22/2018 14:00:19 PM] [4493215] -468 (0.21)-> [5498797]
[09/22/2018 14:00:19 PM] [4493215] -468 (0.06)-> [2557129] -468 (0.1)-> [1151474] -465 (0.24)-> [5498797]
[09/22/2018 14:00:19 PM] [4493215] -468 (0.06)-> [2557129] -468 (0.1)-> [4493215] -468 (0.15)-> [5498797]
[09/22/2018 14:00:19 PM] [4493215] -468 (0.06)-> [2557129] -468 (0.08)-> [1151474] -465 (0.15)-> [5498797]
[09/22/2018 14:00:19 PM] [4493215] -468 (0.06)-> [2557129] -468 (0.08)-> [1151474] -465 (0.14)-> [5498797]
[09/22/2018 14:01:51 PM] [2549781] -468 (0.15)-> [1151474]
[09/22/2018 14:01:51 PM] [2549781] -468 (0.1)-> [2557129] -468 (0.24)-> [1151474]
[09/22/2018 14:01:51 PM] [2549781] -468 (0.1)-> [2557129] -468 (0.15)-> [1151474]
[09/22/2018 14:01:51 PM] [2549781] -468 (0.1)-> [2782004] -468 (0.22)-> [1151474]
[09/22/2018 14:01:51 PM] [2549781] -468 (0.1)-> [2782004] -468 (0.15)-> [1151474]
[09/22/2018 14:02:51 PM] [2163556] -468 (0.18)-> [5108813]
[09/22/2018 14:02:51 PM] [2163556] -468 (0.12)-> [1675232] -260 (0.22)-> [5108813]
[09/22/2018 14:02:51 PM] [2163556] -468 (0.12)-> [1675232] -260 (0.2)-> [5108813]
[09/22/2018 14:02:51 PM] [2163556] -468 (0.05)-> [344707] -465 (0.09)-> [3135398] -465 (0.19)-> [5108813]
[09/22/2018 14:02:51 PM] [2163556] -468 (0.05)-> [344707] -465 (0.09)-> [3135398] -465 (0.12)-> [5108813]
[09/22/2018 14:04:18 PM] [810138] -468 (0.19)-> [3135398]
[09/22/2018 14:04:18 PM] [810138] -468 (0.1)-> [577361] -578 (0.24)-> [3135398]
[09/22/2018 14:04:18 PM] [810138] -468 (0.1)-> [577361] -578 (0.15)-> [3135398]
[09/22/2018 14:04:18 PM] [810138] -371 (0.05)-> [942547] -371 (0.08)-> [1642731] -465 (0.13)-> [3135398]
[09/22/2018 14:04:18 PM] [810138] -371 (0.05)-> [942547] -371 (0.08)-> [1642731] -465 (0.13)-> [3135398]
[09/22/2018 14:06:23 PM] [2163556] -468 (0.19)-> [344707]
[09/22/2018 14:06:23 PM] [2163556] -468 (0.1)-> [3132197] -578 (0.21)-> [344707]
[09/22/2018 14:06:23 PM] [2163556] -468 (0.1)-> [3132197] -578 (0.15)-> [344707]
[09/22/2018 14:06:23 PM] [2163556] -468 (0.05)-> [923816] -27 (0.08)-> [1098430] -27 (0.2)-> [344707]
[09/22/2018 14:06:23 PM] [2163556] -468 (0.05)-> [923816] -27 (0.08)-> [1098430] -27 (0.14)-> [344707]
[09/22/2018 14:07:46 PM] [5515327] -468 (0.21)-> [1998510]
[09/22/2018 14:07:46 PM] [5515327] -468 (0.11)-> [2625885] -578 (0.24)-> [1998510]
[09/22/2018 14:07:46 PM] [5515327] -468 (0.08)-> [5099615] -465 (0.14)-> [1998510]
[09/22/2018 14:07:46 PM] [5515327] -468 (0.08)-> [5099615] -465 (0.15)-> [1998510]
[09/22/2018 14:07:46 PM] [5515327] -468 (0.11)-> [2625885] -578 (0.17)-> [1998510]
[09/22/2018 14:08:35 PM] [5515327] -468 (0.14)-> [5099615]
[09/22/2018 14:08:35 PM] [5515327] -468 (0.1)-> [651723] -468 (0.25)-> [5099615]
[09/22/2018 14:08:35 PM] [5515327] -468 (0.1)-> [651723] -468 (0.14)-> [5099615]
[09/22/2018 14:08:35 PM] [5515327] -468 (0.09)-> [1751720] -468 (0.22)-> [5099615]
[09/22/2018 14:08:35 PM] [5515327] -468 (0.09)-> [1751720] -468 (0.14)-> [5099615]
