[09/25/2018 19:50:29 PM] Launching sm..
[09/25/2018 19:50:29 PM] Dataset: cross_Movies_vs_Directors.csv
[09/25/2018 19:50:29 PM] Output dir: /home/galois/Documents/streamminer/output
[09/25/2018 19:50:29 PM] Read data: (4680, 8) cross_Movies_vs_Directors.csv
[09/25/2018 19:50:29 PM] Note: Found non-NA records: (4680, 8)
[09/25/2018 19:50:30 PM] PID is: 178, with type: int64
[09/25/2018 19:50:37 PM] => Path extraction..(this can take a while)
[09/25/2018 19:52:14 PM] [271704] -652 (0.05)-> [2198015] -192 (0.07)-> [3657574] -652 (0.09)-> [4371531] -652 (0.13)-> [2271263] -478 (0.21)-> [1922571]

[09/25/2018 19:52:14 PM] [271704] -183 (0.05)-> [1904925] -183 (0.07)-> [3089051] -478 (0.1)-> [1922571]

[09/25/2018 19:52:14 PM] [271704] -652 (0.05)-> [2198015] -652 (0.05)-> [1751551] -114 (0.07)-> [1131475] -114 (0.1)-> [295121] -580 (0.25)-> [1922571]

[09/25/2018 19:52:14 PM] [271704] -183 (0.05)-> [1904925] -183 (0.06)-> [5480648] -580 (0.09)-> [2656232] -580 (0.13)-> [3830231] -478 (0.2)-> [1922571]

[09/25/2018 19:52:14 PM] [271704] -183 (0.05)-> [1904925] -183 (0.06)-> [5480648] -580 (0.09)-> [2656232] -410 (0.03)-> [331752] -480 (0.05)-> [1922571]

[09/25/2018 19:53:23 PM] [5246538] -652 (0.08)-> [5432394] -652 (0.12)-> [5030793] -478 (0.22)-> [3137484]

[09/25/2018 19:53:23 PM] [5246538] -478 (0.07)-> [2366754] -478 (0.12)-> [4665792] -652 (0.17)-> [3137484]

[09/25/2018 19:53:23 PM] [5246538] -478 (0.07)-> [2366754] -478 (0.11)-> [5045326] -478 (0.25)-> [3137484]

[09/25/2018 19:53:23 PM] [5246538] -478 (0.07)-> [2366754] -478 (0.11)-> [5045326] -192 (0.07)-> [5412470] -192 (0.11)-> [4270499] -478 (0.18)-> [3137484]

[09/25/2018 19:53:23 PM] [5246538] -478 (0.07)-> [2366754] -478 (0.11)-> [5045326] -652 (0.07)-> [1128326] -652 (0.11)-> [3876723] -478 (0.18)-> [3137484]

[09/25/2018 19:54:53 PM] [477261] -652 (0.07)-> [3471057] -652 (0.12)-> [4270499] -478 (0.18)-> [3137484]

[09/25/2018 19:54:53 PM] [477261] -652 (0.07)-> [3471057] -652 (0.12)-> [4270499] -183 (0.05)-> [5286367] -183 (0.06)-> [3882876] -478 (0.08)-> [3137484]

[09/25/2018 19:54:53 PM] [477261] -580 (0.07)-> [3227342] -580 (0.12)-> [4998658] -652 (0.2)-> [3137484]

[09/25/2018 19:54:53 PM] [477261] -652 (0.07)-> [3471057] -652 (0.12)-> [4270499] -183 (0.05)-> [5286367] -183 (0.1)-> [622623] -652 (0.21)-> [3137484]

[09/25/2018 19:54:53 PM] [477261] -580 (0.07)-> [3227342] -580 (0.06)-> [2021331] -580 (0.09)-> [3376056] -580 (0.12)-> [892300] -652 (0.25)-> [3137484]

[09/25/2018 19:55:53 PM] [5038724] -478 (0.16)-> [1926685]

[09/25/2018 19:55:53 PM] [5038724] -580 (0.07)-> [1287981] -580 (0.12)-> [871003] -652 (0.18)-> [1926685]

[09/25/2018 19:55:53 PM] [5038724] -384 (0.07)-> [1089399] -384 (0.11)-> [5079318] -478 (0.2)-> [1926685]

[09/25/2018 19:55:53 PM] [5038724] -580 (0.07)-> [1287981] -580 (0.12)-> [871003] -114 (0.06)-> [3838694] -114 (0.1)-> [2305219] -652 (0.14)-> [1926685]

[09/25/2018 19:55:53 PM] [5038724] -580 (0.07)-> [1287981] -580 (0.12)-> [871003] -183 (0.06)-> [1873656] -183 (0.08)-> [667299] -652 (0.1)-> [1926685]

