{09/02/2018 15:50:47 PM} Launching stream..
{09/02/2018 15:50:47 PM} Dataset: sub_sample.csv
{09/02/2018 15:50:47 PM} Output dir: /home/alex/Documents/streamminer/output
{09/02/2018 15:50:47 PM} Read data: (39, 7) sub_sample.csv
{09/02/2018 15:50:47 PM} Note: Found non-NA records: (39, 7)
{09/02/2018 15:50:50 PM} Computing KS for 39 triples..
{09/02/2018 15:51:09 PM} Time for cost mtx: 2.92s
{09/02/2018 15:51:09 PM} Initial reduced cost: [2 3 3 ... 2 2 2]
{09/02/2018 15:51:09 PM} P1: [ 392035 2115741] [ -1 189], (c, bnck, f): (0.00, 0.07, 0.07), time: 0.12s
{09/02/2018 15:51:09 PM} Found: [0 0 0 ... 0 0 0], dist: [2147483647 2147483647 2147483647 ... 2147483647 2147483647 2147483647]
{09/02/2018 15:51:09 PM} Updated potentials: [0 0 0 ... 0 0 0]
{09/02/2018 15:51:10 PM} Reduced cost: [2 3 3 ... 2 2 2]
{09/02/2018 15:51:12 PM} P2: [ 392035      78 2675800 2115741] [ -1 660 660 599], (c, bnck, f): (10.71, 0.06, 0.00), time: 2.82s
{09/02/2018 15:51:12 PM} Found: [0 1 1 ... 1 0 0], dist: [2147483647          9          9 ...         10         19         19]
{09/02/2018 15:51:12 PM} Updated potentials: [0 1 1 ... 0 0 0]
{09/02/2018 15:51:13 PM} Reduced cost: [2 3 3 ... 2 2 2]
{09/02/2018 15:51:16 PM} P3: [ 392035 1243951 4445640 2115741] [ -1 480 480 599], (c, bnck, f): (10.54, 0.05, 0.00), time: 4.08s
{09/02/2018 15:51:16 PM} Found: [0 1 1 ... 1 0 0], dist: [2147483647          0          0 ...          0          9          9]
{09/02/2018 15:51:16 PM} Updated potentials: [0 2 2 ... 1 0 0]
{09/02/2018 15:51:17 PM} Reduced cost: [2 3 3 ... 2 2 2]
{09/02/2018 15:51:19 PM} P4: [ 392035 3845794 3212007 3212008 1069836 5168067 2115741] [ -1 123 123 602 599 121 189], (c, bnck, f): (10.75, 0.07, 0.01), time: 2.50s
{09/02/2018 15:51:19 PM} Found: [0 1 1 ... 1 0 0], dist: [2147483647          0          0 ...          0          8          8]
{09/02/2018 15:51:19 PM} Updated potentials: [0 2 2 ... 1 0 0]
{09/02/2018 15:51:19 PM} Reduced cost: [2 3 3 ... 2 2 2]
{09/02/2018 15:51:23 PM} P5: [ 392035 3845794 2672313 2672318 3144844 5457739 5457736 2115741] [ -1 123 123 602 599 599 602 189], (c, bnck, f): (12.17, 0.07, 0.01), time: 4.44s
{09/02/2018 15:51:23 PM} Found: [0 1 1 ... 1 0 0], dist: [2147483647          0          0 ...          0          8          8]
{09/02/2018 15:51:25 PM} Time for cost mtx: 0.93s
{09/02/2018 15:51:25 PM} Initial reduced cost: [2 3 3 ... 2 2 2]
{09/02/2018 15:51:26 PM} P1: [ 392035 3783749 3612042 4119746] [ -1  65  65 189], (c, bnck, f): (9.31, 0.07, 0.01), time: 0.96s
{09/02/2018 15:51:26 PM} Found: [0 0 0 ... 0 0 0], dist: [2147483647 2147483647 2147483647 ... 2147483647 2147483647 2147483647]
{09/02/2018 15:51:26 PM} Updated potentials: [0 0 0 ... 0 0 0]
{09/02/2018 15:51:27 PM} Reduced cost: [2 3 3 ... 2 2 2]
{09/02/2018 15:51:28 PM} P2: [ 392035      78  852582 4119746] [ -1 660 660 189], (c, bnck, f): (10.71, 0.06, 0.00), time: 2.11s
{09/02/2018 15:51:28 PM} Found: [0 1 1 ... 0 0 0], dist: [2147483647          1          1 ... 2147483647 2147483647 2147483647]
{09/02/2018 15:51:28 PM} Updated potentials: [0 0 0 ... 0 0 0]
{09/02/2018 15:51:29 PM} Reduced cost: [2 3 3 ... 2 2 2]
{09/02/2018 15:51:30 PM} P3: [ 392035 2115741 4864843 4119746] [ -1 189 599 189], (c, bnck, f): (9.36, 0.07, 0.01), time: 1.88s
{09/02/2018 15:51:30 PM} Found: [0 1 1 ... 0 0 0], dist: [2147483647          0          0 ... 2147483647 2147483647 2147483647]
{09/02/2018 15:51:30 PM} Updated potentials: [0 0 0 ... 0 0 0]
{09/02/2018 15:51:31 PM} Reduced cost: [2 3 3 ... 2 2 2]
{09/02/2018 15:51:32 PM} P4: [ 392035 1243951 2682315 4119746] [ -1 480 480 189], (c, bnck, f): (10.90, 0.05, 0.00), time: 2.27s
{09/02/2018 15:51:32 PM} Found: [0 1 1 ... 1 0 0], dist: [2147483647          0          0 ...          1         10         10]
{09/02/2018 15:51:32 PM} Updated potentials: [0 1 1 ... 0 0 0]
{09/02/2018 15:51:33 PM} Reduced cost: [2 3 3 ... 2 2 2]
{09/02/2018 15:51:35 PM} P5: [ 392035 3845794 3212007 3212008 1069836 5330278 5330277 4119746] [ -1 123 123 602 599 599 602 189], (c, bnck, f): (11.06, 0.07, 0.01), time: 2.43s
{09/02/2018 15:51:35 PM} Found: [0 1 1 ... 1 0 0], dist: [2147483647          0          0 ...          0          9          9]
{09/02/2018 15:51:36 PM} Time for cost mtx: 0.94s
{09/02/2018 15:51:36 PM} Initial reduced cost: [2 3 3 ... 2 2 2]
{09/02/2018 15:51:38 PM} P1: [ 392035      78 3796026  917821] [ -1 660 660 189], (c, bnck, f): (10.71, 0.06, 0.00), time: 1.48s
{09/02/2018 15:51:38 PM} Found: [0 1 1 ... 0 0 0], dist: [2147483647         16         16 ... 2147483647 2147483647 2147483647]
{09/02/2018 15:51:38 PM} Updated potentials: [0 0 0 ... 0 0 0]
{09/02/2018 15:51:39 PM} Reduced cost: [2 3 3 ... 2 2 2]
{09/02/2018 15:51:40 PM} P2: [ 392035 2115741 2664662 2664660  917821] [ -1 189 599 602 189], (c, bnck, f): (9.93, 0.07, 0.01), time: 1.94s
{09/02/2018 15:51:40 PM} Found: [0 1 1 ... 0 0 0], dist: [2147483647          0          0 ... 2147483647 2147483647 2147483647]
{09/02/2018 15:51:40 PM} Updated potentials: [0 0 0 ... 0 0 0]
{09/02/2018 15:51:41 PM} Reduced cost: [2 3 3 ... 2 2 2]
{09/02/2018 15:51:42 PM} P3: [ 392035 3783749 1725129  917821] [ -1  65  65 189], (c, bnck, f): (9.55, 0.07, 0.01), time: 2.08s
{09/02/2018 15:51:42 PM} Found: [0 1 1 ... 0 0 0], dist: [2147483647          0          0 ... 2147483647 2147483647 2147483647]
{09/02/2018 15:51:42 PM} Updated potentials: [0 0 0 ... 0 0 0]
{09/02/2018 15:51:43 PM} Reduced cost: [2 3 3 ... 2 2 2]
{09/02/2018 15:51:44 PM} P4: [ 392035 1243951 5457331  917821] [ -1 480 480 189], (c, bnck, f): (10.79, 0.05, 0.00), time: 2.49s
{09/02/2018 15:51:44 PM} Found: [0 1 1 ... 1 0 0], dist: [2147483647          0          0 ...          1         10         10]
{09/02/2018 15:51:44 PM} Updated potentials: [0 1 1 ... 0 0 0]
{09/02/2018 15:51:45 PM} Reduced cost: [2 3 3 ... 2 2 2]
{09/02/2018 15:51:47 PM} P5: [ 392035 3845794 3212007 3212008 1069836 3564145 3564142  917821] [ -1 123 123 602 599 599 602 189], (c, bnck, f): (11.65, 0.07, 0.01), time: 2.64s
{09/02/2018 15:51:47 PM} Found: [0 1 1 ... 1 0 0], dist: [2147483647          0          0 ...          0          9          9]
{09/02/2018 15:51:48 PM} Time for cost mtx: 0.96s
{09/02/2018 15:51:49 PM} Initial reduced cost: [2 3 3 ... 2 2 2]
{09/02/2018 15:51:50 PM} P1: [ 392035 2115741 3259596 3218267] [ -1 189 599 189], (c, bnck, f): (8.83, 0.07, 0.01), time: 1.05s
{09/02/2018 15:51:50 PM} Found: [0 0 0 ... 0 0 0], dist: [2147483647 2147483647 2147483647 ... 2147483647 2147483647 2147483647]
{09/02/2018 15:51:50 PM} Updated potentials: [0 0 0 ... 0 0 0]
{09/02/2018 15:51:51 PM} Reduced cost: [2 3 3 ... 2 2 2]
{09/02/2018 15:51:52 PM} P2: [ 392035      78 2649831 3218267] [ -1 660 660 599], (c, bnck, f): (10.71, 0.06, 0.00), time: 2.57s
{09/02/2018 15:51:52 PM} Found: [0 1 1 ... 0 0 0], dist: [2147483647          1          1 ... 2147483647 2147483647 2147483647]
{09/02/2018 15:51:53 PM} Updated potentials: [0 0 0 ... 0 0 0]
{09/02/2018 15:51:53 PM} Reduced cost: [2 3 3 ... 2 2 2]
{09/02/2018 15:51:56 PM} P3: [ 392035 1243951 1227091 3218267] [ -1 480 480 599], (c, bnck, f): (10.39, 0.05, 0.00), time: 3.48s
{09/02/2018 15:51:56 PM} Found: [0 1 1 ... 1 0 0], dist: [2147483647          0          0 ...          1         10         10]
{09/02/2018 15:51:56 PM} Updated potentials: [0 1 1 ... 0 0 0]
{09/02/2018 15:51:57 PM} Reduced cost: [2 3 3 ... 2 2 2]
{09/02/2018 15:52:00 PM} P4: [ 392035 3845794 3461499 3461504 4145593 5346163 3218267] [ -1 123 123 602 599 121 189], (c, bnck, f): (11.47, 0.07, 0.01), time: 4.27s
{09/02/2018 15:52:00 PM} Found: [0 1 1 ... 1 0 0], dist: [2147483647          0          0 ...          0          9          9]
{09/02/2018 15:52:00 PM} Updated potentials: [0 2 2 ... 1 0 0]
{09/02/2018 15:52:01 PM} Reduced cost: [2 3 3 ... 2 2 2]
{09/02/2018 15:52:03 PM} P5: [ 392035 3845794 3461499 3461500 5529578 3490894 3490892 3218267] [ -1 123 123 602 599 599 602 189], (c, bnck, f): (11.63, 0.07, 0.01), time: 2.64s
{09/02/2018 15:52:03 PM} Found: [0 1 1 ... 1 0 0], dist: [2147483647          0          0 ...          0          8          8]
{09/02/2018 15:52:05 PM} Time for cost mtx: 1.55s
{09/02/2018 15:52:05 PM} Initial reduced cost: [2 3 3 ... 2 2 2]
{09/02/2018 15:52:06 PM} P1: [ 482030 2364618] [ -1 189], (c, bnck, f): (0.00, 0.07, 0.07), time: 0.11s
{09/02/2018 15:52:06 PM} Found: [0 0 0 ... 0 0 0], dist: [2147483647 2147483647 2147483647 ... 2147483647 2147483647 2147483647]
{09/02/2018 15:52:06 PM} Updated potentials: [0 0 0 ... 0 0 0]
{09/02/2018 15:52:06 PM} Reduced cost: [2 3 3 ... 2 2 2]
{09/02/2018 15:52:06 PM} P2: [ 482030  482031 2364618] [ -1 602 599], (c, bnck, f): (1.10, 0.14, 0.07), time: 0.89s
{09/02/2018 15:52:06 PM} Found: [0 0 0 ... 0 0 0], dist: [2147483647 2147483647 2147483647 ... 2147483647 2147483647 2147483647]
{09/02/2018 15:52:06 PM} Updated potentials: [0 0 0 ... 0 0 0]
{09/02/2018 15:52:07 PM} Reduced cost: [2 3 3 ... 2 2 2]
{09/02/2018 15:52:07 PM} P3: [ 482030 3889144 2654787 2654789 2364618] [ -1 123 123 602 599], (c, bnck, f): (5.78, 0.14, 0.02), time: 0.55s
{09/02/2018 15:52:07 PM} Found: [0 0 0 ... 0 0 0], dist: [2147483647 2147483647 2147483647 ... 2147483647 2147483647 2147483647]
{09/02/2018 15:52:07 PM} Updated potentials: [0 0 0 ... 0 0 0]
{09/02/2018 15:52:08 PM} Reduced cost: [2 3 3 ... 2 2 2]
{09/02/2018 15:52:08 PM} P4: [ 482030  482032 5237575 4404223 4404219 2364618] [ -1 602 599 599 602 189], (c, bnck, f): (7.17, 0.07, 0.01), time: 0.73s
{09/02/2018 15:52:08 PM} Found: [0 0 0 ... 0 0 0], dist: [2147483647 2147483647 2147483647 ... 2147483647 2147483647 2147483647]
{09/02/2018 15:52:08 PM} Updated potentials: [0 0 0 ... 0 0 0]
{09/02/2018 15:52:08 PM} Reduced cost: [2 3 3 ... 2 2 2]
{09/02/2018 15:52:09 PM} P5: [ 482030 3678471 2649399 2649402 2364618] [ -1  65  65 602 599], (c, bnck, f): (8.51, 0.09, 0.01), time: 0.84s
{09/02/2018 15:52:09 PM} Found: [0 0 0 ... 0 0 0], dist: [2147483647 2147483647 2147483647 ... 2147483647 2147483647 2147483647]
{09/02/2018 15:52:10 PM} Time for cost mtx: 1.06s
{09/02/2018 15:52:11 PM} Initial reduced cost: [2 3 3 ... 2 2 2]
{09/02/2018 15:52:11 PM} P1: [ 482030 3889144  644314 1487110] [ -1 123 123 189], (c, bnck, f): (3.99, 0.07, 0.01), time: 0.15s
{09/02/2018 15:52:11 PM} Found: [0 0 0 ... 0 0 0], dist: [2147483647 2147483647 2147483647 ... 2147483647 2147483647 2147483647]
{09/02/2018 15:52:11 PM} Updated potentials: [0 0 0 ... 0 0 0]
{09/02/2018 15:52:11 PM} Reduced cost: [2 3 3 ... 2 2 2]
{09/02/2018 15:52:12 PM} P2: [ 482030 3678471 2649399 1487110] [ -1  65  65 189], (c, bnck, f): (7.41, 0.07, 0.01), time: 0.98s
{09/02/2018 15:52:12 PM} Found: [0 0 0 ... 0 0 0], dist: [2147483647 2147483647 2147483647 ... 2147483647 2147483647 2147483647]
{09/02/2018 15:52:12 PM} Updated potentials: [0 0 0 ... 0 0 0]
{09/02/2018 15:52:12 PM} Reduced cost: [2 3 3 ... 2 2 2]
{09/02/2018 15:52:13 PM} P3: [ 482030 3678471 2649399 2649403 1487110] [ -1  65  65 602 599], (c, bnck, f): (8.51, 0.02, 0.00), time: 1.18s
{09/02/2018 15:52:13 PM} Found: [0 0 0 ... 0 0 0], dist: [2147483647 2147483647 2147483647 ... 2147483647 2147483647 2147483647]
{09/02/2018 15:52:13 PM} Updated potentials: [0 0 0 ... 0 0 0]
{09/02/2018 15:52:14 PM} Reduced cost: [2 3 3 ... 2 2 2]
{09/02/2018 15:52:14 PM} P4: [ 482030 4160079 5007901 1487110] [ -1 462 462 189], (c, bnck, f): (9.89, 0.07, 0.01), time: 1.23s
{09/02/2018 15:52:14 PM} Found: [0 0 0 ... 0 0 0], dist: [2147483647 2147483647 2147483647 ... 2147483647 2147483647 2147483647]
{09/02/2018 15:52:14 PM} Updated potentials: [0 0 0 ... 0 0 0]
{09/02/2018 15:52:15 PM} Reduced cost: [2 3 3 ... 2 2 2]
{09/02/2018 15:52:15 PM} P5: [ 482030 4160079 4799509 1487110] [ -1 462 462 189], (c, bnck, f): (9.57, 0.02, 0.00), time: 0.97s
{09/02/2018 15:52:15 PM} Found: [0 0 0 ... 0 0 0], dist: [2147483647 2147483647 2147483647 ... 2147483647 2147483647 2147483647]
{09/02/2018 15:52:17 PM} Time for cost mtx: 1.86s
{09/02/2018 15:52:18 PM} Initial reduced cost: [2 3 3 ... 2 2 2]
{09/02/2018 15:52:19 PM} P1: [ 482030  482032 5237575 1544654 1544644 1544650 1156689] [ -1 602 599 599 602 602 599], (c, bnck, f): (8.49, 0.10, 0.01), time: 0.76s
{09/02/2018 15:52:19 PM} Found: [0 0 0 ... 0 0 0], dist: [2147483647 2147483647 2147483647 ... 2147483647 2147483647 2147483647]
{09/02/2018 15:52:19 PM} Updated potentials: [0 0 0 ... 0 0 0]
{09/02/2018 15:52:20 PM} Reduced cost: [2 3 3 ... 2 2 2]
{09/02/2018 15:52:21 PM} P2: [ 482030 4160079 3841692 1156689] [ -1 462 462 189], (c, bnck, f): (9.79, 0.07, 0.01), time: 2.31s
{09/02/2018 15:52:21 PM} Found: [0 0 0 ... 0 0 0], dist: [2147483647 2147483647 2147483647 ... 2147483647 2147483647 2147483647]
{09/02/2018 15:52:21 PM} Updated potentials: [0 0 0 ... 0 0 0]
{09/02/2018 15:52:23 PM} Reduced cost: [2 3 3 ... 2 2 2]
{09/02/2018 15:52:23 PM} P3: [ 482030 4160079 3562636 1156689] [ -1 462 462 189], (c, bnck, f): (9.89, 0.01, 0.00), time: 1.86s
{09/02/2018 15:52:23 PM} Found: [0 0 0 ... 0 0 0], dist: [2147483647 2147483647 2147483647 ... 2147483647 2147483647 2147483647]
{09/02/2018 15:52:23 PM} Updated potentials: [0 0 0 ... 0 0 0]
{09/02/2018 15:52:24 PM} Reduced cost: [2 3 3 ... 2 2 2]
{09/02/2018 15:52:25 PM} P4: [ 482030 2364618 4422866 4422870 1156689] [ -1 189 189 602 599], (c, bnck, f): (9.59, 0.07, 0.01), time: 1.57s
{09/02/2018 15:52:25 PM} Found: [0 0 0 ... 0 0 0], dist: [2147483647 2147483647 2147483647 ... 2147483647 2147483647 2147483647]
{09/02/2018 15:52:25 PM} Updated potentials: [0 0 0 ... 0 0 0]
{09/02/2018 15:52:26 PM} Reduced cost: [2 3 3 ... 2 2 2]
{09/02/2018 15:52:27 PM} P5: [ 482030      78 3423590 1156689] [ -1 660 660 189], (c, bnck, f): (10.71, 0.06, 0.00), time: 2.76s
{09/02/2018 15:52:27 PM} Found: [0 0 0 ... 1 0 0], dist: [2147483647 2147483647 2147483647 ...          1 2147483647 2147483647]
{09/02/2018 15:52:29 PM} Time for cost mtx: 1.02s
{09/02/2018 15:52:30 PM} Initial reduced cost: [2 3 3 ... 2 2 2]
{09/02/2018 15:52:30 PM} P1: [ 482030 2364618 4012927 3516612] [ -1 189 189 599], (c, bnck, f): (8.49, 0.07, 0.01), time: 0.38s
{09/02/2018 15:52:30 PM} Found: [0 0 0 ... 0 0 0], dist: [2147483647 2147483647 2147483647 ... 2147483647 2147483647 2147483647]
{09/02/2018 15:52:30 PM} Updated potentials: [0 0 0 ... 0 0 0]
{09/02/2018 15:52:31 PM} Reduced cost: [2 3 3 ... 2 2 2]
{09/02/2018 15:52:31 PM} P2: [ 482030 4160079 5248379 3516612] [ -1 462 462 599], (c, bnck, f): (9.69, 0.08, 0.01), time: 1.41s
{09/02/2018 15:52:31 PM} Found: [0 0 0 ... 0 0 0], dist: [2147483647 2147483647 2147483647 ... 2147483647 2147483647 2147483647]
{09/02/2018 15:52:31 PM} Updated potentials: [0 0 0 ... 0 0 0]
{09/02/2018 15:52:32 PM} Reduced cost: [2 3 3 ... 2 2 2]
{09/02/2018 15:52:33 PM} P3: [ 482030  482031 2364618 4012927 3516612] [ -1 602 599 189 599], (c, bnck, f): (9.59, 0.08, 0.01), time: 1.48s
{09/02/2018 15:52:33 PM} Found: [0 0 0 ... 0 0 0], dist: [2147483647 2147483647 2147483647 ... 2147483647 2147483647 2147483647]
{09/02/2018 15:52:33 PM} Updated potentials: [0 0 0 ... 0 0 0]
{09/02/2018 15:52:34 PM} Reduced cost: [2 3 3 ... 2 2 2]
{09/02/2018 15:52:34 PM} P4: [ 482030 3678471 1304438 1304442 3516612] [ -1  65  65 602 599], (c, bnck, f): (9.21, 0.09, 0.01), time: 1.27s
{09/02/2018 15:52:34 PM} Found: [0 0 0 ... 0 0 0], dist: [2147483647 2147483647 2147483647 ... 2147483647 2147483647 2147483647]
{09/02/2018 15:52:34 PM} Updated potentials: [0 0 0 ... 0 0 0]
{09/02/2018 15:52:35 PM} Reduced cost: [2 3 3 ... 2 2 2]
{09/02/2018 15:52:35 PM} P5: [ 482030  482033 4419353 2027755 2027752 3516612] [ -1 602 599 599 602 189], (c, bnck, f): (9.62, 0.08, 0.01), time: 1.36s
{09/02/2018 15:52:35 PM} Found: [0 0 0 ... 1 0 0], dist: [2147483647 2147483647 2147483647 ...          1 2147483647 2147483647]
{09/02/2018 15:52:37 PM} Time for cost mtx: 0.98s
{09/02/2018 15:52:37 PM} Initial reduced cost: [2 3 3 ... 2 2 2]
{09/02/2018 15:52:38 PM} P1: [ 494082 4119746] [ -1 189], (c, bnck, f): (0.00, 0.07, 0.07), time: 0.11s
{09/02/2018 15:52:38 PM} Found: [0 0 0 ... 0 0 0], dist: [2147483647 2147483647 2147483647 ... 2147483647 2147483647 2147483647]
{09/02/2018 15:52:38 PM} Updated potentials: [0 0 0 ... 0 0 0]
{09/02/2018 15:52:38 PM} Reduced cost: [2 3 3 ... 2 2 2]
{09/02/2018 15:52:38 PM} P2: [ 494082  494083 4119746] [ -1 602 599], (c, bnck, f): (1.10, 0.14, 0.07), time: 0.58s
{09/02/2018 15:52:38 PM} Found: [0 0 0 ... 0 0 0], dist: [2147483647 2147483647 2147483647 ... 2147483647 2147483647 2147483647]
{09/02/2018 15:52:38 PM} Updated potentials: [0 0 0 ... 0 0 0]
{09/02/2018 15:52:39 PM} Reduced cost: [2 3 3 ... 2 2 2]
{09/02/2018 15:52:39 PM} P3: [ 494082 3889272 4986804 4119746] [ -1 123 123 189], (c, bnck, f): (6.49, 0.07, 0.01), time: 0.71s
{09/02/2018 15:52:39 PM} Found: [0 0 0 ... 0 0 0], dist: [2147483647 2147483647 2147483647 ... 2147483647 2147483647 2147483647]
{09/02/2018 15:52:39 PM} Updated potentials: [0 0 0 ... 0 0 0]
{09/02/2018 15:52:59 PM} Launching stream..
{09/02/2018 15:52:59 PM} Dataset: sub_sample.csv
{09/02/2018 15:52:59 PM} Output dir: /home/alex/Documents/streamminer/output
{09/02/2018 15:52:59 PM} Read data: (39, 7) sub_sample.csv
{09/02/2018 15:52:59 PM} Note: Found non-NA records: (39, 7)
{09/02/2018 15:53:10 PM} Computing KS for 39 triples..
[09/02/2018 17:16:56 PM] Launching stream..
[09/02/2018 17:16:56 PM] Dataset: sub_sample.csv
[09/02/2018 17:16:56 PM] Output dir: /home/alex/Documents/streamminer/output
[09/02/2018 17:16:56 PM] Read data: (39, 7) sub_sample.csv
[09/02/2018 17:16:56 PM] Note: Found non-NA records: (39, 7)
[09/02/2018 17:16:58 PM] Computing KS for 39 triples..
[09/02/2018 17:17:02 PM] Time for cost mtx: 1.03s
[09/02/2018 17:17:03 PM] Initial reduced cost: [2 3 3 ... 2 2 2]
[09/02/2018 17:17:03 PM] P1: [ 392035 2115741] [ -1 189], (c, bnck, f): (0.00, 0.07, 0.07), time: 0.13s
[09/02/2018 17:17:03 PM] Found: [0 0 0 ... 0 0 0], dist: [2147483647 2147483647 2147483647 ... 2147483647 2147483647 2147483647]
[09/02/2018 17:17:03 PM] Updated potentials: [0 0 0 ... 0 0 0]
[09/02/2018 17:17:04 PM] Reduced cost: [2 3 3 ... 2 2 2]
[09/02/2018 17:17:06 PM] P2: [ 392035      78 2675800 2115741] [ -1 660 660 599], (c, bnck, f): (10.71, 0.06, 0.00), time: 3.11s
[09/02/2018 17:17:06 PM] Found: [0 1 1 ... 1 0 0], dist: [2147483647          9          9 ...         10         19         19]
[09/02/2018 17:17:06 PM] Updated potentials: [0 1 1 ... 0 0 0]
[09/02/2018 17:17:07 PM] Reduced cost: [2 3 3 ... 2 2 2]
[09/02/2018 17:17:11 PM] P3: [ 392035 1243951 4445640 2115741] [ -1 480 480 599], (c, bnck, f): (10.54, 0.05, 0.00), time: 4.40s
[09/02/2018 17:17:11 PM] Found: [0 1 1 ... 1 0 0], dist: [2147483647          0          0 ...          0          9          9]
[09/02/2018 17:17:11 PM] Updated potentials: [0 2 2 ... 1 0 0]
[09/02/2018 17:17:11 PM] Reduced cost: [2 3 3 ... 2 2 2]
[09/02/2018 17:17:14 PM] P4: [ 392035 3845794 3212007 3212008 1069836 5168067 2115741] [ -1 123 123 602 599 121 189], (c, bnck, f): (10.75, 0.07, 0.01), time: 3.44s
[09/02/2018 17:17:14 PM] Found: [0 1 1 ... 1 0 0], dist: [2147483647          0          0 ...          0          8          8]
[09/02/2018 17:17:14 PM] Updated potentials: [0 2 2 ... 1 0 0]
[09/02/2018 17:17:15 PM] Reduced cost: [2 3 3 ... 2 2 2]
[09/02/2018 17:17:20 PM] P5: [ 392035 3845794 2672313 2672318 3144844 5457739 5457736 2115741] [ -1 123 123 602 599 599 602 189], (c, bnck, f): (12.17, 0.07, 0.01), time: 5.70s
[09/02/2018 17:17:20 PM] Found: [0 1 1 ... 1 0 0], dist: [2147483647          0          0 ...          0          8          8]
[09/02/2018 17:17:21 PM] Time for cost mtx: 1.06s
[09/02/2018 17:17:22 PM] Initial reduced cost: [2 3 3 ... 2 2 2]
[09/02/2018 17:17:23 PM] P1: [ 392035 3783749 3612042 4119746] [ -1  65  65 189], (c, bnck, f): (9.31, 0.07, 0.01), time: 1.35s
[09/02/2018 17:17:23 PM] Found: [0 0 0 ... 0 0 0], dist: [2147483647 2147483647 2147483647 ... 2147483647 2147483647 2147483647]
[09/02/2018 17:17:23 PM] Updated potentials: [0 0 0 ... 0 0 0]
[09/02/2018 17:17:24 PM] Reduced cost: [2 3 3 ... 2 2 2]
[09/02/2018 17:17:26 PM] P2: [ 392035      78  852582 4119746] [ -1 660 660 189], (c, bnck, f): (10.71, 0.06, 0.00), time: 2.90s
[09/02/2018 17:17:26 PM] Found: [0 1 1 ... 0 0 0], dist: [2147483647          1          1 ... 2147483647 2147483647 2147483647]
[09/02/2018 17:17:26 PM] Updated potentials: [0 0 0 ... 0 0 0]
[09/02/2018 17:17:27 PM] Reduced cost: [2 3 3 ... 2 2 2]
[09/02/2018 17:17:28 PM] P3: [ 392035 2115741 4864843 4119746] [ -1 189 599 189], (c, bnck, f): (9.36, 0.07, 0.01), time: 2.36s
[09/02/2018 17:17:28 PM] Found: [0 1 1 ... 0 0 0], dist: [2147483647          0          0 ... 2147483647 2147483647 2147483647]
[09/02/2018 17:17:29 PM] Updated potentials: [0 0 0 ... 0 0 0]
[09/02/2018 17:17:29 PM] Reduced cost: [2 3 3 ... 2 2 2]
[09/02/2018 17:17:31 PM] P4: [ 392035 1243951 2682315 4119746] [ -1 480 480 189], (c, bnck, f): (10.90, 0.05, 0.00), time: 2.79s
[09/02/2018 17:17:31 PM] Found: [0 1 1 ... 1 0 0], dist: [2147483647          0          0 ...          1         10         10]
[09/02/2018 17:17:31 PM] Updated potentials: [0 1 1 ... 0 0 0]
[09/02/2018 17:17:32 PM] Reduced cost: [2 3 3 ... 2 2 2]
[09/02/2018 17:17:35 PM] P5: [ 392035 3845794 3212007 3212008 1069836 5330278 5330277 4119746] [ -1 123 123 602 599 599 602 189], (c, bnck, f): (11.06, 0.07, 0.01), time: 4.06s
[09/02/2018 17:17:35 PM] Found: [0 1 1 ... 1 0 0], dist: [2147483647          0          0 ...          0          9          9]
[09/02/2018 17:17:37 PM] Time for cost mtx: 1.16s
[09/02/2018 17:17:37 PM] Initial reduced cost: [2 3 3 ... 2 2 2]
[09/02/2018 17:17:39 PM] P1: [ 392035      78 3796026  917821] [ -1 660 660 189], (c, bnck, f): (10.71, 0.06, 0.00), time: 1.74s
[09/02/2018 17:17:39 PM] Found: [0 1 1 ... 0 0 0], dist: [2147483647         16         16 ... 2147483647 2147483647 2147483647]
[09/02/2018 17:17:39 PM] Updated potentials: [0 0 0 ... 0 0 0]
[09/02/2018 17:17:40 PM] Reduced cost: [2 3 3 ... 2 2 2]
[09/02/2018 17:17:42 PM] P2: [ 392035 2115741 2664662 2664660  917821] [ -1 189 599 602 189], (c, bnck, f): (9.93, 0.07, 0.01), time: 2.27s
[09/02/2018 17:17:42 PM] Found: [0 1 1 ... 0 0 0], dist: [2147483647          0          0 ... 2147483647 2147483647 2147483647]
[09/02/2018 17:17:42 PM] Updated potentials: [0 0 0 ... 0 0 0]
[09/02/2018 17:17:42 PM] Reduced cost: [2 3 3 ... 2 2 2]
[09/02/2018 17:17:44 PM] P3: [ 392035 3783749 1725129  917821] [ -1  65  65 189], (c, bnck, f): (9.55, 0.07, 0.01), time: 2.38s
[09/02/2018 17:17:44 PM] Found: [0 1 1 ... 0 0 0], dist: [2147483647          0          0 ... 2147483647 2147483647 2147483647]
[09/02/2018 17:17:44 PM] Updated potentials: [0 0 0 ... 0 0 0]
[09/02/2018 17:17:45 PM] Reduced cost: [2 3 3 ... 2 2 2]
[09/02/2018 17:17:47 PM] P4: [ 392035 1243951 5457331  917821] [ -1 480 480 189], (c, bnck, f): (10.79, 0.05, 0.00), time: 2.73s
[09/02/2018 17:17:47 PM] Found: [0 1 1 ... 1 0 0], dist: [2147483647          0          0 ...          1         10         10]
[09/02/2018 17:17:47 PM] Updated potentials: [0 1 1 ... 0 0 0]
[09/02/2018 17:17:47 PM] Reduced cost: [2 3 3 ... 2 2 2]
[09/02/2018 17:17:50 PM] P5: [ 392035 3845794 3212007 3212008 1069836 3564145 3564142  917821] [ -1 123 123 602 599 599 602 189], (c, bnck, f): (11.65, 0.07, 0.01), time: 3.07s
[09/02/2018 17:17:50 PM] Found: [0 1 1 ... 1 0 0], dist: [2147483647          0          0 ...          0          9          9]
[09/02/2018 17:17:51 PM] Time for cost mtx: 1.04s
[09/02/2018 17:17:52 PM] Initial reduced cost: [2 3 3 ... 2 2 2]
[09/02/2018 17:17:53 PM] P1: [ 392035 2115741 3259596 3218267] [ -1 189 599 189], (c, bnck, f): (8.83, 0.07, 0.01), time: 1.07s
[09/02/2018 17:17:53 PM] Found: [0 0 0 ... 0 0 0], dist: [2147483647 2147483647 2147483647 ... 2147483647 2147483647 2147483647]
[09/02/2018 17:17:53 PM] Updated potentials: [0 0 0 ... 0 0 0]
[09/02/2018 17:17:54 PM] Reduced cost: [2 3 3 ... 2 2 2]
[09/02/2018 17:17:56 PM] P2: [ 392035      78 2649831 3218267] [ -1 660 660 599], (c, bnck, f): (10.71, 0.06, 0.00), time: 2.84s
[09/02/2018 17:17:56 PM] Found: [0 1 1 ... 0 0 0], dist: [2147483647          1          1 ... 2147483647 2147483647 2147483647]
[09/02/2018 17:17:56 PM] Updated potentials: [0 0 0 ... 0 0 0]
[09/02/2018 17:17:57 PM] Reduced cost: [2 3 3 ... 2 2 2]
[09/02/2018 17:18:00 PM] P3: [ 392035 1243951 1227091 3218267] [ -1 480 480 599], (c, bnck, f): (10.39, 0.05, 0.00), time: 4.08s
[09/02/2018 17:18:00 PM] Found: [0 1 1 ... 1 0 0], dist: [2147483647          0          0 ...          1         10         10]
[09/02/2018 17:18:00 PM] Updated potentials: [0 1 1 ... 0 0 0]
[09/02/2018 17:18:01 PM] Reduced cost: [2 3 3 ... 2 2 2]
[09/02/2018 17:18:04 PM] P4: [ 392035 3845794 3461499 3461504 4145593 5346163 3218267] [ -1 123 123 602 599 121 189], (c, bnck, f): (11.47, 0.07, 0.01), time: 4.36s
[09/02/2018 17:18:04 PM] Found: [0 1 1 ... 1 0 0], dist: [2147483647          0          0 ...          0          9          9]
[09/02/2018 17:18:04 PM] Updated potentials: [0 2 2 ... 1 0 0]
[09/02/2018 17:18:05 PM] Reduced cost: [2 3 3 ... 2 2 2]
[09/02/2018 17:18:07 PM] P5: [ 392035 3845794 3461499 3461500 5529578 3490894 3490892 3218267] [ -1 123 123 602 599 599 602 189], (c, bnck, f): (11.63, 0.07, 0.01), time: 2.89s
[09/02/2018 17:18:07 PM] Found: [0 1 1 ... 1 0 0], dist: [2147483647          0          0 ...          0          8          8]
[09/02/2018 17:18:09 PM] Time for cost mtx: 1.07s
[09/02/2018 17:18:09 PM] Initial reduced cost: [2 3 3 ... 2 2 2]
[09/02/2018 17:18:09 PM] P1: [ 482030 2364618] [ -1 189], (c, bnck, f): (0.00, 0.07, 0.07), time: 0.13s
[09/02/2018 17:18:09 PM] Found: [0 0 0 ... 0 0 0], dist: [2147483647 2147483647 2147483647 ... 2147483647 2147483647 2147483647]
[09/02/2018 17:18:09 PM] Updated potentials: [0 0 0 ... 0 0 0]
[09/02/2018 17:18:10 PM] Reduced cost: [2 3 3 ... 2 2 2]
[09/02/2018 17:18:10 PM] P2: [ 482030  482031 2364618] [ -1 602 599], (c, bnck, f): (1.10, 0.14, 0.07), time: 0.60s
[09/02/2018 17:18:10 PM] Found: [0 0 0 ... 0 0 0], dist: [2147483647 2147483647 2147483647 ... 2147483647 2147483647 2147483647]
[09/02/2018 17:18:10 PM] Updated potentials: [0 0 0 ... 0 0 0]
[09/02/2018 17:18:10 PM] Reduced cost: [2 3 3 ... 2 2 2]
[09/02/2018 17:18:10 PM] P3: [ 482030 3889144 2654787 2654789 2364618] [ -1 123 123 602 599], (c, bnck, f): (5.78, 0.14, 0.02), time: 0.56s
[09/02/2018 17:18:10 PM] Found: [0 0 0 ... 0 0 0], dist: [2147483647 2147483647 2147483647 ... 2147483647 2147483647 2147483647]
[09/02/2018 17:18:10 PM] Updated potentials: [0 0 0 ... 0 0 0]
[09/02/2018 17:18:11 PM] Reduced cost: [2 3 3 ... 2 2 2]
[09/02/2018 17:18:11 PM] P4: [ 482030  482032 5237575 4404223 4404219 2364618] [ -1 602 599 599 602 189], (c, bnck, f): (7.17, 0.07, 0.01), time: 0.79s
[09/02/2018 17:18:11 PM] Found: [0 0 0 ... 0 0 0], dist: [2147483647 2147483647 2147483647 ... 2147483647 2147483647 2147483647]
[09/02/2018 17:18:11 PM] Updated potentials: [0 0 0 ... 0 0 0]
[09/02/2018 17:18:12 PM] Reduced cost: [2 3 3 ... 2 2 2]
[09/02/2018 17:18:12 PM] P5: [ 482030 3678471 2649399 2649402 2364618] [ -1  65  65 602 599], (c, bnck, f): (8.51, 0.09, 0.01), time: 0.94s
[09/02/2018 17:18:12 PM] Found: [0 0 0 ... 0 0 0], dist: [2147483647 2147483647 2147483647 ... 2147483647 2147483647 2147483647]
[09/02/2018 17:18:14 PM] Time for cost mtx: 1.02s
[09/02/2018 17:18:14 PM] Initial reduced cost: [2 3 3 ... 2 2 2]
[09/02/2018 17:18:14 PM] P1: [ 482030 3889144  644314 1487110] [ -1 123 123 189], (c, bnck, f): (3.99, 0.07, 0.01), time: 0.14s
[09/02/2018 17:18:14 PM] Found: [0 0 0 ... 0 0 0], dist: [2147483647 2147483647 2147483647 ... 2147483647 2147483647 2147483647]
[09/02/2018 17:18:14 PM] Updated potentials: [0 0 0 ... 0 0 0]
[09/02/2018 17:18:15 PM] Reduced cost: [2 3 3 ... 2 2 2]
[09/02/2018 17:18:15 PM] P2: [ 482030 3678471 2649399 1487110] [ -1  65  65 189], (c, bnck, f): (7.41, 0.07, 0.01), time: 1.08s
[09/02/2018 17:18:15 PM] Found: [0 0 0 ... 0 0 0], dist: [2147483647 2147483647 2147483647 ... 2147483647 2147483647 2147483647]
[09/02/2018 17:18:15 PM] Updated potentials: [0 0 0 ... 0 0 0]
[09/02/2018 17:18:16 PM] Reduced cost: [2 3 3 ... 2 2 2]
[09/02/2018 17:18:16 PM] P3: [ 482030 3678471 2649399 2649403 1487110] [ -1  65  65 602 599], (c, bnck, f): (8.51, 0.02, 0.00), time: 1.16s
[09/02/2018 17:18:16 PM] Found: [0 0 0 ... 0 0 0], dist: [2147483647 2147483647 2147483647 ... 2147483647 2147483647 2147483647]
[09/02/2018 17:18:16 PM] Updated potentials: [0 0 0 ... 0 0 0]
[09/02/2018 17:18:17 PM] Reduced cost: [2 3 3 ... 2 2 2]
[09/02/2018 17:18:18 PM] P4: [ 482030 4160079 5007901 1487110] [ -1 462 462 189], (c, bnck, f): (9.89, 0.07, 0.01), time: 1.17s
[09/02/2018 17:18:18 PM] Found: [0 0 0 ... 0 0 0], dist: [2147483647 2147483647 2147483647 ... 2147483647 2147483647 2147483647]
[09/02/2018 17:18:18 PM] Updated potentials: [0 0 0 ... 0 0 0]
[09/02/2018 17:18:18 PM] Reduced cost: [2 3 3 ... 2 2 2]
[09/02/2018 17:18:19 PM] P5: [ 482030 4160079 4799509 1487110] [ -1 462 462 189], (c, bnck, f): (9.57, 0.02, 0.00), time: 1.03s
[09/02/2018 17:18:19 PM] Found: [0 0 0 ... 0 0 0], dist: [2147483647 2147483647 2147483647 ... 2147483647 2147483647 2147483647]
[09/02/2018 17:18:20 PM] Time for cost mtx: 1.08s
[09/02/2018 17:18:21 PM] Initial reduced cost: [2 3 3 ... 2 2 2]
[09/02/2018 17:18:21 PM] P1: [ 482030  482032 5237575 1544654 1544644 1544650 1156689] [ -1 602 599 599 602 602 599], (c, bnck, f): (8.49, 0.10, 0.01), time: 0.40s
[09/02/2018 17:18:21 PM] Found: [0 0 0 ... 0 0 0], dist: [2147483647 2147483647 2147483647 ... 2147483647 2147483647 2147483647]
[09/02/2018 17:18:21 PM] Updated potentials: [0 0 0 ... 0 0 0]
[09/02/2018 17:18:22 PM] Reduced cost: [2 3 3 ... 2 2 2]
[09/02/2018 17:18:23 PM] P2: [ 482030 4160079 3841692 1156689] [ -1 462 462 189], (c, bnck, f): (9.79, 0.07, 0.01), time: 1.47s
[09/02/2018 17:18:23 PM] Found: [0 0 0 ... 0 0 0], dist: [2147483647 2147483647 2147483647 ... 2147483647 2147483647 2147483647]
[09/02/2018 17:18:23 PM] Updated potentials: [0 0 0 ... 0 0 0]
[09/02/2018 17:18:23 PM] Reduced cost: [2 3 3 ... 2 2 2]
[09/02/2018 17:18:24 PM] P3: [ 482030 4160079 3562636 1156689] [ -1 462 462 189], (c, bnck, f): (9.89, 0.01, 0.00), time: 1.17s
[09/02/2018 17:18:24 PM] Found: [0 0 0 ... 0 0 0], dist: [2147483647 2147483647 2147483647 ... 2147483647 2147483647 2147483647]
[09/02/2018 17:18:24 PM] Updated potentials: [0 0 0 ... 0 0 0]
