[09/24/2018 00:04:30 AM] Launching sm..
[09/24/2018 00:04:30 AM] Dataset: predpath_civil_war_battle.csv
[09/24/2018 00:04:30 AM] Output dir: /home/galois/Documents/streamminer/output
[09/24/2018 00:04:30 AM] Read data: (710, 7) predpath_civil_war_battle.csv
[09/24/2018 00:04:30 AM] Note: Found non-NA records: (710, 7)
[09/24/2018 00:04:30 AM] Reconstructing graph from /home/galois/Documents/streamminer/data/kg/_undir
[09/24/2018 00:04:30 AM] 

[09/24/2018 00:04:31 AM] => Loaded: undir_data.npy
[09/24/2018 00:04:31 AM] 

[09/24/2018 00:04:31 AM] => Loaded: undir_indptr.npy
[09/24/2018 00:04:31 AM] 

[09/24/2018 00:04:33 AM] => Loaded: undir_indices.npy
[09/24/2018 00:04:33 AM] 

[09/24/2018 00:04:33 AM] => Loaded: undir_indeg_vec.npy
[09/24/2018 00:04:33 AM] 

[09/24/2018 00:04:33 AM] => Graph loaded: 3.39 secs.

[09/24/2018 00:04:33 AM] 

[09/24/2018 00:04:33 AM] PID is: 57, with type: int64
[09/24/2018 00:04:41 AM] => Path extraction..(this can take a while)
[09/24/2018 00:05:29 AM] SPO: [ 1872659 57 2480027], Score: 0.204723378794, Path (1):
[09/24/2018 00:05:29 AM] [1872659] -126 (0.2)-> [2480027]

[09/24/2018 00:05:29 AM]  
[09/24/2018 00:05:29 AM] SPO: [ 1872659 57 2480027], Score: 0.366110283172, Path (3):
[09/24/2018 00:05:29 AM] [1872659] -126 (0.08)-> [3961609] -126 (0.11)-> [779909] -126 (0.17)-> [2480027]

[09/24/2018 00:05:29 AM]  
[09/24/2018 00:05:29 AM] SPO: [ 1872659 57 2480027], Score: 0.239203044815, Path (3):
[09/24/2018 00:05:29 AM] [1872659] -452 (0.06)-> [4195194] -452 (0.07)-> [774449] -126 (0.11)-> [2480027]

[09/24/2018 00:05:29 AM]  
[09/24/2018 00:05:29 AM] SPO: [ 1872659 57 2480027], Score: 0.424578231131, Path (3):
[09/24/2018 00:05:29 AM] [1872659] -126 (0.08)-> [3961609] -126 (0.12)-> [774449] -126 (0.23)-> [2480027]

[09/24/2018 00:05:29 AM]  
[09/24/2018 00:05:29 AM] SPO: [ 1872659 57 2480027], Score: 0.50353386432, Path (5):
[09/24/2018 00:05:29 AM] [1872659] -452 (0.06)-> [4195194] -452 (0.07)-> [774449] -126 (0.06)-> [1379747] -370 (0.07)-> [5284506] -370 (0.25)-> [2480027]

[09/24/2018 00:06:46 AM]  
[09/24/2018 00:06:46 AM] SPO: [ 775773 57 4389561], Score: 0.22518490918, Path (1):
[09/24/2018 00:06:46 AM] [775773] -126 (0.23)-> [4389561]

[09/24/2018 00:06:46 AM]  
[09/24/2018 00:06:46 AM] SPO: [ 775773 57 4389561], Score: 0.240302600421, Path (5):
[09/24/2018 00:06:46 AM] [775773] -303 (0.03)-> [505985] -303 (0.04)-> [778783] -126 (0.05)-> [4853430] -372 (0.05)-> [262680] -372 (0.07)-> [4389561]

[09/24/2018 00:06:46 AM]  
[09/24/2018 00:06:46 AM] SPO: [ 775773 57 4389561], Score: 0.32478163916, Path (5):
[09/24/2018 00:06:46 AM] [775773] -452 (0.03)-> [1134596] -65 (0.03)-> [810269] -592 (0.06)-> [3110470] -370 (0.08)-> [5287669] -370 (0.13)-> [4389561]

[09/24/2018 00:06:46 AM]  
[09/24/2018 00:06:46 AM] SPO: [ 775773 57 4389561], Score: 0.301548252706, Path (5):
[09/24/2018 00:06:46 AM] [775773] -452 (0.03)-> [1134596] -301 (0.04)-> [4904092] -167 (0.04)-> [1414005] -370 (0.08)-> [5287669] -370 (0.11)-> [4389561]

[09/24/2018 00:06:46 AM]  
[09/24/2018 00:06:46 AM] SPO: [ 775773 57 4389561], Score: 0.194015051388, Path (5):
[09/24/2018 00:06:46 AM] [775773] -452 (0.03)-> [1134596] -301 (0.04)-> [4904092] -140 (0.04)-> [5287545] -140 (0.04)-> [262680] -372 (0.05)-> [4389561]

[09/24/2018 00:07:34 AM]  
[09/24/2018 00:07:34 AM] SPO: [ 780100 57 3739183], Score: 0.220128901913, Path (1):
[09/24/2018 00:07:34 AM] [780100] -126 (0.22)-> [3739183]

[09/24/2018 00:07:34 AM]  
[09/24/2018 00:07:34 AM] SPO: [ 780100 57 3739183], Score: 0.352317858841, Path (3):
[09/24/2018 00:07:34 AM] [780100] -126 (0.06)-> [1935975] -370 (0.07)-> [5284506] -370 (0.23)-> [3739183]

[09/24/2018 00:07:34 AM]  
[09/24/2018 00:07:34 AM] SPO: [ 780100 57 3739183], Score: 0.31841975765, Path (3):
[09/24/2018 00:07:34 AM] [780100] -126 (0.05)-> [4562243] -370 (0.07)-> [5284506] -370 (0.2)-> [3739183]

[09/24/2018 00:07:34 AM]  
[09/24/2018 00:07:34 AM] SPO: [ 780100 57 3739183], Score: 0.199903060037, Path (3):
[09/24/2018 00:07:34 AM] [780100] -126 (0.05)-> [4562243] -370 (0.06)-> [5287669] -370 (0.08)-> [3739183]

[09/24/2018 00:07:34 AM]  
[09/24/2018 00:07:34 AM] SPO: [ 780100 57 3739183], Score: 0.505386427403, Path (5):
[09/24/2018 00:07:34 AM] [780100] -126 (0.06)-> [1935975] -403 (0.04)-> [5559750] -403 (0.05)-> [1054380] -370 (0.11)-> [5284506] -370 (0.24)-> [3739183]

[09/24/2018 00:08:41 AM]  
[09/24/2018 00:08:41 AM] SPO: [ 775737 57 5278757], Score: 0.13926994343, Path (1):
[09/24/2018 00:08:41 AM] [775737] -126 (0.14)-> [5278757]

[09/24/2018 00:08:41 AM]  
[09/24/2018 00:08:41 AM] SPO: [ 775737 57 5278757], Score: 0.417016281281, Path (3):
[09/24/2018 00:08:41 AM] [775737] -126 (0.07)-> [2074873] -126 (0.12)-> [774358] -126 (0.23)-> [5278757]

[09/24/2018 00:08:41 AM]  
[09/24/2018 00:08:41 AM] SPO: [ 775737 57 5278757], Score: 0.37816753007, Path (3):
[09/24/2018 00:08:41 AM] [775737] -126 (0.06)-> [545296] -126 (0.1)-> [775748] -126 (0.21)-> [5278757]

[09/24/2018 00:08:41 AM]  
[09/24/2018 00:08:41 AM] SPO: [ 775737 57 5278757], Score: 0.399419531651, Path (5):
[09/24/2018 00:08:41 AM] [775737] -126 (0.07)-> [2074873] -505 (0.04)-> [302063] -465 (0.06)-> [2552702] -465 (0.09)-> [545616] -465 (0.15)-> [5278757]

[09/24/2018 00:08:41 AM]  
[09/24/2018 00:08:41 AM] SPO: [ 775737 57 5278757], Score: 0.34280469905, Path (6):
[09/24/2018 00:08:41 AM] [775737] -126 (0.07)-> [2074873] -505 (0.04)-> [302063] -465 (0.06)-> [2552702] -480 (0.04)-> [1834523] -480 (0.06)-> [1261927] -468 (0.08)-> [5278757]

[09/24/2018 00:10:12 AM]  
[09/24/2018 00:10:12 AM] SPO: [ 776391 57 2727656], Score: 0.208013235794, Path (1):
[09/24/2018 00:10:12 AM] [776391] -126 (0.21)-> [2727656]

[09/24/2018 00:10:12 AM]  
[09/24/2018 00:10:12 AM] SPO: [ 776391 57 2727656], Score: 0.254814960685, Path (3):
[09/24/2018 00:10:12 AM] [776391] -452 (0.04)-> [3779385] -301 (0.05)-> [3603814] -512 (0.17)-> [2727656]

[09/24/2018 00:10:12 AM]  
[09/24/2018 00:10:12 AM] SPO: [ 776391 57 2727656], Score: 0.118061368196, Path (3):
[09/24/2018 00:10:12 AM] [776391] -660 (0.03)-> [410] -660 (0.04)-> [4747901] -126 (0.05)-> [2727656]

[09/24/2018 00:10:12 AM]  
[09/24/2018 00:10:12 AM] SPO: [ 776391 57 2727656], Score: 0.250012065769, Path (3):
[09/24/2018 00:10:12 AM] [776391] -660 (0.03)-> [410] -660 (0.09)-> [1872727] -126 (0.13)-> [2727656]

[09/24/2018 00:10:12 AM]  
[09/24/2018 00:10:12 AM] SPO: [ 776391 57 2727656], Score: 0.300744259908, Path (4):
[09/24/2018 00:10:12 AM] [776391] -452 (0.04)-> [3779385] -167 (0.04)-> [4111324] -167 (0.05)-> [3603814] -512 (0.17)-> [2727656]

[09/24/2018 00:11:21 AM]  
[09/24/2018 00:11:21 AM] SPO: [ 778222 57 4565146], Score: 0.230951316751, Path (1):
[09/24/2018 00:11:21 AM] [778222] -126 (0.23)-> [4565146]

[09/24/2018 00:11:21 AM]  
[09/24/2018 00:11:21 AM] SPO: [ 778222 57 4565146], Score: 0.318021909367, Path (3):
[09/24/2018 00:11:21 AM] [778222] -126 (0.07)-> [4858515] -126 (0.09)-> [777119] -126 (0.16)-> [4565146]

[09/24/2018 00:11:21 AM]  
[09/24/2018 00:11:21 AM] SPO: [ 778222 57 4565146], Score: 0.319172584516, Path (3):
[09/24/2018 00:11:21 AM] [778222] -126 (0.07)-> [4858515] -126 (0.1)-> [780066] -126 (0.15)-> [4565146]

[09/24/2018 00:11:21 AM]  
[09/24/2018 00:11:21 AM] SPO: [ 778222 57 4565146], Score: 0.467325975919, Path (5):
[09/24/2018 00:11:21 AM] [778222] -126 (0.04)-> [1610224] -403 (0.05)-> [641370] -403 (0.07)-> [4858515] -126 (0.11)-> [777119] -126 (0.19)-> [4565146]

[09/24/2018 00:11:21 AM]  
[09/24/2018 00:11:21 AM] SPO: [ 778222 57 4565146], Score: 0.340965965192, Path (6):
[09/24/2018 00:11:21 AM] [778222] -126 (0.04)-> [1610224] -403 (0.05)-> [641370] -140 (0.04)-> [1272768] -140 (0.05)-> [2731868] -126 (0.06)-> [780083] -126 (0.09)-> [4565146]

[09/24/2018 00:12:44 AM]  
[09/24/2018 00:12:44 AM] SPO: [ 775951 57 2725848], Score: 0.281094555632, Path (1):
[09/24/2018 00:12:44 AM] [775951] -126 (0.28)-> [2725848]

[09/24/2018 00:12:44 AM]  
[09/24/2018 00:12:44 AM] SPO: [ 775951 57 2725848], Score: 0.355660461135, Path (3):
[09/24/2018 00:12:44 AM] [775951] -126 (0.06)-> [2698067] -370 (0.07)-> [5284506] -370 (0.23)-> [2725848]

[09/24/2018 00:12:44 AM]  
[09/24/2018 00:12:44 AM] SPO: [ 775951 57 2725848], Score: 0.307985730995, Path (4):
[09/24/2018 00:12:44 AM] [775951] -452 (0.04)-> [3779637] -167 (0.05)-> [1633347] -370 (0.08)-> [5284506] -370 (0.14)-> [2725848]

[09/24/2018 00:12:44 AM]  
[09/24/2018 00:12:44 AM] SPO: [ 775951 57 2725848], Score: 0.190262142708, Path (4):
[09/24/2018 00:12:44 AM] [775951] -452 (0.04)-> [3779637] -167 (0.05)-> [1633347] -480 (0.05)-> [4163397] -480 (0.06)-> [2725848]

[09/24/2018 00:12:44 AM]  
[09/24/2018 00:12:44 AM] SPO: [ 775951 57 2725848], Score: 0.320249130023, Path (4):
[09/24/2018 00:12:44 AM] [775951] -452 (0.04)-> [3779637] -167 (0.05)-> [409423] -370 (0.06)-> [5284506] -370 (0.16)-> [2725848]

[09/24/2018 00:13:39 AM]  
[09/24/2018 00:13:39 AM] SPO: [ 779137 57 5278757], Score: 0.13926994343, Path (1):
[09/24/2018 00:13:39 AM] [779137] -126 (0.14)-> [5278757]

[09/24/2018 00:13:39 AM]  
[09/24/2018 00:13:39 AM] SPO: [ 779137 57 5278757], Score: 0.37457221906, Path (3):
[09/24/2018 00:13:39 AM] [779137] -126 (0.07)-> [411173] -126 (0.11)-> [2365269] -126 (0.19)-> [5278757]

[09/24/2018 00:13:39 AM]  
[09/24/2018 00:13:39 AM] SPO: [ 779137 57 5278757], Score: 0.333993859985, Path (3):
[09/24/2018 00:13:39 AM] [779137] -126 (0.05)-> [1548608] -370 (0.07)-> [5284506] -370 (0.22)-> [5278757]

[09/24/2018 00:13:39 AM]  
[09/24/2018 00:13:39 AM] SPO: [ 779137 57 5278757], Score: 0.184951658232, Path (3):
[09/24/2018 00:13:39 AM] [779137] -126 (0.05)-> [1548608] -370 (0.05)-> [5287669] -370 (0.08)-> [5278757]

[09/24/2018 00:13:39 AM]  
[09/24/2018 00:13:39 AM] SPO: [ 779137 57 5278757], Score: 0.394930126529, Path (5):
[09/24/2018 00:13:39 AM] [779137] -126 (0.07)-> [411173] -403 (0.04)-> [268213] -403 (0.06)-> [4394038] -126 (0.08)-> [2365269] -126 (0.15)-> [5278757]

[09/24/2018 00:15:50 AM]  
[09/24/2018 00:15:50 AM] SPO: [ 775781 57 1418078], Score: 0.19402745306, Path (1):
[09/24/2018 00:15:50 AM] [775781] -126 (0.19)-> [1418078]

[09/24/2018 00:15:50 AM]  
[09/24/2018 00:15:50 AM] SPO: [ 775781 57 1418078], Score: 0.870865633514, Path (5):
[09/24/2018 00:15:50 AM] [775781] -126 (0.04)-> [2715265] -126 (0.05)-> [779709] -126 (0.12)-> [1131110] -370 (0.19)-> [5288798] -370 (0.46)-> [1418078]

[09/24/2018 00:15:50 AM]  
[09/24/2018 00:15:50 AM] SPO: [ 775781 57 1418078], Score: 0.335865162124, Path (5):
[09/24/2018 00:15:50 AM] [775781] -452 (0.04)-> [4149495] -603 (0.04)-> [4437795] -603 (0.05)-> [4813348] -452 (0.08)-> [1046738] -126 (0.13)-> [1418078]

[09/24/2018 00:15:50 AM]  
[09/24/2018 00:15:50 AM] SPO: [ 775781 57 1418078], Score: 0.237284330544, Path (5):
[09/24/2018 00:15:50 AM] [775781] -452 (0.04)-> [4149495] -603 (0.04)-> [4437795] -603 (0.04)-> [3779882] -452 (0.05)-> [1046738] -126 (0.07)-> [1418078]

[09/24/2018 00:15:50 AM]  
[09/24/2018 00:15:50 AM] SPO: [ 775781 57 1418078], Score: 0.40774384845, Path (5):
[09/24/2018 00:15:50 AM] [775781] -452 (0.04)-> [4149495] -339 (0.05)-> [941573] -339 (0.06)-> [4813348] -452 (0.08)-> [1046738] -126 (0.19)-> [1418078]

[09/24/2018 00:17:24 AM]  
[09/24/2018 00:17:24 AM] SPO: [ 4716074 57 2298168], Score: 0.220128901913, Path (1):
[09/24/2018 00:17:24 AM] [4716074] -126 (0.22)-> [2298168]

[09/24/2018 00:17:24 AM]  
[09/24/2018 00:17:24 AM] SPO: [ 4716074 57 2298168], Score: 0.301874417804, Path (4):
[09/24/2018 00:17:24 AM] [4716074] -452 (0.04)-> [1288075] -167 (0.05)-> [4152559] -370 (0.09)-> [5284506] -370 (0.13)-> [2298168]

[09/24/2018 00:17:24 AM]  
[09/24/2018 00:17:24 AM] SPO: [ 4716074 57 2298168], Score: 0.232162560777, Path (4):
[09/24/2018 00:17:24 AM] [4716074] -452 (0.04)-> [1288075] -167 (0.05)-> [4152559] -370 (0.06)-> [5287669] -370 (0.08)-> [2298168]

[09/24/2018 00:17:24 AM]  
[09/24/2018 00:17:24 AM] SPO: [ 4716074 57 2298168], Score: 0.362444827744, Path (4):
[09/24/2018 00:17:24 AM] [4716074] -452 (0.04)-> [1288075] -167 (0.05)-> [2769831] -370 (0.07)-> [5284506] -370 (0.2)-> [2298168]

[09/24/2018 00:17:24 AM]  
[09/24/2018 00:17:24 AM] SPO: [ 4716074 57 2298168], Score: 0.430377188043, Path (5):
[09/24/2018 00:17:24 AM] [4716074] -452 (0.04)-> [1288075] -167 (0.05)-> [4152559] -370 (0.06)-> [5287669] -370 (0.1)-> [839652] -465 (0.18)-> [2298168]

[09/24/2018 00:18:15 AM]  
[09/24/2018 00:18:15 AM] SPO: [ 1872755 57 3739272], Score: 0.156157904109, Path (1):
[09/24/2018 00:18:15 AM] [1872755] -126 (0.16)-> [3739272]

[09/24/2018 00:18:15 AM]  
[09/24/2018 00:18:15 AM] SPO: [ 1872755 57 3739272], Score: 0.313985344086, Path (3):
[09/24/2018 00:18:15 AM] [1872755] -126 (0.06)-> [4877866] -126 (0.09)-> [774906] -126 (0.17)-> [3739272]

[09/24/2018 00:18:15 AM]  
[09/24/2018 00:18:15 AM] SPO: [ 1872755 57 3739272], Score: 0.197751318196, Path (3):
[09/24/2018 00:18:15 AM] [1872755] -126 (0.06)-> [4877866] -370 (0.06)-> [5287669] -370 (0.08)-> [3739272]

[09/24/2018 00:18:15 AM]  
[09/24/2018 00:18:15 AM] SPO: [ 1872755 57 3739272], Score: 0.25519791121, Path (4):
[09/24/2018 00:18:15 AM] [1872755] -452 (0.03)-> [5531789] -65 (0.04)-> [1259338] -370 (0.08)-> [5287669] -370 (0.1)-> [3739272]

[09/24/2018 00:18:15 AM]  
[09/24/2018 00:18:15 AM] SPO: [ 1872755 57 3739272], Score: 0.212582802617, Path (6):
[09/24/2018 00:18:15 AM] [1872755] -452 (0.03)-> [5531789] -65 (0.04)-> [1259338] -660 (0.03)-> [411] -660 (0.03)-> [1330587] -126 (0.04)-> [776380] -126 (0.04)-> [3739272]

[09/24/2018 00:19:12 AM]  
[09/24/2018 00:19:12 AM] SPO: [ 775843 57 2027533], Score: 0.164821550946, Path (1):
[09/24/2018 00:19:12 AM] [775843] -126 (0.16)-> [2027533]

[09/24/2018 00:19:12 AM]  
[09/24/2018 00:19:12 AM] SPO: [ 775843 57 2027533], Score: 0.323719372098, Path (3):
[09/24/2018 00:19:12 AM] [775843] -126 (0.07)-> [4394038] -126 (0.1)-> [5475091] -126 (0.15)-> [2027533]

[09/24/2018 00:19:12 AM]  
[09/24/2018 00:19:12 AM] SPO: [ 775843 57 2027533], Score: 0.366571622297, Path (3):
[09/24/2018 00:19:12 AM] [775843] -126 (0.07)-> [1875903] -126 (0.1)-> [774326] -126 (0.2)-> [2027533]

[09/24/2018 00:19:12 AM]  
[09/24/2018 00:19:12 AM] SPO: [ 775843 57 2027533], Score: 0.298105992048, Path (3):
[09/24/2018 00:19:12 AM] [775843] -126 (0.07)-> [1875903] -126 (0.08)-> [777313] -126 (0.15)-> [2027533]

[09/24/2018 00:19:12 AM]  
[09/24/2018 00:19:12 AM] SPO: [ 775843 57 2027533], Score: 0.323501204827, Path (4):
[09/24/2018 00:19:12 AM] [775843] -126 (0.07)-> [1875903] -126 (0.08)-> [777313] -303 (0.07)-> [4665560] -126 (0.1)-> [2027533]

[09/24/2018 00:20:38 AM]  
[09/24/2018 00:20:38 AM] SPO: [ 777313 57 318373], Score: 0.14103150278, Path (1):
[09/24/2018 00:20:38 AM] [777313] -126 (0.14)-> [318373]

[09/24/2018 00:20:38 AM]  
[09/24/2018 00:20:38 AM] SPO: [ 777313 57 318373], Score: 0.331178767192, Path (3):
[09/24/2018 00:20:38 AM] [777313] -126 (0.06)-> [2027533] -126 (0.1)-> [2365269] -126 (0.16)-> [318373]

[09/24/2018 00:20:38 AM]  
[09/24/2018 00:20:38 AM] SPO: [ 777313 57 318373], Score: 0.306644778915, Path (3):
[09/24/2018 00:20:38 AM] [777313] -126 (0.06)-> [2621538] -126 (0.1)-> [2365269] -126 (0.15)-> [318373]

[09/24/2018 00:20:38 AM]  
[09/24/2018 00:20:38 AM] SPO: [ 777313 57 318373], Score: 0.319972168033, Path (3):
[09/24/2018 00:20:38 AM] [777313] -126 (0.06)-> [2621538] -126 (0.08)-> [5285491] -126 (0.17)-> [318373]

[09/24/2018 00:20:38 AM]  
[09/24/2018 00:20:38 AM] SPO: [ 777313 57 318373], Score: 0.360600664308, Path (4):
[09/24/2018 00:20:38 AM] [777313] -126 (0.06)-> [2621538] -126 (0.1)-> [2365269] -126 (0.06)-> [5278757] -468 (0.14)-> [318373]

[09/24/2018 00:22:49 AM]  
[09/24/2018 00:22:49 AM] SPO: [ 4632484 57 2727656], Score: 0.208013235794, Path (1):
[09/24/2018 00:22:49 AM] [4632484] -126 (0.21)-> [2727656]

[09/24/2018 00:22:49 AM]  
[09/24/2018 00:22:49 AM] SPO: [ 4632484 57 2727656], Score: 0.331729654074, Path (5):
[09/24/2018 00:22:49 AM] [4632484] -661 (0.03)-> [263970] -140 (0.04)-> [1272768] -140 (0.05)-> [4096246] -126 (0.06)-> [2365268] -126 (0.15)-> [2727656]

[09/24/2018 00:22:49 AM]  
[09/24/2018 00:22:49 AM] SPO: [ 4632484 57 2727656], Score: 0.298814586239, Path (5):
[09/24/2018 00:22:49 AM] [4632484] -661 (0.03)-> [263970] -661 (0.04)-> [2065510] -126 (0.04)-> [2038704] -370 (0.07)-> [5284506] -370 (0.11)-> [2727656]

[09/24/2018 00:22:49 AM]  
[09/24/2018 00:22:49 AM] SPO: [ 4632484 57 2727656], Score: 0.25758107105, Path (5):
[09/24/2018 00:22:49 AM] [4632484] -661 (0.03)-> [263970] -661 (0.04)-> [2065510] -126 (0.04)-> [2038704] -370 (0.06)-> [5287669] -370 (0.08)-> [2727656]

[09/24/2018 00:22:49 AM]  
[09/24/2018 00:22:49 AM] SPO: [ 4632484 57 2727656], Score: 0.359979863118, Path (5):
[09/24/2018 00:22:49 AM] [4632484] -661 (0.03)-> [263970] -661 (0.04)-> [2065510] -126 (0.05)-> [2773136] -370 (0.06)-> [5287669] -370 (0.18)-> [2727656]

[09/24/2018 00:24:03 AM]  
[09/24/2018 00:24:03 AM] SPO: [ 773989 57 2027533], Score: 0.164821550946, Path (1):
[09/24/2018 00:24:03 AM] [773989] -126 (0.16)-> [2027533]

[09/24/2018 00:24:03 AM]  
[09/24/2018 00:24:03 AM] SPO: [ 773989 57 2027533], Score: 0.221194317193, Path (3):
[09/24/2018 00:24:03 AM] [773989] -452 (0.05)-> [5450936] -452 (0.06)-> [779267] -126 (0.12)-> [2027533]

[09/24/2018 00:24:03 AM]  
[09/24/2018 00:24:03 AM] SPO: [ 773989 57 2027533], Score: 0.285662355537, Path (4):
[09/24/2018 00:24:03 AM] [773989] -452 (0.03)-> [4682921] -301 (0.04)-> [5450936] -452 (0.06)-> [779267] -126 (0.14)-> [2027533]

[09/24/2018 00:24:03 AM]  
[09/24/2018 00:24:03 AM] SPO: [ 773989 57 2027533], Score: 0.18164363298, Path (4):
[09/24/2018 00:24:03 AM] [773989] -452 (0.03)-> [4682921] -301 (0.04)-> [3428818] -452 (0.05)-> [1111529] -126 (0.06)-> [2027533]

[09/24/2018 00:24:03 AM]  
[09/24/2018 00:24:03 AM] SPO: [ 773989 57 2027533], Score: 0.401484023363, Path (5):
[09/24/2018 00:24:03 AM] [773989] -452 (0.05)-> [5450936] -452 (0.06)-> [779267] -126 (0.05)-> [503366] -403 (0.08)-> [641352] -403 (0.16)-> [2027533]

[09/24/2018 00:25:05 AM]  
[09/24/2018 00:25:05 AM] SPO: [ 778270 57 1548608], Score: 0.215646063349, Path (1):
[09/24/2018 00:25:05 AM] [778270] -126 (0.22)-> [1548608]

[09/24/2018 00:25:05 AM]  
[09/24/2018 00:25:05 AM] SPO: [ 778270 57 1548608], Score: 0.353212048486, Path (3):
[09/24/2018 00:25:05 AM] [778270] -126 (0.07)-> [935804] -126 (0.1)-> [1272703] -126 (0.19)-> [1548608]

[09/24/2018 00:25:05 AM]  
[09/24/2018 00:25:05 AM] SPO: [ 778270 57 1548608], Score: 0.352017001306, Path (3):
[09/24/2018 00:25:05 AM] [778270] -126 (0.06)-> [447921] -370 (0.07)-> [5284506] -370 (0.23)-> [1548608]

[09/24/2018 00:25:05 AM]  
[09/24/2018 00:25:05 AM] SPO: [ 778270 57 1548608], Score: 0.201223378211, Path (3):
[09/24/2018 00:25:05 AM] [778270] -126 (0.06)-> [447921] -370 (0.06)-> [5287669] -370 (0.08)-> [1548608]

[09/24/2018 00:25:05 AM]  
[09/24/2018 00:25:05 AM] SPO: [ 778270 57 1548608], Score: 0.442909249701, Path (4):
[09/24/2018 00:25:05 AM] [778270] -126 (0.06)-> [447921] -370 (0.06)-> [5287669] -370 (0.11)-> [641348] -403 (0.21)-> [1548608]

[09/24/2018 00:27:12 AM]  
[09/24/2018 00:27:12 AM] SPO: [ 775802 57 503366], Score: 0.162519500414, Path (1):
[09/24/2018 00:27:12 AM] [775802] -126 (0.16)-> [503366]

[09/24/2018 00:27:12 AM]  
[09/24/2018 00:27:12 AM] SPO: [ 775802 57 503366], Score: 0.255241440512, Path (4):
[09/24/2018 00:27:12 AM] [775802] -452 (0.04)-> [1949515] -167 (0.05)-> [1276911] -372 (0.07)-> [641352] -403 (0.1)-> [503366]

[09/24/2018 00:27:12 AM]  
[09/24/2018 00:27:12 AM] SPO: [ 775802 57 503366], Score: 0.243434862133, Path (4):
[09/24/2018 00:27:12 AM] [775802] -452 (0.04)-> [1949515] -167 (0.05)-> [1276911] -370 (0.06)-> [5284506] -370 (0.09)-> [503366]

[09/24/2018 00:27:12 AM]  
[09/24/2018 00:27:12 AM] SPO: [ 775802 57 503366], Score: 0.275465231775, Path (4):
[09/24/2018 00:27:12 AM] [775802] -452 (0.04)-> [4807302] -167 (0.04)-> [5114026] -370 (0.08)-> [5284506] -370 (0.12)-> [503366]

[09/24/2018 00:27:12 AM]  
[09/24/2018 00:27:12 AM] SPO: [ 775802 57 503366], Score: 0.337750245171, Path (4):
[09/24/2018 00:27:12 AM] [775802] -452 (0.04)-> [4807302] -65 (0.05)-> [809274] -370 (0.06)-> [5287669] -370 (0.19)-> [503366]

[09/24/2018 00:27:58 AM]  
[09/24/2018 00:27:58 AM] SPO: [ 779341 57 5519296], Score: 0.171210896687, Path (1):
[09/24/2018 00:27:58 AM] [779341] -126 (0.17)-> [5519296]

[09/24/2018 00:27:58 AM]  
[09/24/2018 00:27:58 AM] SPO: [ 779341 57 5519296], Score: 0.242811989662, Path (4):
[09/24/2018 00:27:58 AM] [779341] -452 (0.04)-> [3682424] -301 (0.04)-> [4493229] -452 (0.06)-> [776283] -126 (0.1)-> [5519296]

[09/24/2018 00:27:58 AM]  
[09/24/2018 00:27:58 AM] SPO: [ 779341 57 5519296], Score: 0.36452950404, Path (4):
[09/24/2018 00:27:58 AM] [779341] -452 (0.04)-> [3682424] -167 (0.05)-> [1948710] -370 (0.07)-> [5284506] -370 (0.21)-> [5519296]

[09/24/2018 00:27:58 AM]  
[09/24/2018 00:27:58 AM] SPO: [ 779341 57 5519296], Score: 0.351583814601, Path (6):
[09/24/2018 00:27:58 AM] [779341] -452 (0.04)-> [3682424] -167 (0.05)-> [1948710] -65 (0.03)-> [731258] -65 (0.04)-> [394347] -370 (0.07)-> [5284506] -370 (0.11)-> [5519296]

[09/24/2018 00:27:58 AM]  
[09/24/2018 00:27:58 AM] SPO: [ 779341 57 5519296], Score: 0.446121522636, Path (6):
[09/24/2018 00:27:58 AM] [779341] -452 (0.04)-> [3682424] -167 (0.05)-> [1948710] -65 (0.03)-> [731258] -167 (0.04)-> [2278000] -480 (0.06)-> [2469118] -480 (0.22)-> [5519296]

[09/24/2018 00:29:38 AM]  
[09/24/2018 00:29:38 AM] SPO: [ 774954 57 2773136], Score: 0.181142969034, Path (1):
[09/24/2018 00:29:38 AM] [774954] -126 (0.18)-> [2773136]

[09/24/2018 00:29:38 AM]  
[09/24/2018 00:29:38 AM] SPO: [ 774954 57 2773136], Score: 0.459951053954, Path (5):
[09/24/2018 00:29:38 AM] [774954] -140 (0.04)-> [5451149] -140 (0.05)-> [775904] -126 (0.06)-> [2704884] -403 (0.07)-> [2406617] -403 (0.24)-> [2773136]

[09/24/2018 00:29:38 AM]  
[09/24/2018 00:29:38 AM] SPO: [ 774954 57 2773136], Score: 0.28495504751, Path (5):
[09/24/2018 00:29:38 AM] [774954] -140 (0.04)-> [5451149] -370 (0.04)-> [2453792] -370 (0.05)-> [273325] -125 (0.07)-> [2406617] -403 (0.09)-> [2773136]

[09/24/2018 00:29:38 AM]  
[09/24/2018 00:29:38 AM] SPO: [ 774954 57 2773136], Score: 0.285350550956, Path (5):
[09/24/2018 00:29:38 AM] [774954] -140 (0.04)-> [5451149] -140 (0.05)-> [775904] -126 (0.06)-> [2704884] -370 (0.06)-> [5287669] -370 (0.08)-> [2773136]

[09/24/2018 00:29:38 AM]  
[09/24/2018 00:29:38 AM] SPO: [ 774954 57 2773136], Score: 0.342073156482, Path (5):
[09/24/2018 00:29:38 AM] [774954] -140 (0.04)-> [5451149] -370 (0.04)-> [2453792] -370 (0.05)-> [273325] -125 (0.08)-> [641352] -403 (0.13)-> [2773136]

[09/24/2018 00:30:19 AM]  
[09/24/2018 00:30:19 AM] SPO: [ 774951 57 5278757], Score: 0.13926994343, Path (1):
[09/24/2018 00:30:19 AM] [774951] -126 (0.14)-> [5278757]

[09/24/2018 00:30:19 AM]  
[09/24/2018 00:30:19 AM] SPO: [ 774951 57 5278757], Score: 0.388899793384, Path (3):
[09/24/2018 00:30:19 AM] [774951] -126 (0.06)-> [2696459] -126 (0.09)-> [4716852] -126 (0.25)-> [5278757]

[09/24/2018 00:30:19 AM]  
[09/24/2018 00:30:19 AM] SPO: [ 774951 57 5278757], Score: 0.251473205094, Path (3):
[09/24/2018 00:30:19 AM] [774951] -452 (0.05)-> [2329118] -452 (0.07)-> [776416] -126 (0.13)-> [5278757]

[09/24/2018 00:30:19 AM]  
[09/24/2018 00:30:19 AM] SPO: [ 774951 57 5278757], Score: 0.353944415234, Path (4):
[09/24/2018 00:30:19 AM] [774951] -126 (0.06)-> [2696459] -126 (0.05)-> [775010] -126 (0.09)-> [5521714] -592 (0.16)-> [5278757]

[09/24/2018 00:30:19 AM]  
[09/24/2018 00:30:19 AM] SPO: [ 774951 57 5278757], Score: 0.398133027688, Path (4):
[09/24/2018 00:30:19 AM] [774951] -452 (0.05)-> [2329118] -167 (0.05)-> [2027472] -370 (0.07)-> [5284506] -370 (0.23)-> [5278757]

[09/24/2018 00:31:14 AM]  
[09/24/2018 00:31:14 AM] SPO: [ 4716852 57 5278757], Score: 0.139269948006, Path (1):
[09/24/2018 00:31:14 AM] [4716852] -126 (0.14)-> [5278757]

[09/24/2018 00:31:14 AM]  
[09/24/2018 00:31:14 AM] SPO: [ 4716852 57 5278757], Score: 0.337469904761, Path (4):
[09/24/2018 00:31:14 AM] [4716852] -452 (0.04)-> [5448126] -452 (0.06)-> [779233] -126 (0.09)-> [5521714] -592 (0.14)-> [5278757]

[09/24/2018 00:31:14 AM]  
[09/24/2018 00:31:14 AM] SPO: [ 4716852 57 5278757], Score: 0.324138437394, Path (4):
[09/24/2018 00:31:14 AM] [4716852] -452 (0.04)-> [5448126] -167 (0.04)-> [1686526] -370 (0.06)-> [5287669] -370 (0.18)-> [5278757]

[09/24/2018 00:31:14 AM]  
[09/24/2018 00:31:14 AM] SPO: [ 4716852 57 5278757], Score: 0.303066525519, Path (5):
[09/24/2018 00:31:14 AM] [4716852] -452 (0.04)-> [5448126] -167 (0.04)-> [1686526] -167 (0.04)-> [5353887] -65 (0.07)-> [3903268] -468 (0.11)-> [5278757]

[09/24/2018 00:31:14 AM]  
[09/24/2018 00:31:14 AM] SPO: [ 4716852 57 5278757], Score: 0.366560434739, Path (6):
[09/24/2018 00:31:14 AM] [4716852] -452 (0.04)-> [5448126] -167 (0.04)-> [1686526] -167 (0.04)-> [5353887] -65 (0.07)-> [3903268] -468 (0.06)-> [4493215] -465 (0.11)-> [5278757]

[09/24/2018 00:32:27 AM]  
[09/24/2018 00:32:27 AM] SPO: [ 4716601 57 3739272], Score: 0.156157904109, Path (1):
[09/24/2018 00:32:27 AM] [4716601] -126 (0.16)-> [3739272]

[09/24/2018 00:32:27 AM]  
[09/24/2018 00:32:27 AM] SPO: [ 4716601 57 3739272], Score: 0.426386995397, Path (4):
[09/24/2018 00:32:27 AM] [4716601] -370 (0.04)-> [5413366] -370 (0.06)-> [1272758] -370 (0.09)-> [2560854] -465 (0.24)-> [3739272]

[09/24/2018 00:32:27 AM]  
[09/24/2018 00:32:27 AM] SPO: [ 4716601 57 3739272], Score: 0.217535401855, Path (4):
[09/24/2018 00:32:27 AM] [4716601] -370 (0.04)-> [5413366] -410 (0.04)-> [1834523] -480 (0.06)-> [3160630] -465 (0.08)-> [3739272]

[09/24/2018 00:32:27 AM]  
[09/24/2018 00:32:27 AM] SPO: [ 4716601 57 3739272], Score: 0.316567842711, Path (5):
[09/24/2018 00:32:27 AM] [4716601] -370 (0.04)-> [5413366] -410 (0.04)-> [1834523] -480 (0.06)-> [3160630] -468 (0.06)-> [1932748] -468 (0.12)-> [3739272]

[09/24/2018 00:32:27 AM]  
[09/24/2018 00:32:27 AM] SPO: [ 4716601 57 3739272], Score: 0.339061542302, Path (6):
[09/24/2018 00:32:27 AM] [4716601] -370 (0.04)-> [5413366] -410 (0.04)-> [1834523] -480 (0.06)-> [3160630] -468 (0.06)-> [1932748] -370 (0.06)-> [5287669] -370 (0.08)-> [3739272]

[09/24/2018 00:33:50 AM]  
[09/24/2018 00:33:50 AM] SPO: [ 775009 57 5519296], Score: 0.171210896687, Path (1):
[09/24/2018 00:33:50 AM] [775009] -126 (0.17)-> [5519296]

[09/24/2018 00:33:50 AM]  
[09/24/2018 00:33:50 AM] SPO: [ 775009 57 5519296], Score: 0.325315933957, Path (4):
[09/24/2018 00:33:50 AM] [775009] -167 (0.03)-> [810125] -512 (0.04)-> [2932522] -452 (0.06)-> [2365268] -126 (0.19)-> [5519296]

[09/24/2018 00:33:50 AM]  
[09/24/2018 00:33:50 AM] SPO: [ 775009 57 5519296], Score: 0.383474551273, Path (5):
[09/24/2018 00:33:50 AM] [775009] -452 (0.03)-> [5431408] -452 (0.04)-> [775309] -126 (0.07)-> [2566405] -370 (0.09)-> [5284506] -370 (0.15)-> [5519296]

[09/24/2018 00:33:50 AM]  
[09/24/2018 00:33:50 AM] SPO: [ 775009 57 5519296], Score: 0.354587130962, Path (5):
[09/24/2018 00:33:50 AM] [775009] -452 (0.03)-> [5431408] -452 (0.04)-> [775309] -126 (0.05)-> [2696166] -371 (0.07)-> [3311100] -371 (0.16)-> [5519296]

[09/24/2018 00:33:50 AM]  
[09/24/2018 00:33:50 AM] SPO: [ 775009 57 5519296], Score: 0.265082412788, Path (5):
[09/24/2018 00:33:50 AM] [775009] -452 (0.03)-> [5431408] -452 (0.04)-> [775309] -126 (0.05)-> [2696166] -370 (0.06)-> [5287669] -370 (0.08)-> [5519296]

[09/24/2018 00:34:57 AM]  
[09/24/2018 00:34:57 AM] SPO: [ 777339 57 3739272], Score: 0.156157904109, Path (1):
[09/24/2018 00:34:57 AM] [777339] -126 (0.16)-> [3739272]

[09/24/2018 00:34:57 AM]  
[09/24/2018 00:34:57 AM] SPO: [ 777339 57 3739272], Score: 0.401742501435, Path (3):
[09/24/2018 00:34:57 AM] [777339] -126 (0.08)-> [4365010] -126 (0.13)-> [4747897] -126 (0.19)-> [3739272]

[09/24/2018 00:34:57 AM]  
[09/24/2018 00:34:57 AM] SPO: [ 777339 57 3739272], Score: 0.249944937047, Path (3):
[09/24/2018 00:34:57 AM] [777339] -452 (0.05)-> [1443032] -452 (0.07)-> [778360] -126 (0.13)-> [3739272]

[09/24/2018 00:34:57 AM]  
[09/24/2018 00:34:57 AM] SPO: [ 777339 57 3739272], Score: 0.262727415861, Path (5):
[09/24/2018 00:34:57 AM] [777339] -452 (0.05)-> [1443032] -452 (0.07)-> [778360] -452 (0.03)-> [3228748] -452 (0.04)-> [4314236] -126 (0.07)-> [3739272]

[09/24/2018 00:34:57 AM]  
[09/24/2018 00:34:57 AM] SPO: [ 777339 57 3739272], Score: 0.330521510276, Path (4):
[09/24/2018 00:34:57 AM] [777339] -452 (0.05)-> [1443032] -65 (0.04)-> [1123729] -370 (0.06)-> [5287669] -370 (0.18)-> [3739272]

[09/24/2018 00:35:33 AM]  
[09/24/2018 00:35:33 AM] SPO: [ 780719 57 5278757], Score: 0.13926994343, Path (1):
[09/24/2018 00:35:33 AM] [780719] -126 (0.14)-> [5278757]

[09/24/2018 00:35:33 AM]  
[09/24/2018 00:35:33 AM] SPO: [ 780719 57 5278757], Score: 0.27287825385, Path (3):
[09/24/2018 00:35:33 AM] [780719] -167 (0.05)-> [2299952] -370 (0.06)-> [5284506] -370 (0.16)-> [5278757]

[09/24/2018 00:35:33 AM]  
[09/24/2018 00:35:33 AM] SPO: [ 780719 57 5278757], Score: 0.181738723192, Path (3):
[09/24/2018 00:35:33 AM] [780719] -167 (0.05)-> [2299952] -370 (0.05)-> [5287669] -370 (0.08)-> [5278757]

[09/24/2018 00:35:33 AM]  
[09/24/2018 00:35:33 AM] SPO: [ 780719 57 5278757], Score: 0.386499977032, Path (4):
[09/24/2018 00:35:33 AM] [780719] -661 (0.04)-> [779643] -126 (0.06)-> [4113796] -126 (0.1)-> [616319] -126 (0.19)-> [5278757]

[09/24/2018 00:35:33 AM]  
[09/24/2018 00:35:33 AM] SPO: [ 780719 57 5278757], Score: 0.322657581619, Path (4):
[09/24/2018 00:35:33 AM] [780719] -661 (0.04)-> [779643] -126 (0.04)-> [2513550] -370 (0.06)-> [5287669] -370 (0.18)-> [5278757]

[09/24/2018 00:35:56 AM]  
[09/24/2018 00:35:56 AM] SPO: [ 779283 57 5278757], Score: 0.13926994343, Path (1):
[09/24/2018 00:35:56 AM] [779283] -126 (0.14)-> [5278757]

[09/24/2018 00:37:13 AM]  
[09/24/2018 00:37:13 AM] SPO: [ 779283 57 2038704], Score: 0.174523978156, Path (1):
[09/24/2018 00:37:13 AM] [779283] -126 (0.17)-> [2038704]

[09/24/2018 00:37:13 AM]  
[09/24/2018 00:37:13 AM] SPO: [ 779283 57 2038704], Score: 0.280126127157, Path (3):
[09/24/2018 00:37:13 AM] [779283] -126 (0.06)-> [5278757] -126 (0.08)-> [777994] -126 (0.14)-> [2038704]

[09/24/2018 00:37:13 AM]  
[09/24/2018 00:37:13 AM] SPO: [ 779283 57 2038704], Score: 0.304981998965, Path (3):
[09/24/2018 00:37:13 AM] [779283] -126 (0.06)-> [5278757] -126 (0.09)-> [779683] -126 (0.16)-> [2038704]

[09/24/2018 00:37:13 AM]  
[09/24/2018 00:37:13 AM] SPO: [ 779283 57 2038704], Score: 0.380553377487, Path (5):
[09/24/2018 00:37:13 AM] [779283] -126 (0.06)-> [5278757] -126 (0.08)-> [777994] -452 (0.05)-> [2231310] -452 (0.07)-> [779683] -126 (0.12)-> [2038704]

[09/24/2018 00:37:13 AM]  
[09/24/2018 00:37:13 AM] SPO: [ 779283 57 2038704], Score: 0.348920752296, Path (5):
[09/24/2018 00:37:13 AM] [779283] -126 (0.06)-> [5278757] -126 (0.08)-> [777994] -452 (0.05)-> [2231310] -452 (0.06)-> [775109] -126 (0.09)-> [2038704]

[09/24/2018 00:37:53 AM]  
[09/24/2018 00:37:53 AM] SPO: [ 775109 57 5278757], Score: 0.13926994343, Path (1):
[09/24/2018 00:37:53 AM] [775109] -126 (0.14)-> [5278757]

[09/24/2018 00:37:53 AM]  
[09/24/2018 00:37:53 AM] SPO: [ 775109 57 5278757], Score: 0.374399322793, Path (4):
[09/24/2018 00:37:53 AM] [775109] -167 (0.04)-> [4354902] -403 (0.05)-> [257875] -370 (0.11)-> [5287669] -370 (0.18)-> [5278757]

[09/24/2018 00:37:53 AM]  
[09/24/2018 00:37:53 AM] SPO: [ 775109 57 5278757], Score: 0.143268134714, Path (3):
[09/24/2018 00:37:53 AM] [775109] -167 (0.04)-> [4354902] -512 (0.04)-> [3781413] -512 (0.06)-> [5278757]

[09/24/2018 00:37:53 AM]  
[09/24/2018 00:37:53 AM] SPO: [ 775109 57 5278757], Score: 0.306519665789, Path (4):
[09/24/2018 00:37:53 AM] [775109] -452 (0.04)-> [3480909] -512 (0.05)-> [696934] -370 (0.09)-> [5284506] -370 (0.13)-> [5278757]

[09/24/2018 00:37:54 AM]  
[09/24/2018 00:37:54 AM] SPO: [ 775109 57 5278757], Score: 0.220942970862, Path (4):
[09/24/2018 00:37:54 AM] [775109] -452 (0.04)-> [3480909] -512 (0.05)-> [696934] -370 (0.05)-> [5287669] -370 (0.08)-> [5278757]

[09/24/2018 00:38:46 AM]  
[09/24/2018 00:38:46 AM] SPO: [ 4632548 57 5278757], Score: 0.13926994343, Path (1):
[09/24/2018 00:38:46 AM] [4632548] -126 (0.14)-> [5278757]

[09/24/2018 00:38:46 AM]  
[09/24/2018 00:38:46 AM] SPO: [ 4632548 57 5278757], Score: 0.193299499091, Path (3):
[09/24/2018 00:38:46 AM] [4632548] -452 (0.04)-> [4098360] -452 (0.06)-> [5105949] -126 (0.1)-> [5278757]

[09/24/2018 00:38:46 AM]  
[09/24/2018 00:38:46 AM] SPO: [ 4632548 57 5278757], Score: 0.198385667823, Path (3):
[09/24/2018 00:38:46 AM] [4632548] -452 (0.04)-> [4098360] -452 (0.06)-> [616319] -126 (0.1)-> [5278757]

[09/24/2018 00:38:46 AM]  
[09/24/2018 00:38:46 AM] SPO: [ 4632548 57 5278757], Score: 0.297959419132, Path (4):
[09/24/2018 00:38:46 AM] [4632548] -452 (0.03)-> [4194331] -511 (0.04)-> [4408240] -370 (0.08)-> [5287669] -370 (0.14)-> [5278757]

[09/24/2018 00:38:46 AM]  
[09/24/2018 00:38:46 AM] SPO: [ 4632548 57 5278757], Score: 0.246090970222, Path (5):
[09/24/2018 00:38:46 AM] [4632548] -452 (0.03)-> [4194331] -511 (0.04)-> [4408240] -410 (0.04)-> [749553] -410 (0.06)-> [280063] -468 (0.08)-> [5278757]

[09/24/2018 00:40:32 AM]  
[09/24/2018 00:40:32 AM] SPO: [ 780424 57 503366], Score: 0.162519500414, Path (1):
[09/24/2018 00:40:32 AM] [780424] -126 (0.16)-> [503366]

[09/24/2018 00:40:32 AM]  
[09/24/2018 00:40:32 AM] SPO: [ 780424 57 503366], Score: 0.432359712319, Path (3):
[09/24/2018 00:40:32 AM] [780424] -126 (0.05)-> [2557798] -370 (0.08)-> [5284506] -370 (0.3)-> [503366]

[09/24/2018 00:40:32 AM]  
[09/24/2018 00:40:32 AM] SPO: [ 780424 57 503366], Score: 0.417397911496, Path (5):
[09/24/2018 00:40:32 AM] [780424] -452 (0.04)-> [5378621] -246 (0.05)-> [641291] -372 (0.06)-> [2294575] -126 (0.09)-> [778714] -126 (0.17)-> [503366]

[09/24/2018 00:40:32 AM]  
[09/24/2018 00:40:32 AM] SPO: [ 780424 57 503366], Score: 0.300071303247, Path (5):
[09/24/2018 00:40:32 AM] [780424] -452 (0.04)-> [5378621] -167 (0.03)-> [2736503] -465 (0.04)-> [5509893] -371 (0.07)-> [3311100] -371 (0.12)-> [503366]

[09/24/2018 00:40:32 AM]  
[09/24/2018 00:40:32 AM] SPO: [ 780424 57 503366], Score: 0.255062294339, Path (5):
[09/24/2018 00:40:32 AM] [780424] -452 (0.04)-> [5378621] -167 (0.03)-> [2736503] -465 (0.04)-> [5509893] -370 (0.06)-> [5287669] -370 (0.08)-> [503366]

[09/24/2018 00:41:44 AM]  
[09/24/2018 00:41:44 AM] SPO: [ 777573 57 1418078], Score: 0.19402745306, Path (1):
[09/24/2018 00:41:44 AM] [777573] -126 (0.19)-> [1418078]

[09/24/2018 00:41:44 AM]  
[09/24/2018 00:41:44 AM] SPO: [ 777573 57 1418078], Score: 0.389403494811, Path (3):
[09/24/2018 00:41:44 AM] [777573] -126 (0.05)-> [1932198] -370 (0.07)-> [5288798] -370 (0.27)-> [1418078]

[09/24/2018 00:41:44 AM]  
[09/24/2018 00:41:44 AM] SPO: [ 777573 57 1418078], Score: 0.376558256732, Path (3):
[09/24/2018 00:41:44 AM] [777573] -126 (0.05)-> [4360952] -370 (0.07)-> [5288798] -370 (0.25)-> [1418078]

[09/24/2018 00:41:44 AM]  
[09/24/2018 00:41:44 AM] SPO: [ 777573 57 1418078], Score: 0.259058121469, Path (5):
[09/24/2018 00:41:44 AM] [777573] -126 (0.05)-> [4360952] -512 (0.04)-> [5377412] -512 (0.04)-> [3392330] -370 (0.06)-> [5285029] -370 (0.07)-> [1418078]

[09/24/2018 00:41:44 AM]  
[09/24/2018 00:41:44 AM] SPO: [ 777573 57 1418078], Score: 0.35054701294, Path (6):
[09/24/2018 00:41:44 AM] [777573] -126 (0.05)-> [4360952] -512 (0.04)-> [5377412] -512 (0.04)-> [3392330] -65 (0.05)-> [4176979] -167 (0.07)-> [448217] -505 (0.1)-> [1418078]

[09/24/2018 00:42:38 AM]  
[09/24/2018 00:42:38 AM] SPO: [ 776500 57 5521714], Score: 0.161798867143, Path (1):
[09/24/2018 00:42:38 AM] [776500] -126 (0.16)-> [5521714]

[09/24/2018 00:42:38 AM]  
[09/24/2018 00:42:38 AM] SPO: [ 776500 57 5521714], Score: 0.342997533572, Path (3):
[09/24/2018 00:42:38 AM] [776500] -126 (0.07)-> [2692985] -126 (0.1)-> [779831] -126 (0.17)-> [5521714]

[09/24/2018 00:42:38 AM]  
[09/24/2018 00:42:38 AM] SPO: [ 776500 57 5521714], Score: 0.342168985285, Path (3):
[09/24/2018 00:42:38 AM] [776500] -126 (0.07)-> [3904250] -126 (0.1)-> [775612] -126 (0.18)-> [5521714]

[09/24/2018 00:42:38 AM]  
[09/24/2018 00:42:38 AM] SPO: [ 776500 57 5521714], Score: 0.352107111758, Path (3):
[09/24/2018 00:42:38 AM] [776500] -126 (0.07)-> [2692985] -126 (0.1)-> [775612] -126 (0.19)-> [5521714]

[09/24/2018 00:42:38 AM]  
[09/24/2018 00:42:38 AM] SPO: [ 776500 57 5521714], Score: 0.35321600388, Path (3):
[09/24/2018 00:42:38 AM] [776500] -126 (0.07)-> [3904250] -54 (0.09)-> [5017841] -54 (0.2)-> [5521714]

[09/24/2018 00:44:19 AM]  
[09/24/2018 00:44:19 AM] SPO: [ 774903 57 2813030], Score: 0.173372930231, Path (1):
[09/24/2018 00:44:19 AM] [774903] -126 (0.17)-> [2813030]

[09/24/2018 00:44:19 AM]  
[09/24/2018 00:44:19 AM] SPO: [ 774903 57 2813030], Score: 0.232017648871, Path (3):
[09/24/2018 00:44:19 AM] [774903] -452 (0.05)-> [1946919] -452 (0.07)-> [4632528] -126 (0.11)-> [2813030]

[09/24/2018 00:44:19 AM]  
[09/24/2018 00:44:19 AM] SPO: [ 774903 57 2813030], Score: 0.246516183674, Path (3):
[09/24/2018 00:44:19 AM] [774903] -452 (0.05)-> [4690635] -452 (0.07)-> [775683] -126 (0.13)-> [2813030]

[09/24/2018 00:44:19 AM]  
[09/24/2018 00:44:19 AM] SPO: [ 774903 57 2813030], Score: 0.338950713664, Path (4):
[09/24/2018 00:44:19 AM] [774903] -452 (0.05)-> [4690635] -301 (0.06)-> [4881392] -452 (0.09)-> [779356] -126 (0.13)-> [2813030]

[09/24/2018 00:44:19 AM]  
[09/24/2018 00:44:19 AM] SPO: [ 774903 57 2813030], Score: 0.308316294586, Path (6):
[09/24/2018 00:44:19 AM] [774903] -452 (0.05)-> [4690635] -301 (0.06)-> [4881392] -259 (0.03)-> [3473306] -259 (0.04)-> [3269045] -452 (0.04)-> [777234] -126 (0.08)-> [2813030]

[09/24/2018 00:45:20 AM]  
[09/24/2018 00:45:20 AM] SPO: [ 780066 57 4565146], Score: 0.230951324105, Path (1):
[09/24/2018 00:45:20 AM] [780066] -126 (0.23)-> [4565146]

[09/24/2018 00:45:20 AM]  
[09/24/2018 00:45:20 AM] SPO: [ 780066 57 4565146], Score: 0.307786035076, Path (4):
[09/24/2018 00:45:20 AM] [780066] -452 (0.04)-> [5476540] -184 (0.04)-> [2531018] -452 (0.05)-> [777119] -126 (0.18)-> [4565146]

[09/24/2018 00:45:20 AM]  
[09/24/2018 00:45:20 AM] SPO: [ 780066 57 4565146], Score: 0.187200124354, Path (4):
[09/24/2018 00:45:20 AM] [780066] -452 (0.03)-> [3603814] -65 (0.04)-> [3932536] -167 (0.05)-> [2933585] -512 (0.07)-> [4565146]

[09/24/2018 00:45:20 AM]  
[09/24/2018 00:45:20 AM] SPO: [ 780066 57 4565146], Score: 0.259729969292, Path (6):
[09/24/2018 00:45:20 AM] [780066] -452 (0.03)-> [3603814] -65 (0.04)-> [3932536] -65 (0.04)-> [5000813] -65 (0.04)-> [2731868] -126 (0.05)-> [780083] -126 (0.07)-> [4565146]

[09/24/2018 00:45:20 AM]  
[09/24/2018 00:45:20 AM] SPO: [ 780066 57 4565146], Score: 0.381195011032, Path (4):
[09/24/2018 00:45:20 AM] [780066] -452 (0.03)-> [3603814] -512 (0.06)-> [2721846] -370 (0.07)-> [5284506] -370 (0.22)-> [4565146]

[09/24/2018 00:46:28 AM]  
[09/24/2018 00:46:28 AM] SPO: [ 775798 57 2731549], Score: 0.178303384144, Path (1):
[09/24/2018 00:46:28 AM] [775798] -126 (0.18)-> [2731549]

[09/24/2018 00:46:28 AM]  
[09/24/2018 00:46:28 AM] SPO: [ 775798 57 2731549], Score: 0.289858535264, Path (4):
[09/24/2018 00:46:28 AM] [775798] -452 (0.04)-> [5525096] -65 (0.04)-> [2036131] -370 (0.08)-> [5287669] -370 (0.13)-> [2731549]

[09/24/2018 00:46:28 AM]  
[09/24/2018 00:46:28 AM] SPO: [ 775798 57 2731549], Score: 0.203908760075, Path (4):
[09/24/2018 00:46:28 AM] [775798] -452 (0.04)-> [5525096] -65 (0.04)-> [2036131] -54 (0.05)-> [3481455] -54 (0.07)-> [2731549]

[09/24/2018 00:46:28 AM]  
[09/24/2018 00:46:28 AM] SPO: [ 775798 57 2731549], Score: 0.238765150202, Path (4):
[09/24/2018 00:46:28 AM] [775798] -452 (0.03)-> [1932068] -512 (0.04)-> [2564654] -370 (0.07)-> [5284506] -370 (0.09)-> [2731549]

[09/24/2018 00:46:28 AM]  
[09/24/2018 00:46:28 AM] SPO: [ 775798 57 2731549], Score: 0.320329024964, Path (4):
[09/24/2018 00:46:28 AM] [775798] -452 (0.03)-> [1932068] -167 (0.05)-> [5413454] -370 (0.06)-> [5287669] -370 (0.18)-> [2731549]

[09/24/2018 00:47:47 AM]  
[09/24/2018 00:47:47 AM] SPO: [ 777870 57 2034847], Score: 0.186008884833, Path (1):
[09/24/2018 00:47:47 AM] [777870] -126 (0.19)-> [2034847]

[09/24/2018 00:47:47 AM]  
[09/24/2018 00:47:47 AM] SPO: [ 777870 57 2034847], Score: 0.408238502253, Path (6):
[09/24/2018 00:47:47 AM] [777870] -452 (0.04)-> [1438057] -512 (0.04)-> [2679574] -126 (0.06)-> [774246] -126 (0.07)-> [1848512] -126 (0.08)-> [777532] -126 (0.12)-> [2034847]

[09/24/2018 00:47:47 AM]  
[09/24/2018 00:47:47 AM] SPO: [ 777870 57 2034847], Score: 0.111905579026, Path (3):
[09/24/2018 00:47:47 AM] [777870] -452 (0.03)-> [5287545] -140 (0.04)-> [5559727] -403 (0.04)-> [2034847]

[09/24/2018 00:47:47 AM]  
[09/24/2018 00:47:47 AM] SPO: [ 777870 57 2034847], Score: 0.279345780239, Path (3):
[09/24/2018 00:47:47 AM] [777870] -452 (0.03)-> [5287545] -140 (0.09)-> [641322] -403 (0.16)-> [2034847]

[09/24/2018 00:47:47 AM]  
[09/24/2018 00:47:47 AM] SPO: [ 777870 57 2034847], Score: 0.318454184534, Path (4):
[09/24/2018 00:47:47 AM] [777870] -452 (0.04)-> [1438057] -65 (0.05)-> [2777499] -370 (0.06)-> [5287669] -370 (0.18)-> [2034847]

[09/24/2018 00:50:19 AM]  
[09/24/2018 00:50:19 AM] SPO: [ 4632511 57 462815], Score: 0.198950571065, Path (1):
[09/24/2018 00:50:19 AM] [4632511] -126 (0.2)-> [462815]

[09/24/2018 00:50:19 AM]  
[09/24/2018 00:50:19 AM] SPO: [ 4632511 57 462815], Score: 0.618552496036, Path (3):
[09/24/2018 00:50:19 AM] [4632511] -126 (0.09)-> [5513345] -126 (0.15)-> [5529581] -126 (0.37)-> [462815]

[09/24/2018 00:50:19 AM]  
[09/24/2018 00:50:19 AM] SPO: [ 4632511 57 462815], Score: 0.207664480713, Path (5):
[09/24/2018 00:50:19 AM] [4632511] -126 (0.09)-> [5513345] -660 (0.02)-> [502] -660 (0.03)-> [1142417] -512 (0.03)-> [2163495] -512 (0.03)-> [462815]

[09/24/2018 00:50:19 AM]  
[09/24/2018 00:50:19 AM] SPO: [ 4632511 57 462815], Score: 0.435532971663, Path (7):
[09/24/2018 00:50:19 AM] [4632511] -126 (0.09)-> [5513345] -660 (0.02)-> [502] -660 (0.03)-> [1142417] -410 (0.04)-> [3138443] -410 (0.05)-> [3831882] -512 (0.07)-> [2163495] -512 (0.12)-> [462815]

[09/24/2018 00:50:19 AM]  
[09/24/2018 00:50:19 AM] SPO: [ 4632511 57 462815], Score: 0.426649283961, Path (8):
[09/24/2018 00:50:19 AM] [4632511] -126 (0.09)-> [5513345] -660 (0.02)-> [502] -660 (0.03)-> [1142417] -410 (0.04)-> [3138443] -410 (0.05)-> [3831882] -512 (0.04)-> [3778253] -339 (0.05)-> [2163495] -512 (0.09)-> [462815]

[09/24/2018 00:51:35 AM]  
[09/24/2018 00:51:35 AM] SPO: [ 774373 57 5521714], Score: 0.161798867143, Path (1):
[09/24/2018 00:51:35 AM] [774373] -126 (0.16)-> [5521714]

[09/24/2018 00:51:35 AM]  
[09/24/2018 00:51:35 AM] SPO: [ 774373 57 5521714], Score: 0.35243324954, Path (3):
[09/24/2018 00:51:35 AM] [774373] -126 (0.07)-> [2771628] -126 (0.12)-> [4747892] -126 (0.16)-> [5521714]

[09/24/2018 00:51:35 AM]  
[09/24/2018 00:51:35 AM] SPO: [ 774373 57 5521714], Score: 0.396040794093, Path (3):
[09/24/2018 00:51:35 AM] [774373] -126 (0.07)-> [2771628] -126 (0.1)-> [773763] -126 (0.22)-> [5521714]

[09/24/2018 00:51:35 AM]  
[09/24/2018 00:51:35 AM] SPO: [ 774373 57 5521714], Score: 0.46567357904, Path (5):
[09/24/2018 00:51:35 AM] [774373] -126 (0.07)-> [2771628] -126 (0.12)-> [4747892] -452 (0.06)-> [1245067] -452 (0.09)-> [777988] -126 (0.13)-> [5521714]

[09/24/2018 00:51:35 AM]  
[09/24/2018 00:51:35 AM] SPO: [ 774373 57 5521714], Score: 0.493090934602, Path (5):
[09/24/2018 00:51:35 AM] [774373] -126 (0.07)-> [2771628] -126 (0.12)-> [4747892] -452 (0.06)-> [1245067] -452 (0.09)-> [777370] -126 (0.16)-> [5521714]

[09/24/2018 00:53:27 AM]  
[09/24/2018 00:53:27 AM] SPO: [ 775770 57 2726113], Score: 0.245446751848, Path (1):
[09/24/2018 00:53:27 AM] [775770] -126 (0.25)-> [2726113]

[09/24/2018 00:53:27 AM]  
[09/24/2018 00:53:27 AM] SPO: [ 775770 57 2726113], Score: 0.404722828132, Path (5):
[09/24/2018 00:53:27 AM] [775770] -126 (0.04)-> [2695278] -126 (0.04)-> [776172] -126 (0.07)-> [542922] -370 (0.09)-> [5284506] -370 (0.17)-> [2726113]

[09/24/2018 00:53:27 AM]  
[09/24/2018 00:53:27 AM] SPO: [ 775770 57 2726113], Score: 0.289138468185, Path (5):
[09/24/2018 00:53:27 AM] [775770] -126 (0.04)-> [2695278] -126 (0.04)-> [776172] -126 (0.07)-> [542922] -370 (0.07)-> [5287669] -370 (0.08)-> [2726113]

[09/24/2018 00:53:27 AM]  
[09/24/2018 00:53:27 AM] SPO: [ 775770 57 2726113], Score: 0.381127547496, Path (5):
[09/24/2018 00:53:27 AM] [775770] -126 (0.04)-> [2695278] -126 (0.04)-> [776172] -126 (0.05)-> [2131787] -370 (0.07)-> [5284506] -370 (0.18)-> [2726113]

[09/24/2018 00:53:27 AM]  
[09/24/2018 00:53:27 AM] SPO: [ 775770 57 2726113], Score: 0.278159021956, Path (5):
[09/24/2018 00:53:27 AM] [775770] -126 (0.04)-> [2695278] -126 (0.04)-> [776172] -126 (0.05)-> [2131787] -370 (0.07)-> [5287669] -370 (0.08)-> [2726113]

[09/24/2018 00:54:27 AM]  
[09/24/2018 00:54:27 AM] SPO: [ 775688 57 4113796], Score: 0.17572655538, Path (1):
[09/24/2018 00:54:27 AM] [775688] -126 (0.18)-> [4113796]

[09/24/2018 00:54:27 AM]  
[09/24/2018 00:54:27 AM] SPO: [ 775688 57 4113796], Score: 0.406538759633, Path (3):
[09/24/2018 00:54:27 AM] [775688] -126 (0.08)-> [2040770] -126 (0.12)-> [775387] -126 (0.21)-> [4113796]

[09/24/2018 00:54:27 AM]  
[09/24/2018 00:54:27 AM] SPO: [ 775688 57 4113796], Score: 0.383525803905, Path (4):
[09/24/2018 00:54:27 AM] [775688] -452 (0.05)-> [1876283] -301 (0.06)-> [1517849] -452 (0.08)-> [775387] -126 (0.2)-> [4113796]

[09/24/2018 00:54:27 AM]  
[09/24/2018 00:54:27 AM] SPO: [ 775688 57 4113796], Score: 0.416925261021, Path (5):
[09/24/2018 00:54:27 AM] [775688] -452 (0.05)-> [1876283] -339 (0.04)-> [1876293] -339 (0.06)-> [1517849] -452 (0.08)-> [775387] -126 (0.19)-> [4113796]

[09/24/2018 00:54:27 AM]  
[09/24/2018 00:54:27 AM] SPO: [ 775688 57 4113796], Score: 0.257251832683, Path (7):
[09/24/2018 00:54:27 AM] [775688] -452 (0.05)-> [1876283] -339 (0.04)-> [1876293] -660 (0.02)-> [321] -660 (0.03)-> [3892828] -339 (0.03)-> [909495] -452 (0.04)-> [774508] -126 (0.04)-> [4113796]

[09/24/2018 00:55:08 AM]  
[09/24/2018 00:55:08 AM] SPO: [ 5105949 57 5278757], Score: 0.139269948006, Path (1):
[09/24/2018 00:55:08 AM] [5105949] -126 (0.14)-> [5278757]

[09/24/2018 00:55:08 AM]  
[09/24/2018 00:55:08 AM] SPO: [ 5105949 57 5278757], Score: 0.352434946789, Path (3):
[09/24/2018 00:55:08 AM] [5105949] -126 (0.06)-> [1645555] -126 (0.09)-> [616319] -126 (0.21)-> [5278757]

[09/24/2018 00:55:08 AM]  
[09/24/2018 00:55:08 AM] SPO: [ 5105949 57 5278757], Score: 0.208229487261, Path (3):
[09/24/2018 00:55:08 AM] [5105949] -126 (0.06)-> [1645555] -370 (0.06)-> [5284506] -370 (0.09)-> [5278757]

[09/24/2018 00:55:08 AM]  
[09/24/2018 00:55:08 AM] SPO: [ 5105949 57 5278757], Score: 0.311765447069, Path (3):
[09/24/2018 00:55:08 AM] [5105949] -126 (0.04)-> [279658] -370 (0.06)-> [5287669] -370 (0.2)-> [5278757]

[09/24/2018 00:55:08 AM]  
[09/24/2018 00:55:08 AM] SPO: [ 5105949 57 5278757], Score: 0.408131765231, Path (4):
[09/24/2018 00:55:08 AM] [5105949] -126 (0.04)-> [279658] -370 (0.06)-> [5287669] -370 (0.08)-> [2298168] -465 (0.22)-> [5278757]

[09/24/2018 00:57:09 AM]  
[09/24/2018 00:57:09 AM] SPO: [ 775724 57 1641535], Score: 0.189759275787, Path (1):
[09/24/2018 00:57:09 AM] [775724] -126 (0.19)-> [1641535]

[09/24/2018 00:57:09 AM]  
[09/24/2018 00:57:09 AM] SPO: [ 775724 57 1641535], Score: 0.243516235982, Path (3):
[09/24/2018 00:57:09 AM] [775724] -452 (0.05)-> [740455] -452 (0.07)-> [779272] -126 (0.12)-> [1641535]

[09/24/2018 00:57:09 AM]  
[09/24/2018 00:57:09 AM] SPO: [ 775724 57 1641535], Score: 0.157871986, Path (3):
[09/24/2018 00:57:09 AM] [775724] -452 (0.04)-> [395170] -452 (0.05)-> [779272] -126 (0.07)-> [1641535]

[09/24/2018 00:57:09 AM]  
[09/24/2018 00:57:09 AM] SPO: [ 775724 57 1641535], Score: 0.190556839749, Path (4):
[09/24/2018 00:57:09 AM] [775724] -452 (0.05)-> [740455] -582 (0.04)-> [395170] -452 (0.04)-> [779272] -126 (0.06)-> [1641535]

[09/24/2018 00:57:09 AM]  
[09/24/2018 00:57:09 AM] SPO: [ 775724 57 1641535], Score: 0.532670568153, Path (5):
[09/24/2018 00:57:09 AM] [775724] -452 (0.04)-> [395170] -452 (0.06)-> [775312] -126 (0.08)-> [314484] -512 (0.14)-> [1318893] -512 (0.22)-> [1641535]

[09/24/2018 00:58:04 AM]  
[09/24/2018 00:58:04 AM] SPO: [ 774009 57 5278757], Score: 0.13926994343, Path (1):
[09/24/2018 00:58:04 AM] [774009] -126 (0.14)-> [5278757]

[09/24/2018 00:58:04 AM]  
[09/24/2018 00:58:04 AM] SPO: [ 774009 57 5278757], Score: 0.359028246306, Path (4):
[09/24/2018 00:58:04 AM] [774009] -452 (0.03)-> [616322] -253 (0.05)-> [3743551] -253 (0.06)-> [2142607] -512 (0.22)-> [5278757]

[09/24/2018 00:58:04 AM]  
[09/24/2018 00:58:04 AM] SPO: [ 774009 57 5278757], Score: 0.363980207546, Path (6):
[09/24/2018 00:58:04 AM] [774009] -452 (0.03)-> [616322] -339 (0.03)-> [616320] -452 (0.04)-> [774010] -126 (0.06)-> [2027244] -370 (0.08)-> [5284506] -370 (0.12)-> [5278757]

[09/24/2018 00:58:04 AM]  
[09/24/2018 00:58:04 AM] SPO: [ 774009 57 5278757], Score: 0.435818701701, Path (5):
[09/24/2018 00:58:04 AM] [774009] -452 (0.03)-> [616322] -253 (0.05)-> [3743551] -253 (0.05)-> [545634] -512 (0.09)-> [545616] -465 (0.21)-> [5278757]

[09/24/2018 00:58:04 AM]  
[09/24/2018 00:58:04 AM] SPO: [ 774009 57 5278757], Score: 0.355369265615, Path (6):
[09/24/2018 00:58:04 AM] [774009] -452 (0.03)-> [616322] -253 (0.05)-> [3743551] -253 (0.05)-> [545634] -395 (0.04)-> [2151449] -512 (0.06)-> [545616] -465 (0.11)-> [5278757]

[09/24/2018 02:31:05 AM] Filename: /home/galois/Documents/streamminer/streamminer2.py


[09/24/2018 02:31:05 AM] Line #    Mem usage    Increment   Line Contents

[09/24/2018 02:31:05 AM] ================================================

[09/24/2018 02:31:05 AM]    234   2024.2 MiB   2024.2 MiB   @profile

[09/24/2018 02:31:05 AM]    235                             def extract_paths_sm(Gv, Gr, triples, y, features=None):

[09/24/2018 02:31:05 AM]    236   2024.2 MiB      0.0 MiB       return_features = False

[09/24/2018 02:31:05 AM]    237   2024.2 MiB      0.0 MiB       if features is None:

[09/24/2018 02:31:05 AM]    238   2024.2 MiB      0.0 MiB           return_features = True

[09/24/2018 02:31:05 AM]    239   2024.2 MiB      0.0 MiB           features, pos_features, neg_features = set(), set(), set()

[09/24/2018 02:31:05 AM]    240   2024.2 MiB      0.0 MiB       measurements = []

[09/24/2018 02:31:05 AM]    241                             

[09/24/2018 02:31:05 AM]    242  14376.3 MiB -25572.6 MiB       for idx, triple in enumerate(tqdm(triples)):

[09/24/2018 02:31:05 AM]    243  14376.3 MiB -25523.5 MiB           sid, pid, oid = triple['sid'], triple['pid'], triple['oid']

[09/24/2018 02:31:05 AM]    244  14376.3 MiB -25522.2 MiB           label = y[idx]

[09/24/2018 02:31:05 AM]    245  14376.3 MiB -25522.4 MiB           triple_feature = dict()

[09/24/2018 02:31:05 AM]    246  14375.3 MiB -13254.2 MiB           discovered_paths = yenKSP(Gv, Gr, sid, pid, oid, K = 5)

[09/24/2018 02:31:05 AM]    247  14375.3 MiB -25888.2 MiB           for path in discovered_paths:

[09/24/2018 02:31:05 AM]    248  14373.5 MiB   -939.4 MiB               log.info("{}\n".format(path))

[09/24/2018 02:31:05 AM]    249  14373.5 MiB   -884.9 MiB               ff = tuple(path.relational_path)

[09/24/2018 02:31:05 AM]    250  14373.5 MiB   -884.6 MiB               if ff not in features:

[09/24/2018 02:31:05 AM]    251  14369.4 MiB   -210.9 MiB                   features.add(ff)

[09/24/2018 02:31:05 AM]    252  14369.4 MiB   -178.5 MiB                   if label == 1:

[09/24/2018 02:31:05 AM]    253  14369.4 MiB   -178.5 MiB                       pos_features.add(ff)

[09/24/2018 02:31:05 AM]    254                                             elif label == 0:

[09/24/2018 02:31:05 AM]    255                                                 neg_features.add(ff)

[09/24/2018 02:31:05 AM]    256                                             else:

[09/24/2018 02:31:05 AM]    257                                                 raise Exception("Unknown class label: {}".format(label))

[09/24/2018 02:31:05 AM]    258  14373.5 MiB   -852.0 MiB               triple_feature[ff] = triple_feature.get(ff, 0) + 1

[09/24/2018 02:31:05 AM]    259  14375.3 MiB -25004.0 MiB           measurements.append(triple_feature)

[09/24/2018 02:31:05 AM]    260  14376.3 MiB -24976.5 MiB           gc.collect()

[09/24/2018 02:31:05 AM]    261  14327.1 MiB    -49.2 MiB       if return_features:

[09/24/2018 02:31:05 AM]    262  14327.1 MiB      0.0 MiB           return features, pos_features, neg_features, measurements

[09/24/2018 02:31:05 AM]    263                                 return measurements

[09/24/2018 02:31:05 AM] 


[09/24/2018 02:31:05 AM] P: +:82, -:0, unique tot:82
[09/24/2018 02:31:05 AM] Time taken: 8784.08s


[09/24/2018 02:31:05 AM] => Path selection..
[09/24/2018 02:31:05 AM] D: +:82, -:0, tot:82
[09/24/2018 02:31:05 AM] Time taken: 0.39s

[09/24/2018 02:31:05 AM] => Model building..
[09/24/2018 02:31:07 AM] #Features: 82, best-AUROC: 0.67044
[09/24/2018 02:31:07 AM] Time taken: 2.04s

[09/24/2018 02:31:07 AM] Filename: /home/galois/Documents/streamminer/streamminer2.py


[09/24/2018 02:31:07 AM] Line #    Mem usage    Increment   Line Contents

[09/24/2018 02:31:07 AM] ================================================

[09/24/2018 02:31:07 AM]     81    935.4 MiB    935.4 MiB   @profile

[09/24/2018 02:31:07 AM]     82                             def train_model_sm(G, triples, relsim, use_interpretable_features=False, cv=10):

[09/24/2018 02:31:07 AM]     83                                 """

[09/24/2018 02:31:07 AM]     84                                 Entry point for building a fact-checking classifier.

[09/24/2018 02:31:07 AM]     85                                 Performs three steps:

[09/24/2018 02:31:07 AM]     86                                 1. Path extraction (features)

[09/24/2018 02:31:07 AM]     87                                 2a. Path selection using information gain

[09/24/2018 02:31:07 AM]     88                                 2b. Filtering most informative discriminative predicate paths

[09/24/2018 02:31:07 AM]     89                                 3. Building logistic regression model

[09/24/2018 02:31:07 AM]     90                             

[09/24/2018 02:31:07 AM]     91                                 Parameters:

[09/24/2018 02:31:07 AM]     92                                 -----------

[09/24/2018 02:31:07 AM]     93                                 G: rgraph

[09/24/2018 02:31:07 AM]     94                                     Knowledge graph.

[09/24/2018 02:31:07 AM]     95                                 triples: dataframe

[09/24/2018 02:31:07 AM]     96                                     A data frame consisting of at least four columns, including

[09/24/2018 02:31:07 AM]     97                                     sid, pid, oid, class.

[09/24/2018 02:31:07 AM]     98                                 use_interpretable_features: bool

[09/24/2018 02:31:07 AM]     99                                     Whether or not to perform 2b.

[09/24/2018 02:31:07 AM]    100                                 cv: int

[09/24/2018 02:31:07 AM]    101                                     Number of cross-validation folds.

[09/24/2018 02:31:07 AM]    102                             

[09/24/2018 02:31:07 AM]    103                                 Returns:

[09/24/2018 02:31:07 AM]    104                                 --------

[09/24/2018 02:31:07 AM]    105                                 vec: DictVectorizer

[09/24/2018 02:31:07 AM]    106                                     Useful for preprocessing future triples.

[09/24/2018 02:31:07 AM]    107                                 model: dict

[09/24/2018 02:31:07 AM]    108                                     A dictionary containing 'clf' as the built model,

[09/24/2018 02:31:07 AM]    109                                     and two other key-value pairs, including best parameter

[09/24/2018 02:31:07 AM]    110                                     and best AUROC score.

[09/24/2018 02:31:07 AM]    111                                 """

[09/24/2018 02:31:07 AM]    112    935.5 MiB      0.1 MiB       y = triples['class'] # ground truth

[09/24/2018 02:31:07 AM]    113    935.7 MiB      0.2 MiB       triples = triples[['sid', 'pid', 'oid']].to_dict(orient='records')

[09/24/2018 02:31:07 AM]    114                             

[09/24/2018 02:31:07 AM]    115    935.7 MiB      0.0 MiB       pid = triples[0]['pid']

[09/24/2018 02:31:07 AM]    116    935.7 MiB      0.0 MiB       log.info('PID is: {}, with type: {}'.format(pid, pid.dtype))

[09/24/2018 02:31:07 AM]    117                             

[09/24/2018 02:31:07 AM]    118    935.7 MiB      0.0 MiB       if np.DataSource().exists(join(HOME, "sm", "G_fil_val_{}.npz".format(int(pid)) ))\

[09/24/2018 02:31:07 AM]    119    935.7 MiB      0.0 MiB          and np.DataSource().exists(join(HOME, "sm", "G_fil_rel_{}.npz".format(int(pid)) )):

[09/24/2018 02:31:07 AM]    120   1480.7 MiB    544.9 MiB           Gr = load_npz(join(HOME, 'sm', 'G_fil_rel_{}.npz'.format(int(pid)) ))

[09/24/2018 02:31:07 AM]    121   2024.0 MiB    543.3 MiB           Gv = load_npz(join(HOME, 'sm', 'G_fil_val_{}.npz'.format(int(pid)) ))

[09/24/2018 02:31:07 AM]    122                                 else:

[09/24/2018 02:31:07 AM]    123                                     # set weights

[09/24/2018 02:31:07 AM]    124                                     indegsim = weighted_degree(G.indeg_vec, weight=WTFN).reshape((1, G.N))

[09/24/2018 02:31:07 AM]    125                                     indegsim = indegsim.ravel()

[09/24/2018 02:31:07 AM]    126                                     targets = G.csr.indices % G.N

[09/24/2018 02:31:07 AM]    127                                     relations = (G.csr.indices - targets) / G.N

[09/24/2018 02:31:07 AM]    128                                     relsimvec = np.array(relsim[int(pid), :]) # specific to predicate p

[09/24/2018 02:31:07 AM]    129                                     relsim_wt = relsimvec[relations] # with the size of relations as the number of relations

[09/24/2018 02:31:07 AM]    130                                     ######################################################

[09/24/2018 02:31:07 AM]    131                                     specificity_wt = indegsim[targets] # specificity

[09/24/2018 02:31:07 AM]    132                             

[09/24/2018 02:31:07 AM]    133                                     ## Removing all the edges with the predicte p in between any nodes.

[09/24/2018 02:31:07 AM]    134                                     log.info('=> Removing predicate {} from KG.\n\n'.format(pid))

[09/24/2018 02:31:07 AM]    135                                     eraseedges_mask = ((G.csr.indices - (G.csr.indices % G.N)) / G.N) == pid

[09/24/2018 02:31:07 AM]    136                                     specificity_wt[eraseedges_mask] = 0

[09/24/2018 02:31:07 AM]    137                                     relsim_wt[eraseedges_mask] = 0

[09/24/2018 02:31:07 AM]    138                                     G.csr.data = specificity_wt.copy()

[09/24/2018 02:31:07 AM]    139                             

[09/24/2018 02:31:07 AM]    140                                     G.csr.data = np.multiply(relsim_wt, G.csr.data)

[09/24/2018 02:31:07 AM]    141                                     log.info("Constructing adjacency matrix for: {}".format(pid))

[09/24/2018 02:31:07 AM]    142                                     adj_list_data = []

[09/24/2018 02:31:07 AM]    143                                     adj_list_s = []

[09/24/2018 02:31:07 AM]    144                                     adj_list_p = []

[09/24/2018 02:31:07 AM]    145                                     adj_list_o = []

[09/24/2018 02:31:07 AM]    146                                     sel_data = np.array([])

[09/24/2018 02:31:07 AM]    147                                     sel_relations = np.array([])

[09/24/2018 02:31:07 AM]    148                                     dicti = {}

[09/24/2018 02:31:07 AM]    149                                     num_nodes = len(G.csr.indptr)-1

[09/24/2018 02:31:07 AM]    150                                     for node in tqdm(xrange(num_nodes)):

[09/24/2018 02:31:07 AM]    151                                         dicti = {}

[09/24/2018 02:31:07 AM]    152                                         start = G.csr.indptr[node]

[09/24/2018 02:31:07 AM]    153                                         end = G.csr.indptr[node+1]

[09/24/2018 02:31:07 AM]    154                             

[09/24/2018 02:31:07 AM]    155                                         sel_data = G.csr.data[start:end]

[09/24/2018 02:31:07 AM]    156                                         sel_relations = relations[start:end]

[09/24/2018 02:31:07 AM]    157                                         for i, sel_tar in enumerate(targets[start:end]):

[09/24/2018 02:31:07 AM]    158                                             if sel_tar in dicti:

[09/24/2018 02:31:07 AM]    159                                                 if dicti[sel_tar][0] < sel_data[i]:

[09/24/2018 02:31:07 AM]    160                                                     dicti[sel_tar] = (sel_data[i], sel_relations[i])

[09/24/2018 02:31:07 AM]    161                                             else:

[09/24/2018 02:31:07 AM]    162                                                 dicti[sel_tar] = (sel_data[i], sel_relations[i])

[09/24/2018 02:31:07 AM]    163                                         for key, value in dicti.iteritems():

[09/24/2018 02:31:07 AM]    164                                             if value[0] != 0:

[09/24/2018 02:31:07 AM]    165                                                 adj_list_data.append(value[0])

[09/24/2018 02:31:07 AM]    166                                                 adj_list_s.append(node)

[09/24/2018 02:31:07 AM]    167                                                 adj_list_p.append(value[1])

[09/24/2018 02:31:07 AM]    168                                                 adj_list_o.append(key)

[09/24/2018 02:31:07 AM]    169                                     Gr = csr_matrix((adj_list_p, (adj_list_s, adj_list_o)), shape=(num_nodes, num_nodes))

[09/24/2018 02:31:07 AM]    170                                     Gv = csr_matrix((adj_list_data, (adj_list_s, adj_list_o)), shape=(num_nodes, num_nodes))

[09/24/2018 02:31:07 AM]    171                                     save_npz(join(HOME, 'sm', 'G_fil_rel_{}.npz'.format(int(pid))), Gr)

[09/24/2018 02:31:07 AM]    172                                     save_npz(join(HOME, 'sm', 'G_fil_val_{}.npz'.format(int(pid))), Gv)

[09/24/2018 02:31:07 AM]    173                             

[09/24/2018 02:31:07 AM]    174                                 ############# Path extraction ###################

[09/24/2018 02:31:07 AM]    175   2024.0 MiB      0.0 MiB       log.info('=> Path extraction..(this can take a while)')

[09/24/2018 02:31:07 AM]    176   2024.0 MiB      0.0 MiB       t1 = time()

[09/24/2018 02:31:07 AM]    177  14327.4 MiB  12303.3 MiB       features, pos_features, neg_features, measurements = extract_paths_sm(Gv, Gr, triples, y)

[09/24/2018 02:31:07 AM]    178  14327.4 MiB      0.0 MiB       log.info('P: +:{}, -:{}, unique tot:{}'.format(len(pos_features), len(neg_features), len(features)))

[09/24/2018 02:31:07 AM]    179  14327.4 MiB      0.0 MiB       vec = DictVectorizer()

[09/24/2018 02:31:07 AM]    180  14329.7 MiB      2.3 MiB       X = vec.fit_transform(measurements)

[09/24/2018 02:31:07 AM]    181  14329.7 MiB      0.0 MiB       n, m = X.shape

[09/24/2018 02:31:07 AM]    182  14329.7 MiB      0.0 MiB       log.info('Time taken: {:.2f}s\n\n'.format(time() - t1))

[09/24/2018 02:31:07 AM]    183                             

[09/24/2018 02:31:07 AM]    184                                 ########### Path selection ###############

[09/24/2018 02:31:07 AM]    185  14329.7 MiB      0.0 MiB       log.info('=> Path selection..')

[09/24/2018 02:31:07 AM]    186  14329.7 MiB      0.0 MiB       t1 = time()

[09/24/2018 02:31:07 AM]    187  14329.7 MiB      0.0 MiB       pathselect = SelectKBest(mutual_info_classif, k=min(100, m))

[09/24/2018 02:31:07 AM]    188  14330.8 MiB      1.1 MiB       X_select = pathselect.fit_transform(X, y)

[09/24/2018 02:31:07 AM]    189  14330.8 MiB      0.0 MiB       selectidx = pathselect.get_support(indices=True) # selected feature indices

[09/24/2018 02:31:07 AM]    190  14330.8 MiB      0.0 MiB       vec = vec.restrict(selectidx, indices=True)

[09/24/2018 02:31:07 AM]    191  14330.8 MiB      0.0 MiB       select_pos_features, select_neg_features = set(), set()

[09/24/2018 02:31:07 AM]    192  14330.8 MiB      0.0 MiB       for feature in vec.get_feature_names():

[09/24/2018 02:31:07 AM]    193  14330.8 MiB      0.0 MiB           if feature in pos_features:

[09/24/2018 02:31:07 AM]    194  14330.8 MiB      0.0 MiB               select_pos_features.add(feature)

[09/24/2018 02:31:07 AM]    195  14330.8 MiB      0.0 MiB           if feature in neg_features:

[09/24/2018 02:31:07 AM]    196                                         select_neg_features.add(feature)

[09/24/2018 02:31:07 AM]    197  14330.8 MiB      0.0 MiB       log.info('D: +:{}, -:{}, tot:{}'.format(len(select_pos_features), len(select_neg_features), X_select.shape[1]))

[09/24/2018 02:31:07 AM]    198  14330.8 MiB      0.0 MiB       log.info('Time taken: {:.2f}s\n'.format(time() - t1))

[09/24/2018 02:31:07 AM]    199                             

[09/24/2018 02:31:07 AM]    200                                 # Fact interpretation

[09/24/2018 02:31:07 AM]    201  14330.8 MiB      0.0 MiB       if use_interpretable_features and len(select_neg_features) > 0:

[09/24/2018 02:31:07 AM]    202                                     log.info('=> Fact interpretation..')

[09/24/2018 02:31:07 AM]    203                                     t1 = time()

[09/24/2018 02:31:07 AM]    204                                     theta = 10

[09/24/2018 02:31:07 AM]    205                                     select_neg_idx = [i for i, f in enumerate(vec.get_feature_names()) if f in select_neg_features]

[09/24/2018 02:31:07 AM]    206                                     removemask = np.where(np.sum(X_select[:, select_neg_idx], axis=0) >= theta)[0]

[09/24/2018 02:31:07 AM]    207                                     restrictidx = select_neg_idx[removemask]

[09/24/2018 02:31:07 AM]    208                                     keepidx = []

[09/24/2018 02:31:07 AM]    209                                     for i, f in enumerate(vec.get_feature_names()):

[09/24/2018 02:31:07 AM]    210                                         if i not in restrictidx:

[09/24/2018 02:31:07 AM]    211                                             keepidx.append(i)

[09/24/2018 02:31:07 AM]    212                                         else:

[09/24/2018 02:31:07 AM]    213                                             select_neg_features.remove(f)

[09/24/2018 02:31:07 AM]    214                                     vec = vec.restrictidx(keepidx, indices=True)

[09/24/2018 02:31:07 AM]    215                                     X_select = X_select[:, keepidx]

[09/24/2018 02:31:07 AM]    216                                     log.info('D*: +:{}, -:{}, tot:{}'.format(len(select_pos_features), len(select_neg_features), X_select.shape[1]))

[09/24/2018 02:31:07 AM]    217                                     log.info('Time taken: {:.2f}s\n'.format(time() - t1))

[09/24/2018 02:31:07 AM]    218                             

[09/24/2018 02:31:07 AM]    219                                 # Model creation

[09/24/2018 02:31:07 AM]    220  14330.8 MiB      0.0 MiB       log.info('=> Model building..')

[09/24/2018 02:31:07 AM]    221  14330.8 MiB      0.0 MiB       t1 = time()

[09/24/2018 02:31:07 AM]    222  14333.0 MiB      2.2 MiB       model = find_best_model(X_select, y, cv=cv)

[09/24/2018 02:31:07 AM]    223  14333.0 MiB      0.0 MiB       log.info('#Features: {}, best-AUROC: {:.5f}'.format(X_select.shape[1], model['best_score']))

[09/24/2018 02:31:07 AM]    224  14333.0 MiB      0.0 MiB       log.info('Time taken: {:.2f}s\n'.format(time() - t1))

[09/24/2018 02:31:07 AM]    225                             

[09/24/2018 02:31:07 AM]    226  14333.0 MiB      0.0 MiB       return vec, model

[09/24/2018 02:31:07 AM] 


[09/24/2018 02:31:07 AM] Time taken: 8794.05s

[09/24/2018 02:31:07 AM] Saved: /home/galois/Documents/streamminer/output/out_streamminer_predpath_civil_war_battle_2018-09-24_00:04:30.pkl
[09/24/2018 02:31:07 AM] 
Done!

[09/24/2018 02:31:07 AM] 

