[09/23/2018 12:51:30 PM] Launching sm..
[09/23/2018 12:51:30 PM] Dataset: predpath_state_capital.csv
[09/23/2018 12:51:30 PM] Output dir: /home/galois/Documents/streamminer/output
[09/23/2018 12:51:30 PM] Read data: (300, 7) predpath_state_capital.csv
[09/23/2018 12:51:30 PM] Note: Found non-NA records: (300, 7)
[09/23/2018 12:51:30 PM] Reconstructing graph from /home/galois/Documents/streamminer/data/kg/_undir
[09/23/2018 12:51:30 PM] 

[09/23/2018 12:51:31 PM] => Loaded: undir_data.npy
[09/23/2018 12:51:31 PM] 

[09/23/2018 12:51:31 PM] => Loaded: undir_indptr.npy
[09/23/2018 12:51:31 PM] 

[09/23/2018 12:51:32 PM] => Loaded: undir_indices.npy
[09/23/2018 12:51:32 PM] 

[09/23/2018 12:51:32 PM] => Loaded: undir_indeg_vec.npy
[09/23/2018 12:51:32 PM] 

[09/23/2018 12:51:32 PM] => Graph loaded: 1.92 secs.

[09/23/2018 12:51:32 PM] 

[09/23/2018 12:51:32 PM] PID is: 87, with type: int64
[09/23/2018 12:51:39 PM] => Path extraction..(this can take a while)
[09/23/2018 12:52:34 PM] SPO: [ 395170 87 3640344], Score: 0.118563539041, Path (1):
[09/23/2018 12:52:34 PM] [395170] -301 (0.12)-> [3640344]

[09/23/2018 12:52:34 PM]  
[09/23/2018 12:52:34 PM] SPO: [ 395170 87 3640344], Score: 0.418859442042, Path (2):
[09/23/2018 12:52:34 PM] [395170] -283 (0.1)-> [894824] -283 (0.32)-> [3640344]

[09/23/2018 12:52:34 PM]  
[09/23/2018 12:52:34 PM] SPO: [ 395170 87 3640344], Score: 0.185947335391, Path (4):
[09/23/2018 12:52:34 PM] [395170] -283 (0.1)-> [894824] -660 (0.02)-> [70] -660 (0.03)-> [1622298] -283 (0.04)-> [3640344]

[09/23/2018 12:52:34 PM]  
[09/23/2018 12:52:34 PM] SPO: [ 395170 87 3640344], Score: 0.183799042203, Path (4):
[09/23/2018 12:52:34 PM] [395170] -283 (0.1)-> [894824] -250 (0.02)-> [4784274] -250 (0.03)-> [2103071] -65 (0.04)-> [3640344]

[09/23/2018 12:52:34 PM]  
[09/23/2018 12:52:34 PM] SPO: [ 395170 87 3640344], Score: 0.236503217282, Path (6):
[09/23/2018 12:52:34 PM] [395170] -283 (0.1)-> [894824] -250 (0.02)-> [4784274] -250 (0.03)-> [2103071] -660 (0.02)-> [454] -660 (0.03)-> [3152279] -65 (0.03)-> [3640344]

[09/23/2018 12:53:25 PM]  
[09/23/2018 12:53:25 PM] SPO: [ 404819 87 2828358], Score: 0.138959486507, Path (1):
[09/23/2018 12:53:25 PM] [404819] -301 (0.14)-> [2828358]

[09/23/2018 12:53:25 PM]  
[09/23/2018 12:53:25 PM] SPO: [ 404819 87 2828358], Score: 0.478478328659, Path (2):
[09/23/2018 12:53:25 PM] [404819] -338 (0.11)-> [3660594] -338 (0.36)-> [2828358]

[09/23/2018 12:53:25 PM]  
[09/23/2018 12:53:25 PM] SPO: [ 404819 87 2828358], Score: 0.377936751233, Path (4):
[09/23/2018 12:53:25 PM] [404819] -338 (0.11)-> [3660594] -375 (0.06)-> [920916] -375 (0.09)-> [3662179] -338 (0.12)-> [2828358]

[09/23/2018 12:53:25 PM]  
[09/23/2018 12:53:25 PM] SPO: [ 404819 87 2828358], Score: 0.212270515416, Path (4):
[09/23/2018 12:53:25 PM] [404819] -338 (0.11)-> [3660594] -660 (0.03)-> [435] -660 (0.03)-> [3662179] -338 (0.04)-> [2828358]

[09/23/2018 12:53:25 PM]  
[09/23/2018 12:53:25 PM] SPO: [ 404819 87 2828358], Score: 0.280561062638, Path (5):
[09/23/2018 12:53:25 PM] [404819] -338 (0.11)-> [3660594] -660 (0.03)-> [435] -660 (0.03)-> [3662179] -338 (0.04)-> [5287545] -140 (0.06)-> [2828358]

[09/23/2018 12:54:04 PM]  
[09/23/2018 12:54:04 PM] SPO: [ 634406 87 4119446], Score: 0.103897528979, Path (1):
[09/23/2018 12:54:04 PM] [634406] -301 (0.1)-> [4119446]

[09/23/2018 12:54:04 PM]  
[09/23/2018 12:54:04 PM] SPO: [ 634406 87 4119446], Score: 0.414872114967, Path (2):
[09/23/2018 12:54:04 PM] [634406] -395 (0.09)-> [2285110] -395 (0.32)-> [4119446]

[09/23/2018 12:54:04 PM]  
[09/23/2018 12:54:04 PM] SPO: [ 634406 87 4119446], Score: 0.27028275001, Path (3):
[09/23/2018 12:54:04 PM] [634406] -395 (0.09)-> [2285110] -339 (0.06)-> [3374585] -316 (0.12)-> [4119446]

[09/23/2018 12:54:04 PM]  
[09/23/2018 12:54:04 PM] SPO: [ 634406 87 4119446], Score: 0.370545777682, Path (4):
[09/23/2018 12:54:04 PM] [634406] -395 (0.09)-> [2285110] -339 (0.06)-> [5579982] -339 (0.1)-> [367784] -395 (0.13)-> [4119446]

[09/23/2018 12:54:04 PM]  
[09/23/2018 12:54:04 PM] SPO: [ 634406 87 4119446], Score: 0.379013738267, Path (6):
[09/23/2018 12:54:04 PM] [634406] -395 (0.09)-> [2285110] -339 (0.06)-> [5579982] -339 (0.1)-> [367784] -339 (0.03)-> [5287545] -140 (0.05)-> [4841021] -395 (0.05)-> [4119446]

[09/23/2018 12:54:51 PM]  
[09/23/2018 12:54:51 PM] SPO: [ 635862 87 3190706], Score: 0.109711699206, Path (1):
[09/23/2018 12:54:51 PM] [635862] -301 (0.11)-> [3190706]

[09/23/2018 12:54:51 PM]  
[09/23/2018 12:54:51 PM] SPO: [ 635862 87 3190706], Score: 0.411673732586, Path (2):
[09/23/2018 12:54:51 PM] [635862] -301 (0.09)-> [4890711] -301 (0.32)-> [3190706]

[09/23/2018 12:54:51 PM]  
[09/23/2018 12:54:51 PM] SPO: [ 635862 87 3190706], Score: 0.319191031197, Path (3):
[09/23/2018 12:54:51 PM] [635862] -301 (0.09)-> [4890711] -301 (0.07)-> [4218759] -316 (0.16)-> [3190706]

[09/23/2018 12:54:51 PM]  
[09/23/2018 12:54:51 PM] SPO: [ 635862 87 3190706], Score: 0.175078279044, Path (3):
[09/23/2018 12:54:51 PM] [635862] -301 (0.09)-> [4890711] -140 (0.03)-> [5287545] -140 (0.05)-> [3190706]

[09/23/2018 12:54:51 PM]  
[09/23/2018 12:54:51 PM] SPO: [ 635862 87 3190706], Score: 0.429941072521, Path (2):
[09/23/2018 12:54:51 PM] [635862] -272 (0.09)-> [635912] -272 (0.34)-> [3190706]

[09/23/2018 12:55:51 PM]  
[09/23/2018 12:55:51 PM] SPO: [ 1023244 87 4525682], Score: 0.105385744376, Path (1):
[09/23/2018 12:55:51 PM] [1023244] -301 (0.11)-> [4525682]

[09/23/2018 12:55:51 PM]  
[09/23/2018 12:55:51 PM] SPO: [ 1023244 87 4525682], Score: 0.410187411741, Path (2):
[09/23/2018 12:55:51 PM] [1023244] -283 (0.09)-> [5069430] -283 (0.32)-> [4525682]

[09/23/2018 12:55:51 PM]  
[09/23/2018 12:55:51 PM] SPO: [ 1023244 87 4525682], Score: 0.185795608257, Path (4):
[09/23/2018 12:55:51 PM] [1023244] -283 (0.09)-> [5069430] -250 (0.03)-> [1994391] -250 (0.03)-> [3690839] -498 (0.04)-> [4525682]

[09/23/2018 12:55:51 PM]  
[09/23/2018 12:55:51 PM] SPO: [ 1023244 87 4525682], Score: 0.235585003784, Path (6):
[09/23/2018 12:55:51 PM] [1023244] -283 (0.09)-> [5069430] -250 (0.03)-> [1994391] -250 (0.03)-> [3690839] -250 (0.02)-> [4213803] -250 (0.03)-> [3613802] -283 (0.04)-> [4525682]

[09/23/2018 12:55:51 PM]  
[09/23/2018 12:55:51 PM] SPO: [ 1023244 87 4525682], Score: 0.224533792238, Path (6):
[09/23/2018 12:55:51 PM] [1023244] -283 (0.09)-> [5069430] -250 (0.03)-> [1994391] -250 (0.03)-> [3690839] -660 (0.02)-> [19] -660 (0.03)-> [5200950] -498 (0.03)-> [4525682]

[09/23/2018 12:57:16 PM]  
[09/23/2018 12:57:16 PM] SPO: [ 1259925 87 1473910], Score: 0.10538791189, Path (1):
[09/23/2018 12:57:16 PM] [1259925] -316 (0.11)-> [1473910]

[09/23/2018 12:57:16 PM]  
[09/23/2018 12:57:16 PM] SPO: [ 1259925 87 1473910], Score: 0.504292908607, Path (2):
[09/23/2018 12:57:16 PM] [1259925] -338 (0.09)-> [2324202] -338 (0.41)-> [1473910]

[09/23/2018 12:57:16 PM]  
[09/23/2018 12:57:16 PM] SPO: [ 1259925 87 1473910], Score: 0.19841572533, Path (4):
[09/23/2018 12:57:16 PM] [1259925] -338 (0.09)-> [2324202] -660 (0.03)-> [108] -660 (0.04)-> [4150693] -338 (0.04)-> [1473910]

[09/23/2018 12:57:16 PM]  
[09/23/2018 12:57:16 PM] SPO: [ 1259925 87 1473910], Score: 0.320769604095, Path (4):
[09/23/2018 12:57:16 PM] [1259925] -338 (0.09)-> [2324202] -660 (0.03)-> [108] -660 (0.06)-> [1474049] -338 (0.14)-> [1473910]

[09/23/2018 12:57:16 PM]  
[09/23/2018 12:57:16 PM] SPO: [ 1259925 87 1473910], Score: 0.348123423095, Path (6):
[09/23/2018 12:57:16 PM] [1259925] -338 (0.09)-> [2324202] -660 (0.03)-> [108] -660 (0.04)-> [4150693] -615 (0.04)-> [1015686] -615 (0.06)-> [1474049] -338 (0.09)-> [1473910]

[09/23/2018 12:58:10 PM]  
[09/23/2018 12:58:10 PM] SPO: [ 1274578 87 2256396], Score: 0.111056770181, Path (1):
[09/23/2018 12:58:10 PM] [1274578] -301 (0.11)-> [2256396]

[09/23/2018 12:58:10 PM]  
[09/23/2018 12:58:10 PM] SPO: [ 1274578 87 2256396], Score: 0.367013949358, Path (2):
[09/23/2018 12:58:10 PM] [1274578] -339 (0.09)-> [3903545] -395 (0.28)-> [2256396]

[09/23/2018 12:58:10 PM]  
[09/23/2018 12:58:10 PM] SPO: [ 1274578 87 2256396], Score: 0.311586437119, Path (3):
[09/23/2018 12:58:10 PM] [1274578] -339 (0.09)-> [3903545] -339 (0.07)-> [880671] -301 (0.15)-> [2256396]

[09/23/2018 12:58:10 PM]  
[09/23/2018 12:58:10 PM] SPO: [ 1274578 87 2256396], Score: 0.270156105292, Path (5):
[09/23/2018 12:58:10 PM] [1274578] -339 (0.09)-> [3903545] -35 (0.03)-> [2149561] -35 (0.04)-> [2129718] -339 (0.05)-> [1274877] -522 (0.06)-> [2256396]

[09/23/2018 12:58:10 PM]  
[09/23/2018 12:58:10 PM] SPO: [ 1274578 87 2256396], Score: 0.415744418561, Path (2):
[09/23/2018 12:58:10 PM] [1274578] -237 (0.09)-> [823468] -237 (0.32)-> [2256396]

[09/23/2018 12:59:58 PM]  
[09/23/2018 12:59:58 PM] SPO: [ 1458980 87 1568760], Score: 0.134495078394, Path (1):
[09/23/2018 12:59:58 PM] [1458980] -582 (0.13)-> [1568760]

[09/23/2018 12:59:58 PM]  
[09/23/2018 12:59:58 PM] SPO: [ 1458980 87 1568760], Score: 0.451217803324, Path (2):
[09/23/2018 12:59:58 PM] [1458980] -272 (0.11)-> [1459100] -272 (0.34)-> [1568760]

[09/23/2018 12:59:58 PM]  
[09/23/2018 12:59:58 PM] SPO: [ 1458980 87 1568760], Score: 0.20394293728, Path (4):
[09/23/2018 12:59:58 PM] [1458980] -272 (0.11)-> [1459100] -660 (0.03)-> [489] -660 (0.03)-> [1459095] -272 (0.04)-> [1568760]

[09/23/2018 12:59:58 PM]  
[09/23/2018 12:59:58 PM] SPO: [ 1458980 87 1568760], Score: 0.322705432081, Path (7):
[09/23/2018 12:59:58 PM] [1458980] -272 (0.11)-> [1459100] -660 (0.03)-> [489] -660 (0.03)-> [1459095] -313 (0.03)-> [1705968] -313 (0.03)-> [5421685] -78 (0.04)-> [1459217] -301 (0.05)-> [1568760]

[09/23/2018 12:59:58 PM]  
[09/23/2018 12:59:58 PM] SPO: [ 1458980 87 1568760], Score: 0.287980109387, Path (7):
[09/23/2018 12:59:58 PM] [1458980] -272 (0.11)-> [1459100] -660 (0.03)-> [489] -660 (0.03)-> [1459095] -7 (0.02)-> [3741712] -272 (0.03)-> [5287545] -339 (0.03)-> [1874076] -395 (0.05)-> [1568760]

[09/23/2018 13:00:29 PM]  
[09/23/2018 13:00:29 PM] SPO: [ 1884186 87 4966980], Score: 0.117552953495, Path (1):
[09/23/2018 13:00:29 PM] [1884186] -301 (0.12)-> [4966980]

[09/23/2018 13:00:29 PM]  
[09/23/2018 13:00:29 PM] SPO: [ 1884186 87 4966980], Score: 0.484088095943, Path (2):
[09/23/2018 13:00:29 PM] [1884186] -395 (0.1)-> [799515] -395 (0.38)-> [4966980]

[09/23/2018 13:00:29 PM]  
[09/23/2018 13:00:29 PM] SPO: [ 1884186 87 4966980], Score: 0.327082195236, Path (3):
[09/23/2018 13:00:29 PM] [1884186] -395 (0.1)-> [799515] -339 (0.07)-> [3115860] -316 (0.15)-> [4966980]

[09/23/2018 13:00:29 PM]  
[09/23/2018 13:00:29 PM] SPO: [ 1884186 87 4966980], Score: 0.19958842658, Path (4):
[09/23/2018 13:00:29 PM] [1884186] -395 (0.1)-> [799515] -660 (0.03)-> [321] -660 (0.03)-> [4966939] -395 (0.04)-> [4966980]

[09/23/2018 13:00:29 PM]  
[09/23/2018 13:00:29 PM] SPO: [ 1884186 87 4966980], Score: 0.381255213847, Path (4):
[09/23/2018 13:00:29 PM] [1884186] -395 (0.1)-> [799515] -660 (0.03)-> [321] -660 (0.08)-> [4571155] -395 (0.17)-> [4966980]

[09/23/2018 13:01:50 PM]  
[09/23/2018 13:01:50 PM] SPO: [ 2049895 87 685424], Score: 0.257990288627, Path (2):
[09/23/2018 13:01:50 PM] [2049895] -661 (0.07)-> [803343] -301 (0.19)-> [685424]

[09/23/2018 13:01:50 PM]  
[09/23/2018 13:01:50 PM] SPO: [ 2049895 87 685424], Score: 0.210263922033, Path (2):
[09/23/2018 13:01:50 PM] [2049895] -661 (0.06)-> [3542389] -511 (0.15)-> [685424]

[09/23/2018 13:01:50 PM]  
[09/23/2018 13:01:50 PM] SPO: [ 2049895 87 685424], Score: 0.292129743977, Path (3):
[09/23/2018 13:01:50 PM] [2049895] -661 (0.07)-> [803343] -301 (0.06)-> [1967185] -316 (0.16)-> [685424]

[09/23/2018 13:01:50 PM]  
[09/23/2018 13:01:50 PM] SPO: [ 2049895 87 685424], Score: 0.205157895137, Path (3):
[09/23/2018 13:01:50 PM] [2049895] -661 (0.07)-> [803343] -301 (0.05)-> [2049937] -301 (0.09)-> [685424]

[09/23/2018 13:01:50 PM]  
[09/23/2018 13:01:50 PM] SPO: [ 2049895 87 685424], Score: 0.297171700329, Path (4):
[09/23/2018 13:01:50 PM] [2049895] -661 (0.06)-> [3542389] -65 (0.05)-> [3291286] -65 (0.09)-> [3116806] -167 (0.11)-> [685424]

[09/23/2018 13:02:45 PM]  
[09/23/2018 13:02:45 PM] SPO: [ 2265276 87 2352287], Score: 0.104057513157, Path (1):
[09/23/2018 13:02:45 PM] [2265276] -301 (0.1)-> [2352287]

[09/23/2018 13:02:45 PM]  
[09/23/2018 13:02:45 PM] SPO: [ 2265276 87 2352287], Score: 0.433929879953, Path (2):
[09/23/2018 13:02:45 PM] [2265276] -452 (0.09)-> [1954766] -452 (0.34)-> [2352287]

[09/23/2018 13:02:45 PM]  
[09/23/2018 13:02:45 PM] SPO: [ 2265276 87 2352287], Score: 0.182227881875, Path (3):
[09/23/2018 13:02:45 PM] [2265276] -452 (0.09)-> [1954766] -126 (0.04)-> [2873346] -167 (0.05)-> [2352287]

[09/23/2018 13:02:45 PM]  
[09/23/2018 13:02:45 PM] SPO: [ 2265276 87 2352287], Score: 0.187348110277, Path (4):
[09/23/2018 13:02:45 PM] [2265276] -452 (0.09)-> [1954766] -660 (0.03)-> [410] -660 (0.03)-> [2352298] -452 (0.04)-> [2352287]

[09/23/2018 13:02:45 PM]  
[09/23/2018 13:02:45 PM] SPO: [ 2265276 87 2352287], Score: 0.321534506801, Path (4):
[09/23/2018 13:02:45 PM] [2265276] -452 (0.09)-> [1954766] -660 (0.03)-> [410] -660 (0.07)-> [871706] -452 (0.14)-> [2352287]

[09/23/2018 13:03:37 PM]  
[09/23/2018 13:03:37 PM] SPO: [ 2420813 87 901237], Score: 0.120115670464, Path (1):
[09/23/2018 13:03:37 PM] [2420813] -301 (0.12)-> [901237]

[09/23/2018 13:03:37 PM]  
[09/23/2018 13:03:37 PM] SPO: [ 2420813 87 901237], Score: 0.372555773558, Path (2):
[09/23/2018 13:03:37 PM] [2420813] -339 (0.1)-> [4161732] -395 (0.28)-> [901237]

[09/23/2018 13:03:37 PM]  
[09/23/2018 13:03:37 PM] SPO: [ 2420813 87 901237], Score: 0.372555773558, Path (2):
[09/23/2018 13:03:37 PM] [2420813] -339 (0.1)-> [3957909] -395 (0.28)-> [901237]

[09/23/2018 13:03:37 PM]  
[09/23/2018 13:03:37 PM] SPO: [ 2420813 87 901237], Score: 0.41631021819, Path (4):
[09/23/2018 13:03:37 PM] [2420813] -339 (0.1)-> [4161732] -339 (0.06)-> [3957898] -339 (0.11)-> [3957909] -395 (0.15)-> [901237]

[09/23/2018 13:03:37 PM]  
[09/23/2018 13:03:37 PM] SPO: [ 2420813 87 901237], Score: 0.185166293416, Path (3):
[09/23/2018 13:03:37 PM] [2420813] -339 (0.1)-> [4161732] -339 (0.04)-> [5287545] -140 (0.05)-> [901237]

[09/23/2018 13:04:12 PM]  
[09/23/2018 13:04:12 PM] SPO: [ 2437123 87 4808458], Score: 0.116375516892, Path (1):
[09/23/2018 13:04:12 PM] [2437123] -582 (0.12)-> [4808458]

[09/23/2018 13:04:12 PM]  
[09/23/2018 13:04:12 PM] SPO: [ 2437123 87 4808458], Score: 0.439236315483, Path (2):
[09/23/2018 13:04:12 PM] [2437123] -272 (0.1)-> [2437522] -272 (0.34)-> [4808458]

[09/23/2018 13:04:12 PM]  
[09/23/2018 13:04:12 PM] SPO: [ 2437123 87 4808458], Score: 0.439236315483, Path (2):
[09/23/2018 13:04:12 PM] [2437123] -272 (0.1)-> [2437247] -272 (0.34)-> [4808458]

[09/23/2018 13:04:12 PM]  
[09/23/2018 13:04:12 PM] SPO: [ 2437123 87 4808458], Score: 0.205444993075, Path (4):
[09/23/2018 13:04:12 PM] [2437123] -272 (0.1)-> [2437247] -660 (0.03)-> [299] -660 (0.04)-> [4988854] -272 (0.04)-> [4808458]

[09/23/2018 13:04:12 PM]  
[09/23/2018 13:04:12 PM] SPO: [ 2437123 87 4808458], Score: 0.356580850638, Path (4):
[09/23/2018 13:04:12 PM] [2437123] -272 (0.1)-> [2437247] -660 (0.03)-> [299] -660 (0.07)-> [2437253] -272 (0.16)-> [4808458]

[09/23/2018 13:05:06 PM]  
[09/23/2018 13:05:06 PM] SPO: [ 2450592 87 2451118], Score: 0.102691100812, Path (1):
[09/23/2018 13:05:06 PM] [2450592] -301 (0.1)-> [2451118]

[09/23/2018 13:05:06 PM]  
[09/23/2018 13:05:06 PM] SPO: [ 2450592 87 2451118], Score: 0.438324322813, Path (2):
[09/23/2018 13:05:06 PM] [2450592] -395 (0.09)-> [653919] -395 (0.35)-> [2451118]

[09/23/2018 13:05:06 PM]  
[09/23/2018 13:05:06 PM] SPO: [ 2450592 87 2451118], Score: 0.247165076367, Path (3):
[09/23/2018 13:05:06 PM] [2450592] -395 (0.09)-> [653919] -253 (0.05)-> [994032] -116 (0.1)-> [2451118]

[09/23/2018 13:05:06 PM]  
[09/23/2018 13:05:06 PM] SPO: [ 2450592 87 2451118], Score: 0.178058708599, Path (3):
[09/23/2018 13:05:06 PM] [2450592] -395 (0.09)-> [653919] -339 (0.03)-> [5287545] -140 (0.05)-> [2451118]

[09/23/2018 13:05:06 PM]  
[09/23/2018 13:05:06 PM] SPO: [ 2450592 87 2451118], Score: 0.393812639299, Path (4):
[09/23/2018 13:05:06 PM] [2450592] -395 (0.09)-> [653919] -253 (0.05)-> [994032] -418 (0.06)-> [2329509] -339 (0.19)-> [2451118]

[09/23/2018 13:06:03 PM]  
[09/23/2018 13:06:03 PM] SPO: [ 2472869 87 1483029], Score: 0.114650083524, Path (1):
[09/23/2018 13:06:03 PM] [2472869] -301 (0.11)-> [1483029]

[09/23/2018 13:06:03 PM]  
[09/23/2018 13:06:03 PM] SPO: [ 2472869 87 1483029], Score: 0.433212531493, Path (2):
[09/23/2018 13:06:03 PM] [2472869] -272 (0.09)-> [2473087] -272 (0.34)-> [1483029]

[09/23/2018 13:06:03 PM]  
[09/23/2018 13:06:03 PM] SPO: [ 2472869 87 1483029], Score: 0.392578957523, Path (2):
[09/23/2018 13:06:03 PM] [2472869] -498 (0.09)-> [3440655] -498 (0.3)-> [1483029]

[09/23/2018 13:06:03 PM]  
[09/23/2018 13:06:03 PM] SPO: [ 2472869 87 1483029], Score: 0.310627149704, Path (5):
[09/23/2018 13:06:03 PM] [2472869] -498 (0.09)-> [3440655] -590 (0.03)-> [4753535] -590 (0.04)-> [2472886] -283 (0.05)-> [1176011] -283 (0.1)-> [1483029]

[09/23/2018 13:06:03 PM]  
[09/23/2018 13:06:03 PM] SPO: [ 2472869 87 1483029], Score: 0.152634822706, Path (3):
[09/23/2018 13:06:03 PM] [2472869] -498 (0.09)-> [3440655] -478 (0.03)-> [4753536] -283 (0.03)-> [1483029]

[09/23/2018 13:06:40 PM]  
[09/23/2018 13:06:40 PM] SPO: [ 2879825 87 5193279], Score: 0.125412705494, Path (1):
[09/23/2018 13:06:40 PM] [2879825] -301 (0.13)-> [5193279]

[09/23/2018 13:06:40 PM]  
[09/23/2018 13:06:40 PM] SPO: [ 2879825 87 5193279], Score: 0.440172969242, Path (2):
[09/23/2018 13:06:40 PM] [2879825] -272 (0.1)-> [4838091] -272 (0.34)-> [5193279]

[09/23/2018 13:06:40 PM]  
[09/23/2018 13:06:40 PM] SPO: [ 2879825 87 5193279], Score: 0.399986140407, Path (2):
[09/23/2018 13:06:40 PM] [2879825] -283 (0.1)-> [1524226] -283 (0.3)-> [5193279]

[09/23/2018 13:06:40 PM]  
[09/23/2018 13:06:40 PM] SPO: [ 2879825 87 5193279], Score: 0.20596622712, Path (4):
[09/23/2018 13:06:40 PM] [2879825] -283 (0.1)-> [1524226] -250 (0.03)-> [4990237] -250 (0.03)-> [3931900] -283 (0.05)-> [5193279]

[09/23/2018 13:06:40 PM]  
[09/23/2018 13:06:40 PM] SPO: [ 2879825 87 5193279], Score: 0.265830648706, Path (6):
[09/23/2018 13:06:40 PM] [2879825] -283 (0.1)-> [1524226] -250 (0.02)-> [1448924] -250 (0.03)-> [3914582] -498 (0.03)-> [1261836] -65 (0.04)-> [4396544] -167 (0.05)-> [5193279]

[09/23/2018 13:07:27 PM]  
[09/23/2018 13:07:27 PM] SPO: [ 2932522 87 1931443], Score: 0.141810852445, Path (1):
[09/23/2018 13:07:27 PM] [2932522] -301 (0.14)-> [1931443]

[09/23/2018 13:07:27 PM]  
[09/23/2018 13:07:27 PM] SPO: [ 2932522 87 1931443], Score: 0.450352906409, Path (2):
[09/23/2018 13:07:27 PM] [2932522] -272 (0.11)-> [2932586] -272 (0.34)-> [1931443]

[09/23/2018 13:07:27 PM]  
[09/23/2018 13:07:27 PM] SPO: [ 2932522 87 1931443], Score: 0.450352906409, Path (2):
[09/23/2018 13:07:27 PM] [2932522] -272 (0.11)-> [2932555] -272 (0.34)-> [1931443]

[09/23/2018 13:09:25 PM]  
[09/23/2018 13:09:25 PM] SPO: [ 3228748 87 772673], Score: 0.11122099114, Path (1):
[09/23/2018 13:09:25 PM] [3228748] -301 (0.11)-> [772673]

[09/23/2018 13:09:25 PM]  
[09/23/2018 13:09:25 PM] SPO: [ 3228748 87 772673], Score: 0.498080866222, Path (2):
[09/23/2018 13:09:25 PM] [3228748] -283 (0.1)-> [3735812] -283 (0.4)-> [772673]

[09/23/2018 13:09:25 PM]  
[09/23/2018 13:09:25 PM] SPO: [ 3228748 87 772673], Score: 0.217741913024, Path (4):
[09/23/2018 13:09:25 PM] [3228748] -283 (0.1)-> [3735812] -660 (0.03)-> [314] -660 (0.04)-> [2615741] -283 (0.05)-> [772673]

[09/23/2018 13:09:25 PM]  
[09/23/2018 13:09:25 PM] SPO: [ 3228748 87 772673], Score: 0.37178766603, Path (4):
[09/23/2018 13:09:25 PM] [3228748] -283 (0.1)-> [3735812] -660 (0.03)-> [314] -660 (0.07)-> [4343041] -283 (0.17)-> [772673]

[09/23/2018 13:09:25 PM]  
[09/23/2018 13:09:25 PM] SPO: [ 3228748 87 772673], Score: 0.300338702027, Path (5):
[09/23/2018 13:09:25 PM] [3228748] -283 (0.1)-> [3735812] -660 (0.03)-> [314] -660 (0.07)-> [4343041] -283 (0.04)-> [5287545] -140 (0.06)-> [772673]

[09/23/2018 13:11:47 PM]  
[09/23/2018 13:11:47 PM] SPO: [ 3308399 87 695303], Score: 0.145835869059, Path (1):
[09/23/2018 13:11:47 PM] [3308399] -301 (0.15)-> [695303]

[09/23/2018 13:11:47 PM]  
[09/23/2018 13:11:47 PM] SPO: [ 3308399 87 695303], Score: 0.48872295836, Path (2):
[09/23/2018 13:11:47 PM] [3308399] -582 (0.11)-> [1281982] -116 (0.38)-> [695303]

[09/23/2018 13:11:47 PM]  
[09/23/2018 13:11:47 PM] SPO: [ 3308399 87 695303], Score: 0.251808424621, Path (6):
[09/23/2018 13:11:47 PM] [3308399] -582 (0.11)-> [1281982] -660 (0.02)-> [599] -660 (0.02)-> [3086314] -116 (0.03)-> [1825224] -524 (0.03)-> [3308551] -525 (0.04)-> [695303]

[09/23/2018 13:11:47 PM]  
[09/23/2018 13:11:47 PM] SPO: [ 3308399 87 695303], Score: 0.248396769698, Path (5):
[09/23/2018 13:11:47 PM] [3308399] -582 (0.11)-> [1281982] -660 (0.02)-> [599] -660 (0.02)-> [3086314] -140 (0.04)-> [5287545] -140 (0.05)-> [695303]

[09/23/2018 13:11:47 PM]  
[09/23/2018 13:11:47 PM] SPO: [ 3308399 87 695303], Score: 0.452776754831, Path (2):
[09/23/2018 13:11:47 PM] [3308399] -272 (0.11)-> [3308539] -272 (0.34)-> [695303]

[09/23/2018 13:14:19 PM]  
[09/23/2018 13:14:19 PM] SPO: [ 3428818 87 578934], Score: 0.424454300334, Path (2):
[09/23/2018 13:14:19 PM] [3428818] -452 (0.1)-> [780652] -452 (0.32)-> [578934]

[09/23/2018 13:14:19 PM]  
[09/23/2018 13:14:19 PM] SPO: [ 3428818 87 578934], Score: 0.357966176187, Path (6):
[09/23/2018 13:14:19 PM] [3428818] -452 (0.1)-> [780652] -303 (0.03)-> [1705725] -661 (0.04)-> [1316773] -452 (0.04)-> [2475936] -65 (0.06)-> [2549853] -167 (0.09)-> [578934]

[09/23/2018 13:14:19 PM]  
[09/23/2018 13:14:19 PM] SPO: [ 3428818 87 578934], Score: 0.359560565666, Path (7):
[09/23/2018 13:14:19 PM] [3428818] -452 (0.1)-> [780652] -126 (0.03)-> [5521140] -167 (0.03)-> [1122661] -65 (0.03)-> [2782004] -512 (0.04)-> [2048390] -167 (0.05)-> [2298325] -512 (0.07)-> [578934]

[09/23/2018 13:14:19 PM]  
[09/23/2018 13:14:19 PM] SPO: [ 3428818 87 578934], Score: 0.278185819098, Path (5):
[09/23/2018 13:14:19 PM] [3428818] -452 (0.1)-> [780652] -126 (0.03)-> [5521140] -65 (0.04)-> [1705443] -65 (0.05)-> [3791611] -167 (0.06)-> [578934]

[09/23/2018 13:14:19 PM]  
[09/23/2018 13:14:19 PM] SPO: [ 3428818 87 578934], Score: 0.385977132002, Path (7):
[09/23/2018 13:14:19 PM] [3428818] -452 (0.1)-> [780652] -303 (0.03)-> [1705725] -661 (0.04)-> [1316773] -303 (0.03)-> [2478099] -452 (0.04)-> [2475936] -65 (0.05)-> [2549853] -167 (0.09)-> [578934]

[09/23/2018 13:15:41 PM]  
[09/23/2018 13:15:41 PM] SPO: [ 3436140 87 917573], Score: 0.0894354889593, Path (1):
[09/23/2018 13:15:41 PM] [3436140] -301 (0.09)-> [917573]

[09/23/2018 13:15:41 PM]  
[09/23/2018 13:15:41 PM] SPO: [ 3436140 87 917573], Score: 0.404362601768, Path (2):
[09/23/2018 13:15:41 PM] [3436140] -395 (0.08)-> [3732006] -395 (0.32)-> [917573]

[09/23/2018 13:15:41 PM]  
[09/23/2018 13:15:41 PM] SPO: [ 3436140 87 917573], Score: 0.432788988321, Path (2):
[09/23/2018 13:15:41 PM] [3436140] -237 (0.08)-> [5153163] -237 (0.36)-> [917573]

[09/23/2018 13:15:41 PM]  
[09/23/2018 13:15:41 PM] SPO: [ 3436140 87 917573], Score: 0.166589553821, Path (4):
[09/23/2018 13:15:41 PM] [3436140] -237 (0.08)-> [5153163] -660 (0.02)-> [173] -660 (0.03)-> [917957] -340 (0.03)-> [917573]

[09/23/2018 13:15:41 PM]  
[09/23/2018 13:15:41 PM] SPO: [ 3436140 87 917573], Score: 0.360393247828, Path (4):
[09/23/2018 13:15:41 PM] [3436140] -237 (0.08)-> [5153163] -660 (0.02)-> [173] -660 (0.06)-> [3777595] -340 (0.2)-> [917573]

[09/23/2018 13:16:45 PM]  
[09/23/2018 13:16:45 PM] SPO: [ 3542882 87 3066509], Score: 0.12177652601, Path (1):
[09/23/2018 13:16:45 PM] [3542882] -301 (0.12)-> [3066509]

[09/23/2018 13:16:45 PM]  
[09/23/2018 13:16:45 PM] SPO: [ 3542882 87 3066509], Score: 0.420915942742, Path (2):
[09/23/2018 13:16:45 PM] [3542882] -283 (0.1)-> [5094563] -283 (0.32)-> [3066509]

[09/23/2018 13:16:45 PM]  
[09/23/2018 13:16:45 PM] SPO: [ 3542882 87 3066509], Score: 0.207918316806, Path (4):
[09/23/2018 13:16:45 PM] [3542882] -283 (0.1)-> [5094563] -45 (0.02)-> [885984] -394 (0.03)-> [5287545] -140 (0.06)-> [3066509]

[09/23/2018 13:16:45 PM]  
[09/23/2018 13:16:45 PM] SPO: [ 3542882 87 3066509], Score: 0.174916967191, Path (4):
[09/23/2018 13:16:45 PM] [3542882] -283 (0.1)-> [5094563] -250 (0.02)-> [4418737] -250 (0.02)-> [1499843] -65 (0.03)-> [3066509]

[09/23/2018 13:16:45 PM]  
[09/23/2018 13:16:45 PM] SPO: [ 3542882 87 3066509], Score: 0.228437306647, Path (5):
[09/23/2018 13:16:45 PM] [3542882] -283 (0.1)-> [5094563] -45 (0.02)-> [885984] -410 (0.03)-> [3688030] -480 (0.04)-> [3097063] -65 (0.05)-> [3066509]

[09/23/2018 13:17:25 PM]  
[09/23/2018 13:17:25 PM] SPO: [ 3590907 87 4539289], Score: 0.107799564768, Path (1):
[09/23/2018 13:17:25 PM] [3590907] -301 (0.11)-> [4539289]

[09/23/2018 13:17:25 PM]  
[09/23/2018 13:17:25 PM] SPO: [ 3590907 87 4539289], Score: 0.442057907722, Path (2):
[09/23/2018 13:17:25 PM] [3590907] -395 (0.1)-> [3603685] -395 (0.35)-> [4539289]

[09/23/2018 13:17:25 PM]  
[09/23/2018 13:17:25 PM] SPO: [ 3590907 87 4539289], Score: 0.328862433875, Path (4):
[09/23/2018 13:17:25 PM] [3590907] -395 (0.1)-> [3603685] -395 (0.05)-> [3590808] -460 (0.08)-> [3852406] -460 (0.11)-> [4539289]

[09/23/2018 13:17:25 PM]  
[09/23/2018 13:17:25 PM] SPO: [ 3590907 87 4539289], Score: 0.182434338652, Path (3):
[09/23/2018 13:17:25 PM] [3590907] -395 (0.1)-> [3603685] -339 (0.03)-> [5287545] -140 (0.05)-> [4539289]

[09/23/2018 13:17:25 PM]  
[09/23/2018 13:17:25 PM] SPO: [ 3590907 87 4539289], Score: 0.433610323566, Path (2):
[09/23/2018 13:17:25 PM] [3590907] -423 (0.09)-> [5276212] -423 (0.35)-> [4539289]

[09/23/2018 13:18:26 PM]  
[09/23/2018 13:18:26 PM] SPO: [ 3603442 87 2530833], Score: 0.117042544001, Path (1):
[09/23/2018 13:18:26 PM] [3603442] -301 (0.12)-> [2530833]

[09/23/2018 13:18:26 PM]  
[09/23/2018 13:18:26 PM] SPO: [ 3603442 87 2530833], Score: 0.399372324381, Path (2):
[09/23/2018 13:18:26 PM] [3603442] -339 (0.1)-> [841388] -395 (0.3)-> [2530833]

[09/23/2018 13:18:26 PM]  
[09/23/2018 13:18:26 PM] SPO: [ 3603442 87 2530833], Score: 0.185836154143, Path (3):
[09/23/2018 13:18:26 PM] [3603442] -339 (0.1)-> [841388] -339 (0.04)-> [5287545] -140 (0.05)-> [2530833]

[09/23/2018 13:18:26 PM]  
[09/23/2018 13:18:26 PM] SPO: [ 3603442 87 2530833], Score: 0.196936205234, Path (4):
[09/23/2018 13:18:26 PM] [3603442] -339 (0.1)-> [841388] -660 (0.03)-> [542] -660 (0.03)-> [3736065] -395 (0.04)-> [2530833]

[09/23/2018 13:18:26 PM]  
[09/23/2018 13:18:26 PM] SPO: [ 3603442 87 2530833], Score: 0.425716847155, Path (5):
[09/23/2018 13:18:26 PM] [3603442] -339 (0.1)-> [841388] -660 (0.03)-> [542] -660 (0.05)-> [3089312] -500 (0.09)-> [2329118] -316 (0.16)-> [2530833]

[09/23/2018 13:19:17 PM]  
[09/23/2018 13:19:17 PM] SPO: [ 3603814 87 2621452], Score: 0.145204144396, Path (1):
[09/23/2018 13:19:17 PM] [3603814] -301 (0.15)-> [2621452]

[09/23/2018 13:19:17 PM]  
[09/23/2018 13:19:17 PM] SPO: [ 3603814 87 2621452], Score: 0.386855012897, Path (2):
[09/23/2018 13:19:17 PM] [3603814] -339 (0.11)-> [843194] -395 (0.28)-> [2621452]

[09/23/2018 13:19:17 PM]  
[09/23/2018 13:19:17 PM] SPO: [ 3603814 87 2621452], Score: 0.452398228583, Path (2):
[09/23/2018 13:19:17 PM] [3603814] -272 (0.11)-> [5064814] -272 (0.34)-> [2621452]

[09/23/2018 13:19:17 PM]  
[09/23/2018 13:19:17 PM] SPO: [ 3603814 87 2621452], Score: 0.469035748007, Path (5):
[09/23/2018 13:19:17 PM] [3603814] -339 (0.11)-> [843194] -339 (0.05)-> [3603928] -522 (0.08)-> [3604117] -525 (0.1)-> [3604008] -522 (0.12)-> [2621452]

[09/23/2018 13:19:17 PM]  
[09/23/2018 13:19:17 PM] SPO: [ 3603814 87 2621452], Score: 0.201819202235, Path (3):
[09/23/2018 13:19:17 PM] [3603814] -339 (0.11)-> [843194] -339 (0.04)-> [5287545] -140 (0.05)-> [2621452]

[09/23/2018 13:20:08 PM]  
[09/23/2018 13:20:08 PM] SPO: [ 3638007 87 2281238], Score: 0.140646412854, Path (1):
[09/23/2018 13:20:08 PM] [3638007] -301 (0.14)-> [2281238]

[09/23/2018 13:20:08 PM]  
[09/23/2018 13:20:08 PM] SPO: [ 3638007 87 2281238], Score: 0.413939183285, Path (2):
[09/23/2018 13:20:08 PM] [3638007] -339 (0.11)-> [4752496] -395 (0.3)-> [2281238]

[09/23/2018 13:20:08 PM]  
[09/23/2018 13:20:08 PM] SPO: [ 3638007 87 2281238], Score: 0.202704019162, Path (3):
[09/23/2018 13:20:08 PM] [3638007] -339 (0.11)-> [4752496] -339 (0.04)-> [5287545] -140 (0.05)-> [2281238]

[09/23/2018 13:20:08 PM]  
[09/23/2018 13:20:08 PM] SPO: [ 3638007 87 2281238], Score: 0.384365026947, Path (2):
[09/23/2018 13:20:08 PM] [3638007] -339 (0.11)-> [2281474] -395 (0.28)-> [2281238]

[09/23/2018 13:20:08 PM]  
[09/23/2018 13:20:08 PM] SPO: [ 3638007 87 2281238], Score: 0.563850579856, Path (4):
[09/23/2018 13:20:08 PM] [3638007] -339 (0.11)-> [4752496] -339 (0.04)-> [5287545] -339 (0.11)-> [2007749] -395 (0.3)-> [2281238]

[09/23/2018 13:21:03 PM]  
[09/23/2018 13:21:03 PM] SPO: [ 3753014 87 3155616], Score: 0.121169451743, Path (1):
[09/23/2018 13:21:03 PM] [3753014] -301 (0.12)-> [3155616]

[09/23/2018 13:21:03 PM]  
[09/23/2018 13:21:03 PM] SPO: [ 3753014 87 3155616], Score: 0.437455993054, Path (2):
[09/23/2018 13:21:03 PM] [3753014] -272 (0.1)-> [3753168] -272 (0.34)-> [3155616]

[09/23/2018 13:21:03 PM]  
[09/23/2018 13:21:03 PM] SPO: [ 3753014 87 3155616], Score: 0.397408917146, Path (2):
[09/23/2018 13:21:03 PM] [3753014] -283 (0.09)-> [3564791] -283 (0.3)-> [3155616]

[09/23/2018 13:21:03 PM]  
[09/23/2018 13:21:03 PM] SPO: [ 3753014 87 3155616], Score: 0.196824505559, Path (3):
[09/23/2018 13:21:03 PM] [3753014] -283 (0.09)-> [3564791] -283 (0.04)-> [5287545] -140 (0.06)-> [3155616]

[09/23/2018 13:21:03 PM]  
[09/23/2018 13:21:03 PM] SPO: [ 3753014 87 3155616], Score: 0.255127721618, Path (6):
[09/23/2018 13:21:03 PM] [3753014] -283 (0.09)-> [3564791] -250 (0.02)-> [1159992] -250 (0.02)-> [1722417] -65 (0.03)-> [979220] -61 (0.04)-> [3258623] -61 (0.05)-> [3155616]

[09/23/2018 13:21:52 PM]  
[09/23/2018 13:21:52 PM] SPO: [ 3774284 87 1073804], Score: 0.140808147651, Path (1):
[09/23/2018 13:21:52 PM] [3774284] -301 (0.14)-> [1073804]

[09/23/2018 13:21:52 PM]  
[09/23/2018 13:21:52 PM] SPO: [ 3774284 87 1073804], Score: 0.414034626114, Path (2):
[09/23/2018 13:21:52 PM] [3774284] -339 (0.11)-> [5244907] -395 (0.3)-> [1073804]

[09/23/2018 13:21:52 PM]  
[09/23/2018 13:21:52 PM] SPO: [ 3774284 87 1073804], Score: 0.399871518245, Path (2):
[09/23/2018 13:21:52 PM] [3774284] -512 (0.1)-> [318008] -512 (0.3)-> [1073804]

[09/23/2018 13:21:52 PM]  
[09/23/2018 13:21:52 PM] SPO: [ 3774284 87 1073804], Score: 0.431979237878, Path (4):
[09/23/2018 13:21:52 PM] [3774284] -339 (0.11)-> [5244907] -339 (0.06)-> [5452146] -500 (0.11)-> [3055955] -500 (0.15)-> [1073804]

[09/23/2018 13:21:52 PM]  
[09/23/2018 13:21:52 PM] SPO: [ 3774284 87 1073804], Score: 0.203392879377, Path (4):
[09/23/2018 13:21:52 PM] [3774284] -339 (0.11)-> [5244907] -660 (0.03)-> [113] -660 (0.03)-> [3893842] -395 (0.03)-> [1073804]

[09/23/2018 13:24:51 PM]  
[09/23/2018 13:24:51 PM] SPO: [ 3778008 87 1271687], Score: 0.135649887197, Path (1):
[09/23/2018 13:24:51 PM] [3778008] -301 (0.14)-> [1271687]

[09/23/2018 13:24:51 PM]  
[09/23/2018 13:24:51 PM] SPO: [ 3778008 87 1271687], Score: 0.482809821086, Path (2):
[09/23/2018 13:24:51 PM] [3778008] -582 (0.11)-> [1271744] -500 (0.38)-> [1271687]

[09/23/2018 13:24:51 PM]  
[09/23/2018 13:24:51 PM] SPO: [ 3778008 87 1271687], Score: 0.276326896185, Path (6):
[09/23/2018 13:24:51 PM] [3778008] -582 (0.11)-> [1271744] -660 (0.02)-> [338] -660 (0.03)-> [1680207] -500 (0.03)-> [3327257] -65 (0.04)-> [2520828] -167 (0.05)-> [1271687]

[09/23/2018 13:24:51 PM]  
[09/23/2018 13:24:51 PM] SPO: [ 3778008 87 1271687], Score: 0.392660482754, Path (10):
[09/23/2018 13:24:51 PM] [3778008] -582 (0.11)-> [1271744] -660 (0.02)-> [338] -660 (0.03)-> [1680207] -500 (0.03)-> [3327257] -65 (0.04)-> [2520828] -660 (0.02)-> [164] -660 (0.03)-> [4285371] -65 (0.03)-> [790956] -524 (0.04)-> [1773398] -522 (0.04)-> [1271687]

[09/23/2018 13:24:51 PM]  
[09/23/2018 13:24:51 PM] SPO: [ 3778008 87 1271687], Score: 0.446586510173, Path (2):
[09/23/2018 13:24:51 PM] [3778008] -272 (0.1)-> [3778031] -272 (0.34)-> [1271687]

[09/23/2018 13:25:45 PM]  
[09/23/2018 13:25:45 PM] SPO: [ 3778606 87 5215365], Score: 0.118828974072, Path (1):
[09/23/2018 13:25:45 PM] [3778606] -301 (0.12)-> [5215365]

[09/23/2018 13:25:45 PM]  
[09/23/2018 13:25:45 PM] SPO: [ 3778606 87 5215365], Score: 0.4517586692, Path (2):
[09/23/2018 13:25:45 PM] [3778606] -283 (0.1)-> [5073802] -283 (0.35)-> [5215365]

[09/23/2018 13:25:45 PM]  
[09/23/2018 13:25:45 PM] SPO: [ 3778606 87 5215365], Score: 0.242251039609, Path (5):
[09/23/2018 13:25:45 PM] [3778606] -283 (0.1)-> [5073802] -55 (0.02)-> [849162] -660 (0.02)-> [502] -660 (0.02)-> [3397448] -65 (0.08)-> [5215365]

[09/23/2018 13:25:45 PM]  
[09/23/2018 13:25:45 PM] SPO: [ 3778606 87 5215365], Score: 0.193726518682, Path (6):
[09/23/2018 13:25:45 PM] [3778606] -283 (0.1)-> [5073802] -55 (0.02)-> [849162] -230 (0.02)-> [5130698] -283 (0.02)-> [3776608] -301 (0.02)-> [1097350] -301 (0.02)-> [5215365]

[09/23/2018 13:25:45 PM]  
[09/23/2018 13:25:45 PM] SPO: [ 3778606 87 5215365], Score: 0.288174140293, Path (6):
[09/23/2018 13:25:45 PM] [3778606] -283 (0.1)-> [5073802] -55 (0.02)-> [849162] -230 (0.02)-> [5130698] -283 (0.04)-> [5287545] -65 (0.06)-> [1276884] -283 (0.06)-> [5215365]

[09/23/2018 13:26:22 PM]  
[09/23/2018 13:26:22 PM] SPO: [ 3779498 87 4581655], Score: 0.125474723697, Path (1):
[09/23/2018 13:26:22 PM] [3779498] -301 (0.13)-> [4581655]

[09/23/2018 13:26:22 PM]  
[09/23/2018 13:26:22 PM] SPO: [ 3779498 87 4581655], Score: 0.404725821018, Path (2):
[09/23/2018 13:26:22 PM] [3779498] -339 (0.1)-> [4581723] -395 (0.3)-> [4581655]

[09/23/2018 13:26:22 PM]  
[09/23/2018 13:26:22 PM] SPO: [ 3779498 87 4581655], Score: 0.238843982554, Path (4):
[09/23/2018 13:26:22 PM] [3779498] -339 (0.1)-> [4581723] -339 (0.04)-> [5287545] -339 (0.05)-> [2896475] -395 (0.05)-> [4581655]

[09/23/2018 13:26:22 PM]  
[09/23/2018 13:26:22 PM] SPO: [ 3779498 87 4581655], Score: 0.40566093776, Path (2):
[09/23/2018 13:26:22 PM] [3779498] -452 (0.1)-> [1046763] -452 (0.3)-> [4581655]

[09/23/2018 13:26:22 PM]  
[09/23/2018 13:26:22 PM] SPO: [ 3779498 87 4581655], Score: 0.543307272155, Path (7):
[09/23/2018 13:26:22 PM] [3779498] -339 (0.1)-> [4581723] -339 (0.04)-> [5287545] -339 (0.05)-> [2896475] -339 (0.05)-> [4574201] -439 (0.07)-> [416474] -78 (0.09)-> [5424044] -78 (0.15)-> [4581655]

[09/23/2018 13:27:28 PM]  
[09/23/2018 13:27:28 PM] SPO: [ 3781413 87 406264], Score: 0.106377749851, Path (1):
[09/23/2018 13:27:28 PM] [3781413] -582 (0.11)-> [406264]

[09/23/2018 13:27:28 PM]  
[09/23/2018 13:27:28 PM] SPO: [ 3781413 87 406264], Score: 0.432320304834, Path (2):
[09/23/2018 13:27:28 PM] [3781413] -272 (0.09)-> [3782293] -272 (0.34)-> [406264]

[09/23/2018 13:27:28 PM]  
[09/23/2018 13:27:28 PM] SPO: [ 3781413 87 406264], Score: 0.348266055176, Path (2):
[09/23/2018 13:27:28 PM] [3781413] -339 (0.09)-> [5288937] -395 (0.26)-> [406264]

[09/23/2018 13:27:28 PM]  
[09/23/2018 13:27:28 PM] SPO: [ 3781413 87 406264], Score: 0.441433909795, Path (4):
[09/23/2018 13:27:28 PM] [3781413] -339 (0.09)-> [5288937] -339 (0.06)-> [1460826] -511 (0.11)-> [3757457] -65 (0.18)-> [406264]

[09/23/2018 13:27:28 PM]  
[09/23/2018 13:27:28 PM] SPO: [ 3781413 87 406264], Score: 0.238084798352, Path (4):
[09/23/2018 13:27:28 PM] [3781413] -339 (0.09)-> [5288937] -35 (0.03)-> [1259625] -35 (0.05)-> [4112994] -339 (0.06)-> [406264]

[09/23/2018 13:28:18 PM]  
[09/23/2018 13:28:18 PM] SPO: [ 3845765 87 4275576], Score: 0.111771283461, Path (1):
[09/23/2018 13:28:18 PM] [3845765] -301 (0.11)-> [4275576]

[09/23/2018 13:28:18 PM]  
[09/23/2018 13:28:18 PM] SPO: [ 3845765 87 4275576], Score: 0.50024088426, Path (2):
[09/23/2018 13:28:18 PM] [3845765] -522 (0.1)-> [5425789] -522 (0.4)-> [4275576]

[09/23/2018 13:28:18 PM]  
[09/23/2018 13:28:18 PM] SPO: [ 3845765 87 4275576], Score: 0.192498920671, Path (4):
[09/23/2018 13:28:18 PM] [3845765] -522 (0.1)-> [5425789] -660 (0.03)-> [581] -660 (0.03)-> [2467454] -522 (0.04)-> [4275576]

[09/23/2018 13:28:18 PM]  
[09/23/2018 13:28:18 PM] SPO: [ 3845765 87 4275576], Score: 0.367306720875, Path (4):
[09/23/2018 13:28:18 PM] [3845765] -522 (0.1)-> [5425789] -660 (0.03)-> [581] -660 (0.07)-> [2467489] -525 (0.17)-> [4275576]

[09/23/2018 13:28:18 PM]  
[09/23/2018 13:28:18 PM] SPO: [ 3845765 87 4275576], Score: 0.414438095534, Path (2):
[09/23/2018 13:28:18 PM] [3845765] -283 (0.09)-> [543628] -283 (0.32)-> [4275576]

[09/23/2018 13:29:09 PM]  
[09/23/2018 13:29:09 PM] SPO: [ 3846406 87 865455], Score: 0.138384615915, Path (1):
[09/23/2018 13:29:09 PM] [3846406] -301 (0.14)-> [865455]

[09/23/2018 13:29:09 PM]  
[09/23/2018 13:29:09 PM] SPO: [ 3846406 87 865455], Score: 0.44826683494, Path (2):
[09/23/2018 13:29:09 PM] [3846406] -272 (0.11)-> [4837718] -272 (0.34)-> [865455]

[09/23/2018 13:29:09 PM]  
[09/23/2018 13:29:09 PM] SPO: [ 3846406 87 865455], Score: 0.434585706343, Path (2):
[09/23/2018 13:29:09 PM] [3846406] -308 (0.11)-> [3846417] -272 (0.33)-> [865455]

[09/23/2018 13:30:39 PM]  
[09/23/2018 13:30:39 PM] SPO: [ 3886197 87 1261836], Score: 0.102578924068, Path (1):
[09/23/2018 13:30:39 PM] [3886197] -301 (0.1)-> [1261836]

[09/23/2018 13:30:39 PM]  
[09/23/2018 13:30:39 PM] SPO: [ 3886197 87 1261836], Score: 0.472783948767, Path (2):
[09/23/2018 13:30:39 PM] [3886197] -395 (0.09)-> [364822] -395 (0.38)-> [1261836]

[09/23/2018 13:30:39 PM]  
[09/23/2018 13:30:39 PM] SPO: [ 3886197 87 1261836], Score: 0.240928848886, Path (4):
[09/23/2018 13:30:39 PM] [3886197] -395 (0.09)-> [364822] -35 (0.03)-> [1842461] -35 (0.05)-> [4562310] -339 (0.06)-> [1261836]

[09/23/2018 13:30:39 PM]  
[09/23/2018 13:30:39 PM] SPO: [ 3886197 87 1261836], Score: 0.183294695033, Path (4):
[09/23/2018 13:30:39 PM] [3886197] -395 (0.09)-> [364822] -660 (0.02)-> [113] -660 (0.03)-> [5476070] -339 (0.03)-> [1261836]

[09/23/2018 13:30:39 PM]  
[09/23/2018 13:30:39 PM] SPO: [ 3886197 87 1261836], Score: 0.428376241769, Path (4):
[09/23/2018 13:30:39 PM] [3886197] -395 (0.09)-> [364822] -660 (0.02)-> [113] -660 (0.07)-> [5222449] -339 (0.24)-> [1261836]

[09/23/2018 13:31:45 PM]  
[09/23/2018 13:31:45 PM] SPO: [ 3889035 87 3889084], Score: 0.10778430063, Path (1):
[09/23/2018 13:31:45 PM] [3889035] -301 (0.11)-> [3889084]

[09/23/2018 13:31:45 PM]  
[09/23/2018 13:31:45 PM] SPO: [ 3889035 87 3889084], Score: 0.495532352012, Path (2):
[09/23/2018 13:31:45 PM] [3889035] -283 (0.09)-> [2522143] -283 (0.4)-> [3889084]

[09/23/2018 13:31:45 PM]  
[09/23/2018 13:31:45 PM] SPO: [ 3889035 87 3889084], Score: 0.444159098509, Path (2):
[09/23/2018 13:31:45 PM] [3889035] -283 (0.09)-> [2869181] -283 (0.35)-> [3889084]

[09/23/2018 13:31:45 PM]  
[09/23/2018 13:31:45 PM] SPO: [ 3889035 87 3889084], Score: 0.245610239147, Path (6):
[09/23/2018 13:31:45 PM] [3889035] -283 (0.09)-> [2869181] -660 (0.02)-> [736] -660 (0.03)-> [3634620] -283 (0.03)-> [627180] -524 (0.04)-> [2467408] -524 (0.04)-> [3889084]

[09/23/2018 13:31:45 PM]  
[09/23/2018 13:31:45 PM] SPO: [ 3889035 87 3889084], Score: 0.330849373451, Path (6):
[09/23/2018 13:31:45 PM] [3889035] -283 (0.09)-> [2869181] -660 (0.02)-> [736] -660 (0.03)-> [3634620] -65 (0.04)-> [4330895] -259 (0.05)-> [1297467] -259 (0.1)-> [3889084]

[09/23/2018 13:32:10 PM]  
[09/23/2018 13:32:10 PM] SPO: [ 3929281 87 4544318], Score: 0.123289304722, Path (1):
[09/23/2018 13:32:10 PM] [3929281] -301 (0.12)-> [4544318]

[09/23/2018 13:32:10 PM]  
[09/23/2018 13:32:10 PM] SPO: [ 3929281 87 4544318], Score: 0.403354822679, Path (2):
[09/23/2018 13:32:10 PM] [3929281] -339 (0.1)-> [3789359] -395 (0.3)-> [4544318]

[09/23/2018 13:32:10 PM]  
[09/23/2018 13:32:10 PM] SPO: [ 3929281 87 4544318], Score: 0.425345831494, Path (2):
[09/23/2018 13:32:10 PM] [3929281] -308 (0.1)-> [3929410] -272 (0.33)-> [4544318]

[09/23/2018 13:33:02 PM]  
[09/23/2018 13:33:02 PM] SPO: [ 4064325 87 2248699], Score: 0.117762948911, Path (1):
[09/23/2018 13:33:02 PM] [4064325] -301 (0.12)-> [2248699]

[09/23/2018 13:33:02 PM]  
[09/23/2018 13:33:02 PM] SPO: [ 4064325 87 2248699], Score: 0.416919317775, Path (2):
[09/23/2018 13:33:02 PM] [4064325] -301 (0.09)-> [1214752] -301 (0.32)-> [2248699]

[09/23/2018 13:33:02 PM]  
[09/23/2018 13:33:02 PM] SPO: [ 4064325 87 2248699], Score: 0.304563247784, Path (3):
[09/23/2018 13:33:02 PM] [4064325] -301 (0.09)-> [1214752] -301 (0.07)-> [1405178] -316 (0.14)-> [2248699]

[09/23/2018 13:33:02 PM]  
[09/23/2018 13:33:02 PM] SPO: [ 4064325 87 2248699], Score: 0.385330619044, Path (4):
[09/23/2018 13:33:02 PM] [4064325] -301 (0.09)-> [1214752] -615 (0.05)-> [3171138] -615 (0.09)-> [5300056] -301 (0.14)-> [2248699]

[09/23/2018 13:33:02 PM]  
[09/23/2018 13:33:02 PM] SPO: [ 4064325 87 2248699], Score: 0.435249259715, Path (2):
[09/23/2018 13:33:02 PM] [4064325] -272 (0.09)-> [4064696] -272 (0.34)-> [2248699]

[09/23/2018 13:33:59 PM]  
[09/23/2018 13:33:59 PM] SPO: [ 4344422 87 4206719], Score: 0.104274758508, Path (1):
[09/23/2018 13:33:59 PM] [4344422] -301 (0.1)-> [4206719]

[09/23/2018 13:33:59 PM]  
[09/23/2018 13:33:59 PM] SPO: [ 4344422 87 4206719], Score: 0.491236307856, Path (2):
[09/23/2018 13:33:59 PM] [4344422] -301 (0.09)-> [2241010] -301 (0.4)-> [4206719]

[09/23/2018 13:33:59 PM]  
[09/23/2018 13:33:59 PM] SPO: [ 4344422 87 4206719], Score: 0.168622987847, Path (4):
[09/23/2018 13:33:59 PM] [4344422] -301 (0.09)-> [2241010] -660 (0.02)-> [608] -660 (0.03)-> [1162557] -301 (0.03)-> [4206719]

[09/23/2018 13:33:59 PM]  
[09/23/2018 13:33:59 PM] SPO: [ 4344422 87 4206719], Score: 0.281724938108, Path (4):
[09/23/2018 13:33:59 PM] [4344422] -301 (0.09)-> [2241010] -660 (0.02)-> [608] -660 (0.06)-> [735587] -301 (0.11)-> [4206719]

[09/23/2018 13:33:59 PM]  
[09/23/2018 13:33:59 PM] SPO: [ 4344422 87 4206719], Score: 0.362721773578, Path (2):
[09/23/2018 13:33:59 PM] [4344422] -339 (0.09)-> [4206768] -395 (0.28)-> [4206719]

[09/23/2018 13:36:39 PM]  
[09/23/2018 13:36:39 PM] SPO: [ 4787197 87 1261379], Score: 0.114243695572, Path (1):
[09/23/2018 13:36:39 PM] [4787197] -301 (0.11)-> [1261379]

[09/23/2018 13:36:39 PM]  
[09/23/2018 13:36:39 PM] SPO: [ 4787197 87 1261379], Score: 0.488400804937, Path (2):
[09/23/2018 13:36:39 PM] [4787197] -423 (0.1)-> [977472] -423 (0.39)-> [1261379]

[09/23/2018 13:36:39 PM]  
[09/23/2018 13:36:39 PM] SPO: [ 4787197 87 1261379], Score: 0.267107844886, Path (6):
[09/23/2018 13:36:39 PM] [4787197] -423 (0.1)-> [977472] -660 (0.02)-> [195] -660 (0.03)-> [5276188] -423 (0.03)-> [5487532] -65 (0.04)-> [4277638] -167 (0.05)-> [1261379]

[09/23/2018 13:36:39 PM]  
[09/23/2018 13:36:39 PM] SPO: [ 4787197 87 1261379], Score: 0.323396506483, Path (8):
[09/23/2018 13:36:39 PM] [4787197] -423 (0.1)-> [977472] -660 (0.02)-> [195] -660 (0.03)-> [5276188] -423 (0.03)-> [5487532] -65 (0.04)-> [4277638] -660 (0.03)-> [308] -660 (0.04)-> [4370435] -167 (0.04)-> [1261379]

[09/23/2018 13:36:39 PM]  
[09/23/2018 13:36:39 PM] SPO: [ 4787197 87 1261379], Score: 0.331286693657, Path (10):
[09/23/2018 13:36:39 PM] [4787197] -423 (0.1)-> [977472] -660 (0.02)-> [195] -660 (0.03)-> [5276188] -423 (0.03)-> [5487532] -65 (0.04)-> [4277638] -660 (0.03)-> [308] -660 (0.04)-> [4370435] -123 (0.01)-> [3846111] -27 (0.02)-> [4915463] -65 (0.02)-> [1261379]

[09/23/2018 13:37:06 PM]  
[09/23/2018 13:37:06 PM] SPO: [ 4787695 87 4128963], Score: 0.163130816045, Path (1):
[09/23/2018 13:37:06 PM] [4787695] -301 (0.16)-> [4128963]

[09/23/2018 13:37:06 PM]  
[09/23/2018 13:37:06 PM] SPO: [ 4787695 87 4128963], Score: 0.462873976481, Path (2):
[09/23/2018 13:37:06 PM] [4787695] -272 (0.12)-> [4837726] -272 (0.34)-> [4128963]

[09/23/2018 13:37:06 PM]  
[09/23/2018 13:37:06 PM] SPO: [ 4787695 87 4128963], Score: 0.44883189729, Path (2):
[09/23/2018 13:37:06 PM] [4787695] -308 (0.12)-> [4787787] -272 (0.33)-> [4128963]

[09/23/2018 13:37:47 PM]  
[09/23/2018 13:37:47 PM] SPO: [ 5000813 87 3732066], Score: 0.0940289065363, Path (1):
[09/23/2018 13:37:47 PM] [5000813] -301 (0.09)-> [3732066]

[09/23/2018 13:37:47 PM]  
[09/23/2018 13:37:47 PM] SPO: [ 5000813 87 3732066], Score: 0.355991258645, Path (2):
[09/23/2018 13:37:47 PM] [5000813] -339 (0.08)-> [1296875] -395 (0.28)-> [3732066]

[09/23/2018 13:37:47 PM]  
[09/23/2018 13:37:47 PM] SPO: [ 5000813 87 3732066], Score: 0.287781889905, Path (3):
[09/23/2018 13:37:47 PM] [5000813] -339 (0.08)-> [1296875] -339 (0.06)-> [1438057] -316 (0.15)-> [3732066]

[09/23/2018 13:37:47 PM]  
[09/23/2018 13:37:47 PM] SPO: [ 5000813 87 3732066], Score: 0.39307067853, Path (4):
[09/23/2018 13:37:47 PM] [5000813] -339 (0.08)-> [1296875] -339 (0.05)-> [5530037] -65 (0.11)-> [1219543] -167 (0.16)-> [3732066]

[09/23/2018 13:37:47 PM]  
[09/23/2018 13:37:47 PM] SPO: [ 5000813 87 3732066], Score: 0.402392489075, Path (2):
[09/23/2018 13:37:47 PM] [5000813] -283 (0.08)-> [3513033] -283 (0.32)-> [3732066]

[09/23/2018 13:38:47 PM]  
[09/23/2018 13:38:47 PM] SPO: [ 5013283 87 699998], Score: 0.0999495028375, Path (1):
[09/23/2018 13:38:47 PM] [5013283] -301 (0.1)-> [699998]

[09/23/2018 13:38:47 PM]  
[09/23/2018 13:38:47 PM] SPO: [ 5013283 87 699998], Score: 0.387968302087, Path (2):
[09/23/2018 13:38:47 PM] [5013283] -339 (0.09)-> [3478703] -395 (0.3)-> [699998]

[09/23/2018 13:38:47 PM]  
[09/23/2018 13:38:47 PM] SPO: [ 5013283 87 699998], Score: 0.275249400578, Path (3):
[09/23/2018 13:38:47 PM] [5013283] -339 (0.09)-> [3478703] -339 (0.06)-> [5212650] -316 (0.13)-> [699998]

[09/23/2018 13:38:47 PM]  
[09/23/2018 13:38:47 PM] SPO: [ 5013283 87 699998], Score: 0.434205944755, Path (2):
[09/23/2018 13:38:47 PM] [5013283] -61 (0.08)-> [4255985] -61 (0.35)-> [699998]

[09/23/2018 13:38:47 PM]  
[09/23/2018 13:38:47 PM] SPO: [ 5013283 87 699998], Score: 0.194434751031, Path (4):
[09/23/2018 13:38:47 PM] [5013283] -61 (0.08)-> [4255985] -660 (0.03)-> [753] -660 (0.04)-> [2601351] -61 (0.04)-> [699998]

[09/23/2018 13:39:20 PM]  
[09/23/2018 13:39:20 PM] SPO: [ 5305604 87 4548296], Score: 0.103855283152, Path (1):
[09/23/2018 13:39:20 PM] [5305604] -301 (0.1)-> [4548296]

[09/23/2018 13:39:20 PM]  
[09/23/2018 13:39:20 PM] SPO: [ 5305604 87 4548296], Score: 0.382016060253, Path (2):
[09/23/2018 13:39:20 PM] [5305604] -395 (0.09)-> [789344] -395 (0.29)-> [4548296]

[09/23/2018 13:39:20 PM]  
[09/23/2018 13:39:20 PM] SPO: [ 5305604 87 4548296], Score: 0.403781637142, Path (3):
[09/23/2018 13:39:20 PM] [5305604] -395 (0.09)-> [789344] -339 (0.08)-> [5450398] -395 (0.23)-> [4548296]

[09/23/2018 13:39:20 PM]  
[09/23/2018 13:39:20 PM] SPO: [ 5305604 87 4548296], Score: 0.410833905596, Path (4):
[09/23/2018 13:39:20 PM] [5305604] -395 (0.09)-> [789344] -395 (0.05)-> [3205045] -65 (0.11)-> [4190854] -167 (0.16)-> [4548296]

[09/23/2018 13:39:20 PM]  
[09/23/2018 13:39:20 PM] SPO: [ 5305604 87 4548296], Score: 0.439896620279, Path (2):
[09/23/2018 13:39:20 PM] [5305604] -301 (0.09)-> [1162559] -301 (0.35)-> [4548296]

[09/23/2018 13:39:51 PM]  
[09/23/2018 13:39:51 PM] SPO: [ 5345797 87 3641175], Score: 0.15462552488, Path (1):
[09/23/2018 13:39:51 PM] [5345797] -301 (0.15)-> [3641175]

[09/23/2018 13:39:51 PM]  
[09/23/2018 13:39:51 PM] SPO: [ 5345797 87 3641175], Score: 0.457971597265, Path (2):
[09/23/2018 13:39:51 PM] [5345797] -272 (0.12)-> [5345825] -272 (0.34)-> [3641175]

[09/23/2018 13:39:51 PM]  
[09/23/2018 13:39:51 PM] SPO: [ 5345797 87 3641175], Score: 0.487076701768, Path (2):
[09/23/2018 13:39:51 PM] [5345797] -167 (0.12)-> [5485589] -167 (0.37)-> [3641175]

[09/23/2018 13:40:25 PM]  
[09/23/2018 13:40:25 PM] SPO: [ 5377412 87 4367775], Score: 0.103781768248, Path (1):
[09/23/2018 13:40:25 PM] [5377412] -301 (0.1)-> [4367775]

[09/23/2018 13:40:25 PM]  
[09/23/2018 13:40:25 PM] SPO: [ 5377412 87 4367775], Score: 0.439844755528, Path (2):
[09/23/2018 13:40:25 PM] [5377412] -301 (0.09)-> [3144065] -301 (0.35)-> [4367775]

[09/23/2018 13:40:25 PM]  
[09/23/2018 13:40:25 PM] SPO: [ 5377412 87 4367775], Score: 0.362404819042, Path (2):
[09/23/2018 13:40:25 PM] [5377412] -339 (0.09)-> [1453082] -395 (0.28)-> [4367775]

[09/23/2018 13:40:25 PM]  
[09/23/2018 13:40:25 PM] SPO: [ 5377412 87 4367775], Score: 0.379798651651, Path (4):
[09/23/2018 13:40:25 PM] [5377412] -339 (0.09)-> [1453082] -339 (0.06)-> [2292883] -339 (0.1)-> [4368018] -395 (0.14)-> [4367775]

[09/23/2018 13:40:25 PM]  
[09/23/2018 13:40:25 PM] SPO: [ 5377412 87 4367775], Score: 0.460449931488, Path (4):
[09/23/2018 13:40:25 PM] [5377412] -339 (0.09)-> [1453082] -339 (0.06)-> [2292883] -65 (0.07)-> [2733904] -167 (0.24)-> [4367775]

[09/23/2018 13:41:10 PM]  
[09/23/2018 13:41:10 PM] SPO: [ 5450632 87 3908220], Score: 0.361816703902, Path (2):
[09/23/2018 13:41:10 PM] [5450632] -308 (0.1)-> [5451601] -272 (0.27)-> [3908220]

[09/23/2018 13:41:10 PM]  
[09/23/2018 13:41:10 PM] SPO: [ 5450632 87 3908220], Score: 0.221835289376, Path (2):
[09/23/2018 13:41:10 PM] [5450632] -661 (0.07)-> [1471214] -511 (0.15)-> [3908220]

[09/23/2018 13:41:10 PM]  
[09/23/2018 13:41:10 PM] SPO: [ 5450632 87 3908220], Score: 0.213749029885, Path (3):
[09/23/2018 13:41:10 PM] [5450632] -661 (0.07)-> [1471214] -500 (0.06)-> [5450782] -301 (0.09)-> [3908220]

[09/23/2018 13:41:10 PM]  
[09/23/2018 13:41:10 PM] SPO: [ 5450632 87 3908220], Score: 0.238627929198, Path (3):
[09/23/2018 13:41:10 PM] [5450632] -308 (0.1)-> [5451601] -272 (0.06)-> [5450782] -301 (0.09)-> [3908220]

[09/23/2018 13:41:10 PM]  
[09/23/2018 13:41:10 PM] SPO: [ 5450632 87 3908220], Score: 0.328331594874, Path (4):
[09/23/2018 13:41:10 PM] [5450632] -661 (0.07)-> [1471214] -65 (0.05)-> [5328158] -511 (0.09)-> [581559] -511 (0.12)-> [3908220]

[09/23/2018 13:43:33 PM]  
[09/23/2018 13:43:33 PM] SPO: [ 5473127 87 1134574], Score: 0.124513247185, Path (1):
[09/23/2018 13:43:33 PM] [5473127] -301 (0.12)-> [1134574]

[09/23/2018 13:43:33 PM]  
[09/23/2018 13:43:33 PM] SPO: [ 5473127 87 1134574], Score: 0.428453857044, Path (2):
[09/23/2018 13:43:33 PM] [5473127] -116 (0.1)-> [2115994] -116 (0.33)-> [1134574]

[09/23/2018 13:43:33 PM]  
[09/23/2018 13:43:33 PM] SPO: [ 5473127 87 1134574], Score: 0.2563134314, Path (6):
[09/23/2018 13:43:33 PM] [5473127] -116 (0.1)-> [2115994] -660 (0.02)-> [390] -660 (0.03)-> [4010660] -116 (0.03)-> [708358] -511 (0.03)-> [2892660] -65 (0.04)-> [1134574]

[09/23/2018 13:43:33 PM]  
[09/23/2018 13:43:33 PM] SPO: [ 5473127 87 1134574], Score: 0.300404682967, Path (8):
[09/23/2018 13:43:33 PM] [5473127] -116 (0.1)-> [2115994] -660 (0.02)-> [390] -660 (0.03)-> [4010660] -116 (0.03)-> [708358] -511 (0.03)-> [2892660] -660 (0.02)-> [480] -660 (0.03)-> [5378176] -167 (0.03)-> [1134574]

[09/23/2018 13:43:33 PM]  
[09/23/2018 13:43:33 PM] SPO: [ 5473127 87 1134574], Score: 0.28319463417, Path (8):
[09/23/2018 13:43:33 PM] [5473127] -116 (0.1)-> [2115994] -660 (0.02)-> [390] -660 (0.03)-> [4010660] -116 (0.03)-> [708358] -511 (0.03)-> [2892660] -480 (0.02)-> [4163397] -410 (0.02)-> [2691937] -511 (0.03)-> [1134574]

[09/23/2018 13:44:07 PM]  
[09/23/2018 13:44:07 PM] SPO: [ 5536443 87 3295643], Score: 0.110098895528, Path (1):
[09/23/2018 13:44:07 PM] [5536443] -301 (0.11)-> [3295643]

[09/23/2018 13:44:07 PM]  
[09/23/2018 13:44:07 PM] SPO: [ 5536443 87 3295643], Score: 0.39483151914, Path (2):
[09/23/2018 13:44:07 PM] [5536443] -339 (0.09)-> [5295981] -395 (0.3)-> [3295643]

[09/23/2018 13:44:07 PM]  
[09/23/2018 13:44:07 PM] SPO: [ 5536443 87 3295643], Score: 0.430199380344, Path (2):
[09/23/2018 13:44:07 PM] [5536443] -272 (0.09)-> [4837728] -272 (0.34)-> [3295643]

[09/23/2018 13:44:55 PM]  
[09/23/2018 13:44:55 PM] SPO: [ 5556003 87 1154856], Score: 0.131533511499, Path (1):
[09/23/2018 13:44:55 PM] [5556003] -301 (0.13)-> [1154856]

[09/23/2018 13:44:55 PM]  
[09/23/2018 13:44:55 PM] SPO: [ 5556003 87 1154856], Score: 0.408468003799, Path (2):
[09/23/2018 13:44:55 PM] [5556003] -339 (0.11)-> [3482798] -395 (0.3)-> [1154856]

[09/23/2018 13:44:55 PM]  
[09/23/2018 13:44:55 PM] SPO: [ 5556003 87 1154856], Score: 0.444031278259, Path (2):
[09/23/2018 13:44:55 PM] [5556003] -272 (0.1)-> [5556267] -272 (0.34)-> [1154856]

[09/23/2018 14:27:29 PM] Filename: /home/galois/Documents/streamminer/streamminer2.py


[09/23/2018 14:27:29 PM] Line #    Mem usage    Increment   Line Contents

[09/23/2018 14:27:29 PM] ================================================

[09/23/2018 14:27:29 PM]    234   2028.2 MiB   2028.2 MiB   @profile

[09/23/2018 14:27:29 PM]    235                             def extract_paths_sm(Gv, Gr, triples, y, features=None):

[09/23/2018 14:27:29 PM]    236   2028.2 MiB      0.0 MiB       return_features = False

[09/23/2018 14:27:29 PM]    237   2028.2 MiB      0.0 MiB       if features is None:

[09/23/2018 14:27:29 PM]    238   2028.2 MiB      0.0 MiB           return_features = True

[09/23/2018 14:27:29 PM]    239   2028.2 MiB      0.0 MiB           features, pos_features, neg_features = set(), set(), set()

[09/23/2018 14:27:29 PM]    240   2028.2 MiB      0.0 MiB       measurements = []

[09/23/2018 14:27:29 PM]    241                             

[09/23/2018 14:27:29 PM]    242  14349.8 MiB  -3118.9 MiB       for idx, triple in enumerate(tqdm(triples)):

[09/23/2018 14:27:29 PM]    243  14349.8 MiB  -3105.9 MiB           sid, pid, oid = triple['sid'], triple['pid'], triple['oid']

[09/23/2018 14:27:29 PM]    244  14349.8 MiB  -3104.9 MiB           label = y[idx]

[09/23/2018 14:27:29 PM]    245  14349.8 MiB  -3105.3 MiB           triple_feature = dict()

[09/23/2018 14:27:29 PM]    246  14349.8 MiB   9172.5 MiB           discovered_paths = yenKSP(Gv, Gr, sid, pid, oid, K = 5)

[09/23/2018 14:27:29 PM]    247  14349.8 MiB  -3133.5 MiB           for path in discovered_paths:

[09/23/2018 14:27:29 PM]    248  12689.6 MiB      2.1 MiB               log.info("{}\n".format(path))

[09/23/2018 14:27:29 PM]    249  12689.6 MiB      0.0 MiB               ff = tuple(path.relational_path)

[09/23/2018 14:27:29 PM]    250  12689.6 MiB      0.0 MiB               if ff not in features:

[09/23/2018 14:27:29 PM]    251  12578.3 MiB      0.0 MiB                   features.add(ff)

[09/23/2018 14:27:29 PM]    252  12578.3 MiB      0.0 MiB                   if label == 1:

[09/23/2018 14:27:29 PM]    253  12578.3 MiB      0.2 MiB                       pos_features.add(ff)

[09/23/2018 14:27:29 PM]    254                                             elif label == 0:

[09/23/2018 14:27:29 PM]    255                                                 neg_features.add(ff)

[09/23/2018 14:27:29 PM]    256                                             else:

[09/23/2018 14:27:29 PM]    257                                                 raise Exception("Unknown class label: {}".format(label))

[09/23/2018 14:27:29 PM]    258  12689.6 MiB      0.3 MiB               triple_feature[ff] = triple_feature.get(ff, 0) + 1

[09/23/2018 14:27:29 PM]    259  14349.8 MiB  -3133.9 MiB           measurements.append(triple_feature)

[09/23/2018 14:27:29 PM]    260  14349.8 MiB  -3111.5 MiB           gc.collect()

[09/23/2018 14:27:29 PM]    261  14336.8 MiB    -13.0 MiB       if return_features:

[09/23/2018 14:27:29 PM]    262  14336.8 MiB      0.0 MiB           return features, pos_features, neg_features, measurements

[09/23/2018 14:27:29 PM]    263                                 return measurements

[09/23/2018 14:27:29 PM] 


[09/23/2018 14:27:29 PM] P: +:105, -:0, unique tot:105
[09/23/2018 14:27:29 PM] Time taken: 5749.85s


[09/23/2018 14:27:29 PM] => Path selection..
[09/23/2018 14:27:30 PM] D: +:100, -:0, tot:100
[09/23/2018 14:27:30 PM] Time taken: 0.48s

[09/23/2018 14:27:30 PM] => Model building..
[09/23/2018 14:27:32 PM] #Features: 100, best-AUROC: 1.00000
[09/23/2018 14:27:32 PM] Time taken: 1.99s

[09/23/2018 14:27:32 PM] Filename: /home/galois/Documents/streamminer/streamminer2.py


[09/23/2018 14:27:32 PM] Line #    Mem usage    Increment   Line Contents

[09/23/2018 14:27:32 PM] ================================================

[09/23/2018 14:27:32 PM]     81    935.1 MiB    935.1 MiB   @profile

[09/23/2018 14:27:32 PM]     82                             def train_model_sm(G, triples, relsim, use_interpretable_features=False, cv=10):

[09/23/2018 14:27:32 PM]     83                                 """

[09/23/2018 14:27:32 PM]     84                                 Entry point for building a fact-checking classifier.

[09/23/2018 14:27:32 PM]     85                                 Performs three steps:

[09/23/2018 14:27:32 PM]     86                                 1. Path extraction (features)

[09/23/2018 14:27:32 PM]     87                                 2a. Path selection using information gain

[09/23/2018 14:27:32 PM]     88                                 2b. Filtering most informative discriminative predicate paths

[09/23/2018 14:27:32 PM]     89                                 3. Building logistic regression model

[09/23/2018 14:27:32 PM]     90                             

[09/23/2018 14:27:32 PM]     91                                 Parameters:

[09/23/2018 14:27:32 PM]     92                                 -----------

[09/23/2018 14:27:32 PM]     93                                 G: rgraph

[09/23/2018 14:27:32 PM]     94                                     Knowledge graph.

[09/23/2018 14:27:32 PM]     95                                 triples: dataframe

[09/23/2018 14:27:32 PM]     96                                     A data frame consisting of at least four columns, including

[09/23/2018 14:27:32 PM]     97                                     sid, pid, oid, class.

[09/23/2018 14:27:32 PM]     98                                 use_interpretable_features: bool

[09/23/2018 14:27:32 PM]     99                                     Whether or not to perform 2b.

[09/23/2018 14:27:32 PM]    100                                 cv: int

[09/23/2018 14:27:32 PM]    101                                     Number of cross-validation folds.

[09/23/2018 14:27:32 PM]    102                             

[09/23/2018 14:27:32 PM]    103                                 Returns:

[09/23/2018 14:27:32 PM]    104                                 --------

[09/23/2018 14:27:32 PM]    105                                 vec: DictVectorizer

[09/23/2018 14:27:32 PM]    106                                     Useful for preprocessing future triples.

[09/23/2018 14:27:32 PM]    107                                 model: dict

[09/23/2018 14:27:32 PM]    108                                     A dictionary containing 'clf' as the built model,

[09/23/2018 14:27:32 PM]    109                                     and two other key-value pairs, including best parameter

[09/23/2018 14:27:32 PM]    110                                     and best AUROC score.

[09/23/2018 14:27:32 PM]    111                                 """

[09/23/2018 14:27:32 PM]    112    935.2 MiB      0.1 MiB       y = triples['class'] # ground truth

[09/23/2018 14:27:32 PM]    113    935.3 MiB      0.1 MiB       triples = triples[['sid', 'pid', 'oid']].to_dict(orient='records')

[09/23/2018 14:27:32 PM]    114                             

[09/23/2018 14:27:32 PM]    115    935.3 MiB      0.0 MiB       pid = triples[0]['pid']

[09/23/2018 14:27:32 PM]    116    935.3 MiB      0.0 MiB       log.info('PID is: {}, with type: {}'.format(pid, pid.dtype))

[09/23/2018 14:27:32 PM]    117                             

[09/23/2018 14:27:32 PM]    118    935.3 MiB      0.0 MiB       if np.DataSource().exists(join(HOME, "sm", "G_fil_val_{}.npz".format(int(pid)) ))\

[09/23/2018 14:27:32 PM]    119    935.3 MiB      0.0 MiB          and np.DataSource().exists(join(HOME, "sm", "G_fil_rel_{}.npz".format(int(pid)) )):

[09/23/2018 14:27:32 PM]    120   1482.6 MiB    547.3 MiB           Gr = load_npz(join(HOME, 'sm', 'G_fil_rel_{}.npz'.format(int(pid)) ))

[09/23/2018 14:27:32 PM]    121   2028.0 MiB    545.4 MiB           Gv = load_npz(join(HOME, 'sm', 'G_fil_val_{}.npz'.format(int(pid)) ))

[09/23/2018 14:27:32 PM]    122                                 else:

[09/23/2018 14:27:32 PM]    123                                     # set weights

[09/23/2018 14:27:32 PM]    124                                     indegsim = weighted_degree(G.indeg_vec, weight=WTFN).reshape((1, G.N))

[09/23/2018 14:27:32 PM]    125                                     indegsim = indegsim.ravel()

[09/23/2018 14:27:32 PM]    126                                     targets = G.csr.indices % G.N

[09/23/2018 14:27:32 PM]    127                                     relations = (G.csr.indices - targets) / G.N

[09/23/2018 14:27:32 PM]    128                                     relsimvec = np.array(relsim[int(pid), :]) # specific to predicate p

[09/23/2018 14:27:32 PM]    129                                     relsim_wt = relsimvec[relations] # with the size of relations as the number of relations

[09/23/2018 14:27:32 PM]    130                                     ######################################################

[09/23/2018 14:27:32 PM]    131                                     specificity_wt = indegsim[targets] # specificity

[09/23/2018 14:27:32 PM]    132                             

[09/23/2018 14:27:32 PM]    133                                     ## Removing all the edges with the predicte p in between any nodes.

[09/23/2018 14:27:32 PM]    134                                     log.info('=> Removing predicate {} from KG.\n\n'.format(pid))

[09/23/2018 14:27:32 PM]    135                                     eraseedges_mask = ((G.csr.indices - (G.csr.indices % G.N)) / G.N) == pid

[09/23/2018 14:27:32 PM]    136                                     specificity_wt[eraseedges_mask] = 0

[09/23/2018 14:27:32 PM]    137                                     relsim_wt[eraseedges_mask] = 0

[09/23/2018 14:27:32 PM]    138                                     G.csr.data = specificity_wt.copy()

[09/23/2018 14:27:32 PM]    139                             

[09/23/2018 14:27:32 PM]    140                                     G.csr.data = np.multiply(relsim_wt, G.csr.data)

[09/23/2018 14:27:32 PM]    141                                     log.info("Constructing adjacency matrix for: {}".format(pid))

[09/23/2018 14:27:32 PM]    142                                     adj_list_data = []

[09/23/2018 14:27:32 PM]    143                                     adj_list_s = []

[09/23/2018 14:27:32 PM]    144                                     adj_list_p = []

[09/23/2018 14:27:32 PM]    145                                     adj_list_o = []

[09/23/2018 14:27:32 PM]    146                                     sel_data = np.array([])

[09/23/2018 14:27:32 PM]    147                                     sel_relations = np.array([])

[09/23/2018 14:27:32 PM]    148                                     dicti = {}

[09/23/2018 14:27:32 PM]    149                                     num_nodes = len(G.csr.indptr)-1

[09/23/2018 14:27:32 PM]    150                                     for node in tqdm(xrange(num_nodes)):

[09/23/2018 14:27:32 PM]    151                                         dicti = {}

[09/23/2018 14:27:32 PM]    152                                         start = G.csr.indptr[node]

[09/23/2018 14:27:32 PM]    153                                         end = G.csr.indptr[node+1]

[09/23/2018 14:27:32 PM]    154                             

[09/23/2018 14:27:32 PM]    155                                         sel_data = G.csr.data[start:end]

[09/23/2018 14:27:32 PM]    156                                         sel_relations = relations[start:end]

[09/23/2018 14:27:32 PM]    157                                         for i, sel_tar in enumerate(targets[start:end]):

[09/23/2018 14:27:32 PM]    158                                             if sel_tar in dicti:

[09/23/2018 14:27:32 PM]    159                                                 if dicti[sel_tar][0] < sel_data[i]:

[09/23/2018 14:27:32 PM]    160                                                     dicti[sel_tar] = (sel_data[i], sel_relations[i])

[09/23/2018 14:27:32 PM]    161                                             else:

[09/23/2018 14:27:32 PM]    162                                                 dicti[sel_tar] = (sel_data[i], sel_relations[i])

[09/23/2018 14:27:32 PM]    163                                         for key, value in dicti.iteritems():

[09/23/2018 14:27:32 PM]    164                                             if value[0] != 0:

[09/23/2018 14:27:32 PM]    165                                                 adj_list_data.append(value[0])

[09/23/2018 14:27:32 PM]    166                                                 adj_list_s.append(node)

[09/23/2018 14:27:32 PM]    167                                                 adj_list_p.append(value[1])

[09/23/2018 14:27:32 PM]    168                                                 adj_list_o.append(key)

[09/23/2018 14:27:32 PM]    169                                     Gr = csr_matrix((adj_list_p, (adj_list_s, adj_list_o)), shape=(num_nodes, num_nodes))

[09/23/2018 14:27:32 PM]    170                                     Gv = csr_matrix((adj_list_data, (adj_list_s, adj_list_o)), shape=(num_nodes, num_nodes))

[09/23/2018 14:27:32 PM]    171                                     save_npz(join(HOME, 'sm', 'G_fil_rel_{}.npz'.format(int(pid))), Gr)

[09/23/2018 14:27:32 PM]    172                                     save_npz(join(HOME, 'sm', 'G_fil_val_{}.npz'.format(int(pid))), Gv)

[09/23/2018 14:27:32 PM]    173                             

[09/23/2018 14:27:32 PM]    174                                 ############# Path extraction ###################

[09/23/2018 14:27:32 PM]    175   2028.0 MiB      0.0 MiB       log.info('=> Path extraction..(this can take a while)')

[09/23/2018 14:27:32 PM]    176   2028.0 MiB      0.0 MiB       t1 = time()

[09/23/2018 14:27:32 PM]    177  14336.9 MiB  12308.9 MiB       features, pos_features, neg_features, measurements = extract_paths_sm(Gv, Gr, triples, y)

[09/23/2018 14:27:32 PM]    178  14336.9 MiB      0.0 MiB       log.info('P: +:{}, -:{}, unique tot:{}'.format(len(pos_features), len(neg_features), len(features)))

[09/23/2018 14:27:32 PM]    179  14336.9 MiB      0.0 MiB       vec = DictVectorizer()

[09/23/2018 14:27:32 PM]    180  14338.0 MiB      1.1 MiB       X = vec.fit_transform(measurements)

[09/23/2018 14:27:32 PM]    181  14338.0 MiB      0.0 MiB       n, m = X.shape

[09/23/2018 14:27:32 PM]    182  14338.0 MiB      0.0 MiB       log.info('Time taken: {:.2f}s\n\n'.format(time() - t1))

[09/23/2018 14:27:32 PM]    183                             

[09/23/2018 14:27:32 PM]    184                                 ########### Path selection ###############

[09/23/2018 14:27:32 PM]    185  14338.0 MiB      0.0 MiB       log.info('=> Path selection..')

[09/23/2018 14:27:32 PM]    186  14338.0 MiB      0.0 MiB       t1 = time()

[09/23/2018 14:27:32 PM]    187  14338.0 MiB      0.0 MiB       pathselect = SelectKBest(mutual_info_classif, k=min(100, m))

[09/23/2018 14:27:32 PM]    188  14339.2 MiB      1.2 MiB       X_select = pathselect.fit_transform(X, y)

[09/23/2018 14:27:32 PM]    189  14339.2 MiB      0.0 MiB       selectidx = pathselect.get_support(indices=True) # selected feature indices

[09/23/2018 14:27:32 PM]    190  14339.2 MiB      0.0 MiB       vec = vec.restrict(selectidx, indices=True)

[09/23/2018 14:27:32 PM]    191  14339.2 MiB      0.0 MiB       select_pos_features, select_neg_features = set(), set()

[09/23/2018 14:27:32 PM]    192  14339.2 MiB      0.0 MiB       for feature in vec.get_feature_names():

[09/23/2018 14:27:32 PM]    193  14339.2 MiB      0.0 MiB           if feature in pos_features:

[09/23/2018 14:27:32 PM]    194  14339.2 MiB      0.0 MiB               select_pos_features.add(feature)

[09/23/2018 14:27:32 PM]    195  14339.2 MiB      0.0 MiB           if feature in neg_features:

[09/23/2018 14:27:32 PM]    196                                         select_neg_features.add(feature)

[09/23/2018 14:27:32 PM]    197  14339.2 MiB      0.0 MiB       log.info('D: +:{}, -:{}, tot:{}'.format(len(select_pos_features), len(select_neg_features), X_select.shape[1]))

[09/23/2018 14:27:32 PM]    198  14339.2 MiB      0.0 MiB       log.info('Time taken: {:.2f}s\n'.format(time() - t1))

[09/23/2018 14:27:32 PM]    199                             

[09/23/2018 14:27:32 PM]    200                                 # Fact interpretation

[09/23/2018 14:27:32 PM]    201  14339.2 MiB      0.0 MiB       if use_interpretable_features and len(select_neg_features) > 0:

[09/23/2018 14:27:32 PM]    202                                     log.info('=> Fact interpretation..')

[09/23/2018 14:27:32 PM]    203                                     t1 = time()

[09/23/2018 14:27:32 PM]    204                                     theta = 10

[09/23/2018 14:27:32 PM]    205                                     select_neg_idx = [i for i, f in enumerate(vec.get_feature_names()) if f in select_neg_features]

[09/23/2018 14:27:32 PM]    206                                     removemask = np.where(np.sum(X_select[:, select_neg_idx], axis=0) >= theta)[0]

[09/23/2018 14:27:32 PM]    207                                     restrictidx = select_neg_idx[removemask]

[09/23/2018 14:27:32 PM]    208                                     keepidx = []

[09/23/2018 14:27:32 PM]    209                                     for i, f in enumerate(vec.get_feature_names()):

[09/23/2018 14:27:32 PM]    210                                         if i not in restrictidx:

[09/23/2018 14:27:32 PM]    211                                             keepidx.append(i)

[09/23/2018 14:27:32 PM]    212                                         else:

[09/23/2018 14:27:32 PM]    213                                             select_neg_features.remove(f)

[09/23/2018 14:27:32 PM]    214                                     vec = vec.restrictidx(keepidx, indices=True)

[09/23/2018 14:27:32 PM]    215                                     X_select = X_select[:, keepidx]

[09/23/2018 14:27:32 PM]    216                                     log.info('D*: +:{}, -:{}, tot:{}'.format(len(select_pos_features), len(select_neg_features), X_select.shape[1]))

[09/23/2018 14:27:32 PM]    217                                     log.info('Time taken: {:.2f}s\n'.format(time() - t1))

[09/23/2018 14:27:32 PM]    218                             

[09/23/2018 14:27:32 PM]    219                                 # Model creation

[09/23/2018 14:27:32 PM]    220  14339.2 MiB      0.0 MiB       log.info('=> Model building..')

[09/23/2018 14:27:32 PM]    221  14339.2 MiB      0.0 MiB       t1 = time()

[09/23/2018 14:27:32 PM]    222  14341.1 MiB      1.9 MiB       model = find_best_model(X_select, y, cv=cv)

[09/23/2018 14:27:32 PM]    223  14341.1 MiB      0.0 MiB       log.info('#Features: {}, best-AUROC: {:.5f}'.format(X_select.shape[1], model['best_score']))

[09/23/2018 14:27:32 PM]    224  14341.1 MiB      0.0 MiB       log.info('Time taken: {:.2f}s\n'.format(time() - t1))

[09/23/2018 14:27:32 PM]    225                             

[09/23/2018 14:27:32 PM]    226  14341.1 MiB      0.0 MiB       return vec, model

[09/23/2018 14:27:32 PM] 


[09/23/2018 14:27:32 PM] Time taken: 5759.79s

[09/23/2018 14:27:32 PM] Saved: /home/galois/Documents/streamminer/output/out_streamminer_predpath_state_capital_2018-09-23_12:51:30.pkl
[09/23/2018 14:27:32 PM] 
Done!

[09/23/2018 14:27:32 PM] 

