[09/23/2018 14:28:35 PM] Launching sm..
[09/23/2018 14:28:35 PM] Dataset: predpath_vice_president.csv
[09/23/2018 14:28:35 PM] Output dir: /home/galois/Documents/streamminer/output
[09/23/2018 14:28:35 PM] Read data: (274, 7) predpath_vice_president.csv
[09/23/2018 14:28:35 PM] Note: Found non-NA records: (274, 7)
[09/23/2018 14:28:35 PM] Reconstructing graph from /home/galois/Documents/streamminer/data/kg/_undir
[09/23/2018 14:28:35 PM] 

[09/23/2018 14:28:36 PM] => Loaded: undir_data.npy
[09/23/2018 14:28:36 PM] 

[09/23/2018 14:28:37 PM] => Loaded: undir_indptr.npy
[09/23/2018 14:28:37 PM] 

[09/23/2018 14:28:38 PM] => Loaded: undir_indices.npy
[09/23/2018 14:28:38 PM] 

[09/23/2018 14:28:38 PM] => Loaded: undir_indeg_vec.npy
[09/23/2018 14:28:38 PM] 

[09/23/2018 14:28:38 PM] => Graph loaded: 3.40 secs.

[09/23/2018 14:28:38 PM] 

[09/23/2018 14:28:39 PM] PID is: 627, with type: int64
[09/23/2018 14:28:46 PM] => Path extraction..(this can take a while)
[09/23/2018 14:29:20 PM] SPO: [ 2045464 627 2689465], Score: 0.147350476892, Path (1):
[09/23/2018 14:29:20 PM] [2045464] -468 (0.15)-> [2689465]

[09/23/2018 14:29:20 PM]  
[09/23/2018 14:29:20 PM] SPO: [ 2045464 627 2689465], Score: 0.355850119088, Path (2):
[09/23/2018 14:29:20 PM] [2045464] -468 (0.1)-> [4564304] -468 (0.25)-> [2689465]

[09/23/2018 14:29:20 PM]  
[09/23/2018 14:29:20 PM] SPO: [ 2045464 627 2689465], Score: 0.315230987026, Path (3):
[09/23/2018 14:29:20 PM] [2045464] -468 (0.1)-> [4564304] -468 (0.08)-> [5116699] -468 (0.14)-> [2689465]

[09/23/2018 14:29:20 PM]  
[09/23/2018 14:29:20 PM] SPO: [ 2045464 627 2689465], Score: 0.321188691874, Path (2):
[09/23/2018 14:29:20 PM] [2045464] -468 (0.1)-> [4405200] -468 (0.22)-> [2689465]

[09/23/2018 14:29:20 PM]  
[09/23/2018 14:29:20 PM] SPO: [ 2045464 627 2689465], Score: 0.310022950789, Path (3):
[09/23/2018 14:29:20 PM] [2045464] -468 (0.1)-> [4405200] -468 (0.08)-> [5116699] -468 (0.14)-> [2689465]

[09/23/2018 14:29:42 PM]  
[09/23/2018 14:29:42 PM] SPO: [ 2689465 627 5116699], Score: 0.136321038008, Path (1):
[09/23/2018 14:29:42 PM] [2689465] -468 (0.14)-> [5116699]

[09/23/2018 14:29:42 PM]  
[09/23/2018 14:29:42 PM] SPO: [ 2689465 627 5116699], Score: 0.3162346972, Path (2):
[09/23/2018 14:29:42 PM] [2689465] -468 (0.09)-> [4405200] -468 (0.22)-> [5116699]

[09/23/2018 14:29:42 PM]  
[09/23/2018 14:29:42 PM] SPO: [ 2689465 627 5116699], Score: 0.296120748156, Path (2):
[09/23/2018 14:29:42 PM] [2689465] -468 (0.09)-> [811453] -468 (0.21)-> [5116699]

[09/23/2018 14:29:42 PM]  
[09/23/2018 14:29:42 PM] SPO: [ 2689465 627 5116699], Score: 0.295532463938, Path (3):
[09/23/2018 14:29:42 PM] [2689465] -468 (0.09)-> [811453] -465 (0.07)-> [4405679] -468 (0.13)-> [5116699]

[09/23/2018 14:29:42 PM]  
[09/23/2018 14:29:42 PM] SPO: [ 2689465 627 5116699], Score: 0.282607176641, Path (4):
[09/23/2018 14:29:42 PM] [2689465] -468 (0.09)-> [811453] -441 (0.05)-> [1842498] -441 (0.06)-> [5503648] -32 (0.09)-> [5116699]

[09/23/2018 14:30:47 PM]  
[09/23/2018 14:30:47 PM] SPO: [ 5116699 627 300326], Score: 0.179943425985, Path (1):
[09/23/2018 14:30:47 PM] [5116699] -468 (0.18)-> [300326]

[09/23/2018 14:30:47 PM]  
[09/23/2018 14:30:47 PM] SPO: [ 5116699 627 300326], Score: 0.273767169088, Path (2):
[09/23/2018 14:30:47 PM] [5116699] -468 (0.1)-> [2030179] -260 (0.17)-> [300326]

[09/23/2018 14:30:47 PM]  
[09/23/2018 14:30:47 PM] SPO: [ 5116699 627 300326], Score: 0.316076662264, Path (3):
[09/23/2018 14:30:47 PM] [5116699] -468 (0.1)-> [2030179] -592 (0.07)-> [3648762] -592 (0.14)-> [300326]

[09/23/2018 14:30:47 PM]  
[09/23/2018 14:30:47 PM] SPO: [ 5116699 627 300326], Score: 0.304966345279, Path (4):
[09/23/2018 14:30:47 PM] [5116699] -468 (0.1)-> [2030179] -592 (0.07)-> [3648762] -441 (0.05)-> [1463445] -441 (0.08)-> [300326]

[09/23/2018 14:30:47 PM]  
[09/23/2018 14:30:47 PM] SPO: [ 5116699 627 300326], Score: 0.418362348844, Path (3):
[09/23/2018 14:30:47 PM] [5116699] -32 (0.08)-> [4404001] -260 (0.12)-> [2030179] -260 (0.22)-> [300326]

[09/23/2018 14:31:43 PM]  
[09/23/2018 14:31:43 PM] SPO: [ 2561838 627 1664306], Score: 0.19274258794, Path (1):
[09/23/2018 14:31:43 PM] [2561838] -468 (0.19)-> [1664306]

[09/23/2018 14:31:43 PM]  
[09/23/2018 14:31:43 PM] SPO: [ 2561838 627 1664306], Score: 0.322099433571, Path (2):
[09/23/2018 14:31:43 PM] [2561838] -468 (0.1)-> [574879] -578 (0.22)-> [1664306]

[09/23/2018 14:31:43 PM]  
[09/23/2018 14:31:43 PM] SPO: [ 2561838 627 1664306], Score: 0.297238132868, Path (3):
[09/23/2018 14:31:43 PM] [2561838] -468 (0.06)-> [2563240] -468 (0.09)-> [1371944] -465 (0.15)-> [1664306]

[09/23/2018 14:31:43 PM]  
[09/23/2018 14:31:43 PM] SPO: [ 2561838 627 1664306], Score: 0.402722999297, Path (4):
[09/23/2018 14:31:43 PM] [2561838] -468 (0.1)-> [574879] -465 (0.06)-> [2230204] -260 (0.1)-> [1371944] -465 (0.15)-> [1664306]

[09/23/2018 14:31:43 PM]  
[09/23/2018 14:31:43 PM] SPO: [ 2561838 627 1664306], Score: 0.386061935367, Path (5):
[09/23/2018 14:31:43 PM] [2561838] -468 (0.1)-> [574879] -465 (0.06)-> [2230204] -260 (0.1)-> [1371944] -441 (0.05)-> [1463445] -441 (0.08)-> [1664306]

[09/23/2018 14:32:31 PM]  
[09/23/2018 14:32:31 PM] SPO: [ 2728267 627 2696193], Score: 0.162181497721, Path (1):
[09/23/2018 14:32:31 PM] [2728267] -468 (0.16)-> [2696193]

[09/23/2018 14:32:31 PM]  
[09/23/2018 14:32:31 PM] SPO: [ 2728267 627 2696193], Score: 0.305434264716, Path (2):
[09/23/2018 14:32:31 PM] [2728267] -468 (0.09)-> [1885049] -578 (0.22)-> [2696193]

[09/23/2018 14:32:31 PM]  
[09/23/2018 14:32:31 PM] SPO: [ 2728267 627 2696193], Score: 0.244658788512, Path (2):
[09/23/2018 14:32:31 PM] [2728267] -468 (0.07)-> [2551122] -465 (0.17)-> [2696193]

[09/23/2018 14:32:31 PM]  
[09/23/2018 14:32:31 PM] SPO: [ 2728267 627 2696193], Score: 0.202788726112, Path (3):
[09/23/2018 14:32:31 PM] [2728267] -468 (0.07)-> [2551122] -441 (0.05)-> [1463445] -429 (0.08)-> [2696193]

[09/23/2018 14:32:31 PM]  
[09/23/2018 14:32:31 PM] SPO: [ 2728267 627 2696193], Score: 0.313693604342, Path (4):
[09/23/2018 14:32:31 PM] [2728267] -468 (0.07)-> [2551122] -592 (0.05)-> [2728858] -468 (0.07)-> [545467] -468 (0.12)-> [2696193]

[09/23/2018 14:33:02 PM]  
[09/23/2018 14:33:02 PM] SPO: [ 545467 627 3418733], Score: 0.158065548071, Path (1):
[09/23/2018 14:33:02 PM] [545467] -468 (0.16)-> [3418733]

[09/23/2018 14:33:02 PM]  
[09/23/2018 14:33:02 PM] SPO: [ 545467 627 3418733], Score: 0.332671508885, Path (2):
[09/23/2018 14:33:02 PM] [545467] -468 (0.1)-> [5512941] -468 (0.23)-> [3418733]

[09/23/2018 14:33:02 PM]  
[09/23/2018 14:33:02 PM] SPO: [ 545467 627 3418733], Score: 0.332671508885, Path (2):
[09/23/2018 14:33:02 PM] [545467] -468 (0.1)-> [809834] -468 (0.23)-> [3418733]

[09/23/2018 14:33:02 PM]  
[09/23/2018 14:33:02 PM] SPO: [ 545467 627 3418733], Score: 0.294786885761, Path (3):
[09/23/2018 14:33:02 PM] [545467] -468 (0.1)-> [809834] -465 (0.07)-> [1847852] -468 (0.12)-> [3418733]

[09/23/2018 14:33:02 PM]  
[09/23/2018 14:33:02 PM] SPO: [ 545467 627 3418733], Score: 0.343957997656, Path (4):
[09/23/2018 14:33:02 PM] [545467] -468 (0.1)-> [809834] -465 (0.05)-> [4427003] -465 (0.07)-> [3135533] -468 (0.13)-> [3418733]

[09/23/2018 14:33:50 PM]  
[09/23/2018 14:33:50 PM] SPO: [ 3418733 627 4361612], Score: 0.165384491973, Path (1):
[09/23/2018 14:33:50 PM] [3418733] -468 (0.17)-> [4361612]

[09/23/2018 14:33:50 PM]  
[09/23/2018 14:33:50 PM] SPO: [ 3418733 627 4361612], Score: 0.390950690179, Path (3):
[09/23/2018 14:33:50 PM] [3418733] -468 (0.06)-> [5520174] -468 (0.1)-> [2736503] -465 (0.24)-> [4361612]

[09/23/2018 14:33:50 PM]  
[09/23/2018 14:33:50 PM] SPO: [ 3418733 627 4361612], Score: 0.35778070735, Path (4):
[09/23/2018 14:33:50 PM] [3418733] -468 (0.06)-> [5520174] -468 (0.05)-> [5619311] -468 (0.09)-> [4403029] -465 (0.16)-> [4361612]

[09/23/2018 14:33:50 PM]  
[09/23/2018 14:33:50 PM] SPO: [ 3418733 627 4361612], Score: 0.332709256227, Path (5):
[09/23/2018 14:33:50 PM] [3418733] -468 (0.06)-> [5520174] -468 (0.05)-> [5619311] -468 (0.09)-> [4403029] -441 (0.05)-> [1463445] -441 (0.08)-> [4361612]

[09/23/2018 14:33:50 PM]  
[09/23/2018 14:33:50 PM] SPO: [ 3418733 627 4361612], Score: 0.390950690179, Path (3):
[09/23/2018 14:33:50 PM] [3418733] -468 (0.06)-> [1185570] -468 (0.1)-> [2736503] -465 (0.24)-> [4361612]

[09/23/2018 14:34:24 PM]  
[09/23/2018 14:34:24 PM] SPO: [ 5509893 627 2736503], Score: 0.145879510965, Path (1):
[09/23/2018 14:34:24 PM] [5509893] -468 (0.15)-> [2736503]

[09/23/2018 14:34:24 PM]  
[09/23/2018 14:34:24 PM] SPO: [ 5509893 627 2736503], Score: 0.335136277142, Path (2):
[09/23/2018 14:34:24 PM] [5509893] -468 (0.1)-> [1185570] -468 (0.24)-> [2736503]

[09/23/2018 14:34:24 PM]  
[09/23/2018 14:34:24 PM] SPO: [ 5509893 627 2736503], Score: 0.304468595386, Path (2):
[09/23/2018 14:34:24 PM] [5509893] -468 (0.09)-> [3132179] -468 (0.21)-> [2736503]

[09/23/2018 14:34:24 PM]  
[09/23/2018 14:34:24 PM] SPO: [ 5509893 627 2736503], Score: 0.318080944647, Path (3):
[09/23/2018 14:34:24 PM] [5509893] -468 (0.1)-> [1185570] -465 (0.08)-> [2550845] -468 (0.14)-> [2736503]

[09/23/2018 14:34:24 PM]  
[09/23/2018 14:34:24 PM] SPO: [ 5509893 627 2736503], Score: 0.255714624221, Path (5):
[09/23/2018 14:34:24 PM] [5509893] -468 (0.1)-> [1185570] -65 (0.02)-> [2231287] -65 (0.03)-> [1421534] -465 (0.04)-> [2040889] -465 (0.07)-> [2736503]

[09/23/2018 14:35:02 PM]  
[09/23/2018 14:35:02 PM] SPO: [ 2559891 627 2037785], Score: 0.172224840993, Path (1):
[09/23/2018 14:35:02 PM] [2559891] -468 (0.17)-> [2037785]

[09/23/2018 14:35:02 PM]  
[09/23/2018 14:35:02 PM] SPO: [ 2559891 627 2037785], Score: 0.329280142458, Path (2):
[09/23/2018 14:35:02 PM] [2559891] -468 (0.09)-> [4779757] -578 (0.24)-> [2037785]

[09/23/2018 14:35:02 PM]  
[09/23/2018 14:35:02 PM] SPO: [ 2559891 627 2037785], Score: 0.232603945449, Path (2):
[09/23/2018 14:35:02 PM] [2559891] -468 (0.09)-> [2552375] -468 (0.15)-> [2037785]

[09/23/2018 14:35:02 PM]  
[09/23/2018 14:35:02 PM] SPO: [ 2559891 627 2037785], Score: 0.329269438929, Path (3):
[09/23/2018 14:35:02 PM] [2559891] -468 (0.09)-> [2552375] -468 (0.09)-> [1932748] -468 (0.15)-> [2037785]

[09/23/2018 14:35:02 PM]  
[09/23/2018 14:35:02 PM] SPO: [ 2559891 627 2037785], Score: 0.368549805524, Path (4):
[09/23/2018 14:35:02 PM] [2559891] -468 (0.09)-> [4779757] -465 (0.05)-> [316160] -468 (0.08)-> [3579288] -465 (0.14)-> [2037785]

[09/23/2018 14:35:30 PM]  
[09/23/2018 14:35:30 PM] SPO: [ 1932748 627 5518399], Score: 0.183075163907, Path (1):
[09/23/2018 14:35:30 PM] [1932748] -468 (0.18)-> [5518399]

[09/23/2018 14:35:30 PM]  
[09/23/2018 14:35:30 PM] SPO: [ 1932748 627 5518399], Score: 0.249157535074, Path (2):
[09/23/2018 14:35:30 PM] [1932748] -468 (0.08)-> [3136656] -465 (0.17)-> [5518399]

[09/23/2018 14:35:30 PM]  
[09/23/2018 14:35:30 PM] SPO: [ 1932748 627 5518399], Score: 0.167838609043, Path (2):
[09/23/2018 14:35:30 PM] [1932748] -465 (0.06)-> [3579288] -465 (0.11)-> [5518399]

[09/23/2018 14:35:30 PM]  
[09/23/2018 14:35:30 PM] SPO: [ 1932748 627 5518399], Score: 0.283089134297, Path (3):
[09/23/2018 14:35:30 PM] [1932748] -468 (0.08)-> [3136656] -465 (0.07)-> [1430892] -465 (0.14)-> [5518399]

[09/23/2018 14:35:30 PM]  
[09/23/2018 14:35:30 PM] SPO: [ 1932748 627 5518399], Score: 0.33267243279, Path (4):
[09/23/2018 14:35:30 PM] [1932748] -468 (0.08)-> [3136656] -465 (0.05)-> [2638606] -465 (0.07)-> [809782] -592 (0.13)-> [5518399]

[09/23/2018 14:36:19 PM]  
[09/23/2018 14:36:19 PM] SPO: [ 318373 627 2230765], Score: 0.173368266588, Path (1):
[09/23/2018 14:36:19 PM] [318373] -468 (0.17)-> [2230765]

[09/23/2018 14:36:19 PM]  
[09/23/2018 14:36:19 PM] SPO: [ 318373 627 2230765], Score: 0.329711497189, Path (2):
[09/23/2018 14:36:19 PM] [318373] -468 (0.09)-> [1679165] -578 (0.24)-> [2230765]

[09/23/2018 14:36:19 PM]  
[09/23/2018 14:36:19 PM] SPO: [ 318373 627 2230765], Score: 0.220725029912, Path (2):
[09/23/2018 14:36:19 PM] [318373] -468 (0.07)-> [545616] -465 (0.15)-> [2230765]

[09/23/2018 14:36:19 PM]  
[09/23/2018 14:36:19 PM] SPO: [ 318373 627 2230765], Score: 0.375039839958, Path (4):
[09/23/2018 14:36:19 PM] [318373] -468 (0.09)-> [1679165] -465 (0.05)-> [1675280] -468 (0.08)-> [545616] -465 (0.15)-> [2230765]

[09/23/2018 14:36:19 PM]  
[09/23/2018 14:36:19 PM] SPO: [ 318373 627 2230765], Score: 0.372825143059, Path (4):
[09/23/2018 14:36:19 PM] [318373] -468 (0.09)-> [1679165] -465 (0.05)-> [3425531] -578 (0.07)-> [2696166] -465 (0.16)-> [2230765]

[09/23/2018 14:37:02 PM]  
[09/23/2018 14:37:02 PM] SPO: [ 5278757 627 4611391], Score: 0.181466788881, Path (1):
[09/23/2018 14:37:02 PM] [5278757] -468 (0.18)-> [4611391]

[09/23/2018 14:37:02 PM]  
[09/23/2018 14:37:02 PM] SPO: [ 5278757 627 4611391], Score: 0.239166738598, Path (2):
[09/23/2018 14:37:02 PM] [5278757] -468 (0.09)-> [545616] -468 (0.15)-> [4611391]

[09/23/2018 14:37:02 PM]  
[09/23/2018 14:37:02 PM] SPO: [ 5278757 627 4611391], Score: 0.259307105185, Path (2):
[09/23/2018 14:37:02 PM] [5278757] -468 (0.08)-> [2303850] -465 (0.18)-> [4611391]

[09/23/2018 14:37:02 PM]  
[09/23/2018 14:37:02 PM] SPO: [ 5278757 627 4611391], Score: 0.327774657153, Path (4):
[09/23/2018 14:37:02 PM] [5278757] -468 (0.08)-> [2303850] -371 (0.05)-> [951700] -371 (0.07)-> [545616] -468 (0.12)-> [4611391]

[09/23/2018 14:37:02 PM]  
[09/23/2018 14:37:02 PM] SPO: [ 5278757 627 4611391], Score: 0.210288131142, Path (3):
[09/23/2018 14:37:02 PM] [5278757] -468 (0.08)-> [2303850] -441 (0.05)-> [5481643] -429 (0.08)-> [4611391]

[09/23/2018 14:37:46 PM]  
[09/23/2018 14:37:46 PM] SPO: [ 4493215 627 5498797], Score: 0.210232245884, Path (1):
[09/23/2018 14:37:46 PM] [4493215] -468 (0.21)-> [5498797]

[09/23/2018 14:37:46 PM]  
[09/23/2018 14:37:46 PM] SPO: [ 4493215 627 5498797], Score: 0.401711996144, Path (3):
[09/23/2018 14:37:46 PM] [4493215] -468 (0.06)-> [2557129] -468 (0.1)-> [1151474] -465 (0.24)-> [5498797]

[09/23/2018 14:37:46 PM]  
[09/23/2018 14:37:46 PM] SPO: [ 4493215 627 5498797], Score: 0.266441578302, Path (4):
[09/23/2018 14:37:46 PM] [4493215] -468 (0.06)-> [2557129] -468 (0.1)-> [1151474] -441 (0.04)-> [4334898] -441 (0.06)-> [5498797]

[09/23/2018 14:37:46 PM]  
[09/23/2018 14:37:46 PM] SPO: [ 4493215 627 5498797], Score: 0.258828032355, Path (4):
[09/23/2018 14:37:46 PM] [4493215] -468 (0.06)-> [2557129] -468 (0.1)-> [1151474] -480 (0.04)-> [4163397] -480 (0.05)-> [5498797]

[09/23/2018 14:37:46 PM]  
[09/23/2018 14:37:46 PM] SPO: [ 4493215 627 5498797], Score: 0.360639080906, Path (4):
[09/23/2018 14:37:46 PM] [4493215] -468 (0.06)-> [2557129] -465 (0.06)-> [280063] -468 (0.08)-> [1151474] -465 (0.16)-> [5498797]

[09/23/2018 14:38:31 PM]  
[09/23/2018 14:38:31 PM] SPO: [ 2549781 627 1151474], Score: 0.152528069044, Path (1):
[09/23/2018 14:38:31 PM] [2549781] -468 (0.15)-> [1151474]

[09/23/2018 14:38:31 PM]  
[09/23/2018 14:38:31 PM] SPO: [ 2549781 627 1151474], Score: 0.323428735224, Path (2):
[09/23/2018 14:38:31 PM] [2549781] -468 (0.1)-> [2782004] -468 (0.22)-> [1151474]

[09/23/2018 14:38:31 PM]  
[09/23/2018 14:38:31 PM] SPO: [ 2549781 627 1151474], Score: 0.232523746354, Path (4):
[09/23/2018 14:38:31 PM] [2549781] -468 (0.1)-> [2782004] -441 (0.03)-> [1463707] -441 (0.04)-> [2300166] -468 (0.06)-> [1151474]

[09/23/2018 14:38:31 PM]  
[09/23/2018 14:38:31 PM] SPO: [ 2549781 627 1151474], Score: 0.275950648223, Path (2):
[09/23/2018 14:38:31 PM] [2549781] -468 (0.09)-> [3903268] -468 (0.18)-> [1151474]

[09/23/2018 14:38:31 PM]  
[09/23/2018 14:38:31 PM] SPO: [ 2549781 627 1151474], Score: 0.298709661517, Path (3):
[09/23/2018 14:38:31 PM] [2549781] -468 (0.09)-> [3903268] -468 (0.06)-> [2163556] -465 (0.14)-> [1151474]

[09/23/2018 14:39:03 PM]  
[09/23/2018 14:39:03 PM] SPO: [ 2163556 627 5108813], Score: 0.177122645051, Path (1):
[09/23/2018 14:39:03 PM] [2163556] -468 (0.18)-> [5108813]

[09/23/2018 14:39:03 PM]  
[09/23/2018 14:39:03 PM] SPO: [ 2163556 627 5108813], Score: 0.342067297463, Path (2):
[09/23/2018 14:39:03 PM] [2163556] -468 (0.12)-> [1675232] -260 (0.22)-> [5108813]

[09/23/2018 14:39:03 PM]  
[09/23/2018 14:39:03 PM] SPO: [ 2163556 627 5108813], Score: 0.330401062539, Path (3):
[09/23/2018 14:39:03 PM] [2163556] -468 (0.05)-> [344707] -465 (0.09)-> [3135398] -465 (0.19)-> [5108813]

[09/23/2018 14:39:03 PM]  
[09/23/2018 14:39:03 PM] SPO: [ 2163556 627 5108813], Score: 0.416046323399, Path (5):
[09/23/2018 14:39:03 PM] [2163556] -468 (0.05)-> [344707] -578 (0.05)-> [3132197] -465 (0.06)-> [577361] -465 (0.09)-> [1675232] -260 (0.17)-> [5108813]

[09/23/2018 14:39:03 PM]  
[09/23/2018 14:39:03 PM] SPO: [ 2163556 627 5108813], Score: 0.360800445995, Path (5):
[09/23/2018 14:39:03 PM] [2163556] -468 (0.05)-> [344707] -578 (0.05)-> [3132197] -111 (0.03)-> [3137781] -480 (0.04)-> [4163397] -480 (0.18)-> [5108813]

[09/23/2018 14:39:50 PM]  
[09/23/2018 14:39:50 PM] SPO: [ 810138 627 3135398], Score: 0.19274258794, Path (1):
[09/23/2018 14:39:50 PM] [810138] -468 (0.19)-> [3135398]

[09/23/2018 14:39:50 PM]  
[09/23/2018 14:39:50 PM] SPO: [ 810138 627 3135398], Score: 0.263520472775, Path (3):
[09/23/2018 14:39:50 PM] [810138] -371 (0.05)-> [942547] -371 (0.08)-> [1642731] -465 (0.13)-> [3135398]

[09/23/2018 14:39:50 PM]  
[09/23/2018 14:39:50 PM] SPO: [ 810138 627 3135398], Score: 0.234448071554, Path (4):
[09/23/2018 14:39:50 PM] [810138] -371 (0.05)-> [942547] -371 (0.08)-> [1642731] -441 (0.04)-> [4334898] -441 (0.06)-> [3135398]

[09/23/2018 14:39:50 PM]  
[09/23/2018 14:39:50 PM] SPO: [ 810138 627 3135398], Score: 0.284540181689, Path (3):
[09/23/2018 14:39:50 PM] [810138] -592 (0.05)-> [1434519] -465 (0.07)-> [5108813] -465 (0.16)-> [3135398]

[09/23/2018 14:39:50 PM]  
[09/23/2018 14:39:50 PM] SPO: [ 810138 627 3135398], Score: 0.23778286361, Path (4):
[09/23/2018 14:39:50 PM] [810138] -592 (0.05)-> [1434519] -465 (0.07)-> [5108813] -508 (0.05)-> [1715953] -508 (0.07)-> [3135398]

[09/23/2018 14:40:48 PM]  
[09/23/2018 14:40:48 PM] SPO: [ 5515327 627 1998510], Score: 0.214218038085, Path (1):
[09/23/2018 14:40:48 PM] [5515327] -468 (0.21)-> [1998510]

[09/23/2018 14:40:48 PM]  
[09/23/2018 14:40:48 PM] SPO: [ 5515327 627 1998510], Score: 0.344065813054, Path (2):
[09/23/2018 14:40:48 PM] [5515327] -468 (0.11)-> [2625885] -578 (0.24)-> [1998510]

[09/23/2018 14:40:48 PM]  
[09/23/2018 14:40:48 PM] SPO: [ 5515327 627 1998510], Score: 0.210755108623, Path (2):
[09/23/2018 14:40:48 PM] [5515327] -468 (0.08)-> [5099615] -465 (0.14)-> [1998510]

[09/23/2018 14:40:48 PM]  
[09/23/2018 14:40:48 PM] SPO: [ 5515327 627 1998510], Score: 0.364945388071, Path (4):
[09/23/2018 14:40:48 PM] [5515327] -468 (0.11)-> [2625885] -465 (0.05)-> [1631577] -260 (0.08)-> [5099615] -465 (0.13)-> [1998510]

[09/23/2018 14:40:48 PM]  
[09/23/2018 14:40:48 PM] SPO: [ 5515327 627 1998510], Score: 0.189420318528, Path (3):
[09/23/2018 14:40:48 PM] [5515327] -468 (0.11)-> [2625885] -65 (0.03)-> [4013978] -167 (0.05)-> [1998510]

[09/23/2018 14:41:56 PM]  
[09/23/2018 14:41:56 PM] SPO: [ 5099615 627 1133381], Score: 0.20336768441, Path (1):
[09/23/2018 14:41:56 PM] [5099615] -468 (0.2)-> [1133381]

[09/23/2018 14:41:56 PM]  
[09/23/2018 14:41:56 PM] SPO: [ 5099615 627 1133381], Score: 0.319527655928, Path (2):
[09/23/2018 14:41:56 PM] [5099615] -468 (0.1)-> [1289073] -578 (0.22)-> [1133381]

[09/23/2018 14:41:56 PM]  
[09/23/2018 14:41:56 PM] SPO: [ 5099615 627 1133381], Score: 0.41564339312, Path (4):
[09/23/2018 14:41:56 PM] [5099615] -468 (0.1)-> [1289073] -465 (0.06)-> [1072669] -578 (0.09)-> [2566424] -465 (0.17)-> [1133381]

[09/23/2018 14:41:56 PM]  
[09/23/2018 14:41:56 PM] SPO: [ 5099615 627 1133381], Score: 0.356341319215, Path (5):
[09/23/2018 14:41:56 PM] [5099615] -468 (0.1)-> [1289073] -508 (0.04)-> [3511637] -508 (0.04)-> [3268528] -27 (0.07)-> [3887063] -27 (0.11)-> [1133381]

[09/23/2018 14:41:56 PM]  
[09/23/2018 14:41:56 PM] SPO: [ 5099615 627 1133381], Score: 0.384006683982, Path (7):
[09/23/2018 14:41:56 PM] [5099615] -468 (0.1)-> [1289073] -508 (0.04)-> [3511637] -508 (0.04)-> [3268528] -65 (0.03)-> [1389791] -65 (0.03)-> [4400792] -27 (0.05)-> [3887063] -27 (0.09)-> [1133381]

[09/23/2018 14:42:48 PM]  
[09/23/2018 14:42:48 PM] SPO: [ 5510760 627 2566424], Score: 0.210232245884, Path (1):
[09/23/2018 14:42:48 PM] [5510760] -468 (0.21)-> [2566424]

[09/23/2018 14:42:48 PM]  
[09/23/2018 14:42:48 PM] SPO: [ 5510760 627 2566424], Score: 0.255907201426, Path (3):
[09/23/2018 14:42:48 PM] [5510760] -592 (0.05)-> [4189774] -592 (0.07)-> [1133381] -465 (0.13)-> [2566424]

[09/23/2018 14:42:48 PM]  
[09/23/2018 14:42:48 PM] SPO: [ 5510760 627 2566424], Score: 0.214422788831, Path (3):
[09/23/2018 14:42:48 PM] [5510760] -465 (0.05)-> [5546704] -468 (0.07)-> [5120873] -465 (0.1)-> [2566424]

[09/23/2018 14:42:48 PM]  
[09/23/2018 14:42:48 PM] SPO: [ 5510760 627 2566424], Score: 0.220422469832, Path (4):
[09/23/2018 14:42:48 PM] [5510760] -465 (0.05)-> [5546704] -468 (0.07)-> [5120873] -480 (0.04)-> [3087620] -480 (0.06)-> [2566424]

[09/23/2018 14:42:48 PM]  
[09/23/2018 14:42:48 PM] SPO: [ 5510760 627 2566424], Score: 0.210853257, Path (4):
[09/23/2018 14:42:48 PM] [5510760] -465 (0.05)-> [5546704] -468 (0.07)-> [5120873] -480 (0.04)-> [4163397] -480 (0.05)-> [2566424]

[09/23/2018 14:43:35 PM]  
[09/23/2018 14:43:35 PM] SPO: [ 5448341 627 1028826], Score: 0.14484352727, Path (1):
[09/23/2018 14:43:35 PM] [5448341] -468 (0.14)-> [1028826]

[09/23/2018 14:43:35 PM]  
[09/23/2018 14:43:35 PM] SPO: [ 5448341 627 1028826], Score: 0.35462591592, Path (2):
[09/23/2018 14:43:35 PM] [5448341] -468 (0.1)-> [3424741] -468 (0.25)-> [1028826]

[09/23/2018 14:43:35 PM]  
[09/23/2018 14:43:35 PM] SPO: [ 5448341 627 1028826], Score: 0.326195395278, Path (3):
[09/23/2018 14:43:35 PM] [5448341] -468 (0.1)-> [3424741] -468 (0.08)-> [2306951] -468 (0.15)-> [1028826]

[09/23/2018 14:43:35 PM]  
[09/23/2018 14:43:35 PM] SPO: [ 5448341 627 1028826], Score: 0.35462591592, Path (2):
[09/23/2018 14:43:35 PM] [5448341] -468 (0.1)-> [3286830] -468 (0.25)-> [1028826]

[09/23/2018 14:43:35 PM]  
[09/23/2018 14:43:35 PM] SPO: [ 5448341 627 1028826], Score: 0.199286614271, Path (3):
[09/23/2018 14:43:35 PM] [5448341] -468 (0.1)-> [3286830] -480 (0.04)-> [3087620] -480 (0.06)-> [1028826]

[09/23/2018 14:44:19 PM]  
[09/23/2018 14:44:19 PM] SPO: [ 1028826 627 1125091], Score: 0.17456288025, Path (1):
[09/23/2018 14:44:19 PM] [1028826] -468 (0.17)-> [1125091]

[09/23/2018 14:44:19 PM]  
[09/23/2018 14:44:19 PM] SPO: [ 1028826 627 1125091], Score: 0.322468680609, Path (2):
[09/23/2018 14:44:19 PM] [1028826] -468 (0.09)-> [1068550] -578 (0.23)-> [1125091]

[09/23/2018 14:44:19 PM]  
[09/23/2018 14:44:19 PM] SPO: [ 1028826 627 1125091], Score: 0.232691587176, Path (2):
[09/23/2018 14:44:19 PM] [1028826] -468 (0.09)-> [2306951] -468 (0.15)-> [1125091]

[09/23/2018 14:44:19 PM]  
[09/23/2018 14:44:19 PM] SPO: [ 1028826 627 1125091], Score: 0.353908673604, Path (3):
[09/23/2018 14:44:19 PM] [1028826] -468 (0.09)-> [2306951] -468 (0.08)-> [546645] -465 (0.19)-> [1125091]

[09/23/2018 14:44:19 PM]  
[09/23/2018 14:44:19 PM] SPO: [ 1028826 627 1125091], Score: 0.263859342709, Path (4):
[09/23/2018 14:44:19 PM] [1028826] -468 (0.09)-> [2306951] -468 (0.08)-> [546645] -441 (0.04)-> [4334898] -441 (0.06)-> [1125091]

[09/23/2018 14:45:19 PM]  
[09/23/2018 14:45:19 PM] SPO: [ 1932374 627 2724075], Score: 0.179943425985, Path (1):
[09/23/2018 14:45:19 PM] [1932374] -468 (0.18)-> [2724075]

[09/23/2018 14:45:19 PM]  
[09/23/2018 14:45:19 PM] SPO: [ 1932374 627 2724075], Score: 0.495845858853, Path (3):
[09/23/2018 14:45:19 PM] [1932374] -32 (0.1)-> [1869315] -171 (0.17)-> [5499188] -171 (0.22)-> [2724075]

[09/23/2018 14:45:19 PM]  
[09/23/2018 14:45:19 PM] SPO: [ 1932374 627 2724075], Score: 0.225697181768, Path (2):
[09/23/2018 14:45:19 PM] [1932374] -32 (0.1)-> [1869315] -465 (0.12)-> [2724075]

[09/23/2018 14:45:19 PM]  
[09/23/2018 14:45:19 PM] SPO: [ 1932374 627 2724075], Score: 0.324421535056, Path (2):
[09/23/2018 14:45:19 PM] [1932374] -468 (0.09)-> [3376822] -578 (0.23)-> [2724075]

[09/23/2018 14:45:19 PM]  
[09/23/2018 14:45:19 PM] SPO: [ 1932374 627 2724075], Score: 0.342065226057, Path (6):
[09/23/2018 14:45:19 PM] [1932374] -32 (0.1)-> [1869315] -171 (0.17)-> [5499188] -660 (0.01)-> [6060984] -660 (0.02)-> [2728203] -465 (0.02)-> [2302982] -465 (0.02)-> [2724075]

[09/23/2018 14:46:50 PM]  
[09/23/2018 14:46:50 PM] SPO: [ 2254632 627 406673], Score: 0.168094283272, Path (1):
[09/23/2018 14:46:50 PM] [2254632] -468 (0.17)-> [406673]

[09/23/2018 14:46:50 PM]  
[09/23/2018 14:46:50 PM] SPO: [ 2254632 627 406673], Score: 0.313434320375, Path (2):
[09/23/2018 14:46:50 PM] [2254632] -468 (0.09)-> [2580894] -578 (0.22)-> [406673]

[09/23/2018 14:46:50 PM]  
[09/23/2018 14:46:50 PM] SPO: [ 2254632 627 406673], Score: 0.325302044562, Path (4):
[09/23/2018 14:46:50 PM] [2254632] -468 (0.09)-> [2580894] -465 (0.04)-> [4012613] -578 (0.07)-> [4189766] -465 (0.12)-> [406673]

[09/23/2018 14:46:50 PM]  
[09/23/2018 14:46:50 PM] SPO: [ 2254632 627 406673], Score: 0.225878419935, Path (4):
[09/23/2018 14:46:50 PM] [2254632] -468 (0.09)-> [2580894] -441 (0.04)-> [4334898] -441 (0.04)-> [653192] -468 (0.06)-> [406673]

[09/23/2018 14:46:50 PM]  
[09/23/2018 14:46:50 PM] SPO: [ 2254632 627 406673], Score: 0.318399922864, Path (4):
[09/23/2018 14:46:50 PM] [2254632] -468 (0.09)-> [2580894] -465 (0.04)-> [4012613] -468 (0.06)-> [4362186] -465 (0.12)-> [406673]

[09/23/2018 14:47:27 PM]  
[09/23/2018 14:47:27 PM] SPO: [ 1596457 627 4362186], Score: 0.121084516705, Path (1):
[09/23/2018 14:47:27 PM] [1596457] -468 (0.12)-> [4362186]

[09/23/2018 14:47:27 PM]  
[09/23/2018 14:47:27 PM] SPO: [ 1596457 627 4362186], Score: 0.315499160953, Path (2):
[09/23/2018 14:47:27 PM] [1596457] -468 (0.09)-> [1134124] -468 (0.23)-> [4362186]

[09/23/2018 14:47:27 PM]  
[09/23/2018 14:47:27 PM] SPO: [ 1596457 627 4362186], Score: 0.2180740632, Path (3):
[09/23/2018 14:47:27 PM] [1596457] -468 (0.09)-> [1134124] -465 (0.05)-> [2034183] -468 (0.08)-> [4362186]

[09/23/2018 14:47:27 PM]  
[09/23/2018 14:47:27 PM] SPO: [ 1596457 627 4362186], Score: 0.168658052519, Path (4):
[09/23/2018 14:47:27 PM] [1596457] -468 (0.09)-> [1134124] -167 (0.02)-> [5450691] -167 (0.03)-> [1552741] -32 (0.03)-> [4362186]

[09/23/2018 14:47:27 PM]  
[09/23/2018 14:47:27 PM] SPO: [ 1596457 627 4362186], Score: 0.276419962394, Path (4):
[09/23/2018 14:47:27 PM] [1596457] -468 (0.09)-> [1134124] -167 (0.02)-> [5450691] -167 (0.06)-> [2728992] -468 (0.11)-> [4362186]

[09/23/2018 14:47:59 PM]  
[09/23/2018 14:47:59 PM] SPO: [ 2704714 627 3269303], Score: 0.127049760455, Path (1):
[09/23/2018 14:47:59 PM] [2704714] -468 (0.13)-> [3269303]

[09/23/2018 14:47:59 PM]  
[09/23/2018 14:47:59 PM] SPO: [ 2704714 627 3269303], Score: 0.334960021817, Path (2):
[09/23/2018 14:47:59 PM] [2704714] -468 (0.09)-> [958081] -468 (0.24)-> [3269303]

[09/23/2018 14:47:59 PM]  
[09/23/2018 14:47:59 PM] SPO: [ 2704714 627 3269303], Score: 0.326072551899, Path (2):
[09/23/2018 14:47:59 PM] [2704714] -468 (0.09)-> [4372271] -468 (0.24)-> [3269303]

[09/23/2018 14:47:59 PM]  
[09/23/2018 14:47:59 PM] SPO: [ 2704714 627 3269303], Score: 0.303373163728, Path (3):
[09/23/2018 14:47:59 PM] [2704714] -468 (0.09)-> [4372271] -465 (0.07)-> [2375101] -468 (0.14)-> [3269303]

[09/23/2018 14:47:59 PM]  
[09/23/2018 14:47:59 PM] SPO: [ 2704714 627 3269303], Score: 0.309073045342, Path (4):
[09/23/2018 14:47:59 PM] [2704714] -468 (0.09)-> [4372271] -480 (0.05)-> [1520526] -480 (0.07)-> [1680719] -468 (0.1)-> [3269303]

[09/23/2018 14:48:35 PM]  
[09/23/2018 14:48:35 PM] SPO: [ 3269303 627 2372538], Score: 0.173368266588, Path (1):
[09/23/2018 14:48:35 PM] [3269303] -468 (0.17)-> [2372538]

[09/23/2018 14:48:35 PM]  
[09/23/2018 14:48:35 PM] SPO: [ 3269303 627 2372538], Score: 0.291422060813, Path (2):
[09/23/2018 14:48:35 PM] [3269303] -468 (0.09)-> [3682707] -578 (0.2)-> [2372538]

[09/23/2018 14:48:35 PM]  
[09/23/2018 14:48:35 PM] SPO: [ 3269303 627 2372538], Score: 0.195138997049, Path (2):
[09/23/2018 14:48:35 PM] [3269303] -592 (0.08)-> [3564399] -171 (0.12)-> [2372538]

[09/23/2018 14:48:35 PM]  
[09/23/2018 14:48:35 PM] SPO: [ 3269303 627 2372538], Score: 0.356211199373, Path (3):
[09/23/2018 14:48:35 PM] [3269303] -468 (0.09)-> [3682707] -111 (0.09)-> [4747673] -111 (0.18)-> [2372538]

[09/23/2018 14:48:35 PM]  
[09/23/2018 14:48:35 PM] SPO: [ 3269303 627 2372538], Score: 0.31713634836, Path (4):
[09/23/2018 14:48:35 PM] [3269303] -468 (0.09)-> [3682707] -111 (0.09)-> [4747673] -441 (0.06)-> [3590966] -429 (0.09)-> [2372538]

[09/23/2018 14:49:02 PM]  
[09/23/2018 14:49:02 PM] SPO: [ 4362186 627 4803201], Score: 0.186582498284, Path (1):
[09/23/2018 14:49:02 PM] [4362186] -468 (0.19)-> [4803201]

[09/23/2018 14:49:02 PM]  
[09/23/2018 14:49:02 PM] SPO: [ 4362186 627 4803201], Score: 0.339179982185, Path (2):
[09/23/2018 14:49:02 PM] [4362186] -468 (0.12)-> [2815111] -260 (0.22)-> [4803201]

[09/23/2018 14:49:02 PM]  
[09/23/2018 14:49:02 PM] SPO: [ 4362186 627 4803201], Score: 0.196737817512, Path (2):
[09/23/2018 14:49:02 PM] [4362186] -468 (0.07)-> [2053187] -465 (0.13)-> [4803201]

[09/23/2018 14:49:02 PM]  
[09/23/2018 14:49:02 PM] SPO: [ 4362186 627 4803201], Score: 0.35999193175, Path (4):
[09/23/2018 14:49:02 PM] [4362186] -468 (0.12)-> [2815111] -465 (0.05)-> [832363] -468 (0.07)-> [2053187] -465 (0.13)-> [4803201]

[09/23/2018 14:49:02 PM]  
[09/23/2018 14:49:02 PM] SPO: [ 4362186 627 4803201], Score: 0.180702025382, Path (3):
[09/23/2018 14:49:02 PM] [4362186] -468 (0.12)-> [2815111] -65 (0.02)-> [744064] -65 (0.04)-> [4803201]

[09/23/2018 14:49:57 PM]  
[09/23/2018 14:49:57 PM] SPO: [ 2053187 627 3762474], Score: 0.173368266588, Path (1):
[09/23/2018 14:49:57 PM] [2053187] -468 (0.17)-> [3762474]

[09/23/2018 14:49:57 PM]  
[09/23/2018 14:49:57 PM] SPO: [ 2053187 627 3762474], Score: 0.323330546802, Path (2):
[09/23/2018 14:49:57 PM] [2053187] -468 (0.11)-> [2238973] -260 (0.21)-> [3762474]

[09/23/2018 14:49:57 PM]  
[09/23/2018 14:49:57 PM] SPO: [ 2053187 627 3762474], Score: 0.367248009083, Path (4):
[09/23/2018 14:49:57 PM] [2053187] -468 (0.05)-> [1377450] -592 (0.06)-> [2560451] -465 (0.08)-> [1125403] -32 (0.18)-> [3762474]

[09/23/2018 14:49:57 PM]  
[09/23/2018 14:49:57 PM] SPO: [ 2053187 627 3762474], Score: 0.136226899038, Path (3):
[09/23/2018 14:49:57 PM] [2053187] -468 (0.05)-> [1377450] -480 (0.04)-> [4163397] -480 (0.05)-> [3762474]

[09/23/2018 14:49:57 PM]  
[09/23/2018 14:49:57 PM] SPO: [ 2053187 627 3762474], Score: 0.27354205787, Path (5):
[09/23/2018 14:49:57 PM] [2053187] -468 (0.05)-> [1377450] -592 (0.06)-> [2560451] -465 (0.08)-> [1125403] -480 (0.04)-> [4163397] -480 (0.05)-> [3762474]

[09/23/2018 14:50:21 PM]  
[09/23/2018 14:50:21 PM] SPO: [ 2656334 627 5438493], Score: 0.173368266588, Path (1):
[09/23/2018 14:50:21 PM] [2656334] -468 (0.17)-> [5438493]

[09/23/2018 14:50:21 PM]  
[09/23/2018 14:50:21 PM] SPO: [ 2656334 627 5438493], Score: 0.291422060813, Path (2):
[09/23/2018 14:50:21 PM] [2656334] -468 (0.09)-> [2666891] -578 (0.2)-> [5438493]

[09/23/2018 14:50:21 PM]  
[09/23/2018 14:50:21 PM] SPO: [ 2656334 627 5438493], Score: 0.331682406207, Path (3):
[09/23/2018 14:50:21 PM] [2656334] -468 (0.06)-> [3564399] -592 (0.1)-> [3518342] -465 (0.17)-> [5438493]

[09/23/2018 14:50:21 PM]  
[09/23/2018 14:50:21 PM] SPO: [ 2656334 627 5438493], Score: 0.334654743552, Path (3):
[09/23/2018 14:50:21 PM] [2656334] -468 (0.06)-> [3564399] -171 (0.08)-> [2372538] -465 (0.2)-> [5438493]

[09/23/2018 14:50:21 PM]  
[09/23/2018 14:50:21 PM] SPO: [ 2656334 627 5438493], Score: 0.360839460544, Path (3):
[09/23/2018 14:50:21 PM] [2656334] -468 (0.09)-> [2666891] -111 (0.09)-> [4992156] -111 (0.18)-> [5438493]

[09/23/2018 14:51:15 PM]  
[09/23/2018 14:51:15 PM] SPO: [ 4450187 627 2034183], Score: 0.118208618506, Path (1):
[09/23/2018 14:51:15 PM] [4450187] -468 (0.12)-> [2034183]

[09/23/2018 14:51:15 PM]  
[09/23/2018 14:51:15 PM] SPO: [ 4450187 627 2034183], Score: 0.295111572827, Path (2):
[09/23/2018 14:51:15 PM] [4450187] -468 (0.09)-> [5346563] -171 (0.21)-> [2034183]

[09/23/2018 14:51:15 PM]  
[09/23/2018 14:51:15 PM] SPO: [ 4450187 627 2034183], Score: 0.272381883332, Path (3):
[09/23/2018 14:51:15 PM] [4450187] -468 (0.09)-> [5346563] -465 (0.06)-> [4400733] -468 (0.12)-> [2034183]

[09/23/2018 14:51:15 PM]  
[09/23/2018 14:51:15 PM] SPO: [ 4450187 627 2034183], Score: 0.308617171377, Path (4):
[09/23/2018 14:51:15 PM] [4450187] -468 (0.09)-> [5346563] -465 (0.06)-> [4400733] -468 (0.05)-> [2044778] -111 (0.1)-> [2034183]

[09/23/2018 14:51:15 PM]  
[09/23/2018 14:51:15 PM] SPO: [ 4450187 627 2034183], Score: 0.340790354426, Path (2):
[09/23/2018 14:51:15 PM] [4450187] -468 (0.09)-> [5513094] -468 (0.25)-> [2034183]

[09/23/2018 14:52:14 PM]  
[09/23/2018 14:52:14 PM] SPO: [ 2034183 627 1365031], Score: 0.178497576527, Path (1):
[09/23/2018 14:52:14 PM] [2034183] -468 (0.18)-> [1365031]

[09/23/2018 14:52:14 PM]  
[09/23/2018 14:52:14 PM] SPO: [ 2034183 627 1365031], Score: 0.293111414468, Path (2):
[09/23/2018 14:52:14 PM] [2034183] -468 (0.09)-> [3377922] -578 (0.2)-> [1365031]

[09/23/2018 14:52:14 PM]  
[09/23/2018 14:52:14 PM] SPO: [ 2034183 627 1365031], Score: 0.327202694043, Path (3):
[09/23/2018 14:52:14 PM] [2034183] -468 (0.06)-> [753707] -465 (0.09)-> [3377922] -578 (0.18)-> [1365031]

[09/23/2018 14:52:14 PM]  
[09/23/2018 14:52:14 PM] SPO: [ 2034183 627 1365031], Score: 0.248722544374, Path (4):
[09/23/2018 14:52:14 PM] [2034183] -468 (0.06)-> [753707] -111 (0.04)-> [2044778] -468 (0.06)-> [1362744] -465 (0.09)-> [1365031]

[09/23/2018 14:52:14 PM]  
[09/23/2018 14:52:14 PM] SPO: [ 2034183 627 1365031], Score: 0.364730288363, Path (3):
[09/23/2018 14:52:14 PM] [2034183] -468 (0.09)-> [3377922] -505 (0.09)-> [804653] -505 (0.18)-> [1365031]

[09/23/2018 14:53:22 PM]  
[09/23/2018 14:53:22 PM] SPO: [ 847325 627 392693], Score: 0.158065548071, Path (1):
[09/23/2018 14:53:22 PM] [847325] -468 (0.16)-> [392693]

[09/23/2018 14:53:22 PM]  
[09/23/2018 14:53:22 PM] SPO: [ 847325 627 392693], Score: 0.279469337169, Path (2):
[09/23/2018 14:53:22 PM] [847325] -468 (0.08)-> [5150405] -578 (0.2)-> [392693]

[09/23/2018 14:53:22 PM]  
[09/23/2018 14:53:22 PM] SPO: [ 847325 627 392693], Score: 0.343595134346, Path (3):
[09/23/2018 14:53:22 PM] [847325] -468 (0.06)-> [1054528] -371 (0.09)-> [4198309] -371 (0.2)-> [392693]

[09/23/2018 14:53:22 PM]  
[09/23/2018 14:53:22 PM] SPO: [ 847325 627 392693], Score: 0.197796281222, Path (4):
[09/23/2018 14:53:22 PM] [847325] -468 (0.06)-> [1054528] -480 (0.04)-> [3087620] -480 (0.05)-> [4042946] -111 (0.06)-> [392693]

[09/23/2018 14:53:22 PM]  
[09/23/2018 14:53:22 PM] SPO: [ 847325 627 392693], Score: 0.333966947877, Path (4):
[09/23/2018 14:53:22 PM] [847325] -468 (0.06)-> [1054528] -480 (0.04)-> [3087620] -480 (0.07)-> [2243452] -592 (0.17)-> [392693]

[09/23/2018 14:54:14 PM]  
[09/23/2018 14:54:14 PM] SPO: [ 752593 627 2672296], Score: 0.156842240896, Path (1):
[09/23/2018 14:54:14 PM] [752593] -468 (0.16)-> [2672296]

[09/23/2018 14:54:14 PM]  
[09/23/2018 14:54:14 PM] SPO: [ 752593 627 2672296], Score: 0.282254273868, Path (2):
[09/23/2018 14:54:14 PM] [752593] -468 (0.08)-> [2647072] -578 (0.2)-> [2672296]

[09/23/2018 14:54:14 PM]  
[09/23/2018 14:54:14 PM] SPO: [ 752593 627 2672296], Score: 0.252078004505, Path (2):
[09/23/2018 14:54:14 PM] [752593] -468 (0.07)-> [3935573] -465 (0.18)-> [2672296]

[09/23/2018 14:54:14 PM]  
[09/23/2018 14:54:14 PM] SPO: [ 752593 627 2672296], Score: 0.307407065233, Path (4):
[09/23/2018 14:54:14 PM] [752593] -468 (0.07)-> [3935573] -465 (0.04)-> [4019814] -465 (0.07)-> [2638781] -465 (0.12)-> [2672296]

[09/23/2018 14:54:14 PM]  
[09/23/2018 14:54:14 PM] SPO: [ 752593 627 2672296], Score: 0.278516035023, Path (4):
[09/23/2018 14:54:14 PM] [752593] -468 (0.07)-> [3935573] -465 (0.04)-> [4991849] -592 (0.06)-> [4885224] -465 (0.11)-> [2672296]

[09/23/2018 15:33:09 PM] Filename: /home/galois/Documents/streamminer/streamminer2.py


[09/23/2018 15:33:09 PM] Line #    Mem usage    Increment   Line Contents

[09/23/2018 15:33:09 PM] ================================================

[09/23/2018 15:33:09 PM]    234   2028.9 MiB   2028.9 MiB   @profile

[09/23/2018 15:33:09 PM]    235                             def extract_paths_sm(Gv, Gr, triples, y, features=None):

[09/23/2018 15:33:09 PM]    236   2028.9 MiB      0.0 MiB       return_features = False

[09/23/2018 15:33:09 PM]    237   2028.9 MiB      0.0 MiB       if features is None:

[09/23/2018 15:33:09 PM]    238   2028.9 MiB      0.0 MiB           return_features = True

[09/23/2018 15:33:09 PM]    239   2028.9 MiB      0.0 MiB           features, pos_features, neg_features = set(), set(), set()

[09/23/2018 15:33:09 PM]    240   2028.9 MiB      0.0 MiB       measurements = []

[09/23/2018 15:33:09 PM]    241                             

[09/23/2018 15:33:09 PM]    242  14341.6 MiB   -689.8 MiB       for idx, triple in enumerate(tqdm(triples)):

[09/23/2018 15:33:09 PM]    243  14341.6 MiB   -648.2 MiB           sid, pid, oid = triple['sid'], triple['pid'], triple['oid']

[09/23/2018 15:33:09 PM]    244  14341.6 MiB   -648.2 MiB           label = y[idx]

[09/23/2018 15:33:09 PM]    245  14341.6 MiB   -648.2 MiB           triple_feature = dict()

[09/23/2018 15:33:09 PM]    246  14341.6 MiB  11622.6 MiB           discovered_paths = yenKSP(Gv, Gr, sid, pid, oid, K = 5)

[09/23/2018 15:33:09 PM]    247  14341.6 MiB   -690.0 MiB           for path in discovered_paths:

[09/23/2018 15:33:09 PM]    248  10352.1 MiB      0.0 MiB               log.info("{}\n".format(path))

[09/23/2018 15:33:09 PM]    249  10352.1 MiB      0.0 MiB               ff = tuple(path.relational_path)

[09/23/2018 15:33:09 PM]    250  10352.1 MiB      0.0 MiB               if ff not in features:

[09/23/2018 15:33:09 PM]    251  10352.1 MiB      0.0 MiB                   features.add(ff)

[09/23/2018 15:33:09 PM]    252  10352.1 MiB      0.0 MiB                   if label == 1:

[09/23/2018 15:33:09 PM]    253  10352.1 MiB      0.0 MiB                       pos_features.add(ff)

[09/23/2018 15:33:09 PM]    254                                             elif label == 0:

[09/23/2018 15:33:09 PM]    255                                                 neg_features.add(ff)

[09/23/2018 15:33:09 PM]    256                                             else:

[09/23/2018 15:33:09 PM]    257                                                 raise Exception("Unknown class label: {}".format(label))

[09/23/2018 15:33:09 PM]    258  10352.1 MiB      0.0 MiB               triple_feature[ff] = triple_feature.get(ff, 0) + 1

[09/23/2018 15:33:09 PM]    259  14341.6 MiB   -690.0 MiB           measurements.append(triple_feature)

[09/23/2018 15:33:09 PM]    260  14341.6 MiB   -690.0 MiB           gc.collect()

[09/23/2018 15:33:09 PM]    261  14299.9 MiB    -41.6 MiB       if return_features:

[09/23/2018 15:33:09 PM]    262  14299.9 MiB      0.0 MiB           return features, pos_features, neg_features, measurements

[09/23/2018 15:33:09 PM]    263                                 return measurements

[09/23/2018 15:33:09 PM] 


[09/23/2018 15:33:09 PM] P: +:66, -:0, unique tot:66
[09/23/2018 15:33:09 PM] Time taken: 3862.98s


[09/23/2018 15:33:09 PM] => Path selection..
[09/23/2018 15:33:09 PM] D: +:66, -:0, tot:66
[09/23/2018 15:33:09 PM] Time taken: 0.32s

[09/23/2018 15:33:09 PM] => Model building..
[09/23/2018 15:33:11 PM] #Features: 66, best-AUROC: 0.85365
[09/23/2018 15:33:11 PM] Time taken: 2.02s

[09/23/2018 15:33:11 PM] Filename: /home/galois/Documents/streamminer/streamminer2.py


[09/23/2018 15:33:11 PM] Line #    Mem usage    Increment   Line Contents

[09/23/2018 15:33:11 PM] ================================================

[09/23/2018 15:33:11 PM]     81    935.7 MiB    935.7 MiB   @profile

[09/23/2018 15:33:11 PM]     82                             def train_model_sm(G, triples, relsim, use_interpretable_features=False, cv=10):

[09/23/2018 15:33:11 PM]     83                                 """

[09/23/2018 15:33:11 PM]     84                                 Entry point for building a fact-checking classifier.

[09/23/2018 15:33:11 PM]     85                                 Performs three steps:

[09/23/2018 15:33:11 PM]     86                                 1. Path extraction (features)

[09/23/2018 15:33:11 PM]     87                                 2a. Path selection using information gain

[09/23/2018 15:33:11 PM]     88                                 2b. Filtering most informative discriminative predicate paths

[09/23/2018 15:33:11 PM]     89                                 3. Building logistic regression model

[09/23/2018 15:33:11 PM]     90                             

[09/23/2018 15:33:11 PM]     91                                 Parameters:

[09/23/2018 15:33:11 PM]     92                                 -----------

[09/23/2018 15:33:11 PM]     93                                 G: rgraph

[09/23/2018 15:33:11 PM]     94                                     Knowledge graph.

[09/23/2018 15:33:11 PM]     95                                 triples: dataframe

[09/23/2018 15:33:11 PM]     96                                     A data frame consisting of at least four columns, including

[09/23/2018 15:33:11 PM]     97                                     sid, pid, oid, class.

[09/23/2018 15:33:11 PM]     98                                 use_interpretable_features: bool

[09/23/2018 15:33:11 PM]     99                                     Whether or not to perform 2b.

[09/23/2018 15:33:11 PM]    100                                 cv: int

[09/23/2018 15:33:11 PM]    101                                     Number of cross-validation folds.

[09/23/2018 15:33:11 PM]    102                             

[09/23/2018 15:33:11 PM]    103                                 Returns:

[09/23/2018 15:33:11 PM]    104                                 --------

[09/23/2018 15:33:11 PM]    105                                 vec: DictVectorizer

[09/23/2018 15:33:11 PM]    106                                     Useful for preprocessing future triples.

[09/23/2018 15:33:11 PM]    107                                 model: dict

[09/23/2018 15:33:11 PM]    108                                     A dictionary containing 'clf' as the built model,

[09/23/2018 15:33:11 PM]    109                                     and two other key-value pairs, including best parameter

[09/23/2018 15:33:11 PM]    110                                     and best AUROC score.

[09/23/2018 15:33:11 PM]    111                                 """

[09/23/2018 15:33:11 PM]    112    935.8 MiB      0.1 MiB       y = triples['class'] # ground truth

[09/23/2018 15:33:11 PM]    113    935.9 MiB      0.1 MiB       triples = triples[['sid', 'pid', 'oid']].to_dict(orient='records')

[09/23/2018 15:33:11 PM]    114                             

[09/23/2018 15:33:11 PM]    115    935.9 MiB      0.0 MiB       pid = triples[0]['pid']

[09/23/2018 15:33:11 PM]    116    935.9 MiB      0.0 MiB       log.info('PID is: {}, with type: {}'.format(pid, pid.dtype))

[09/23/2018 15:33:11 PM]    117                             

[09/23/2018 15:33:11 PM]    118    935.9 MiB      0.0 MiB       if np.DataSource().exists(join(HOME, "sm", "G_fil_val_{}.npz".format(int(pid)) ))\

[09/23/2018 15:33:11 PM]    119    935.9 MiB      0.0 MiB          and np.DataSource().exists(join(HOME, "sm", "G_fil_rel_{}.npz".format(int(pid)) )):

[09/23/2018 15:33:11 PM]    120   1483.0 MiB    547.1 MiB           Gr = load_npz(join(HOME, 'sm', 'G_fil_rel_{}.npz'.format(int(pid)) ))

[09/23/2018 15:33:11 PM]    121   2028.7 MiB    545.7 MiB           Gv = load_npz(join(HOME, 'sm', 'G_fil_val_{}.npz'.format(int(pid)) ))

[09/23/2018 15:33:11 PM]    122                                 else:

[09/23/2018 15:33:11 PM]    123                                     # set weights

[09/23/2018 15:33:11 PM]    124                                     indegsim = weighted_degree(G.indeg_vec, weight=WTFN).reshape((1, G.N))

[09/23/2018 15:33:11 PM]    125                                     indegsim = indegsim.ravel()

[09/23/2018 15:33:11 PM]    126                                     targets = G.csr.indices % G.N

[09/23/2018 15:33:11 PM]    127                                     relations = (G.csr.indices - targets) / G.N

[09/23/2018 15:33:11 PM]    128                                     relsimvec = np.array(relsim[int(pid), :]) # specific to predicate p

[09/23/2018 15:33:11 PM]    129                                     relsim_wt = relsimvec[relations] # with the size of relations as the number of relations

[09/23/2018 15:33:11 PM]    130                                     ######################################################

[09/23/2018 15:33:11 PM]    131                                     specificity_wt = indegsim[targets] # specificity

[09/23/2018 15:33:11 PM]    132                             

[09/23/2018 15:33:11 PM]    133                                     ## Removing all the edges with the predicte p in between any nodes.

[09/23/2018 15:33:11 PM]    134                                     log.info('=> Removing predicate {} from KG.\n\n'.format(pid))

[09/23/2018 15:33:11 PM]    135                                     eraseedges_mask = ((G.csr.indices - (G.csr.indices % G.N)) / G.N) == pid

[09/23/2018 15:33:11 PM]    136                                     specificity_wt[eraseedges_mask] = 0

[09/23/2018 15:33:11 PM]    137                                     relsim_wt[eraseedges_mask] = 0

[09/23/2018 15:33:11 PM]    138                                     G.csr.data = specificity_wt.copy()

[09/23/2018 15:33:11 PM]    139                             

[09/23/2018 15:33:11 PM]    140                                     G.csr.data = np.multiply(relsim_wt, G.csr.data)

[09/23/2018 15:33:11 PM]    141                                     log.info("Constructing adjacency matrix for: {}".format(pid))

[09/23/2018 15:33:11 PM]    142                                     adj_list_data = []

[09/23/2018 15:33:11 PM]    143                                     adj_list_s = []

[09/23/2018 15:33:11 PM]    144                                     adj_list_p = []

[09/23/2018 15:33:11 PM]    145                                     adj_list_o = []

[09/23/2018 15:33:11 PM]    146                                     sel_data = np.array([])

[09/23/2018 15:33:11 PM]    147                                     sel_relations = np.array([])

[09/23/2018 15:33:11 PM]    148                                     dicti = {}

[09/23/2018 15:33:11 PM]    149                                     num_nodes = len(G.csr.indptr)-1

[09/23/2018 15:33:11 PM]    150                                     for node in tqdm(xrange(num_nodes)):

[09/23/2018 15:33:11 PM]    151                                         dicti = {}

[09/23/2018 15:33:11 PM]    152                                         start = G.csr.indptr[node]

[09/23/2018 15:33:11 PM]    153                                         end = G.csr.indptr[node+1]

[09/23/2018 15:33:11 PM]    154                             

[09/23/2018 15:33:11 PM]    155                                         sel_data = G.csr.data[start:end]

[09/23/2018 15:33:11 PM]    156                                         sel_relations = relations[start:end]

[09/23/2018 15:33:11 PM]    157                                         for i, sel_tar in enumerate(targets[start:end]):

[09/23/2018 15:33:11 PM]    158                                             if sel_tar in dicti:

[09/23/2018 15:33:11 PM]    159                                                 if dicti[sel_tar][0] < sel_data[i]:

[09/23/2018 15:33:11 PM]    160                                                     dicti[sel_tar] = (sel_data[i], sel_relations[i])

[09/23/2018 15:33:11 PM]    161                                             else:

[09/23/2018 15:33:11 PM]    162                                                 dicti[sel_tar] = (sel_data[i], sel_relations[i])

[09/23/2018 15:33:11 PM]    163                                         for key, value in dicti.iteritems():

[09/23/2018 15:33:11 PM]    164                                             if value[0] != 0:

[09/23/2018 15:33:11 PM]    165                                                 adj_list_data.append(value[0])

[09/23/2018 15:33:11 PM]    166                                                 adj_list_s.append(node)

[09/23/2018 15:33:11 PM]    167                                                 adj_list_p.append(value[1])

[09/23/2018 15:33:11 PM]    168                                                 adj_list_o.append(key)

[09/23/2018 15:33:11 PM]    169                                     Gr = csr_matrix((adj_list_p, (adj_list_s, adj_list_o)), shape=(num_nodes, num_nodes))

[09/23/2018 15:33:11 PM]    170                                     Gv = csr_matrix((adj_list_data, (adj_list_s, adj_list_o)), shape=(num_nodes, num_nodes))

[09/23/2018 15:33:11 PM]    171                                     save_npz(join(HOME, 'sm', 'G_fil_rel_{}.npz'.format(int(pid))), Gr)

[09/23/2018 15:33:11 PM]    172                                     save_npz(join(HOME, 'sm', 'G_fil_val_{}.npz'.format(int(pid))), Gv)

[09/23/2018 15:33:11 PM]    173                             

[09/23/2018 15:33:11 PM]    174                                 ############# Path extraction ###################

[09/23/2018 15:33:11 PM]    175   2028.7 MiB      0.0 MiB       log.info('=> Path extraction..(this can take a while)')

[09/23/2018 15:33:11 PM]    176   2028.9 MiB      0.2 MiB       t1 = time()

[09/23/2018 15:33:11 PM]    177  14300.1 MiB  12271.2 MiB       features, pos_features, neg_features, measurements = extract_paths_sm(Gv, Gr, triples, y)

[09/23/2018 15:33:11 PM]    178  14300.1 MiB      0.0 MiB       log.info('P: +:{}, -:{}, unique tot:{}'.format(len(pos_features), len(neg_features), len(features)))

[09/23/2018 15:33:11 PM]    179  14300.1 MiB      0.0 MiB       vec = DictVectorizer()

[09/23/2018 15:33:11 PM]    180  14302.5 MiB      2.4 MiB       X = vec.fit_transform(measurements)

[09/23/2018 15:33:11 PM]    181  14302.5 MiB      0.0 MiB       n, m = X.shape

[09/23/2018 15:33:11 PM]    182  14302.5 MiB      0.0 MiB       log.info('Time taken: {:.2f}s\n\n'.format(time() - t1))

[09/23/2018 15:33:11 PM]    183                             

[09/23/2018 15:33:11 PM]    184                                 ########### Path selection ###############

[09/23/2018 15:33:11 PM]    185  14302.5 MiB      0.0 MiB       log.info('=> Path selection..')

[09/23/2018 15:33:11 PM]    186  14302.5 MiB      0.0 MiB       t1 = time()

[09/23/2018 15:33:11 PM]    187  14302.5 MiB      0.0 MiB       pathselect = SelectKBest(mutual_info_classif, k=min(100, m))

[09/23/2018 15:33:11 PM]    188  14303.6 MiB      1.1 MiB       X_select = pathselect.fit_transform(X, y)

[09/23/2018 15:33:11 PM]    189  14303.6 MiB      0.0 MiB       selectidx = pathselect.get_support(indices=True) # selected feature indices

[09/23/2018 15:33:11 PM]    190  14303.6 MiB      0.0 MiB       vec = vec.restrict(selectidx, indices=True)

[09/23/2018 15:33:11 PM]    191  14303.6 MiB      0.0 MiB       select_pos_features, select_neg_features = set(), set()

[09/23/2018 15:33:11 PM]    192  14303.6 MiB      0.0 MiB       for feature in vec.get_feature_names():

[09/23/2018 15:33:11 PM]    193  14303.6 MiB      0.0 MiB           if feature in pos_features:

[09/23/2018 15:33:11 PM]    194  14303.6 MiB      0.0 MiB               select_pos_features.add(feature)

[09/23/2018 15:33:11 PM]    195  14303.6 MiB      0.0 MiB           if feature in neg_features:

[09/23/2018 15:33:11 PM]    196                                         select_neg_features.add(feature)

[09/23/2018 15:33:11 PM]    197  14303.6 MiB      0.0 MiB       log.info('D: +:{}, -:{}, tot:{}'.format(len(select_pos_features), len(select_neg_features), X_select.shape[1]))

[09/23/2018 15:33:11 PM]    198  14303.6 MiB      0.0 MiB       log.info('Time taken: {:.2f}s\n'.format(time() - t1))

[09/23/2018 15:33:11 PM]    199                             

[09/23/2018 15:33:11 PM]    200                                 # Fact interpretation

[09/23/2018 15:33:11 PM]    201  14303.6 MiB      0.0 MiB       if use_interpretable_features and len(select_neg_features) > 0:

[09/23/2018 15:33:11 PM]    202                                     log.info('=> Fact interpretation..')

[09/23/2018 15:33:11 PM]    203                                     t1 = time()

[09/23/2018 15:33:11 PM]    204                                     theta = 10

[09/23/2018 15:33:11 PM]    205                                     select_neg_idx = [i for i, f in enumerate(vec.get_feature_names()) if f in select_neg_features]

[09/23/2018 15:33:11 PM]    206                                     removemask = np.where(np.sum(X_select[:, select_neg_idx], axis=0) >= theta)[0]

[09/23/2018 15:33:11 PM]    207                                     restrictidx = select_neg_idx[removemask]

[09/23/2018 15:33:11 PM]    208                                     keepidx = []

[09/23/2018 15:33:11 PM]    209                                     for i, f in enumerate(vec.get_feature_names()):

[09/23/2018 15:33:11 PM]    210                                         if i not in restrictidx:

[09/23/2018 15:33:11 PM]    211                                             keepidx.append(i)

[09/23/2018 15:33:11 PM]    212                                         else:

[09/23/2018 15:33:11 PM]    213                                             select_neg_features.remove(f)

[09/23/2018 15:33:11 PM]    214                                     vec = vec.restrictidx(keepidx, indices=True)

[09/23/2018 15:33:11 PM]    215                                     X_select = X_select[:, keepidx]

[09/23/2018 15:33:11 PM]    216                                     log.info('D*: +:{}, -:{}, tot:{}'.format(len(select_pos_features), len(select_neg_features), X_select.shape[1]))

[09/23/2018 15:33:11 PM]    217                                     log.info('Time taken: {:.2f}s\n'.format(time() - t1))

[09/23/2018 15:33:11 PM]    218                             

[09/23/2018 15:33:11 PM]    219                                 # Model creation

[09/23/2018 15:33:11 PM]    220  14303.6 MiB      0.0 MiB       log.info('=> Model building..')

[09/23/2018 15:33:11 PM]    221  14303.6 MiB      0.0 MiB       t1 = time()

[09/23/2018 15:33:11 PM]    222  14306.0 MiB      2.4 MiB       model = find_best_model(X_select, y, cv=cv)

[09/23/2018 15:33:11 PM]    223  14306.0 MiB      0.0 MiB       log.info('#Features: {}, best-AUROC: {:.5f}'.format(X_select.shape[1], model['best_score']))

[09/23/2018 15:33:11 PM]    224  14306.0 MiB      0.0 MiB       log.info('Time taken: {:.2f}s\n'.format(time() - t1))

[09/23/2018 15:33:11 PM]    225                             

[09/23/2018 15:33:11 PM]    226  14306.0 MiB      0.0 MiB       return vec, model

[09/23/2018 15:33:11 PM] 


[09/23/2018 15:33:11 PM] Time taken: 3872.79s

[09/23/2018 15:33:11 PM] Saved: /home/galois/Documents/streamminer/output/out_streamminer_predpath_vice_president_2018-09-23_14:28:35.pkl
[09/23/2018 15:33:11 PM] 
Done!

[09/23/2018 15:33:11 PM] 

