[09/17/2018 17:51:36 PM] Launching relklinker..
[09/17/2018 17:51:36 PM] Dataset: sample.csv
[09/17/2018 17:51:36 PM] Output dir: /home/galois/Documents/streamminer/output
[09/17/2018 17:51:36 PM] Read data: (104, 7) sample.csv
[09/17/2018 17:51:36 PM] Note: Found non-NA records: (104, 7)
[09/17/2018 17:51:41 PM] 
Done!

[09/17/2018 18:03:05 PM] Launching relklinker..
[09/17/2018 18:03:05 PM] Dataset: sample.csv
[09/17/2018 18:03:05 PM] Output dir: /home/galois/Documents/streamminer/output
[09/17/2018 18:03:05 PM] Read data: (104, 7) sample.csv
[09/17/2018 18:03:05 PM] Note: Found non-NA records: (104, 7)
[09/17/2018 18:03:11 PM] 
Done!

[09/17/2018 18:11:53 PM] Launching relklinker..
[09/17/2018 18:11:53 PM] Dataset: sample.csv
[09/17/2018 18:11:53 PM] Output dir: /home/galois/Documents/streamminer/output
[09/17/2018 18:11:53 PM] Read data: (104, 7) sample.csv
[09/17/2018 18:11:53 PM] Note: Found non-NA records: (104, 7)
[09/17/2018 18:11:55 PM] 
Done!

[09/17/2018 18:22:52 PM] Launching relklinker..
[09/17/2018 18:22:52 PM] Dataset: sample.csv
[09/17/2018 18:22:52 PM] Output dir: /home/galois/Documents/streamminer/output
[09/17/2018 18:22:52 PM] Read data: (104, 7) sample.csv
[09/17/2018 18:22:52 PM] Note: Found non-NA records: (104, 7)
[09/17/2018 18:23:01 PM] 
Done!

[09/17/2018 21:36:10 PM] Launching relklinker..
[09/17/2018 21:36:10 PM] Dataset: sample.csv
[09/17/2018 21:36:10 PM] Output dir: /home/galois/Documents/streamminer/output
[09/17/2018 21:36:10 PM] Read data: (104, 7) sample.csv
[09/17/2018 21:36:10 PM] Note: Found non-NA records: (104, 7)
[09/17/2018 21:38:18 PM] Launching relklinker..
[09/17/2018 21:38:18 PM] Dataset: sample.csv
[09/17/2018 21:38:18 PM] Output dir: /home/galois/Documents/streamminer/output
[09/17/2018 21:38:18 PM] Read data: (104, 7) sample.csv
[09/17/2018 21:38:18 PM] Note: Found non-NA records: (104, 7)
[09/17/2018 21:47:51 PM] Launching relklinker..
[09/17/2018 21:47:51 PM] Dataset: sample.csv
[09/17/2018 21:47:51 PM] Output dir: /home/galois/Documents/streamminer/output
[09/17/2018 21:47:51 PM] Read data: (104, 7) sample.csv
[09/17/2018 21:47:51 PM] Note: Found non-NA records: (104, 7)
[09/17/2018 21:47:52 PM] 
Done!

[09/17/2018 21:58:31 PM] Launching relklinker..
[09/17/2018 21:58:31 PM] Dataset: sample.csv
[09/17/2018 21:58:31 PM] Output dir: /home/galois/Documents/streamminer/output
[09/17/2018 21:58:31 PM] Read data: (104, 7) sample.csv
[09/17/2018 21:58:31 PM] Note: Found non-NA records: (104, 7)
[09/17/2018 21:58:35 PM] 
Done!

[09/17/2018 22:21:09 PM] Launching relklinker..
[09/17/2018 22:21:09 PM] Dataset: sample.csv
[09/17/2018 22:21:09 PM] Output dir: /home/galois/Documents/streamminer/output
[09/17/2018 22:21:09 PM] Read data: (104, 7) sample.csv
[09/17/2018 22:21:09 PM] Note: Found non-NA records: (104, 7)
[09/17/2018 22:21:10 PM] 
Done!

