[09/17/2018 18:00:47 PM] Launching relklinker..
[09/17/2018 18:00:47 PM] Dataset: sub_sample.csv
[09/17/2018 18:00:47 PM] Output dir: /home/galois/Documents/streamminer/output
[09/17/2018 18:00:47 PM] Read data: (39, 7) sub_sample.csv
[09/17/2018 18:00:47 PM] Note: Found non-NA records: (39, 7)
[09/17/2018 18:00:53 PM] 
Done!

[09/17/2018 18:20:36 PM] Launching relklinker..
[09/17/2018 18:20:36 PM] Dataset: sub_sample.csv
[09/17/2018 18:20:36 PM] Output dir: /home/galois/Documents/streamminer/output
[09/17/2018 18:20:36 PM] Read data: (39, 7) sub_sample.csv
[09/17/2018 18:20:36 PM] Note: Found non-NA records: (39, 7)
[09/17/2018 18:20:41 PM] 
Done!

[09/17/2018 21:56:21 PM] Launching relklinker..
[09/17/2018 21:56:21 PM] Dataset: sub_sample.csv
[09/17/2018 21:56:21 PM] Output dir: /home/galois/Documents/streamminer/output
[09/17/2018 21:56:21 PM] Read data: (39, 7) sub_sample.csv
[09/17/2018 21:56:21 PM] Note: Found non-NA records: (39, 7)
[09/17/2018 21:56:25 PM] 
Done!

[09/17/2018 22:29:31 PM] Launching relklinker..
[09/17/2018 22:29:31 PM] Dataset: sub_sample.csv
[09/17/2018 22:29:31 PM] Output dir: /home/galois/Documents/streamminer/output
[09/17/2018 22:29:31 PM] Read data: (39, 7) sub_sample.csv
[09/17/2018 22:29:31 PM] Note: Found non-NA records: (39, 7)
