[09/23/2018 08:55:06 AM] Launching sm..
[09/23/2018 08:55:06 AM] Dataset: sub_sample.csv
[09/23/2018 08:55:06 AM] Output dir: /home/alex/Documents/streamminer/output
[09/23/2018 08:55:06 AM] Read data: (39, 7) sub_sample.csv
[09/23/2018 08:55:06 AM] Note: Found non-NA records: (39, 7)
[09/23/2018 08:55:06 AM] Reconstructing graph from /home/alex/Documents/streamminer/data/kg/_undir
[09/23/2018 08:55:06 AM] 

[09/23/2018 08:55:06 AM] => Loaded: undir_data.npy
[09/23/2018 08:55:06 AM] 

[09/23/2018 08:55:06 AM] => Loaded: undir_indptr.npy
[09/23/2018 08:55:06 AM] 

[09/23/2018 08:55:06 AM] => Loaded: undir_indices.npy
[09/23/2018 08:55:06 AM] 

[09/23/2018 08:55:06 AM] => Loaded: undir_indeg_vec.npy
[09/23/2018 08:55:06 AM] 

[09/23/2018 08:55:06 AM] => Graph loaded: 0.39 secs.

[09/23/2018 08:55:06 AM] 

[09/23/2018 08:55:06 AM] PID is: 599.0, with type: float64
[09/23/2018 08:55:11 AM] => Path extraction..(this can take a while)
[09/23/2018 08:55:11 AM] Wrote profile results to streamminerp.py.lprof
[09/23/2018 08:55:11 AM] 

