[09/23/2018 20:13:44 PM] Launching stream..
[09/23/2018 20:13:44 PM] Dataset: sub_sample.csv
[09/23/2018 20:13:44 PM] Output dir: /home/alex/Documents/streamminer/output
[09/23/2018 20:13:44 PM] Read data: (39, 7) sub_sample.csv
[09/23/2018 20:13:44 PM] Note: Found non-NA records: (39, 7)
[09/23/2018 20:13:46 PM] Computing KS for 39 triples..
[09/23/2018 20:13:51 PM] Time for cost mtx: 2.13s
[09/23/2018 20:13:52 PM] Initial reduced cost: [2 3 3 ... 2 2 2]
[09/23/2018 20:13:52 PM] P1: [ 392035 2115741] [ -1 189], (c, bnck, f): (0.00, 0.07, 0.07), time: 0.14s
[09/23/2018 20:13:52 PM] Found: [0 0 0 ... 0 0 0], dist: [2147483647 2147483647 2147483647 ... 2147483647 2147483647 2147483647]
[09/23/2018 20:13:52 PM] Updated potentials: [0 0 0 ... 0 0 0]
[09/23/2018 20:13:53 PM] Reduced cost: [2 3 3 ... 2 2 2]
[09/23/2018 20:13:55 PM] P2: [ 392035      78 2675800 2115741] [ -1 660 660 599], (c, bnck, f): (10.71, 0.06, 0.00), time: 3.22s
[09/23/2018 20:13:55 PM] Found: [0 1 1 ... 1 0 0], dist: [2147483647          9          9 ...         10         19         19]
[09/23/2018 20:13:55 PM] Updated potentials: [0 1 1 ... 0 0 0]
[09/23/2018 20:13:57 PM] Reduced cost: [2 3 3 ... 2 2 2]
[09/23/2018 20:14:00 PM] P3: [ 392035 1243951 4445640 2115741] [ -1 480 480 599], (c, bnck, f): (10.54, 0.05, 0.00), time: 4.79s
[09/23/2018 20:14:00 PM] Found: [0 1 1 ... 1 0 0], dist: [2147483647          0          0 ...          0          9          9]
[09/23/2018 20:14:00 PM] Updated potentials: [0 2 2 ... 1 0 0]
[09/23/2018 20:14:01 PM] Reduced cost: [2 3 3 ... 2 2 2]
[09/23/2018 20:14:03 PM] P4: [ 392035 3845794 3212007 3212008 1069836 5168067 2115741] [ -1 123 123 602 599 121 189], (c, bnck, f): (10.75, 0.07, 0.01), time: 2.92s
[09/23/2018 20:14:03 PM] Found: [0 1 1 ... 1 0 0], dist: [2147483647          0          0 ...          0          8          8]
[09/23/2018 20:14:03 PM] Updated potentials: [0 2 2 ... 1 0 0]
[09/23/2018 20:14:04 PM] Reduced cost: [2 3 3 ... 2 2 2]
[09/23/2018 20:14:08 PM] P5: [ 392035 3845794 2672313 2672318 3144844 5457739 5457736 2115741] [ -1 123 123 602 599 599 602 189], (c, bnck, f): (12.17, 0.07, 0.01), time: 5.20s
[09/23/2018 20:14:08 PM] Found: [0 1 1 ... 1 0 0], dist: [2147483647          0          0 ...          0          8          8]
[09/23/2018 20:14:10 PM] Time for cost mtx: 1.09s
[09/23/2018 20:14:10 PM] Initial reduced cost: [2 3 3 ... 2 2 2]
[09/23/2018 20:14:12 PM] P1: [ 392035 3783749 3612042 4119746] [ -1  65  65 189], (c, bnck, f): (9.31, 0.07, 0.01), time: 1.28s
[09/23/2018 20:14:12 PM] Found: [0 0 0 ... 0 0 0], dist: [2147483647 2147483647 2147483647 ... 2147483647 2147483647 2147483647]
[09/23/2018 20:14:12 PM] Updated potentials: [0 0 0 ... 0 0 0]
[09/23/2018 20:14:12 PM] Reduced cost: [2 3 3 ... 2 2 2]
[09/23/2018 20:14:14 PM] P2: [ 392035      78  852582 4119746] [ -1 660 660 189], (c, bnck, f): (10.71, 0.06, 0.00), time: 2.51s
[09/23/2018 20:14:14 PM] Found: [0 1 1 ... 0 0 0], dist: [2147483647          1          1 ... 2147483647 2147483647 2147483647]
[09/23/2018 20:14:14 PM] Updated potentials: [0 0 0 ... 0 0 0]
[09/23/2018 20:14:15 PM] Reduced cost: [2 3 3 ... 2 2 2]
[09/23/2018 20:14:17 PM] P3: [ 392035 2115741 4864843 4119746] [ -1 189 599 189], (c, bnck, f): (9.36, 0.07, 0.01), time: 2.48s
[09/23/2018 20:14:17 PM] Found: [0 1 1 ... 0 0 0], dist: [2147483647          0          0 ... 2147483647 2147483647 2147483647]
[09/23/2018 20:14:17 PM] Updated potentials: [0 0 0 ... 0 0 0]
[09/23/2018 20:14:17 PM] Reduced cost: [2 3 3 ... 2 2 2]
[09/23/2018 20:14:19 PM] P4: [ 392035 1243951 2682315 4119746] [ -1 480 480 189], (c, bnck, f): (10.90, 0.05, 0.00), time: 2.63s
[09/23/2018 20:14:19 PM] Found: [0 1 1 ... 1 0 0], dist: [2147483647          0          0 ...          1         10         10]
[09/23/2018 20:14:19 PM] Updated potentials: [0 1 1 ... 0 0 0]
[09/23/2018 20:14:20 PM] Reduced cost: [2 3 3 ... 2 2 2]
[09/23/2018 20:14:22 PM] P5: [ 392035 3845794 3212007 3212008 1069836 5330278 5330277 4119746] [ -1 123 123 602 599 599 602 189], (c, bnck, f): (11.06, 0.07, 0.01), time: 2.77s
[09/23/2018 20:14:22 PM] Found: [0 1 1 ... 1 0 0], dist: [2147483647          0          0 ...          0          9          9]
[09/23/2018 20:14:24 PM] Time for cost mtx: 1.09s
[09/23/2018 20:14:24 PM] Initial reduced cost: [2 3 3 ... 2 2 2]
[09/23/2018 20:14:26 PM] P1: [ 392035      78 3796026  917821] [ -1 660 660 189], (c, bnck, f): (10.71, 0.06, 0.00), time: 1.66s
[09/23/2018 20:14:26 PM] Found: [0 1 1 ... 0 0 0], dist: [2147483647         16         16 ... 2147483647 2147483647 2147483647]
[09/23/2018 20:14:26 PM] Updated potentials: [0 0 0 ... 0 0 0]
[09/23/2018 20:14:27 PM] Reduced cost: [2 3 3 ... 2 2 2]
