[11/30/2018 15:04:12 PM] Launching sm..
[11/30/2018 15:04:12 PM] Dataset: education_degree.csv
[11/30/2018 15:04:12 PM] Output dir: /home/galois/Documents/streamminer/output
[11/30/2018 15:04:12 PM] Read data: (1861, 7) education_degree.csv
[11/30/2018 15:04:12 PM] Note: Found non-NA records: (1861, 7)
[11/30/2018 15:04:14 PM] PID is: 194, with type: int64
[11/30/2018 15:04:22 PM] => Path extraction..(this can take a while)
[11/30/2018 15:06:19 PM] SPO: [2544742, 194, 728221], Score: 0.167773611274, Len (3):
[2544742] --410 (0.04)-> [2797694] --410 (0.06)-> [4041868] --27 (0.07)-> [728221]

[11/30/2018 15:06:19 PM] SPO: [2544742, 194, 728221], Score: 0.157008711749, Len (3):
[2544742] --65 (0.04)-> [1023244] --511 (0.05)-> [4319912] --27 (0.07)-> [728221]

[11/30/2018 15:06:19 PM] SPO: [2544742, 194, 728221], Score: 0.336377320263, Len (3):
[2544742] --65 (0.04)-> [1023244] --511 (0.08)-> [1047164] --27 (0.22)-> [728221]

[11/30/2018 15:06:19 PM] SPO: [2544742, 194, 728221], Score: 0.339651503791, Len (3):
[2544742] --410 (0.04)-> [2797694] --410 (0.08)-> [1435584] --27 (0.22)-> [728221]

[11/30/2018 15:06:19 PM] SPO: [2544742, 194, 728221], Score: 0.2998839235, Len (5):
[2544742] --410 (0.04)-> [2797694] --410 (0.08)-> [1435584] --511 (0.04)-> [5450691] --167 (0.06)-> [1218582] --27 (0.08)-> [728221]

[11/30/2018 15:08:16 PM] SPO: [1196487, 194, 728221], Score: 0.284554848811, Len (3):
[1196487] --27 (0.05)-> [2451060] --610 (0.09)-> [2899183] --610 (0.14)-> [728221]

[11/30/2018 15:08:16 PM] SPO: [1196487, 194, 728221], Score: 0.176583906288, Len (3):
[1196487] --511 (0.04)-> [5450691] --167 (0.06)-> [1218582] --27 (0.08)-> [728221]

[11/30/2018 15:08:16 PM] SPO: [1196487, 194, 728221], Score: 0.33357942733, Len (3):
[1196487] --511 (0.04)-> [5450691] --511 (0.08)-> [4987190] --27 (0.21)-> [728221]

[11/30/2018 15:08:16 PM] SPO: [1196487, 194, 728221], Score: 0.348443954076, Len (5):
[1196487] --511 (0.04)-> [5450691] --167 (0.06)-> [1218582] --27 (0.05)-> [1537305] --27 (0.09)-> [4109117] --27 (0.11)-> [728221]

[11/30/2018 15:08:16 PM] SPO: [1196487, 194, 728221], Score: 0.355190412232, Len (5):
[1196487] --511 (0.04)-> [5450691] --167 (0.06)-> [1218582] --27 (0.05)-> [3438865] --27 (0.09)-> [3983821] --27 (0.11)-> [728221]

[11/30/2018 15:10:05 PM] SPO: [2777415, 194, 728221], Score: 0.253142199213, Len (3):
[2777415] --214 (0.05)-> [4148958] --410 (0.08)-> [2055080] --27 (0.12)-> [728221]

[11/30/2018 15:10:05 PM] SPO: [2777415, 194, 728221], Score: 0.207838463644, Len (3):
[2777415] --27 (0.05)-> [2257845] --27 (0.07)-> [548235] --27 (0.09)-> [728221]

[11/30/2018 15:10:05 PM] SPO: [2777415, 194, 728221], Score: 0.367891078908, Len (3):
[2777415] --27 (0.05)-> [2257845] --27 (0.09)-> [4391776] --27 (0.24)-> [728221]

[11/30/2018 15:10:05 PM] SPO: [2777415, 194, 728221], Score: 0.379717561088, Len (5):
[2777415] --27 (0.05)-> [2257845] --27 (0.07)-> [548235] --27 (0.05)-> [2832574] --27 (0.09)-> [1063156] --27 (0.12)-> [728221]

[11/30/2018 15:10:05 PM] SPO: [2777415, 194, 728221], Score: 0.352828122751, Len (5):
[2777415] --27 (0.05)-> [2257845] --27 (0.07)-> [548235] --27 (0.05)-> [2257810] --27 (0.08)-> [3442946] --27 (0.11)-> [728221]

