[09/23/2018 08:26:19 AM] Launching sm..
[09/23/2018 08:26:19 AM] Dataset: sub_sample.csv
[09/23/2018 08:26:19 AM] Output dir: /home/alex/Documents/streamminer/output
[09/23/2018 08:26:19 AM] Read data: (39, 7) sub_sample.csv
[09/23/2018 08:26:19 AM] Note: Found non-NA records: (39, 7)
[09/23/2018 08:26:19 AM] Reconstructing graph from /home/alex/Documents/streamminer/data/kg/_undir
[09/23/2018 08:26:19 AM] 

[09/23/2018 08:26:19 AM] => Loaded: undir_data.npy
[09/23/2018 08:26:19 AM] 

[09/23/2018 08:26:19 AM] => Loaded: undir_indptr.npy
[09/23/2018 08:26:19 AM] 

[09/23/2018 08:26:19 AM] => Loaded: undir_indices.npy
[09/23/2018 08:26:19 AM] 

[09/23/2018 08:26:19 AM] => Loaded: undir_indeg_vec.npy
[09/23/2018 08:26:19 AM] 

[09/23/2018 08:26:19 AM] => Graph loaded: 0.44 secs.

[09/23/2018 08:26:19 AM] 

[09/23/2018 08:26:19 AM] PID is: 599.0, with type: float64
[09/23/2018 08:26:24 AM] => Path extraction..(this can take a while)
[09/23/2018 08:27:24 AM] SPO: [ 392035 599 2115741], Score: 0.0677970562743, Path (1):
[09/23/2018 08:27:24 AM] [392035] -189 (0.07)-> [2115741]

[09/23/2018 08:27:24 AM]  
[09/23/2018 08:27:24 AM] SPO: [ 392035 599 2115741], Score: 0.129642864833, Path (3):
[09/23/2018 08:27:24 AM] [392035] -660 (0.03)-> [78] -660 (0.04)-> [4475218] -236 (0.06)-> [2115741]

[09/23/2018 08:27:24 AM]  
[09/23/2018 08:27:24 AM] SPO: [ 392035 599 2115741], Score: 0.227870891895, Path (3):
[09/23/2018 08:27:24 AM] [392035] -660 (0.03)-> [78] -660 (0.06)-> [532169] -236 (0.14)-> [2115741]

[09/23/2018 08:27:24 AM]  
[09/23/2018 08:27:24 AM] SPO: [ 392035 599 2115741], Score: 0.32246592914, Path (5):
[09/23/2018 08:27:24 AM] [392035] -660 (0.03)-> [78] -660 (0.04)-> [4475218] -236 (0.04)-> [3040313] -236 (0.08)-> [532169] -236 (0.13)-> [2115741]

[09/23/2018 08:27:24 AM]  
[09/23/2018 08:27:24 AM] SPO: [ 392035 599 2115741], Score: 0.2921631898, Path (5):
[09/23/2018 08:27:24 AM] [392035] -660 (0.03)-> [78] -660 (0.04)-> [4475218] -236 (0.04)-> [1006463] -236 (0.07)-> [532169] -236 (0.11)-> [2115741]

