[09/17/2018 17:46:18 PM] Launching relklinker..
[09/17/2018 17:46:18 PM] Dataset: place_of_birth.csv
[09/17/2018 17:46:18 PM] Output dir: /home/galois/Documents/streamminer/output
[09/17/2018 17:46:18 PM] Read data: (1092, 7) place_of_birth.csv
[09/17/2018 17:46:18 PM] Note: Found non-NA records: (1092, 7)
[09/17/2018 17:46:22 PM] 
Done!

[09/17/2018 17:49:04 PM] Launching relklinker..
[09/17/2018 17:49:04 PM] Dataset: place_of_birth.csv
[09/17/2018 17:49:04 PM] Output dir: /home/galois/Documents/streamminer/output
[09/17/2018 17:49:04 PM] Read data: (1092, 7) place_of_birth.csv
[09/17/2018 17:49:04 PM] Note: Found non-NA records: (1092, 7)
[09/17/2018 17:49:24 PM] 
Done!

[09/17/2018 18:09:43 PM] Launching relklinker..
[09/17/2018 18:09:43 PM] Dataset: place_of_birth.csv
[09/17/2018 18:09:43 PM] Output dir: /home/galois/Documents/streamminer/output
[09/17/2018 18:09:43 PM] Read data: (1092, 7) place_of_birth.csv
[09/17/2018 18:09:43 PM] Note: Found non-NA records: (1092, 7)
[09/17/2018 18:09:47 PM] 
Done!

[09/17/2018 21:36:10 PM] Launching relklinker..
[09/17/2018 21:36:10 PM] Dataset: place_of_birth.csv
[09/17/2018 21:36:10 PM] Output dir: /home/galois/Documents/streamminer/output
[09/17/2018 21:36:10 PM] Read data: (1092, 7) place_of_birth.csv
[09/17/2018 21:36:10 PM] Note: Found non-NA records: (1092, 7)
[09/17/2018 21:45:48 PM] Launching relklinker..
[09/17/2018 21:45:48 PM] Dataset: place_of_birth.csv
[09/17/2018 21:45:48 PM] Output dir: /home/galois/Documents/streamminer/output
[09/17/2018 21:45:48 PM] Read data: (1092, 7) place_of_birth.csv
[09/17/2018 21:45:48 PM] Note: Found non-NA records: (1092, 7)
[09/17/2018 21:45:49 PM] 
Done!

[09/17/2018 22:19:06 PM] Launching relklinker..
[09/17/2018 22:19:06 PM] Dataset: place_of_birth.csv
[09/17/2018 22:19:06 PM] Output dir: /home/galois/Documents/streamminer/output
[09/17/2018 22:19:06 PM] Read data: (1092, 7) place_of_birth.csv
[09/17/2018 22:19:06 PM] Note: Found non-NA records: (1092, 7)
[09/17/2018 22:19:07 PM] 
Done!

