[12/14/2018 20:34:50 PM] Launching sm..
[12/14/2018 20:34:50 PM] Dataset: sub_sample.csv
[12/14/2018 20:34:50 PM] Output dir: /home/galois/Documents/streamminer/output
[12/14/2018 20:34:50 PM] Read data: (39, 7) sub_sample.csv
[12/14/2018 20:34:51 PM] Note: Found non-NA records: (39, 7)
[12/14/2018 20:34:54 PM] PID is: 599.0, with type: float64
[12/14/2018 20:35:01 PM] => Path extraction..(this can take a while)
[12/14/2018 20:36:19 PM] SPO: [392035, 599, 4119746], Score: 0.150356260458, Len (3):
[392035] --189 (0.03)-> [2115741] --236 (0.05)-> [4475218] --236 (0.07)-> [4119746]

[12/14/2018 20:36:19 PM] SPO: [392035, 599, 4119746], Score: 0.146804040157, Len (3):
[392035] --65 (0.03)-> [3783749] --65 (0.05)-> [3612042] --189 (0.07)-> [4119746]

[12/14/2018 20:36:19 PM] SPO: [392035, 599, 4119746], Score: 0.224282586696, Len (3):
[392035] --189 (0.03)-> [2115741] --121 (0.05)-> [4863355] --189 (0.14)-> [4119746]

[12/14/2018 20:36:19 PM] SPO: [392035, 599, 4119746], Score: 0.226604318287, Len (3):
[392035] --65 (0.03)-> [3783749] --65 (0.05)-> [2142240] --189 (0.15)-> [4119746]

[12/14/2018 20:36:19 PM] SPO: [392035, 599, 4119746], Score: 0.266057530429, Len (5):
[392035] --65 (0.03)-> [3783749] --65 (0.05)-> [2142240] --462 (0.04)-> [4182344] --462 (0.07)-> [1596079] --189 (0.08)-> [4119746]

[12/14/2018 20:36:27 PM] SPO: [482030, 599, 2364618], Score: 0.0709806674345, Len (1):
[482030] --189 (0.07)-> [2364618]

[12/14/2018 20:36:27 PM] SPO: [482030, 599, 2364618], Score: 0.189150057923, Len (3):
[482030] --462 (0.04)-> [4160079] --462 (0.07)-> [4107784] --189 (0.08)-> [2364618]

[12/14/2018 20:36:27 PM] SPO: [482030, 599, 2364618], Score: 0.13485583069, Len (3):
[482030] --660 (0.03)-> [78] --660 (0.05)-> [2512842] --121 (0.06)-> [2364618]

[12/14/2018 20:36:27 PM] SPO: [482030, 599, 2364618], Score: 0.267681011444, Len (5):
[482030] --660 (0.03)-> [78] --660 (0.05)-> [2512842] --329 (0.04)-> [3740468] --601 (0.07)-> [2287973] --601 (0.08)-> [2364618]

[12/14/2018 20:36:27 PM] SPO: [482030, 599, 2364618], Score: 0.277267891435, Len (5):
[482030] --660 (0.03)-> [78] --660 (0.05)-> [2512842] --123 (0.04)-> [3590990] --123 (0.07)-> [4471751] --189 (0.1)-> [2364618]

[12/14/2018 20:36:36 PM] SPO: [494082, 599, 4119746], Score: 0.0709806674345, Len (1):
[494082] --189 (0.07)-> [4119746]

[12/14/2018 20:36:36 PM] SPO: [494082, 599, 4119746], Score: 0.185839285232, Len (3):
[494082] --462 (0.04)-> [4182344] --462 (0.07)-> [1596079] --189 (0.08)-> [4119746]

[12/14/2018 20:36:36 PM] SPO: [494082, 599, 4119746], Score: 0.185223180919, Len (3):
[494082] --462 (0.04)-> [1095182] --462 (0.07)-> [4421062] --189 (0.08)-> [4119746]

[12/14/2018 20:36:36 PM] SPO: [494082, 599, 4119746], Score: 0.238782993358, Len (5):
[494082] --462 (0.04)-> [1095182] --462 (0.07)-> [4421062] --660 (0.03)-> [78] --660 (0.05)-> [852582] --189 (0.06)-> [4119746]

[12/14/2018 20:36:36 PM] SPO: [494082, 599, 4119746], Score: 0.239063786676, Len (5):
[494082] --462 (0.04)-> [4182344] --462 (0.07)-> [1596079] --660 (0.03)-> [78] --660 (0.05)-> [852582] --189 (0.06)-> [4119746]

[12/14/2018 20:36:37 PM] SPO: [392035, 599, 2115741], Score: 0.0677970562743, Len (1):
[392035] --189 (0.07)-> [2115741]

[12/14/2018 20:36:37 PM] SPO: [392035, 599, 2115741], Score: 0.129642864833, Len (3):
[392035] --660 (0.03)-> [78] --660 (0.04)-> [4475218] --236 (0.06)-> [2115741]

[12/14/2018 20:36:37 PM] SPO: [392035, 599, 2115741], Score: 0.227870891895, Len (3):
[392035] --660 (0.03)-> [78] --660 (0.06)-> [532169] --236 (0.14)-> [2115741]

[12/14/2018 20:36:37 PM] SPO: [392035, 599, 2115741], Score: 0.32246592914, Len (5):
[392035] --660 (0.03)-> [78] --660 (0.04)-> [4475218] --236 (0.04)-> [3040313] --236 (0.08)-> [532169] --236 (0.13)-> [2115741]

[12/14/2018 20:36:37 PM] SPO: [392035, 599, 2115741], Score: 0.2921631898, Len (5):
[392035] --660 (0.03)-> [78] --660 (0.04)-> [4475218] --236 (0.04)-> [1006463] --236 (0.07)-> [532169] --236 (0.11)-> [2115741]

[12/14/2018 20:37:28 PM] SPO: [851870, 599, 4628461], Score: 0.219192302979, Len (3):
[851870] --123 (0.04)-> [4568464] --123 (0.07)-> [4080867] --189 (0.11)-> [4628461]

[12/14/2018 20:37:28 PM] SPO: [851870, 599, 4628461], Score: 0.151818980498, Len (3):
[851870] --189 (0.03)-> [685564] --236 (0.05)-> [3116669] --236 (0.07)-> [4628461]

[12/14/2018 20:37:28 PM] SPO: [851870, 599, 4628461], Score: 0.144444987161, Len (3):
[851870] --189 (0.03)-> [685564] --660 (0.04)-> [79] --660 (0.07)-> [4628461]

[12/14/2018 20:37:28 PM] SPO: [851870, 599, 4628461], Score: 0.271276806644, Len (5):
[851870] --189 (0.03)-> [685564] --236 (0.05)-> [3116669] --462 (0.04)-> [4182344] --462 (0.07)-> [2649253] --189 (0.08)-> [4628461]

[12/14/2018 20:37:28 PM] SPO: [851870, 599, 4628461], Score: 0.291395584963, Len (5):
[851870] --123 (0.04)-> [4568464] --123 (0.07)-> [4080867] --462 (0.04)-> [4182344] --462 (0.06)-> [3116669] --236 (0.08)-> [4628461]

[12/14/2018 20:37:40 PM] SPO: [494082, 599, 3516612], Score: 0.213320718685, Len (3):
[494082] --123 (0.04)-> [3889272] --123 (0.07)-> [2621025] --189 (0.11)-> [3516612]

[12/14/2018 20:37:40 PM] SPO: [494082, 599, 3516612], Score: 0.183923352419, Len (3):
[494082] --462 (0.04)-> [4182344] --462 (0.06)-> [5457775] --189 (0.08)-> [3516612]

[12/14/2018 20:37:40 PM] SPO: [494082, 599, 3516612], Score: 0.226537559029, Len (3):
[494082] --123 (0.04)-> [3889272] --123 (0.05)-> [1287267] --189 (0.14)-> [3516612]

[12/14/2018 20:37:40 PM] SPO: [494082, 599, 3516612], Score: 0.225032532438, Len (5):
[494082] --123 (0.04)-> [3889272] --123 (0.05)-> [1287267] --660 (0.03)-> [78] --660 (0.05)-> [3397540] --189 (0.06)-> [3516612]

[12/14/2018 20:37:40 PM] SPO: [494082, 599, 3516612], Score: 0.283705432841, Len (5):
[494082] --462 (0.04)-> [4182344] --462 (0.06)-> [5457775] --123 (0.03)-> [2880082] --123 (0.06)-> [1396950] --189 (0.09)-> [3516612]

[12/14/2018 20:37:44 PM] SPO: [392035, 599, 917821], Score: 0.135843676661, Len (3):
[392035] --660 (0.03)-> [78] --660 (0.05)-> [3796026] --189 (0.06)-> [917821]

[12/14/2018 20:37:44 PM] SPO: [392035, 599, 917821], Score: 0.144876289381, Len (3):
[392035] --65 (0.03)-> [3783749] --65 (0.05)-> [1725129] --189 (0.07)-> [917821]

[12/14/2018 20:37:44 PM] SPO: [392035, 599, 917821], Score: 0.221466918952, Len (3):
[392035] --65 (0.03)-> [3783749] --65 (0.05)-> [4286875] --189 (0.14)-> [917821]

[12/14/2018 20:37:44 PM] SPO: [392035, 599, 917821], Score: 0.267922363701, Len (5):
[392035] --65 (0.03)-> [3783749] --65 (0.05)-> [4286875] --462 (0.04)-> [769614] --462 (0.07)-> [3796026] --189 (0.08)-> [917821]

[12/14/2018 20:37:44 PM] SPO: [392035, 599, 917821], Score: 0.26044367078, Len (5):
[392035] --65 (0.03)-> [3783749] --65 (0.05)-> [4286875] --329 (0.03)-> [3740468] --329 (0.06)-> [4448484] --189 (0.08)-> [917821]

[12/14/2018 20:37:47 PM] SPO: [392035, 599, 3218267], Score: 0.137585013247, Len (3):
[392035] --660 (0.03)-> [78] --660 (0.05)-> [976548] --189 (0.06)-> [3218267]

[12/14/2018 20:37:47 PM] SPO: [392035, 599, 3218267], Score: 0.335897706355, Len (3):
[392035] --660 (0.03)-> [78] --660 (0.06)-> [2004941] --189 (0.25)-> [3218267]

[12/14/2018 20:37:47 PM] SPO: [392035, 599, 3218267], Score: 0.277452602294, Len (5):
[392035] --660 (0.03)-> [78] --660 (0.06)-> [2004941] --462 (0.04)-> [769614] --462 (0.07)-> [1988022] --189 (0.08)-> [3218267]

[12/14/2018 20:37:47 PM] SPO: [392035, 599, 3218267], Score: 0.36262053592, Len (7):
[392035] --660 (0.03)-> [78] --660 (0.06)-> [2004941] --123 (0.03)-> [2473094] --123 (0.04)-> [972202] --123 (0.04)-> [5259500] --601 (0.07)-> [3218302] --601 (0.1)-> [3218267]

[12/14/2018 20:37:47 PM] SPO: [392035, 599, 3218267], Score: 0.336685524741, Len (7):
[392035] --660 (0.03)-> [78] --660 (0.06)-> [2004941] --123 (0.03)-> [2473094] --123 (0.04)-> [972202] --462 (0.04)-> [4704367] --462 (0.07)-> [1053615] --189 (0.08)-> [3218267]

[12/14/2018 20:37:49 PM] SPO: [482030, 599, 1487110], Score: 0.29824392266, Len (3):
[482030] --123 (0.04)-> [3889144] --123 (0.09)-> [644314] --189 (0.16)-> [1487110]

[12/14/2018 20:37:49 PM] SPO: [482030, 599, 1487110], Score: 0.186097883287, Len (3):
[482030] --462 (0.03)-> [4160079] --462 (0.07)-> [4799509] --189 (0.08)-> [1487110]

[12/14/2018 20:37:49 PM] SPO: [482030, 599, 1487110], Score: 0.315365226603, Len (3):
[482030] --462 (0.03)-> [4160079] --462 (0.06)-> [2930717] --189 (0.23)-> [1487110]

[12/14/2018 20:37:49 PM] SPO: [482030, 599, 1487110], Score: 0.269428512749, Len (5):
[482030] --462 (0.03)-> [4160079] --462 (0.06)-> [2930717] --123 (0.03)-> [2933055] --123 (0.06)-> [1363852] --189 (0.09)-> [1487110]

[12/14/2018 20:37:49 PM] SPO: [482030, 599, 1487110], Score: 0.225772528397, Len (5):
[482030] --462 (0.03)-> [4160079] --462 (0.06)-> [2930717] --660 (0.03)-> [78] --660 (0.05)-> [3566075] --189 (0.06)-> [1487110]

[12/14/2018 20:37:50 PM] SPO: [482030, 599, 3516612], Score: 0.188092836241, Len (3):
[482030] --462 (0.04)-> [4160079] --462 (0.07)-> [4641007] --189 (0.08)-> [3516612]

[12/14/2018 20:37:50 PM] SPO: [482030, 599, 3516612], Score: 0.135943557032, Len (3):
[482030] --660 (0.03)-> [78] --660 (0.05)-> [3397540] --189 (0.06)-> [3516612]

[12/14/2018 20:37:50 PM] SPO: [482030, 599, 3516612], Score: 0.263897877004, Len (5):
[482030] --660 (0.03)-> [78] --660 (0.05)-> [3397540] --462 (0.04)-> [769614] --462 (0.07)-> [4617725] --189 (0.08)-> [3516612]

[12/14/2018 20:37:50 PM] SPO: [482030, 599, 3516612], Score: 0.212256175098, Len (5):
[482030] --660 (0.03)-> [78] --660 (0.05)-> [3397540] --65 (0.03)-> [1357141] --65 (0.04)-> [3023058] --189 (0.06)-> [3516612]

[12/14/2018 20:37:50 PM] SPO: [482030, 599, 3516612], Score: 0.283668048453, Len (3):
[482030] --660 (0.03)-> [78] --660 (0.06)-> [1728906] --121 (0.19)-> [3516612]

[12/14/2018 20:37:50 PM] SPO: [890343, 599, 4628461], Score: 0.20644643125, Len (3):
[890343] --123 (0.04)-> [3038271] --123 (0.07)-> [2097918] --189 (0.1)-> [4628461]

[12/14/2018 20:37:50 PM] SPO: [890343, 599, 4628461], Score: 0.151818980498, Len (3):
[890343] --189 (0.03)-> [685564] --236 (0.05)-> [3116669] --236 (0.07)-> [4628461]

[12/14/2018 20:37:50 PM] SPO: [890343, 599, 4628461], Score: 0.144444987161, Len (3):
[890343] --189 (0.03)-> [685564] --660 (0.04)-> [79] --660 (0.07)-> [4628461]

[12/14/2018 20:37:50 PM] SPO: [890343, 599, 4628461], Score: 0.271276806644, Len (5):
[890343] --189 (0.03)-> [685564] --236 (0.05)-> [3116669] --462 (0.04)-> [4182344] --462 (0.07)-> [2649253] --189 (0.08)-> [4628461]

[12/14/2018 20:37:50 PM] SPO: [890343, 599, 4628461], Score: 0.285511492543, Len (5):
[890343] --123 (0.04)-> [3038271] --123 (0.07)-> [2097918] --462 (0.04)-> [4182344] --462 (0.06)-> [3116669] --236 (0.08)-> [4628461]

[12/14/2018 20:37:51 PM] SPO: [846737, 599, 4525720], Score: 0.110549491698, Len (3):
[846737] --480 (0.03)-> [769522] --480 (0.04)-> [532169] --236 (0.05)-> [4525720]

[12/14/2018 20:37:51 PM] SPO: [846737, 599, 4525720], Score: 0.108640686813, Len (3):
[846737] --480 (0.02)-> [1243951] --480 (0.04)-> [1929310] --189 (0.05)-> [4525720]

[12/14/2018 20:37:51 PM] SPO: [846737, 599, 4525720], Score: 0.208877979125, Len (3):
[846737] --480 (0.02)-> [1243951] --480 (0.05)-> [2721051] --189 (0.14)-> [4525720]

[12/14/2018 20:37:51 PM] SPO: [846737, 599, 4525720], Score: 0.21714735266, Len (3):
[846737] --480 (0.03)-> [769522] --480 (0.05)-> [2036260] --121 (0.14)-> [4525720]

[12/14/2018 20:37:51 PM] SPO: [846737, 599, 4525720], Score: 0.241722674423, Len (5):
[846737] --480 (0.02)-> [1243951] --480 (0.04)-> [1929310] --462 (0.04)-> [769614] --462 (0.06)-> [532169] --236 (0.08)-> [4525720]

[12/14/2018 20:37:51 PM] SPO: [851870, 599, 4119746], Score: 0.169145617065, Len (3):
[851870] --65 (0.03)-> [3636406] --65 (0.05)-> [4446389] --189 (0.08)-> [4119746]

[12/14/2018 20:37:51 PM] SPO: [851870, 599, 4119746], Score: 0.136293555743, Len (3):
[851870] --660 (0.03)-> [78] --660 (0.05)-> [852582] --189 (0.06)-> [4119746]

[12/14/2018 20:37:51 PM] SPO: [851870, 599, 4119746], Score: 0.231769947913, Len (3):
[851870] --660 (0.03)-> [78] --660 (0.06)-> [4475218] --236 (0.14)-> [4119746]

[12/14/2018 20:37:51 PM] SPO: [851870, 599, 4119746], Score: 0.266365309294, Len (5):
[851870] --660 (0.03)-> [78] --660 (0.05)-> [852582] --123 (0.04)-> [5256012] --123 (0.06)-> [2929768] --189 (0.09)-> [4119746]

[12/14/2018 20:37:51 PM] SPO: [851870, 599, 4119746], Score: 0.272352823228, Len (5):
[851870] --65 (0.03)-> [3636406] --65 (0.05)-> [4446389] --462 (0.04)-> [4182344] --462 (0.07)-> [1596079] --189 (0.08)-> [4119746]

[12/14/2018 20:37:55 PM] SPO: [846737, 599, 4567127], Score: 0.113984695331, Len (3):
[846737] --480 (0.03)-> [769522] --480 (0.04)-> [5492355] --189 (0.05)-> [4567127]

[12/14/2018 20:37:55 PM] SPO: [846737, 599, 4567127], Score: 0.108711528201, Len (3):
[846737] --480 (0.03)-> [1243951] --480 (0.04)-> [2155641] --121 (0.05)-> [4567127]

[12/14/2018 20:37:55 PM] SPO: [846737, 599, 4567127], Score: 0.207724139892, Len (3):
[846737] --480 (0.03)-> [769522] --480 (0.05)-> [5140024] --189 (0.13)-> [4567127]

[12/14/2018 20:37:55 PM] SPO: [846737, 599, 4567127], Score: 0.213201713833, Len (3):
[846737] --480 (0.03)-> [1243951] --480 (0.05)-> [5168489] --54 (0.14)-> [4567127]

[12/14/2018 20:37:55 PM] SPO: [846737, 599, 4567127], Score: 0.24870779332, Len (5):
[846737] --480 (0.03)-> [1243951] --480 (0.05)-> [5168489] --54 (0.04)-> [2364618] --601 (0.06)-> [2287973] --601 (0.07)-> [4567127]

[12/14/2018 20:37:56 PM] SPO: [494082, 599, 2450828], Score: 0.185751113194, Len (3):
[494082] --462 (0.04)-> [1095182] --462 (0.07)-> [4866605] --189 (0.08)-> [2450828]

[12/14/2018 20:37:56 PM] SPO: [494082, 599, 2450828], Score: 0.185141840473, Len (3):
[494082] --462 (0.04)-> [4182344] --462 (0.07)-> [4617790] --189 (0.08)-> [2450828]

[12/14/2018 20:37:56 PM] SPO: [494082, 599, 2450828], Score: 0.235594259778, Len (5):
[494082] --462 (0.04)-> [1095182] --462 (0.07)-> [4866605] --660 (0.03)-> [78] --660 (0.05)-> [1930535] --121 (0.06)-> [2450828]

[12/14/2018 20:37:56 PM] SPO: [494082, 599, 2450828], Score: 0.325297501427, Len (5):
[494082] --462 (0.04)-> [4182344] --462 (0.07)-> [4617790] --123 (0.04)-> [3929625] --123 (0.07)-> [4298587] --189 (0.11)-> [2450828]

[12/14/2018 20:37:56 PM] SPO: [494082, 599, 2450828], Score: 0.266194848905, Len (5):
[494082] --462 (0.04)-> [4182344] --462 (0.07)-> [4617790] --65 (0.03)-> [4382598] --65 (0.05)-> [4319468] --189 (0.08)-> [2450828]

[12/14/2018 20:38:07 PM] SPO: [1029025, 599, 5452049], Score: 0.25419018512, Len (3):
[1029025] --123 (0.04)-> [3789441] --123 (0.08)-> [3562163] --189 (0.13)-> [5452049]

[12/14/2018 20:38:07 PM] SPO: [1029025, 599, 5452049], Score: 0.134779489499, Len (3):
[1029025] --660 (0.03)-> [78] --660 (0.05)-> [4864610] --189 (0.06)-> [5452049]

[12/14/2018 20:38:07 PM] SPO: [1029025, 599, 5452049], Score: 0.267533671135, Len (5):
[1029025] --660 (0.03)-> [78] --660 (0.05)-> [4864610] --462 (0.04)-> [4160079] --462 (0.07)-> [2528495] --189 (0.08)-> [5452049]

[12/14/2018 20:38:07 PM] SPO: [1029025, 599, 5452049], Score: 0.309278475138, Len (5):
[1029025] --123 (0.04)-> [3789441] --123 (0.08)-> [3562163] --462 (0.04)-> [4704367] --462 (0.07)-> [4447627] --189 (0.08)-> [5452049]

[12/14/2018 20:38:07 PM] SPO: [1029025, 599, 5452049], Score: 0.312776610347, Len (3):
[1029025] --660 (0.03)-> [78] --660 (0.06)-> [4434215] --189 (0.23)-> [5452049]

[12/14/2018 20:38:09 PM] SPO: [890343, 599, 685564], Score: 0.0670245276544, Len (1):
[890343] --189 (0.07)-> [685564]

[12/14/2018 20:38:09 PM] SPO: [890343, 599, 685564], Score: 0.208336131551, Len (3):
[890343] --123 (0.04)-> [3038271] --123 (0.07)-> [4479600] --189 (0.1)-> [685564]

[12/14/2018 20:38:09 PM] SPO: [890343, 599, 685564], Score: 0.131517637087, Len (3):
[890343] --660 (0.03)-> [78] --660 (0.04)-> [3116669] --236 (0.06)-> [685564]

[12/14/2018 20:38:09 PM] SPO: [890343, 599, 685564], Score: 0.227959203249, Len (3):
[890343] --660 (0.03)-> [78] --660 (0.06)-> [532169] --236 (0.14)-> [685564]

[12/14/2018 20:38:09 PM] SPO: [890343, 599, 685564], Score: 0.253899643492, Len (3):
[890343] --123 (0.04)-> [3038271] --123 (0.05)-> [1499330] --189 (0.17)-> [685564]

[12/14/2018 20:38:10 PM] SPO: [846737, 599, 3782014], Score: 0.286517316618, Len (3):
[846737] --65 (0.04)-> [1321700] --65 (0.09)-> [846745] --189 (0.15)-> [3782014]

[12/14/2018 20:38:10 PM] SPO: [846737, 599, 3782014], Score: 0.114141656281, Len (3):
[846737] --480 (0.03)-> [769522] --480 (0.04)-> [5528006] --189 (0.05)-> [3782014]

[12/14/2018 20:38:10 PM] SPO: [846737, 599, 3782014], Score: 0.200243049499, Len (5):
[846737] --480 (0.03)-> [769522] --480 (0.04)-> [5528006] --660 (0.03)-> [78] --660 (0.05)-> [4433675] --189 (0.06)-> [3782014]

[12/14/2018 20:38:10 PM] SPO: [846737, 599, 3782014], Score: 0.221127137519, Len (3):
[846737] --480 (0.03)-> [769522] --480 (0.05)-> [2633746] --189 (0.15)-> [3782014]

[12/14/2018 20:38:10 PM] SPO: [846737, 599, 3782014], Score: 0.269449802866, Len (5):
[846737] --65 (0.04)-> [1321700] --65 (0.09)-> [846745] --660 (0.03)-> [78] --660 (0.05)-> [4433675] --189 (0.06)-> [3782014]

[12/14/2018 20:38:15 PM] SPO: [1029025, 599, 4567127], Score: 0.165859000034, Len (3):
[1029025] --189 (0.04)-> [2364618] --601 (0.06)-> [2287973] --601 (0.07)-> [4567127]

[12/14/2018 20:38:15 PM] SPO: [1029025, 599, 4567127], Score: 0.135219929876, Len (3):
[1029025] --660 (0.03)-> [78] --660 (0.05)-> [1609566] --189 (0.06)-> [4567127]

[12/14/2018 20:38:15 PM] SPO: [1029025, 599, 4567127], Score: 0.25400374174, Len (3):
[1029025] --189 (0.04)-> [2364618] --54 (0.05)-> [5168489] --54 (0.16)-> [4567127]

[12/14/2018 20:38:15 PM] SPO: [1029025, 599, 4567127], Score: 0.265335971783, Len (5):
[1029025] --660 (0.03)-> [78] --660 (0.05)-> [1609566] --462 (0.04)-> [769614] --462 (0.07)-> [4620024] --189 (0.08)-> [4567127]

[12/14/2018 20:38:15 PM] SPO: [1029025, 599, 4567127], Score: 0.280578482147, Len (5):
[1029025] --189 (0.04)-> [2364618] --54 (0.05)-> [5168489] --121 (0.03)-> [5305672] --660 (0.05)-> [79] --660 (0.11)-> [4567127]

[12/14/2018 20:38:17 PM] SPO: [494082, 599, 1156689], Score: 0.187132559985, Len (3):
[494082] --462 (0.04)-> [4182344] --462 (0.07)-> [4446758] --189 (0.08)-> [1156689]

[12/14/2018 20:38:17 PM] SPO: [494082, 599, 1156689], Score: 0.210602671118, Len (3):
[494082] --123 (0.04)-> [3889272] --123 (0.07)-> [1232606] --189 (0.11)-> [1156689]

[12/14/2018 20:38:17 PM] SPO: [494082, 599, 1156689], Score: 0.217276390535, Len (3):
[494082] --123 (0.04)-> [3889272] --123 (0.05)-> [4823282] --189 (0.13)-> [1156689]

[12/14/2018 20:38:17 PM] SPO: [494082, 599, 1156689], Score: 0.241851623179, Len (5):
[494082] --462 (0.04)-> [4182344] --462 (0.07)-> [4446758] --660 (0.03)-> [78] --660 (0.05)-> [2044188] --189 (0.06)-> [1156689]

[12/14/2018 20:38:17 PM] SPO: [494082, 599, 1156689], Score: 0.231791343549, Len (5):
[494082] --462 (0.04)-> [4182344] --462 (0.07)-> [4446758] --65 (0.03)-> [960485] --65 (0.04)-> [2635751] --410 (0.06)-> [1156689]

[12/14/2018 20:38:20 PM] SPO: [482030, 599, 1156689], Score: 0.19048707064, Len (3):
[482030] --462 (0.04)-> [4160079] --462 (0.07)-> [3397902] --189 (0.08)-> [1156689]

[12/14/2018 20:38:20 PM] SPO: [482030, 599, 1156689], Score: 0.137788117493, Len (3):
[482030] --660 (0.03)-> [78] --660 (0.05)-> [2044188] --189 (0.06)-> [1156689]

[12/14/2018 20:38:20 PM] SPO: [482030, 599, 1156689], Score: 0.336846670069, Len (3):
[482030] --660 (0.03)-> [78] --660 (0.06)-> [3423590] --189 (0.25)-> [1156689]

[12/14/2018 20:38:20 PM] SPO: [482030, 599, 1156689], Score: 0.307873495628, Len (5):
[482030] --660 (0.03)-> [78] --660 (0.06)-> [3423590] --123 (0.04)-> [3779542] --123 (0.07)-> [5190725] --189 (0.11)-> [1156689]

[12/14/2018 20:38:20 PM] SPO: [482030, 599, 1156689], Score: 0.332927932227, Len (5):
[482030] --660 (0.03)-> [78] --660 (0.06)-> [3423590] --123 (0.04)-> [3779542] --123 (0.05)-> [1031372] --189 (0.16)-> [1156689]

[12/14/2018 20:38:39 PM] SPO: [1397869, 599, 5305646], Score: 0.0732918175248, Len (1):
[1397869] --189 (0.07)-> [5305646]

[12/14/2018 20:38:39 PM] SPO: [1397869, 599, 5305646], Score: 0.194814766055, Len (3):
[1397869] --123 (0.04)-> [3229261] --123 (0.06)-> [2128056] --189 (0.1)-> [5305646]

[12/14/2018 20:38:39 PM] SPO: [1397869, 599, 5305646], Score: 0.133731607161, Len (3):
[1397869] --660 (0.03)-> [78] --660 (0.05)-> [4243536] --121 (0.06)-> [5305646]

[12/14/2018 20:38:39 PM] SPO: [1397869, 599, 5305646], Score: 0.258935201043, Len (5):
[1397869] --660 (0.03)-> [78] --660 (0.05)-> [4243536] --329 (0.04)-> [3740468] --329 (0.06)-> [5217778] --189 (0.08)-> [5305646]

[12/14/2018 20:38:39 PM] SPO: [1397869, 599, 5305646], Score: 0.265526778882, Len (5):
[1397869] --660 (0.03)-> [78] --660 (0.05)-> [4243536] --123 (0.03)-> [1586715] --123 (0.06)-> [4422759] --189 (0.09)-> [5305646]

[12/14/2018 20:38:45 PM] SPO: [846737, 599, 4628461], Score: 0.377945185469, Len (5):
[846737] --65 (0.03)-> [1321700] --65 (0.04)-> [846745] --123 (0.06)-> [4196744] --123 (0.09)-> [949061] --189 (0.15)-> [4628461]

[12/14/2018 20:38:45 PM] SPO: [846737, 599, 4628461], Score: 0.113648742078, Len (3):
[846737] --480 (0.03)-> [769522] --480 (0.04)-> [1940481] --189 (0.05)-> [4628461]

[12/14/2018 20:38:45 PM] SPO: [846737, 599, 4628461], Score: 0.185238091771, Len (5):
[846737] --65 (0.03)-> [1321700] --660 (0.02)-> [152] --660 (0.04)-> [1681640] --65 (0.04)-> [4420843] --189 (0.05)-> [4628461]

[12/14/2018 20:38:45 PM] SPO: [846737, 599, 4628461], Score: 0.206204867137, Len (5):
[846737] --65 (0.03)-> [1321700] --65 (0.04)-> [846745] --660 (0.03)-> [78] --660 (0.04)-> [3116669] --236 (0.06)-> [4628461]

[12/14/2018 20:38:45 PM] SPO: [846737, 599, 4628461], Score: 0.2129466806, Len (3):
[846737] --480 (0.03)-> [769522] --480 (0.05)-> [4489710] --189 (0.14)-> [4628461]

[12/14/2018 20:38:45 PM] SPO: [851870, 599, 917821], Score: 0.223007000151, Len (3):
[851870] --123 (0.04)-> [4568464] --123 (0.07)-> [2016524] --189 (0.11)-> [917821]

[12/14/2018 20:38:45 PM] SPO: [851870, 599, 917821], Score: 0.135843676661, Len (3):
[851870] --660 (0.03)-> [78] --660 (0.05)-> [3796026] --189 (0.06)-> [917821]

[12/14/2018 20:38:45 PM] SPO: [851870, 599, 917821], Score: 0.264946302339, Len (3):
[851870] --123 (0.04)-> [4568464] --123 (0.05)-> [3906860] --189 (0.18)-> [917821]

[12/14/2018 20:38:45 PM] SPO: [851870, 599, 917821], Score: 0.268486259829, Len (5):
[851870] --660 (0.03)-> [78] --660 (0.05)-> [3796026] --462 (0.04)-> [769614] --462 (0.07)-> [2647901] --189 (0.08)-> [917821]

[12/14/2018 20:38:45 PM] SPO: [851870, 599, 917821], Score: 0.275595434318, Len (5):
[851870] --123 (0.04)-> [4568464] --123 (0.05)-> [3906860] --462 (0.04)-> [4182344] --462 (0.07)-> [5015323] --189 (0.08)-> [917821]

[12/14/2018 20:38:46 PM] SPO: [851870, 599, 2364618], Score: 0.13485583069, Len (3):
[851870] --660 (0.03)-> [78] --660 (0.05)-> [2512842] --121 (0.06)-> [2364618]

[12/14/2018 20:38:46 PM] SPO: [851870, 599, 2364618], Score: 0.114516631964, Len (3):
[851870] --480 (0.03)-> [769522] --480 (0.04)-> [1029025] --189 (0.05)-> [2364618]

[12/14/2018 20:38:46 PM] SPO: [851870, 599, 2364618], Score: 0.222903156728, Len (3):
[851870] --480 (0.03)-> [769522] --480 (0.05)-> [2566957] --189 (0.15)-> [2364618]

[12/14/2018 20:38:46 PM] SPO: [851870, 599, 2364618], Score: 0.267681011444, Len (5):
[851870] --660 (0.03)-> [78] --660 (0.05)-> [2512842] --329 (0.04)-> [3740468] --601 (0.07)-> [2287973] --601 (0.08)-> [2364618]

[12/14/2018 20:38:46 PM] SPO: [851870, 599, 2364618], Score: 0.277267891435, Len (5):
[851870] --660 (0.03)-> [78] --660 (0.05)-> [2512842] --123 (0.04)-> [3590990] --123 (0.07)-> [4471751] --189 (0.1)-> [2364618]

[12/14/2018 20:38:53 PM] SPO: [1029025, 599, 2364618], Score: 0.0709806674345, Len (1):
[1029025] --189 (0.07)-> [2364618]

[12/14/2018 20:38:53 PM] SPO: [1029025, 599, 2364618], Score: 0.13485583069, Len (3):
[1029025] --660 (0.03)-> [78] --660 (0.05)-> [2512842] --121 (0.06)-> [2364618]

[12/14/2018 20:38:53 PM] SPO: [1029025, 599, 2364618], Score: 0.267681011444, Len (5):
[1029025] --660 (0.03)-> [78] --660 (0.05)-> [2512842] --329 (0.04)-> [3740468] --601 (0.07)-> [2287973] --601 (0.08)-> [2364618]

[12/14/2018 20:38:53 PM] SPO: [1029025, 599, 2364618], Score: 0.277267891435, Len (5):
[1029025] --660 (0.03)-> [78] --660 (0.05)-> [2512842] --123 (0.04)-> [3590990] --123 (0.07)-> [4471751] --189 (0.1)-> [2364618]

[12/14/2018 20:38:53 PM] SPO: [1029025, 599, 2364618], Score: 0.316356406992, Len (5):
[1029025] --660 (0.03)-> [78] --660 (0.05)-> [2512842] --123 (0.04)-> [3590990] --123 (0.05)-> [2653232] --189 (0.15)-> [2364618]

[12/14/2018 20:38:59 PM] SPO: [890343, 599, 3218267], Score: 0.154841155258, Len (3):
[890343] --65 (0.03)-> [772673] --65 (0.05)-> [4404909] --189 (0.07)-> [3218267]

[12/14/2018 20:38:59 PM] SPO: [890343, 599, 3218267], Score: 0.137585013247, Len (3):
[890343] --660 (0.03)-> [78] --660 (0.05)-> [976548] --189 (0.06)-> [3218267]

[12/14/2018 20:38:59 PM] SPO: [890343, 599, 3218267], Score: 0.301551103975, Len (5):
[890343] --65 (0.03)-> [772673] --65 (0.05)-> [4404909] --123 (0.04)-> [2119138] --123 (0.07)-> [1922847] --189 (0.11)-> [3218267]

[12/14/2018 20:38:59 PM] SPO: [890343, 599, 3218267], Score: 0.27251882896, Len (5):
[890343] --65 (0.03)-> [772673] --65 (0.05)-> [4404909] --462 (0.04)-> [1095182] --462 (0.07)-> [280156] --189 (0.08)-> [3218267]

[12/14/2018 20:38:59 PM] SPO: [890343, 599, 3218267], Score: 0.31521130463, Len (5):
[890343] --65 (0.03)-> [772673] --65 (0.05)-> [4404909] --123 (0.04)-> [2119138] --123 (0.05)-> [4038106] --189 (0.15)-> [3218267]

[12/14/2018 20:39:15 PM] SPO: [1397869, 599, 4567127], Score: 0.193613568301, Len (3):
[1397869] --123 (0.03)-> [3229261] --123 (0.06)-> [763783] --189 (0.1)-> [4567127]

[12/14/2018 20:39:15 PM] SPO: [1397869, 599, 4567127], Score: 0.135219929876, Len (3):
[1397869] --660 (0.03)-> [78] --660 (0.05)-> [1609566] --189 (0.06)-> [4567127]

[12/14/2018 20:39:15 PM] SPO: [1397869, 599, 4567127], Score: 0.265335971783, Len (5):
[1397869] --660 (0.03)-> [78] --660 (0.05)-> [1609566] --462 (0.04)-> [769614] --462 (0.07)-> [4620024] --189 (0.08)-> [4567127]

[12/14/2018 20:39:15 PM] SPO: [1397869, 599, 4567127], Score: 0.282860809684, Len (5):
[1397869] --123 (0.03)-> [3229261] --123 (0.06)-> [763783] --462 (0.04)-> [4182344] --462 (0.07)-> [4352166] --189 (0.08)-> [4567127]

[12/14/2018 20:39:15 PM] SPO: [1397869, 599, 4567127], Score: 0.299001476805, Len (3):
[1397869] --660 (0.03)-> [78] --660 (0.06)-> [4620024] --189 (0.21)-> [4567127]

[12/14/2018 20:39:33 PM] SPO: [1397869, 599, 3218267], Score: 0.195867539629, Len (3):
[1397869] --123 (0.03)-> [3229261] --123 (0.06)-> [2829669] --189 (0.1)-> [3218267]

[12/14/2018 20:39:33 PM] SPO: [1397869, 599, 3218267], Score: 0.137585013247, Len (3):
[1397869] --660 (0.03)-> [78] --660 (0.05)-> [976548] --189 (0.06)-> [3218267]

[12/14/2018 20:39:33 PM] SPO: [1397869, 599, 3218267], Score: 0.237107164155, Len (3):
[1397869] --123 (0.03)-> [3229261] --123 (0.05)-> [2653368] --189 (0.15)-> [3218267]

[12/14/2018 20:39:33 PM] SPO: [1397869, 599, 3218267], Score: 0.274802521394, Len (5):
[1397869] --123 (0.03)-> [3229261] --123 (0.05)-> [2653368] --462 (0.04)-> [769614] --462 (0.07)-> [2004941] --189 (0.08)-> [3218267]

[12/14/2018 20:39:33 PM] SPO: [1397869, 599, 3218267], Score: 0.303201195528, Len (5):
[1397869] --123 (0.03)-> [3229261] --123 (0.06)-> [2829669] --65 (0.04)-> [1612180] --65 (0.07)-> [2648385] --189 (0.1)-> [3218267]

[12/14/2018 20:39:34 PM] SPO: [1397869, 599, 4525720], Score: 0.199872992799, Len (3):
[1397869] --123 (0.04)-> [3229261] --123 (0.07)-> [2522210] --189 (0.1)-> [4525720]

[12/14/2018 20:39:34 PM] SPO: [1397869, 599, 4525720], Score: 0.14487615496, Len (3):
[1397869] --65 (0.03)-> [3229234] --65 (0.05)-> [2526827] --189 (0.06)-> [4525720]

[12/14/2018 20:39:34 PM] SPO: [1397869, 599, 4525720], Score: 0.232510164209, Len (5):
[1397869] --123 (0.04)-> [3229261] --123 (0.07)-> [2522210] --660 (0.03)-> [78] --660 (0.04)-> [532169] --236 (0.06)-> [4525720]

[12/14/2018 20:39:34 PM] SPO: [1397869, 599, 4525720], Score: 0.236928951512, Len (3):
[1397869] --123 (0.04)-> [3229261] --123 (0.05)-> [976642] --189 (0.15)-> [4525720]

[12/14/2018 20:39:34 PM] SPO: [1397869, 599, 4525720], Score: 0.27201211549, Len (5):
[1397869] --123 (0.04)-> [3229261] --123 (0.05)-> [976642] --462 (0.04)-> [1095182] --462 (0.07)-> [648868] --189 (0.08)-> [4525720]

[12/14/2018 20:39:38 PM] SPO: [1029025, 599, 3218267], Score: 0.246353163887, Len (3):
[1029025] --123 (0.04)-> [3789441] --123 (0.08)-> [908505] --189 (0.13)-> [3218267]

[12/14/2018 20:39:38 PM] SPO: [1029025, 599, 3218267], Score: 0.137585013247, Len (3):
[1029025] --660 (0.03)-> [78] --660 (0.05)-> [976548] --189 (0.06)-> [3218267]

[12/14/2018 20:39:38 PM] SPO: [1029025, 599, 3218267], Score: 0.301738651391, Len (5):
[1029025] --123 (0.04)-> [3789441] --123 (0.08)-> [908505] --462 (0.04)-> [4182344] --462 (0.07)-> [3070566] --189 (0.08)-> [3218267]

[12/14/2018 20:39:38 PM] SPO: [1029025, 599, 3218267], Score: 0.244834023255, Len (5):
[1029025] --123 (0.04)-> [3789441] --123 (0.08)-> [908505] --167 (0.03)-> [2451118] --65 (0.04)-> [2921833] --189 (0.06)-> [3218267]

[12/14/2018 20:39:38 PM] SPO: [1029025, 599, 3218267], Score: 0.335897706355, Len (3):
[1029025] --660 (0.03)-> [78] --660 (0.06)-> [2004941] --189 (0.25)-> [3218267]

[12/14/2018 20:39:38 PM] SPO: [1431155, 599, 4567127], Score: 0.135219929876, Len (3):
[1431155] --660 (0.03)-> [78] --660 (0.05)-> [1609566] --189 (0.06)-> [4567127]

[12/14/2018 20:39:38 PM] SPO: [1431155, 599, 4567127], Score: 0.265335971783, Len (5):
[1431155] --660 (0.03)-> [78] --660 (0.05)-> [1609566] --462 (0.04)-> [769614] --462 (0.07)-> [4620024] --189 (0.08)-> [4567127]

[12/14/2018 20:39:38 PM] SPO: [1431155, 599, 4567127], Score: 0.299001476805, Len (3):
[1431155] --660 (0.03)-> [78] --660 (0.06)-> [4620024] --189 (0.21)-> [4567127]

[12/14/2018 20:39:38 PM] SPO: [1431155, 599, 4567127], Score: 0.290353032423, Len (5):
[1431155] --660 (0.03)-> [78] --660 (0.06)-> [4620024] --123 (0.03)-> [3604164] --123 (0.06)-> [3361319] --189 (0.11)-> [4567127]

[12/14/2018 20:39:38 PM] SPO: [1431155, 599, 4567127], Score: 0.372044280462, Len (7):
[1431155] --660 (0.03)-> [78] --660 (0.05)-> [1609566] --123 (0.03)-> [4813369] --123 (0.04)-> [546999] --329 (0.04)-> [3740468] --601 (0.07)-> [2287973] --601 (0.12)-> [4567127]

[12/14/2018 20:39:47 PM] SPO: [1431155, 599, 3782014], Score: 0.135793772293, Len (3):
[1431155] --660 (0.03)-> [78] --660 (0.05)-> [4433675] --189 (0.06)-> [3782014]

[12/14/2018 20:39:47 PM] SPO: [1431155, 599, 3782014], Score: 0.268571800241, Len (5):
[1431155] --660 (0.03)-> [78] --660 (0.05)-> [4433675] --462 (0.04)-> [4755814] --462 (0.07)-> [2635929] --189 (0.09)-> [3782014]

[12/14/2018 20:39:47 PM] SPO: [1431155, 599, 3782014], Score: 0.312204943856, Len (3):
[1431155] --660 (0.03)-> [78] --660 (0.06)-> [5485350] --189 (0.23)-> [3782014]

[12/14/2018 20:39:47 PM] SPO: [1431155, 599, 3782014], Score: 0.317143106621, Len (5):
[1431155] --660 (0.03)-> [78] --660 (0.06)-> [5485350] --123 (0.04)-> [4813369] --123 (0.08)-> [3393764] --189 (0.12)-> [3782014]

[12/14/2018 20:39:47 PM] SPO: [1431155, 599, 3782014], Score: 0.271907576624, Len (5):
[1431155] --660 (0.03)-> [78] --660 (0.06)-> [5485350] --462 (0.04)-> [4160079] --462 (0.07)-> [5452918] --189 (0.08)-> [3782014]

[12/14/2018 20:39:51 PM] SPO: [1431155, 599, 4628461], Score: 0.132486583236, Len (3):
[1431155] --660 (0.03)-> [78] --660 (0.04)-> [3116669] --236 (0.06)-> [4628461]

[12/14/2018 20:39:51 PM] SPO: [1431155, 599, 4628461], Score: 0.261493696822, Len (5):
[1431155] --660 (0.03)-> [78] --660 (0.04)-> [3116669] --462 (0.04)-> [4182344] --462 (0.07)-> [2649253] --189 (0.08)-> [4628461]

[12/14/2018 20:39:51 PM] SPO: [1431155, 599, 4628461], Score: 0.328782458039, Len (5):
[1431155] --660 (0.03)-> [78] --660 (0.04)-> [3116669] --236 (0.03)-> [1310880] --660 (0.05)-> [79] --660 (0.17)-> [4628461]

[12/14/2018 20:39:51 PM] SPO: [1431155, 599, 4628461], Score: 0.332143060212, Len (6):
[1431155] --660 (0.03)-> [78] --660 (0.04)-> [3116669] --236 (0.03)-> [1310880] --329 (0.04)-> [743463] --329 (0.07)-> [2683830] --189 (0.11)-> [4628461]

[12/14/2018 20:39:51 PM] SPO: [1431155, 599, 4628461], Score: 0.33979167899, Len (3):
[1431155] --660 (0.03)-> [78] --660 (0.06)-> [993592] --189 (0.25)-> [4628461]

[12/14/2018 20:39:55 PM] SPO: [1522148, 599, 2450828], Score: 0.185141840473, Len (3):
[1522148] --462 (0.04)-> [4182344] --462 (0.07)-> [4617790] --189 (0.08)-> [2450828]

[12/14/2018 20:39:55 PM] SPO: [1522148, 599, 2450828], Score: 0.181838659541, Len (3):
[1522148] --329 (0.04)-> [3740468] --329 (0.06)-> [1930535] --121 (0.08)-> [2450828]

[12/14/2018 20:39:55 PM] SPO: [1522148, 599, 2450828], Score: 0.29812793764, Len (3):
[1522148] --329 (0.04)-> [3740468] --329 (0.06)-> [3696858] --189 (0.21)-> [2450828]

[12/14/2018 20:39:55 PM] SPO: [1522148, 599, 2450828], Score: 0.278485360953, Len (5):
[1522148] --329 (0.04)-> [3740468] --329 (0.06)-> [3696858] --462 (0.04)-> [1095182] --462 (0.07)-> [4866605] --189 (0.08)-> [2450828]

[12/14/2018 20:39:55 PM] SPO: [1522148, 599, 2450828], Score: 0.313721601609, Len (5):
[1522148] --329 (0.04)-> [3740468] --329 (0.06)-> [1930535] --462 (0.04)-> [2269316] --462 (0.07)-> [3396502] --189 (0.1)-> [2450828]

[12/14/2018 20:40:02 PM] SPO: [1522148, 599, 1357357], Score: 0.182381259457, Len (3):
[1522148] --462 (0.04)-> [4182344] --462 (0.06)-> [5566599] --189 (0.08)-> [1357357]

[12/14/2018 20:40:02 PM] SPO: [1522148, 599, 1357357], Score: 0.17915544258, Len (3):
[1522148] --329 (0.04)-> [3740468] --329 (0.06)-> [4368651] --121 (0.08)-> [1357357]

[12/14/2018 20:40:02 PM] SPO: [1522148, 599, 1357357], Score: 0.282334153748, Len (3):
[1522148] --329 (0.04)-> [3740468] --329 (0.06)-> [2834442] --189 (0.19)-> [1357357]

[12/14/2018 20:40:02 PM] SPO: [1522148, 599, 1357357], Score: 0.285024793129, Len (5):
[1522148] --462 (0.04)-> [4182344] --462 (0.06)-> [5566599] --462 (0.04)-> [1095182] --462 (0.07)-> [2795365] --189 (0.08)-> [1357357]

[12/14/2018 20:40:02 PM] SPO: [1522148, 599, 1357357], Score: 0.233745874963, Len (5):
[1522148] --462 (0.04)-> [4182344] --462 (0.06)-> [5566599] --660 (0.03)-> [78] --660 (0.05)-> [1472033] --236 (0.06)-> [1357357]

[12/14/2018 20:40:31 PM] SPO: [890343, 599, 1156689], Score: 0.137788117493, Len (3):
[890343] --660 (0.03)-> [78] --660 (0.05)-> [2044188] --189 (0.06)-> [1156689]

[12/14/2018 20:40:31 PM] SPO: [890343, 599, 1156689], Score: 0.273431657599, Len (5):
[890343] --123 (0.03)-> [3038271] --123 (0.03)-> [2758381] --329 (0.04)-> [3740468] --195 (0.07)-> [3758048] --195 (0.1)-> [1156689]

[12/14/2018 20:40:31 PM] SPO: [890343, 599, 1156689], Score: 0.248047914487, Len (5):
[890343] --123 (0.03)-> [3038271] --123 (0.03)-> [2758381] --462 (0.04)-> [4182344] --462 (0.07)-> [4446758] --189 (0.08)-> [1156689]

[12/14/2018 20:40:31 PM] SPO: [890343, 599, 1156689], Score: 0.27158921647, Len (7):
[890343] --123 (0.03)-> [3038271] --123 (0.03)-> [2758381] --329 (0.04)-> [3740468] --195 (0.07)-> [3758048] --660 (0.03)-> [502] --660 (0.03)-> [2635751] --410 (0.04)-> [1156689]

[12/14/2018 20:40:31 PM] SPO: [890343, 599, 1156689], Score: 0.292706698051, Len (7):
[890343] --123 (0.03)-> [3038271] --123 (0.03)-> [2758381] --462 (0.04)-> [4182344] --462 (0.07)-> [4446758] --65 (0.03)-> [960485] --65 (0.04)-> [2635751] --410 (0.06)-> [1156689]

[12/14/2018 20:40:46 PM] SPO: [1522148, 599, 1156689], Score: 0.190348209198, Len (3):
[1522148] --329 (0.04)-> [3740468] --195 (0.07)-> [3758048] --195 (0.08)-> [1156689]

[12/14/2018 20:40:46 PM] SPO: [1522148, 599, 1156689], Score: 0.187132559985, Len (3):
[1522148] --462 (0.04)-> [4182344] --462 (0.07)-> [4446758] --189 (0.08)-> [1156689]

[12/14/2018 20:40:46 PM] SPO: [1522148, 599, 1156689], Score: 0.208780495436, Len (5):
[1522148] --329 (0.04)-> [3740468] --195 (0.07)-> [3758048] --660 (0.03)-> [502] --660 (0.03)-> [2635751] --410 (0.04)-> [1156689]

[12/14/2018 20:40:46 PM] SPO: [1522148, 599, 1156689], Score: 0.241851623179, Len (5):
[1522148] --462 (0.04)-> [4182344] --462 (0.07)-> [4446758] --660 (0.03)-> [78] --660 (0.05)-> [2044188] --189 (0.06)-> [1156689]

[12/14/2018 20:40:46 PM] SPO: [1522148, 599, 1156689], Score: 0.231791343793, Len (5):
[1522148] --462 (0.04)-> [4182344] --462 (0.07)-> [4446758] --65 (0.03)-> [960485] --65 (0.04)-> [2635751] --410 (0.06)-> [1156689]

[12/14/2018 20:41:09 PM] SPO: [1431155, 599, 1156689], Score: 0.137788117493, Len (3):
[1431155] --660 (0.03)-> [78] --660 (0.05)-> [2044188] --189 (0.06)-> [1156689]

[12/14/2018 20:41:09 PM] SPO: [1431155, 599, 1156689], Score: 0.336846670069, Len (3):
[1431155] --660 (0.03)-> [78] --660 (0.06)-> [3423590] --189 (0.25)-> [1156689]

[12/14/2018 20:41:09 PM] SPO: [1431155, 599, 1156689], Score: 0.307873495628, Len (5):
[1431155] --660 (0.03)-> [78] --660 (0.06)-> [3423590] --123 (0.04)-> [3779542] --123 (0.07)-> [5190725] --189 (0.11)-> [1156689]

[12/14/2018 20:41:09 PM] SPO: [1431155, 599, 1156689], Score: 0.332927932227, Len (5):
[1431155] --660 (0.03)-> [78] --660 (0.06)-> [3423590] --123 (0.04)-> [3779542] --123 (0.05)-> [1031372] --189 (0.16)-> [1156689]

[12/14/2018 20:41:09 PM] SPO: [1431155, 599, 1156689], Score: 0.358337133848, Len (7):
[1431155] --660 (0.03)-> [78] --660 (0.06)-> [3423590] --65 (0.02)-> [1442923] --65 (0.03)-> [481622] --410 (0.03)-> [3087620] --480 (0.07)-> [2635751] --410 (0.11)-> [1156689]

[12/14/2018 20:41:09 PM] P: +:22, -:52, unique tot:60
[12/14/2018 20:41:09 PM] Time taken: 368.07s


[12/14/2018 20:41:09 PM] => Path selection..
[12/14/2018 20:41:09 PM] D: +:22, -:52, tot:60
[12/14/2018 20:41:09 PM] Time taken: 0.38s

[12/14/2018 20:41:09 PM] => Model building..
[12/14/2018 20:41:11 PM] #Features: 60, best-AUROC: 0.17094
[12/14/2018 20:41:11 PM] Time taken: 1.96s

[12/14/2018 20:41:11 PM] Time taken: 377.27s

[12/14/2018 20:41:11 PM] Saved: /home/galois/Documents/streamminer/output/out_streamminer_sub_sample_2018-12-14_20:34:50.pkl
[12/14/2018 20:41:11 PM] 
Done!

