[09/29/2018 01:17:49 AM] Launching sm..
[09/29/2018 01:17:49 AM] Dataset: derived_filtered_nationality_train_25facts.csv
[09/29/2018 01:17:49 AM] Output dir: /home/galois/Documents/streamminer/output
[09/29/2018 01:17:49 AM] Read data: (200, 8) derived_filtered_nationality_train_25facts.csv
[09/29/2018 01:17:49 AM] Note: Found non-NA records: (200, 8)
[09/29/2018 01:17:52 AM] PID is: 394.0, with type: float64
[09/29/2018 01:18:00 AM] => Path extraction..(this can take a while)
[09/29/2018 01:19:52 AM] SPO: [404289, 394, 1036538], Score: 0.22360091501, Len (2):
[404289] --659 (0.05)-> [396859] --65 (0.17)-> [1036538]

[09/29/2018 01:19:52 AM] SPO: [404289, 394, 1036538], Score: 0.206437976303, Len (2):
[404289] --391 (0.05)-> [5048942] --140 (0.16)-> [1036538]

[09/29/2018 01:19:52 AM] SPO: [404289, 394, 1036538], Score: 0.231179479747, Len (4):
[404289] --391 (0.05)-> [5048942] --391 (0.03)-> [2911406] --580 (0.06)-> [1887653] --140 (0.09)-> [1036538]

[09/29/2018 01:19:52 AM] SPO: [404289, 394, 1036538], Score: 0.194230195587, Len (4):
[404289] --391 (0.05)-> [5048942] --140 (0.03)-> [5287545] --583 (0.05)-> [5167146] --583 (0.06)-> [1036538]

[09/29/2018 01:19:52 AM] SPO: [404289, 394, 1036538], Score: 0.240585789786, Len (4):
[404289] --391 (0.05)-> [5048942] --391 (0.03)-> [2911406] --230 (0.04)-> [1539324] --283 (0.11)-> [1036538]

[09/29/2018 01:22:07 AM] SPO: [408308, 394, 2060365], Score: 0.208046785145, Len (2):
[408308] --661 (0.05)-> [1656336] --167 (0.16)-> [2060365]

[09/29/2018 01:22:07 AM] SPO: [408308, 394, 2060365], Score: 0.306332513201, Len (3):
[408308] --65 (0.05)-> [5276030] --65 (0.12)-> [741039] --583 (0.14)-> [2060365]

[09/29/2018 01:22:07 AM] SPO: [408308, 394, 2060365], Score: 0.11760071042, Len (2):
[408308] --65 (0.05)-> [5276030] --140 (0.07)-> [2060365]

[09/29/2018 01:22:07 AM] SPO: [408308, 394, 2060365], Score: 0.292044619896, Len (5):
[408308] --65 (0.05)-> [5276030] --65 (0.12)-> [741039] --660 (0.03)-> [55] --660 (0.05)-> [5276860] --583 (0.05)-> [2060365]

[09/29/2018 01:22:07 AM] SPO: [408308, 394, 2060365], Score: 0.388603166018, Len (3):
[408308] --661 (0.05)-> [1656336] --65 (0.06)-> [730156] --140 (0.28)-> [2060365]

[09/29/2018 01:23:50 AM] SPO: [461206, 394, 5286709], Score: 0.23000275227, Len (2):
[461206] --111 (0.05)-> [4011996] --65 (0.18)-> [5286709]

[09/29/2018 01:23:50 AM] SPO: [461206, 394, 5286709], Score: 0.217936930407, Len (2):
[461206] --27 (0.05)-> [4820022] --140 (0.17)-> [5286709]

[09/29/2018 01:23:50 AM] SPO: [461206, 394, 5286709], Score: 0.230369654243, Len (4):
[461206] --111 (0.05)-> [4011996] --65 (0.04)-> [3208131] --167 (0.07)-> [4362976] --583 (0.08)-> [5286709]

[09/29/2018 01:23:50 AM] SPO: [461206, 394, 5286709], Score: 0.259896105632, Len (6):
[461206] --111 (0.05)-> [4011996] --65 (0.04)-> [3208131] --167 (0.07)-> [4362976] --660 (0.03)-> [502] --660 (0.04)-> [4402649] --583 (0.04)-> [5286709]

[09/29/2018 01:23:50 AM] SPO: [461206, 394, 5286709], Score: 0.284142522463, Len (4):
[461206] --111 (0.05)-> [4011996] --111 (0.04)-> [485391] --652 (0.07)-> [5043658] --140 (0.13)-> [5286709]

[09/29/2018 01:26:06 AM] SPO: [498960, 394, 1906664], Score: 0.286740676623, Len (3):
[498960] --65 (0.04)-> [1953732] --65 (0.1)-> [1000768] --167 (0.14)-> [1906664]

[09/29/2018 01:26:06 AM] SPO: [498960, 394, 1906664], Score: 0.171042081941, Len (2):
[498960] --39 (0.04)-> [5538028] --313 (0.13)-> [1906664]

[09/29/2018 01:26:06 AM] SPO: [498960, 394, 1906664], Score: 0.347020314462, Len (5):
[498960] --39 (0.04)-> [5538028] --590 (0.03)-> [5083260] --478 (0.05)-> [591478] --478 (0.07)-> [2406110] --313 (0.15)-> [1906664]

[09/29/2018 01:26:06 AM] SPO: [498960, 394, 1906664], Score: 0.162160854077, Len (4):
[498960] --39 (0.04)-> [5538028] --250 (0.03)-> [2604254] --250 (0.04)-> [2185526] --65 (0.05)-> [1906664]

[09/29/2018 01:26:06 AM] SPO: [498960, 394, 1906664], Score: 0.212205724671, Len (5):
[498960] --39 (0.04)-> [5538028] --590 (0.03)-> [5083260] --250 (0.03)-> [1523217] --250 (0.05)-> [5402910] --283 (0.06)-> [1906664]

[09/29/2018 01:27:45 AM] SPO: [566833, 394, 5287545], Score: 0.247217394852, Len (2):
[566833] --580 (0.05)-> [2283604] --140 (0.2)-> [5287545]

[09/29/2018 01:27:45 AM] SPO: [566833, 394, 5287545], Score: 0.201621945445, Len (2):
[566833] --391 (0.04)-> [5208111] --140 (0.16)-> [5287545]

[09/29/2018 01:27:45 AM] SPO: [566833, 394, 5287545], Score: 0.238909600563, Len (4):
[566833] --391 (0.04)-> [5208111] --140 (0.03)-> [3694788] --65 (0.07)-> [3615237] --511 (0.09)-> [5287545]

[09/29/2018 01:27:45 AM] SPO: [566833, 394, 5287545], Score: 0.19313192547, Len (4):
[566833] --391 (0.04)-> [5208111] --313 (0.03)-> [1705968] --313 (0.05)-> [1550875] --115 (0.06)-> [5287545]

[09/29/2018 01:27:45 AM] SPO: [566833, 394, 5287545], Score: 0.260567079044, Len (4):
[566833] --580 (0.05)-> [2283604] --580 (0.03)-> [4456401] --580 (0.07)-> [5023282] --140 (0.11)-> [5287545]

[09/29/2018 01:30:01 AM] SPO: [568749, 394, 1906664], Score: 0.149842557602, Len (2):
[568749] --132 (0.04)-> [1878513] --140 (0.11)-> [1906664]

[09/29/2018 01:30:01 AM] SPO: [568749, 394, 1906664], Score: 0.31028750436, Len (3):
[568749] --652 (0.04)-> [1619096] --652 (0.09)-> [5519368] --283 (0.18)-> [1906664]

[09/29/2018 01:30:01 AM] SPO: [568749, 394, 1906664], Score: 0.174674889004, Len (4):
[568749] --652 (0.04)-> [1619096] --250 (0.03)-> [1366779] --250 (0.05)-> [1601259] --283 (0.06)-> [1906664]

[09/29/2018 01:30:01 AM] SPO: [568749, 394, 1906664], Score: 0.268952598989, Len (4):
[568749] --652 (0.04)-> [1619096] --250 (0.03)-> [1366779] --250 (0.05)-> [439960] --283 (0.15)-> [1906664]

[09/29/2018 01:30:01 AM] SPO: [568749, 394, 1906664], Score: 0.299250567747, Len (6):
[568749] --652 (0.04)-> [1619096] --250 (0.03)-> [1366779] --250 (0.05)-> [1601259] --250 (0.03)-> [1764852] --250 (0.06)-> [799004] --283 (0.09)-> [1906664]

[09/29/2018 01:31:03 AM] SPO: [590498, 394, 5286709], Score: 0.303035547058, Len (2):
[590498] --65 (0.05)-> [3365029] --140 (0.25)-> [5286709]

[09/29/2018 01:31:03 AM] SPO: [590498, 394, 5286709], Score: 0.208113647033, Len (2):
[590498] --580 (0.05)-> [5601388] --140 (0.16)-> [5286709]

[09/29/2018 01:31:03 AM] SPO: [590498, 394, 5286709], Score: 0.227796428383, Len (3):
[590498] --580 (0.05)-> [5601388] --580 (0.05)-> [4730637] --65 (0.13)-> [5286709]

[09/29/2018 01:31:03 AM] SPO: [590498, 394, 5286709], Score: 0.249506524291, Len (4):
[590498] --65 (0.05)-> [3365029] --140 (0.04)-> [5430555] --167 (0.07)-> [2037567] --583 (0.08)-> [5286709]

[09/29/2018 01:31:03 AM] SPO: [590498, 394, 5286709], Score: 0.278114617375, Len (4):
[590498] --580 (0.05)-> [5601388] --580 (0.04)-> [4405361] --65 (0.08)-> [5475750] --140 (0.12)-> [5286709]

[09/29/2018 01:32:11 AM] SPO: [644297, 394, 5287545], Score: 0.216003078729, Len (2):
[644297] --592 (0.05)-> [4657996] --167 (0.17)-> [5287545]

[09/29/2018 01:32:11 AM] SPO: [644297, 394, 5287545], Score: 0.209410628387, Len (2):
[644297] --592 (0.05)-> [1931133] --65 (0.16)-> [5287545]

[09/29/2018 01:32:11 AM] SPO: [644297, 394, 5287545], Score: 0.256894130118, Len (3):
[644297] --592 (0.05)-> [1931133] --65 (0.05)-> [2970194] --140 (0.17)-> [5287545]

[09/29/2018 01:32:11 AM] SPO: [644297, 394, 5287545], Score: 0.289484626349, Len (3):
[644297] --592 (0.05)-> [4657996] --592 (0.05)-> [3071004] --167 (0.19)-> [5287545]

[09/29/2018 01:32:11 AM] SPO: [644297, 394, 5287545], Score: 0.255058377151, Len (4):
[644297] --592 (0.05)-> [4657996] --65 (0.04)-> [1323489] --65 (0.08)-> [810647] --583 (0.09)-> [5287545]

[09/29/2018 01:33:37 AM] SPO: [768780, 394, 5286709], Score: 0.344549987886, Len (3):
[768780] --65 (0.04)-> [4786429] --167 (0.12)-> [4194015] --65 (0.18)-> [5286709]

[09/29/2018 01:33:37 AM] SPO: [768780, 394, 5286709], Score: 0.229086517274, Len (3):
[768780] --65 (0.04)-> [2688451] --65 (0.09)-> [4972337] --583 (0.1)-> [5286709]

[09/29/2018 01:33:37 AM] SPO: [768780, 394, 5286709], Score: 0.399068558845, Len (3):
[768780] --65 (0.04)-> [2688451] --65 (0.06)-> [1408049] --583 (0.29)-> [5286709]

[09/29/2018 01:33:37 AM] SPO: [768780, 394, 5286709], Score: 0.279955871026, Len (5):
[768780] --65 (0.04)-> [2688451] --65 (0.06)-> [1408049] --410 (0.03)-> [1705279] --410 (0.06)-> [4363516] --583 (0.08)-> [5286709]

[09/29/2018 01:33:37 AM] SPO: [768780, 394, 5286709], Score: 0.427856657132, Len (5):
[768780] --65 (0.04)-> [2688451] --65 (0.06)-> [1408049] --410 (0.03)-> [1705279] --410 (0.06)-> [2046037] --583 (0.23)-> [5286709]

[09/29/2018 01:34:43 AM] SPO: [912165, 394, 5286709], Score: 0.179619807726, Len (2):
[912165] --592 (0.05)-> [2923515] --65 (0.13)-> [5286709]

[09/29/2018 01:34:43 AM] SPO: [912165, 394, 5286709], Score: 0.172886623702, Len (2):
[912165] --592 (0.04)-> [5185626] --140 (0.13)-> [5286709]

[09/29/2018 01:34:43 AM] SPO: [912165, 394, 5286709], Score: 0.248691788929, Len (3):
[912165] --592 (0.04)-> [5185626] --65 (0.05)-> [5308158] --140 (0.16)-> [5286709]

[09/29/2018 01:34:43 AM] SPO: [912165, 394, 5286709], Score: 0.282102650949, Len (4):
[912165] --592 (0.04)-> [5185626] --65 (0.04)-> [3550086] --65 (0.09)-> [1070922] --583 (0.11)-> [5286709]

[09/29/2018 01:34:43 AM] SPO: [912165, 394, 5286709], Score: 0.303479162931, Len (3):
[912165] --592 (0.05)-> [2923515] --27 (0.05)-> [5237613] --140 (0.21)-> [5286709]

[09/29/2018 01:36:18 AM] SPO: [1055118, 394, 1906664], Score: 0.227750859934, Len (2):
[1055118] --505 (0.05)-> [3906147] --65 (0.18)-> [1906664]

[09/29/2018 01:36:18 AM] SPO: [1055118, 394, 1906664], Score: 0.211878801124, Len (2):
[1055118] --505 (0.05)-> [2614702] --65 (0.16)-> [1906664]

[09/29/2018 01:36:18 AM] SPO: [1055118, 394, 1906664], Score: 0.263835530506, Len (3):
[1055118] --505 (0.05)-> [3906147] --506 (0.05)-> [2614702] --65 (0.16)-> [1906664]

[09/29/2018 01:36:18 AM] SPO: [1055118, 394, 1906664], Score: 0.194714464822, Len (3):
[1055118] --505 (0.05)-> [3906147] --506 (0.04)-> [3801497] --65 (0.1)-> [1906664]

[09/29/2018 01:36:18 AM] SPO: [1055118, 394, 1906664], Score: 0.278441403632, Len (3):
[1055118] --505 (0.05)-> [2614702] --506 (0.05)-> [3906147] --65 (0.18)-> [1906664]

[09/29/2018 01:37:14 AM] SPO: [1195837, 394, 5286709], Score: 0.0660183295912, Len (1):
[1195837] --65 (0.07)-> [5286709]

[09/29/2018 01:37:14 AM] SPO: [1195837, 394, 5286709], Score: 0.221345466836, Len (2):
[1195837] --506 (0.05)-> [2724560] --65 (0.17)-> [5286709]

[09/29/2018 01:37:14 AM] SPO: [1195837, 394, 5286709], Score: 0.222184570324, Len (2):
[1195837] --578 (0.05)-> [1696270] --140 (0.17)-> [5286709]

[09/29/2018 01:37:14 AM] SPO: [1195837, 394, 5286709], Score: 0.231528962295, Len (4):
[1195837] --578 (0.05)-> [1696270] --27 (0.04)-> [5293284] --194 (0.07)-> [2579982] --583 (0.08)-> [5286709]

[09/29/2018 01:37:14 AM] SPO: [1195837, 394, 5286709], Score: 0.277172649348, Len (3):
[1195837] --506 (0.05)-> [2724560] --578 (0.05)-> [2961422] --65 (0.18)-> [5286709]

[09/29/2018 01:38:43 AM] SPO: [1560396, 394, 5286709], Score: 0.252411191066, Len (2):
[1560396] --50 (0.05)-> [5048264] --140 (0.2)-> [5286709]

[09/29/2018 01:38:43 AM] SPO: [1560396, 394, 5286709], Score: 0.268085413141, Len (3):
[1560396] --293 (0.04)-> [3890861] --167 (0.1)-> [1022042] --140 (0.13)-> [5286709]

[09/29/2018 01:38:43 AM] SPO: [1560396, 394, 5286709], Score: 0.315316855331, Len (4):
[1560396] --50 (0.05)-> [5048264] --490 (0.04)-> [1877699] --490 (0.08)-> [3292941] --140 (0.15)-> [5286709]

[09/29/2018 01:38:43 AM] SPO: [1560396, 394, 5286709], Score: 0.17574264755, Len (4):
[1560396] --50 (0.05)-> [5048264] --660 (0.03)-> [99] --660 (0.05)-> [5093291] --140 (0.05)-> [5286709]

[09/29/2018 01:38:43 AM] SPO: [1560396, 394, 5286709], Score: 0.352054233556, Len (3):
[1560396] --293 (0.04)-> [3890861] --65 (0.05)-> [4624332] --140 (0.26)-> [5286709]

[09/29/2018 01:40:05 AM] SPO: [1596136, 394, 5287545], Score: 0.212798823409, Len (2):
[1596136] --467 (0.05)-> [5051022] --140 (0.17)-> [5287545]

[09/29/2018 01:40:05 AM] SPO: [1596136, 394, 5287545], Score: 0.148088467885, Len (3):
[1596136] --467 (0.05)-> [5051022] --128 (0.03)-> [1667865] --339 (0.07)-> [5287545]

[09/29/2018 01:40:05 AM] SPO: [1596136, 394, 5287545], Score: 0.11843010399, Len (3):
[1596136] --467 (0.05)-> [5051022] --398 (0.03)-> [4950204] --140 (0.05)-> [5287545]

[09/29/2018 01:40:05 AM] SPO: [1596136, 394, 5287545], Score: 0.200992399261, Len (2):
[1596136] --580 (0.04)-> [834791] --140 (0.16)-> [5287545]

[09/29/2018 01:40:05 AM] SPO: [1596136, 394, 5287545], Score: 0.207733413756, Len (3):
[1596136] --580 (0.04)-> [834791] --580 (0.04)-> [2639426] --140 (0.12)-> [5287545]

[09/29/2018 01:42:50 AM] SPO: [1684603, 394, 1705443], Score: 0.237758351173, Len (2):
[1684603] --45 (0.05)-> [4301308] --65 (0.18)-> [1705443]

[09/29/2018 01:42:50 AM] SPO: [1684603, 394, 1705443], Score: 0.174601902304, Len (4):
[1684603] --45 (0.05)-> [4301308] --660 (0.03)-> [454] --660 (0.04)-> [2754681] --65 (0.05)-> [1705443]

[09/29/2018 01:42:50 AM] SPO: [1684603, 394, 1705443], Score: 0.343940473921, Len (3):
[1684603] --65 (0.05)-> [4140013] --167 (0.13)-> [5111594] --167 (0.17)-> [1705443]

[09/29/2018 01:42:50 AM] SPO: [1684603, 394, 1705443], Score: 0.381531581573, Len (4):
[1684603] --45 (0.05)-> [4301308] --660 (0.03)-> [454] --660 (0.06)-> [5004503] --167 (0.24)-> [1705443]

[09/29/2018 01:42:50 AM] SPO: [1684603, 394, 1705443], Score: 0.295979494054, Len (6):
[1684603] --45 (0.05)-> [4301308] --660 (0.03)-> [454] --660 (0.06)-> [5004503] --140 (0.03)-> [5286709] --583 (0.06)-> [1433417] --583 (0.06)-> [1705443]

[09/29/2018 01:44:11 AM] SPO: [1738979, 394, 5287545], Score: 0.282823540977, Len (2):
[1738979] --580 (0.05)-> [5064914] --140 (0.23)-> [5287545]

[09/29/2018 01:44:11 AM] SPO: [1738979, 394, 5287545], Score: 0.203845132339, Len (2):
[1738979] --578 (0.05)-> [4015527] --65 (0.16)-> [5287545]

[09/29/2018 01:44:11 AM] SPO: [1738979, 394, 5287545], Score: 0.214944461187, Len (4):
[1738979] --580 (0.05)-> [5064914] --660 (0.03)-> [559] --660 (0.06)-> [5136027] --140 (0.07)-> [5287545]

[09/29/2018 01:44:11 AM] SPO: [1738979, 394, 5287545], Score: 0.353117450689, Len (3):
[1738979] --578 (0.05)-> [4015527] --65 (0.05)-> [3584514] --140 (0.26)-> [5287545]

[09/29/2018 01:44:11 AM] SPO: [1738979, 394, 5287545], Score: 0.285704826297, Len (4):
[1738979] --578 (0.05)-> [4015527] --65 (0.05)-> [3584514] --301 (0.04)-> [1236534] --140 (0.15)-> [5287545]

[09/29/2018 01:46:41 AM] SPO: [1924791, 394, 1036538], Score: 0.188095164418, Len (2):
[1924791] --294 (0.05)-> [2568723] --65 (0.14)-> [1036538]

[09/29/2018 01:46:41 AM] SPO: [1924791, 394, 1036538], Score: 0.318011959117, Len (3):
[1924791] --551 (0.04)-> [648517] --54 (0.11)-> [4700559] --65 (0.17)-> [1036538]

[09/29/2018 01:46:41 AM] SPO: [1924791, 394, 1036538], Score: 0.259368164763, Len (3):
[1924791] --551 (0.04)-> [648517] --178 (0.06)-> [3454798] --583 (0.16)-> [1036538]

[09/29/2018 01:46:41 AM] SPO: [1924791, 394, 1036538], Score: 0.295509885989, Len (5):
[1924791] --551 (0.04)-> [648517] --178 (0.06)-> [3454798] --65 (0.04)-> [5196393] --65 (0.07)-> [4399810] --583 (0.08)-> [1036538]

[09/29/2018 01:46:41 AM] SPO: [1924791, 394, 1036538], Score: 0.285878553164, Len (5):
[1924791] --551 (0.04)-> [648517] --178 (0.06)-> [3454798] --65 (0.04)-> [3919281] --65 (0.07)-> [2033764] --583 (0.08)-> [1036538]

[09/29/2018 01:48:00 AM] SPO: [1948108, 394, 5287545], Score: 0.142907881912, Len (2):
[1948108] --45 (0.04)-> [400551] --167 (0.1)-> [5287545]

[09/29/2018 01:48:00 AM] SPO: [1948108, 394, 5287545], Score: 0.243894654822, Len (3):
[1948108] --45 (0.04)-> [400551] --578 (0.05)-> [3724530] --65 (0.16)-> [5287545]

[09/29/2018 01:48:00 AM] SPO: [1948108, 394, 5287545], Score: 0.290525156907, Len (4):
[1948108] --45 (0.04)-> [400551] --578 (0.05)-> [3724530] --580 (0.05)-> [4895018] --140 (0.16)-> [5287545]

[09/29/2018 01:48:00 AM] SPO: [1948108, 394, 5287545], Score: 0.261778010585, Len (5):
[1948108] --45 (0.04)-> [400551] --578 (0.05)-> [3724530] --580 (0.05)-> [4895018] --192 (0.04)-> [1623537] --167 (0.09)-> [5287545]

[09/29/2018 01:48:00 AM] SPO: [1948108, 394, 5287545], Score: 0.350273975419, Len (6):
[1948108] --45 (0.04)-> [400551] --578 (0.05)-> [3724530] --580 (0.05)-> [4895018] --192 (0.04)-> [1623537] --192 (0.04)-> [2350921] --140 (0.14)-> [5287545]

[09/29/2018 01:50:01 AM] SPO: [1957646, 394, 702517], Score: 0.202912246855, Len (2):
[1957646] --293 (0.06)-> [3946231] --167 (0.15)-> [702517]

[09/29/2018 01:50:01 AM] SPO: [1957646, 394, 702517], Score: 0.170951793144, Len (2):
[1957646] --294 (0.05)-> [1737650] --115 (0.12)-> [702517]

[09/29/2018 01:50:01 AM] SPO: [1957646, 394, 702517], Score: 0.255524185017, Len (3):
[1957646] --294 (0.05)-> [1737650] --294 (0.06)-> [538002] --167 (0.15)-> [702517]

[09/29/2018 01:50:01 AM] SPO: [1957646, 394, 702517], Score: 0.257392577363, Len (3):
[1957646] --294 (0.05)-> [1737650] --294 (0.06)-> [3949178] --65 (0.15)-> [702517]

[09/29/2018 01:50:01 AM] SPO: [1957646, 394, 702517], Score: 0.270678153832, Len (4):
[1957646] --293 (0.06)-> [3946231] --65 (0.04)-> [5360340] --167 (0.08)-> [597032] --583 (0.09)-> [702517]

[09/29/2018 01:51:26 AM] SPO: [2028197, 394, 4334436], Score: 0.132549412557, Len (2):
[2028197] --65 (0.04)-> [1583830] --140 (0.09)-> [4334436]

[09/29/2018 01:51:26 AM] SPO: [2028197, 394, 4334436], Score: 0.262309732551, Len (3):
[2028197] --294 (0.04)-> [4678126] --167 (0.08)-> [1298627] --140 (0.14)-> [4334436]

[09/29/2018 01:51:26 AM] SPO: [2028197, 394, 4334436], Score: 0.436722309081, Len (3):
[2028197] --65 (0.04)-> [1583830] --65 (0.08)-> [4669191] --583 (0.31)-> [4334436]

[09/29/2018 01:51:26 AM] SPO: [2028197, 394, 4334436], Score: 0.422124061338, Len (4):
[2028197] --65 (0.04)-> [1583830] --65 (0.08)-> [4669191] --65 (0.06)-> [1825754] --140 (0.24)-> [4334436]

[09/29/2018 01:51:26 AM] SPO: [2028197, 394, 4334436], Score: 0.436722309081, Len (3):
[2028197] --65 (0.04)-> [1583830] --65 (0.08)-> [3903465] --583 (0.31)-> [4334436]

[09/29/2018 01:52:45 AM] SPO: [2044560, 394, 5286709], Score: 0.433110260051, Len (3):
[2044560] --311 (0.05)-> [2298674] --167 (0.16)-> [1615522] --140 (0.23)-> [5286709]

[09/29/2018 01:52:45 AM] SPO: [2044560, 394, 5286709], Score: 0.177186371015, Len (2):
[2044560] --465 (0.05)-> [4194457] --167 (0.13)-> [5286709]

[09/29/2018 01:52:45 AM] SPO: [2044560, 394, 5286709], Score: 0.237366956593, Len (3):
[2044560] --311 (0.05)-> [2298674] --194 (0.05)-> [791107] --140 (0.14)-> [5286709]

[09/29/2018 01:52:45 AM] SPO: [2044560, 394, 5286709], Score: 0.274838044998, Len (4):
[2044560] --311 (0.05)-> [2298674] --167 (0.16)-> [1615522] --95 (0.03)-> [5530905] --140 (0.04)-> [5286709]

[09/29/2018 01:52:45 AM] SPO: [2044560, 394, 5286709], Score: 0.311465394479, Len (5):
[2044560] --311 (0.05)-> [2298674] --167 (0.16)-> [1615522] --660 (0.03)-> [608] --660 (0.04)-> [5548919] --140 (0.04)-> [5286709]

[09/29/2018 01:53:39 AM] SPO: [2198188, 394, 5287545], Score: 0.0602135937311, Len (1):
[2198188] --65 (0.06)-> [5287545]

[09/29/2018 01:53:39 AM] SPO: [2198188, 394, 5287545], Score: 0.336626818866, Len (2):
[2198188] --54 (0.05)-> [1200792] --65 (0.28)-> [5287545]

[09/29/2018 01:53:39 AM] SPO: [2198188, 394, 5287545], Score: 0.267323025709, Len (2):
[2198188] --239 (0.05)-> [5021643] --140 (0.22)-> [5287545]

[09/29/2018 01:53:39 AM] SPO: [2198188, 394, 5287545], Score: 0.262757394635, Len (3):
[2198188] --239 (0.05)-> [5021643] --239 (0.05)-> [2035906] --583 (0.16)-> [5287545]

[09/29/2018 01:53:39 AM] SPO: [2198188, 394, 5287545], Score: 0.193224881031, Len (4):
[2198188] --239 (0.05)-> [5021643] --660 (0.03)-> [390] --660 (0.05)-> [5065710] --140 (0.06)-> [5287545]

[09/29/2018 01:54:36 AM] SPO: [2374015, 394, 5287545], Score: 0.207977942192, Len (2):
[2374015] --505 (0.05)-> [875598] --583 (0.16)-> [5287545]

[09/29/2018 01:54:36 AM] SPO: [2374015, 394, 5287545], Score: 0.224479279408, Len (2):
[2374015] --578 (0.05)-> [4457525] --167 (0.18)-> [5287545]

[09/29/2018 01:54:36 AM] SPO: [2374015, 394, 5287545], Score: 0.259350489303, Len (3):
[2374015] --505 (0.05)-> [875598] --65 (0.05)-> [4818088] --140 (0.16)-> [5287545]

[09/29/2018 01:54:36 AM] SPO: [2374015, 394, 5287545], Score: 0.258716869167, Len (3):
[2374015] --505 (0.05)-> [875598] --65 (0.05)-> [1300839] --140 (0.16)-> [5287545]

[09/29/2018 01:54:36 AM] SPO: [2374015, 394, 5287545], Score: 0.27141509045, Len (3):
[2374015] --578 (0.05)-> [4457525] --65 (0.05)-> [2151972] --140 (0.18)-> [5287545]

[09/29/2018 01:56:11 AM] SPO: [2610942, 394, 1906664], Score: 0.18582837898, Len (2):
[2610942] --65 (0.05)-> [707478] --140 (0.14)-> [1906664]

[09/29/2018 01:56:11 AM] SPO: [2610942, 394, 1906664], Score: 0.184007161816, Len (2):
[2610942] --65 (0.05)-> [5336545] --140 (0.14)-> [1906664]

[09/29/2018 01:56:11 AM] SPO: [2610942, 394, 1906664], Score: 0.390830669187, Len (3):
[2610942] --65 (0.05)-> [5336545] --167 (0.06)-> [3374797] --167 (0.29)-> [1906664]

[09/29/2018 01:56:11 AM] SPO: [2610942, 394, 1906664], Score: 0.399316672429, Len (3):
[2610942] --65 (0.05)-> [5336545] --65 (0.06)-> [1740030] --65 (0.29)-> [1906664]

[09/29/2018 01:56:11 AM] SPO: [2610942, 394, 1906664], Score: 0.401800241755, Len (4):
[2610942] --65 (0.05)-> [5336545] --65 (0.06)-> [1740030] --65 (0.05)-> [4078233] --140 (0.24)-> [1906664]

[09/29/2018 01:58:01 AM] SPO: [2715713, 394, 1036538], Score: 0.211670541461, Len (2):
[2715713] --478 (0.05)-> [5025253] --140 (0.16)-> [1036538]

[09/29/2018 01:58:01 AM] SPO: [2715713, 394, 1036538], Score: 0.189426232341, Len (2):
[2715713] --478 (0.05)-> [5483860] --140 (0.14)-> [1036538]

[09/29/2018 01:58:01 AM] SPO: [2715713, 394, 1036538], Score: 0.244347528824, Len (3):
[2715713] --478 (0.05)-> [5025253] --178 (0.05)-> [4093018] --65 (0.15)-> [1036538]

[09/29/2018 01:58:01 AM] SPO: [2715713, 394, 1036538], Score: 0.233325044168, Len (3):
[2715713] --478 (0.05)-> [5025253] --580 (0.05)-> [2899845] --167 (0.13)-> [1036538]

[09/29/2018 01:58:01 AM] SPO: [2715713, 394, 1036538], Score: 0.256580780333, Len (5):
[2715713] --478 (0.05)-> [5025253] --178 (0.05)-> [4093018] --410 (0.03)-> [1867499] --410 (0.06)-> [4025933] --583 (0.07)-> [1036538]

[09/29/2018 02:00:05 AM] SPO: [2754248, 394, 4334436], Score: 0.190665426132, Len (3):
[2754248] --27 (0.04)-> [5222327] --27 (0.07)-> [2561397] --115 (0.08)-> [4334436]

[09/29/2018 02:00:05 AM] SPO: [2754248, 394, 4334436], Score: 0.192860337879, Len (3):
[2754248] --410 (0.04)-> [4596772] --250 (0.06)-> [5107184] --140 (0.09)-> [4334436]

[09/29/2018 02:00:05 AM] SPO: [2754248, 394, 4334436], Score: 0.222077278143, Len (4):
[2754248] --27 (0.04)-> [5222327] --27 (0.07)-> [2561397] --313 (0.04)-> [2475936] --140 (0.08)-> [4334436]

[09/29/2018 02:00:05 AM] SPO: [2754248, 394, 4334436], Score: 0.230748930695, Len (5):
[2754248] --27 (0.04)-> [5222327] --27 (0.07)-> [2561397] --660 (0.03)-> [755] --660 (0.04)-> [4019108] --167 (0.05)-> [4334436]

[09/29/2018 02:00:05 AM] SPO: [2754248, 394, 4334436], Score: 0.255312656563, Len (3):
[2754248] --410 (0.04)-> [4596772] --250 (0.06)-> [984551] --140 (0.16)-> [4334436]

[09/29/2018 02:01:48 AM] SPO: [2938566, 394, 1161664], Score: 0.075675910324, Len (1):
[2938566] --140 (0.08)-> [1161664]

[09/29/2018 02:01:48 AM] SPO: [2938566, 394, 1161664], Score: 0.191856789043, Len (2):
[2938566] --440 (0.05)-> [2134520] --140 (0.14)-> [1161664]

[09/29/2018 02:01:48 AM] SPO: [2938566, 394, 1161664], Score: 0.331467450507, Len (3):
[2938566] --580 (0.05)-> [5094233] --580 (0.1)-> [1472717] --140 (0.18)-> [1161664]

[09/29/2018 02:01:48 AM] SPO: [2938566, 394, 1161664], Score: 0.275749639308, Len (3):
[2938566] --580 (0.05)-> [5094233] --580 (0.06)-> [4011871] --140 (0.17)-> [1161664]

[09/29/2018 02:01:48 AM] SPO: [2938566, 394, 1161664], Score: 0.409848585308, Len (5):
[2938566] --580 (0.05)-> [5094233] --580 (0.06)-> [4011871] --580 (0.04)-> [4201429] --580 (0.1)-> [1114765] --140 (0.17)-> [1161664]

[09/29/2018 02:02:46 AM] SPO: [3035960, 394, 5287545], Score: 0.266592572277, Len (2):
[3035960] --65 (0.05)-> [1166453] --140 (0.22)-> [5287545]

[09/29/2018 02:02:46 AM] SPO: [3035960, 394, 5287545], Score: 0.197336368433, Len (2):
[3035960] --652 (0.04)-> [5048365] --140 (0.15)-> [5287545]

[09/29/2018 02:02:46 AM] SPO: [3035960, 394, 5287545], Score: 0.277878932638, Len (3):
[3035960] --65 (0.05)-> [1166453] --301 (0.05)-> [4901747] --140 (0.18)-> [5287545]

[09/29/2018 02:02:46 AM] SPO: [3035960, 394, 5287545], Score: 0.231484549943, Len (3):
[3035960] --65 (0.05)-> [1166453] --301 (0.04)-> [3295757] --140 (0.14)-> [5287545]

[09/29/2018 02:02:46 AM] SPO: [3035960, 394, 5287545], Score: 0.278252918, Len (4):
[3035960] --65 (0.05)-> [1166453] --301 (0.05)-> [4901747] --301 (0.04)-> [3295757] --140 (0.14)-> [5287545]

[09/29/2018 02:04:39 AM] SPO: [3048631, 394, 2383313], Score: 0.33794463815, Len (3):
[3048631] --65 (0.06)-> [1651613] --65 (0.13)-> [3053039] --583 (0.16)-> [2383313]

[09/29/2018 02:04:39 AM] SPO: [3048631, 394, 2383313], Score: 0.13679680728, Len (2):
[3048631] --65 (0.06)-> [1651613] --140 (0.08)-> [2383313]

[09/29/2018 02:04:39 AM] SPO: [3048631, 394, 2383313], Score: 0.306365495068, Len (3):
[3048631] --652 (0.05)-> [5572040] --580 (0.1)-> [2433917] --65 (0.16)-> [2383313]

[09/29/2018 02:04:39 AM] SPO: [3048631, 394, 2383313], Score: 0.202135756233, Len (3):
[3048631] --652 (0.05)-> [5572040] --313 (0.05)-> [2383265] --573 (0.11)-> [2383313]

[09/29/2018 02:04:39 AM] SPO: [3048631, 394, 2383313], Score: 0.33443872212, Len (5):
[3048631] --65 (0.06)-> [1651613] --65 (0.13)-> [3053039] --660 (0.04)-> [753] --660 (0.05)-> [2057012] --583 (0.06)-> [2383313]

[09/29/2018 02:06:04 AM] SPO: [3128471, 394, 2351095], Score: 0.278850703062, Len (2):
[3128471] --54 (0.07)-> [2351261] --140 (0.21)-> [2351095]

[09/29/2018 02:06:04 AM] SPO: [3128471, 394, 2351095], Score: 0.263985283262, Len (2):
[3128471] --580 (0.06)-> [5055839] --140 (0.2)-> [2351095]

[09/29/2018 02:06:04 AM] SPO: [3128471, 394, 2351095], Score: 0.277653290379, Len (3):
[3128471] --54 (0.07)-> [2351261] --54 (0.06)-> [3793493] --65 (0.15)-> [2351095]

[09/29/2018 02:06:04 AM] SPO: [3128471, 394, 2351095], Score: 0.264185874706, Len (3):
[3128471] --54 (0.07)-> [2351261] --467 (0.06)-> [2351259] --140 (0.14)-> [2351095]

[09/29/2018 02:06:04 AM] SPO: [3128471, 394, 2351095], Score: 0.301294619896, Len (3):
[3128471] --580 (0.06)-> [5055839] --54 (0.06)-> [1072812] --65 (0.17)-> [2351095]

[09/29/2018 02:09:01 AM] SPO: [3136650, 394, 1705443], Score: 0.422246200643, Len (3):
[3136650] --311 (0.05)-> [1772330] --111 (0.11)-> [1648668] --583 (0.26)-> [1705443]

[09/29/2018 02:09:01 AM] SPO: [3136650, 394, 1705443], Score: 0.352281191095, Len (4):
[3136650] --311 (0.05)-> [1772330] --111 (0.11)-> [1648668] --27 (0.05)-> [2967741] --140 (0.14)-> [1705443]

[09/29/2018 02:09:01 AM] SPO: [3136650, 394, 1705443], Score: 0.398505917703, Len (4):
[3136650] --311 (0.05)-> [1772330] --506 (0.05)-> [787328] --111 (0.1)-> [1648668] --583 (0.2)-> [1705443]

[09/29/2018 02:09:01 AM] SPO: [3136650, 394, 1705443], Score: 0.325597082905, Len (4):
[3136650] --311 (0.05)-> [1772330] --506 (0.05)-> [787328] --27 (0.05)-> [3958385] --140 (0.18)-> [1705443]

[09/29/2018 02:09:01 AM] SPO: [3136650, 394, 1705443], Score: 0.339995896056, Len (6):
[3136650] --311 (0.05)-> [1772330] --506 (0.05)-> [787328] --27 (0.05)-> [3958385] --146 (0.04)-> [3958645] --167 (0.07)-> [1501282] --583 (0.08)-> [1705443]

[09/29/2018 02:09:54 AM] SPO: [3276673, 394, 5286709], Score: 0.210937489444, Len (2):
[3276673] --283 (0.05)-> [3605534] --140 (0.16)-> [5286709]

[09/29/2018 02:09:54 AM] SPO: [3276673, 394, 5286709], Score: 0.19644155045, Len (2):
[3276673] --65 (0.05)-> [2362901] --140 (0.15)-> [5286709]

[09/29/2018 02:09:54 AM] SPO: [3276673, 394, 5286709], Score: 0.372342710566, Len (3):
[3276673] --283 (0.05)-> [3605534] --65 (0.06)-> [3471171] --167 (0.27)-> [5286709]

[09/29/2018 02:09:54 AM] SPO: [3276673, 394, 5286709], Score: 0.380127531728, Len (3):
[3276673] --283 (0.05)-> [3605534] --339 (0.06)-> [3605537] --140 (0.28)-> [5286709]

[09/29/2018 02:09:54 AM] SPO: [3276673, 394, 5286709], Score: 0.388032356204, Len (5):
[3276673] --283 (0.05)-> [3605534] --339 (0.06)-> [3605537] --339 (0.04)-> [3208282] --65 (0.09)-> [386821] --583 (0.15)-> [5286709]

[09/29/2018 02:11:48 AM] SPO: [3290767, 394, 1036538], Score: 0.069031994146, Len (1):
[3290767] --65 (0.07)-> [1036538]

[09/29/2018 02:11:48 AM] SPO: [3290767, 394, 1036538], Score: 0.268676877278, Len (2):
[3290767] --65 (0.05)-> [4367760] --140 (0.21)-> [1036538]

[09/29/2018 02:11:48 AM] SPO: [3290767, 394, 1036538], Score: 0.250409687553, Len (3):
[3290767] --167 (0.04)-> [5546275] --167 (0.09)-> [636666] --65 (0.12)-> [1036538]

[09/29/2018 02:11:48 AM] SPO: [3290767, 394, 1036538], Score: 0.352612507652, Len (3):
[3290767] --167 (0.04)-> [5546275] --167 (0.06)-> [1624169] --65 (0.25)-> [1036538]

[09/29/2018 02:11:48 AM] SPO: [3290767, 394, 1036538], Score: 0.353065157837, Len (3):
[3290767] --65 (0.05)-> [4367760] --167 (0.06)-> [4046892] --167 (0.24)-> [1036538]

[09/29/2018 02:12:58 AM] SPO: [3375491, 394, 5287545], Score: 0.197546350746, Len (2):
[3375491] --580 (0.04)-> [5090116] --140 (0.15)-> [5287545]

[09/29/2018 02:12:58 AM] SPO: [3375491, 394, 5287545], Score: 0.200600650008, Len (3):
[3375491] --580 (0.04)-> [5090116] --384 (0.04)-> [2253373] --167 (0.11)-> [5287545]

[09/29/2018 02:12:58 AM] SPO: [3375491, 394, 5287545], Score: 0.267780056518, Len (3):
[3375491] --512 (0.04)-> [1896917] --512 (0.1)-> [2967572] --583 (0.13)-> [5287545]

[09/29/2018 02:12:58 AM] SPO: [3375491, 394, 5287545], Score: 0.289702583008, Len (4):
[3375491] --580 (0.04)-> [5090116] --580 (0.04)-> [4479749] --65 (0.09)-> [2487784] --140 (0.12)-> [5287545]

[09/29/2018 02:12:58 AM] SPO: [3375491, 394, 5287545], Score: 0.324330251223, Len (3):
[3375491] --512 (0.04)-> [1896917] --512 (0.06)-> [4474460] --583 (0.23)-> [5287545]

[09/29/2018 02:15:06 AM] SPO: [3544338, 394, 1705443], Score: 0.296913692861, Len (2):
[3544338] --111 (0.06)-> [2050171] --65 (0.24)-> [1705443]

[09/29/2018 02:15:06 AM] SPO: [3544338, 394, 1705443], Score: 0.190321391439, Len (2):
[3544338] --65 (0.05)-> [1400863] --140 (0.14)-> [1705443]

[09/29/2018 02:15:06 AM] SPO: [3544338, 394, 1705443], Score: 0.219428560735, Len (4):
[3544338] --111 (0.06)-> [2050171] --660 (0.03)-> [421] --660 (0.06)-> [1145723] --65 (0.07)-> [1705443]

[09/29/2018 02:15:06 AM] SPO: [3544338, 394, 1705443], Score: 0.407946531076, Len (3):
[3544338] --65 (0.05)-> [1400863] --65 (0.07)-> [4086822] --583 (0.29)-> [1705443]

[09/29/2018 02:15:06 AM] SPO: [3544338, 394, 1705443], Score: 0.242574227004, Len (5):
[3544338] --65 (0.05)-> [1400863] --65 (0.07)-> [4086822] --480 (0.03)-> [703290] --410 (0.05)-> [2722151] --583 (0.05)-> [1705443]

[09/29/2018 02:17:04 AM] SPO: [3761128, 394, 5287545], Score: 0.233828494077, Len (2):
[3761128] --111 (0.05)-> [4414947] --65 (0.19)-> [5287545]

[09/29/2018 02:17:04 AM] SPO: [3761128, 394, 5287545], Score: 0.288475248409, Len (4):
[3761128] --111 (0.05)-> [4414947] --478 (0.03)-> [4191311] --497 (0.05)-> [4802135] --140 (0.16)-> [5287545]

[09/29/2018 02:17:04 AM] SPO: [3761128, 394, 5287545], Score: 0.168751065029, Len (4):
[3761128] --111 (0.05)-> [4414947] --478 (0.03)-> [4191311] --497 (0.03)-> [4498629] --140 (0.06)-> [5287545]

[09/29/2018 02:17:04 AM] SPO: [3761128, 394, 5287545], Score: 0.175185659891, Len (4):
[3761128] --111 (0.05)-> [4414947] --480 (0.03)-> [4311663] --410 (0.05)-> [2720573] --583 (0.05)-> [5287545]

[09/29/2018 02:17:04 AM] SPO: [3761128, 394, 5287545], Score: 0.28747449754, Len (5):
[3761128] --111 (0.05)-> [4414947] --478 (0.03)-> [4191311] --497 (0.03)-> [4498629] --497 (0.04)-> [4551109] --283 (0.14)-> [5287545]

[09/29/2018 02:18:05 AM] SPO: [4086605, 394, 5286709], Score: 0.260347183046, Len (2):
[4086605] --65 (0.05)-> [1168770] --140 (0.21)-> [5286709]

[09/29/2018 02:18:05 AM] SPO: [4086605, 394, 5286709], Score: 0.330148372465, Len (3):
[4086605] --283 (0.05)-> [2111108] --167 (0.13)-> [2559301] --583 (0.16)-> [5286709]

[09/29/2018 02:18:05 AM] SPO: [4086605, 394, 5286709], Score: 0.113899823287, Len (2):
[4086605] --283 (0.05)-> [2111108] --140 (0.06)-> [5286709]

[09/29/2018 02:18:05 AM] SPO: [4086605, 394, 5286709], Score: 0.405385084112, Len (3):
[4086605] --65 (0.05)-> [1168770] --511 (0.06)-> [2281075] --583 (0.29)-> [5286709]

[09/29/2018 02:18:05 AM] SPO: [4086605, 394, 5286709], Score: 0.330525983873, Len (5):
[4086605] --65 (0.05)-> [1168770] --511 (0.06)-> [2281075] --511 (0.04)-> [4914159] --65 (0.08)-> [471078] --583 (0.09)-> [5286709]

[09/29/2018 02:19:23 AM] SPO: [4090125, 394, 5287545], Score: 0.227436381054, Len (2):
[4090125] --580 (0.05)-> [5052212] --140 (0.18)-> [5287545]

[09/29/2018 02:19:23 AM] SPO: [4090125, 394, 5287545], Score: 0.227436381054, Len (2):
[4090125] --580 (0.05)-> [4431127] --140 (0.18)-> [5287545]

[09/29/2018 02:19:23 AM] SPO: [4090125, 394, 5287545], Score: 0.223854683737, Len (3):
[4090125] --580 (0.05)-> [4431127] --580 (0.04)-> [2583783] --167 (0.13)-> [5287545]

[09/29/2018 02:19:23 AM] SPO: [4090125, 394, 5287545], Score: 0.274190233112, Len (4):
[4090125] --580 (0.05)-> [4431127] --580 (0.03)-> [4358067] --580 (0.07)-> [4895029] --140 (0.12)-> [5287545]

[09/29/2018 02:19:23 AM] SPO: [4090125, 394, 5287545], Score: 0.286259679885, Len (4):
[4090125] --580 (0.05)-> [5052212] --580 (0.03)-> [1440419] --580 (0.07)-> [5088981] --140 (0.13)-> [5287545]

[09/29/2018 02:20:44 AM] SPO: [4393260, 394, 5287545], Score: 0.238431592595, Len (2):
[4393260] --111 (0.05)-> [4393262] --583 (0.19)-> [5287545]

[09/29/2018 02:20:44 AM] SPO: [4393260, 394, 5287545], Score: 0.201412776799, Len (3):
[4393260] --111 (0.05)-> [4393262] --65 (0.04)-> [4937235] --140 (0.11)-> [5287545]

[09/29/2018 02:20:44 AM] SPO: [4393260, 394, 5287545], Score: 0.270729605245, Len (2):
[4393260] --311 (0.05)-> [2552471] --167 (0.22)-> [5287545]

[09/29/2018 02:20:44 AM] SPO: [4393260, 394, 5287545], Score: 0.271112263463, Len (4):
[4393260] --111 (0.05)-> [4393262] --167 (0.04)-> [3330850] --167 (0.08)-> [2725214] --583 (0.1)-> [5287545]

[09/29/2018 02:20:44 AM] SPO: [4393260, 394, 5287545], Score: 0.281712523331, Len (4):
[4393260] --311 (0.05)-> [2552471] --167 (0.04)-> [979220] --65 (0.09)-> [1473369] --583 (0.1)-> [5287545]

[09/29/2018 02:21:36 AM] SPO: [4435034, 394, 4928881], Score: 0.0791848122159, Len (1):
[4435034] --65 (0.08)-> [4928881]

[09/29/2018 02:21:36 AM] SPO: [4435034, 394, 4928881], Score: 0.234329107756, Len (2):
[4435034] --65 (0.06)-> [999451] --140 (0.18)-> [4928881]

[09/29/2018 02:21:36 AM] SPO: [4435034, 394, 4928881], Score: 0.212239975818, Len (2):
[4435034] --659 (0.06)-> [1924447] --65 (0.16)-> [4928881]

[09/29/2018 02:21:36 AM] SPO: [4435034, 394, 4928881], Score: 0.289854682796, Len (3):
[4435034] --659 (0.06)-> [1924447] --65 (0.06)-> [999451] --140 (0.18)-> [4928881]

[09/29/2018 02:21:36 AM] SPO: [4435034, 394, 4928881], Score: 0.219126876502, Len (4):
[4435034] --659 (0.06)-> [1924447] --599 (0.03)-> [1806847] --264 (0.06)-> [4825390] --339 (0.07)-> [4928881]

[09/29/2018 02:23:03 AM] SPO: [4526955, 394, 5286709], Score: 0.218965908761, Len (2):
[4526955] --204 (0.05)-> [955410] --460 (0.17)-> [5286709]

[09/29/2018 02:23:03 AM] SPO: [4526955, 394, 5286709], Score: 0.368130881437, Len (3):
[4526955] --204 (0.05)-> [955410] --583 (0.06)-> [5621180] --65 (0.27)-> [5286709]

[09/29/2018 02:23:03 AM] SPO: [4526955, 394, 5286709], Score: 0.287641690239, Len (4):
[4526955] --204 (0.05)-> [955410] --583 (0.06)-> [5621180] --194 (0.05)-> [3483601] --140 (0.14)-> [5286709]

[09/29/2018 02:23:03 AM] SPO: [4526955, 394, 5286709], Score: 0.347587607563, Len (5):
[4526955] --204 (0.05)-> [955410] --583 (0.06)-> [5621180] --194 (0.04)-> [728212] --194 (0.08)-> [3680372] --583 (0.12)-> [5286709]

[09/29/2018 02:23:03 AM] SPO: [4526955, 394, 5286709], Score: 0.351425315446, Len (3):
[4526955] --204 (0.05)-> [955410] --583 (0.06)-> [1658582] --65 (0.25)-> [5286709]

[09/29/2018 02:24:29 AM] SPO: [4563596, 394, 1705443], Score: 0.0705869981305, Len (1):
[4563596] --167 (0.07)-> [1705443]

[09/29/2018 02:24:29 AM] SPO: [4563596, 394, 1705443], Score: 0.31061233766, Len (3):
[4563596] --65 (0.05)-> [3146362] --167 (0.11)-> [2703412] --167 (0.15)-> [1705443]

[09/29/2018 02:24:29 AM] SPO: [4563596, 394, 1705443], Score: 0.146863976529, Len (2):
[4563596] --294 (0.04)-> [589200] --167 (0.1)-> [1705443]

[09/29/2018 02:24:29 AM] SPO: [4563596, 394, 1705443], Score: 0.249199295373, Len (3):
[4563596] --294 (0.04)-> [589200] --54 (0.05)-> [5358375] --140 (0.16)-> [1705443]

[09/29/2018 02:24:29 AM] SPO: [4563596, 394, 1705443], Score: 0.385947990615, Len (4):
[4563596] --294 (0.04)-> [589200] --54 (0.05)-> [5358375] --194 (0.06)-> [2027288] --65 (0.24)-> [1705443]

[09/29/2018 02:26:20 AM] SPO: [4647548, 394, 2060365], Score: 0.219113904488, Len (2):
[4647548] --65 (0.05)-> [1746269] --140 (0.17)-> [2060365]

[09/29/2018 02:26:20 AM] SPO: [4647548, 394, 2060365], Score: 0.204800443793, Len (3):
[4647548] --65 (0.04)-> [5471367] --65 (0.08)-> [4629917] --583 (0.09)-> [2060365]

[09/29/2018 02:26:20 AM] SPO: [4647548, 394, 2060365], Score: 0.311611697264, Len (4):
[4647548] --65 (0.04)-> [5471367] --65 (0.08)-> [4629917] --65 (0.05)-> [584887] --140 (0.15)-> [2060365]

[09/29/2018 02:26:20 AM] SPO: [4647548, 394, 2060365], Score: 0.452680526996, Len (3):
[4647548] --65 (0.04)-> [5471367] --65 (0.07)-> [4363479] --583 (0.34)-> [2060365]

[09/29/2018 02:26:20 AM] SPO: [4647548, 394, 2060365], Score: 0.358563132736, Len (4):
[4647548] --65 (0.04)-> [5471367] --65 (0.07)-> [4363479] --65 (0.05)-> [5666781] --140 (0.2)-> [2060365]

[09/29/2018 02:27:44 AM] SPO: [4652071, 394, 4489828], Score: 0.22859810508, Len (2):
[4652071] --65 (0.06)-> [5340387] --140 (0.17)-> [4489828]

[09/29/2018 02:27:44 AM] SPO: [4652071, 394, 4489828], Score: 0.315491133194, Len (3):
[4652071] --27 (0.05)-> [3654282] --194 (0.11)-> [539034] --65 (0.16)-> [4489828]

[09/29/2018 02:27:44 AM] SPO: [4652071, 394, 4489828], Score: 0.27627499242, Len (3):
[4652071] --27 (0.05)-> [3654282] --27 (0.06)-> [1533415] --65 (0.17)-> [4489828]

[09/29/2018 02:27:44 AM] SPO: [4652071, 394, 4489828], Score: 0.360351821611, Len (5):
[4652071] --27 (0.05)-> [3654282] --194 (0.11)-> [539034] --65 (0.04)-> [3654220] --167 (0.08)-> [447275] --583 (0.09)-> [4489828]

[09/29/2018 02:27:44 AM] SPO: [4652071, 394, 4489828], Score: 0.338067284557, Len (5):
[4652071] --27 (0.05)-> [3654282] --194 (0.11)-> [539034] --410 (0.04)-> [4124793] --410 (0.07)-> [5388433] --65 (0.08)-> [4489828]

[09/29/2018 02:30:06 AM] SPO: [4942065, 394, 1906664], Score: 0.194854826752, Len (3):
[4942065] --65 (0.04)-> [3999975] --167 (0.07)-> [5131903] --583 (0.08)-> [1906664]

[09/29/2018 02:30:06 AM] SPO: [4942065, 394, 1906664], Score: 0.158645552807, Len (3):
[4942065] --599 (0.03)-> [1217799] --599 (0.05)-> [307029] --65 (0.08)-> [1906664]

[09/29/2018 02:30:06 AM] SPO: [4942065, 394, 1906664], Score: 0.220096016616, Len (3):
[4942065] --599 (0.03)-> [1217799] --599 (0.05)-> [3359188] --65 (0.14)-> [1906664]

[09/29/2018 02:30:06 AM] SPO: [4942065, 394, 1906664], Score: 0.307436054153, Len (4):
[4942065] --599 (0.03)-> [1217799] --599 (0.05)-> [3359188] --65 (0.05)-> [1269127] --140 (0.18)-> [1906664]

[09/29/2018 02:30:06 AM] SPO: [4942065, 394, 1906664], Score: 0.268534276533, Len (5):
[4942065] --599 (0.03)-> [1217799] --599 (0.05)-> [3359188] --157 (0.03)-> [215985] --157 (0.06)-> [4479609] --65 (0.1)-> [1906664]

[09/29/2018 02:31:37 AM] SPO: [5217255, 394, 4785969], Score: 0.0804330656943, Len (1):
[5217255] --65 (0.08)-> [4785969]

[09/29/2018 02:31:37 AM] SPO: [5217255, 394, 4785969], Score: 0.269338584559, Len (3):
[5217255] --384 (0.04)-> [4758997] --178 (0.07)-> [1430361] --167 (0.15)-> [4785969]

[09/29/2018 02:31:37 AM] SPO: [5217255, 394, 4785969], Score: 0.157338701541, Len (4):
[5217255] --384 (0.04)-> [4758997] --660 (0.03)-> [266] --660 (0.04)-> [5088758] --140 (0.05)-> [4785969]

[09/29/2018 02:31:37 AM] SPO: [5217255, 394, 4785969], Score: 0.219961596849, Len (3):
[5217255] --384 (0.04)-> [1704008] --114 (0.06)-> [1376344] --65 (0.12)-> [4785969]

[09/29/2018 02:31:37 AM] SPO: [5217255, 394, 4785969], Score: 0.28781052685, Len (5):
[5217255] --384 (0.04)-> [1704008] --178 (0.03)-> [5190461] --65 (0.06)-> [5249264] --65 (0.07)-> [2703240] --167 (0.1)-> [4785969]

[09/29/2018 02:33:42 AM] SPO: [5378571, 394, 1705443], Score: 0.207346767691, Len (2):
[5378571] --167 (0.05)-> [3136247] --140 (0.16)-> [1705443]

[09/29/2018 02:33:42 AM] SPO: [5378571, 394, 1705443], Score: 0.433095663508, Len (3):
[5378571] --167 (0.05)-> [3136247] --167 (0.06)-> [1914497] --167 (0.32)-> [1705443]

[09/29/2018 02:33:42 AM] SPO: [5378571, 394, 1705443], Score: 0.433095663508, Len (3):
[5378571] --167 (0.05)-> [3136247] --167 (0.06)-> [514395] --167 (0.32)-> [1705443]

[09/29/2018 02:33:42 AM] SPO: [5378571, 394, 1705443], Score: 0.402642632929, Len (4):
[5378571] --167 (0.05)-> [3136247] --167 (0.06)-> [514395] --65 (0.06)-> [1110597] --140 (0.24)-> [1705443]

[09/29/2018 02:33:42 AM] SPO: [5378571, 394, 1705443], Score: 0.342440845005, Len (5):
[5378571] --167 (0.05)-> [3136247] --167 (0.06)-> [514395] --167 (0.04)-> [4917755] --65 (0.08)-> [332715] --583 (0.11)-> [1705443]

[09/29/2018 02:35:12 AM] SPO: [5389831, 394, 4489828], Score: 0.583832447043, Len (3):
[5389831] --167 (0.05)-> [2128481] --167 (0.18)-> [4339818] --512 (0.35)-> [4489828]

[09/29/2018 02:35:12 AM] SPO: [5389831, 394, 4489828], Score: 0.217624610937, Len (2):
[5389831] --65 (0.05)-> [5278626] --140 (0.16)-> [4489828]

[09/29/2018 02:35:12 AM] SPO: [5389831, 394, 4489828], Score: 0.435572468487, Len (3):
[5389831] --65 (0.05)-> [5278626] --65 (0.07)-> [449942] --167 (0.31)-> [4489828]

[09/29/2018 02:35:12 AM] SPO: [5389831, 394, 4489828], Score: 0.365948497469, Len (3):
[5389831] --65 (0.05)-> [5278626] --65 (0.06)-> [1533580] --167 (0.25)-> [4489828]

[09/29/2018 02:35:12 AM] SPO: [5389831, 394, 4489828], Score: 0.329559853034, Len (4):
[5389831] --65 (0.05)-> [5278626] --65 (0.06)-> [1533580] --65 (0.05)-> [4498022] --140 (0.16)-> [4489828]

[09/29/2018 02:36:10 AM] SPO: [5439660, 394, 4615546], Score: 0.365929157327, Len (2):
[5439660] --167 (0.07)-> [305566] --140 (0.3)-> [4615546]

[09/29/2018 02:36:10 AM] SPO: [5439660, 394, 4615546], Score: 0.306771259696, Len (2):
[5439660] --311 (0.06)-> [2581933] --167 (0.24)-> [4615546]

[09/29/2018 02:36:10 AM] SPO: [5439660, 394, 4615546], Score: 0.38844795023, Len (4):
[5439660] --167 (0.07)-> [305566] --339 (0.05)-> [1987473] --65 (0.12)-> [5514138] --65 (0.15)-> [4615546]

[09/29/2018 02:36:10 AM] SPO: [5439660, 394, 4615546], Score: 0.3306462987, Len (4):
[5439660] --167 (0.07)-> [305566] --339 (0.05)-> [4621020] --283 (0.1)-> [2000390] --65 (0.12)-> [4615546]

[09/29/2018 02:36:10 AM] SPO: [5439660, 394, 4615546], Score: 0.414034022643, Len (4):
[5439660] --311 (0.06)-> [2581933] --311 (0.04)-> [2558638] --126 (0.1)-> [774822] --452 (0.21)-> [4615546]

[09/29/2018 02:38:27 AM] SPO: [5520228, 394, 1705443], Score: 0.228444603705, Len (2):
[5520228] --311 (0.06)-> [4728037] --583 (0.17)-> [1705443]

[09/29/2018 02:38:27 AM] SPO: [5520228, 394, 1705443], Score: 0.257319347848, Len (2):
[5520228] --410 (0.06)-> [579380] --167 (0.2)-> [1705443]

[09/29/2018 02:38:27 AM] SPO: [5520228, 394, 1705443], Score: 0.318919790867, Len (3):
[5520228] --410 (0.06)-> [579380] --578 (0.05)-> [2692557] --65 (0.21)-> [1705443]

[09/29/2018 02:38:27 AM] SPO: [5520228, 394, 1705443], Score: 0.258161579797, Len (5):
[5520228] --410 (0.06)-> [579380] --578 (0.05)-> [2692557] --480 (0.03)-> [5096372] --410 (0.05)-> [1194952] --583 (0.07)-> [1705443]

[09/29/2018 02:38:27 AM] SPO: [5520228, 394, 1705443], Score: 0.294798866393, Len (4):
[5520228] --410 (0.06)-> [579380] --167 (0.04)-> [1030406] --65 (0.09)-> [4276328] --167 (0.11)-> [1705443]

[09/29/2018 02:38:58 AM] P: +:175, -:0, unique tot:175
[09/29/2018 02:38:58 AM] Time taken: 4858.88s


[09/29/2018 02:38:58 AM] => Path selection..
[09/29/2018 02:38:59 AM] D: +:100, -:0, tot:100
[09/29/2018 02:38:59 AM] Time taken: 0.64s

[09/29/2018 02:38:59 AM] => Model building..
[09/29/2018 02:39:01 AM] #Features: 100, best-AUROC: 0.84000
[09/29/2018 02:39:01 AM] Time taken: 1.72s

[09/29/2018 02:39:01 AM] Time taken: 4868.64s

[09/29/2018 02:39:01 AM] Saved: /home/galois/Documents/streamminer/output/out_streamminer_derived_filtered_nationality_train_25facts_2018-09-29_01:17:49.pkl
[09/29/2018 02:39:01 AM] 
Done!

