[09/17/2018 18:45:56 PM] Launching sm..
[09/17/2018 18:45:56 PM] Dataset: place_of_birth.csv
[09/17/2018 18:45:56 PM] Output dir: /home/galois/Documents/streamminer/output
[09/17/2018 18:45:56 PM] Read data: (1092, 7) place_of_birth.csv
[09/17/2018 18:45:56 PM] Note: Found non-NA records: (1092, 7)
[09/17/2018 18:46:00 PM] PID is: 65, with type: int64
[09/17/2018 18:46:12 PM] => Path extraction..(this can take a while)
[09/17/2018 18:52:05 PM] [2254956] -167 (0.06)-> [3208131] -500 (0.09)-> [1966499]
[09/17/2018 18:52:05 PM] [2254956] -167 (0.04)-> [3059686] -167 (0.05)-> [3629908] -167 (0.06)-> [2148170] -167 (0.11)-> [4914963] -167 (0.15)-> [1966499]
[09/17/2018 18:52:05 PM] [2254956] -167 (0.04)-> [3059686] -167 (0.05)-> [3629908] -167 (0.06)-> [2148170] -167 (0.11)-> [4914963] -660 (0.04)-> [755] -660 (0.06)-> [2692972] -167 (0.06)-> [1966499]
[09/17/2018 18:52:05 PM] [2254956] -167 (0.04)-> [3059686] -167 (0.05)-> [3629908] -167 (0.06)-> [2148170] -167 (0.11)-> [4914963] -250 (0.03)-> [1159988] -250 (0.04)-> [3428139] -167 (0.05)-> [2931251] -661 (0.06)-> [1966499]
[09/17/2018 18:52:05 PM] [2254956] -167 (0.04)-> [3059686] -167 (0.05)-> [3629908] -140 (0.04)-> [2146553] -167 (0.05)-> [1744125] -167 (0.06)-> [3208268] -167 (0.06)-> [4059343] -578 (0.1)-> [2562246] -167 (0.12)-> [1966499]
[09/17/2018 18:55:38 PM] [2032128] -140 (0.06)-> [1036538] -140 (0.07)-> [1055674]
[09/17/2018 18:55:38 PM] [2032128] -592 (0.06)-> [2554870] -167 (0.08)-> [3776606] -661 (0.17)-> [1055674]
[09/17/2018 18:55:38 PM] [2032128] -592 (0.06)-> [2554870] -660 (0.04)-> [480] -660 (0.05)-> [2045194] -167 (0.05)-> [1098852] -301 (0.06)-> [1055674]
[09/17/2018 18:55:38 PM] [2032128] -592 (0.06)-> [2554870] -167 (0.08)-> [3776606] -301 (0.12)-> [5357622] -301 (0.24)-> [1055674]
[09/17/2018 18:55:38 PM] [2032128] -592 (0.06)-> [2554870] -167 (0.08)-> [3776606] -301 (0.11)-> [1098852] -301 (0.24)-> [1055674]
[09/17/2018 18:59:09 PM] [1913392] -283 (0.12)-> [2225051]
[09/17/2018 18:59:09 PM] [1913392] -394 (0.05)-> [1705443] -167 (0.06)-> [2029609] -167 (0.07)-> [2225051]
[09/17/2018 18:59:09 PM] [1913392] -394 (0.05)-> [1705443] -167 (0.06)-> [2029609] -660 (0.03)-> [594] -660 (0.04)-> [3819986] -167 (0.05)-> [3973659] -511 (0.06)-> [5510040] -511 (0.07)-> [2225051]
[09/17/2018 18:59:09 PM] [1913392] -283 (0.04)-> [3847545] -511 (0.05)-> [4101247] -194 (0.07)-> [4822326] -194 (0.11)-> [2279952] -511 (0.14)-> [2225051]
[09/17/2018 18:59:09 PM] [1913392] -283 (0.04)-> [3847545] -140 (0.05)-> [5286709] -140 (0.07)-> [2225051]
[09/17/2018 19:03:34 PM] [5142051] -660 (0.04)-> [502] -660 (0.05)-> [3227671] -167 (0.05)-> [2225051]
[09/17/2018 19:03:34 PM] [5142051] -230 (0.03)-> [1584844] -283 (0.04)-> [3208131] -167 (0.05)-> [2640581] -167 (0.1)-> [2225051]
[09/17/2018 19:03:34 PM] [5142051] -230 (0.03)-> [1584844] -660 (0.04)-> [70] -660 (0.05)-> [5014835] -283 (0.06)-> [2225051]
[09/17/2018 19:03:34 PM] [5142051] -230 (0.03)-> [1584844] -660 (0.04)-> [70] -660 (0.05)-> [5014835] -283 (0.05)-> [5286709] -140 (0.07)-> [2225051]
[09/17/2018 19:03:34 PM] [5142051] -230 (0.03)-> [1584844] -660 (0.04)-> [70] -660 (0.05)-> [5014835] -45 (0.04)-> [4242990] -283 (0.05)-> [5286709] -140 (0.13)-> [2225051]
[09/17/2018 19:06:44 PM] [4667008] -480 (0.04)-> [4152322] -410 (0.05)-> [2294826] -167 (0.06)-> [2225051]
[09/17/2018 19:06:44 PM] [4667008] -480 (0.03)-> [3856959] -480 (0.04)-> [1363879] -167 (0.05)-> [2225051]
[09/17/2018 19:06:44 PM] [4667008] -480 (0.04)-> [4152322] -410 (0.05)-> [2294826] -394 (0.05)-> [5286709] -140 (0.07)-> [2225051]
[09/17/2018 19:06:44 PM] [4667008] -480 (0.04)-> [4152322] -480 (0.08)-> [2667591] -167 (0.16)-> [2225051]
[09/17/2018 19:06:44 PM] [4667008] -480 (0.04)-> [4152322] -480 (0.08)-> [2667591] -394 (0.05)-> [5286709] -140 (0.07)-> [2225051]
[09/17/2018 19:10:19 PM] [1174684] -283 (0.14)-> [4576076]
[09/17/2018 19:10:19 PM] [1174684] -410 (0.03)-> [4735240] -410 (0.04)-> [4968662] -283 (0.06)-> [3886197] -659 (0.08)-> [4576076]
[09/17/2018 19:10:19 PM] [1174684] -660 (0.03)-> [454] -660 (0.03)-> [2125237] -167 (0.05)-> [3886197] -659 (0.06)-> [4576076]
[09/17/2018 19:10:19 PM] [1174684] -410 (0.03)-> [4735240] -410 (0.04)-> [4968662] -283 (0.04)-> [5287545] -140 (0.06)-> [1726939] -339 (0.06)-> [4576076]
[09/17/2018 19:10:19 PM] [1174684] -660 (0.03)-> [454] -660 (0.03)-> [2125237] -167 (0.05)-> [1209517] -525 (0.08)-> [3886683] -522 (0.11)-> [4576076]
[09/17/2018 19:11:59 PM] [5553623] -57 (0.06)-> [4633127] -57 (0.11)-> [1200498] -167 (0.18)-> [4677461]
[09/17/2018 19:11:59 PM] [5553623] -57 (0.05)-> [3849773] -57 (0.08)-> [1200498] -167 (0.12)-> [4677461]
[09/17/2018 19:11:59 PM] [5553623] -57 (0.05)-> [3849773] -57 (0.07)-> [5633869] -167 (0.16)-> [4677461]
[09/17/2018 19:11:59 PM] [5553623] -57 (0.05)-> [3849773] -57 (0.08)-> [1200498] -660 (0.04)-> [411] -660 (0.06)-> [5635606] -167 (0.06)-> [4677461]
[09/17/2018 19:11:59 PM] [5553623] -57 (0.06)-> [4633127] -57 (0.11)-> [1200498] -57 (0.05)-> [3849773] -57 (0.07)-> [5633869] -167 (0.12)-> [4677461]
[09/17/2018 19:15:12 PM] [4446998] -278 (0.08)-> [1119282] -116 (0.12)-> [1119275]
[09/17/2018 19:15:12 PM] [4446998] -278 (0.08)-> [1119282] -582 (0.05)-> [4064325] -301 (0.07)-> [1119275]
[09/17/2018 19:15:12 PM] [4446998] -660 (0.03)-> [308] -660 (0.04)-> [4355719] -167 (0.06)-> [4064325] -301 (0.07)-> [1119275]
[09/17/2018 19:15:12 PM] [4446998] -278 (0.08)-> [1119282] -660 (0.04)-> [599] -660 (0.06)-> [1119288] -116 (0.06)-> [1119275]
[09/17/2018 19:15:12 PM] [4446998] -278 (0.08)-> [1119282] -660 (0.04)-> [599] -660 (0.06)-> [1119288] -615 (0.04)-> [4838614] -615 (0.04)-> [3633066] -116 (0.05)-> [3633064] -339 (0.06)-> [1119284] -339 (0.07)-> [1119275]
[09/17/2018 21:36:10 PM] Launching sm..
[09/17/2018 21:36:10 PM] Dataset: place_of_birth.csv
[09/17/2018 21:36:10 PM] Output dir: /home/galois/Documents/streamminer/output
[09/17/2018 21:36:10 PM] Read data: (1092, 7) place_of_birth.csv
[09/17/2018 21:36:10 PM] Note: Found non-NA records: (1092, 7)
[09/17/2018 21:39:46 PM] Launching sm..
[09/17/2018 21:39:46 PM] Dataset: place_of_birth.csv
[09/17/2018 21:39:46 PM] Output dir: /home/galois/Documents/streamminer/output
[09/17/2018 21:39:46 PM] Read data: (1092, 7) place_of_birth.csv
[09/17/2018 21:39:46 PM] Note: Found non-NA records: (1092, 7)
