[09/17/2018 21:37:06 PM] Launching sm..
[09/17/2018 21:37:06 PM] Dataset: sample.csv
[09/17/2018 21:37:06 PM] Output dir: /home/galois/Documents/streamminer/output
[09/17/2018 21:37:06 PM] Read data: (104, 7) sample.csv
[09/17/2018 21:37:06 PM] Note: Found non-NA records: (104, 7)
[09/17/2018 21:37:08 PM] PID is: 599.0, with type: float64
[09/17/2018 21:37:19 PM] => Path extraction..(this can take a while)
[09/17/2018 21:38:18 PM] Launching sm..
[09/17/2018 21:38:18 PM] Dataset: sample.csv
[09/17/2018 21:38:18 PM] Output dir: /home/galois/Documents/streamminer/output
[09/17/2018 21:38:18 PM] Read data: (104, 7) sample.csv
[09/17/2018 21:38:18 PM] Note: Found non-NA records: (104, 7)
[09/17/2018 21:39:40 PM] [392035] -189 (0.07)-> [2115741]
[09/17/2018 21:39:40 PM] [392035] -660 (0.03)-> [78] -660 (0.04)-> [4475218] -236 (0.06)-> [2115741]
[09/17/2018 21:39:40 PM] [392035] -660 (0.03)-> [78] -660 (0.06)-> [532169] -236 (0.14)-> [2115741]
[09/17/2018 21:39:40 PM] [392035] -660 (0.03)-> [78] -660 (0.04)-> [4475218] -236 (0.04)-> [3040313] -236 (0.08)-> [532169] -236 (0.13)-> [2115741]
[09/17/2018 21:39:40 PM] [392035] -660 (0.03)-> [78] -660 (0.04)-> [4475218] -236 (0.04)-> [1006463] -236 (0.07)-> [532169] -236 (0.11)-> [2115741]
[09/17/2018 21:41:49 PM] Launching sm..
[09/17/2018 21:41:49 PM] Dataset: sample.csv
[09/17/2018 21:41:49 PM] Output dir: /home/galois/Documents/streamminer/output
[09/17/2018 21:41:49 PM] Read data: (104, 7) sample.csv
[09/17/2018 21:41:49 PM] Note: Found non-NA records: (104, 7)
[09/17/2018 21:42:30 PM] [482030] -189 (0.07)-> [2364618]
[09/17/2018 21:42:30 PM] [482030] -462 (0.04)-> [4160079] -462 (0.07)-> [4107784] -189 (0.08)-> [2364618]
[09/17/2018 21:42:30 PM] [482030] -462 (0.04)-> [4160079] -462 (0.07)-> [4107784] -123 (0.03)-> [3229261] -123 (0.06)-> [3641685] -189 (0.1)-> [2364618]
[09/17/2018 21:42:30 PM] [482030] -462 (0.04)-> [4160079] -462 (0.07)-> [4107784] -65 (0.02)-> [3229234] -339 (0.03)-> [1619701] -601 (0.04)-> [3741813] -601 (0.05)-> [679305] -601 (0.06)-> [2364618]
[09/17/2018 21:42:30 PM] [482030] -462 (0.04)-> [4160079] -462 (0.07)-> [4107784] -65 (0.02)-> [3229234] -339 (0.03)-> [1619701] -660 (0.03)-> [662] -660 (0.05)-> [2287973] -601 (0.06)-> [2364618]
