[09/22/2018 09:15:41 AM] Launching sm..
[09/22/2018 09:15:41 AM] Dataset: cross_US_Presidents_vs_First_Lady.csv
[09/22/2018 09:15:41 AM] Output dir: /home/galois/Documents/streamminer/output
[09/22/2018 09:15:41 AM] Read data: (256, 7) cross_US_Presidents_vs_First_Lady.csv
[09/22/2018 09:15:41 AM] Note: Found non-NA records: (256, 7)
[09/22/2018 09:15:45 AM] Relation is: (5448341, 578, 1882304)
[09/22/2018 09:15:51 AM] => Path extraction..(this can take a while)
[09/22/2018 09:17:12 AM] [5448341] -468 (0.22)-> [1882304]
[09/22/2018 09:17:12 AM] [5448341] -468 (0.1)-> [2134565] -465 (0.18)-> [1882304]
[09/22/2018 09:17:12 AM] [5448341] -512 (0.07)-> [3384409] -65 (0.1)-> [1882304]
[09/22/2018 09:17:12 AM] [5448341] -512 (0.07)-> [3384409] -65 (0.2)-> [1882304]
[09/22/2018 09:17:12 AM] [5448341] -468 (0.06)-> [1028826] -468 (0.08)-> [2134565] -465 (0.13)-> [1882304]
[09/22/2018 09:18:20 AM] [1028826] -468 (0.18)-> [2134565]
[09/22/2018 09:18:20 AM] [1028826] -111 (0.15)-> [2699244] -111 (0.28)-> [2134565]
[09/22/2018 09:18:20 AM] [1028826] -468 (0.1)-> [1068550] -465 (0.21)-> [2134565]
[09/22/2018 09:18:20 AM] [1028826] -468 (0.09)-> [5448341] -468 (0.14)-> [2134565]
[09/22/2018 09:18:20 AM] [1028826] -468 (0.1)-> [1068550] -465 (0.16)-> [2134565]
[09/22/2018 09:19:18 AM] [2306951] -111 (0.18)-> [479803] -111 (0.44)-> [3221941]
[09/22/2018 09:19:18 AM] [2306951] -468 (0.18)-> [3221941]
[09/22/2018 09:19:18 AM] [2306951] -111 (0.14)-> [2306952] -111 (0.26)-> [3221941]
[09/22/2018 09:19:18 AM] [2306951] -508 (0.07)-> [4238103] -508 (0.11)-> [3221941]
[09/22/2018 09:19:18 AM] [2306951] -611 (0.06)-> [1444318] -611 (0.16)-> [3221941]
[09/22/2018 09:20:40 AM] [1932374] -468 (0.15)-> [1665478]
[09/22/2018 09:20:40 AM] [1932374] -111 (0.14)-> [577678] -111 (0.33)-> [1665478]
[09/22/2018 09:20:40 AM] [1932374] -111 (0.14)-> [577678] -111 (0.2)-> [1665478]
[09/22/2018 09:20:40 AM] [1932374] -111 (0.13)-> [2691153] -111 (0.27)-> [1665478]
[09/22/2018 09:20:40 AM] [1932374] -111 (0.13)-> [2691153] -111 (0.2)-> [1665478]
[09/22/2018 09:22:10 AM] [2254632] -468 (0.19)-> [828702]
[09/22/2018 09:22:10 AM] [2254632] -111 (0.15)-> [3366595] -111 (0.27)-> [828702]
[09/22/2018 09:22:10 AM] [2254632] -506 (0.14)-> [1232931] -506 (0.25)-> [828702]
[09/22/2018 09:22:10 AM] [2254632] -506 (0.14)-> [1232931] -506 (0.24)-> [828702]
[09/22/2018 09:22:10 AM] [2254632] -111 (0.15)-> [3366595] -111 (0.25)-> [828702]
[09/22/2018 09:23:16 AM] [1596457] -468 (0.18)-> [3324601]
[09/22/2018 09:23:16 AM] [1596457] -111 (0.14)-> [1564219] -111 (0.27)-> [3324601]
[09/22/2018 09:23:16 AM] [1596457] -111 (0.14)-> [1564219] -111 (0.23)-> [3324601]
[09/22/2018 09:23:16 AM] [1596457] -506 (0.14)-> [3426522] -506 (0.26)-> [3324601]
[09/22/2018 09:23:16 AM] [1596457] -506 (0.14)-> [3426522] -506 (0.22)-> [3324601]
[09/22/2018 09:24:29 AM] [2704714] -468 (0.15)-> [2535021]
[09/22/2018 09:24:29 AM] [2704714] -111 (0.14)-> [4017705] -111 (0.3)-> [2535021]
[09/22/2018 09:24:29 AM] [2704714] -111 (0.14)-> [4017705] -111 (0.2)-> [2535021]
[09/22/2018 09:24:29 AM] [2704714] -580 (0.13)-> [297609] -580 (0.28)-> [2535021]
[09/22/2018 09:24:29 AM] [2704714] -580 (0.13)-> [297609] -580 (0.19)-> [2535021]
[09/22/2018 09:25:38 AM] [3269303] -468 (0.17)-> [3049283]
[09/22/2018 09:25:38 AM] [3269303] -111 (0.14)-> [3269103] -111 (0.27)-> [3049283]
[09/22/2018 09:25:38 AM] [3269303] -111 (0.14)-> [3269103] -111 (0.23)-> [3049283]
[09/22/2018 09:25:38 AM] [3269303] -506 (0.14)-> [4552772] -506 (0.27)-> [3049283]
[09/22/2018 09:25:38 AM] [3269303] -506 (0.14)-> [4552772] -506 (0.22)-> [3049283]
[09/22/2018 09:26:38 AM] [4362186] -468 (0.16)-> [4012613]
[09/22/2018 09:26:38 AM] [4362186] -111 (0.13)-> [2230084] -506 (0.26)-> [4012613]
[09/22/2018 09:26:38 AM] [4362186] -111 (0.13)-> [2230084] -506 (0.21)-> [4012613]
[09/22/2018 09:26:38 AM] [4362186] -111 (0.13)-> [5220073] -111 (0.24)-> [4012613]
[09/22/2018 09:26:38 AM] [4362186] -111 (0.13)-> [5220073] -111 (0.21)-> [4012613]
[09/22/2018 09:28:10 AM] [2053187] -468 (0.16)-> [832363]
[09/22/2018 09:28:10 AM] [2053187] -111 (0.13)-> [2707371] -111 (0.26)-> [832363]
[09/22/2018 09:28:10 AM] [2053187] -111 (0.13)-> [2707371] -111 (0.22)-> [832363]
[09/22/2018 09:28:10 AM] [2053187] -111 (0.13)-> [1561397] -506 (0.27)-> [832363]
[09/22/2018 09:28:10 AM] [2053187] -111 (0.13)-> [1561397] -506 (0.21)-> [832363]
[09/22/2018 09:29:06 AM] [2656334] -468 (0.18)-> [4456257]
[09/22/2018 09:29:06 AM] [2656334] -580 (0.14)-> [3325798] -580 (0.31)-> [4456257]
[09/22/2018 09:29:06 AM] [2656334] -580 (0.14)-> [3325798] -580 (0.21)-> [4456257]
[09/22/2018 09:29:06 AM] [2656334] -506 (0.13)-> [2374540] -506 (0.24)-> [4456257]
[09/22/2018 09:29:06 AM] [2656334] -506 (0.13)-> [2374540] -506 (0.22)-> [4456257]
[09/22/2018 09:30:09 AM] [4450187] -468 (0.16)-> [3724593]
[09/22/2018 09:30:09 AM] [4450187] -111 (0.13)-> [4024214] -111 (0.27)-> [3724593]
[09/22/2018 09:30:09 AM] [4450187] -111 (0.13)-> [4024214] -111 (0.21)-> [3724593]
[09/22/2018 09:30:09 AM] [4450187] -111 (0.12)-> [4447853] -111 (0.23)-> [3724593]
[09/22/2018 09:30:09 AM] [4450187] -111 (0.12)-> [4447853] -111 (0.21)-> [3724593]
[09/22/2018 09:31:42 AM] [2034183] -468 (0.17)-> [753707]
[09/22/2018 09:31:42 AM] [2034183] -111 (0.14)-> [3423273] -111 (0.29)-> [753707]
[09/22/2018 09:31:42 AM] [2034183] -111 (0.14)-> [3423273] -111 (0.22)-> [753707]
[09/22/2018 09:31:42 AM] [2034183] -111 (0.13)-> [3757505] -111 (0.25)-> [753707]
[09/22/2018 09:31:42 AM] [2034183] -111 (0.13)-> [3757505] -111 (0.22)-> [753707]
[09/22/2018 09:33:10 AM] [847325] -111 (0.13)-> [2618700] -506 (0.31)-> [2327072]
[09/22/2018 09:33:10 AM] [847325] -111 (0.13)-> [4427454] -506 (0.3)-> [2327072]
[09/22/2018 09:33:10 AM] [847325] -111 (0.13)-> [4427454] -506 (0.18)-> [2327072]
[09/22/2018 09:33:10 AM] [847325] -111 (0.11)-> [1145438] -111 (0.22)-> [2327072]
[09/22/2018 09:33:10 AM] [847325] -111 (0.11)-> [1145438] -111 (0.18)-> [2327072]
[09/22/2018 09:34:20 AM] [2044778] -468 (0.17)-> [3078814]
[09/22/2018 09:34:20 AM] [2044778] -111 (0.13)-> [754735] -111 (0.24)-> [3078814]
[09/22/2018 09:34:20 AM] [2044778] -111 (0.12)-> [2625519] -111 (0.21)-> [3078814]
[09/22/2018 09:34:20 AM] [2044778] -111 (0.12)-> [2625519] -111 (0.22)-> [3078814]
[09/22/2018 09:34:20 AM] [2044778] -111 (0.13)-> [754735] -111 (0.22)-> [3078814]
[09/22/2018 09:35:55 AM] [752593] -468 (0.18)-> [3542399]
[09/22/2018 09:35:55 AM] [752593] -505 (0.15)-> [3372574] -111 (0.28)-> [3542399]
[09/22/2018 09:35:55 AM] [752593] -505 (0.15)-> [3372574] -111 (0.23)-> [3542399]
[09/22/2018 09:35:55 AM] [752593] -111 (0.08)-> [752594] -434 (0.1)-> [1829783] -505 (0.14)-> [3372574] -111 (0.26)-> [3542399]
[09/22/2018 09:35:55 AM] [752593] -511 (0.07)-> [5483675] -511 (0.08)-> [3372574] -111 (0.13)-> [3542399]
[09/22/2018 09:38:07 AM] [1028826] -468 (0.1)-> [2134565] -465 (0.18)-> [1882304]
[09/22/2018 09:38:07 AM] [1028826] -111 (0.09)-> [2699244] -111 (0.15)-> [2134565] -465 (0.28)-> [1882304]
[09/22/2018 09:38:07 AM] [1028826] -468 (0.07)-> [1068550] -465 (0.1)-> [2134565] -465 (0.21)-> [1882304]
[09/22/2018 09:38:07 AM] [1028826] -468 (0.06)-> [5448341] -468 (0.09)-> [2134565] -465 (0.14)-> [1882304]
[09/22/2018 09:38:07 AM] [1028826] -468 (0.07)-> [1068550] -465 (0.09)-> [2134565] -465 (0.16)-> [1882304]
[09/22/2018 09:40:46 AM] [2306951] -111 (0.07)-> [479803] -111 (0.09)-> [3221941] -465 (0.18)-> [2134565] -465 (0.44)-> [1882304]
[09/22/2018 09:40:46 AM] [2306951] -468 (0.07)-> [3221941] -465 (0.09)-> [2134565] -465 (0.18)-> [1882304]
[09/22/2018 09:40:46 AM] [2306951] -468 (0.06)-> [5448341] -468 (0.09)-> [2134565] -465 (0.14)-> [1882304]
[09/22/2018 09:40:46 AM] [2306951] -468 (0.06)-> [1028826] -468 (0.08)-> [2134565] -465 (0.13)-> [1882304]
[09/22/2018 09:40:46 AM] [2306951] -468 (0.07)-> [3221941] -465 (0.09)-> [2134565] -465 (0.16)-> [1882304]
[09/22/2018 09:45:39 AM] [1932374] -468 (0.06)-> [5546704] -468 (0.09)-> [1631666] -465 (0.13)-> [1882304]
[09/22/2018 09:45:39 AM] [1932374] -468 (0.05)-> [3376822] -465 (0.07)-> [1068550] -465 (0.11)-> [2134565] -465 (0.21)-> [1882304]
[09/22/2018 09:45:39 AM] [1932374] -468 (0.05)-> [3376822] -465 (0.07)-> [1068550] -465 (0.09)-> [2134565] -465 (0.16)-> [1882304]
[09/22/2018 09:45:39 AM] [1932374] -468 (0.05)-> [3376822] -465 (0.07)-> [1068550] -465 (0.09)-> [2134565] -465 (0.18)-> [1882304]
[09/22/2018 09:45:39 AM] [1932374] -468 (0.05)-> [3376822] -465 (0.07)-> [1068550] -465 (0.09)-> [2134565] -465 (0.16)-> [1882304]
[09/22/2018 09:49:46 AM] [2254632] -468 (0.05)-> [5447900] -27 (0.06)-> [5295834] -27 (0.08)-> [2134565] -465 (0.21)-> [1882304]
[09/22/2018 09:49:46 AM] [2254632] -468 (0.05)-> [2307701] -468 (0.06)-> [5546704] -468 (0.08)-> [1631666] -465 (0.17)-> [1882304]
[09/22/2018 09:49:46 AM] [2254632] -468 (0.05)-> [2307701] -468 (0.06)-> [5546704] -468 (0.09)-> [1631666] -465 (0.13)-> [1882304]
[09/22/2018 09:49:46 AM] [2254632] -468 (0.05)-> [2513612] -468 (0.06)-> [1028826] -468 (0.08)-> [2134565] -465 (0.17)-> [1882304]
[09/22/2018 09:49:46 AM] [2254632] -468 (0.05)-> [2513612] -468 (0.06)-> [1028826] -468 (0.08)-> [2134565] -465 (0.13)-> [1882304]
[09/22/2018 09:53:58 AM] [1596457] -468 (0.06)-> [2306952] -111 (0.07)-> [3221941] -465 (0.12)-> [2134565] -465 (0.2)-> [1882304]
[09/22/2018 09:53:58 AM] [1596457] -468 (0.05)-> [2307701] -468 (0.06)-> [5546704] -468 (0.08)-> [1631666] -465 (0.17)-> [1882304]
[09/22/2018 09:53:58 AM] [1596457] -468 (0.05)-> [2307701] -468 (0.06)-> [5546704] -468 (0.09)-> [1631666] -465 (0.13)-> [1882304]
[09/22/2018 09:53:58 AM] [1596457] -468 (0.05)-> [2513612] -468 (0.06)-> [1028826] -468 (0.08)-> [2134565] -465 (0.17)-> [1882304]
[09/22/2018 09:53:58 AM] [1596457] -468 (0.05)-> [2513612] -468 (0.06)-> [1028826] -468 (0.08)-> [2134565] -465 (0.13)-> [1882304]
[09/22/2018 09:59:21 AM] [2704714] -468 (0.05)-> [2513612] -468 (0.06)-> [1028826] -468 (0.08)-> [2134565] -465 (0.17)-> [1882304]
[09/22/2018 09:59:21 AM] [2704714] -468 (0.05)-> [1665478] -465 (0.06)-> [3221941] -465 (0.08)-> [2134565] -465 (0.15)-> [1882304]
[09/22/2018 09:59:21 AM] [2704714] -468 (0.05)-> [1665478] -465 (0.06)-> [3221941] -465 (0.08)-> [2134565] -465 (0.15)-> [1882304]
[09/22/2018 09:59:21 AM] [2704714] -468 (0.05)-> [1665478] -465 (0.06)-> [3221941] -465 (0.09)-> [2134565] -465 (0.16)-> [1882304]
[09/22/2018 09:59:21 AM] [2704714] -468 (0.05)-> [1665478] -465 (0.06)-> [3221941] -465 (0.09)-> [2134565] -465 (0.16)-> [1882304]
[09/22/2018 10:04:52 AM] [3269303] -468 (0.05)-> [2513612] -468 (0.06)-> [1028826] -468 (0.08)-> [2134565] -465 (0.17)-> [1882304]
[09/22/2018 10:04:53 AM] [3269303] -468 (0.04)-> [1185922] -465 (0.05)-> [2306952] -111 (0.07)-> [3221941] -465 (0.09)-> [2134565] -465 (0.16)-> [1882304]
[09/22/2018 10:04:53 AM] [3269303] -468 (0.04)-> [1185922] -465 (0.05)-> [2306952] -111 (0.07)-> [3221941] -465 (0.09)-> [2134565] -465 (0.16)-> [1882304]
[09/22/2018 10:04:53 AM] [3269303] -468 (0.04)-> [3502561] -27 (0.05)-> [509338] -27 (0.06)-> [2699244] -111 (0.08)-> [2134565] -465 (0.19)-> [1882304]
[09/22/2018 10:04:53 AM] [3269303] -468 (0.04)-> [2307237] -65 (0.05)-> [3886197] -65 (0.2)-> [1882304]
[09/22/2018 10:10:20 AM] [4362186] -468 (0.05)-> [2513612] -468 (0.06)-> [1028826] -468 (0.08)-> [2134565] -465 (0.17)-> [1882304]
[09/22/2018 10:10:20 AM] [4362186] -508 (0.04)-> [4238103] -508 (0.05)-> [3221941] -465 (0.07)-> [2134565] -465 (0.11)-> [1882304]
[09/22/2018 10:10:20 AM] [4362186] -508 (0.04)-> [4238103] -508 (0.05)-> [3221941] -465 (0.09)-> [2134565] -465 (0.16)-> [1882304]
[09/22/2018 10:10:20 AM] [4362186] -508 (0.04)-> [4238103] -508 (0.05)-> [3221941] -465 (0.07)-> [2134565] -465 (0.19)-> [1882304]
[09/22/2018 10:10:20 AM] [4362186] -508 (0.04)-> [4238103] -508 (0.05)-> [3221941] -465 (0.09)-> [2134565] -465 (0.19)-> [1882304]
[09/22/2018 10:14:41 AM] [2053187] -468 (0.04)-> [5521792] -111 (0.05)-> [2241416] -27 (0.07)-> [5295834] -27 (0.13)-> [2134565] -465 (0.18)-> [1882304]
[09/22/2018 10:14:41 AM] [2053187] -468 (0.04)-> [2689221] -65 (0.05)-> [3886197] -65 (0.21)-> [1882304]
[09/22/2018 10:14:41 AM] [2053187] -468 (0.04)-> [2689221] -65 (0.05)-> [3886197] -65 (0.06)-> [1882304]
[09/22/2018 10:14:41 AM] [2053187] -468 (0.04)-> [2689221] -65 (0.05)-> [3886197] -65 (0.2)-> [1882304]
[09/22/2018 10:14:41 AM] [2053187] -468 (0.04)-> [2689221] -65 (0.05)-> [3886197] -65 (0.2)-> [1882304]
[09/22/2018 10:18:55 AM] [2656334] -468 (0.05)-> [4848198] -27 (0.06)-> [5295834] -27 (0.08)-> [2134565] -465 (0.19)-> [1882304]
[09/22/2018 10:18:55 AM] [2656334] -468 (0.04)-> [5111995] -65 (0.05)-> [3886197] -65 (0.21)-> [1882304]
[09/22/2018 10:18:55 AM] [2656334] -468 (0.04)-> [5111995] -65 (0.05)-> [3886197] -65 (0.06)-> [1882304]
[09/22/2018 10:18:55 AM] [2656334] -468 (0.04)-> [5111995] -65 (0.05)-> [3886197] -65 (0.2)-> [1882304]
[09/22/2018 10:18:55 AM] [2656334] -468 (0.04)-> [5111995] -65 (0.05)-> [3886197] -65 (0.2)-> [1882304]
[09/22/2018 10:23:31 AM] [4450187] -580 (0.05)-> [5236501] -580 (0.06)-> [1160705] -580 (0.07)-> [2114720] -580 (0.09)-> [4401767] -27 (0.12)-> [1209553] -27 (0.27)-> [1882304]
[09/22/2018 10:23:31 AM] [4450187] -580 (0.04)-> [1247288] -652 (0.05)-> [5508648] -468 (0.07)-> [5546704] -468 (0.13)-> [1631666] -465 (0.22)-> [1882304]
[09/22/2018 10:23:31 AM] [4450187] -468 (0.04)-> [4309797] -65 (0.05)-> [3886197] -65 (0.2)-> [1882304]
[09/22/2018 10:23:31 AM] [4450187] -468 (0.04)-> [4309797] -65 (0.05)-> [3886197] -65 (0.06)-> [1882304]
[09/22/2018 10:23:31 AM] [4450187] -468 (0.04)-> [4309797] -65 (0.05)-> [3886197] -65 (0.2)-> [1882304]
[09/22/2018 10:27:48 AM] [2034183] -592 (0.04)-> [2689221] -65 (0.05)-> [3886197] -65 (0.18)-> [1882304]
[09/22/2018 10:27:48 AM] [2034183] -32 (0.04)-> [2885700] -65 (0.05)-> [3886197] -65 (0.17)-> [1882304]
[09/22/2018 10:27:48 AM] [2034183] -32 (0.04)-> [2885700] -65 (0.05)-> [3886197] -65 (0.06)-> [1882304]
[09/22/2018 10:27:48 AM] [2034183] -32 (0.04)-> [2885700] -65 (0.05)-> [3886197] -65 (0.2)-> [1882304]
[09/22/2018 10:27:48 AM] [2034183] -32 (0.04)-> [2885700] -65 (0.05)-> [3886197] -65 (0.2)-> [1882304]
[09/22/2018 10:32:11 AM] [847325] -468 (0.05)-> [3294357] -27 (0.06)-> [5295834] -27 (0.08)-> [2134565] -465 (0.17)-> [1882304]
[09/22/2018 10:32:11 AM] [847325] -468 (0.04)-> [1553184] -65 (0.05)-> [3886197] -65 (0.21)-> [1882304]
[09/22/2018 10:32:11 AM] [847325] -468 (0.04)-> [1553184] -65 (0.05)-> [3886197] -65 (0.06)-> [1882304]
[09/22/2018 10:32:11 AM] [847325] -468 (0.04)-> [1553184] -65 (0.05)-> [3886197] -65 (0.2)-> [1882304]
[09/22/2018 10:32:11 AM] [847325] -468 (0.04)-> [1553184] -65 (0.05)-> [3886197] -65 (0.2)-> [1882304]
[09/22/2018 10:36:25 AM] [2044778] -468 (0.04)-> [1553184] -65 (0.05)-> [3886197] -65 (0.21)-> [1882304]
[09/22/2018 10:36:25 AM] [2044778] -32 (0.04)-> [3524236] -65 (0.05)-> [3886197] -65 (0.21)-> [1882304]
[09/22/2018 10:36:25 AM] [2044778] -32 (0.04)-> [3524236] -65 (0.05)-> [3886197] -65 (0.06)-> [1882304]
[09/22/2018 10:36:25 AM] [2044778] -32 (0.04)-> [3524236] -65 (0.05)-> [3886197] -65 (0.2)-> [1882304]
[09/22/2018 10:36:25 AM] [2044778] -32 (0.04)-> [3524236] -65 (0.05)-> [3886197] -65 (0.2)-> [1882304]
[09/22/2018 10:40:41 AM] [752593] -468 (0.05)-> [496796] -27 (0.06)-> [5295834] -27 (0.08)-> [2134565] -465 (0.21)-> [1882304]
[09/22/2018 10:40:41 AM] [752593] -468 (0.04)-> [2616042] -27 (0.05)-> [509338] -27 (0.06)-> [2699244] -111 (0.08)-> [2134565] -465 (0.24)-> [1882304]
[09/22/2018 10:40:41 AM] [752593] -468 (0.04)-> [947409] -65 (0.05)-> [3886197] -65 (0.23)-> [1882304]
[09/22/2018 10:40:41 AM] [752593] -468 (0.04)-> [947409] -65 (0.05)-> [3886197] -65 (0.06)-> [1882304]
[09/22/2018 10:40:41 AM] [752593] -468 (0.04)-> [947409] -65 (0.05)-> [3886197] -65 (0.2)-> [1882304]
