[09/17/2018 17:58:30 PM] Launching relklinker..
[09/17/2018 17:58:30 PM] Dataset: predpath_company_president.csv
[09/17/2018 17:58:30 PM] Output dir: /home/galois/Documents/streamminer/output
[09/17/2018 17:58:30 PM] Read data: (1208, 7) predpath_company_president.csv
[09/17/2018 17:58:30 PM] Note: Found non-NA records: (1208, 7)
[09/17/2018 17:58:36 PM] 
Done!

[09/17/2018 18:18:24 PM] Launching relklinker..
[09/17/2018 18:18:24 PM] Dataset: predpath_company_president.csv
[09/17/2018 18:18:24 PM] Output dir: /home/galois/Documents/streamminer/output
[09/17/2018 18:18:24 PM] Read data: (1208, 7) predpath_company_president.csv
[09/17/2018 18:18:24 PM] Note: Found non-NA records: (1208, 7)
[09/17/2018 18:18:28 PM] 
Done!

[09/17/2018 21:54:10 PM] Launching relklinker..
[09/17/2018 21:54:10 PM] Dataset: predpath_company_president.csv
[09/17/2018 21:54:10 PM] Output dir: /home/galois/Documents/streamminer/output
[09/17/2018 21:54:10 PM] Read data: (1208, 7) predpath_company_president.csv
[09/17/2018 21:54:10 PM] Note: Found non-NA records: (1208, 7)
[09/17/2018 21:54:14 PM] 
Done!

[09/17/2018 22:27:19 PM] Launching relklinker..
[09/17/2018 22:27:19 PM] Dataset: predpath_company_president.csv
[09/17/2018 22:27:19 PM] Output dir: /home/galois/Documents/streamminer/output
[09/17/2018 22:27:19 PM] Read data: (1208, 7) predpath_company_president.csv
[09/17/2018 22:27:19 PM] Note: Found non-NA records: (1208, 7)
[09/17/2018 22:27:19 PM] 
Done!

