[09/22/2018 18:06:01 PM] Launching sm..
[09/22/2018 18:06:01 PM] Dataset: derived_filtered_nationality_train_25facts.csv
[09/22/2018 18:06:01 PM] Output dir: /home/galois/Documents/streamminer/output
[09/22/2018 18:06:01 PM] Read data: (200, 8) derived_filtered_nationality_train_25facts.csv
[09/22/2018 18:06:01 PM] Note: Found non-NA records: (200, 8)
[09/22/2018 18:06:05 PM] Relation is: (404289.0, 394.0, 1036538.0)
[09/22/2018 18:06:08 PM] => Removing predicate 394.0 from KG.


[09/22/2018 18:06:10 PM] Constructing adjacency matrix for: 394.0
[09/22/2018 18:09:21 PM] => Path extraction..(this can take a while)
[09/22/2018 18:11:42 PM] [404289] -659 (0.05)-> [396859] -65 (0.17)-> [1036538]
[09/22/2018 18:11:42 PM] [404289] -391 (0.05)-> [5048942] -140 (0.16)-> [1036538]
[09/22/2018 18:11:42 PM] [404289] -391 (0.05)-> [5048942] -140 (0.07)-> [1036538]
[09/22/2018 18:11:42 PM] [404289] -115 (0.05)-> [1037754] -583 (0.12)-> [3682076] -167 (0.17)-> [1036538]
[09/22/2018 18:11:42 PM] [404289] -45 (0.04)-> [5142634] -283 (0.11)-> [1036538]
[09/22/2018 18:14:14 PM] [404289] -511 (0.04)-> [941090] -167 (0.11)-> [4086347] -65 (0.17)-> [5286709]
[09/22/2018 18:14:14 PM] [404289] -115 (0.04)-> [5290633] -167 (0.1)-> [3791731] -65 (0.14)-> [5286709]
[09/22/2018 18:14:14 PM] [404289] -115 (0.04)-> [5290633] -167 (0.1)-> [3791731] -65 (0.07)-> [5286709]
[09/22/2018 18:14:14 PM] [404289] -65 (0.04)-> [3947386] -511 (0.08)-> [2593591] -65 (0.1)-> [5286709]
[09/22/2018 18:14:14 PM] [404289] -65 (0.04)-> [3947386] -511 (0.08)-> [2593591] -65 (0.07)-> [5286709]
[09/22/2018 18:18:41 PM] [404289] -511 (0.04)-> [1023244] -167 (0.06)-> [3794669] -583 (0.07)-> [2496513]
[09/22/2018 18:18:41 PM] [404289] -65 (0.04)-> [3919281] -167 (0.07)-> [4009585] -65 (0.08)-> [2496513]
[09/22/2018 18:18:41 PM] [404289] -65 (0.04)-> [3919281] -167 (0.07)-> [4009585] -65 (0.07)-> [2496513]
[09/22/2018 18:18:41 PM] [404289] -45 (0.03)-> [4986827] -45 (0.06)-> [5333075] -283 (0.1)-> [2496513]
[09/22/2018 18:18:41 PM] [404289] -480 (0.03)-> [2174879] -410 (0.05)-> [4455484] -583 (0.06)-> [2496513]
[09/22/2018 18:23:15 PM] [404289] -478 (0.03)-> [2968710] -498 (0.05)-> [675374] -498 (0.07)-> [746940] -498 (0.13)-> [3807487]
[09/22/2018 18:23:15 PM] [404289] -480 (0.03)-> [2174879] -410 (0.05)-> [942753] -65 (0.06)-> [3807487]
[09/22/2018 18:23:15 PM] [404289] -480 (0.03)-> [4735240] -410 (0.05)-> [342886] -65 (0.06)-> [3807487]
[09/22/2018 18:23:15 PM] [404289] -480 (0.03)-> [1867499] -410 (0.04)-> [586385] -583 (0.05)-> [3807487]
[09/22/2018 18:23:15 PM] [404289] -480 (0.03)-> [4776839] -410 (0.04)-> [3874115] -583 (0.05)-> [3807487]
[09/22/2018 18:26:15 PM] [408308] -661 (0.05)-> [1656336] -167 (0.16)-> [2060365]
[09/22/2018 18:26:15 PM] [408308] -65 (0.05)-> [5276030] -65 (0.12)-> [741039] -583 (0.14)-> [2060365]
[09/22/2018 18:26:15 PM] [408308] -65 (0.05)-> [5276030] -65 (0.12)-> [741039] -583 (0.08)-> [2060365]
[09/22/2018 18:26:15 PM] [408308] -311 (0.05)-> [962697] -311 (0.13)-> [1188931] -167 (0.23)-> [2060365]
[09/22/2018 18:26:15 PM] [408308] -311 (0.05)-> [962697] -311 (0.13)-> [1188931] -167 (0.07)-> [2060365]
[09/22/2018 18:28:16 PM] [408308] -311 (0.05)-> [4120793] -311 (0.1)-> [2198540] -167 (0.21)-> [4615546]
[09/22/2018 18:28:16 PM] [408308] -293 (0.05)-> [1421870] -167 (0.1)-> [4615546]
[09/22/2018 18:28:16 PM] [408308] -293 (0.05)-> [1421870] -167 (0.08)-> [4615546]
[09/22/2018 18:28:16 PM] [408308] -167 (0.04)-> [4196655] -167 (0.08)-> [2739812] -583 (0.12)-> [4615546]
[09/22/2018 18:28:16 PM] [408308] -167 (0.04)-> [4196655] -167 (0.08)-> [2739812] -583 (0.09)-> [4615546]
[09/22/2018 18:31:31 PM] [408308] -115 (0.04)-> [702527] -65 (0.07)-> [933752] -167 (0.1)-> [5342288]
[09/22/2018 18:31:31 PM] [408308] -115 (0.04)-> [4928881] -167 (0.07)-> [2785073] -65 (0.08)-> [5342288]
[09/22/2018 18:31:31 PM] [408308] -115 (0.04)-> [4928881] -167 (0.07)-> [2785073] -65 (0.09)-> [5342288]
[09/22/2018 18:31:31 PM] [408308] -294 (0.04)-> [5660210] -351 (0.06)-> [2335044] -311 (0.08)-> [417679] -65 (0.15)-> [5342288]
[09/22/2018 18:31:31 PM] [408308] -214 (0.04)-> [4123789] -214 (0.06)-> [2819256] -115 (0.07)-> [5342288]
[09/22/2018 18:36:48 PM] [408308] -115 (0.05)-> [4838664] -583 (0.15)-> [3489057] -583 (0.21)-> [2474864]
[09/22/2018 18:36:48 PM] [408308] -294 (0.04)-> [4347263] -54 (0.09)-> [2953893] -140 (0.13)-> [2474864]
[09/22/2018 18:36:48 PM] [408308] -294 (0.04)-> [4347263] -54 (0.09)-> [2953893] -140 (0.07)-> [2474864]
[09/22/2018 18:36:48 PM] [408308] -294 (0.04)-> [4347263] -54 (0.05)-> [2953893] -140 (0.21)-> [2474864]
[09/22/2018 18:36:48 PM] [408308] -294 (0.04)-> [4347263] -54 (0.05)-> [2953893] -140 (0.07)-> [2474864]
[09/22/2018 18:37:51 PM] [461206] -111 (0.05)-> [4011996] -65 (0.18)-> [5286709]
[09/22/2018 18:37:51 PM] [461206] -27 (0.05)-> [4820022] -140 (0.17)-> [5286709]
[09/22/2018 18:37:51 PM] [461206] -27 (0.05)-> [4820022] -140 (0.06)-> [5286709]
[09/22/2018 18:37:51 PM] [461206] -27 (0.05)-> [4544762] -140 (0.17)-> [5286709]
[09/22/2018 18:37:51 PM] [461206] -27 (0.05)-> [4544762] -140 (0.06)-> [5286709]
[09/22/2018 18:42:02 PM] [461206] -65 (0.04)-> [1746049] -167 (0.07)-> [2030560] -65 (0.1)-> [4811084]
[09/22/2018 18:42:02 PM] [461206] -410 (0.04)-> [1867470] -410 (0.05)-> [4772021] -583 (0.07)-> [4811084]
[09/22/2018 18:42:02 PM] [461206] -410 (0.04)-> [1867470] -410 (0.05)-> [4772021] -583 (0.1)-> [4811084]
[09/22/2018 18:42:02 PM] [461206] -410 (0.04)-> [1867470] -410 (0.07)-> [4772021] -583 (0.21)-> [4811084]
[09/22/2018 18:42:02 PM] [461206] -410 (0.04)-> [1867470] -410 (0.07)-> [4772021] -583 (0.1)-> [4811084]
[09/22/2018 18:46:40 PM] [461206] -178 (0.04)-> [5093246] -659 (0.09)-> [5484330] -140 (0.13)-> [2496513]
[09/22/2018 18:46:40 PM] [461206] -294 (0.04)-> [4871906] -294 (0.07)-> [2623165] -167 (0.1)-> [3640106] -140 (0.17)-> [2496513]
[09/22/2018 18:46:40 PM] [461206] -178 (0.04)-> [5070587] -580 (0.07)-> [472062] -167 (0.14)-> [2496513]
[09/22/2018 18:46:40 PM] [461206] -178 (0.04)-> [5070587] -580 (0.07)-> [472062] -167 (0.07)-> [2496513]
[09/22/2018 18:46:40 PM] [461206] -178 (0.04)-> [5070587] -580 (0.05)-> [472062] -167 (0.11)-> [2496513]
[09/22/2018 18:51:08 PM] [461206] -167 (0.05)-> [795764] -511 (0.11)-> [1964038] -583 (0.17)-> [2060365]
[09/22/2018 18:51:08 PM] [461206] -652 (0.04)-> [1111957] -580 (0.08)-> [1851667] -583 (0.14)-> [2060365]
[09/22/2018 18:51:08 PM] [461206] -652 (0.04)-> [1111957] -580 (0.08)-> [1851667] -583 (0.08)-> [2060365]
[09/22/2018 18:51:08 PM] [461206] -652 (0.04)-> [1111957] -580 (0.05)-> [1851667] -583 (0.15)-> [2060365]
[09/22/2018 18:51:08 PM] [461206] -652 (0.04)-> [1111957] -580 (0.05)-> [1851667] -583 (0.08)-> [2060365]
[09/22/2018 18:53:44 PM] [498960] -65 (0.04)-> [1953732] -65 (0.1)-> [1000768] -167 (0.14)-> [1906664]
[09/22/2018 18:53:44 PM] [498960] -39 (0.04)-> [5538028] -313 (0.13)-> [1906664]
[09/22/2018 18:53:44 PM] [498960] -39 (0.04)-> [5538028] -313 (0.06)-> [1906664]
[09/22/2018 18:53:44 PM] [498960] -65 (0.04)-> [2338923] -65 (0.09)-> [408080] -140 (0.12)-> [1906664]
[09/22/2018 18:53:44 PM] [498960] -39 (0.04)-> [2406110] -313 (0.11)-> [1906664]
[09/22/2018 18:57:15 PM] [498960] -580 (0.04)-> [2671354] -580 (0.06)-> [2198400] -440 (0.09)-> [3141138] -167 (0.17)-> [4928881]
[09/22/2018 18:57:15 PM] [498960] -580 (0.03)-> [4886323] -313 (0.06)-> [2496269] -573 (0.16)-> [4928881]
[09/22/2018 18:57:15 PM] [498960] -580 (0.03)-> [4886323] -313 (0.04)-> [2496269] -573 (0.08)-> [4928881]
[09/22/2018 18:57:15 PM] [498960] -580 (0.03)-> [4886323] -313 (0.04)-> [2496269] -573 (0.08)-> [4928881]
[09/22/2018 18:57:15 PM] [498960] -580 (0.03)-> [4886323] -313 (0.06)-> [2496269] -573 (0.08)-> [4928881]
[09/22/2018 19:02:24 PM] [498960] -250 (0.04)-> [1764852] -250 (0.06)-> [2798938] -283 (0.09)-> [702517]
[09/22/2018 19:02:24 PM] [498960] -65 (0.03)-> [955181] -65 (0.05)-> [4112059] -410 (0.07)-> [3065763] -410 (0.11)-> [1019024] -167 (0.14)-> [702517]
[09/22/2018 19:02:24 PM] [498960] -250 (0.03)-> [1764973] -250 (0.05)-> [5285951] -283 (0.07)-> [702517]
[09/22/2018 19:02:24 PM] [498960] -250 (0.03)-> [1764973] -250 (0.05)-> [5285951] -283 (0.08)-> [702517]
[09/22/2018 19:02:24 PM] [498960] -250 (0.03)-> [1764973] -250 (0.06)-> [5285951] -283 (0.21)-> [702517]
[09/22/2018 19:06:33 PM] [498960] -250 (0.03)-> [1523217] -250 (0.05)-> [1384648] -65 (0.06)-> [2452064]
[09/22/2018 19:06:33 PM] [498960] -250 (0.03)-> [1367090] -250 (0.05)-> [4796941] -283 (0.06)-> [2452064]
[09/22/2018 19:06:33 PM] [498960] -250 (0.03)-> [3783715] -250 (0.04)-> [4954521] -65 (0.06)-> [2452064]
[09/22/2018 19:06:33 PM] [498960] -660 (0.03)-> [454] -660 (0.04)-> [694025] -65 (0.05)-> [2452064]
[09/22/2018 19:06:33 PM] [498960] -480 (0.03)-> [4735421] -410 (0.04)-> [4699878] -583 (0.05)-> [2452064]
[09/22/2018 19:07:34 PM] [566833] -580 (0.05)-> [2283604] -140 (0.2)-> [5287545]
[09/22/2018 19:07:34 PM] [566833] -391 (0.04)-> [5208111] -140 (0.16)-> [5287545]
[09/22/2018 19:07:34 PM] [566833] -391 (0.04)-> [5208111] -140 (0.06)-> [5287545]
[09/22/2018 19:07:34 PM] [566833] -580 (0.04)-> [1905310] -140 (0.16)-> [5287545]
[09/22/2018 19:07:34 PM] [566833] -580 (0.04)-> [1905310] -140 (0.06)-> [5287545]
[09/22/2018 19:13:19 PM] [566833] -115 (0.04)-> [1030167] -573 (0.06)-> [1110876] -659 (0.08)-> [1510918] -573 (0.11)-> [3807487]
[09/22/2018 19:13:19 PM] [566833] -506 (0.03)-> [763907] -27 (0.05)-> [5295110] -27 (0.06)-> [4527672] -65 (0.19)-> [3807487]
[09/22/2018 19:13:19 PM] [566833] -506 (0.03)-> [763907] -27 (0.04)-> [5295110] -27 (0.06)-> [4527672] -65 (0.08)-> [3807487]
[09/22/2018 19:13:19 PM] [566833] -506 (0.03)-> [763907] -27 (0.04)-> [5295110] -27 (0.06)-> [4527672] -65 (0.09)-> [3807487]
[09/22/2018 19:13:19 PM] [566833] -506 (0.03)-> [763907] -27 (0.05)-> [5295110] -27 (0.06)-> [4527672] -65 (0.09)-> [3807487]
[09/22/2018 19:17:27 PM] [566833] -580 (0.04)-> [4963440] -580 (0.07)-> [4988230] -65 (0.15)-> [5241376]
[09/22/2018 19:17:27 PM] [566833] -480 (0.03)-> [5396313] -410 (0.05)-> [3512165] -583 (0.06)-> [5241376]
[09/22/2018 19:17:27 PM] [566833] -480 (0.03)-> [3613765] -480 (0.05)-> [4734535] -583 (0.06)-> [5241376]
[09/22/2018 19:17:27 PM] [566833] -480 (0.03)-> [703290] -410 (0.04)-> [620747] -583 (0.05)-> [5241376]
[09/22/2018 19:17:27 PM] [566833] -480 (0.03)-> [703290] -410 (0.04)-> [620747] -583 (0.09)-> [5241376]
[09/22/2018 19:23:33 PM] [566833] -652 (0.04)-> [995646] -114 (0.07)-> [1184127] -65 (0.17)-> [702517]
[09/22/2018 19:23:33 PM] [566833] -506 (0.04)-> [1164740] -283 (0.06)-> [5594342] -167 (0.07)-> [446057] -583 (0.13)-> [702517]
[09/22/2018 19:23:33 PM] [566833] -506 (0.04)-> [1164740] -283 (0.06)-> [5594342] -167 (0.07)-> [446057] -583 (0.09)-> [702517]
[09/22/2018 19:23:33 PM] [566833] -111 (0.03)-> [2748763] -65 (0.05)-> [5594342] -167 (0.06)-> [446057] -583 (0.11)-> [702517]
[09/22/2018 19:23:33 PM] [566833] -111 (0.03)-> [2748763] -65 (0.05)-> [5594342] -167 (0.06)-> [446057] -583 (0.09)-> [702517]
[09/22/2018 19:26:49 PM] [568749] -132 (0.04)-> [1878513] -140 (0.11)-> [1906664]
[09/22/2018 19:26:49 PM] [568749] -652 (0.04)-> [1619096] -652 (0.09)-> [5519368] -283 (0.18)-> [1906664]
[09/22/2018 19:26:49 PM] [568749] -65 (0.03)-> [2452064] -140 (0.07)-> [3984918] -140 (0.09)-> [1906664]
[09/22/2018 19:26:49 PM] [568749] -480 (0.03)-> [4110879] -410 (0.06)-> [2316040] -583 (0.07)-> [1906664]
[09/22/2018 19:26:49 PM] [568749] -480 (0.03)-> [4110879] -410 (0.06)-> [2316040] -583 (0.08)-> [1906664]
[09/22/2018 19:29:36 PM] [568749] -65 (0.03)-> [2543491] -40 (0.07)-> [2493990] -40 (0.1)-> [5241376]
[09/22/2018 19:29:36 PM] [568749] -480 (0.03)-> [4804413] -480 (0.06)-> [3808981] -65 (0.07)-> [5241376]
[09/22/2018 19:29:36 PM] [568749] -480 (0.03)-> [992905] -410 (0.04)-> [4639757] -583 (0.05)-> [5241376]
[09/22/2018 19:29:36 PM] [568749] -480 (0.03)-> [4311663] -410 (0.05)-> [632452] -65 (0.05)-> [5241376]
[09/22/2018 19:29:36 PM] [568749] -480 (0.03)-> [4776839] -410 (0.05)-> [4775226] -283 (0.05)-> [5241376]
[09/22/2018 19:34:17 PM] [568749] -39 (0.03)-> [4760111] -590 (0.06)-> [1951324] -498 (0.11)-> [2060365]
[09/22/2018 19:34:17 PM] [568749] -478 (0.03)-> [5573573] -590 (0.05)-> [4760111] -590 (0.09)-> [1951324] -498 (0.18)-> [2060365]
[09/22/2018 19:34:17 PM] [568749] -480 (0.03)-> [4776839] -410 (0.04)-> [1943340] -167 (0.05)-> [2060365]
[09/22/2018 19:34:17 PM] [568749] -480 (0.03)-> [4776839] -410 (0.04)-> [1943340] -167 (0.07)-> [2060365]
[09/22/2018 19:34:17 PM] [568749] -550 (0.03)-> [5560344] -313 (0.05)-> [2452213] -583 (0.05)-> [632525] -65 (0.09)-> [2060365]
[09/22/2018 19:38:12 PM] [568749] -550 (0.03)-> [670609] -140 (0.04)-> [4734938] -140 (0.05)-> [977166] -65 (0.08)-> [4811084]
[09/22/2018 19:38:12 PM] [568749] -132 (0.03)-> [1878513] -140 (0.04)-> [1906664] -583 (0.04)-> [1851035] -167 (0.11)-> [4811084]
[09/22/2018 19:38:12 PM] [568749] -132 (0.03)-> [1878513] -140 (0.04)-> [1906664] -583 (0.06)-> [1851035] -167 (0.07)-> [4811084]
[09/22/2018 19:38:12 PM] [568749] -132 (0.03)-> [1878513] -140 (0.04)-> [1906664] -583 (0.04)-> [1851035] -167 (0.09)-> [4811084]
[09/22/2018 19:38:12 PM] [568749] -132 (0.03)-> [1878513] -140 (0.04)-> [1906664] -583 (0.06)-> [1851035] -167 (0.09)-> [4811084]
[09/22/2018 19:39:16 PM] [590498] -65 (0.05)-> [3365029] -140 (0.25)-> [5286709]
[09/22/2018 19:39:16 PM] [590498] -580 (0.05)-> [5601388] -140 (0.16)-> [5286709]
[09/22/2018 19:39:16 PM] [590498] -580 (0.05)-> [5601388] -140 (0.06)-> [5286709]
[09/22/2018 19:39:16 PM] [590498] -580 (0.05)-> [5053799] -140 (0.16)-> [5286709]
[09/22/2018 19:39:16 PM] [590498] -580 (0.05)-> [5053799] -140 (0.06)-> [5286709]
[09/22/2018 19:45:44 PM] [590498] -580 (0.04)-> [5359043] -580 (0.08)-> [2285536] -65 (0.15)-> [702517]
[09/22/2018 19:45:44 PM] [590498] -580 (0.04)-> [291464] -580 (0.06)-> [3470079] -167 (0.14)-> [702517]
[09/22/2018 19:45:44 PM] [590498] -580 (0.04)-> [291464] -580 (0.06)-> [3470079] -167 (0.08)-> [702517]
[09/22/2018 19:45:44 PM] [590498] -580 (0.04)-> [291464] -580 (0.05)-> [3470079] -167 (0.11)-> [702517]
[09/22/2018 19:45:44 PM] [590498] -580 (0.04)-> [291464] -580 (0.05)-> [3470079] -167 (0.08)-> [702517]
[09/22/2018 19:49:26 PM] [590498] -580 (0.04)-> [261260] -580 (0.08)-> [5392160] -65 (0.14)-> [4793233]
[09/22/2018 19:49:26 PM] [590498] -580 (0.04)-> [2271299] -580 (0.07)-> [599119] -65 (0.15)-> [4793233]
[09/22/2018 19:49:26 PM] [590498] -580 (0.04)-> [2271299] -580 (0.07)-> [599119] -65 (0.08)-> [4793233]
[09/22/2018 19:49:26 PM] [590498] -580 (0.04)-> [2271299] -580 (0.05)-> [599119] -65 (0.12)-> [4793233]
[09/22/2018 19:49:26 PM] [590498] -580 (0.04)-> [2271299] -580 (0.05)-> [599119] -65 (0.08)-> [4793233]
[09/22/2018 19:54:49 PM] [590498] -580 (0.04)-> [5076035] -478 (0.07)-> [2489017] -65 (0.16)-> [2449097]
[09/22/2018 19:54:49 PM] [590498] -580 (0.04)-> [5047829] -659 (0.07)-> [1134158] -61 (0.09)-> [4312437] -311 (0.1)-> [4198224] -65 (0.16)-> [2449097]
[09/22/2018 19:54:49 PM] [590498] -580 (0.04)-> [2367804] -478 (0.07)-> [2489017] -65 (0.16)-> [2449097]
[09/22/2018 19:54:49 PM] [590498] -580 (0.04)-> [2367804] -478 (0.07)-> [2489017] -65 (0.07)-> [2449097]
[09/22/2018 19:54:49 PM] [590498] -580 (0.04)-> [2367804] -478 (0.04)-> [2489017] -65 (0.11)-> [2449097]
[09/22/2018 19:56:01 PM] [644297] -592 (0.05)-> [4657996] -167 (0.17)-> [5287545]
[09/22/2018 19:56:01 PM] [644297] -592 (0.05)-> [1931133] -65 (0.16)-> [5287545]
[09/22/2018 19:56:01 PM] [644297] -592 (0.05)-> [1931133] -65 (0.06)-> [5287545]
[09/22/2018 19:56:01 PM] [644297] -580 (0.04)-> [3075319] -140 (0.13)-> [5287545]
[09/22/2018 19:56:01 PM] [644297] -580 (0.04)-> [3075319] -140 (0.06)-> [5287545]
[09/22/2018 20:00:48 PM] [644297] -480 (0.04)-> [2469564] -410 (0.06)-> [5274535] -65 (0.08)-> [3807487]
[09/22/2018 20:00:48 PM] [644297] -580 (0.04)-> [5005327] -580 (0.06)-> [1441713] -65 (0.08)-> [2765243] -140 (0.14)-> [3807487]
[09/22/2018 20:00:48 PM] [644297] -508 (0.03)-> [1084793] -508 (0.05)-> [1358790] -167 (0.06)-> [3807487]
[09/22/2018 20:00:48 PM] [644297] -508 (0.03)-> [1084793] -508 (0.05)-> [1358790] -167 (0.09)-> [3807487]
[09/22/2018 20:00:48 PM] [644297] -592 (0.03)-> [3099044] -508 (0.05)-> [1183622] -460 (0.15)-> [3807487]
[09/22/2018 20:05:21 PM] [644297] -65 (0.04)-> [702517] -583 (0.07)-> [3455929] -583 (0.08)-> [2060365]
[09/22/2018 20:05:21 PM] [644297] -480 (0.04)-> [897936] -410 (0.07)-> [4292313] -65 (0.08)-> [2060365]
[09/22/2018 20:05:21 PM] [644297] -480 (0.04)-> [897936] -410 (0.07)-> [4292313] -65 (0.07)-> [2060365]
[09/22/2018 20:05:21 PM] [644297] -580 (0.04)-> [5200053] -114 (0.07)-> [2783618] -65 (0.15)-> [2060365]
[09/22/2018 20:05:21 PM] [644297] -580 (0.04)-> [5200053] -114 (0.07)-> [2783618] -65 (0.07)-> [2060365]
[09/22/2018 20:10:45 PM] [644297] -27 (0.03)-> [5296005] -615 (0.05)-> [4838626] -615 (0.06)-> [4311055] -140 (0.15)-> [5241376]
[09/22/2018 20:10:45 PM] [644297] -111 (0.03)-> [2901338] -65 (0.05)-> [3218121] -167 (0.05)-> [1482696] -583 (0.15)-> [5241376]
[09/22/2018 20:10:45 PM] [644297] -111 (0.03)-> [2901338] -65 (0.04)-> [3218121] -167 (0.06)-> [1482696] -583 (0.08)-> [5241376]
[09/22/2018 20:10:45 PM] [644297] -111 (0.03)-> [2901338] -65 (0.05)-> [3218121] -167 (0.05)-> [1482696] -583 (0.09)-> [5241376]
[09/22/2018 20:10:45 PM] [644297] -111 (0.03)-> [2901338] -65 (0.04)-> [3218121] -167 (0.06)-> [1482696] -583 (0.09)-> [5241376]
[09/22/2018 20:13:04 PM] [768780] -65 (0.04)-> [4786429] -167 (0.12)-> [4194015] -65 (0.18)-> [5286709]
[09/22/2018 20:13:04 PM] [768780] -65 (0.04)-> [2688451] -65 (0.09)-> [4972337] -583 (0.1)-> [5286709]
[09/22/2018 20:13:04 PM] [768780] -65 (0.04)-> [2688451] -65 (0.09)-> [4972337] -583 (0.07)-> [5286709]
[09/22/2018 20:13:04 PM] [768780] -506 (0.04)-> [2820089] -65 (0.09)-> [872742] -140 (0.18)-> [5286709]
[09/22/2018 20:13:04 PM] [768780] -506 (0.04)-> [2820089] -65 (0.09)-> [872742] -140 (0.06)-> [5286709]
[09/22/2018 20:16:37 PM] [768780] -167 (0.04)-> [3781679] -511 (0.06)-> [3681003] -583 (0.08)-> [5241376]
[09/22/2018 20:16:37 PM] [768780] -167 (0.04)-> [3781413] -65 (0.06)-> [3675532] -583 (0.08)-> [5241376]
[09/22/2018 20:16:37 PM] [768780] -480 (0.03)-> [5396313] -410 (0.05)-> [3512165] -583 (0.06)-> [5241376]
[09/22/2018 20:16:37 PM] [768780] -480 (0.03)-> [4768988] -480 (0.05)-> [2882071] -167 (0.06)-> [5241376]
[09/22/2018 20:16:37 PM] [768780] -480 (0.03)-> [4768988] -480 (0.05)-> [2882071] -167 (0.08)-> [5241376]
