[09/22/2018 16:39:04 PM] Launching sm..
[09/22/2018 16:39:04 PM] Dataset: cross_Movies_vs_Directors.csv
[09/22/2018 16:39:04 PM] Output dir: /home/galois/Documents/streamminer/output
[09/22/2018 16:39:04 PM] Read data: (4680, 8) cross_Movies_vs_Directors.csv
[09/22/2018 16:39:04 PM] Note: Found non-NA records: (4680, 8)
[09/22/2018 16:39:08 PM] Relation is: (271704, 178, 1922571)
[09/22/2018 16:39:15 PM] => Path extraction..(this can take a while)
[09/22/2018 16:43:03 PM] [271704] -652 (0.05)-> [2198015] -192 (0.07)-> [3657574] -652 (0.09)-> [4371531] -652 (0.13)-> [2271263] -478 (0.21)-> [1922571]
[09/22/2018 16:43:03 PM] [271704] -183 (0.05)-> [1904925] -183 (0.07)-> [3089051] -478 (0.1)-> [1922571]
[09/22/2018 16:43:03 PM] [271704] -183 (0.05)-> [1904925] -183 (0.07)-> [3089051] -478 (0.16)-> [1922571]
[09/22/2018 16:43:03 PM] [271704] -183 (0.05)-> [1904925] -183 (0.1)-> [3089051] -478 (0.2)-> [1922571]
[09/22/2018 16:43:03 PM] [271704] -183 (0.05)-> [1904925] -183 (0.1)-> [3089051] -478 (0.16)-> [1922571]
[09/22/2018 16:45:16 PM] [5246538] -652 (0.08)-> [5432394] -652 (0.12)-> [5030793] -478 (0.22)-> [3137484]
[09/22/2018 16:45:16 PM] [5246538] -478 (0.07)-> [2366754] -478 (0.12)-> [4665792] -652 (0.17)-> [3137484]
[09/22/2018 16:45:16 PM] [5246538] -478 (0.07)-> [2366754] -478 (0.12)-> [4665792] -652 (0.17)-> [3137484]
[09/22/2018 16:45:16 PM] [5246538] -580 (0.07)-> [3227342] -580 (0.12)-> [4998658] -652 (0.2)-> [3137484]
[09/22/2018 16:45:16 PM] [5246538] -652 (0.07)-> [2038173] -652 (0.11)-> [4998658] -652 (0.16)-> [3137484]
[09/22/2018 16:47:29 PM] [477261] -652 (0.07)-> [3471057] -652 (0.12)-> [4270499] -478 (0.18)-> [3137484]
[09/22/2018 16:47:29 PM] [477261] -580 (0.07)-> [3227342] -580 (0.12)-> [4998658] -652 (0.2)-> [3137484]
[09/22/2018 16:47:29 PM] [477261] -652 (0.07)-> [1004052] -652 (0.1)-> [4998658] -652 (0.16)-> [3137484]
[09/22/2018 16:47:29 PM] [477261] -652 (0.07)-> [1004052] -652 (0.1)-> [4998658] -652 (0.17)-> [3137484]
[09/22/2018 16:47:29 PM] [477261] -580 (0.07)-> [3227342] -580 (0.12)-> [4998658] -652 (0.17)-> [3137484]
[09/22/2018 16:49:47 PM] [5038724] -478 (0.16)-> [1926685]
[09/22/2018 16:49:47 PM] [5038724] -580 (0.07)-> [1287981] -580 (0.12)-> [871003] -652 (0.18)-> [1926685]
[09/22/2018 16:49:47 PM] [5038724] -580 (0.07)-> [1287981] -580 (0.12)-> [871003] -652 (0.16)-> [1926685]
[09/22/2018 16:49:47 PM] [5038724] -384 (0.07)-> [1089399] -384 (0.11)-> [5079318] -478 (0.2)-> [1926685]
[09/22/2018 16:49:47 PM] [5038724] -114 (0.06)-> [2704909] -114 (0.09)-> [5020896] -652 (0.13)-> [1926685]
[09/22/2018 16:53:39 PM] [1087290] -478 (0.16)-> [1926685]
[09/22/2018 16:53:39 PM] [1087290] -384 (0.05)-> [2733742] -384 (0.07)-> [3892595] -652 (0.1)-> [2250502] -652 (0.12)-> [5038724] -478 (0.21)-> [1926685]
[09/22/2018 16:53:39 PM] [1087290] -384 (0.05)-> [2733742] -384 (0.1)-> [1087290] -478 (0.23)-> [1926685]
[09/22/2018 16:53:39 PM] [1087290] -384 (0.05)-> [2733742] -384 (0.1)-> [1087290] -478 (0.16)-> [1926685]
[09/22/2018 16:53:39 PM] [1087290] -384 (0.05)-> [2733742] -384 (0.07)-> [3892595] -652 (0.1)-> [2250502] -652 (0.12)-> [5038724] -478 (0.16)-> [1926685]
[09/22/2018 16:55:40 PM] [2495295] -478 (0.16)-> [1923036]
[09/22/2018 16:55:40 PM] [2495295] -652 (0.08)-> [4404409] -652 (0.13)-> [507154] -478 (0.19)-> [1923036]
[09/22/2018 16:55:40 PM] [2495295] -478 (0.07)-> [2250670] -478 (0.12)-> [507154] -478 (0.16)-> [1923036]
[09/22/2018 16:55:40 PM] [2495295] -114 (0.07)-> [2777602] -114 (0.11)-> [507154] -478 (0.15)-> [1923036]
[09/22/2018 16:55:40 PM] [2495295] -192 (0.07)-> [2016797] -192 (0.1)-> [957537] -478 (0.15)-> [1923036]
[09/22/2018 16:57:42 PM] [3669342] -478 (0.16)-> [1923036]
[09/22/2018 16:57:42 PM] [3669342] -652 (0.08)-> [4404409] -652 (0.13)-> [507154] -478 (0.19)-> [1923036]
[09/22/2018 16:57:42 PM] [3669342] -114 (0.07)-> [2777602] -114 (0.11)-> [507154] -478 (0.15)-> [1923036]
[09/22/2018 16:57:42 PM] [3669342] -580 (0.07)-> [2611043] -580 (0.11)-> [5599224] -478 (0.16)-> [1923036]
[09/22/2018 16:57:42 PM] [3669342] -192 (0.07)-> [2016797] -192 (0.1)-> [957537] -478 (0.15)-> [1923036]
[09/22/2018 16:59:48 PM] [5053704] -478 (0.14)-> [2706079]
[09/22/2018 16:59:48 PM] [5053704] -652 (0.07)-> [1585378] -652 (0.13)-> [4627895] -478 (0.17)-> [2706079]
[09/22/2018 16:59:48 PM] [5053704] -192 (0.07)-> [2035103] -652 (0.11)-> [5491613] -652 (0.15)-> [2706079]
[09/22/2018 16:59:48 PM] [5053704] -192 (0.07)-> [2035103] -652 (0.11)-> [5491613] -652 (0.14)-> [2706079]
[09/22/2018 16:59:48 PM] [5053704] -652 (0.07)-> [1585378] -652 (0.13)-> [4627895] -478 (0.14)-> [2706079]
[09/22/2018 17:02:20 PM] [5048299] -580 (0.07)-> [2580622] -580 (0.11)-> [5024314] -478 (0.17)-> [2706079]
[09/22/2018 17:02:20 PM] [5048299] -580 (0.06)-> [2297417] -580 (0.1)-> [1899312] -478 (0.14)-> [2706079]
[09/22/2018 17:02:20 PM] [5048299] -384 (0.06)-> [462042] -384 (0.09)-> [5024314] -478 (0.13)-> [2706079]
[09/22/2018 17:02:20 PM] [5048299] -384 (0.06)-> [462042] -384 (0.09)-> [5024314] -478 (0.14)-> [2706079]
[09/22/2018 17:02:20 PM] [5048299] -580 (0.06)-> [2297417] -580 (0.1)-> [1899312] -478 (0.14)-> [2706079]
[09/22/2018 17:04:34 PM] [2365295] -580 (0.06)-> [3459979] -580 (0.11)-> [4377353] -478 (0.16)-> [2706079]
[09/22/2018 17:04:34 PM] [2365295] -580 (0.06)-> [1552544] -391 (0.1)-> [5024314] -478 (0.15)-> [2706079]
[09/22/2018 17:04:34 PM] [2365295] -384 (0.06)-> [462042] -384 (0.09)-> [5024314] -478 (0.13)-> [2706079]
[09/22/2018 17:04:34 PM] [2365295] -183 (0.05)-> [255367] -183 (0.07)-> [4627895] -478 (0.08)-> [2706079]
[09/22/2018 17:04:34 PM] [2365295] -183 (0.05)-> [255367] -183 (0.07)-> [4627895] -478 (0.14)-> [2706079]
[09/22/2018 17:06:41 PM] [5074643] -478 (0.14)-> [2706079]
[09/22/2018 17:06:41 PM] [5074643] -652 (0.07)-> [1927982] -652 (0.13)-> [5057511] -478 (0.2)-> [2706079]
[09/22/2018 17:06:41 PM] [5074643] -652 (0.07)-> [1927982] -652 (0.13)-> [5057511] -478 (0.14)-> [2706079]
[09/22/2018 17:06:41 PM] [5074643] -478 (0.07)-> [3504146] -478 (0.11)-> [5085188] -478 (0.17)-> [2706079]
[09/22/2018 17:06:41 PM] [5074643] -478 (0.07)-> [3504146] -478 (0.11)-> [5085188] -478 (0.14)-> [2706079]
[09/22/2018 17:08:26 PM] [5023341] -478 (0.17)-> [3114757]
[09/22/2018 17:08:26 PM] [5023341] -652 (0.08)-> [5386383] -652 (0.14)-> [3311887] -478 (0.23)-> [3114757]
[09/22/2018 17:08:26 PM] [5023341] -580 (0.07)-> [2476254] -580 (0.11)-> [3692941] -652 (0.17)-> [3114757]
[09/22/2018 17:08:26 PM] [5023341] -580 (0.07)-> [1075236] -580 (0.1)-> [518614] -652 (0.15)-> [3114757]
[09/22/2018 17:08:26 PM] [5023341] -580 (0.07)-> [1075236] -580 (0.1)-> [518614] -652 (0.17)-> [3114757]
[09/22/2018 17:10:11 PM] [2113271] -478 (0.17)-> [3114757]
[09/22/2018 17:10:11 PM] [2113271] -384 (0.07)-> [4393950] -384 (0.12)-> [5025063] -478 (0.17)-> [3114757]
[09/22/2018 17:10:11 PM] [2113271] -192 (0.07)-> [3089458] -192 (0.11)-> [3311887] -478 (0.16)-> [3114757]
[09/22/2018 17:10:11 PM] [2113271] -580 (0.06)-> [860184] -580 (0.09)-> [5025063] -478 (0.12)-> [3114757]
[09/22/2018 17:10:11 PM] [2113271] -580 (0.06)-> [860184] -580 (0.09)-> [5025063] -478 (0.17)-> [3114757]
[09/22/2018 17:12:41 PM] [2118213] -580 (0.05)-> [3128804] -580 (0.07)-> [1876566] -652 (0.08)-> [279696] -652 (0.12)-> [354504] -478 (0.18)-> [5355076]
[09/22/2018 17:12:41 PM] [2118213] -192 (0.05)-> [2216470] -192 (0.07)-> [4306871] -478 (0.08)-> [1566925] -652 (0.12)-> [5047796] -114 (0.2)-> [5355076]
[09/22/2018 17:12:41 PM] [2118213] -192 (0.05)-> [2216470] -192 (0.07)-> [4306871] -478 (0.08)-> [1566925] -652 (0.12)-> [5047796] -114 (0.15)-> [5355076]
[09/22/2018 17:12:41 PM] [2118213] -192 (0.05)-> [2216470] -192 (0.07)-> [4306871] -478 (0.07)-> [1566925] -652 (0.13)-> [5047796] -114 (0.17)-> [5355076]
[09/22/2018 17:12:41 PM] [2118213] -192 (0.05)-> [2216470] -192 (0.07)-> [4306871] -478 (0.07)-> [1566925] -652 (0.13)-> [5047796] -114 (0.15)-> [5355076]
[09/22/2018 17:14:16 PM] [3670509] -384 (0.07)-> [1381140] -384 (0.1)-> [5037909] -478 (0.15)-> [5524098]
[09/22/2018 17:14:16 PM] [3670509] -652 (0.06)-> [2033048] -652 (0.08)-> [5065496] -580 (0.12)-> [3366539] -578 (0.21)-> [5524098]
[09/22/2018 17:14:16 PM] [3670509] -580 (0.05)-> [5438983] -580 (0.07)-> [5080863] -580 (0.1)-> [3366539] -578 (0.15)-> [5524098]
[09/22/2018 17:14:16 PM] [3670509] -114 (0.05)-> [2776408] -114 (0.07)-> [5080863] -580 (0.1)-> [3366539] -578 (0.14)-> [5524098]
[09/22/2018 17:14:16 PM] [3670509] -114 (0.05)-> [2776408] -114 (0.07)-> [5080863] -580 (0.1)-> [3366539] -578 (0.15)-> [5524098]
[09/22/2018 17:16:01 PM] [5025469] -580 (0.07)-> [1950279] -580 (0.1)-> [5037909] -478 (0.15)-> [5524098]
[09/22/2018 17:16:01 PM] [5025469] -192 (0.05)-> [1375874] -192 (0.07)-> [5047827] -580 (0.1)-> [3366539] -578 (0.15)-> [5524098]
[09/22/2018 17:16:01 PM] [5025469] -192 (0.05)-> [1375874] -192 (0.07)-> [5047827] -580 (0.1)-> [3366539] -578 (0.15)-> [5524098]
[09/22/2018 17:16:01 PM] [5025469] -192 (0.05)-> [1375874] -192 (0.07)-> [5047827] -580 (0.09)-> [3366539] -578 (0.19)-> [5524098]
[09/22/2018 17:16:01 PM] [5025469] -192 (0.05)-> [1375874] -192 (0.07)-> [5047827] -580 (0.09)-> [3366539] -578 (0.15)-> [5524098]
[09/22/2018 17:17:24 PM] [801446] -580 (0.07)-> [2375080] -580 (0.11)-> [2365840] -478 (0.19)-> [5524098]
[09/22/2018 17:17:24 PM] [801446] -580 (0.07)-> [1139581] -580 (0.1)-> [5026335] -478 (0.15)-> [5524098]
[09/22/2018 17:17:24 PM] [801446] -580 (0.07)-> [1139581] -580 (0.1)-> [5026335] -478 (0.17)-> [5524098]
[09/22/2018 17:17:24 PM] [801446] -192 (0.05)-> [4276845] -192 (0.07)-> [1320364] -580 (0.1)-> [3366539] -578 (0.15)-> [5524098]
[09/22/2018 17:17:24 PM] [801446] -192 (0.05)-> [4276845] -192 (0.07)-> [1320364] -580 (0.1)-> [3366539] -578 (0.15)-> [5524098]
[09/22/2018 17:20:28 PM] [1075883] -192 (0.05)-> [3957148] -192 (0.07)-> [1959458] -580 (0.1)-> [3151291] -578 (0.15)-> [3521295]
[09/22/2018 17:20:28 PM] [1075883] -478 (0.05)-> [2216434] -478 (0.07)-> [5063272] -580 (0.1)-> [3151291] -578 (0.13)-> [3521295]
[09/22/2018 17:20:28 PM] [1075883] -478 (0.05)-> [2216434] -478 (0.07)-> [5063272] -580 (0.1)-> [3151291] -578 (0.12)-> [3521295]
[09/22/2018 17:20:28 PM] [1075883] -114 (0.05)-> [652405] -114 (0.07)-> [5033351] -580 (0.09)-> [3151291] -578 (0.14)-> [3521295]
[09/22/2018 17:20:28 PM] [1075883] -384 (0.04)-> [3468191] -384 (0.06)-> [1958838] -580 (0.09)-> [3151291] -578 (0.12)-> [3521295]
[09/22/2018 17:22:50 PM] [5060734] -652 (0.16)-> [859075]
[09/22/2018 17:22:50 PM] [5060734] -652 (0.07)-> [1121472] -652 (0.12)-> [5061845] -652 (0.17)-> [859075]
[09/22/2018 17:22:50 PM] [5060734] -192 (0.07)-> [1535534] -192 (0.11)-> [5061845] -652 (0.16)-> [859075]
[09/22/2018 17:22:50 PM] [5060734] -580 (0.07)-> [4300237] -580 (0.1)-> [5061845] -652 (0.15)-> [859075]
[09/22/2018 17:22:50 PM] [5060734] -384 (0.07)-> [3572202] -384 (0.1)-> [5073735] -652 (0.14)-> [859075]
[09/22/2018 17:25:10 PM] [5022124] -652 (0.16)-> [859075]
[09/22/2018 17:25:10 PM] [5022124] -652 (0.08)-> [2400974] -652 (0.13)-> [5073735] -652 (0.19)-> [859075]
[09/22/2018 17:25:10 PM] [5022124] -580 (0.07)-> [2525371] -580 (0.1)-> [5044729] -652 (0.15)-> [859075]
[09/22/2018 17:25:10 PM] [5022124] -114 (0.07)-> [2774012] -114 (0.1)-> [5044729] -652 (0.15)-> [859075]
[09/22/2018 17:25:10 PM] [5022124] -580 (0.07)-> [4700397] -580 (0.1)-> [2478717] -652 (0.15)-> [859075]
[09/22/2018 17:26:42 PM] [5088185] -652 (0.16)-> [2713121]
[09/22/2018 17:26:42 PM] [5088185] -580 (0.08)-> [5437283] -111 (0.16)-> [2713121]
[09/22/2018 17:26:42 PM] [5088185] -580 (0.08)-> [5437283] -111 (0.13)-> [2713121]
[09/22/2018 17:26:42 PM] [5088185] -580 (0.07)-> [2382342] -580 (0.1)-> [5021407] -652 (0.15)-> [2713121]
[09/22/2018 17:26:42 PM] [5088185] -384 (0.06)-> [3468191] -384 (0.09)-> [5021407] -652 (0.12)-> [2713121]
[09/22/2018 17:28:50 PM] [294189] -652 (0.16)-> [2773975]
[09/22/2018 17:28:50 PM] [294189] -580 (0.07)-> [3157002] -580 (0.11)-> [3831323] -652 (0.17)-> [2773975]
[09/22/2018 17:28:50 PM] [294189] -580 (0.07)-> [3157002] -580 (0.11)-> [3831323] -652 (0.16)-> [2773975]
[09/22/2018 17:28:50 PM] [294189] -580 (0.07)-> [2615926] -580 (0.11)-> [4067585] -652 (0.17)-> [2773975]
[09/22/2018 17:28:50 PM] [294189] -580 (0.07)-> [2973650] -580 (0.1)-> [5101077] -478 (0.15)-> [2773975]
[09/22/2018 17:30:42 PM] [476177] -652 (0.16)-> [2773975]
[09/22/2018 17:30:42 PM] [476177] -192 (0.07)-> [754540] -192 (0.1)-> [3831323] -652 (0.15)-> [2773975]
[09/22/2018 17:30:42 PM] [476177] -478 (0.06)-> [1400347] -478 (0.1)-> [3831323] -652 (0.14)-> [2773975]
[09/22/2018 17:30:42 PM] [476177] -114 (0.06)-> [3584252] -114 (0.09)-> [3831323] -652 (0.13)-> [2773975]
[09/22/2018 17:30:42 PM] [476177] -114 (0.06)-> [3584252] -114 (0.09)-> [3831323] -652 (0.16)-> [2773975]
[09/22/2018 17:32:44 PM] [295808] -478 (0.16)-> [2043269]
[09/22/2018 17:32:44 PM] [295808] -192 (0.07)-> [5510660] -192 (0.11)-> [4773592] -478 (0.17)-> [2043269]
[09/22/2018 17:32:44 PM] [295808] -114 (0.07)-> [5502281] -114 (0.1)-> [5049110] -652 (0.15)-> [2043269]
[09/22/2018 17:32:44 PM] [295808] -580 (0.06)-> [4690040] -580 (0.1)-> [5038308] -478 (0.15)-> [2043269]
[09/22/2018 17:32:44 PM] [295808] -580 (0.06)-> [4690040] -580 (0.1)-> [5038308] -478 (0.16)-> [2043269]
[09/22/2018 17:35:48 PM] [2073531] -54 (0.12)-> [2043269]
[09/22/2018 17:35:48 PM] [2073531] -114 (0.07)-> [5502281] -114 (0.1)-> [5049110] -652 (0.15)-> [2043269]
[09/22/2018 17:35:48 PM] [2073531] -114 (0.07)-> [5502281] -114 (0.1)-> [5049110] -652 (0.16)-> [2043269]
[09/22/2018 17:35:48 PM] [2073531] -114 (0.07)-> [5502281] -114 (0.1)-> [5049110] -652 (0.22)-> [2043269]
[09/22/2018 17:35:48 PM] [2073531] -114 (0.07)-> [5502281] -114 (0.1)-> [5049110] -652 (0.16)-> [2043269]
[09/22/2018 17:40:41 PM] [1961549] -580 (0.07)-> [1450162] -580 (0.11)-> [5085255] -478 (0.16)-> [1944581]
[09/22/2018 17:40:41 PM] [1961549] -478 (0.05)-> [977699] -478 (0.07)-> [5053764] -652 (0.08)-> [2489818] -652 (0.12)-> [5085255] -478 (0.19)-> [1944581]
[09/22/2018 17:40:41 PM] [1961549] -580 (0.05)-> [1732922] -580 (0.07)-> [5074726] -652 (0.08)-> [2517640] -652 (0.1)-> [793801] -478 (0.14)-> [1944581]
[09/22/2018 17:40:41 PM] [1961549] -580 (0.05)-> [1732922] -580 (0.07)-> [5074726] -652 (0.08)-> [2517640] -652 (0.1)-> [793801] -478 (0.18)-> [1944581]
[09/22/2018 17:40:41 PM] [1961549] -478 (0.05)-> [977699] -478 (0.07)-> [5053764] -652 (0.08)-> [2489818] -652 (0.12)-> [5085255] -478 (0.18)-> [1944581]
[09/22/2018 17:43:38 PM] [294716] -478 (0.18)-> [1944581]
[09/22/2018 17:43:38 PM] [294716] -580 (0.06)-> [4916852] -580 (0.07)-> [5080900] -652 (0.1)-> [3518448] -652 (0.11)-> [1876229] -478 (0.17)-> [1944581]
[09/22/2018 17:43:38 PM] [294716] -183 (0.05)-> [1261616] -183 (0.06)-> [793801] -478 (0.08)-> [1944581]
[09/22/2018 17:43:38 PM] [294716] -183 (0.05)-> [1261616] -183 (0.06)-> [793801] -478 (0.18)-> [1944581]
[09/22/2018 17:43:38 PM] [294716] -183 (0.05)-> [1261616] -183 (0.11)-> [793801] -478 (0.21)-> [1944581]
[09/22/2018 17:47:21 PM] [3914216] -114 (0.07)-> [912210] -114 (0.11)-> [4803747] -478 (0.17)-> [1670976]
[09/22/2018 17:47:21 PM] [3914216] -192 (0.07)-> [2016979] -192 (0.11)-> [4803747] -478 (0.16)-> [1670976]
[09/22/2018 17:47:21 PM] [3914216] -192 (0.07)-> [2016979] -192 (0.11)-> [4803747] -478 (0.18)-> [1670976]
[09/22/2018 17:47:21 PM] [3914216] -192 (0.07)-> [2016979] -192 (0.11)-> [4803747] -478 (0.24)-> [1670976]
[09/22/2018 17:47:21 PM] [3914216] -192 (0.07)-> [2016979] -192 (0.11)-> [4803747] -478 (0.18)-> [1670976]
[09/22/2018 17:53:11 PM] [3420508] -478 (0.05)-> [2245781] -478 (0.06)-> [5055742] -580 (0.08)-> [5438266] -580 (0.13)-> [361585] -478 (0.21)-> [1459329]
[09/22/2018 17:53:11 PM] [3420508] -652 (0.05)-> [3973811] -652 (0.06)-> [5021692] -580 (0.07)-> [2556969] -580 (0.12)-> [3604472] -478 (0.19)-> [1459329]
[09/22/2018 17:53:11 PM] [3420508] -652 (0.05)-> [3973811] -652 (0.06)-> [5021692] -580 (0.07)-> [2556969] -580 (0.1)-> [3604472] -478 (0.15)-> [1459329]
[09/22/2018 17:53:11 PM] [3420508] -478 (0.04)-> [991150] -580 (0.06)-> [1682034] -580 (0.07)-> [2614778] -580 (0.11)-> [3604472] -478 (0.15)-> [1459329]
[09/22/2018 17:53:11 PM] [3420508] -478 (0.04)-> [991150] -580 (0.06)-> [1682034] -580 (0.07)-> [2614778] -580 (0.11)-> [3604472] -478 (0.16)-> [1459329]
[09/22/2018 17:55:51 PM] [5029407] -192 (0.07)-> [4095803] -192 (0.11)-> [4904028] -652 (0.18)-> [1424344]
[09/22/2018 17:55:51 PM] [5029407] -580 (0.07)-> [419355] -580 (0.1)-> [295592] -652 (0.16)-> [1424344]
[09/22/2018 17:55:51 PM] [5029407] -384 (0.07)-> [3317888] -384 (0.1)-> [5082794] -478 (0.16)-> [1424344]
[09/22/2018 17:55:51 PM] [5029407] -114 (0.07)-> [2524378] -114 (0.1)-> [4904028] -652 (0.16)-> [1424344]
[09/22/2018 17:55:51 PM] [5029407] -384 (0.07)-> [3317888] -384 (0.1)-> [5082794] -478 (0.17)-> [1424344]
[09/22/2018 17:59:40 PM] [3087225] -384 (0.07)-> [3461212] -384 (0.1)-> [295592] -652 (0.14)-> [1424344]
[09/22/2018 17:59:41 PM] [3087225] -114 (0.06)-> [1945218] -114 (0.1)-> [1741947] -192 (0.15)-> [1424344]
[09/22/2018 17:59:41 PM] [3087225] -114 (0.06)-> [1945218] -114 (0.1)-> [1741947] -192 (0.16)-> [1424344]
[09/22/2018 17:59:41 PM] [3087225] -114 (0.06)-> [1945218] -114 (0.1)-> [1741947] -192 (0.22)-> [1424344]
[09/22/2018 17:59:41 PM] [3087225] -114 (0.06)-> [1945218] -114 (0.1)-> [1741947] -192 (0.16)-> [1424344]
[09/22/2018 18:01:36 PM] [2075856] -580 (0.05)-> [2312894] -580 (0.07)-> [2010691] -580 (0.12)-> [2815270] -578 (0.21)-> [5372647]
[09/22/2018 18:01:36 PM] [2075856] -478 (0.05)-> [652754] -478 (0.07)-> [3190340] -580 (0.11)-> [2815270] -578 (0.17)-> [5372647]
[09/22/2018 18:01:36 PM] [2075856] -478 (0.05)-> [652754] -478 (0.07)-> [3190340] -580 (0.08)-> [2815270] -578 (0.15)-> [5372647]
[09/22/2018 18:01:36 PM] [2075856] -478 (0.05)-> [652754] -478 (0.07)-> [3190340] -580 (0.08)-> [2815270] -578 (0.16)-> [5372647]
[09/22/2018 18:01:36 PM] [2075856] -192 (0.05)-> [352827] -192 (0.06)-> [2445865] -580 (0.1)-> [3198184] -111 (0.17)-> [5372647]
[09/22/2018 18:04:50 PM] [2633828] -56 (0.06)-> [3914187] -56 (0.08)-> [3117072] -384 (0.11)-> [5472814] -478 (0.27)-> [4408370]
[09/22/2018 18:04:50 PM] [2633828] -294 (0.03)-> [1196946] -294 (0.04)-> [2027681] -578 (0.05)-> [5344319] -580 (0.06)-> [3229015] -652 (0.07)-> [3651088] -652 (0.1)-> [268178] -192 (0.19)-> [4408370]
[09/22/2018 18:04:50 PM] [2633828] -294 (0.03)-> [2282391] -410 (0.04)-> [657778] -410 (0.04)-> [1696302] -111 (0.06)-> [2821019] -580 (0.09)-> [5082842] -478 (0.22)-> [4408370]
[09/22/2018 18:04:50 PM] [2633828] -480 (0.03)-> [5096448] -410 (0.04)-> [3939159] -384 (0.04)-> [5082842] -478 (0.07)-> [4408370]
[09/22/2018 18:04:50 PM] [2633828] -480 (0.03)-> [5096372] -480 (0.04)-> [1748656] -580 (0.04)-> [5246915] -478 (0.06)-> [4408370]
