[09/18/2018 18:18:50 PM] Launching sm..
[09/18/2018 18:18:50 PM] Dataset: place_of_birth.csv
[09/18/2018 18:18:50 PM] Output dir: /home/alex/Documents/streamminer/output
[09/18/2018 18:18:50 PM] Read data: (1092, 7) place_of_birth.csv
[09/18/2018 18:18:50 PM] Note: Found non-NA records: (1092, 7)
[09/18/2018 18:18:52 PM] PID is: 65, with type: int64
[09/18/2018 18:18:58 PM] => Path extraction..(this can take a while)
[09/18/2018 18:21:54 PM] [2254956] -167 (0.06)-> [3208131] -500 (0.09)-> [1966499]
[09/18/2018 18:21:54 PM] [2254956] -167 (0.04)-> [3059686] -167 (0.05)-> [3629908] -167 (0.06)-> [2148170] -167 (0.11)-> [4914963] -167 (0.15)-> [1966499]
[09/18/2018 18:21:54 PM] [2254956] -167 (0.04)-> [3059686] -167 (0.05)-> [3629908] -167 (0.06)-> [2148170] -167 (0.11)-> [4914963] -660 (0.04)-> [755] -660 (0.06)-> [2692972] -167 (0.06)-> [1966499]
[09/18/2018 18:21:54 PM] [2254956] -167 (0.04)-> [3059686] -167 (0.05)-> [3629908] -167 (0.06)-> [2148170] -167 (0.11)-> [4914963] -250 (0.03)-> [1159988] -250 (0.04)-> [3428139] -167 (0.05)-> [2931251] -661 (0.06)-> [1966499]
[09/18/2018 18:21:54 PM] [2254956] -167 (0.04)-> [3059686] -167 (0.05)-> [3629908] -140 (0.04)-> [2146553] -167 (0.05)-> [1744125] -167 (0.06)-> [3208268] -167 (0.06)-> [4059343] -578 (0.1)-> [2562246] -167 (0.12)-> [1966499]
[09/18/2018 18:29:18 PM] Launching sm..
[09/18/2018 18:29:18 PM] Dataset: place_of_birth.csv
[09/18/2018 18:29:18 PM] Output dir: /home/alex/Documents/streamminer/output
[09/18/2018 18:29:18 PM] Read data: (1092, 7) place_of_birth.csv
[09/18/2018 18:29:18 PM] Note: Found non-NA records: (1092, 7)
[09/18/2018 18:29:19 PM] PID is: 65, with type: int64
[09/18/2018 18:29:23 PM] => Path extraction..(this can take a while)
[09/18/2018 18:32:23 PM] [2254956] -167 (0.06)-> [3208131] -500 (0.09)-> [1966499]
[09/18/2018 18:32:23 PM] [2254956] -167 (0.04)-> [3059686] -167 (0.05)-> [3629908] -167 (0.06)-> [2148170] -167 (0.11)-> [4914963] -167 (0.15)-> [1966499]
[09/18/2018 18:32:23 PM] [2254956] -167 (0.04)-> [3059686] -167 (0.05)-> [3629908] -167 (0.06)-> [2148170] -167 (0.11)-> [4914963] -660 (0.04)-> [755] -660 (0.06)-> [2692972] -167 (0.06)-> [1966499]
[09/18/2018 18:32:23 PM] [2254956] -167 (0.04)-> [3059686] -167 (0.05)-> [3629908] -167 (0.06)-> [2148170] -167 (0.11)-> [4914963] -250 (0.03)-> [1159988] -250 (0.04)-> [3428139] -167 (0.05)-> [2931251] -661 (0.06)-> [1966499]
[09/18/2018 18:32:23 PM] [2254956] -167 (0.04)-> [3059686] -167 (0.05)-> [3629908] -140 (0.04)-> [2146553] -167 (0.05)-> [1744125] -167 (0.06)-> [3208268] -167 (0.06)-> [4059343] -578 (0.1)-> [2562246] -167 (0.12)-> [1966499]
[09/18/2018 18:34:20 PM] [2032128] -140 (0.06)-> [1036538] -140 (0.07)-> [1055674]
[09/18/2018 18:34:20 PM] [2032128] -592 (0.06)-> [2554870] -167 (0.08)-> [3776606] -661 (0.17)-> [1055674]
[09/18/2018 18:34:20 PM] [2032128] -592 (0.06)-> [2554870] -660 (0.04)-> [480] -660 (0.05)-> [2045194] -167 (0.05)-> [1098852] -301 (0.06)-> [1055674]
[09/18/2018 18:34:20 PM] [2032128] -592 (0.06)-> [2554870] -167 (0.08)-> [3776606] -301 (0.12)-> [5357622] -301 (0.24)-> [1055674]
[09/18/2018 18:34:20 PM] [2032128] -592 (0.06)-> [2554870] -167 (0.08)-> [3776606] -301 (0.11)-> [1098852] -301 (0.24)-> [1055674]
[09/18/2018 18:36:18 PM] [1913392] -283 (0.12)-> [2225051]
[09/18/2018 18:36:18 PM] [1913392] -394 (0.05)-> [1705443] -167 (0.06)-> [2029609] -167 (0.07)-> [2225051]
[09/18/2018 18:36:18 PM] [1913392] -394 (0.05)-> [1705443] -167 (0.06)-> [2029609] -660 (0.03)-> [594] -660 (0.04)-> [3819986] -167 (0.05)-> [3973659] -511 (0.06)-> [5510040] -511 (0.07)-> [2225051]
[09/18/2018 18:36:18 PM] [1913392] -283 (0.04)-> [3847545] -511 (0.05)-> [4101247] -194 (0.07)-> [4822326] -194 (0.11)-> [2279952] -511 (0.14)-> [2225051]
[09/18/2018 18:36:18 PM] [1913392] -283 (0.04)-> [3847545] -140 (0.05)-> [5286709] -140 (0.07)-> [2225051]
