[09/17/2018 18:01:57 PM] Launching relklinker..
[09/17/2018 18:01:57 PM] Dataset: predpath_state_capital.csv
[09/17/2018 18:01:57 PM] Output dir: /home/galois/Documents/streamminer/output
[09/17/2018 18:01:57 PM] Read data: (300, 7) predpath_state_capital.csv
[09/17/2018 18:01:57 PM] Note: Found non-NA records: (300, 7)
[09/17/2018 18:02:02 PM] 
Done!

[09/17/2018 18:21:44 PM] Launching relklinker..
[09/17/2018 18:21:44 PM] Dataset: predpath_state_capital.csv
[09/17/2018 18:21:44 PM] Output dir: /home/galois/Documents/streamminer/output
[09/17/2018 18:21:44 PM] Read data: (300, 7) predpath_state_capital.csv
[09/17/2018 18:21:44 PM] Note: Found non-NA records: (300, 7)
[09/17/2018 18:21:49 PM] 
Done!

[09/17/2018 21:57:26 PM] Launching relklinker..
[09/17/2018 21:57:26 PM] Dataset: predpath_state_capital.csv
[09/17/2018 21:57:26 PM] Output dir: /home/galois/Documents/streamminer/output
[09/17/2018 21:57:26 PM] Read data: (300, 7) predpath_state_capital.csv
[09/17/2018 21:57:26 PM] Note: Found non-NA records: (300, 7)
[09/17/2018 21:57:30 PM] 
Done!

