[09/23/2018 10:25:45 AM] Launching sm..
[09/23/2018 10:25:45 AM] Dataset: Player_vs_Team_NBA.csv
[09/23/2018 10:25:45 AM] Output dir: /home/galois/Documents/streamminer/output
[09/23/2018 10:25:45 AM] Read data: (164, 7) Player_vs_Team_NBA.csv
[09/23/2018 10:25:45 AM] Note: Found non-NA records: (164, 7)
[09/23/2018 10:25:45 AM] Reconstructing graph from /home/galois/Documents/streamminer/data/kg/_undir
[09/23/2018 10:25:45 AM] 

[09/23/2018 10:25:46 AM] => Loaded: undir_data.npy
[09/23/2018 10:25:46 AM] 

[09/23/2018 10:25:47 AM] => Loaded: undir_indptr.npy
[09/23/2018 10:25:47 AM] 

[09/23/2018 10:25:48 AM] => Loaded: undir_indices.npy
[09/23/2018 10:25:48 AM] 

[09/23/2018 10:25:48 AM] => Loaded: undir_indeg_vec.npy
[09/23/2018 10:25:48 AM] 

[09/23/2018 10:25:48 AM] => Graph loaded: 3.40 secs.

[09/23/2018 10:25:48 AM] 

[09/23/2018 10:25:49 AM] PID is: 599.0, with type: float64
[09/23/2018 10:25:55 AM] => Path extraction..(this can take a while)
[09/23/2018 10:27:12 AM] SPO: [ 2985653 599 3218267], Score: 0.190507925027, Path (3):
[09/23/2018 10:27:12 AM] [2985653] -462 (0.04)-> [4755814] -462 (0.07)-> [2258376] -189 (0.09)-> [3218267]

[09/23/2018 10:27:12 AM]  
[09/23/2018 10:27:12 AM] SPO: [ 2985653 599 3218267], Score: 0.188005887711, Path (3):
[09/23/2018 10:27:12 AM] [2985653] -462 (0.04)-> [4704367] -462 (0.07)-> [1053615] -189 (0.08)-> [3218267]

[09/23/2018 10:27:12 AM]  
[09/23/2018 10:27:12 AM] SPO: [ 2985653 599 3218267], Score: 0.243046775196, Path (5):
[09/23/2018 10:27:12 AM] [2985653] -462 (0.04)-> [4755814] -462 (0.07)-> [2258376] -660 (0.03)-> [78] -660 (0.05)-> [976548] -189 (0.06)-> [3218267]

[09/23/2018 10:27:12 AM]  
[09/23/2018 10:27:12 AM] SPO: [ 2985653 599 3218267], Score: 0.313586391809, Path (5):
[09/23/2018 10:27:12 AM] [2985653] -462 (0.04)-> [4704367] -462 (0.07)-> [1053615] -123 (0.04)-> [4221453] -123 (0.07)-> [2368189] -189 (0.1)-> [3218267]

[09/23/2018 10:27:12 AM]  
[09/23/2018 10:27:12 AM] SPO: [ 2985653 599 3218267], Score: 0.337498607589, Path (3):
[09/23/2018 10:27:12 AM] [2985653] -462 (0.04)-> [4755814] -462 (0.06)-> [2653165] -189 (0.24)-> [3218267]

[09/23/2018 10:28:02 AM]  
[09/23/2018 10:28:02 AM] SPO: [ 2734002 599 5305646], Score: 0.0732918175248, Path (1):
[09/23/2018 10:28:02 AM] [2734002] -189 (0.07)-> [5305646]

[09/23/2018 10:28:02 AM]  
[09/23/2018 10:28:02 AM] SPO: [ 2734002 599 5305646], Score: 0.114816274885, Path (3):
[09/23/2018 10:28:02 AM] [2734002] -480 (0.03)-> [769522] -480 (0.04)-> [1397869] -189 (0.05)-> [5305646]

[09/23/2018 10:28:02 AM]  
[09/23/2018 10:28:02 AM] SPO: [ 2734002 599 5305646], Score: 0.224350356923, Path (3):
[09/23/2018 10:28:02 AM] [2734002] -480 (0.03)-> [769522] -480 (0.05)-> [3264064] -189 (0.15)-> [5305646]

[09/23/2018 10:28:02 AM]  
[09/23/2018 10:28:02 AM] SPO: [ 2734002 599 5305646], Score: 0.259938661864, Path (5):
[09/23/2018 10:28:02 AM] [2734002] -480 (0.03)-> [769522] -480 (0.04)-> [1397869] -123 (0.04)-> [3229261] -123 (0.06)-> [2128056] -189 (0.1)-> [5305646]

[09/23/2018 10:28:02 AM]  
[09/23/2018 10:28:02 AM] SPO: [ 2734002 599 5305646], Score: 0.205654988379, Path (5):
[09/23/2018 10:28:02 AM] [2734002] -480 (0.03)-> [769522] -480 (0.04)-> [1397869] -65 (0.03)-> [3229234] -65 (0.05)-> [4619312] -189 (0.06)-> [5305646]

[09/23/2018 10:28:58 AM]  
[09/23/2018 10:28:58 AM] SPO: [ 5140024 599 4567127], Score: 0.071812542978, Path (1):
[09/23/2018 10:28:58 AM] [5140024] -189 (0.07)-> [4567127]

[09/23/2018 10:28:58 AM]  
[09/23/2018 10:28:58 AM] SPO: [ 5140024 599 4567127], Score: 0.190496822356, Path (3):
[09/23/2018 10:28:58 AM] [5140024] -329 (0.04)-> [3740468] -601 (0.07)-> [2287973] -601 (0.08)-> [4567127]

[09/23/2018 10:28:58 AM]  
[09/23/2018 10:28:58 AM] SPO: [ 5140024 599 4567127], Score: 0.186048653078, Path (3):
[09/23/2018 10:28:58 AM] [5140024] -462 (0.04)-> [4182344] -462 (0.07)-> [4352166] -189 (0.08)-> [4567127]

[09/23/2018 10:28:58 AM]  
[09/23/2018 10:28:58 AM] SPO: [ 5140024 599 4567127], Score: 0.287196161742, Path (5):
[09/23/2018 10:28:58 AM] [5140024] -462 (0.04)-> [4182344] -462 (0.07)-> [4352166] -462 (0.04)-> [1095182] -462 (0.07)-> [4933590] -189 (0.08)-> [4567127]

[09/23/2018 10:28:58 AM]  
[09/23/2018 10:28:58 AM] SPO: [ 5140024 599 4567127], Score: 0.290564050152, Path (3):
[09/23/2018 10:28:58 AM] [5140024] -329 (0.04)-> [3740468] -329 (0.06)-> [2155641] -121 (0.19)-> [4567127]

[09/23/2018 10:30:24 AM]  
[09/23/2018 10:30:24 AM] SPO: [ 1522148 599 1357357], Score: 0.15147173385, Path (3):
[09/23/2018 10:30:24 AM] [1522148] -189 (0.03)-> [3584723] -121 (0.05)-> [2594378] -189 (0.07)-> [1357357]

[09/23/2018 10:30:24 AM]  
[09/23/2018 10:30:24 AM] SPO: [ 1522148 599 1357357], Score: 0.129684237813, Path (3):
[09/23/2018 10:30:24 AM] [1522148] -65 (0.03)-> [5471367] -65 (0.04)-> [5307598] -189 (0.06)-> [1357357]

[09/23/2018 10:30:24 AM]  
[09/23/2018 10:30:24 AM] SPO: [ 1522148 599 1357357], Score: 0.14092926234, Path (3):
[09/23/2018 10:30:24 AM] [1522148] -189 (0.03)-> [3584723] -660 (0.04)-> [79] -660 (0.07)-> [1357357]

[09/23/2018 10:30:24 AM]  
[09/23/2018 10:30:24 AM] SPO: [ 1522148 599 1357357], Score: 0.229170637246, Path (3):
[09/23/2018 10:30:24 AM] [1522148] -65 (0.03)-> [5471367] -65 (0.05)-> [2957639] -189 (0.15)-> [1357357]

[09/23/2018 10:30:24 AM]  
[09/23/2018 10:30:24 AM] SPO: [ 1522148 599 1357357], Score: 0.258253425456, Path (5):
[09/23/2018 10:30:24 AM] [1522148] -65 (0.03)-> [5471367] -65 (0.04)-> [5307598] -123 (0.03)-> [2450744] -123 (0.06)-> [4859332] -189 (0.1)-> [1357357]

[09/23/2018 10:31:36 AM]  
[09/23/2018 10:31:36 AM] SPO: [ 4319468 599 2450828], Score: 0.0731045847056, Path (1):
[09/23/2018 10:31:36 AM] [4319468] -189 (0.07)-> [2450828]

[09/23/2018 10:31:36 AM]  
[09/23/2018 10:31:36 AM] SPO: [ 4319468 599 2450828], Score: 0.181279173378, Path (3):
[09/23/2018 10:31:36 AM] [4319468] -123 (0.03)-> [5256012] -123 (0.06)-> [4887710] -189 (0.09)-> [2450828]

[09/23/2018 10:31:36 AM]  
[09/23/2018 10:31:36 AM] SPO: [ 4319468 599 2450828], Score: 0.166934747271, Path (3):
[09/23/2018 10:31:36 AM] [4319468] -65 (0.03)-> [4382598] -65 (0.06)-> [4617790] -189 (0.08)-> [2450828]

[09/23/2018 10:31:36 AM]  
[09/23/2018 10:31:36 AM] SPO: [ 4319468 599 2450828], Score: 0.238557441722, Path (3):
[09/23/2018 10:31:36 AM] [4319468] -123 (0.03)-> [5256012] -123 (0.05)-> [4277340] -189 (0.15)-> [2450828]

[09/23/2018 10:31:36 AM]  
[09/23/2018 10:31:36 AM] SPO: [ 4319468 599 2450828], Score: 0.27437615869, Path (5):
[09/23/2018 10:31:36 AM] [4319468] -123 (0.03)-> [5256012] -123 (0.05)-> [4277340] -462 (0.04)-> [4160079] -462 (0.07)-> [5457628] -189 (0.08)-> [2450828]

[09/23/2018 10:33:06 AM]  
[09/23/2018 10:33:06 AM] SPO: [ 2710736 599 917821], Score: 0.0684876588563, Path (1):
[09/23/2018 10:33:06 AM] [2710736] -189 (0.07)-> [917821]

[09/23/2018 10:33:06 AM]  
[09/23/2018 10:33:06 AM] SPO: [ 2710736 599 917821], Score: 0.204609720076, Path (3):
[09/23/2018 10:33:06 AM] [2710736] -123 (0.04)-> [3886384] -123 (0.07)-> [3395467] -189 (0.1)-> [917821]

[09/23/2018 10:33:06 AM]  
[09/23/2018 10:33:06 AM] SPO: [ 2710736 599 917821], Score: 0.274370214472, Path (3):
[09/23/2018 10:33:06 AM] [2710736] -123 (0.04)-> [3886384] -123 (0.05)-> [887285] -189 (0.19)-> [917821]

[09/23/2018 10:33:06 AM]  
[09/23/2018 10:33:06 AM] SPO: [ 2710736 599 917821], Score: 0.296457733551, Path (5):
[09/23/2018 10:33:06 AM] [2710736] -123 (0.04)-> [3886384] -123 (0.07)-> [3395467] -462 (0.04)-> [769614] -462 (0.07)-> [3796026] -189 (0.08)-> [917821]

[09/23/2018 10:33:06 AM]  
[09/23/2018 10:33:06 AM] SPO: [ 2710736 599 917821], Score: 0.302416308018, Path (5):
[09/23/2018 10:33:06 AM] [2710736] -65 (0.03)-> [3420157] -65 (0.04)-> [440068] -121 (0.05)-> [2932568] -121 (0.08)-> [1928825] -189 (0.12)-> [917821]

[09/23/2018 10:34:06 AM]  
[09/23/2018 10:34:06 AM] SPO: [ 5189779 599 4567127], Score: 0.071812542978, Path (1):
[09/23/2018 10:34:06 AM] [5189779] -189 (0.07)-> [4567127]

[09/23/2018 10:34:06 AM]  
[09/23/2018 10:34:06 AM] SPO: [ 5189779 599 4567127], Score: 0.185306690446, Path (3):
[09/23/2018 10:34:06 AM] [5189779] -462 (0.04)-> [4160079] -462 (0.07)-> [1293064] -189 (0.08)-> [4567127]

[09/23/2018 10:34:06 AM]  
[09/23/2018 10:34:06 AM] SPO: [ 5189779 599 4567127], Score: 0.151041385529, Path (3):
[09/23/2018 10:34:06 AM] [5189779] -468 (0.03)-> [288703] -660 (0.04)-> [79] -660 (0.08)-> [4567127]

[09/23/2018 10:34:06 AM]  
[09/23/2018 10:34:06 AM] SPO: [ 5189779 599 4567127], Score: 0.243425429822, Path (4):
[09/23/2018 10:34:06 AM] [5189779] -468 (0.03)-> [288703] -329 (0.04)-> [3037767] -329 (0.07)-> [3197291] -189 (0.11)-> [4567127]

[09/23/2018 10:34:06 AM]  
[09/23/2018 10:34:06 AM] SPO: [ 5189779 599 4567127], Score: 0.231605841488, Path (6):
[09/23/2018 10:34:06 AM] [5189779] -468 (0.03)-> [288703] -329 (0.04)-> [3037767] -329 (0.07)-> [3197291] -394 (0.02)-> [1906664] -65 (0.03)-> [3725346] -189 (0.04)-> [4567127]

[09/23/2018 10:35:17 AM]  
[09/23/2018 10:35:17 AM] SPO: [ 1670176 599 3218267], Score: 0.0691551371972, Path (1):
[09/23/2018 10:35:17 AM] [1670176] -189 (0.07)-> [3218267]

[09/23/2018 10:35:17 AM]  
[09/23/2018 10:35:17 AM] SPO: [ 1670176 599 3218267], Score: 0.36068501687, Path (5):
[09/23/2018 10:35:17 AM] [1670176] -123 (0.03)-> [4628295] -601 (0.04)-> [2944879] -418 (0.05)-> [584900] -431 (0.09)-> [5205802] -601 (0.15)-> [3218267]

[09/23/2018 10:35:17 AM]  
[09/23/2018 10:35:17 AM] SPO: [ 1670176 599 3218267], Score: 0.124122365528, Path (3):
[09/23/2018 10:35:17 AM] [1670176] -65 (0.03)-> [5450691] -65 (0.04)-> [2929903] -189 (0.05)-> [3218267]

[09/23/2018 10:35:17 AM]  
[09/23/2018 10:35:17 AM] SPO: [ 1670176 599 3218267], Score: 0.22263590895, Path (3):
[09/23/2018 10:35:17 AM] [1670176] -65 (0.03)-> [5450691] -65 (0.05)-> [2634558] -189 (0.15)-> [3218267]

[09/23/2018 10:35:17 AM]  
[09/23/2018 10:35:17 AM] SPO: [ 1670176 599 3218267], Score: 0.223485989852, Path (4):
[09/23/2018 10:35:17 AM] [1670176] -123 (0.03)-> [4628295] -123 (0.02)-> [1125158] -65 (0.04)-> [3218121] -339 (0.13)-> [3218267]

[09/23/2018 10:36:09 AM]  
[09/23/2018 10:36:09 AM] SPO: [ 2636226 599 3218267], Score: 0.0691551371972, Path (1):
[09/23/2018 10:36:09 AM] [2636226] -189 (0.07)-> [3218267]

[09/23/2018 10:36:09 AM]  
[09/23/2018 10:36:09 AM] SPO: [ 2636226 599 3218267], Score: 0.227506419464, Path (3):
[09/23/2018 10:36:09 AM] [2636226] -123 (0.04)-> [5473221] -123 (0.07)-> [1621390] -189 (0.12)-> [3218267]

[09/23/2018 10:36:09 AM]  
[09/23/2018 10:36:09 AM] SPO: [ 2636226 599 3218267], Score: 0.108315347703, Path (3):
[09/23/2018 10:36:09 AM] [2636226] -480 (0.02)-> [1243951] -480 (0.04)-> [949612] -189 (0.05)-> [3218267]

[09/23/2018 10:36:09 AM]  
[09/23/2018 10:36:09 AM] SPO: [ 2636226 599 3218267], Score: 0.19457537212, Path (3):
[09/23/2018 10:36:09 AM] [2636226] -480 (0.02)-> [1243951] -480 (0.05)-> [996670] -121 (0.12)-> [3218267]

[09/23/2018 10:36:09 AM]  
[09/23/2018 10:36:09 AM] SPO: [ 2636226 599 3218267], Score: 0.218286119189, Path (3):
[09/23/2018 10:36:09 AM] [2636226] -123 (0.04)-> [5473221] -123 (0.05)-> [1489283] -189 (0.13)-> [3218267]

[09/23/2018 10:38:26 AM]  
[09/23/2018 10:38:26 AM] SPO: [ 2673918 599 1487110], Score: 0.0681202681455, Path (1):
[09/23/2018 10:38:26 AM] [2673918] -189 (0.07)-> [1487110]

[09/23/2018 10:38:26 AM]  
[09/23/2018 10:38:26 AM] SPO: [ 2673918 599 1487110], Score: 0.339498547132, Path (5):
[09/23/2018 10:38:26 AM] [2673918] -123 (0.03)-> [3479198] -123 (0.04)-> [5135581] -329 (0.05)-> [3149086] -329 (0.07)-> [5189427] -189 (0.15)-> [1487110]

[09/23/2018 10:38:26 AM]  
[09/23/2018 10:38:26 AM] SPO: [ 2673918 599 1487110], Score: 0.154194842574, Path (5):
[09/23/2018 10:38:26 AM] [2673918] -123 (0.03)-> [3479198] -123 (0.04)-> [5135581] -394 (0.02)-> [5287545] -394 (0.03)-> [4828603] -121 (0.04)-> [1487110]

[09/23/2018 10:38:26 AM]  
[09/23/2018 10:38:26 AM] SPO: [ 2673918 599 1487110], Score: 0.210505025254, Path (5):
[09/23/2018 10:38:26 AM] [2673918] -65 (0.02)-> [4707103] -65 (0.03)-> [957802] -236 (0.03)-> [1487087] -601 (0.05)-> [4723843] -601 (0.07)-> [1487110]

[09/23/2018 10:38:26 AM]  
[09/23/2018 10:38:26 AM] SPO: [ 2673918 599 1487110], Score: 0.278978275441, Path (7):
[09/23/2018 10:38:26 AM] [2673918] -65 (0.02)-> [4707103] -65 (0.03)-> [957802] -236 (0.03)-> [1487087] -601 (0.05)-> [4723843] -660 (0.03)-> [662] -660 (0.05)-> [1487103] -601 (0.06)-> [1487110]

[09/23/2018 10:39:33 AM]  
[09/23/2018 10:39:33 AM] SPO: [ 5272061 599 3516612], Score: 0.0945567654952, Path (2):
[09/23/2018 10:39:33 AM] [5272061] -65 (0.03)-> [3516497] -339 (0.06)-> [3516612]

[09/23/2018 10:39:33 AM]  
[09/23/2018 10:39:33 AM] SPO: [ 5272061 599 3516612], Score: 0.234898218897, Path (3):
[09/23/2018 10:39:33 AM] [5272061] -65 (0.03)-> [3516497] -339 (0.06)-> [3516549] -601 (0.14)-> [3516612]

[09/23/2018 10:39:33 AM]  
[09/23/2018 10:39:33 AM] SPO: [ 5272061 599 3516612], Score: 0.225673193127, Path (3):
[09/23/2018 10:39:33 AM] [5272061] -65 (0.03)-> [3516497] -339 (0.06)-> [505487] -601 (0.13)-> [3516612]

[09/23/2018 10:39:33 AM]  
[09/23/2018 10:39:33 AM] SPO: [ 5272061 599 3516612], Score: 0.235447079179, Path (5):
[09/23/2018 10:39:33 AM] [5272061] -65 (0.03)-> [3516497] -339 (0.06)-> [505487] -660 (0.03)-> [662] -660 (0.05)-> [3516549] -601 (0.06)-> [3516612]

[09/23/2018 10:39:33 AM]  
[09/23/2018 10:39:33 AM] SPO: [ 5272061 599 3516612], Score: 0.27231739469, Path (5):
[09/23/2018 10:39:33 AM] [5272061] -123 (0.03)-> [1884403] -123 (0.04)-> [1066641] -329 (0.04)-> [743463] -329 (0.07)-> [642896] -189 (0.1)-> [3516612]

[09/23/2018 10:42:23 AM]  
[09/23/2018 10:42:23 AM] SPO: [ 1431155 599 4567127], Score: 0.3767466941, Path (5):
[09/23/2018 10:42:23 AM] [1431155] -123 (0.03)-> [3748948] -123 (0.04)-> [4743373] -329 (0.05)-> [3148940] -329 (0.09)-> [5651172] -189 (0.18)-> [4567127]

[09/23/2018 10:42:23 AM]  
[09/23/2018 10:42:23 AM] SPO: [ 1431155 599 4567127], Score: 0.235878581379, Path (5):
[09/23/2018 10:42:23 AM] [1431155] -65 (0.02)-> [2944974] -661 (0.03)-> [3187717] -661 (0.04)-> [3640344] -65 (0.06)-> [5492355] -189 (0.09)-> [4567127]

[09/23/2018 10:42:23 AM]  
[09/23/2018 10:42:23 AM] SPO: [ 1431155 599 4567127], Score: 0.192672051272, Path (5):
[09/23/2018 10:42:23 AM] [1431155] -65 (0.02)-> [2944974] -661 (0.03)-> [3187717] -661 (0.03)-> [3436140] -65 (0.05)-> [847598] -189 (0.06)-> [4567127]

[09/23/2018 10:42:23 AM]  
[09/23/2018 10:42:23 AM] SPO: [ 1431155 599 4567127], Score: 0.258765654105, Path (7):
[09/23/2018 10:42:23 AM] [1431155] -65 (0.02)-> [2944974] -661 (0.03)-> [3187717] -661 (0.03)-> [3436140] -65 (0.05)-> [847598] -65 (0.03)-> [917573] -65 (0.05)-> [1059235] -189 (0.06)-> [4567127]

[09/23/2018 10:42:23 AM]  
[09/23/2018 10:42:23 AM] SPO: [ 1431155 599 4567127], Score: 0.289525100991, Path (7):
[09/23/2018 10:42:23 AM] [1431155] -123 (0.03)-> [3748948] -123 (0.04)-> [4743373] -65 (0.02)-> [1354392] -65 (0.03)-> [678457] -189 (0.04)-> [4567129] -601 (0.06)-> [290262] -601 (0.08)-> [4567127]

[09/23/2018 10:44:14 AM]  
[09/23/2018 10:44:14 AM] SPO: [ 851870 599 917821], Score: 0.223007000151, Path (3):
[09/23/2018 10:44:14 AM] [851870] -123 (0.04)-> [4568464] -123 (0.07)-> [2016524] -189 (0.11)-> [917821]

[09/23/2018 10:44:14 AM]  
[09/23/2018 10:44:14 AM] SPO: [ 851870 599 917821], Score: 0.127755595684, Path (3):
[09/23/2018 10:44:14 AM] [851870] -189 (0.03)-> [685564] -660 (0.04)-> [79] -660 (0.07)-> [917821]

[09/23/2018 10:44:14 AM]  
[09/23/2018 10:44:14 AM] SPO: [ 851870 599 917821], Score: 0.264946302339, Path (3):
[09/23/2018 10:44:14 AM] [851870] -123 (0.04)-> [4568464] -123 (0.05)-> [3906860] -189 (0.18)-> [917821]

[09/23/2018 10:44:14 AM]  
[09/23/2018 10:44:14 AM] SPO: [ 851870 599 917821], Score: 0.289964307411, Path (5):
[09/23/2018 10:44:14 AM] [851870] -189 (0.03)-> [685564] -660 (0.04)-> [79] -660 (0.04)-> [2932568] -121 (0.08)-> [1928825] -189 (0.11)-> [917821]

[09/23/2018 10:44:14 AM]  
[09/23/2018 10:44:14 AM] SPO: [ 851870 599 917821], Score: 0.36107412566, Path (7):
[09/23/2018 10:44:14 AM] [851870] -189 (0.03)-> [685564] -660 (0.04)-> [79] -660 (0.04)-> [2932568] -121 (0.08)-> [1928825] -123 (0.03)-> [2933055] -123 (0.06)-> [5015323] -189 (0.09)-> [917821]

[09/23/2018 10:45:49 AM]  
[09/23/2018 10:45:49 AM] SPO: [ 4596365 599 917821], Score: 0.0684876588563, Path (1):
[09/23/2018 10:45:49 AM] [4596365] -189 (0.07)-> [917821]

[09/23/2018 10:45:49 AM]  
[09/23/2018 10:45:49 AM] SPO: [ 4596365 599 917821], Score: 0.259764138239, Path (3):
[09/23/2018 10:45:49 AM] [4596365] -123 (0.04)-> [3712313] -123 (0.09)-> [3315793] -189 (0.13)-> [917821]

[09/23/2018 10:45:49 AM]  
[09/23/2018 10:45:49 AM] SPO: [ 4596365 599 917821], Score: 0.114974795257, Path (3):
[09/23/2018 10:45:49 AM] [4596365] -65 (0.03)-> [3781679] -167 (0.04)-> [4405121] -311 (0.05)-> [917821]

[09/23/2018 10:45:49 AM]  
[09/23/2018 10:45:49 AM] SPO: [ 4596365 599 917821], Score: 0.169194972359, Path (5):
[09/23/2018 10:45:49 AM] [4596365] -65 (0.03)-> [3781679] -167 (0.04)-> [4405121] -660 (0.03)-> [502] -660 (0.04)-> [1578086] -195 (0.04)-> [917821]

[09/23/2018 10:45:49 AM]  
[09/23/2018 10:45:49 AM] SPO: [ 4596365 599 917821], Score: 0.271107939725, Path (3):
[09/23/2018 10:45:49 AM] [4596365] -65 (0.03)-> [3781679] -65 (0.05)-> [3125340] -189 (0.19)-> [917821]

[09/23/2018 10:47:12 AM]  
[09/23/2018 10:47:12 AM] SPO: [ 5469125 599 5452049], Score: 0.0692833006245, Path (1):
[09/23/2018 10:47:12 AM] [5469125] -189 (0.07)-> [5452049]

[09/23/2018 10:47:12 AM]  
[09/23/2018 10:47:12 AM] SPO: [ 5469125 599 5452049], Score: 0.236487293417, Path (6):
[09/23/2018 10:47:12 AM] [5469125] -65 (0.02)-> [3229234] -116 (0.03)-> [2933062] -601 (0.03)-> [1952186] -601 (0.04)-> [3707679] -601 (0.05)-> [1250683] -601 (0.06)-> [5452049]

[09/23/2018 10:47:12 AM]  
[09/23/2018 10:47:12 AM] SPO: [ 5469125 599 5452049], Score: 0.303222781976, Path (5):
[09/23/2018 10:47:12 AM] [5469125] -602 (0.02)-> [5469126] -660 (0.03)-> [703] -660 (0.03)-> [4434216] -602 (0.04)-> [4434215] -189 (0.18)-> [5452049]

[09/23/2018 10:47:12 AM]  
[09/23/2018 10:47:12 AM] SPO: [ 5469125 599 5452049], Score: 0.383546804791, Path (8):
[09/23/2018 10:47:12 AM] [5469125] -65 (0.02)-> [3229234] -116 (0.03)-> [2933062] -601 (0.03)-> [1952186] -601 (0.03)-> [3740955] -601 (0.04)-> [3247404] -601 (0.05)-> [3429376] -601 (0.07)-> [1250683] -601 (0.1)-> [5452049]

[09/23/2018 10:47:12 AM]  
[09/23/2018 10:47:12 AM] SPO: [ 5469125 599 5452049], Score: 0.366663521131, Path (7):
[09/23/2018 10:47:12 AM] [5469125] -65 (0.02)-> [3229234] -116 (0.03)-> [2933062] -601 (0.03)-> [1952186] -601 (0.03)-> [3740955] -49 (0.04)-> [3576838] -123 (0.08)-> [5016350] -189 (0.13)-> [5452049]

[09/23/2018 10:49:38 AM]  
[09/23/2018 10:49:38 AM] SPO: [ 1029025 599 2364618], Score: 0.0709806674345, Path (1):
[09/23/2018 10:49:38 AM] [1029025] -189 (0.07)-> [2364618]

[09/23/2018 10:49:38 AM]  
[09/23/2018 10:49:38 AM] SPO: [ 1029025 599 2364618], Score: 0.297891054201, Path (5):
[09/23/2018 10:49:38 AM] [1029025] -123 (0.02)-> [3789441] -123 (0.03)-> [3069554] -189 (0.04)-> [2115741] -601 (0.08)-> [5325395] -601 (0.13)-> [2364618]

[09/23/2018 10:49:38 AM]  
[09/23/2018 10:49:38 AM] SPO: [ 1029025 599 2364618], Score: 0.27378494615, Path (7):
[09/23/2018 10:49:38 AM] [1029025] -65 (0.02)-> [3852031] -65 (0.03)-> [5157700] -462 (0.03)-> [4238820] -462 (0.03)-> [2923561] -236 (0.03)-> [4567079] -601 (0.06)-> [2287973] -601 (0.08)-> [2364618]

[09/23/2018 10:49:38 AM]  
[09/23/2018 10:49:38 AM] SPO: [ 1029025 599 2364618], Score: 0.247566155745, Path (7):
[09/23/2018 10:49:38 AM] [1029025] -65 (0.02)-> [3852031] -65 (0.03)-> [5157700] -660 (0.03)-> [25] -660 (0.03)-> [2923561] -236 (0.04)-> [4567079] -601 (0.05)-> [2287973] -601 (0.05)-> [2364618]

[09/23/2018 10:49:38 AM]  
[09/23/2018 10:49:38 AM] SPO: [ 1029025 599 2364618], Score: 0.302445609142, Path (5):
[09/23/2018 10:49:38 AM] [1029025] -123 (0.02)-> [3789441] -122 (0.03)-> [1174663] -122 (0.04)-> [4814949] -123 (0.06)-> [857911] -189 (0.14)-> [2364618]

[09/23/2018 10:51:28 AM]  
[09/23/2018 10:51:28 AM] SPO: [ 1940481 599 4628461], Score: 0.0735669510738, Path (1):
[09/23/2018 10:51:28 AM] [1940481] -189 (0.07)-> [4628461]

[09/23/2018 10:51:28 AM]  
[09/23/2018 10:51:28 AM] SPO: [ 1940481 599 4628461], Score: 0.139656498524, Path (3):
[09/23/2018 10:51:28 AM] [1940481] -65 (0.03)-> [3584688] -65 (0.05)-> [1053338] -189 (0.06)-> [4628461]

[09/23/2018 10:51:28 AM]  
[09/23/2018 10:51:28 AM] SPO: [ 1940481 599 4628461], Score: 0.369980906696, Path (5):
[09/23/2018 10:51:28 AM] [1940481] -123 (0.03)-> [4790604] -123 (0.04)-> [1864724] -54 (0.05)-> [743463] -329 (0.09)-> [2683830] -189 (0.17)-> [4628461]

[09/23/2018 10:51:28 AM]  
[09/23/2018 10:51:28 AM] SPO: [ 1940481 599 4628461], Score: 0.230854722863, Path (6):
[09/23/2018 10:51:28 AM] [1940481] -123 (0.03)-> [4790604] -123 (0.04)-> [1864724] -54 (0.03)-> [4217675] -339 (0.04)-> [1310880] -236 (0.04)-> [3116669] -236 (0.06)-> [4628461]

[09/23/2018 10:51:28 AM]  
[09/23/2018 10:51:28 AM] SPO: [ 1940481 599 4628461], Score: 0.294240891704, Path (7):
[09/23/2018 10:51:28 AM] [1940481] -123 (0.03)-> [4790604] -123 (0.04)-> [1864724] -54 (0.05)-> [743463] -329 (0.09)-> [2683830] -394 (0.02)-> [1906664] -394 (0.03)-> [3545358] -189 (0.04)-> [4628461]

[09/23/2018 10:53:04 AM]  
[09/23/2018 10:53:04 AM] SPO: [ 494082 599 4119746], Score: 0.0709806674345, Path (1):
[09/23/2018 10:53:04 AM] [494082] -189 (0.07)-> [4119746]

[09/23/2018 10:53:04 AM]  
[09/23/2018 10:53:04 AM] SPO: [ 494082 599 4119746], Score: 0.207104519062, Path (3):
[09/23/2018 10:53:04 AM] [494082] -123 (0.04)-> [3889272] -123 (0.07)-> [4986804] -189 (0.11)-> [4119746]

[09/23/2018 10:53:04 AM]  
[09/23/2018 10:53:04 AM] SPO: [ 494082 599 4119746], Score: 0.239102649256, Path (5):
[09/23/2018 10:53:04 AM] [494082] -65 (0.02)-> [3085657] -167 (0.03)-> [3562579] -462 (0.04)-> [2269316] -462 (0.06)-> [2682315] -189 (0.09)-> [4119746]

[09/23/2018 10:53:04 AM]  
[09/23/2018 10:53:04 AM] SPO: [ 494082 599 4119746], Score: 0.247010178139, Path (5):
[09/23/2018 10:53:04 AM] [494082] -123 (0.04)-> [3889272] -123 (0.07)-> [4986804] -65 (0.03)-> [3889084] -65 (0.05)-> [4445920] -189 (0.07)-> [4119746]

[09/23/2018 10:53:04 AM]  
[09/23/2018 10:53:04 AM] SPO: [ 494082 599 4119746], Score: 0.309434755611, Path (5):
[09/23/2018 10:53:04 AM] [494082] -65 (0.02)-> [3085657] -65 (0.03)-> [1086267] -410 (0.04)-> [3889084] -65 (0.06)-> [4986804] -189 (0.16)-> [4119746]

[09/23/2018 10:54:44 AM]  
[09/23/2018 10:54:44 AM] SPO: [ 3069278 599 917821], Score: 0.0684876588563, Path (1):
[09/23/2018 10:54:44 AM] [3069278] -189 (0.07)-> [917821]

[09/23/2018 10:54:44 AM]  
[09/23/2018 10:54:44 AM] SPO: [ 3069278 599 917821], Score: 0.246873516018, Path (3):
[09/23/2018 10:54:44 AM] [3069278] -123 (0.04)-> [2451038] -123 (0.08)-> [2710894] -189 (0.13)-> [917821]

[09/23/2018 10:54:44 AM]  
[09/23/2018 10:54:44 AM] SPO: [ 3069278 599 917821], Score: 0.277059167687, Path (3):
[09/23/2018 10:54:44 AM] [3069278] -123 (0.04)-> [2451038] -123 (0.05)-> [2635569] -189 (0.19)-> [917821]

[09/23/2018 10:54:44 AM]  
[09/23/2018 10:54:44 AM] SPO: [ 3069278 599 917821], Score: 0.344526591762, Path (5):
[09/23/2018 10:54:44 AM] [3069278] -580 (0.02)-> [3299529] -580 (0.04)-> [3299683] -123 (0.05)-> [3543150] -123 (0.08)-> [4554746] -189 (0.16)-> [917821]

[09/23/2018 10:54:44 AM]  
[09/23/2018 10:54:44 AM] SPO: [ 3069278 599 917821], Score: 0.180195971633, Path (5):
[09/23/2018 10:54:44 AM] [3069278] -580 (0.02)-> [3299529] -660 (0.02)-> [692] -660 (0.04)-> [1214935] -467 (0.04)-> [1452476] -189 (0.05)-> [917821]

[09/23/2018 10:56:12 AM]  
[09/23/2018 10:56:12 AM] SPO: [ 3793584 599 4628461], Score: 0.0735669510738, Path (1):
[09/23/2018 10:56:12 AM] [3793584] -189 (0.07)-> [4628461]

[09/23/2018 10:56:12 AM]  
[09/23/2018 10:56:12 AM] SPO: [ 3793584 599 4628461], Score: 0.188559480791, Path (3):
[09/23/2018 10:56:12 AM] [3793584] -123 (0.03)-> [2880082] -123 (0.06)-> [2482700] -189 (0.09)-> [4628461]

[09/23/2018 10:56:12 AM]  
[09/23/2018 10:56:12 AM] SPO: [ 3793584 599 4628461], Score: 0.235282082457, Path (3):
[09/23/2018 10:56:12 AM] [3793584] -123 (0.03)-> [2880082] -123 (0.05)-> [4595127] -189 (0.15)-> [4628461]

[09/23/2018 10:56:12 AM]  
[09/23/2018 10:56:12 AM] SPO: [ 3793584 599 4628461], Score: 0.204791713928, Path (5):
[09/23/2018 10:56:12 AM] [3793584] -123 (0.03)-> [2880082] -123 (0.05)-> [4595127] -65 (0.03)-> [4793233] -65 (0.04)-> [5391814] -189 (0.05)-> [4628461]

[09/23/2018 10:56:12 AM]  
[09/23/2018 10:56:12 AM] SPO: [ 3793584 599 4628461], Score: 0.282768918337, Path (7):
[09/23/2018 10:56:12 AM] [3793584] -123 (0.03)-> [2880082] -123 (0.05)-> [4595127] -65 (0.03)-> [4490197] -65 (0.03)-> [447060] -236 (0.04)-> [4954583] -601 (0.04)-> [4954560] -601 (0.06)-> [4628461]

[09/23/2018 10:58:55 AM]  
[09/23/2018 10:58:55 AM] SPO: [ 2941718 599 917821], Score: 0.0684876588563, Path (1):
[09/23/2018 10:58:55 AM] [2941718] -189 (0.07)-> [917821]

[09/23/2018 10:58:55 AM]  
[09/23/2018 10:58:55 AM] SPO: [ 2941718 599 917821], Score: 0.268833064041, Path (5):
[09/23/2018 10:58:55 AM] [2941718] -123 (0.03)-> [3590990] -123 (0.04)-> [1261192] -123 (0.05)-> [1260454] -123 (0.06)-> [848723] -189 (0.1)-> [917821]

[09/23/2018 10:58:55 AM]  
[09/23/2018 10:58:55 AM] SPO: [ 2941718 599 917821], Score: 0.259572156778, Path (5):
[09/23/2018 10:58:55 AM] [2941718] -123 (0.03)-> [3590990] -123 (0.04)-> [1261192] -329 (0.03)-> [5241661] -329 (0.06)-> [4641622] -189 (0.1)-> [917821]

[09/23/2018 10:58:55 AM]  
[09/23/2018 10:58:55 AM] SPO: [ 2941718 599 917821], Score: 0.308669506727, Path (5):
[09/23/2018 10:58:55 AM] [2941718] -123 (0.03)-> [3590990] -123 (0.04)-> [1261192] -329 (0.03)-> [5241661] -329 (0.05)-> [3258613] -189 (0.16)-> [917821]

[09/23/2018 10:58:55 AM]  
[09/23/2018 10:58:55 AM] SPO: [ 2941718 599 917821], Score: 0.343413822256, Path (7):
[09/23/2018 10:58:55 AM] [2941718] -123 (0.03)-> [3590990] -123 (0.04)-> [1261192] -329 (0.03)-> [5241661] -329 (0.05)-> [3258613] -123 (0.03)-> [3855090] -123 (0.06)-> [5207658] -189 (0.1)-> [917821]

[09/23/2018 11:00:14 AM]  
[09/23/2018 11:00:14 AM] SPO: [ 2486139 599 1487110], Score: 0.0681202681455, Path (1):
[09/23/2018 11:00:14 AM] [2486139] -189 (0.07)-> [1487110]

[09/23/2018 11:00:14 AM]  
[09/23/2018 11:00:14 AM] SPO: [ 2486139 599 1487110], Score: 0.199214328522, Path (3):
[09/23/2018 11:00:14 AM] [2486139] -123 (0.04)-> [2450744] -123 (0.07)-> [1136615] -189 (0.1)-> [1487110]

[09/23/2018 11:00:14 AM]  
[09/23/2018 11:00:14 AM] SPO: [ 2486139 599 1487110], Score: 0.123001581028, Path (3):
[09/23/2018 11:00:14 AM] [2486139] -65 (0.03)-> [1156552] -65 (0.04)-> [2648441] -189 (0.05)-> [1487110]

[09/23/2018 11:00:14 AM]  
[09/23/2018 11:00:14 AM] SPO: [ 2486139 599 1487110], Score: 0.238484695414, Path (5):
[09/23/2018 11:00:14 AM] [2486139] -123 (0.04)-> [2450744] -123 (0.07)-> [1136615] -65 (0.03)-> [4815673] -65 (0.05)-> [3446588] -189 (0.06)-> [1487110]

[09/23/2018 11:00:14 AM]  
[09/23/2018 11:00:14 AM] SPO: [ 2486139 599 1487110], Score: 0.250654513231, Path (5):
[09/23/2018 11:00:14 AM] [2486139] -65 (0.03)-> [1156552] -65 (0.04)-> [2648441] -123 (0.03)-> [2437264] -123 (0.06)-> [2929722] -189 (0.09)-> [1487110]

[09/23/2018 11:04:18 AM]  
[09/23/2018 11:04:18 AM] SPO: [ 2618836 599 2450828], Score: 0.203763951424, Path (5):
[09/23/2018 11:04:18 AM] [2618836] -65 (0.02)-> [4567000] -339 (0.03)-> [4436033] -431 (0.03)-> [4729777] -410 (0.05)-> [2307912] -311 (0.07)-> [2450828]

[09/23/2018 11:04:18 AM]  
[09/23/2018 11:04:18 AM] SPO: [ 2618836 599 2450828], Score: 0.180416576824, Path (5):
[09/23/2018 11:04:18 AM] [2618836] -65 (0.02)-> [4567000] -339 (0.03)-> [4436033] -431 (0.03)-> [4729777] -339 (0.03)-> [2451118] -339 (0.06)-> [2450828]

[09/23/2018 11:04:18 AM]  
[09/23/2018 11:04:18 AM] SPO: [ 2618836 599 2450828], Score: 0.275694651544, Path (7):
[09/23/2018 11:04:18 AM] [2618836] -65 (0.02)-> [4567000] -339 (0.03)-> [4436033] -660 (0.02)-> [610] -660 (0.03)-> [3678478] -431 (0.04)-> [4729777] -410 (0.06)-> [2307912] -311 (0.07)-> [2450828]

[09/23/2018 11:04:18 AM]  
[09/23/2018 11:04:18 AM] SPO: [ 2618836 599 2450828], Score: 0.31672868229, Path (6):
[09/23/2018 11:04:18 AM] [2618836] -65 (0.02)-> [4567000] -339 (0.03)-> [4436033] -431 (0.03)-> [4729777] -339 (0.03)-> [2451118] -339 (0.06)-> [2450721] -601 (0.13)-> [2450828]

[09/23/2018 11:04:18 AM]  
[09/23/2018 11:04:18 AM] SPO: [ 2618836 599 2450828], Score: 0.313699630228, Path (6):
[09/23/2018 11:04:18 AM] [2618836] -65 (0.02)-> [4567000] -339 (0.03)-> [4436033] -431 (0.03)-> [4729777] -339 (0.03)-> [2451118] -339 (0.06)-> [750032] -601 (0.13)-> [2450828]

[09/23/2018 11:06:42 AM]  
[09/23/2018 11:06:42 AM] SPO: [ 4553008 599 917821], Score: 0.0684876588563, Path (1):
[09/23/2018 11:06:42 AM] [4553008] -189 (0.07)-> [917821]

[09/23/2018 11:06:42 AM]  
[09/23/2018 11:06:42 AM] SPO: [ 4553008 599 917821], Score: 0.382873850688, Path (5):
[09/23/2018 11:06:42 AM] [4553008] -123 (0.03)-> [3845816] -123 (0.04)-> [1546390] -123 (0.05)-> [2880154] -123 (0.09)-> [1735729] -189 (0.18)-> [917821]

[09/23/2018 11:06:42 AM]  
[09/23/2018 11:06:42 AM] SPO: [ 4553008 599 917821], Score: 0.228388883709, Path (5):
[09/23/2018 11:06:42 AM] [4553008] -65 (0.02)-> [5529562] -167 (0.03)-> [4319521] -123 (0.04)-> [1884933] -123 (0.06)-> [5527603] -189 (0.08)-> [917821]

[09/23/2018 11:06:42 AM]  
[09/23/2018 11:06:42 AM] SPO: [ 4553008 599 917821], Score: 0.234207892174, Path (5):
[09/23/2018 11:06:42 AM] [4553008] -123 (0.03)-> [3845816] -123 (0.04)-> [1546390] -65 (0.03)-> [1592231] -65 (0.05)-> [1578086] -195 (0.08)-> [917821]

[09/23/2018 11:06:42 AM]  
[09/23/2018 11:06:42 AM] SPO: [ 4553008 599 917821], Score: 0.313869004146, Path (5):
[09/23/2018 11:06:42 AM] [4553008] -123 (0.03)-> [3845816] -123 (0.03)-> [2631375] -65 (0.04)-> [1138383] -65 (0.05)-> [2829704] -189 (0.17)-> [917821]

[09/23/2018 11:07:28 AM]  
[09/23/2018 11:07:28 AM] SPO: [ 3520968 599 3218267], Score: 0.0691551371972, Path (1):
[09/23/2018 11:07:28 AM] [3520968] -189 (0.07)-> [3218267]

[09/23/2018 11:07:28 AM]  
[09/23/2018 11:07:28 AM] SPO: [ 3520968 599 3218267], Score: 0.216755180072, Path (3):
[09/23/2018 11:07:28 AM] [3520968] -123 (0.04)-> [3779542] -123 (0.07)-> [1549185] -189 (0.11)-> [3218267]

[09/23/2018 11:07:28 AM]  
[09/23/2018 11:07:28 AM] SPO: [ 3520968 599 3218267], Score: 0.0797061825937, Path (2):
[09/23/2018 11:07:28 AM] [3520968] -65 (0.03)-> [3218121] -339 (0.05)-> [3218267]

[09/23/2018 11:07:28 AM]  
[09/23/2018 11:07:28 AM] SPO: [ 3520968 599 3218267], Score: 0.202164061652, Path (3):
[09/23/2018 11:07:28 AM] [3520968] -65 (0.03)-> [3218121] -339 (0.06)-> [3218302] -601 (0.12)-> [3218267]

[09/23/2018 11:07:28 AM]  
[09/23/2018 11:07:28 AM] SPO: [ 3520968 599 3218267], Score: 0.191918496001, Path (3):
[09/23/2018 11:07:28 AM] [3520968] -65 (0.03)-> [3218121] -339 (0.05)-> [4833954] -601 (0.11)-> [3218267]

[09/23/2018 11:08:25 AM]  
[09/23/2018 11:08:25 AM] SPO: [ 2570038 599 3218267], Score: 0.0691551371972, Path (1):
[09/23/2018 11:08:25 AM] [2570038] -189 (0.07)-> [3218267]

[09/23/2018 11:08:25 AM]  
[09/23/2018 11:08:25 AM] SPO: [ 2570038 599 3218267], Score: 0.206915743424, Path (3):
[09/23/2018 11:08:25 AM] [2570038] -462 (0.04)-> [1243963] -462 (0.07)-> [3394865] -189 (0.1)-> [3218267]

[09/23/2018 11:08:25 AM]  
[09/23/2018 11:08:25 AM] SPO: [ 2570038 599 3218267], Score: 0.186015370579, Path (3):
[09/23/2018 11:08:25 AM] [2570038] -123 (0.03)-> [3846117] -123 (0.06)-> [1499655] -189 (0.09)-> [3218267]

[09/23/2018 11:08:25 AM]  
[09/23/2018 11:08:25 AM] SPO: [ 2570038 599 3218267], Score: 0.241493021518, Path (3):
[09/23/2018 11:08:25 AM] [2570038] -123 (0.03)-> [3846117] -123 (0.05)-> [2037717] -189 (0.16)-> [3218267]

[09/23/2018 11:08:25 AM]  
[09/23/2018 11:08:25 AM] SPO: [ 2570038 599 3218267], Score: 0.288597382806, Path (3):
[09/23/2018 11:08:25 AM] [2570038] -462 (0.04)-> [1243963] -462 (0.05)-> [2649008] -189 (0.2)-> [3218267]

[09/23/2018 11:09:35 AM]  
[09/23/2018 11:09:35 AM] SPO: [ 3736393 599 4628461], Score: 0.0735669510738, Path (1):
[09/23/2018 11:09:35 AM] [3736393] -189 (0.07)-> [4628461]

[09/23/2018 11:09:35 AM]  
[09/23/2018 11:09:35 AM] SPO: [ 3736393 599 4628461], Score: 0.205053504968, Path (3):
[09/23/2018 11:09:35 AM] [3736393] -123 (0.04)-> [3707858] -123 (0.07)-> [5175865] -189 (0.1)-> [4628461]

[09/23/2018 11:09:35 AM]  
[09/23/2018 11:09:35 AM] SPO: [ 3736393 599 4628461], Score: 0.152033642743, Path (3):
[09/23/2018 11:09:35 AM] [3736393] -65 (0.03)-> [4275576] -65 (0.05)-> [1388972] -189 (0.07)-> [4628461]

[09/23/2018 11:09:35 AM]  
[09/23/2018 11:09:35 AM] SPO: [ 3736393 599 4628461], Score: 0.298724372979, Path (5):
[09/23/2018 11:09:35 AM] [3736393] -65 (0.03)-> [4275576] -65 (0.05)-> [1388972] -123 (0.04)-> [5428847] -123 (0.07)-> [1177840] -189 (0.11)-> [4628461]

[09/23/2018 11:09:35 AM]  
[09/23/2018 11:09:35 AM] SPO: [ 3736393 599 4628461], Score: 0.364236422402, Path (5):
[09/23/2018 11:09:35 AM] [3736393] -123 (0.04)-> [3707858] -123 (0.03)-> [5216906] -123 (0.05)-> [395223] -123 (0.07)-> [1482120] -189 (0.18)-> [4628461]

[09/23/2018 11:13:15 AM]  
[09/23/2018 11:13:15 AM] SPO: [ 4374354 599 2450828], Score: 0.0731045847056, Path (1):
[09/23/2018 11:13:15 AM] [4374354] -189 (0.07)-> [2450828]

[09/23/2018 11:13:15 AM]  
[09/23/2018 11:13:15 AM] SPO: [ 4374354 599 2450828], Score: 0.461286667673, Path (7):
[09/23/2018 11:13:15 AM] [4374354] -123 (0.02)-> [3385891] -123 (0.03)-> [2510562] -54 (0.04)-> [2212616] -54 (0.05)-> [2004663] -123 (0.06)-> [2471864] -123 (0.09)-> [4625966] -189 (0.17)-> [2450828]

[09/23/2018 11:13:15 AM]  
[09/23/2018 11:13:15 AM] SPO: [ 4374354 599 2450828], Score: 0.256181091457, Path (6):
[09/23/2018 11:13:15 AM] [4374354] -65 (0.02)-> [1656126] -339 (0.03)-> [3146501] -660 (0.03)-> [182] -660 (0.03)-> [2450849] -339 (0.06)-> [2450721] -601 (0.08)-> [2450828]

[09/23/2018 11:13:15 AM]  
[09/23/2018 11:13:15 AM] SPO: [ 4374354 599 2450828], Score: 0.258940206407, Path (8):
[09/23/2018 11:13:15 AM] [4374354] -65 (0.02)-> [1656126] -339 (0.03)-> [3146501] -660 (0.03)-> [182] -660 (0.03)-> [2450849] -339 (0.03)-> [2450592] -339 (0.03)-> [5257355] -339 (0.04)-> [750032] -601 (0.05)-> [2450828]

[09/23/2018 11:13:15 AM]  
[09/23/2018 11:13:15 AM] SPO: [ 4374354 599 2450828], Score: 0.303390412733, Path (8):
[09/23/2018 11:13:15 AM] [4374354] -65 (0.02)-> [1656126] -339 (0.03)-> [3146501] -250 (0.02)-> [1859768] -661 (0.03)-> [412092] -65 (0.03)-> [3467455] -236 (0.03)-> [1209702] -601 (0.04)-> [2450721] -601 (0.1)-> [2450828]

[09/23/2018 11:15:30 AM]  
[09/23/2018 11:15:31 AM] SPO: [ 890343 599 685564], Score: 0.0670245276544, Path (1):
[09/23/2018 11:15:31 AM] [890343] -189 (0.07)-> [685564]

[09/23/2018 11:15:31 AM]  
[09/23/2018 11:15:31 AM] SPO: [ 890343 599 685564], Score: 0.208336131551, Path (3):
[09/23/2018 11:15:31 AM] [890343] -123 (0.04)-> [3038271] -123 (0.07)-> [4479600] -189 (0.1)-> [685564]

[09/23/2018 11:15:31 AM]  
[09/23/2018 11:15:31 AM] SPO: [ 890343 599 685564], Score: 0.225169354063, Path (5):
[09/23/2018 11:15:31 AM] [890343] -65 (0.02)-> [772673] -339 (0.03)-> [3038250] -601 (0.04)-> [3038271] -123 (0.06)-> [4479600] -189 (0.07)-> [685564]

[09/23/2018 11:15:31 AM]  
[09/23/2018 11:15:31 AM] SPO: [ 890343 599 685564], Score: 0.253899643492, Path (3):
[09/23/2018 11:15:31 AM] [890343] -123 (0.04)-> [3038271] -123 (0.05)-> [1499330] -189 (0.17)-> [685564]

[09/23/2018 11:15:31 AM]  
[09/23/2018 11:15:31 AM] SPO: [ 890343 599 685564], Score: 0.352426571622, Path (7):
[09/23/2018 11:15:31 AM] [890343] -123 (0.04)-> [3038271] -123 (0.05)-> [1499330] -123 (0.02)-> [2065511] -615 (0.03)-> [3144464] -615 (0.04)-> [4167323] -123 (0.06)-> [3560810] -121 (0.11)-> [685564]

[09/23/2018 11:16:10 AM]  
[09/23/2018 11:16:10 AM] SPO: [ 2528654 599 4525720], Score: 0.0677184915905, Path (1):
[09/23/2018 11:16:10 AM] [2528654] -189 (0.07)-> [4525720]

[09/23/2018 11:16:10 AM]  
[09/23/2018 11:16:10 AM] SPO: [ 2528654 599 4525720], Score: 0.21770302282, Path (3):
[09/23/2018 11:16:10 AM] [2528654] -123 (0.04)-> [1209536] -123 (0.07)-> [5457851] -189 (0.11)-> [4525720]

[09/23/2018 11:16:10 AM]  
[09/23/2018 11:16:10 AM] SPO: [ 2528654 599 4525720], Score: 0.135552807271, Path (3):
[09/23/2018 11:16:10 AM] [2528654] -65 (0.03)-> [4145550] -65 (0.05)-> [3461924] -189 (0.06)-> [4525720]

[09/23/2018 11:16:10 AM]  
[09/23/2018 11:16:10 AM] SPO: [ 2528654 599 4525720], Score: 0.252718342823, Path (3):
[09/23/2018 11:16:10 AM] [2528654] -65 (0.03)-> [4145550] -65 (0.05)-> [2922481] -189 (0.17)-> [4525720]

[09/23/2018 11:16:10 AM]  
[09/23/2018 11:16:10 AM] SPO: [ 2528654 599 4525720], Score: 0.274728759905, Path (3):
[09/23/2018 11:16:10 AM] [2528654] -123 (0.04)-> [1209536] -123 (0.05)-> [891732] -189 (0.19)-> [4525720]

[09/23/2018 11:19:30 AM]  
[09/23/2018 11:19:30 AM] SPO: [ 392035 599 2115741], Score: 0.0677970562743, Path (1):
[09/23/2018 11:19:30 AM] [392035] -189 (0.07)-> [2115741]

[09/23/2018 11:19:30 AM]  
[09/23/2018 11:19:30 AM] SPO: [ 392035 599 2115741], Score: 0.227698734328, Path (5):
[09/23/2018 11:19:30 AM] [392035] -65 (0.02)-> [3783749] -65 (0.04)-> [5439435] -123 (0.04)-> [1253114] -123 (0.06)-> [348048] -189 (0.07)-> [2115741]

[09/23/2018 11:19:30 AM]  
[09/23/2018 11:19:30 AM] SPO: [ 392035 599 2115741], Score: 0.375094285368, Path (7):
[09/23/2018 11:19:30 AM] [392035] -65 (0.02)-> [3783749] -65 (0.04)-> [5439435] -123 (0.04)-> [1253114] -123 (0.02)-> [1051741] -65 (0.04)-> [960485] -65 (0.04)-> [1181207] -189 (0.17)-> [2115741]

[09/23/2018 11:19:30 AM]  
[09/23/2018 11:19:30 AM] SPO: [ 392035 599 2115741], Score: 0.242625310116, Path (7):
[09/23/2018 11:19:30 AM] [392035] -65 (0.02)-> [3783749] -65 (0.04)-> [5439435] -123 (0.04)-> [1253114] -123 (0.02)-> [1051741] -65 (0.03)-> [3781413] -65 (0.04)-> [3112933] -189 (0.05)-> [2115741]

[09/23/2018 11:19:30 AM]  
[09/23/2018 11:19:30 AM] SPO: [ 392035 599 2115741], Score: 0.360121631853, Path (7):
[09/23/2018 11:19:30 AM] [392035] -65 (0.02)-> [3783749] -65 (0.04)-> [5439435] -123 (0.04)-> [1253114] -123 (0.02)-> [1051741] -65 (0.03)-> [3781413] -65 (0.05)-> [3268972] -189 (0.16)-> [2115741]

[09/23/2018 11:21:33 AM]  
[09/23/2018 11:21:33 AM] SPO: [ 4479739 599 2364618], Score: 0.0709806674345, Path (1):
[09/23/2018 11:21:33 AM] [4479739] -189 (0.07)-> [2364618]

[09/23/2018 11:21:33 AM]  
[09/23/2018 11:21:33 AM] SPO: [ 4479739 599 2364618], Score: 0.202639076804, Path (3):
[09/23/2018 11:21:33 AM] [4479739] -123 (0.04)-> [3543199] -123 (0.07)-> [1303191] -189 (0.1)-> [2364618]

[09/23/2018 11:21:33 AM]  
[09/23/2018 11:21:33 AM] SPO: [ 4479739 599 2364618], Score: 0.338732230229, Path (7):
[09/23/2018 11:21:33 AM] [4479739] -65 (0.02)-> [2225557] -65 (0.03)-> [648726] -462 (0.03)-> [1966976] -462 (0.04)-> [5157253] -236 (0.04)-> [2364523] -601 (0.07)-> [679305] -601 (0.1)-> [2364618]

[09/23/2018 11:21:33 AM]  
[09/23/2018 11:21:33 AM] SPO: [ 4479739 599 2364618], Score: 0.254282078142, Path (7):
[09/23/2018 11:21:33 AM] [4479739] -65 (0.02)-> [2225557] -65 (0.03)-> [648726] -660 (0.02)-> [308] -660 (0.03)-> [5250563] -65 (0.04)-> [2364432] -601 (0.05)-> [679305] -601 (0.06)-> [2364618]

[09/23/2018 11:21:33 AM]  
[09/23/2018 11:21:33 AM] SPO: [ 4479739 599 2364618], Score: 0.197892544945, Path (6):
[09/23/2018 11:21:33 AM] [4479739] -65 (0.02)-> [2225557] -65 (0.03)-> [648726] -660 (0.02)-> [308] -660 (0.03)-> [5250563] -65 (0.03)-> [2364336] -339 (0.06)-> [2364618]

[09/23/2018 11:23:44 AM]  
[09/23/2018 11:23:44 AM] SPO: [ 2825275 599 4110464], Score: 0.315494909357, Path (5):
[09/23/2018 11:23:44 AM] [2825275] -123 (0.03)-> [5258277] -123 (0.04)-> [5187542] -123 (0.05)-> [918181] -123 (0.07)-> [941685] -121 (0.13)-> [4110464]

[09/23/2018 11:23:44 AM]  
[09/23/2018 11:23:44 AM] SPO: [ 2825275 599 4110464], Score: 0.0892701981182, Path (3):
[09/23/2018 11:23:44 AM] [2825275] -480 (0.02)-> [331752] -480 (0.03)-> [5177332] -189 (0.04)-> [4110464]

[09/23/2018 11:23:44 AM]  
[09/23/2018 11:23:44 AM] SPO: [ 2825275 599 4110464], Score: 0.365054112614, Path (5):
[09/23/2018 11:23:44 AM] [2825275] -123 (0.03)-> [5258277] -123 (0.03)-> [1482027] -123 (0.06)-> [5474438] -123 (0.07)-> [1896660] -189 (0.18)-> [4110464]

[09/23/2018 11:23:44 AM]  
[09/23/2018 11:23:44 AM] SPO: [ 2825275 599 4110464], Score: 0.271936662139, Path (5):
[09/23/2018 11:23:44 AM] [2825275] -123 (0.03)-> [5258277] -123 (0.03)-> [1482027] -123 (0.04)-> [4664853] -123 (0.07)-> [2100185] -189 (0.11)-> [4110464]

[09/23/2018 11:23:44 AM]  
[09/23/2018 11:23:44 AM] SPO: [ 2825275 599 4110464], Score: 0.276146970114, Path (5):
[09/23/2018 11:23:44 AM] [2825275] -123 (0.03)-> [5258277] -123 (0.03)-> [1482027] -123 (0.04)-> [4664853] -123 (0.05)-> [4562257] -189 (0.14)-> [4110464]

[09/23/2018 11:25:24 AM]  
[09/23/2018 11:25:24 AM] SPO: [ 3391697 599 5305646], Score: 0.0732918175248, Path (1):
[09/23/2018 11:25:24 AM] [3391697] -189 (0.07)-> [5305646]

[09/23/2018 11:25:24 AM]  
[09/23/2018 11:25:24 AM] SPO: [ 3391697 599 5305646], Score: 0.298056108315, Path (5):
[09/23/2018 11:25:24 AM] [3391697] -65 (0.03)-> [5475996] -65 (0.04)-> [1433643] -236 (0.05)-> [5305615] -601 (0.07)-> [5386111] -601 (0.11)-> [5305646]

[09/23/2018 11:25:24 AM]  
[09/23/2018 11:25:24 AM] SPO: [ 3391697 599 5305646], Score: 0.278200006772, Path (5):
[09/23/2018 11:25:24 AM] [3391697] -123 (0.02)-> [1334978] -660 (0.03)-> [720] -660 (0.03)-> [3235467] -601 (0.04)-> [3235392] -601 (0.15)-> [5305646]

[09/23/2018 11:25:24 AM]  
[09/23/2018 11:25:24 AM] SPO: [ 3391697 599 5305646], Score: 0.356866547292, Path (5):
[09/23/2018 11:25:24 AM] [3391697] -65 (0.03)-> [5475996] -65 (0.03)-> [4970151] -65 (0.04)-> [3209796] -65 (0.05)-> [4670089] -189 (0.2)-> [5305646]

[09/23/2018 11:25:24 AM]  
[09/23/2018 11:25:24 AM] SPO: [ 3391697 599 5305646], Score: 0.312445849573, Path (7):
[09/23/2018 11:25:24 AM] [3391697] -65 (0.03)-> [5475996] -65 (0.03)-> [4970151] -660 (0.02)-> [82] -660 (0.03)-> [3555909] -65 (0.03)-> [3296583] -65 (0.07)-> [1368786] -189 (0.1)-> [5305646]

[09/23/2018 11:26:34 AM]  
[09/23/2018 11:26:34 AM] SPO: [ 4025631 599 2115741], Score: 0.0677970562743, Path (1):
[09/23/2018 11:26:34 AM] [4025631] -189 (0.07)-> [2115741]

[09/23/2018 11:26:34 AM]  
[09/23/2018 11:26:34 AM] SPO: [ 4025631 599 2115741], Score: 0.20911525076, Path (3):
[09/23/2018 11:26:34 AM] [4025631] -123 (0.04)-> [5367912] -123 (0.07)-> [5163384] -189 (0.1)-> [2115741]

[09/23/2018 11:26:34 AM]  
[09/23/2018 11:26:34 AM] SPO: [ 4025631 599 2115741], Score: 0.124615366798, Path (3):
[09/23/2018 11:26:34 AM] [4025631] -65 (0.03)-> [4110444] -339 (0.04)-> [4110466] -601 (0.05)-> [2115741]

[09/23/2018 11:26:34 AM]  
[09/23/2018 11:26:34 AM] SPO: [ 4025631 599 2115741], Score: 0.222581112444, Path (3):
[09/23/2018 11:26:34 AM] [4025631] -65 (0.03)-> [4110444] -167 (0.05)-> [1624667] -311 (0.14)-> [2115741]

[09/23/2018 11:26:34 AM]  
[09/23/2018 11:26:34 AM] SPO: [ 4025631 599 2115741], Score: 0.24853531159, Path (3):
[09/23/2018 11:26:34 AM] [4025631] -123 (0.04)-> [5367912] -123 (0.05)-> [890774] -189 (0.16)-> [2115741]

[09/23/2018 11:28:38 AM]  
[09/23/2018 11:28:38 AM] SPO: [ 5528006 599 3782014], Score: 0.0682173528058, Path (1):
[09/23/2018 11:28:38 AM] [5528006] -189 (0.07)-> [3782014]

[09/23/2018 11:28:38 AM]  
[09/23/2018 11:28:38 AM] SPO: [ 5528006 599 3782014], Score: 0.321269207433, Path (5):
[09/23/2018 11:28:38 AM] [5528006] -123 (0.02)-> [2139301] -123 (0.03)-> [4352459] -189 (0.04)-> [917821] -311 (0.08)-> [402012] -311 (0.15)-> [3782014]

[09/23/2018 11:28:38 AM]  
[09/23/2018 11:28:38 AM] SPO: [ 5528006 599 3782014], Score: 0.254198319959, Path (5):
[09/23/2018 11:28:38 AM] [5528006] -65 (0.02)-> [3156300] -167 (0.03)-> [4278374] -27 (0.03)-> [1261707] -194 (0.06)-> [402012] -311 (0.11)-> [3782014]

[09/23/2018 11:28:38 AM]  
[09/23/2018 11:28:38 AM] SPO: [ 5528006 599 3782014], Score: 0.286835091881, Path (5):
[09/23/2018 11:28:38 AM] [5528006] -123 (0.02)-> [2139301] -123 (0.02)-> [1126149] -65 (0.04)-> [685424] -65 (0.04)-> [5434249] -189 (0.16)-> [3782014]

[09/23/2018 11:28:38 AM]  
[09/23/2018 11:28:38 AM] SPO: [ 5528006 599 3782014], Score: 0.174976161545, Path (5):
[09/23/2018 11:28:38 AM] [5528006] -123 (0.02)-> [2139301] -123 (0.02)-> [1126149] -65 (0.03)-> [2049937] -65 (0.04)-> [2758042] -189 (0.06)-> [3782014]

[09/23/2018 11:31:39 AM]  
[09/23/2018 11:31:39 AM] SPO: [ 846737 599 3782014], Score: 0.286517316618, Path (3):
[09/23/2018 11:31:39 AM] [846737] -65 (0.04)-> [1321700] -65 (0.09)-> [846745] -189 (0.15)-> [3782014]

[09/23/2018 11:31:39 AM]  
[09/23/2018 11:31:39 AM] SPO: [ 846737 599 3782014], Score: 0.413576638914, Path (7):
[09/23/2018 11:31:39 AM] [846737] -65 (0.04)-> [1321700] -65 (0.03)-> [1364138] -462 (0.03)-> [1454457] -462 (0.04)-> [419346] -236 (0.05)-> [3782016] -601 (0.06)-> [3295911] -601 (0.16)-> [3782014]

[09/23/2018 11:31:39 AM]  
[09/23/2018 11:31:39 AM] SPO: [ 846737 599 3782014], Score: 0.322528056263, Path (7):
[09/23/2018 11:31:39 AM] [846737] -65 (0.04)-> [1321700] -65 (0.03)-> [1364138] -236 (0.03)-> [4145708] -236 (0.04)-> [2152857] -236 (0.05)-> [3782016] -601 (0.06)-> [3295911] -601 (0.08)-> [3782014]

[09/23/2018 11:31:39 AM]  
[09/23/2018 11:31:39 AM] SPO: [ 846737 599 3782014], Score: 0.374507679218, Path (9):
[09/23/2018 11:31:39 AM] [846737] -65 (0.04)-> [1321700] -65 (0.03)-> [1364138] -462 (0.03)-> [1454457] -462 (0.04)-> [419346] -236 (0.03)-> [5451444] -236 (0.03)-> [4012673] -236 (0.04)-> [5196657] -601 (0.06)-> [3295911] -601 (0.08)-> [3782014]

[09/23/2018 11:31:39 AM]  
[09/23/2018 11:31:39 AM] SPO: [ 846737 599 3782014], Score: 0.419019077633, Path (5):
[09/23/2018 11:31:39 AM] [846737] -50 (0.02)-> [5067131] -660 (0.03)-> [99] -660 (0.04)-> [5057754] -50 (0.05)-> [4108854] -189 (0.28)-> [3782014]

[09/23/2018 11:34:01 AM]  
[09/23/2018 11:34:01 AM] SPO: [ 5163211 599 1156689], Score: 0.0702480697809, Path (1):
[09/23/2018 11:34:01 AM] [5163211] -189 (0.07)-> [1156689]

[09/23/2018 11:34:01 AM]  
[09/23/2018 11:34:01 AM] SPO: [ 5163211 599 1156689], Score: 0.20486355826, Path (3):
[09/23/2018 11:34:01 AM] [5163211] -123 (0.03)-> [5001236] -123 (0.06)-> [5191475] -189 (0.11)-> [1156689]

[09/23/2018 11:34:01 AM]  
[09/23/2018 11:34:01 AM] SPO: [ 5163211 599 1156689], Score: 0.200461596323, Path (5):
[09/23/2018 11:34:01 AM] [5163211] -65 (0.02)-> [1230655] -65 (0.03)-> [5495712] -123 (0.04)-> [4538305] -123 (0.05)-> [3841692] -189 (0.06)-> [1156689]

[09/23/2018 11:34:01 AM]  
[09/23/2018 11:34:01 AM] SPO: [ 5163211 599 1156689], Score: 0.299430970895, Path (5):
[09/23/2018 11:34:01 AM] [5163211] -65 (0.02)-> [1230655] -65 (0.03)-> [5495712] -123 (0.04)-> [3516677] -123 (0.08)-> [4286597] -189 (0.13)-> [1156689]

[09/23/2018 11:34:01 AM]  
[09/23/2018 11:34:01 AM] SPO: [ 5163211 599 1156689], Score: 0.31414158334, Path (7):
[09/23/2018 11:34:01 AM] [5163211] -123 (0.03)-> [5001236] -123 (0.06)-> [5191475] -65 (0.02)-> [1138383] -65 (0.03)-> [2927170] -329 (0.04)-> [685902] -54 (0.05)-> [2603105] -189 (0.07)-> [1156689]

[09/23/2018 11:36:31 AM]  
[09/23/2018 11:36:31 AM] SPO: [ 482030 599 2364618], Score: 0.0709806674345, Path (1):
[09/23/2018 11:36:31 AM] [482030] -189 (0.07)-> [2364618]

[09/23/2018 11:36:31 AM]  
[09/23/2018 11:36:32 AM] SPO: [ 482030 599 2364618], Score: 0.234479878496, Path (5):
[09/23/2018 11:36:32 AM] [482030] -65 (0.02)-> [3678471] -65 (0.03)-> [3506273] -123 (0.04)-> [4937271] -123 (0.06)-> [2916128] -189 (0.09)-> [2364618]

[09/23/2018 11:36:32 AM]  
[09/23/2018 11:36:32 AM] SPO: [ 482030 599 2364618], Score: 0.277580197644, Path (5):
[09/23/2018 11:36:32 AM] [482030] -65 (0.02)-> [3678471] -65 (0.03)-> [2601832] -189 (0.04)-> [3218180] -601 (0.05)-> [5325395] -601 (0.14)-> [2364618]

[09/23/2018 11:36:32 AM]  
[09/23/2018 11:36:32 AM] SPO: [ 482030 599 2364618], Score: 0.381360513502, Path (7):
[09/23/2018 11:36:32 AM] [482030] -65 (0.02)-> [3678471] -65 (0.03)-> [3506273] -123 (0.04)-> [4937271] -123 (0.06)-> [2916128] -123 (0.04)-> [4492033] -123 (0.07)-> [3252478] -189 (0.13)-> [2364618]

[09/23/2018 11:36:32 AM]  
[09/23/2018 11:36:32 AM] SPO: [ 482030 599 2364618], Score: 0.384988859937, Path (7):
[09/23/2018 11:36:32 AM] [482030] -65 (0.02)-> [3678471] -65 (0.03)-> [3506273] -157 (0.03)-> [193391] -157 (0.04)-> [3574322] -329 (0.05)-> [3105219] -329 (0.08)-> [3286393] -189 (0.14)-> [2364618]

[09/23/2018 11:54:17 AM] Filename: /home/galois/Documents/streamminer/streamminer2.py


[09/23/2018 11:54:17 AM] Line #    Mem usage    Increment   Line Contents

[09/23/2018 11:54:17 AM] ================================================

[09/23/2018 11:54:17 AM]    234   1943.2 MiB   1943.2 MiB   @profile

[09/23/2018 11:54:17 AM]    235                             def extract_paths_sm(Gv, Gr, triples, y, features=None):

[09/23/2018 11:54:17 AM]    236   1943.2 MiB      0.0 MiB       return_features = False

[09/23/2018 11:54:17 AM]    237   1943.2 MiB      0.0 MiB       if features is None:

[09/23/2018 11:54:17 AM]    238   1943.2 MiB      0.0 MiB           return_features = True

[09/23/2018 11:54:17 AM]    239   1943.2 MiB      0.0 MiB           features, pos_features, neg_features = set(), set(), set()

[09/23/2018 11:54:17 AM]    240   1943.2 MiB      0.0 MiB       measurements = []

[09/23/2018 11:54:17 AM]    241                             

[09/23/2018 11:54:17 AM]    242  12113.1 MiB   -383.0 MiB       for idx, triple in enumerate(tqdm(triples)):

[09/23/2018 11:54:17 AM]    243  12113.1 MiB   -362.9 MiB           sid, pid, oid = triple['sid'], triple['pid'], triple['oid']

[09/23/2018 11:54:17 AM]    244  12113.1 MiB   -362.3 MiB           label = y[idx]

[09/23/2018 11:54:17 AM]    245  12113.1 MiB   -362.8 MiB           triple_feature = dict()

[09/23/2018 11:54:17 AM]    246  12113.1 MiB   9761.9 MiB           discovered_paths = yenKSP(Gv, Gr, sid, pid, oid, K = 5)

[09/23/2018 11:54:17 AM]    247  12113.1 MiB   -389.7 MiB           for path in discovered_paths:

[09/23/2018 11:54:17 AM]    248  11153.1 MiB      2.9 MiB               log.info("{}\n".format(path))

[09/23/2018 11:54:17 AM]    249  11153.1 MiB      0.0 MiB               ff = tuple(path.relational_path)

[09/23/2018 11:54:17 AM]    250  11153.1 MiB      0.5 MiB               if ff not in features:

[09/23/2018 11:54:17 AM]    251  11153.1 MiB      0.0 MiB                   features.add(ff)

[09/23/2018 11:54:17 AM]    252  11153.1 MiB      0.0 MiB                   if label == 1:

[09/23/2018 11:54:17 AM]    253  11153.1 MiB      0.0 MiB                       pos_features.add(ff)

[09/23/2018 11:54:17 AM]    254                                             elif label == 0:

[09/23/2018 11:54:17 AM]    255                                                 neg_features.add(ff)

[09/23/2018 11:54:17 AM]    256                                             else:

[09/23/2018 11:54:17 AM]    257                                                 raise Exception("Unknown class label: {}".format(label))

[09/23/2018 11:54:17 AM]    258  11153.1 MiB      0.2 MiB               triple_feature[ff] = triple_feature.get(ff, 0) + 1

[09/23/2018 11:54:17 AM]    259  12113.1 MiB   -389.9 MiB           measurements.append(triple_feature)

[09/23/2018 11:54:17 AM]    260  12113.1 MiB   -371.7 MiB           gc.collect()

[09/23/2018 11:54:17 AM]    261  12093.1 MiB    -20.1 MiB       if return_features:

[09/23/2018 11:54:17 AM]    262  12093.1 MiB      0.0 MiB           return features, pos_features, neg_features, measurements

[09/23/2018 11:54:17 AM]    263                                 return measurements

[09/23/2018 11:54:17 AM] 


[09/23/2018 11:54:17 AM] P: +:84, -:0, unique tot:84
[09/23/2018 11:54:17 AM] Time taken: 5302.01s


[09/23/2018 11:54:17 AM] => Path selection..
[09/23/2018 11:54:18 AM] D: +:84, -:0, tot:84
[09/23/2018 11:54:18 AM] Time taken: 0.39s

[09/23/2018 11:54:18 AM] => Model building..
[09/23/2018 11:54:20 AM] #Features: 84, best-AUROC: 0.96341
[09/23/2018 11:54:20 AM] Time taken: 1.99s

[09/23/2018 11:54:20 AM] Filename: /home/galois/Documents/streamminer/streamminer2.py


[09/23/2018 11:54:20 AM] Line #    Mem usage    Increment   Line Contents

[09/23/2018 11:54:20 AM] ================================================

[09/23/2018 11:54:20 AM]     81    935.5 MiB    935.5 MiB   @profile

[09/23/2018 11:54:20 AM]     82                             def train_model_sm(G, triples, relsim, use_interpretable_features=False, cv=10):

[09/23/2018 11:54:20 AM]     83                                 """

[09/23/2018 11:54:20 AM]     84                                 Entry point for building a fact-checking classifier.

[09/23/2018 11:54:20 AM]     85                                 Performs three steps:

[09/23/2018 11:54:20 AM]     86                                 1. Path extraction (features)

[09/23/2018 11:54:20 AM]     87                                 2a. Path selection using information gain

[09/23/2018 11:54:20 AM]     88                                 2b. Filtering most informative discriminative predicate paths

[09/23/2018 11:54:20 AM]     89                                 3. Building logistic regression model

[09/23/2018 11:54:20 AM]     90                             

[09/23/2018 11:54:20 AM]     91                                 Parameters:

[09/23/2018 11:54:20 AM]     92                                 -----------

[09/23/2018 11:54:20 AM]     93                                 G: rgraph

[09/23/2018 11:54:20 AM]     94                                     Knowledge graph.

[09/23/2018 11:54:20 AM]     95                                 triples: dataframe

[09/23/2018 11:54:20 AM]     96                                     A data frame consisting of at least four columns, including

[09/23/2018 11:54:20 AM]     97                                     sid, pid, oid, class.

[09/23/2018 11:54:20 AM]     98                                 use_interpretable_features: bool

[09/23/2018 11:54:20 AM]     99                                     Whether or not to perform 2b.

[09/23/2018 11:54:20 AM]    100                                 cv: int

[09/23/2018 11:54:20 AM]    101                                     Number of cross-validation folds.

[09/23/2018 11:54:20 AM]    102                             

[09/23/2018 11:54:20 AM]    103                                 Returns:

[09/23/2018 11:54:20 AM]    104                                 --------

[09/23/2018 11:54:20 AM]    105                                 vec: DictVectorizer

[09/23/2018 11:54:20 AM]    106                                     Useful for preprocessing future triples.

[09/23/2018 11:54:20 AM]    107                                 model: dict

[09/23/2018 11:54:20 AM]    108                                     A dictionary containing 'clf' as the built model,

[09/23/2018 11:54:20 AM]    109                                     and two other key-value pairs, including best parameter

[09/23/2018 11:54:20 AM]    110                                     and best AUROC score.

[09/23/2018 11:54:20 AM]    111                                 """

[09/23/2018 11:54:20 AM]    112    935.6 MiB      0.1 MiB       y = triples['class'] # ground truth

[09/23/2018 11:54:20 AM]    113    935.6 MiB      0.0 MiB       triples = triples[['sid', 'pid', 'oid']].to_dict(orient='records')

[09/23/2018 11:54:20 AM]    114                             

[09/23/2018 11:54:20 AM]    115    935.6 MiB      0.0 MiB       pid = triples[0]['pid']

[09/23/2018 11:54:20 AM]    116    935.6 MiB      0.1 MiB       log.info('PID is: {}, with type: {}'.format(pid, pid.dtype))

[09/23/2018 11:54:20 AM]    117                             

[09/23/2018 11:54:20 AM]    118    935.6 MiB      0.0 MiB       if np.DataSource().exists(join(HOME, "sm", "G_fil_val_{}.npz".format(int(pid)) ))\

[09/23/2018 11:54:20 AM]    119    935.6 MiB      0.0 MiB          and np.DataSource().exists(join(HOME, "sm", "G_fil_rel_{}.npz".format(int(pid)) )):

[09/23/2018 11:54:20 AM]    120   1440.3 MiB    504.7 MiB           Gr = load_npz(join(HOME, 'sm', 'G_fil_rel_{}.npz'.format(int(pid)) ))

[09/23/2018 11:54:20 AM]    121   1943.2 MiB    503.0 MiB           Gv = load_npz(join(HOME, 'sm', 'G_fil_val_{}.npz'.format(int(pid)) ))

[09/23/2018 11:54:20 AM]    122                                 else:

[09/23/2018 11:54:20 AM]    123                                     # set weights

[09/23/2018 11:54:20 AM]    124                                     indegsim = weighted_degree(G.indeg_vec, weight=WTFN).reshape((1, G.N))

[09/23/2018 11:54:20 AM]    125                                     indegsim = indegsim.ravel()

[09/23/2018 11:54:20 AM]    126                                     targets = G.csr.indices % G.N

[09/23/2018 11:54:20 AM]    127                                     relations = (G.csr.indices - targets) / G.N

[09/23/2018 11:54:20 AM]    128                                     relsimvec = np.array(relsim[int(pid), :]) # specific to predicate p

[09/23/2018 11:54:20 AM]    129                                     relsim_wt = relsimvec[relations] # with the size of relations as the number of relations

[09/23/2018 11:54:20 AM]    130                                     ######################################################

[09/23/2018 11:54:20 AM]    131                                     specificity_wt = indegsim[targets] # specificity

[09/23/2018 11:54:20 AM]    132                             

[09/23/2018 11:54:20 AM]    133                                     ## Removing all the edges with the predicte p in between any nodes.

[09/23/2018 11:54:20 AM]    134                                     log.info('=> Removing predicate {} from KG.\n\n'.format(pid))

[09/23/2018 11:54:20 AM]    135                                     eraseedges_mask = ((G.csr.indices - (G.csr.indices % G.N)) / G.N) == pid

[09/23/2018 11:54:20 AM]    136                                     specificity_wt[eraseedges_mask] = 0

[09/23/2018 11:54:20 AM]    137                                     relsim_wt[eraseedges_mask] = 0

[09/23/2018 11:54:20 AM]    138                                     G.csr.data = specificity_wt.copy()

[09/23/2018 11:54:20 AM]    139                             

[09/23/2018 11:54:20 AM]    140                                     G.csr.data = np.multiply(relsim_wt, G.csr.data)

[09/23/2018 11:54:20 AM]    141                                     log.info("Constructing adjacency matrix for: {}".format(pid))

[09/23/2018 11:54:20 AM]    142                                     adj_list_data = []

[09/23/2018 11:54:20 AM]    143                                     adj_list_s = []

[09/23/2018 11:54:20 AM]    144                                     adj_list_p = []

[09/23/2018 11:54:20 AM]    145                                     adj_list_o = []

[09/23/2018 11:54:20 AM]    146                                     sel_data = np.array([])

[09/23/2018 11:54:20 AM]    147                                     sel_relations = np.array([])

[09/23/2018 11:54:20 AM]    148                                     dicti = {}

[09/23/2018 11:54:20 AM]    149                                     num_nodes = len(G.csr.indptr)-1

[09/23/2018 11:54:20 AM]    150                                     for node in tqdm(xrange(num_nodes)):

[09/23/2018 11:54:20 AM]    151                                         dicti = {}

[09/23/2018 11:54:20 AM]    152                                         start = G.csr.indptr[node]

[09/23/2018 11:54:20 AM]    153                                         end = G.csr.indptr[node+1]

[09/23/2018 11:54:20 AM]    154                             

[09/23/2018 11:54:20 AM]    155                                         sel_data = G.csr.data[start:end]

[09/23/2018 11:54:20 AM]    156                                         sel_relations = relations[start:end]

[09/23/2018 11:54:20 AM]    157                                         for i, sel_tar in enumerate(targets[start:end]):

[09/23/2018 11:54:20 AM]    158                                             if sel_tar in dicti:

[09/23/2018 11:54:20 AM]    159                                                 if dicti[sel_tar][0] < sel_data[i]:

[09/23/2018 11:54:20 AM]    160                                                     dicti[sel_tar] = (sel_data[i], sel_relations[i])

[09/23/2018 11:54:20 AM]    161                                             else:

[09/23/2018 11:54:20 AM]    162                                                 dicti[sel_tar] = (sel_data[i], sel_relations[i])

[09/23/2018 11:54:20 AM]    163                                         for key, value in dicti.iteritems():

[09/23/2018 11:54:20 AM]    164                                             if value[0] != 0:

[09/23/2018 11:54:20 AM]    165                                                 adj_list_data.append(value[0])

[09/23/2018 11:54:20 AM]    166                                                 adj_list_s.append(node)

[09/23/2018 11:54:20 AM]    167                                                 adj_list_p.append(value[1])

[09/23/2018 11:54:20 AM]    168                                                 adj_list_o.append(key)

[09/23/2018 11:54:20 AM]    169                                     Gr = csr_matrix((adj_list_p, (adj_list_s, adj_list_o)), shape=(num_nodes, num_nodes))

[09/23/2018 11:54:20 AM]    170                                     Gv = csr_matrix((adj_list_data, (adj_list_s, adj_list_o)), shape=(num_nodes, num_nodes))

[09/23/2018 11:54:20 AM]    171                                     save_npz(join(HOME, 'sm', 'G_fil_rel_{}.npz'.format(int(pid))), Gr)

[09/23/2018 11:54:20 AM]    172                                     save_npz(join(HOME, 'sm', 'G_fil_val_{}.npz'.format(int(pid))), Gv)

[09/23/2018 11:54:20 AM]    173                             

[09/23/2018 11:54:20 AM]    174                                 ############# Path extraction ###################

[09/23/2018 11:54:20 AM]    175   1943.2 MiB      0.0 MiB       log.info('=> Path extraction..(this can take a while)')

[09/23/2018 11:54:20 AM]    176   1943.2 MiB      0.0 MiB       t1 = time()

[09/23/2018 11:54:20 AM]    177  12093.1 MiB  10149.8 MiB       features, pos_features, neg_features, measurements = extract_paths_sm(Gv, Gr, triples, y)

[09/23/2018 11:54:20 AM]    178  12093.1 MiB      0.0 MiB       log.info('P: +:{}, -:{}, unique tot:{}'.format(len(pos_features), len(neg_features), len(features)))

[09/23/2018 11:54:20 AM]    179  12093.1 MiB      0.0 MiB       vec = DictVectorizer()

[09/23/2018 11:54:20 AM]    180  12094.1 MiB      1.1 MiB       X = vec.fit_transform(measurements)

[09/23/2018 11:54:20 AM]    181  12094.1 MiB      0.0 MiB       n, m = X.shape

[09/23/2018 11:54:20 AM]    182  12094.1 MiB      0.0 MiB       log.info('Time taken: {:.2f}s\n\n'.format(time() - t1))

[09/23/2018 11:54:20 AM]    183                             

[09/23/2018 11:54:20 AM]    184                                 ########### Path selection ###############

[09/23/2018 11:54:20 AM]    185  12094.1 MiB      0.0 MiB       log.info('=> Path selection..')

[09/23/2018 11:54:20 AM]    186  12094.1 MiB      0.0 MiB       t1 = time()

[09/23/2018 11:54:20 AM]    187  12094.1 MiB      0.0 MiB       pathselect = SelectKBest(mutual_info_classif, k=min(100, m))

[09/23/2018 11:54:20 AM]    188  12095.4 MiB      1.3 MiB       X_select = pathselect.fit_transform(X, y)

[09/23/2018 11:54:20 AM]    189  12095.4 MiB      0.0 MiB       selectidx = pathselect.get_support(indices=True) # selected feature indices

[09/23/2018 11:54:20 AM]    190  12095.4 MiB      0.0 MiB       vec = vec.restrict(selectidx, indices=True)

[09/23/2018 11:54:20 AM]    191  12095.4 MiB      0.0 MiB       select_pos_features, select_neg_features = set(), set()

[09/23/2018 11:54:20 AM]    192  12095.4 MiB      0.0 MiB       for feature in vec.get_feature_names():

[09/23/2018 11:54:20 AM]    193  12095.4 MiB      0.0 MiB           if feature in pos_features:

[09/23/2018 11:54:20 AM]    194  12095.4 MiB      0.0 MiB               select_pos_features.add(feature)

[09/23/2018 11:54:20 AM]    195  12095.4 MiB      0.0 MiB           if feature in neg_features:

[09/23/2018 11:54:20 AM]    196                                         select_neg_features.add(feature)

[09/23/2018 11:54:20 AM]    197  12095.4 MiB      0.0 MiB       log.info('D: +:{}, -:{}, tot:{}'.format(len(select_pos_features), len(select_neg_features), X_select.shape[1]))

[09/23/2018 11:54:20 AM]    198  12095.4 MiB      0.0 MiB       log.info('Time taken: {:.2f}s\n'.format(time() - t1))

[09/23/2018 11:54:20 AM]    199                             

[09/23/2018 11:54:20 AM]    200                                 # Fact interpretation

[09/23/2018 11:54:20 AM]    201  12095.4 MiB      0.0 MiB       if use_interpretable_features and len(select_neg_features) > 0:

[09/23/2018 11:54:20 AM]    202                                     log.info('=> Fact interpretation..')

[09/23/2018 11:54:20 AM]    203                                     t1 = time()

[09/23/2018 11:54:20 AM]    204                                     theta = 10

[09/23/2018 11:54:20 AM]    205                                     select_neg_idx = [i for i, f in enumerate(vec.get_feature_names()) if f in select_neg_features]

[09/23/2018 11:54:20 AM]    206                                     removemask = np.where(np.sum(X_select[:, select_neg_idx], axis=0) >= theta)[0]

[09/23/2018 11:54:20 AM]    207                                     restrictidx = select_neg_idx[removemask]

[09/23/2018 11:54:20 AM]    208                                     keepidx = []

[09/23/2018 11:54:20 AM]    209                                     for i, f in enumerate(vec.get_feature_names()):

[09/23/2018 11:54:20 AM]    210                                         if i not in restrictidx:

[09/23/2018 11:54:20 AM]    211                                             keepidx.append(i)

[09/23/2018 11:54:20 AM]    212                                         else:

[09/23/2018 11:54:20 AM]    213                                             select_neg_features.remove(f)

[09/23/2018 11:54:20 AM]    214                                     vec = vec.restrictidx(keepidx, indices=True)

[09/23/2018 11:54:20 AM]    215                                     X_select = X_select[:, keepidx]

[09/23/2018 11:54:20 AM]    216                                     log.info('D*: +:{}, -:{}, tot:{}'.format(len(select_pos_features), len(select_neg_features), X_select.shape[1]))

[09/23/2018 11:54:20 AM]    217                                     log.info('Time taken: {:.2f}s\n'.format(time() - t1))

[09/23/2018 11:54:20 AM]    218                             

[09/23/2018 11:54:20 AM]    219                                 # Model creation

[09/23/2018 11:54:20 AM]    220  12095.4 MiB      0.0 MiB       log.info('=> Model building..')

[09/23/2018 11:54:20 AM]    221  12095.4 MiB      0.0 MiB       t1 = time()

[09/23/2018 11:54:20 AM]    222  12096.9 MiB      1.5 MiB       model = find_best_model(X_select, y, cv=cv)

[09/23/2018 11:54:20 AM]    223  12096.9 MiB      0.0 MiB       log.info('#Features: {}, best-AUROC: {:.5f}'.format(X_select.shape[1], model['best_score']))

[09/23/2018 11:54:20 AM]    224  12096.9 MiB      0.0 MiB       log.info('Time taken: {:.2f}s\n'.format(time() - t1))

[09/23/2018 11:54:20 AM]    225                             

[09/23/2018 11:54:20 AM]    226  12096.9 MiB      0.0 MiB       return vec, model

[09/23/2018 11:54:20 AM] 


[09/23/2018 11:54:20 AM] Time taken: 5311.21s

[09/23/2018 11:54:20 AM] Saved: /home/galois/Documents/streamminer/output/out_streamminer_Player_vs_Team_NBA_2018-09-23_10:25:45.pkl
[09/23/2018 11:54:20 AM] 
Done!

[09/23/2018 11:54:20 AM] 

