[09/22/2018 10:41:58 AM] Launching sm..
[09/22/2018 10:41:58 AM] Dataset: predpath_state_capital.csv
[09/22/2018 10:41:58 AM] Output dir: /home/galois/Documents/streamminer/output
[09/22/2018 10:41:58 AM] Read data: (300, 7) predpath_state_capital.csv
[09/22/2018 10:41:58 AM] Note: Found non-NA records: (300, 7)
[09/22/2018 10:42:02 AM] Relation is: (395170, 87, 3640344)
[09/22/2018 10:42:08 AM] => Path extraction..(this can take a while)
[09/22/2018 10:43:16 AM] [395170] -301 (0.12)-> [3640344]
[09/22/2018 10:43:16 AM] [395170] -283 (0.1)-> [894824] -283 (0.32)-> [3640344]
[09/22/2018 10:43:16 AM] [395170] -283 (0.1)-> [894824] -283 (0.12)-> [3640344]
[09/22/2018 10:43:16 AM] [395170] -272 (0.09)-> [395321] -272 (0.34)-> [3640344]
[09/22/2018 10:43:16 AM] [395170] -272 (0.09)-> [395321] -272 (0.11)-> [3640344]
[09/22/2018 10:44:28 AM] [404819] -301 (0.14)-> [2828358]
[09/22/2018 10:44:28 AM] [404819] -338 (0.11)-> [3660594] -338 (0.36)-> [2828358]
[09/22/2018 10:44:28 AM] [404819] -338 (0.11)-> [3660594] -338 (0.14)-> [2828358]
[09/22/2018 10:44:28 AM] [404819] -338 (0.11)-> [920913] -338 (0.36)-> [2828358]
[09/22/2018 10:44:28 AM] [404819] -338 (0.11)-> [920913] -338 (0.14)-> [2828358]
[09/22/2018 10:45:29 AM] [634406] -301 (0.1)-> [4119446]
[09/22/2018 10:45:29 AM] [634406] -395 (0.09)-> [2285110] -395 (0.32)-> [4119446]
[09/22/2018 10:45:29 AM] [634406] -395 (0.09)-> [2285110] -395 (0.11)-> [4119446]
[09/22/2018 10:45:29 AM] [634406] -283 (0.09)-> [5374797] -283 (0.35)-> [4119446]
[09/22/2018 10:45:29 AM] [634406] -283 (0.09)-> [5374797] -283 (0.1)-> [4119446]
[09/22/2018 10:46:39 AM] [635862] -301 (0.11)-> [3190706]
[09/22/2018 10:46:39 AM] [635862] -301 (0.09)-> [4890711] -301 (0.32)-> [3190706]
[09/22/2018 10:46:39 AM] [635862] -301 (0.09)-> [4890711] -301 (0.11)-> [3190706]
[09/22/2018 10:46:39 AM] [635862] -272 (0.09)-> [635912] -272 (0.34)-> [3190706]
[09/22/2018 10:46:39 AM] [635862] -272 (0.09)-> [635912] -272 (0.11)-> [3190706]
[09/22/2018 10:47:38 AM] [1023244] -301 (0.11)-> [4525682]
[09/22/2018 10:47:38 AM] [1023244] -283 (0.09)-> [5069430] -283 (0.32)-> [4525682]
[09/22/2018 10:47:38 AM] [1023244] -283 (0.09)-> [5069430] -283 (0.11)-> [4525682]
[09/22/2018 10:47:38 AM] [1023244] -301 (0.09)-> [3872815] -301 (0.32)-> [4525682]
[09/22/2018 10:47:38 AM] [1023244] -301 (0.09)-> [3872815] -301 (0.11)-> [4525682]
[09/22/2018 10:49:06 AM] [1259925] -316 (0.11)-> [1473910]
[09/22/2018 10:49:06 AM] [1259925] -338 (0.09)-> [2324202] -338 (0.41)-> [1473910]
[09/22/2018 10:49:06 AM] [1259925] -338 (0.09)-> [2324202] -338 (0.1)-> [1473910]
[09/22/2018 10:49:06 AM] [1259925] -338 (0.09)-> [4150693] -338 (0.36)-> [1473910]
[09/22/2018 10:49:06 AM] [1259925] -338 (0.09)-> [4150693] -338 (0.1)-> [1473910]
[09/22/2018 10:50:25 AM] [1274578] -301 (0.11)-> [2256396]
[09/22/2018 10:50:25 AM] [1274578] -339 (0.09)-> [3903545] -395 (0.28)-> [2256396]
[09/22/2018 10:50:25 AM] [1274578] -339 (0.09)-> [3903545] -395 (0.12)-> [2256396]
[09/22/2018 10:50:25 AM] [1274578] -237 (0.09)-> [823468] -237 (0.32)-> [2256396]
[09/22/2018 10:50:25 AM] [1274578] -237 (0.09)-> [823468] -237 (0.11)-> [2256396]
[09/22/2018 10:51:51 AM] [1458980] -582 (0.13)-> [1568760]
[09/22/2018 10:51:51 AM] [1458980] -272 (0.11)-> [1459100] -272 (0.34)-> [1568760]
[09/22/2018 10:51:51 AM] [1458980] -272 (0.11)-> [1459100] -272 (0.14)-> [1568760]
[09/22/2018 10:51:51 AM] [1458980] -582 (0.11)-> [783305] -500 (0.33)-> [1568760]
[09/22/2018 10:51:51 AM] [1458980] -582 (0.11)-> [783305] -500 (0.14)-> [1568760]
[09/22/2018 10:52:43 AM] [1884186] -301 (0.12)-> [4966980]
[09/22/2018 10:52:43 AM] [1884186] -395 (0.1)-> [799515] -395 (0.38)-> [4966980]
[09/22/2018 10:52:43 AM] [1884186] -395 (0.1)-> [799515] -395 (0.13)-> [4966980]
[09/22/2018 10:52:43 AM] [1884186] -395 (0.1)-> [1741847] -395 (0.35)-> [4966980]
[09/22/2018 10:52:43 AM] [1884186] -395 (0.1)-> [1741847] -395 (0.13)-> [4966980]
[09/22/2018 10:55:07 AM] [2049895] -661 (0.07)-> [803343] -301 (0.19)-> [685424]
[09/22/2018 10:55:07 AM] [2049895] -661 (0.06)-> [3542389] -511 (0.15)-> [685424]
[09/22/2018 10:55:07 AM] [2049895] -661 (0.06)-> [3542389] -511 (0.09)-> [685424]
[09/22/2018 10:55:07 AM] [2049895] -659 (0.05)-> [1899221] -339 (0.1)-> [1141912] -395 (0.16)-> [685424]
[09/22/2018 10:55:07 AM] [2049895] -659 (0.05)-> [1899221] -339 (0.1)-> [1141912] -395 (0.1)-> [685424]
[09/22/2018 10:56:27 AM] [2265276] -301 (0.1)-> [2352287]
[09/22/2018 10:56:27 AM] [2265276] -452 (0.09)-> [1954766] -452 (0.34)-> [2352287]
[09/22/2018 10:56:27 AM] [2265276] -452 (0.09)-> [1954766] -452 (0.11)-> [2352287]
[09/22/2018 10:56:27 AM] [2265276] -452 (0.09)-> [2352298] -452 (0.32)-> [2352287]
[09/22/2018 10:56:27 AM] [2265276] -452 (0.09)-> [2352298] -452 (0.11)-> [2352287]
[09/22/2018 10:58:02 AM] [2420813] -301 (0.12)-> [901237]
[09/22/2018 10:58:02 AM] [2420813] -339 (0.1)-> [4161732] -395 (0.28)-> [901237]
[09/22/2018 10:58:02 AM] [2420813] -339 (0.1)-> [4161732] -395 (0.13)-> [901237]
[09/22/2018 10:58:02 AM] [2420813] -339 (0.1)-> [3957909] -395 (0.28)-> [901237]
[09/22/2018 10:58:02 AM] [2420813] -339 (0.1)-> [3957909] -395 (0.13)-> [901237]
[09/22/2018 10:58:57 AM] [2437123] -582 (0.12)-> [4808458]
[09/22/2018 10:58:57 AM] [2437123] -272 (0.1)-> [2437522] -272 (0.34)-> [4808458]
[09/22/2018 10:58:57 AM] [2437123] -272 (0.1)-> [2437522] -272 (0.12)-> [4808458]
[09/22/2018 10:58:57 AM] [2437123] -272 (0.1)-> [2437247] -272 (0.34)-> [4808458]
[09/22/2018 10:58:57 AM] [2437123] -272 (0.1)-> [2437247] -272 (0.12)-> [4808458]
[09/22/2018 11:00:16 AM] [2450592] -301 (0.1)-> [2451118]
[09/22/2018 11:00:16 AM] [2450592] -395 (0.09)-> [653919] -395 (0.35)-> [2451118]
[09/22/2018 11:00:16 AM] [2450592] -395 (0.09)-> [653919] -395 (0.11)-> [2451118]
[09/22/2018 11:00:16 AM] [2450592] -61 (0.08)-> [3736543] -61 (0.32)-> [2451118]
[09/22/2018 11:00:16 AM] [2450592] -61 (0.08)-> [3736543] -61 (0.1)-> [2451118]
[09/22/2018 11:01:45 AM] [2472869] -301 (0.11)-> [1483029]
[09/22/2018 11:01:45 AM] [2472869] -272 (0.09)-> [2473087] -272 (0.34)-> [1483029]
[09/22/2018 11:01:45 AM] [2472869] -272 (0.09)-> [2473087] -272 (0.11)-> [1483029]
[09/22/2018 11:01:45 AM] [2472869] -498 (0.09)-> [3440655] -498 (0.3)-> [1483029]
[09/22/2018 11:01:45 AM] [2472869] -498 (0.09)-> [3440655] -498 (0.11)-> [1483029]
[09/22/2018 11:02:34 AM] [2879825] -301 (0.13)-> [5193279]
[09/22/2018 11:02:34 AM] [2879825] -272 (0.1)-> [4838091] -272 (0.34)-> [5193279]
[09/22/2018 11:02:34 AM] [2879825] -272 (0.1)-> [4838091] -272 (0.12)-> [5193279]
[09/22/2018 11:02:34 AM] [2879825] -283 (0.1)-> [1524226] -283 (0.3)-> [5193279]
[09/22/2018 11:02:34 AM] [2879825] -283 (0.1)-> [1524226] -283 (0.13)-> [5193279]
[09/22/2018 11:03:59 AM] [2932522] -301 (0.14)-> [1931443]
[09/22/2018 11:03:59 AM] [2932522] -272 (0.11)-> [2932586] -272 (0.34)-> [1931443]
[09/22/2018 11:03:59 AM] [2932522] -272 (0.11)-> [2932586] -272 (0.14)-> [1931443]
[09/22/2018 11:03:59 AM] [2932522] -272 (0.11)-> [2932555] -272 (0.34)-> [1931443]
[09/22/2018 11:03:59 AM] [2932522] -272 (0.11)-> [2932555] -272 (0.14)-> [1931443]
[09/22/2018 11:05:35 AM] [3228748] -301 (0.11)-> [772673]
[09/22/2018 11:05:35 AM] [3228748] -283 (0.1)-> [3735812] -283 (0.4)-> [772673]
[09/22/2018 11:05:35 AM] [3228748] -283 (0.1)-> [3735812] -283 (0.11)-> [772673]
[09/22/2018 11:05:35 AM] [3228748] -339 (0.09)-> [681989] -395 (0.3)-> [772673]
[09/22/2018 11:05:35 AM] [3228748] -339 (0.09)-> [681989] -395 (0.12)-> [772673]
[09/22/2018 11:07:13 AM] [3308399] -301 (0.15)-> [695303]
[09/22/2018 11:07:13 AM] [3308399] -582 (0.11)-> [1281982] -116 (0.38)-> [695303]
[09/22/2018 11:07:13 AM] [3308399] -582 (0.11)-> [1281982] -116 (0.14)-> [695303]
[09/22/2018 11:07:13 AM] [3308399] -272 (0.11)-> [3308539] -272 (0.34)-> [695303]
[09/22/2018 11:07:13 AM] [3308399] -272 (0.11)-> [3308539] -272 (0.14)-> [695303]
[09/22/2018 11:09:09 AM] [3428818] -452 (0.1)-> [780652] -452 (0.32)-> [578934]
[09/22/2018 11:09:09 AM] [3428818] -340 (0.1)-> [1150609] -340 (0.34)-> [578934]
[09/22/2018 11:09:09 AM] [3428818] -340 (0.1)-> [1150609] -340 (0.12)-> [578934]
[09/22/2018 11:09:09 AM] [3428818] -282 (0.1)-> [5266417] -282 (0.27)-> [578934]
[09/22/2018 11:09:09 AM] [3428818] -282 (0.1)-> [5266417] -282 (0.13)-> [578934]
[09/22/2018 11:10:47 AM] [3436140] -301 (0.09)-> [917573]
[09/22/2018 11:10:47 AM] [3436140] -395 (0.08)-> [3732006] -395 (0.32)-> [917573]
[09/22/2018 11:10:47 AM] [3436140] -395 (0.08)-> [3732006] -395 (0.1)-> [917573]
[09/22/2018 11:10:47 AM] [3436140] -237 (0.08)-> [5153163] -237 (0.36)-> [917573]
[09/22/2018 11:10:47 AM] [3436140] -237 (0.08)-> [5153163] -237 (0.09)-> [917573]
[09/22/2018 11:12:01 AM] [3542882] -301 (0.12)-> [3066509]
[09/22/2018 11:12:01 AM] [3542882] -283 (0.1)-> [5094563] -283 (0.32)-> [3066509]
[09/22/2018 11:12:01 AM] [3542882] -283 (0.1)-> [5094563] -283 (0.12)-> [3066509]
[09/22/2018 11:12:01 AM] [3542882] -340 (0.1)-> [3164370] -237 (0.31)-> [3066509]
[09/22/2018 11:12:01 AM] [3542882] -340 (0.1)-> [3164370] -237 (0.12)-> [3066509]
[09/22/2018 11:12:57 AM] [3590907] -301 (0.11)-> [4539289]
[09/22/2018 11:12:57 AM] [3590907] -395 (0.1)-> [3603685] -395 (0.35)-> [4539289]
[09/22/2018 11:12:57 AM] [3590907] -395 (0.1)-> [3603685] -395 (0.12)-> [4539289]
[09/22/2018 11:12:57 AM] [3590907] -423 (0.09)-> [5276212] -423 (0.35)-> [4539289]
[09/22/2018 11:12:57 AM] [3590907] -423 (0.09)-> [5276212] -423 (0.11)-> [4539289]
[09/22/2018 11:14:14 AM] [3603442] -301 (0.12)-> [2530833]
[09/22/2018 11:14:14 AM] [3603442] -339 (0.1)-> [841388] -395 (0.3)-> [2530833]
[09/22/2018 11:14:14 AM] [3603442] -339 (0.1)-> [841388] -395 (0.13)-> [2530833]
[09/22/2018 11:14:14 AM] [3603442] -272 (0.09)-> [5064810] -272 (0.34)-> [2530833]
[09/22/2018 11:14:14 AM] [3603442] -272 (0.09)-> [5064810] -272 (0.11)-> [2530833]
[09/22/2018 11:15:29 AM] [3603814] -301 (0.15)-> [2621452]
[09/22/2018 11:15:29 AM] [3603814] -339 (0.11)-> [843194] -395 (0.28)-> [2621452]
[09/22/2018 11:15:29 AM] [3603814] -339 (0.11)-> [843194] -395 (0.16)-> [2621452]
[09/22/2018 11:15:29 AM] [3603814] -272 (0.11)-> [5064814] -272 (0.34)-> [2621452]
[09/22/2018 11:15:29 AM] [3603814] -272 (0.11)-> [5064814] -272 (0.14)-> [2621452]
[09/22/2018 11:16:49 AM] [3638007] -301 (0.14)-> [2281238]
[09/22/2018 11:16:49 AM] [3638007] -339 (0.11)-> [4752496] -395 (0.3)-> [2281238]
[09/22/2018 11:16:49 AM] [3638007] -339 (0.11)-> [4752496] -395 (0.15)-> [2281238]
[09/22/2018 11:16:49 AM] [3638007] -339 (0.11)-> [2281474] -395 (0.28)-> [2281238]
[09/22/2018 11:16:49 AM] [3638007] -339 (0.11)-> [2281474] -395 (0.15)-> [2281238]
[09/22/2018 11:18:01 AM] [3753014] -301 (0.12)-> [3155616]
[09/22/2018 11:18:01 AM] [3753014] -272 (0.1)-> [3753168] -272 (0.34)-> [3155616]
[09/22/2018 11:18:01 AM] [3753014] -272 (0.1)-> [3753168] -272 (0.12)-> [3155616]
[09/22/2018 11:18:01 AM] [3753014] -283 (0.09)-> [3564791] -283 (0.3)-> [3155616]
[09/22/2018 11:18:01 AM] [3753014] -283 (0.09)-> [3564791] -283 (0.12)-> [3155616]
[09/22/2018 11:19:34 AM] [3774284] -301 (0.14)-> [1073804]
[09/22/2018 11:19:34 AM] [3774284] -339 (0.11)-> [5244907] -395 (0.3)-> [1073804]
[09/22/2018 11:19:34 AM] [3774284] -339 (0.11)-> [5244907] -395 (0.15)-> [1073804]
[09/22/2018 11:19:34 AM] [3774284] -512 (0.1)-> [318008] -512 (0.3)-> [1073804]
[09/22/2018 11:19:34 AM] [3774284] -512 (0.1)-> [318008] -512 (0.14)-> [1073804]
[09/22/2018 11:21:06 AM] [3778008] -301 (0.14)-> [1271687]
[09/22/2018 11:21:06 AM] [3778008] -582 (0.11)-> [1271744] -500 (0.38)-> [1271687]
[09/22/2018 11:21:06 AM] [3778008] -582 (0.11)-> [1271744] -500 (0.13)-> [1271687]
[09/22/2018 11:21:06 AM] [3778008] -272 (0.1)-> [3778031] -272 (0.34)-> [1271687]
[09/22/2018 11:21:06 AM] [3778008] -272 (0.1)-> [3778031] -272 (0.13)-> [1271687]
[09/22/2018 11:21:57 AM] [3778606] -301 (0.12)-> [5215365]
[09/22/2018 11:21:57 AM] [3778606] -283 (0.1)-> [5073802] -283 (0.35)-> [5215365]
[09/22/2018 11:21:57 AM] [3778606] -283 (0.1)-> [5073802] -283 (0.12)-> [5215365]
[09/22/2018 11:21:57 AM] [3778606] -339 (0.1)-> [5327571] -395 (0.28)-> [5215365]
[09/22/2018 11:21:57 AM] [3778606] -339 (0.1)-> [5327571] -395 (0.13)-> [5215365]
[09/22/2018 11:22:54 AM] [3779498] -301 (0.13)-> [4581655]
[09/22/2018 11:22:54 AM] [3779498] -339 (0.1)-> [4581723] -395 (0.3)-> [4581655]
[09/22/2018 11:22:54 AM] [3779498] -339 (0.1)-> [4581723] -395 (0.13)-> [4581655]
[09/22/2018 11:22:54 AM] [3779498] -452 (0.1)-> [1046763] -452 (0.3)-> [4581655]
[09/22/2018 11:22:54 AM] [3779498] -452 (0.1)-> [1046763] -452 (0.13)-> [4581655]
[09/22/2018 11:24:38 AM] [3781413] -582 (0.11)-> [406264]
[09/22/2018 11:24:38 AM] [3781413] -272 (0.09)-> [3782293] -272 (0.34)-> [406264]
[09/22/2018 11:24:38 AM] [3781413] -272 (0.09)-> [3782293] -272 (0.11)-> [406264]
[09/22/2018 11:24:38 AM] [3781413] -339 (0.09)-> [5288937] -395 (0.26)-> [406264]
[09/22/2018 11:24:38 AM] [3781413] -339 (0.09)-> [5288937] -395 (0.12)-> [406264]
[09/22/2018 11:25:39 AM] [3845765] -301 (0.11)-> [4275576]
[09/22/2018 11:25:39 AM] [3845765] -522 (0.1)-> [5425789] -522 (0.4)-> [4275576]
[09/22/2018 11:25:39 AM] [3845765] -522 (0.1)-> [5425789] -522 (0.11)-> [4275576]
[09/22/2018 11:25:39 AM] [3845765] -283 (0.09)-> [543628] -283 (0.32)-> [4275576]
[09/22/2018 11:25:39 AM] [3845765] -283 (0.09)-> [543628] -283 (0.11)-> [4275576]
[09/22/2018 11:27:15 AM] [3846406] -301 (0.14)-> [865455]
[09/22/2018 11:27:15 AM] [3846406] -272 (0.11)-> [4837718] -272 (0.34)-> [865455]
[09/22/2018 11:27:15 AM] [3846406] -272 (0.11)-> [4837718] -272 (0.13)-> [865455]
[09/22/2018 11:27:15 AM] [3846406] -308 (0.11)-> [3846417] -272 (0.33)-> [865455]
[09/22/2018 11:27:15 AM] [3846406] -308 (0.11)-> [3846417] -272 (0.13)-> [865455]
[09/22/2018 11:28:49 AM] [3886197] -301 (0.1)-> [1261836]
[09/22/2018 11:28:49 AM] [3886197] -395 (0.09)-> [364822] -395 (0.38)-> [1261836]
[09/22/2018 11:28:49 AM] [3886197] -395 (0.09)-> [364822] -395 (0.11)-> [1261836]
[09/22/2018 11:28:49 AM] [3886197] -283 (0.09)-> [1611451] -283 (0.35)-> [1261836]
[09/22/2018 11:28:49 AM] [3886197] -283 (0.09)-> [1611451] -283 (0.1)-> [1261836]
[09/22/2018 11:29:53 AM] [3889035] -301 (0.11)-> [3889084]
[09/22/2018 11:29:53 AM] [3889035] -283 (0.09)-> [2522143] -283 (0.4)-> [3889084]
[09/22/2018 11:29:53 AM] [3889035] -283 (0.09)-> [2522143] -283 (0.11)-> [3889084]
[09/22/2018 11:29:53 AM] [3889035] -283 (0.09)-> [2869181] -283 (0.35)-> [3889084]
[09/22/2018 11:29:53 AM] [3889035] -283 (0.09)-> [2869181] -283 (0.11)-> [3889084]
[09/22/2018 11:30:51 AM] [3929281] -301 (0.12)-> [4544318]
[09/22/2018 11:30:51 AM] [3929281] -339 (0.1)-> [3789359] -395 (0.3)-> [4544318]
[09/22/2018 11:30:51 AM] [3929281] -339 (0.1)-> [3789359] -395 (0.13)-> [4544318]
[09/22/2018 11:30:51 AM] [3929281] -308 (0.1)-> [3929410] -272 (0.33)-> [4544318]
[09/22/2018 11:30:51 AM] [3929281] -308 (0.1)-> [3929410] -272 (0.12)-> [4544318]
[09/22/2018 11:32:13 AM] [4064325] -301 (0.12)-> [2248699]
[09/22/2018 11:32:13 AM] [4064325] -301 (0.09)-> [1214752] -301 (0.32)-> [2248699]
[09/22/2018 11:32:13 AM] [4064325] -301 (0.09)-> [1214752] -301 (0.12)-> [2248699]
[09/22/2018 11:32:13 AM] [4064325] -272 (0.09)-> [4064696] -272 (0.34)-> [2248699]
[09/22/2018 11:32:13 AM] [4064325] -272 (0.09)-> [4064696] -272 (0.11)-> [2248699]
[09/22/2018 11:33:15 AM] [4344422] -301 (0.1)-> [4206719]
[09/22/2018 11:33:15 AM] [4344422] -301 (0.09)-> [2241010] -301 (0.4)-> [4206719]
[09/22/2018 11:33:15 AM] [4344422] -301 (0.09)-> [2241010] -301 (0.1)-> [4206719]
[09/22/2018 11:33:15 AM] [4344422] -339 (0.09)-> [4206768] -395 (0.28)-> [4206719]
[09/22/2018 11:33:15 AM] [4344422] -339 (0.09)-> [4206768] -395 (0.11)-> [4206719]
[09/22/2018 11:34:47 AM] [4787197] -301 (0.11)-> [1261379]
[09/22/2018 11:34:47 AM] [4787197] -423 (0.1)-> [977472] -423 (0.39)-> [1261379]
[09/22/2018 11:34:47 AM] [4787197] -423 (0.1)-> [977472] -423 (0.11)-> [1261379]
[09/22/2018 11:34:47 AM] [4787197] -283 (0.09)-> [1321765] -283 (0.35)-> [1261379]
[09/22/2018 11:34:47 AM] [4787197] -283 (0.09)-> [1321765] -283 (0.11)-> [1261379]
[09/22/2018 11:35:48 AM] [4787695] -301 (0.16)-> [4128963]
[09/22/2018 11:35:48 AM] [4787695] -272 (0.12)-> [4837726] -272 (0.34)-> [4128963]
[09/22/2018 11:35:48 AM] [4787695] -272 (0.12)-> [4837726] -272 (0.16)-> [4128963]
[09/22/2018 11:35:48 AM] [4787695] -308 (0.12)-> [4787787] -272 (0.33)-> [4128963]
[09/22/2018 11:35:48 AM] [4787695] -308 (0.12)-> [4787787] -272 (0.16)-> [4128963]
[09/22/2018 11:36:56 AM] [5000813] -301 (0.09)-> [3732066]
[09/22/2018 11:36:56 AM] [5000813] -339 (0.08)-> [1296875] -395 (0.28)-> [3732066]
[09/22/2018 11:36:56 AM] [5000813] -339 (0.08)-> [1296875] -395 (0.1)-> [3732066]
[09/22/2018 11:36:56 AM] [5000813] -283 (0.08)-> [3513033] -283 (0.32)-> [3732066]
[09/22/2018 11:36:56 AM] [5000813] -283 (0.08)-> [3513033] -283 (0.09)-> [3732066]
[09/22/2018 11:38:37 AM] [5013283] -301 (0.1)-> [699998]
[09/22/2018 11:38:37 AM] [5013283] -339 (0.09)-> [3478703] -395 (0.3)-> [699998]
[09/22/2018 11:38:37 AM] [5013283] -339 (0.09)-> [3478703] -395 (0.11)-> [699998]
[09/22/2018 11:38:37 AM] [5013283] -61 (0.08)-> [4255985] -61 (0.35)-> [699998]
[09/22/2018 11:38:37 AM] [5013283] -61 (0.08)-> [4255985] -61 (0.1)-> [699998]
[09/22/2018 11:39:34 AM] [5305604] -301 (0.1)-> [4548296]
[09/22/2018 11:39:34 AM] [5305604] -395 (0.09)-> [789344] -395 (0.29)-> [4548296]
[09/22/2018 11:39:34 AM] [5305604] -395 (0.09)-> [789344] -395 (0.11)-> [4548296]
[09/22/2018 11:39:34 AM] [5305604] -301 (0.09)-> [1162559] -301 (0.35)-> [4548296]
[09/22/2018 11:39:34 AM] [5305604] -301 (0.09)-> [1162559] -301 (0.1)-> [4548296]
[09/22/2018 11:40:42 AM] [5345797] -301 (0.15)-> [3641175]
[09/22/2018 11:40:42 AM] [5345797] -272 (0.12)-> [5345825] -272 (0.34)-> [3641175]
[09/22/2018 11:40:42 AM] [5345797] -272 (0.12)-> [5345825] -272 (0.15)-> [3641175]
[09/22/2018 11:40:42 AM] [5345797] -167 (0.12)-> [5485589] -167 (0.37)-> [3641175]
[09/22/2018 11:40:42 AM] [5345797] -167 (0.12)-> [5485589] -167 (0.14)-> [3641175]
[09/22/2018 11:41:43 AM] [5377412] -301 (0.1)-> [4367775]
[09/22/2018 11:41:43 AM] [5377412] -301 (0.09)-> [3144065] -301 (0.35)-> [4367775]
[09/22/2018 11:41:43 AM] [5377412] -301 (0.09)-> [3144065] -301 (0.1)-> [4367775]
[09/22/2018 11:41:43 AM] [5377412] -339 (0.09)-> [1453082] -395 (0.28)-> [4367775]
[09/22/2018 11:41:43 AM] [5377412] -339 (0.09)-> [1453082] -395 (0.11)-> [4367775]
[09/22/2018 11:43:10 AM] [5450632] -308 (0.1)-> [5451601] -272 (0.27)-> [3908220]
[09/22/2018 11:43:10 AM] [5450632] -661 (0.07)-> [1471214] -511 (0.15)-> [3908220]
[09/22/2018 11:43:10 AM] [5450632] -661 (0.07)-> [1471214] -511 (0.12)-> [3908220]
[09/22/2018 11:43:10 AM] [5450632] -301 (0.06)-> [874105] -522 (0.12)-> [5255307] -524 (0.2)-> [3908220]
[09/22/2018 11:43:10 AM] [5450632] -301 (0.06)-> [874105] -522 (0.12)-> [5255307] -524 (0.11)-> [3908220]
[09/22/2018 11:44:43 AM] [5473127] -301 (0.12)-> [1134574]
[09/22/2018 11:44:43 AM] [5473127] -116 (0.1)-> [2115994] -116 (0.33)-> [1134574]
[09/22/2018 11:44:43 AM] [5473127] -116 (0.1)-> [2115994] -116 (0.12)-> [1134574]
[09/22/2018 11:44:43 AM] [5473127] -272 (0.09)-> [1134608] -272 (0.28)-> [1134574]
[09/22/2018 11:44:43 AM] [5473127] -272 (0.09)-> [1134608] -272 (0.12)-> [1134574]
[09/22/2018 11:45:54 AM] [5536443] -301 (0.11)-> [3295643]
[09/22/2018 11:45:54 AM] [5536443] -339 (0.09)-> [5295981] -395 (0.3)-> [3295643]
[09/22/2018 11:45:54 AM] [5536443] -339 (0.09)-> [5295981] -395 (0.12)-> [3295643]
[09/22/2018 11:45:54 AM] [5536443] -272 (0.09)-> [4837728] -272 (0.34)-> [3295643]
[09/22/2018 11:45:54 AM] [5536443] -272 (0.09)-> [4837728] -272 (0.11)-> [3295643]
[09/22/2018 11:47:26 AM] [5556003] -301 (0.13)-> [1154856]
[09/22/2018 11:47:26 AM] [5556003] -339 (0.11)-> [3482798] -395 (0.3)-> [1154856]
[09/22/2018 11:47:26 AM] [5556003] -339 (0.11)-> [3482798] -395 (0.14)-> [1154856]
[09/22/2018 11:47:26 AM] [5556003] -272 (0.1)-> [5556267] -272 (0.34)-> [1154856]
[09/22/2018 11:47:26 AM] [5556003] -272 (0.1)-> [5556267] -272 (0.13)-> [1154856]
[09/22/2018 11:50:18 AM] [395170] -65 (0.05)-> [4300662] -167 (0.08)-> [4787695] -301 (0.26)-> [4128963]
[09/22/2018 11:50:18 AM] [395170] -301 (0.05)-> [4100503] -608 (0.07)-> [1098053] -608 (0.35)-> [4128963]
[09/22/2018 11:50:18 AM] [395170] -301 (0.05)-> [4100503] -608 (0.05)-> [1098053] -608 (0.07)-> [4128963]
[09/22/2018 11:50:18 AM] [395170] -301 (0.05)-> [4100503] -608 (0.05)-> [1098053] -608 (0.16)-> [4128963]
[09/22/2018 11:50:18 AM] [395170] -301 (0.05)-> [4100503] -608 (0.07)-> [1098053] -608 (0.16)-> [4128963]
[09/22/2018 11:56:05 AM] [395170] -500 (0.05)-> [1527942] -65 (0.08)-> [1517849] -65 (0.1)-> [5099916] -167 (0.22)-> [578934]
[09/22/2018 11:56:05 AM] [395170] -311 (0.05)-> [1694650] -167 (0.08)-> [1246637] -167 (0.09)-> [2296104] -65 (0.15)-> [578934]
[09/22/2018 11:56:05 AM] [395170] -311 (0.05)-> [1694650] -167 (0.08)-> [1246637] -167 (0.09)-> [2296104] -65 (0.11)-> [578934]
[09/22/2018 11:56:05 AM] [395170] -501 (0.05)-> [1191626] -501 (0.07)-> [3549028] -301 (0.1)-> [744357] -301 (0.2)-> [578934]
[09/22/2018 11:56:05 AM] [395170] -501 (0.05)-> [1191626] -501 (0.07)-> [3549028] -301 (0.1)-> [744357] -301 (0.13)-> [578934]
[09/22/2018 12:00:24 PM] [395170] -498 (0.05)-> [5079044] -498 (0.08)-> [2339512] -498 (0.09)-> [2495162] -498 (0.22)-> [2248699]
[09/22/2018 12:00:24 PM] [395170] -301 (0.05)-> [5325188] -259 (0.08)-> [3473306] -259 (0.26)-> [2248699]
[09/22/2018 12:00:24 PM] [395170] -301 (0.05)-> [5325188] -259 (0.05)-> [3473306] -259 (0.1)-> [2248699]
[09/22/2018 12:00:24 PM] [395170] -301 (0.05)-> [5325188] -259 (0.05)-> [3473306] -259 (0.11)-> [2248699]
[09/22/2018 12:00:24 PM] [395170] -301 (0.05)-> [5325188] -259 (0.08)-> [3473306] -259 (0.11)-> [2248699]
[09/22/2018 12:04:23 PM] [395170] -65 (0.04)-> [4480854] -167 (0.07)-> [1441997] -283 (0.09)-> [2912153] -283 (0.34)-> [4548296]
[09/22/2018 12:04:23 PM] [395170] -167 (0.04)-> [4400574] -65 (0.07)-> [3222601] -65 (0.09)-> [2562873] -167 (0.25)-> [4548296]
[09/22/2018 12:04:23 PM] [395170] -167 (0.04)-> [4400574] -65 (0.07)-> [3222601] -65 (0.09)-> [2562873] -167 (0.1)-> [4548296]
[09/22/2018 12:04:23 PM] [395170] -167 (0.04)-> [4400574] -65 (0.05)-> [3222601] -65 (0.09)-> [2562873] -167 (0.12)-> [4548296]
[09/22/2018 12:04:23 PM] [395170] -167 (0.04)-> [4400574] -65 (0.05)-> [3222601] -65 (0.09)-> [2562873] -167 (0.1)-> [4548296]
[09/22/2018 12:11:21 PM] [395170] -452 (0.06)-> [779077] -57 (0.11)-> [1642786] -65 (0.23)-> [695303]
[09/22/2018 12:11:21 PM] [395170] -301 (0.05)-> [4640282] -452 (0.07)-> [779077] -57 (0.1)-> [1642786] -65 (0.15)-> [695303]
[09/22/2018 12:11:21 PM] [395170] -301 (0.05)-> [4640282] -452 (0.07)-> [779077] -57 (0.1)-> [1642786] -65 (0.12)-> [695303]
[09/22/2018 12:11:21 PM] [395170] -301 (0.05)-> [4640282] -452 (0.07)-> [779077] -57 (0.08)-> [1642786] -65 (0.17)-> [695303]
[09/22/2018 12:11:21 PM] [395170] -301 (0.05)-> [4640282] -452 (0.07)-> [779077] -57 (0.08)-> [1642786] -65 (0.12)-> [695303]
[09/22/2018 12:13:56 PM] [404819] -603 (0.05)-> [5274211] -603 (0.1)-> [5475059] -501 (0.14)-> [5310781] -339 (0.32)-> [4544318]
[09/22/2018 12:13:56 PM] [404819] -301 (0.05)-> [5485934] -259 (0.08)-> [1297467] -259 (0.27)-> [4544318]
[09/22/2018 12:13:56 PM] [404819] -301 (0.05)-> [5485934] -259 (0.06)-> [1297467] -259 (0.1)-> [4544318]
[09/22/2018 12:13:56 PM] [404819] -301 (0.05)-> [5485934] -259 (0.06)-> [1297467] -259 (0.11)-> [4544318]
[09/22/2018 12:13:56 PM] [404819] -301 (0.05)-> [5485934] -259 (0.08)-> [1297467] -259 (0.11)-> [4544318]
[09/22/2018 12:18:42 PM] [404819] -61 (0.07)-> [1350821] -61 (0.21)-> [685424]
[09/22/2018 12:18:42 PM] [404819] -316 (0.05)-> [526427] -61 (0.1)-> [4388204] -511 (0.13)-> [685424]
[09/22/2018 12:18:42 PM] [404819] -316 (0.05)-> [526427] -61 (0.1)-> [4388204] -511 (0.09)-> [685424]
[09/22/2018 12:18:42 PM] [404819] -316 (0.05)-> [526427] -61 (0.07)-> [4388204] -511 (0.27)-> [685424]
[09/22/2018 12:18:42 PM] [404819] -316 (0.05)-> [526427] -61 (0.07)-> [4388204] -511 (0.09)-> [685424]
[09/22/2018 12:21:09 PM] [404819] -65 (0.06)-> [3174535] -65 (0.18)-> [3889084]
[09/22/2018 12:21:09 PM] [404819] -167 (0.05)-> [1568708] -65 (0.09)-> [3889446] -167 (0.12)-> [1641539] -167 (0.28)-> [3889084]
[09/22/2018 12:21:09 PM] [404819] -460 (0.05)-> [4162754] -204 (0.1)-> [1645632] -65 (0.18)-> [3889084]
[09/22/2018 12:21:09 PM] [404819] -460 (0.05)-> [4162754] -204 (0.1)-> [1645632] -65 (0.09)-> [3889084]
[09/22/2018 12:21:09 PM] [404819] -460 (0.05)-> [4162754] -204 (0.07)-> [1645632] -65 (0.19)-> [3889084]
[09/22/2018 12:28:27 PM] [404819] -282 (0.05)-> [3284489] -81 (0.08)-> [3648513] -78 (0.12)-> [3745165] -116 (0.34)-> [772673]
[09/22/2018 12:28:27 PM] [404819] -282 (0.04)-> [3711254] -81 (0.07)-> [3603442] -522 (0.08)-> [3228862] -525 (0.29)-> [772673]
[09/22/2018 12:28:27 PM] [404819] -282 (0.04)-> [3711254] -81 (0.05)-> [3603442] -522 (0.08)-> [3228862] -525 (0.09)-> [772673]
[09/22/2018 12:28:27 PM] [404819] -282 (0.04)-> [3711254] -81 (0.05)-> [3603442] -522 (0.08)-> [3228862] -525 (0.11)-> [772673]
[09/22/2018 12:28:27 PM] [404819] -282 (0.04)-> [3711254] -81 (0.07)-> [3603442] -522 (0.08)-> [3228862] -525 (0.11)-> [772673]
[09/22/2018 12:34:26 PM] [404819] -582 (0.04)-> [4175002] -615 (0.08)-> [3185237] -615 (0.13)-> [4175000] -381 (0.23)-> [406264]
[09/22/2018 12:34:26 PM] [404819] -460 (0.04)-> [3639645] -460 (0.07)-> [3781413] -582 (0.27)-> [406264]
[09/22/2018 12:34:26 PM] [404819] -460 (0.04)-> [3639645] -460 (0.05)-> [3781413] -582 (0.08)-> [406264]
[09/22/2018 12:34:26 PM] [404819] -460 (0.04)-> [3639645] -460 (0.05)-> [3781413] -582 (0.11)-> [406264]
[09/22/2018 12:34:26 PM] [404819] -460 (0.04)-> [3639645] -460 (0.07)-> [3781413] -582 (0.11)-> [406264]
[09/22/2018 12:37:25 PM] [634406] -301 (0.05)-> [938788] -525 (0.12)-> [5255139] -524 (0.27)-> [4367775]
[09/22/2018 12:37:25 PM] [634406] -301 (0.05)-> [4621497] -511 (0.09)-> [3486195] -65 (0.13)-> [4367775]
[09/22/2018 12:37:25 PM] [634406] -301 (0.05)-> [4621497] -511 (0.09)-> [3486195] -65 (0.09)-> [4367775]
[09/22/2018 12:37:25 PM] [634406] -301 (0.05)-> [4621497] -511 (0.07)-> [3486195] -65 (0.27)-> [4367775]
[09/22/2018 12:37:25 PM] [634406] -301 (0.05)-> [4621497] -511 (0.07)-> [3486195] -65 (0.09)-> [4367775]
[09/22/2018 12:39:38 PM] [634406] -167 (0.08)-> [4278050] -511 (0.21)-> [1154856]
[09/22/2018 12:39:38 PM] [634406] -511 (0.08)-> [5112850] -167 (0.2)-> [1154856]
[09/22/2018 12:39:38 PM] [634406] -511 (0.08)-> [5112850] -167 (0.12)-> [1154856]
[09/22/2018 12:39:38 PM] [634406] -301 (0.06)-> [375175] -167 (0.13)-> [328426] -65 (0.24)-> [1154856]
[09/22/2018 12:39:38 PM] [634406] -301 (0.06)-> [375175] -167 (0.13)-> [328426] -65 (0.11)-> [1154856]
[09/22/2018 12:42:05 PM] [634406] -301 (0.06)-> [4904764] -167 (0.17)-> [2738553] -65 (0.23)-> [4539289]
[09/22/2018 12:42:05 PM] [634406] -301 (0.06)-> [4067725] -167 (0.12)-> [1201449] -65 (0.17)-> [4539289]
[09/22/2018 12:42:05 PM] [634406] -301 (0.06)-> [4067725] -167 (0.12)-> [1201449] -65 (0.09)-> [4539289]
[09/22/2018 12:42:05 PM] [634406] -301 (0.06)-> [4067725] -167 (0.07)-> [1201449] -65 (0.28)-> [4539289]
[09/22/2018 12:42:05 PM] [634406] -301 (0.06)-> [4067725] -167 (0.07)-> [1201449] -65 (0.09)-> [4539289]
[09/22/2018 12:45:30 PM] [634406] -582 (0.07)-> [4778511] -498 (0.12)-> [5104721] -498 (0.17)-> [3908220]
[09/22/2018 12:45:30 PM] [634406] -582 (0.06)-> [5237784] -500 (0.09)-> [4778511] -498 (0.12)-> [5104721] -498 (0.3)-> [3908220]
[09/22/2018 12:45:30 PM] [634406] -582 (0.06)-> [5237784] -500 (0.09)-> [4778511] -498 (0.12)-> [5104721] -498 (0.13)-> [3908220]
[09/22/2018 12:45:30 PM] [634406] -582 (0.06)-> [5237784] -500 (0.07)-> [4778511] -498 (0.12)-> [5104721] -498 (0.17)-> [3908220]
[09/22/2018 12:45:30 PM] [634406] -582 (0.06)-> [5237784] -500 (0.07)-> [4778511] -498 (0.12)-> [5104721] -498 (0.13)-> [3908220]
[09/22/2018 12:48:01 PM] [634406] -501 (0.07)-> [1872947] -339 (0.18)-> [4275576]
[09/22/2018 12:48:01 PM] [634406] -301 (0.06)-> [4993519] -525 (0.13)-> [5255160] -524 (0.26)-> [4275576]
[09/22/2018 12:48:01 PM] [634406] -301 (0.06)-> [4993519] -525 (0.13)-> [5255160] -524 (0.1)-> [4275576]
[09/22/2018 12:48:01 PM] [634406] -301 (0.06)-> [4993519] -525 (0.07)-> [5255160] -524 (0.2)-> [4275576]
[09/22/2018 12:48:01 PM] [634406] -301 (0.06)-> [4993519] -525 (0.07)-> [5255160] -524 (0.1)-> [4275576]
[09/22/2018 12:52:43 PM] [635862] -525 (0.04)-> [5255168] -524 (0.07)-> [4634347] -65 (0.09)-> [3957943] -167 (0.21)-> [2256396]
[09/22/2018 12:52:43 PM] [635862] -65 (0.04)-> [1005100] -167 (0.06)-> [1274578] -301 (0.18)-> [2256396]
[09/22/2018 12:52:43 PM] [635862] -65 (0.04)-> [1005100] -167 (0.05)-> [1274578] -301 (0.09)-> [2256396]
[09/22/2018 12:52:43 PM] [635862] -65 (0.04)-> [1005100] -167 (0.05)-> [1274578] -301 (0.11)-> [2256396]
[09/22/2018 12:52:43 PM] [635862] -65 (0.04)-> [1005100] -167 (0.06)-> [1274578] -301 (0.11)-> [2256396]
[09/22/2018 12:55:35 PM] [635862] -301 (0.07)-> [4102461] -65 (0.17)-> [4415058] -167 (0.27)-> [4544318]
[09/22/2018 12:55:35 PM] [635862] -582 (0.06)-> [636248] -615 (0.1)-> [878739] -615 (0.16)-> [3929605] -116 (0.24)-> [4544318]
[09/22/2018 12:55:35 PM] [635862] -582 (0.06)-> [636248] -615 (0.1)-> [878739] -615 (0.16)-> [3929605] -116 (0.12)-> [4544318]
[09/22/2018 12:55:35 PM] [635862] -582 (0.06)-> [636248] -615 (0.1)-> [878739] -615 (0.08)-> [3929605] -116 (0.21)-> [4544318]
[09/22/2018 12:55:35 PM] [635862] -582 (0.06)-> [636248] -615 (0.1)-> [878739] -615 (0.08)-> [3929605] -116 (0.12)-> [4544318]
[09/22/2018 12:59:15 PM] [635862] -301 (0.05)-> [2361440] -65 (0.1)-> [1758070] -167 (0.13)-> [1473910]
[09/22/2018 12:59:15 PM] [635862] -301 (0.05)-> [1840575] -65 (0.09)-> [2825172] -167 (0.13)-> [1473910]
[09/22/2018 12:59:15 PM] [635862] -301 (0.05)-> [1840575] -65 (0.09)-> [2825172] -167 (0.09)-> [1473910]
[09/22/2018 12:59:15 PM] [635862] -301 (0.05)-> [1900661] -286 (0.09)-> [1096021] -286 (0.13)-> [1473910]
[09/22/2018 12:59:15 PM] [635862] -301 (0.05)-> [1900661] -286 (0.09)-> [1096021] -286 (0.09)-> [1473910]
[09/22/2018 13:01:18 PM] [635862] -452 (0.06)-> [774300] -57 (0.1)-> [2559347] -167 (0.21)-> [5193279]
[09/22/2018 13:01:18 PM] [635862] -460 (0.05)-> [3937676] -460 (0.07)-> [2879825] -301 (0.23)-> [5193279]
[09/22/2018 13:01:18 PM] [635862] -460 (0.05)-> [3937676] -460 (0.06)-> [2879825] -301 (0.1)-> [5193279]
[09/22/2018 13:01:18 PM] [635862] -460 (0.05)-> [3937676] -460 (0.06)-> [2879825] -301 (0.13)-> [5193279]
[09/22/2018 13:01:18 PM] [635862] -460 (0.05)-> [3937676] -460 (0.07)-> [2879825] -301 (0.13)-> [5193279]
[09/22/2018 13:03:46 PM] [635862] -65 (0.07)-> [764017] -511 (0.23)-> [699998]
[09/22/2018 13:03:46 PM] [635862] -65 (0.07)-> [3468113] -511 (0.19)-> [699998]
[09/22/2018 13:03:46 PM] [635862] -65 (0.07)-> [3468113] -511 (0.09)-> [699998]
[09/22/2018 13:03:46 PM] [635862] -301 (0.06)-> [5375119] -65 (0.12)-> [3468113] -511 (0.25)-> [699998]
[09/22/2018 13:03:46 PM] [635862] -301 (0.06)-> [5375119] -65 (0.12)-> [3468113] -511 (0.09)-> [699998]
[09/22/2018 13:09:37 PM] [1023244] -167 (0.05)-> [2698037] -65 (0.08)-> [909419] -65 (0.11)-> [1924726] -167 (0.3)-> [2621452]
[09/22/2018 13:09:37 PM] [1023244] -512 (0.05)-> [2513676] -511 (0.08)-> [3095465] -65 (0.11)-> [4406974] -167 (0.23)-> [2621452]
[09/22/2018 13:09:37 PM] [1023244] -512 (0.05)-> [2513676] -511 (0.08)-> [3095465] -65 (0.11)-> [4406974] -167 (0.13)-> [2621452]
[09/22/2018 13:09:37 PM] [1023244] -512 (0.05)-> [2513676] -511 (0.06)-> [3095465] -65 (0.11)-> [4406974] -167 (0.18)-> [2621452]
[09/22/2018 13:09:37 PM] [1023244] -512 (0.05)-> [2513676] -511 (0.06)-> [3095465] -65 (0.11)-> [4406974] -167 (0.13)-> [2621452]
[09/22/2018 13:13:19 PM] [1023244] -167 (0.06)-> [2268432] -65 (0.09)-> [3095467] -65 (0.11)-> [1674663] -167 (0.3)-> [3641175]
[09/22/2018 13:13:19 PM] [1023244] -460 (0.06)-> [5133899] -460 (0.08)-> [5345797] -301 (0.23)-> [3641175]
[09/22/2018 13:13:19 PM] [1023244] -460 (0.06)-> [5133899] -460 (0.07)-> [5345797] -301 (0.11)-> [3641175]
[09/22/2018 13:13:19 PM] [1023244] -460 (0.06)-> [5133899] -460 (0.07)-> [5345797] -301 (0.15)-> [3641175]
[09/22/2018 13:13:19 PM] [1023244] -460 (0.06)-> [5133899] -460 (0.08)-> [5345797] -301 (0.15)-> [3641175]
[09/22/2018 13:14:35 PM] [1023244] -65 (0.09)-> [2938473] -511 (0.26)-> [4544318]
[09/22/2018 13:14:35 PM] [1023244] -525 (0.08)-> [2467528] -524 (0.22)-> [4544318]
[09/22/2018 13:14:35 PM] [1023244] -525 (0.08)-> [2467528] -524 (0.11)-> [4544318]
[09/22/2018 13:14:35 PM] [1023244] -65 (0.07)-> [3174521] -65 (0.18)-> [4544318]
[09/22/2018 13:14:35 PM] [1023244] -65 (0.07)-> [3174521] -65 (0.11)-> [4544318]
[09/22/2018 13:16:00 PM] [1023244] -498 (0.07)-> [5049655] -498 (0.26)-> [3732066]
[09/22/2018 13:16:00 PM] [1023244] -498 (0.07)-> [4601004] -498 (0.24)-> [3732066]
[09/22/2018 13:16:00 PM] [1023244] -498 (0.07)-> [4601004] -498 (0.09)-> [3732066]
[09/22/2018 13:16:00 PM] [1023244] -498 (0.07)-> [842774] -498 (0.24)-> [3732066]
[09/22/2018 13:16:00 PM] [1023244] -498 (0.07)-> [842774] -498 (0.09)-> [3732066]
[09/22/2018 13:17:28 PM] [1023244] -511 (0.07)-> [2758257] -65 (0.25)-> [4275576]
[09/22/2018 13:17:28 PM] [1023244] -511 (0.07)-> [1694468] -65 (0.2)-> [4275576]
[09/22/2018 13:17:28 PM] [1023244] -511 (0.07)-> [1694468] -65 (0.1)-> [4275576]
[09/22/2018 13:17:28 PM] [1023244] -501 (0.07)-> [1872947] -339 (0.18)-> [4275576]
[09/22/2018 13:17:28 PM] [1023244] -501 (0.07)-> [1872947] -339 (0.1)-> [4275576]
[09/22/2018 13:19:14 PM] [1259925] -167 (0.08)-> [996501] -65 (0.33)-> [3190706]
[09/22/2018 13:19:14 PM] [1259925] -582 (0.07)-> [636244] -116 (0.16)-> [3190706]
[09/22/2018 13:19:14 PM] [1259925] -582 (0.07)-> [636244] -116 (0.1)-> [3190706]
[09/22/2018 13:19:14 PM] [1259925] -301 (0.06)-> [961155] -340 (0.11)-> [4948773] -237 (0.17)-> [3190706]
[09/22/2018 13:19:14 PM] [1259925] -301 (0.06)-> [961155] -340 (0.11)-> [4948773] -237 (0.11)-> [3190706]
[09/22/2018 13:24:26 PM] [1259925] -65 (0.05)-> [3605473] -511 (0.07)-> [4787197] -301 (0.26)-> [1261379]
[09/22/2018 13:24:26 PM] [1259925] -501 (0.05)-> [4687111] -501 (0.07)-> [4787197] -301 (0.22)-> [1261379]
[09/22/2018 13:24:26 PM] [1259925] -501 (0.05)-> [4687111] -501 (0.05)-> [4787197] -301 (0.09)-> [1261379]
[09/22/2018 13:24:26 PM] [1259925] -501 (0.05)-> [4687111] -501 (0.05)-> [4787197] -301 (0.11)-> [1261379]
[09/22/2018 13:24:26 PM] [1259925] -501 (0.05)-> [4687111] -501 (0.07)-> [4787197] -301 (0.11)-> [1261379]
[09/22/2018 13:27:36 PM] [1259925] -65 (0.05)-> [3165553] -194 (0.09)-> [5377690] -116 (0.3)-> [4367775]
[09/22/2018 13:27:36 PM] [1259925] -460 (0.05)-> [3633621] -460 (0.08)-> [5377412] -301 (0.28)-> [4367775]
[09/22/2018 13:27:36 PM] [1259925] -460 (0.05)-> [3633621] -460 (0.05)-> [5377412] -301 (0.09)-> [4367775]
[09/22/2018 13:27:36 PM] [1259925] -460 (0.05)-> [3633621] -460 (0.05)-> [5377412] -301 (0.1)-> [4367775]
[09/22/2018 13:27:36 PM] [1259925] -460 (0.05)-> [3633621] -460 (0.08)-> [5377412] -301 (0.1)-> [4367775]
[09/22/2018 13:32:20 PM] [1259925] -65 (0.08)-> [3802319] -511 (0.2)-> [901237]
[09/22/2018 13:32:20 PM] [1259925] -525 (0.06)-> [2467338] -522 (0.11)-> [5556136] -522 (0.16)-> [5254895] -524 (0.29)-> [901237]
[09/22/2018 13:32:20 PM] [1259925] -525 (0.06)-> [2467338] -522 (0.11)-> [5556136] -522 (0.16)-> [5254895] -524 (0.1)-> [901237]
[09/22/2018 13:32:20 PM] [1259925] -522 (0.05)-> [5255098] -524 (0.08)-> [1461418] -65 (0.12)-> [3466155] -511 (0.27)-> [901237]
[09/22/2018 13:32:20 PM] [1259925] -316 (0.05)-> [1473910] -65 (0.08)-> [4356687] -167 (0.11)-> [901237]
[09/22/2018 13:35:15 PM] [1259925] -525 (0.07)-> [5254996] -524 (0.21)-> [2451118]
[09/22/2018 13:35:15 PM] [1259925] -301 (0.06)-> [5315211] -511 (0.14)-> [5223999] -65 (0.19)-> [2451118]
[09/22/2018 13:35:15 PM] [1259925] -301 (0.06)-> [5315211] -511 (0.14)-> [5223999] -65 (0.09)-> [2451118]
[09/22/2018 13:35:15 PM] [1259925] -395 (0.05)-> [4420345] -525 (0.11)-> [5254996] -524 (0.2)-> [2451118]
[09/22/2018 13:35:15 PM] [1259925] -395 (0.05)-> [4420345] -525 (0.11)-> [5254996] -524 (0.09)-> [2451118]
