[09/02/2018 17:07:40 PM] Launching sm..
[09/02/2018 17:07:40 PM] Dataset: sub_sample.csv
[09/02/2018 17:07:40 PM] Output dir: /home/alex/Documents/streamminer/output
[09/02/2018 17:07:40 PM] Read data: (39, 7) sub_sample.csv
[09/02/2018 17:07:40 PM] Note: Found non-NA records: (39, 7)
[09/02/2018 17:07:41 PM] PID is: 599.0, with type: float64
[09/02/2018 17:07:44 PM] => Removing predicate 599.0 from KG.

[09/02/2018 17:07:45 PM] => Path extraction..(this can take a while)
[09/02/2018 17:09:10 PM] Launching sm..
[09/02/2018 17:09:10 PM] Dataset: sub_sample.csv
[09/02/2018 17:09:10 PM] Output dir: /home/alex/Documents/streamminer/output
[09/02/2018 17:09:10 PM] Read data: (39, 7) sub_sample.csv
[09/02/2018 17:09:10 PM] Note: Found non-NA records: (39, 7)
[09/02/2018 17:09:10 PM] PID is: 599.0, with type: float64
[09/02/2018 17:09:13 PM] => Removing predicate 599.0 from KG.

[09/02/2018 17:09:14 PM] => Path extraction..(this can take a while)
[09/02/2018 17:09:16 PM] (extract_paths_sm, Before YenKSP4) indices: [0.21670586 0.15955433 0.14793538 ... 0.20149315 0.20149315 0.20149315], data: [3974010277 1446144422 1876474925 ... 4005926252 4005926253 4005926254]
[09/02/2018 17:09:17 PM] (extract_paths_sm, Before YenKSP4) The masked edges for 599.0: [False False False ... False False False]
[09/02/2018 17:09:20 PM] ---------------------------------
[392035, 78, 2675800, 2115741]
[-1, 660, 660, 599]
[09/02/2018 17:09:22 PM] ---------------------------------
[392035, 3845794, 3212007, 769614, 1576101, 2115741]
[-1, 123, 123, 462, 462, 599]
[09/02/2018 17:09:24 PM] ---------------------------------
[392035, 78, 2675800, 2115741]
[-1, 660, 660, 599]
[09/02/2018 17:09:25 PM] ---------------------------------
[392035, 78, 2675800, 3740468, 963972, 2115741]
[-1, 660, 660, 329, 329, 599]
[09/02/2018 17:09:27 PM] ---------------------------------
[392035, 3845794, 3212007, 769614, 1576101, 2115741]
[-1, 123, 123, 462, 462, 599]
[09/02/2018 17:09:28 PM] ---------------------------------
[392035, 78, 2675800, 2115741]
[-1, 660, 660, 599]
[09/02/2018 17:09:30 PM] ---------------------------------
[392035, 78, 2675800, 78, 963972, 2115741]
[-1, 660, 660, 660, 660, 599]
[09/02/2018 17:09:32 PM] ---------------------------------
[392035, 78, 2675800, 3740468, 2675800, 2115741]
[-1, 660, 660, 329, 329, 599]
[09/02/2018 17:09:33 PM] ---------------------------------
[392035, 78, 2675800, 3740468, 963972, 3740468, 2675800, 2115741]
[-1, 660, 660, 329, 329, 329, 329, 599]
[09/02/2018 17:09:35 PM] ---------------------------------
[392035, 3845794, 3212007, 769614, 1576101, 2115741]
[-1, 123, 123, 462, 462, 599]
[09/02/2018 17:09:37 PM] ---------------------------------
[392035, 78, 2675800, 2115741]
[-1, 660, 660, 599]
[09/02/2018 17:09:38 PM] ---------------------------------
[392035, 78, 2675800, 3776390, 3841722, 3707357, 2944681, 2115741]
[-1, 660, 660, 65, 65, 329, 329, 189]
[09/02/2018 17:09:40 PM] ---------------------------------
[392035, 78, 2675800, 78, 2675800, 2115741]
[-1, 660, 660, 660, 660, 599]
[09/02/2018 17:09:42 PM] ---------------------------------
[392035, 78, 2675800, 78, 963972, 3740468, 2675800, 2115741]
[-1, 660, 660, 660, 660, 329, 329, 599]
[09/02/2018 17:09:43 PM] ---------------------------------
[392035, 3845794, 3212007, 769614, 1576101, 2115741]
[-1, 123, 123, 462, 462, 599]
[09/02/2018 17:09:45 PM] ---------------------------------
[392035, 78, 2675800, 2115741]
[-1, 660, 660, 599]
[09/02/2018 17:09:47 PM] ---------------------------------
[392035, 78, 2675800, 3776390, 3841722, 3707357, 2944681, 2115741]
[-1, 660, 660, 65, 65, 329, 329, 189]
[09/02/2018 17:09:48 PM] ---------------------------------
[392035, 3845794, 3212007, 769614, 1576101, 2115741]
[-1, 123, 123, 462, 462, 599]
[09/02/2018 17:09:50 PM] ---------------------------------
[392035, 78, 2675800, 2115741]
[-1, 660, 660, 599]
[09/02/2018 17:09:52 PM] ---------------------------------
[392035, 78, 2675800, 3776390, 3841722, 3707357, 2944681, 2115741]
[-1, 660, 660, 65, 65, 329, 329, 189]
[09/02/2018 17:09:54 PM] ---------------------------------
[392035, 3845794, 3212007, 769614, 1576101, 2115741]
[-1, 123, 123, 462, 462, 599]
[09/02/2018 17:09:55 PM] ---------------------------------
[392035, 78, 2675800, 2115741]
[-1, 660, 660, 599]
[09/02/2018 17:09:57 PM] ---------------------------------
[392035, 78, 2675800, 3776390, 3841722, 3707357, 2944681, 2115741]
[-1, 660, 660, 65, 65, 329, 329, 189]
[09/02/2018 17:09:59 PM] ---------------------------------
[392035, 3845794, 3212007, 769614, 1576101, 2115741]
[-1, 123, 123, 462, 462, 599]
[09/02/2018 17:10:01 PM] ---------------------------------
[392035, 78, 2675800, 2115741]
[-1, 660, 660, 599]
[09/02/2018 17:10:02 PM] ---------------------------------
[392035, 78, 2675800, 3776390, 3841722, 3707357, 2944681, 2115741]
[-1, 660, 660, 65, 65, 329, 329, 189]
[09/02/2018 17:10:04 PM] ---------------------------------
[392035, 3845794, 3212007, 769614, 1576101, 2115741]
[-1, 123, 123, 462, 462, 599]
[09/02/2018 17:10:06 PM] ---------------------------------
[392035, 78, 2675800, 2115741]
[-1, 660, 660, 599]
[09/02/2018 17:10:08 PM] ---------------------------------
[392035, 78, 2675800, 3776390, 3841722, 3707357, 2944681, 2115741]
[-1, 660, 660, 65, 65, 329, 329, 189]
[09/02/2018 17:10:09 PM] ---------------------------------
[392035, 3845794, 3212007, 769614, 1576101, 2115741]
[-1, 123, 123, 462, 462, 599]
[09/02/2018 17:10:11 PM] ---------------------------------
[392035, 78, 2675800, 2115741]
[-1, 660, 660, 599]
[09/02/2018 17:10:13 PM] ---------------------------------
[392035, 78, 2675800, 3776390, 3841722, 3707357, 2944681, 2115741]
[-1, 660, 660, 65, 65, 329, 329, 189]
[09/02/2018 17:10:14 PM] ---------------------------------
[392035, 3845794, 3212007, 769614, 1576101, 2115741]
[-1, 123, 123, 462, 462, 599]
[09/02/2018 17:10:16 PM] ---------------------------------
[392035, 78, 2675800, 2115741]
[-1, 660, 660, 599]
[09/02/2018 17:10:18 PM] ---------------------------------
[392035, 78, 2675800, 3776390, 3841722, 3707357, 2944681, 2115741]
[-1, 660, 660, 65, 65, 329, 329, 189]
[09/02/2018 17:10:19 PM] ---------------------------------
[392035, 3845794, 3212007, 769614, 1576101, 2115741]
[-1, 123, 123, 462, 462, 599]
[09/02/2018 17:10:21 PM] ---------------------------------
[392035, 78, 2675800, 2115741]
[-1, 660, 660, 599]
[09/02/2018 17:10:23 PM] ---------------------------------
[392035, 78, 2675800, 3776390, 3841722, 3707357, 2944681, 2115741]
[-1, 660, 660, 65, 65, 329, 329, 189]
[09/02/2018 17:10:25 PM] ---------------------------------
[392035, 3845794, 3212007, 769614, 1576101, 2115741]
[-1, 123, 123, 462, 462, 599]
[09/02/2018 17:10:26 PM] ---------------------------------
[392035, 78, 2675800, 2115741]
[-1, 660, 660, 599]
[09/02/2018 17:10:28 PM] ---------------------------------
[392035, 78, 2675800, 3776390, 3841722, 3707357, 2944681, 2115741]
[-1, 660, 660, 65, 65, 329, 329, 189]
[09/02/2018 17:10:30 PM] ---------------------------------
[392035, 3845794, 3212007, 769614, 1576101, 2115741]
[-1, 123, 123, 462, 462, 599]
[09/02/2018 17:10:31 PM] ---------------------------------
[392035, 78, 2675800, 2115741]
[-1, 660, 660, 599]
[09/02/2018 17:10:33 PM] ---------------------------------
[392035, 78, 2675800, 3776390, 3841722, 3707357, 2944681, 2115741]
[-1, 660, 660, 65, 65, 329, 329, 189]
[09/02/2018 17:10:35 PM] ---------------------------------
[392035, 3845794, 3212007, 769614, 1576101, 2115741]
[-1, 123, 123, 462, 462, 599]
[09/02/2018 17:10:37 PM] ---------------------------------
[392035, 78, 2675800, 2115741]
[-1, 660, 660, 599]
[09/02/2018 17:10:38 PM] ---------------------------------
[392035, 78, 2675800, 3776390, 3841722, 3707357, 2944681, 2115741]
[-1, 660, 660, 65, 65, 329, 329, 189]
[09/02/2018 17:10:40 PM] ---------------------------------
[392035, 3845794, 3212007, 769614, 1576101, 2115741]
[-1, 123, 123, 462, 462, 599]
[09/02/2018 17:10:42 PM] ---------------------------------
[392035, 78, 2675800, 2115741]
[-1, 660, 660, 599]
[09/02/2018 17:10:44 PM] ---------------------------------
[392035, 78, 2675800, 3776390, 3841722, 3707357, 2944681, 2115741]
[-1, 660, 660, 65, 65, 329, 329, 189]
[09/02/2018 17:10:45 PM] ---------------------------------
[392035, 3845794, 3212007, 769614, 1576101, 2115741]
[-1, 123, 123, 462, 462, 599]
[09/02/2018 17:10:47 PM] ---------------------------------
[392035, 78, 2675800, 2115741]
[-1, 660, 660, 599]
[09/02/2018 17:10:49 PM] ---------------------------------
[392035, 78, 2675800, 3776390, 3841722, 3707357, 2944681, 2115741]
[-1, 660, 660, 65, 65, 329, 329, 189]
[09/02/2018 17:10:50 PM] ---------------------------------
[392035, 3845794, 3212007, 769614, 1576101, 2115741]
[-1, 123, 123, 462, 462, 599]
[09/02/2018 17:10:52 PM] ---------------------------------
[392035, 78, 2675800, 2115741]
[-1, 660, 660, 599]
[09/02/2018 17:10:54 PM] ---------------------------------
[392035, 78, 2675800, 3776390, 3841722, 3707357, 2944681, 2115741]
[-1, 660, 660, 65, 65, 329, 329, 189]
[09/02/2018 17:10:55 PM] ---------------------------------
[392035, 3845794, 3212007, 769614, 1576101, 2115741]
[-1, 123, 123, 462, 462, 599]
[09/02/2018 17:10:57 PM] ---------------------------------
[392035, 78, 2675800, 2115741]
[-1, 660, 660, 599]
[09/02/2018 17:10:59 PM] ---------------------------------
[392035, 78, 2675800, 3776390, 3841722, 3707357, 2944681, 2115741]
[-1, 660, 660, 65, 65, 329, 329, 189]
[09/02/2018 17:11:52 PM] Launching sm..
[09/02/2018 17:11:52 PM] Dataset: sub_sample.csv
[09/02/2018 17:11:52 PM] Output dir: /home/alex/Documents/streamminer/output
[09/02/2018 17:11:52 PM] Read data: (39, 7) sub_sample.csv
[09/02/2018 17:11:52 PM] Note: Found non-NA records: (39, 7)
[09/02/2018 17:11:54 PM] PID is: 599.0, with type: float64
[09/02/2018 17:11:57 PM] => Removing predicate 599.0 from KG.

[09/02/2018 17:11:58 PM] => Path extraction..(this can take a while)
[09/02/2018 17:11:59 PM] (extract_paths_sm, Before YenKSP4) indices: [0.21670586 0.15955433 0.14793538 ... 0.20149315 0.20149315 0.20149315], data: [3974010277 1446144422 1876474925 ... 4005926252 4005926253 4005926254]
[09/02/2018 17:12:01 PM] (extract_paths_sm, Before YenKSP4) The masked edges for 599.0: [False False False ... False False False]
[09/02/2018 17:12:04 PM] ---------------------------------
[392035, 78, 2675800, 2115741]
[-1, 660, 660, 599]
[09/02/2018 17:12:06 PM] ---------------------------------
[392035, 3845794, 3212007, 769614, 1576101, 2115741]
[-1, 123, 123, 462, 462, 599]
[09/02/2018 17:12:08 PM] ---------------------------------
[392035, 78, 2675800, 2115741]
[-1, 660, 660, 599]
[09/02/2018 17:13:21 PM] Launching sm..
[09/02/2018 17:13:21 PM] Dataset: sub_sample.csv
[09/02/2018 17:13:21 PM] Output dir: /home/alex/Documents/streamminer/output
[09/02/2018 17:13:21 PM] Read data: (39, 7) sub_sample.csv
[09/02/2018 17:13:21 PM] Note: Found non-NA records: (39, 7)
[09/02/2018 17:13:21 PM] PID is: 599.0, with type: float64
[09/02/2018 17:13:24 PM] => Removing predicate 599.0 from KG.

[09/02/2018 17:13:25 PM] => Path extraction..(this can take a while)
[09/02/2018 17:13:26 PM] (extract_paths_sm, Before YenKSP4) indices: [0.21670586 0.15955433 0.14793538 ... 0.20149315 0.20149315 0.20149315], data: [3974010277 1446144422 1876474925 ... 4005926252 4005926253 4005926254]
[09/02/2018 17:13:28 PM] (extract_paths_sm, Before YenKSP4) The masked edges for 599.0: [False False False ... False False False]
[09/02/2018 17:13:31 PM] ---------------------------------
[392035, 78, 2675800, 2115741]
[-1, 660, 660, 599]
[09/02/2018 17:13:32 PM] ---------------------------------
[392035, 3845794, 3212007, 769614, 1576101, 2115741]
[-1, 123, 123, 462, 462, 599]
[09/02/2018 17:13:34 PM] ---------------------------------
[392035, 78, 2675800, 2115741]
[-1, 660, 660, 599]
[09/02/2018 17:13:36 PM] ---------------------------------
[392035, 78, 2675800, 3740468, 963972, 2115741]
[-1, 660, 660, 329, 329, 599]
[09/02/2018 17:13:37 PM] ---------------------------------
[392035, 3845794, 3212007, 769614, 1576101, 2115741]
[-1, 123, 123, 462, 462, 599]
[09/02/2018 17:13:39 PM] ---------------------------------
[392035, 78, 2675800, 2115741]
[-1, 660, 660, 599]
[09/02/2018 17:13:40 PM] ---------------------------------
[392035, 78, 2675800, 78, 963972, 2115741]
[-1, 660, 660, 660, 660, 599]
[09/02/2018 17:13:42 PM] ---------------------------------
[392035, 78, 2675800, 3740468, 2675800, 2115741]
[-1, 660, 660, 329, 329, 599]
[09/02/2018 17:13:44 PM] ---------------------------------
[392035, 78, 2675800, 3740468, 963972, 3740468, 2675800, 2115741]
[-1, 660, 660, 329, 329, 329, 329, 599]
[09/02/2018 17:13:45 PM] ---------------------------------
[392035, 3845794, 3212007, 769614, 1576101, 2115741]
[-1, 123, 123, 462, 462, 599]
[09/02/2018 17:13:47 PM] ---------------------------------
[392035, 78, 2675800, 2115741]
[-1, 660, 660, 599]
[09/02/2018 17:13:49 PM] ---------------------------------
[392035, 78, 2675800, 3776390, 3841722, 3707357, 2944681, 2115741]
[-1, 660, 660, 65, 65, 329, 329, 189]
[09/02/2018 17:13:51 PM] ---------------------------------
[392035, 78, 2675800, 78, 2675800, 2115741]
[-1, 660, 660, 660, 660, 599]
[09/02/2018 17:13:52 PM] ---------------------------------
[392035, 78, 2675800, 78, 963972, 3740468, 2675800, 2115741]
[-1, 660, 660, 660, 660, 329, 329, 599]
[09/02/2018 17:13:54 PM] ---------------------------------
[392035, 3845794, 3212007, 769614, 1576101, 2115741]
[-1, 123, 123, 462, 462, 599]
[09/02/2018 17:13:55 PM] ---------------------------------
[392035, 78, 2675800, 2115741]
[-1, 660, 660, 599]
[09/02/2018 17:13:57 PM] ---------------------------------
[392035, 78, 2675800, 3776390, 3841722, 3707357, 2944681, 2115741]
[-1, 660, 660, 65, 65, 329, 329, 189]
[09/02/2018 17:13:59 PM] ---------------------------------
[392035, 3845794, 3212007, 769614, 1576101, 2115741]
[-1, 123, 123, 462, 462, 599]
[09/02/2018 17:14:00 PM] ---------------------------------
[392035, 78, 2675800, 2115741]
[-1, 660, 660, 599]
[09/02/2018 17:14:02 PM] ---------------------------------
[392035, 78, 2675800, 3776390, 3841722, 3707357, 2944681, 2115741]
[-1, 660, 660, 65, 65, 329, 329, 189]
[09/02/2018 17:14:04 PM] ---------------------------------
[392035, 3845794, 3212007, 769614, 1576101, 2115741]
[-1, 123, 123, 462, 462, 599]
[09/02/2018 17:14:05 PM] ---------------------------------
[392035, 78, 2675800, 2115741]
[-1, 660, 660, 599]
[09/02/2018 17:14:07 PM] ---------------------------------
[392035, 78, 2675800, 3776390, 3841722, 3707357, 2944681, 2115741]
[-1, 660, 660, 65, 65, 329, 329, 189]
[09/02/2018 17:14:08 PM] ---------------------------------
[392035, 3845794, 3212007, 769614, 1576101, 2115741]
[-1, 123, 123, 462, 462, 599]
[09/02/2018 17:14:10 PM] ---------------------------------
[392035, 78, 2675800, 2115741]
[-1, 660, 660, 599]
[09/02/2018 17:14:12 PM] ---------------------------------
[392035, 78, 2675800, 3776390, 3841722, 3707357, 2944681, 2115741]
[-1, 660, 660, 65, 65, 329, 329, 189]
[09/02/2018 17:14:14 PM] ---------------------------------
[392035, 3845794, 3212007, 769614, 1576101, 2115741]
[-1, 123, 123, 462, 462, 599]
[09/02/2018 17:14:15 PM] ---------------------------------
[392035, 78, 2675800, 2115741]
[-1, 660, 660, 599]
[09/02/2018 17:14:17 PM] ---------------------------------
[392035, 78, 2675800, 3776390, 3841722, 3707357, 2944681, 2115741]
[-1, 660, 660, 65, 65, 329, 329, 189]
[09/02/2018 17:14:19 PM] ---------------------------------
[392035, 3845794, 3212007, 769614, 1576101, 2115741]
[-1, 123, 123, 462, 462, 599]
[09/02/2018 17:14:21 PM] ---------------------------------
[392035, 78, 2675800, 2115741]
[-1, 660, 660, 599]
[09/02/2018 17:14:22 PM] ---------------------------------
[392035, 78, 2675800, 3776390, 3841722, 3707357, 2944681, 2115741]
[-1, 660, 660, 65, 65, 329, 329, 189]
[09/02/2018 17:14:24 PM] ---------------------------------
[392035, 3845794, 3212007, 769614, 1576101, 2115741]
[-1, 123, 123, 462, 462, 599]
[09/02/2018 17:14:26 PM] ---------------------------------
[392035, 78, 2675800, 2115741]
[-1, 660, 660, 599]
[09/02/2018 17:14:28 PM] ---------------------------------
[392035, 78, 2675800, 3776390, 3841722, 3707357, 2944681, 2115741]
[-1, 660, 660, 65, 65, 329, 329, 189]
[09/02/2018 17:14:29 PM] ---------------------------------
[392035, 3845794, 3212007, 769614, 1576101, 2115741]
[-1, 123, 123, 462, 462, 599]
[09/02/2018 17:14:31 PM] ---------------------------------
[392035, 78, 2675800, 2115741]
[-1, 660, 660, 599]
[09/02/2018 17:14:33 PM] ---------------------------------
[392035, 78, 2675800, 3776390, 3841722, 3707357, 2944681, 2115741]
[-1, 660, 660, 65, 65, 329, 329, 189]
[09/02/2018 17:14:34 PM] ---------------------------------
[392035, 3845794, 3212007, 769614, 1576101, 2115741]
[-1, 123, 123, 462, 462, 599]
[09/02/2018 17:14:36 PM] ---------------------------------
[392035, 78, 2675800, 2115741]
[-1, 660, 660, 599]
[09/02/2018 17:14:38 PM] ---------------------------------
[392035, 78, 2675800, 3776390, 3841722, 3707357, 2944681, 2115741]
[-1, 660, 660, 65, 65, 329, 329, 189]
[09/02/2018 17:14:40 PM] ---------------------------------
[392035, 3845794, 3212007, 769614, 1576101, 2115741]
[-1, 123, 123, 462, 462, 599]
[09/02/2018 17:14:41 PM] ---------------------------------
[392035, 78, 2675800, 2115741]
[-1, 660, 660, 599]
[09/02/2018 17:14:43 PM] ---------------------------------
[392035, 78, 2675800, 3776390, 3841722, 3707357, 2944681, 2115741]
[-1, 660, 660, 65, 65, 329, 329, 189]
[09/02/2018 17:14:45 PM] ---------------------------------
[392035, 3845794, 3212007, 769614, 1576101, 2115741]
[-1, 123, 123, 462, 462, 599]
[09/02/2018 17:14:46 PM] ---------------------------------
[392035, 78, 2675800, 2115741]
[-1, 660, 660, 599]
[09/02/2018 17:14:48 PM] ---------------------------------
[392035, 78, 2675800, 3776390, 3841722, 3707357, 2944681, 2115741]
[-1, 660, 660, 65, 65, 329, 329, 189]
[09/02/2018 17:14:50 PM] ---------------------------------
[392035, 3845794, 3212007, 769614, 1576101, 2115741]
[-1, 123, 123, 462, 462, 599]
[09/02/2018 17:14:51 PM] ---------------------------------
[392035, 78, 2675800, 2115741]
[-1, 660, 660, 599]
[09/02/2018 17:14:53 PM] ---------------------------------
[392035, 78, 2675800, 3776390, 3841722, 3707357, 2944681, 2115741]
[-1, 660, 660, 65, 65, 329, 329, 189]
[09/02/2018 17:14:55 PM] ---------------------------------
[392035, 3845794, 3212007, 769614, 1576101, 2115741]
[-1, 123, 123, 462, 462, 599]
[09/02/2018 17:14:57 PM] ---------------------------------
[392035, 78, 2675800, 2115741]
[-1, 660, 660, 599]
[09/02/2018 17:14:58 PM] ---------------------------------
[392035, 78, 2675800, 3776390, 3841722, 3707357, 2944681, 2115741]
[-1, 660, 660, 65, 65, 329, 329, 189]
[09/02/2018 17:15:00 PM] ---------------------------------
[392035, 3845794, 3212007, 769614, 1576101, 2115741]
[-1, 123, 123, 462, 462, 599]
[09/02/2018 17:15:02 PM] ---------------------------------
[392035, 78, 2675800, 2115741]
[-1, 660, 660, 599]
[09/02/2018 17:15:03 PM] ---------------------------------
[392035, 78, 2675800, 3776390, 3841722, 3707357, 2944681, 2115741]
[-1, 660, 660, 65, 65, 329, 329, 189]
[09/02/2018 17:15:05 PM] ---------------------------------
[392035, 3845794, 3212007, 769614, 1576101, 2115741]
[-1, 123, 123, 462, 462, 599]
[09/02/2018 17:15:07 PM] ---------------------------------
[392035, 78, 2675800, 2115741]
[-1, 660, 660, 599]
[09/02/2018 17:15:08 PM] ---------------------------------
[392035, 78, 2675800, 3776390, 3841722, 3707357, 2944681, 2115741]
[-1, 660, 660, 65, 65, 329, 329, 189]
[09/02/2018 17:18:30 PM] Launching sm..
[09/02/2018 17:18:30 PM] Dataset: sub_sample.csv
[09/02/2018 17:18:30 PM] Output dir: /home/alex/Documents/streamminer/output
[09/02/2018 17:18:30 PM] Read data: (39, 7) sub_sample.csv
[09/02/2018 17:18:30 PM] Note: Found non-NA records: (39, 7)
[09/02/2018 17:18:37 PM] PID is: 599.0, with type: float64
[09/02/2018 17:18:49 PM] => Removing predicate 599.0 from KG.

[09/02/2018 17:18:54 PM] => Path extraction..(this can take a while)
[09/02/2018 17:18:58 PM] (extract_paths_sm, Before YenKSP4) indices: [0.21670586 0.15955433 0.14793538 ... 0.20149315 0.20149315 0.20149315], data: [3974010277 1446144422 1876474925 ... 4005926252 4005926253 4005926254]
[09/02/2018 17:19:01 PM] (extract_paths_sm, Before YenKSP4) The masked edges for 599.0: [False False False ... False False False]
[09/02/2018 17:19:05 PM] ---------------------------------
[392035, 78, 2675800, 2115741]
[-1, 660, 660, 599]
[09/02/2018 17:19:07 PM] ---------------------------------
[392035, 3845794, 3212007, 769614, 1576101, 2115741]
[-1, 123, 123, 462, 462, 599]
[09/02/2018 17:19:08 PM] ---------------------------------
[392035, 78, 2675800, 2115741]
[-1, 660, 660, 599]
[09/02/2018 17:20:18 PM] Launching sm..
[09/02/2018 17:20:18 PM] Dataset: sub_sample.csv
[09/02/2018 17:20:18 PM] Output dir: /home/alex/Documents/streamminer/output
[09/02/2018 17:20:18 PM] Read data: (39, 7) sub_sample.csv
[09/02/2018 17:20:18 PM] Note: Found non-NA records: (39, 7)
[09/02/2018 17:20:19 PM] PID is: 599.0, with type: float64
[09/02/2018 17:20:21 PM] => Removing predicate 599.0 from KG.

[09/02/2018 17:20:23 PM] => Path extraction..(this can take a while)
[09/02/2018 17:20:24 PM] (extract_paths_sm, Before YenKSP4) indices: [0.21670586 0.15955433 0.14793538 ... 0.20149315 0.20149315 0.20149315], data: [3974010277 1446144422 1876474925 ... 4005926252 4005926253 4005926254]
[09/02/2018 17:20:25 PM] (extract_paths_sm, Before YenKSP4) The masked edges for 599.0: [False False False ... False False False]
[09/02/2018 17:20:28 PM] ---------------------------------
[392035, 78, 2675800, 2115741]
[-1, 660, 660, 599]
[09/02/2018 17:20:30 PM] ---------------------------------
[392035, 3845794, 3212007, 769614, 1576101, 2115741]
[-1, 123, 123, 462, 462, 599]
[09/02/2018 17:20:31 PM] ---------------------------------
[392035, 78, 2675800, 2115741]
[-1, 660, 660, 599]
[09/02/2018 17:20:33 PM] ---------------------------------
[392035, 78, 2675800, 3740468, 963972, 2115741]
[-1, 660, 660, 329, 329, 599]
[09/02/2018 17:20:34 PM] ---------------------------------
[392035, 3845794, 3212007, 769614, 1576101, 2115741]
[-1, 123, 123, 462, 462, 599]
[09/02/2018 17:20:36 PM] ---------------------------------
[392035, 78, 2675800, 2115741]
[-1, 660, 660, 599]
[09/02/2018 17:20:37 PM] ---------------------------------
[392035, 78, 2675800, 78, 963972, 2115741]
[-1, 660, 660, 660, 660, 599]
[09/02/2018 17:20:39 PM] ---------------------------------
[392035, 78, 2675800, 3740468, 2675800, 2115741]
[-1, 660, 660, 329, 329, 599]
[09/02/2018 17:20:40 PM] ---------------------------------
[392035, 78, 2675800, 3740468, 963972, 3740468, 2675800, 2115741]
[-1, 660, 660, 329, 329, 329, 329, 599]
[09/02/2018 17:20:42 PM] ---------------------------------
[392035, 3845794, 3212007, 769614, 1576101, 2115741]
[-1, 123, 123, 462, 462, 599]
[09/02/2018 17:20:43 PM] ---------------------------------
[392035, 78, 2675800, 2115741]
[-1, 660, 660, 599]
[09/02/2018 17:20:45 PM] ---------------------------------
[392035, 78, 2675800, 3776390, 3841722, 3707357, 2944681, 2115741]
[-1, 660, 660, 65, 65, 329, 329, 189]
[09/02/2018 17:20:47 PM] ---------------------------------
[392035, 78, 2675800, 78, 2675800, 2115741]
[-1, 660, 660, 660, 660, 599]
[09/02/2018 17:20:48 PM] ---------------------------------
[392035, 78, 2675800, 78, 963972, 3740468, 2675800, 2115741]
[-1, 660, 660, 660, 660, 329, 329, 599]
[09/02/2018 17:20:50 PM] ---------------------------------
[392035, 3845794, 3212007, 769614, 1576101, 2115741]
[-1, 123, 123, 462, 462, 599]
[09/02/2018 17:20:51 PM] ---------------------------------
[392035, 78, 2675800, 2115741]
[-1, 660, 660, 599]
[09/02/2018 17:20:53 PM] ---------------------------------
[392035, 78, 2675800, 3776390, 3841722, 3707357, 2944681, 2115741]
[-1, 660, 660, 65, 65, 329, 329, 189]
[09/02/2018 17:20:54 PM] ---------------------------------
[392035, 3845794, 3212007, 769614, 1576101, 2115741]
[-1, 123, 123, 462, 462, 599]
[09/02/2018 17:20:56 PM] ---------------------------------
[392035, 78, 2675800, 2115741]
[-1, 660, 660, 599]
[09/02/2018 17:20:58 PM] ---------------------------------
[392035, 78, 2675800, 3776390, 3841722, 3707357, 2944681, 2115741]
[-1, 660, 660, 65, 65, 329, 329, 189]
[09/02/2018 17:20:59 PM] ---------------------------------
[392035, 3845794, 3212007, 769614, 1576101, 2115741]
[-1, 123, 123, 462, 462, 599]
[09/02/2018 17:21:01 PM] ---------------------------------
[392035, 78, 2675800, 2115741]
[-1, 660, 660, 599]
[09/02/2018 17:21:02 PM] ---------------------------------
[392035, 78, 2675800, 3776390, 3841722, 3707357, 2944681, 2115741]
[-1, 660, 660, 65, 65, 329, 329, 189]
[09/02/2018 17:21:04 PM] ---------------------------------
[392035, 3845794, 3212007, 769614, 1576101, 2115741]
[-1, 123, 123, 462, 462, 599]
[09/02/2018 17:21:05 PM] ---------------------------------
[392035, 78, 2675800, 2115741]
[-1, 660, 660, 599]
[09/02/2018 17:21:07 PM] ---------------------------------
[392035, 78, 2675800, 3776390, 3841722, 3707357, 2944681, 2115741]
[-1, 660, 660, 65, 65, 329, 329, 189]
[09/02/2018 17:21:08 PM] ---------------------------------
[392035, 3845794, 3212007, 769614, 1576101, 2115741]
[-1, 123, 123, 462, 462, 599]
[09/02/2018 17:21:10 PM] ---------------------------------
[392035, 78, 2675800, 2115741]
[-1, 660, 660, 599]
[09/02/2018 17:21:12 PM] ---------------------------------
[392035, 78, 2675800, 3776390, 3841722, 3707357, 2944681, 2115741]
[-1, 660, 660, 65, 65, 329, 329, 189]
[09/02/2018 17:21:13 PM] ---------------------------------
[392035, 3845794, 3212007, 769614, 1576101, 2115741]
[-1, 123, 123, 462, 462, 599]
[09/02/2018 17:21:15 PM] ---------------------------------
[392035, 78, 2675800, 2115741]
[-1, 660, 660, 599]
[09/02/2018 17:21:16 PM] ---------------------------------
[392035, 78, 2675800, 3776390, 3841722, 3707357, 2944681, 2115741]
[-1, 660, 660, 65, 65, 329, 329, 189]
[09/02/2018 17:21:18 PM] ---------------------------------
[392035, 3845794, 3212007, 769614, 1576101, 2115741]
[-1, 123, 123, 462, 462, 599]
[09/02/2018 17:21:19 PM] ---------------------------------
[392035, 78, 2675800, 2115741]
[-1, 660, 660, 599]
[09/02/2018 17:21:21 PM] ---------------------------------
[392035, 78, 2675800, 3776390, 3841722, 3707357, 2944681, 2115741]
[-1, 660, 660, 65, 65, 329, 329, 189]
[09/02/2018 17:21:22 PM] ---------------------------------
[392035, 3845794, 3212007, 769614, 1576101, 2115741]
[-1, 123, 123, 462, 462, 599]
[09/02/2018 17:21:24 PM] ---------------------------------
[392035, 78, 2675800, 2115741]
[-1, 660, 660, 599]
[09/02/2018 17:21:26 PM] ---------------------------------
[392035, 78, 2675800, 3776390, 3841722, 3707357, 2944681, 2115741]
[-1, 660, 660, 65, 65, 329, 329, 189]
[09/02/2018 17:21:27 PM] ---------------------------------
[392035, 3845794, 3212007, 769614, 1576101, 2115741]
[-1, 123, 123, 462, 462, 599]
[09/02/2018 17:21:29 PM] ---------------------------------
[392035, 78, 2675800, 2115741]
[-1, 660, 660, 599]
[09/02/2018 17:21:30 PM] ---------------------------------
[392035, 78, 2675800, 3776390, 3841722, 3707357, 2944681, 2115741]
[-1, 660, 660, 65, 65, 329, 329, 189]
[09/02/2018 17:21:32 PM] ---------------------------------
[392035, 3845794, 3212007, 769614, 1576101, 2115741]
[-1, 123, 123, 462, 462, 599]
[09/02/2018 17:21:33 PM] ---------------------------------
[392035, 78, 2675800, 2115741]
[-1, 660, 660, 599]
[09/02/2018 17:21:35 PM] ---------------------------------
[392035, 78, 2675800, 3776390, 3841722, 3707357, 2944681, 2115741]
[-1, 660, 660, 65, 65, 329, 329, 189]
[09/02/2018 17:21:36 PM] ---------------------------------
[392035, 3845794, 3212007, 769614, 1576101, 2115741]
[-1, 123, 123, 462, 462, 599]
[09/02/2018 17:21:38 PM] ---------------------------------
[392035, 78, 2675800, 2115741]
[-1, 660, 660, 599]
[09/02/2018 17:21:40 PM] ---------------------------------
[392035, 78, 2675800, 3776390, 3841722, 3707357, 2944681, 2115741]
[-1, 660, 660, 65, 65, 329, 329, 189]
[09/02/2018 17:21:41 PM] ---------------------------------
[392035, 3845794, 3212007, 769614, 1576101, 2115741]
[-1, 123, 123, 462, 462, 599]
[09/02/2018 17:21:43 PM] ---------------------------------
[392035, 78, 2675800, 2115741]
[-1, 660, 660, 599]
[09/02/2018 17:21:44 PM] ---------------------------------
[392035, 78, 2675800, 3776390, 3841722, 3707357, 2944681, 2115741]
[-1, 660, 660, 65, 65, 329, 329, 189]
[09/02/2018 17:21:46 PM] ---------------------------------
[392035, 3845794, 3212007, 769614, 1576101, 2115741]
[-1, 123, 123, 462, 462, 599]
[09/02/2018 17:21:47 PM] ---------------------------------
[392035, 78, 2675800, 2115741]
[-1, 660, 660, 599]
[09/02/2018 17:21:49 PM] ---------------------------------
[392035, 78, 2675800, 3776390, 3841722, 3707357, 2944681, 2115741]
[-1, 660, 660, 65, 65, 329, 329, 189]
[09/02/2018 17:21:50 PM] ---------------------------------
[392035, 3845794, 3212007, 769614, 1576101, 2115741]
[-1, 123, 123, 462, 462, 599]
[09/02/2018 17:21:52 PM] ---------------------------------
[392035, 78, 2675800, 2115741]
[-1, 660, 660, 599]
[09/02/2018 17:21:54 PM] ---------------------------------
[392035, 78, 2675800, 3776390, 3841722, 3707357, 2944681, 2115741]
[-1, 660, 660, 65, 65, 329, 329, 189]
[09/02/2018 17:21:55 PM] ---------------------------------
[392035, 3845794, 3212007, 769614, 1576101, 2115741]
[-1, 123, 123, 462, 462, 599]
[09/02/2018 17:21:57 PM] ---------------------------------
[392035, 78, 2675800, 2115741]
[-1, 660, 660, 599]
[09/02/2018 17:21:58 PM] ---------------------------------
[392035, 78, 2675800, 3776390, 3841722, 3707357, 2944681, 2115741]
[-1, 660, 660, 65, 65, 329, 329, 189]
[09/02/2018 17:25:22 PM] Launching sm..
[09/02/2018 17:25:22 PM] Dataset: sub_sample.csv
[09/02/2018 17:25:22 PM] Output dir: /home/alex/Documents/streamminer/output
[09/02/2018 17:25:22 PM] Read data: (39, 7) sub_sample.csv
[09/02/2018 17:25:22 PM] Note: Found non-NA records: (39, 7)
[09/02/2018 17:25:24 PM] PID is: 599.0, with type: float64
[09/02/2018 17:25:26 PM] => Removing predicate 599.0 from KG.

[09/02/2018 17:25:27 PM] => Path extraction..(this can take a while)
[09/02/2018 17:25:29 PM] (extract_paths_sm, Before YenKSP4) indices: [0.21670586 0.15955433 0.14793538 ... 0.20149315 0.20149315 0.20149315], data: [3974010277 1446144422 1876474925 ... 4005926252 4005926253 4005926254]
[09/02/2018 17:25:30 PM] (extract_paths_sm, Before YenKSP4) The masked edges for 599.0: [False False False ... False False False]
[09/02/2018 17:25:33 PM] totalPath: [392035, 78, 2675800, 2115741], totalPathRel: [-1, 660, 660, 599]
[09/02/2018 17:25:34 PM] totalPath: [392035, 3845794, 3212007, 769614, 1576101, 2115741], totalPathRel: [-1, 123, 123, 462, 462, 599]
[09/02/2018 17:25:36 PM] totalPath: [392035, 78, 2675800, 2115741], totalPathRel: [-1, 660, 660, 599]
[09/02/2018 17:25:38 PM] totalPath: [392035, 78, 2675800, 3740468, 963972, 2115741], totalPathRel: [-1, 660, 660, 329, 329, 599]
[09/02/2018 17:25:39 PM] totalPath: [392035, 3845794, 3212007, 769614, 1576101, 2115741], totalPathRel: [-1, 123, 123, 462, 462, 599]
[09/02/2018 17:25:41 PM] totalPath: [392035, 78, 2675800, 2115741], totalPathRel: [-1, 660, 660, 599]
[09/02/2018 17:25:42 PM] totalPath: [392035, 78, 2675800, 78, 963972, 2115741], totalPathRel: [-1, 660, 660, 660, 660, 599]
[09/02/2018 17:25:44 PM] totalPath: [392035, 78, 2675800, 3740468, 2675800, 2115741], totalPathRel: [-1, 660, 660, 329, 329, 599]
[09/02/2018 17:25:45 PM] totalPath: [392035, 78, 2675800, 3740468, 963972, 3740468, 2675800, 2115741], totalPathRel: [-1, 660, 660, 329, 329, 329, 329, 599]
[09/02/2018 17:25:47 PM] totalPath: [392035, 3845794, 3212007, 769614, 1576101, 2115741], totalPathRel: [-1, 123, 123, 462, 462, 599]
[09/02/2018 17:25:48 PM] totalPath: [392035, 78, 2675800, 2115741], totalPathRel: [-1, 660, 660, 599]
[09/02/2018 17:25:50 PM] totalPath: [392035, 78, 2675800, 3776390, 3841722, 3707357, 2944681, 2115741], totalPathRel: [-1, 660, 660, 65, 65, 329, 329, 189]
[09/02/2018 17:25:51 PM] totalPath: [392035, 78, 2675800, 78, 2675800, 2115741], totalPathRel: [-1, 660, 660, 660, 660, 599]
[09/02/2018 17:25:53 PM] totalPath: [392035, 78, 2675800, 78, 963972, 3740468, 2675800, 2115741], totalPathRel: [-1, 660, 660, 660, 660, 329, 329, 599]
[09/02/2018 17:25:54 PM] totalPath: [392035, 3845794, 3212007, 769614, 1576101, 2115741], totalPathRel: [-1, 123, 123, 462, 462, 599]
[09/02/2018 17:25:56 PM] totalPath: [392035, 78, 2675800, 2115741], totalPathRel: [-1, 660, 660, 599]
[09/02/2018 17:25:58 PM] totalPath: [392035, 78, 2675800, 3776390, 3841722, 3707357, 2944681, 2115741], totalPathRel: [-1, 660, 660, 65, 65, 329, 329, 189]
[09/02/2018 17:25:59 PM] totalPath: [392035, 3845794, 3212007, 769614, 1576101, 2115741], totalPathRel: [-1, 123, 123, 462, 462, 599]
[09/02/2018 17:26:01 PM] totalPath: [392035, 78, 2675800, 2115741], totalPathRel: [-1, 660, 660, 599]
[09/02/2018 17:26:02 PM] totalPath: [392035, 78, 2675800, 3776390, 3841722, 3707357, 2944681, 2115741], totalPathRel: [-1, 660, 660, 65, 65, 329, 329, 189]
[09/02/2018 17:26:04 PM] totalPath: [392035, 3845794, 3212007, 769614, 1576101, 2115741], totalPathRel: [-1, 123, 123, 462, 462, 599]
[09/02/2018 17:26:05 PM] totalPath: [392035, 78, 2675800, 2115741], totalPathRel: [-1, 660, 660, 599]
[09/02/2018 17:26:07 PM] totalPath: [392035, 78, 2675800, 3776390, 3841722, 3707357, 2944681, 2115741], totalPathRel: [-1, 660, 660, 65, 65, 329, 329, 189]
[09/02/2018 17:26:08 PM] totalPath: [392035, 3845794, 3212007, 769614, 1576101, 2115741], totalPathRel: [-1, 123, 123, 462, 462, 599]
[09/02/2018 17:26:10 PM] totalPath: [392035, 78, 2675800, 2115741], totalPathRel: [-1, 660, 660, 599]
[09/02/2018 17:26:12 PM] totalPath: [392035, 78, 2675800, 3776390, 3841722, 3707357, 2944681, 2115741], totalPathRel: [-1, 660, 660, 65, 65, 329, 329, 189]
[09/02/2018 17:26:13 PM] totalPath: [392035, 3845794, 3212007, 769614, 1576101, 2115741], totalPathRel: [-1, 123, 123, 462, 462, 599]
[09/02/2018 17:26:15 PM] totalPath: [392035, 78, 2675800, 2115741], totalPathRel: [-1, 660, 660, 599]
[09/02/2018 17:26:16 PM] totalPath: [392035, 78, 2675800, 3776390, 3841722, 3707357, 2944681, 2115741], totalPathRel: [-1, 660, 660, 65, 65, 329, 329, 189]
[09/02/2018 17:26:18 PM] totalPath: [392035, 3845794, 3212007, 769614, 1576101, 2115741], totalPathRel: [-1, 123, 123, 462, 462, 599]
[09/02/2018 17:26:19 PM] totalPath: [392035, 78, 2675800, 2115741], totalPathRel: [-1, 660, 660, 599]
[09/02/2018 17:26:21 PM] totalPath: [392035, 78, 2675800, 3776390, 3841722, 3707357, 2944681, 2115741], totalPathRel: [-1, 660, 660, 65, 65, 329, 329, 189]
[09/02/2018 17:26:23 PM] totalPath: [392035, 3845794, 3212007, 769614, 1576101, 2115741], totalPathRel: [-1, 123, 123, 462, 462, 599]
[09/02/2018 17:26:24 PM] totalPath: [392035, 78, 2675800, 2115741], totalPathRel: [-1, 660, 660, 599]
[09/02/2018 17:26:26 PM] totalPath: [392035, 78, 2675800, 3776390, 3841722, 3707357, 2944681, 2115741], totalPathRel: [-1, 660, 660, 65, 65, 329, 329, 189]
[09/02/2018 17:26:27 PM] totalPath: [392035, 3845794, 3212007, 769614, 1576101, 2115741], totalPathRel: [-1, 123, 123, 462, 462, 599]
[09/02/2018 17:26:29 PM] totalPath: [392035, 78, 2675800, 2115741], totalPathRel: [-1, 660, 660, 599]
[09/02/2018 17:26:30 PM] totalPath: [392035, 78, 2675800, 3776390, 3841722, 3707357, 2944681, 2115741], totalPathRel: [-1, 660, 660, 65, 65, 329, 329, 189]
[09/02/2018 17:26:32 PM] totalPath: [392035, 3845794, 3212007, 769614, 1576101, 2115741], totalPathRel: [-1, 123, 123, 462, 462, 599]
[09/02/2018 17:26:33 PM] totalPath: [392035, 78, 2675800, 2115741], totalPathRel: [-1, 660, 660, 599]
[09/02/2018 17:26:35 PM] totalPath: [392035, 78, 2675800, 3776390, 3841722, 3707357, 2944681, 2115741], totalPathRel: [-1, 660, 660, 65, 65, 329, 329, 189]
[09/02/2018 17:26:37 PM] totalPath: [392035, 3845794, 3212007, 769614, 1576101, 2115741], totalPathRel: [-1, 123, 123, 462, 462, 599]
[09/02/2018 17:26:38 PM] totalPath: [392035, 78, 2675800, 2115741], totalPathRel: [-1, 660, 660, 599]
[09/02/2018 17:26:40 PM] totalPath: [392035, 78, 2675800, 3776390, 3841722, 3707357, 2944681, 2115741], totalPathRel: [-1, 660, 660, 65, 65, 329, 329, 189]
[09/02/2018 17:26:41 PM] totalPath: [392035, 3845794, 3212007, 769614, 1576101, 2115741], totalPathRel: [-1, 123, 123, 462, 462, 599]
[09/02/2018 17:26:43 PM] totalPath: [392035, 78, 2675800, 2115741], totalPathRel: [-1, 660, 660, 599]
[09/02/2018 17:26:45 PM] totalPath: [392035, 78, 2675800, 3776390, 3841722, 3707357, 2944681, 2115741], totalPathRel: [-1, 660, 660, 65, 65, 329, 329, 189]
[09/02/2018 17:26:46 PM] totalPath: [392035, 3845794, 3212007, 769614, 1576101, 2115741], totalPathRel: [-1, 123, 123, 462, 462, 599]
[09/02/2018 17:26:48 PM] totalPath: [392035, 78, 2675800, 2115741], totalPathRel: [-1, 660, 660, 599]
[09/02/2018 17:26:49 PM] totalPath: [392035, 78, 2675800, 3776390, 3841722, 3707357, 2944681, 2115741], totalPathRel: [-1, 660, 660, 65, 65, 329, 329, 189]
[09/02/2018 17:26:51 PM] totalPath: [392035, 3845794, 3212007, 769614, 1576101, 2115741], totalPathRel: [-1, 123, 123, 462, 462, 599]
[09/02/2018 17:26:52 PM] totalPath: [392035, 78, 2675800, 2115741], totalPathRel: [-1, 660, 660, 599]
[09/02/2018 17:26:54 PM] totalPath: [392035, 78, 2675800, 3776390, 3841722, 3707357, 2944681, 2115741], totalPathRel: [-1, 660, 660, 65, 65, 329, 329, 189]
[09/02/2018 17:26:56 PM] totalPath: [392035, 3845794, 3212007, 769614, 1576101, 2115741], totalPathRel: [-1, 123, 123, 462, 462, 599]
[09/02/2018 17:26:57 PM] totalPath: [392035, 78, 2675800, 2115741], totalPathRel: [-1, 660, 660, 599]
[09/02/2018 17:26:59 PM] totalPath: [392035, 78, 2675800, 3776390, 3841722, 3707357, 2944681, 2115741], totalPathRel: [-1, 660, 660, 65, 65, 329, 329, 189]
[09/02/2018 17:27:00 PM] totalPath: [392035, 3845794, 3212007, 769614, 1576101, 2115741], totalPathRel: [-1, 123, 123, 462, 462, 599]
[09/02/2018 17:27:02 PM] totalPath: [392035, 78, 2675800, 2115741], totalPathRel: [-1, 660, 660, 599]
[09/02/2018 17:27:03 PM] totalPath: [392035, 78, 2675800, 3776390, 3841722, 3707357, 2944681, 2115741], totalPathRel: [-1, 660, 660, 65, 65, 329, 329, 189]
[09/02/2018 17:27:03 PM] (extract_paths_sm, After YenKSP4) indices: [0.21670586 0.15955433 0.14793538 ... 0.20149315 0.20149315 0.20149315], data: [3974010277 1446144422 1876474925 ... 4005926252 4005926253 4005926254]
[09/02/2018 17:27:05 PM] (extract_paths_sm, After YenKSP4) The masked edges for 599.0: [False False False ... False False False]
[09/02/2018 17:27:45 PM] (extract_paths_sm, Before YenKSP4) indices: [0.21670586 0.15955433 0.14793538 ... 0.20149315 0.20149315 0.20149315], data: [3974010277 1446144422 1876474925 ... 4005926252 4005926253 4005926254]
[09/02/2018 17:27:46 PM] (extract_paths_sm, Before YenKSP4) The masked edges for 599.0: [False False False ... False False False]
[09/02/2018 17:27:50 PM] totalPath: [392035, 3783749, 3612042, 4119746], totalPathRel: [-1, 65, 65, 189]
[09/02/2018 17:27:52 PM] totalPath: [392035, 2115741, 4475218, 4119746], totalPathRel: [-1, 189, 236, 236]
[09/02/2018 17:27:53 PM] totalPath: [392035, 2115741, 4475218, 4119746], totalPathRel: [-1, 189, 236, 236]
[09/02/2018 17:27:55 PM] totalPath: [392035, 78, 1489226, 4119746], totalPathRel: [-1, 660, 660, 599]
[09/02/2018 17:27:57 PM] totalPath: [392035, 3783749, 3612042, 4119746], totalPathRel: [-1, 65, 65, 189]
[09/02/2018 17:27:58 PM] totalPath: [392035, 3783749, 3612042, 3612043, 4119746], totalPathRel: [-1, 65, 65, 602, 599]
[09/02/2018 17:28:00 PM] totalPath: [392035, 3845794, 1739684, 4755814, 4947631, 4119746], totalPathRel: [-1, 123, 123, 462, 462, 599]
[09/02/2018 17:28:01 PM] totalPath: [392035, 78, 1489226, 4119746], totalPathRel: [-1, 660, 660, 599]
[09/02/2018 17:28:03 PM] totalPath: [392035, 78, 1489226, 4119746], totalPathRel: [-1, 660, 660, 189]
[09/02/2018 17:28:04 PM] totalPath: [392035, 3845794, 1739684, 4755814, 4947631, 4119746], totalPathRel: [-1, 123, 123, 462, 462, 599]
[09/02/2018 17:28:06 PM] totalPath: [392035, 78, 852582, 4119746], totalPathRel: [-1, 660, 660, 189]
[09/02/2018 17:28:07 PM] totalPath: [392035, 78, 1489226, 1489231, 4119746], totalPathRel: [-1, 660, 660, 602, 599]
[09/02/2018 17:28:09 PM] totalPath: [392035, 3845794, 1739684, 4755814, 4947631, 4119746], totalPathRel: [-1, 123, 123, 462, 462, 599]
[09/02/2018 17:28:11 PM] totalPath: [392035, 2115741, 4475218, 4119746], totalPathRel: [-1, 189, 236, 236]
[09/02/2018 17:28:12 PM] totalPath: [392035, 2115741, 4475218, 4119746], totalPathRel: [-1, 189, 236, 236]
[09/02/2018 17:28:14 PM] totalPath: [392035, 3845794, 1739684, 4755814, 4947631, 4119746], totalPathRel: [-1, 123, 123, 462, 462, 599]
[09/02/2018 17:28:15 PM] totalPath: [392035, 2115741, 4475218, 4119746], totalPathRel: [-1, 189, 236, 236]
[09/02/2018 17:28:17 PM] totalPath: [392035, 2115741, 4475218, 4119746], totalPathRel: [-1, 189, 236, 236]
[09/02/2018 17:28:18 PM] totalPath: [392035, 3845794, 1739684, 4755814, 4947631, 4119746], totalPathRel: [-1, 123, 123, 462, 462, 599]
[09/02/2018 17:28:20 PM] totalPath: [392035, 2115741, 4475218, 4119746], totalPathRel: [-1, 189, 236, 236]
[09/02/2018 17:28:21 PM] totalPath: [392035, 2115741, 4475218, 4119746], totalPathRel: [-1, 189, 236, 236]
[09/02/2018 17:28:23 PM] totalPath: [392035, 3845794, 1739684, 4755814, 4947631, 4119746], totalPathRel: [-1, 123, 123, 462, 462, 599]
[09/02/2018 17:28:24 PM] totalPath: [392035, 2115741, 4475218, 4119746], totalPathRel: [-1, 189, 236, 236]
[09/02/2018 17:28:26 PM] totalPath: [392035, 2115741, 4475218, 4119746], totalPathRel: [-1, 189, 236, 236]
[09/02/2018 17:28:28 PM] totalPath: [392035, 3845794, 1739684, 4755814, 4947631, 4119746], totalPathRel: [-1, 123, 123, 462, 462, 599]
[09/02/2018 17:28:29 PM] totalPath: [392035, 2115741, 4475218, 4119746], totalPathRel: [-1, 189, 236, 236]
[09/02/2018 17:28:31 PM] totalPath: [392035, 2115741, 4475218, 4119746], totalPathRel: [-1, 189, 236, 236]
[09/02/2018 17:28:32 PM] totalPath: [392035, 3845794, 1739684, 4755814, 4947631, 4119746], totalPathRel: [-1, 123, 123, 462, 462, 599]
[09/02/2018 17:28:34 PM] totalPath: [392035, 2115741, 4475218, 4119746], totalPathRel: [-1, 189, 236, 236]
[09/02/2018 17:28:35 PM] totalPath: [392035, 2115741, 4475218, 4119746], totalPathRel: [-1, 189, 236, 236]
[09/02/2018 17:28:37 PM] totalPath: [392035, 3845794, 1739684, 4755814, 4947631, 4119746], totalPathRel: [-1, 123, 123, 462, 462, 599]
[09/02/2018 17:28:39 PM] totalPath: [392035, 2115741, 4475218, 4119746], totalPathRel: [-1, 189, 236, 236]
[09/02/2018 17:28:40 PM] totalPath: [392035, 2115741, 4475218, 4119746], totalPathRel: [-1, 189, 236, 236]
[09/02/2018 17:28:42 PM] totalPath: [392035, 3845794, 1739684, 4755814, 4947631, 4119746], totalPathRel: [-1, 123, 123, 462, 462, 599]
[09/02/2018 17:28:43 PM] totalPath: [392035, 2115741, 4475218, 4119746], totalPathRel: [-1, 189, 236, 236]
[09/02/2018 17:28:45 PM] totalPath: [392035, 2115741, 4475218, 4119746], totalPathRel: [-1, 189, 236, 236]
[09/02/2018 17:28:46 PM] totalPath: [392035, 3845794, 1739684, 4755814, 4947631, 4119746], totalPathRel: [-1, 123, 123, 462, 462, 599]
[09/02/2018 17:28:48 PM] totalPath: [392035, 2115741, 4475218, 4119746], totalPathRel: [-1, 189, 236, 236]
[09/02/2018 17:28:49 PM] totalPath: [392035, 2115741, 4475218, 4119746], totalPathRel: [-1, 189, 236, 236]
[09/02/2018 17:28:51 PM] totalPath: [392035, 3845794, 1739684, 4755814, 4947631, 4119746], totalPathRel: [-1, 123, 123, 462, 462, 599]
[09/02/2018 17:28:53 PM] totalPath: [392035, 2115741, 4475218, 4119746], totalPathRel: [-1, 189, 236, 236]
[09/02/2018 17:28:54 PM] totalPath: [392035, 2115741, 4475218, 4119746], totalPathRel: [-1, 189, 236, 236]
[09/02/2018 17:28:56 PM] totalPath: [392035, 3845794, 1739684, 4755814, 4947631, 4119746], totalPathRel: [-1, 123, 123, 462, 462, 599]
[09/02/2018 17:28:57 PM] totalPath: [392035, 2115741, 4475218, 4119746], totalPathRel: [-1, 189, 236, 236]
[09/02/2018 17:28:59 PM] totalPath: [392035, 2115741, 4475218, 4119746], totalPathRel: [-1, 189, 236, 236]
[09/02/2018 17:29:00 PM] totalPath: [392035, 3845794, 1739684, 4755814, 4947631, 4119746], totalPathRel: [-1, 123, 123, 462, 462, 599]
[09/02/2018 17:29:02 PM] totalPath: [392035, 2115741, 4475218, 4119746], totalPathRel: [-1, 189, 236, 236]
[09/02/2018 17:29:04 PM] totalPath: [392035, 2115741, 4475218, 4119746], totalPathRel: [-1, 189, 236, 236]
[09/02/2018 17:29:05 PM] totalPath: [392035, 3845794, 1739684, 4755814, 4947631, 4119746], totalPathRel: [-1, 123, 123, 462, 462, 599]
[09/02/2018 17:29:07 PM] totalPath: [392035, 2115741, 4475218, 4119746], totalPathRel: [-1, 189, 236, 236]
[09/02/2018 17:29:08 PM] totalPath: [392035, 2115741, 4475218, 4119746], totalPathRel: [-1, 189, 236, 236]
[09/02/2018 17:29:10 PM] totalPath: [392035, 3845794, 1739684, 4755814, 4947631, 4119746], totalPathRel: [-1, 123, 123, 462, 462, 599]
[09/02/2018 17:29:11 PM] totalPath: [392035, 2115741, 4475218, 4119746], totalPathRel: [-1, 189, 236, 236]
[09/02/2018 17:29:13 PM] totalPath: [392035, 2115741, 4475218, 4119746], totalPathRel: [-1, 189, 236, 236]
[09/02/2018 17:29:15 PM] totalPath: [392035, 3845794, 1739684, 4755814, 4947631, 4119746], totalPathRel: [-1, 123, 123, 462, 462, 599]
[09/02/2018 17:29:16 PM] totalPath: [392035, 2115741, 4475218, 4119746], totalPathRel: [-1, 189, 236, 236]
[09/02/2018 17:29:18 PM] totalPath: [392035, 2115741, 4475218, 4119746], totalPathRel: [-1, 189, 236, 236]
[09/02/2018 17:29:18 PM] (extract_paths_sm, After YenKSP4) indices: [0.21670586 0.15955433 0.14793538 ... 0.20149315 0.20149315 0.20149315], data: [3974010277 1446144422 1876474925 ... 4005926252 4005926253 4005926254]
[09/02/2018 17:29:19 PM] (extract_paths_sm, After YenKSP4) The masked edges for 599.0: [False False False ... False False False]
[09/02/2018 17:30:00 PM] (extract_paths_sm, Before YenKSP4) indices: [0.21670586 0.15955433 0.14793538 ... 0.20149315 0.20149315 0.20149315], data: [3974010277 1446144422 1876474925 ... 4005926252 4005926253 4005926254]
[09/02/2018 17:30:01 PM] (extract_paths_sm, Before YenKSP4) The masked edges for 599.0: [False False False ... False False False]
[09/02/2018 17:30:05 PM] totalPath: [392035, 3783749, 1725129, 917821], totalPathRel: [-1, 65, 65, 189]
[09/02/2018 17:30:06 PM] totalPath: [392035, 78, 2573184, 917821], totalPathRel: [-1, 660, 660, 599]
[09/02/2018 17:30:08 PM] totalPath: [392035, 78, 2573184, 3740468, 5009326, 917821], totalPathRel: [-1, 660, 660, 329, 329, 599]
[09/02/2018 17:30:09 PM] totalPath: [392035, 3845794, 3212007, 769614, 3796026, 917821], totalPathRel: [-1, 123, 123, 462, 462, 189]
[09/02/2018 17:30:11 PM] totalPath: [392035, 3783749, 1725129, 917821], totalPathRel: [-1, 65, 65, 189]
[09/02/2018 17:30:12 PM] totalPath: [392035, 3783749, 1725129, 1725132, 917821], totalPathRel: [-1, 65, 65, 602, 599]
[09/02/2018 17:30:14 PM] totalPath: [392035, 3845794, 3212007, 769614, 3796026, 917821], totalPathRel: [-1, 123, 123, 462, 462, 189]
[09/02/2018 17:30:16 PM] totalPath: [392035, 3783749, 1725129, 917821], totalPathRel: [-1, 65, 65, 189]
[09/02/2018 17:30:18 PM] totalPath: [392035, 3783749, 1725129, 1725132, 917821], totalPathRel: [-1, 65, 65, 602, 599]
[09/02/2018 17:30:19 PM] totalPath: [392035, 3845794, 3212007, 769614, 3796026, 917821], totalPathRel: [-1, 123, 123, 462, 462, 189]
[09/02/2018 17:30:21 PM] totalPath: [392035, 3783749, 1725129, 917821], totalPathRel: [-1, 65, 65, 189]
[09/02/2018 17:30:22 PM] totalPath: [392035, 3783749, 1725129, 1725132, 917821], totalPathRel: [-1, 65, 65, 602, 599]
[09/02/2018 17:30:24 PM] totalPath: [392035, 3845794, 3212007, 769614, 3796026, 917821], totalPathRel: [-1, 123, 123, 462, 462, 189]
[09/02/2018 17:30:25 PM] totalPath: [392035, 3783749, 1725129, 917821], totalPathRel: [-1, 65, 65, 189]
[09/02/2018 17:30:27 PM] totalPath: [392035, 3783749, 1725129, 1725132, 917821], totalPathRel: [-1, 65, 65, 602, 599]
[09/02/2018 17:30:29 PM] totalPath: [392035, 3845794, 3212007, 769614, 3796026, 917821], totalPathRel: [-1, 123, 123, 462, 462, 189]
[09/02/2018 17:30:30 PM] totalPath: [392035, 3783749, 1725129, 917821], totalPathRel: [-1, 65, 65, 189]
[09/02/2018 17:30:32 PM] totalPath: [392035, 3783749, 1725129, 1725132, 917821], totalPathRel: [-1, 65, 65, 602, 599]
[09/02/2018 17:30:33 PM] totalPath: [392035, 3845794, 3212007, 769614, 3796026, 917821], totalPathRel: [-1, 123, 123, 462, 462, 189]
[09/02/2018 17:30:35 PM] totalPath: [392035, 3783749, 1725129, 917821], totalPathRel: [-1, 65, 65, 189]
[09/02/2018 17:30:36 PM] totalPath: [392035, 3783749, 1725129, 1725132, 917821], totalPathRel: [-1, 65, 65, 602, 599]
[09/02/2018 17:30:38 PM] totalPath: [392035, 3845794, 3212007, 769614, 3796026, 917821], totalPathRel: [-1, 123, 123, 462, 462, 189]
[09/02/2018 17:30:39 PM] totalPath: [392035, 3783749, 1725129, 917821], totalPathRel: [-1, 65, 65, 189]
[09/02/2018 17:30:41 PM] totalPath: [392035, 3783749, 1725129, 1725132, 917821], totalPathRel: [-1, 65, 65, 602, 599]
[09/02/2018 17:30:42 PM] totalPath: [392035, 3845794, 3212007, 769614, 3796026, 917821], totalPathRel: [-1, 123, 123, 462, 462, 189]
[09/02/2018 17:30:44 PM] totalPath: [392035, 3783749, 1725129, 917821], totalPathRel: [-1, 65, 65, 189]
[09/02/2018 17:30:46 PM] totalPath: [392035, 3783749, 1725129, 1725132, 917821], totalPathRel: [-1, 65, 65, 602, 599]
[09/02/2018 17:30:47 PM] totalPath: [392035, 3845794, 3212007, 769614, 3796026, 917821], totalPathRel: [-1, 123, 123, 462, 462, 189]
[09/02/2018 17:30:49 PM] totalPath: [392035, 3783749, 1725129, 917821], totalPathRel: [-1, 65, 65, 189]
[09/02/2018 17:30:50 PM] totalPath: [392035, 3783749, 1725129, 1725132, 917821], totalPathRel: [-1, 65, 65, 602, 599]
[09/02/2018 17:30:52 PM] totalPath: [392035, 3845794, 3212007, 769614, 3796026, 917821], totalPathRel: [-1, 123, 123, 462, 462, 189]
[09/02/2018 17:30:53 PM] totalPath: [392035, 3783749, 1725129, 917821], totalPathRel: [-1, 65, 65, 189]
[09/02/2018 17:30:55 PM] totalPath: [392035, 3783749, 1725129, 1725132, 917821], totalPathRel: [-1, 65, 65, 602, 599]
[09/02/2018 17:30:56 PM] totalPath: [392035, 3845794, 3212007, 769614, 3796026, 917821], totalPathRel: [-1, 123, 123, 462, 462, 189]
[09/02/2018 17:30:58 PM] totalPath: [392035, 3783749, 1725129, 917821], totalPathRel: [-1, 65, 65, 189]
[09/02/2018 17:31:00 PM] totalPath: [392035, 3783749, 1725129, 1725132, 917821], totalPathRel: [-1, 65, 65, 602, 599]
[09/02/2018 17:31:01 PM] totalPath: [392035, 3845794, 3212007, 769614, 3796026, 917821], totalPathRel: [-1, 123, 123, 462, 462, 189]
[09/02/2018 17:31:03 PM] totalPath: [392035, 3783749, 1725129, 917821], totalPathRel: [-1, 65, 65, 189]
[09/02/2018 17:31:04 PM] totalPath: [392035, 3783749, 1725129, 1725132, 917821], totalPathRel: [-1, 65, 65, 602, 599]
[09/02/2018 17:31:06 PM] totalPath: [392035, 3845794, 3212007, 769614, 3796026, 917821], totalPathRel: [-1, 123, 123, 462, 462, 189]
[09/02/2018 17:31:08 PM] totalPath: [392035, 3783749, 1725129, 917821], totalPathRel: [-1, 65, 65, 189]
[09/02/2018 17:31:09 PM] totalPath: [392035, 3783749, 1725129, 1725132, 917821], totalPathRel: [-1, 65, 65, 602, 599]
[09/02/2018 17:31:11 PM] totalPath: [392035, 3845794, 3212007, 769614, 3796026, 917821], totalPathRel: [-1, 123, 123, 462, 462, 189]
[09/02/2018 17:31:12 PM] totalPath: [392035, 3783749, 1725129, 917821], totalPathRel: [-1, 65, 65, 189]
[09/02/2018 17:31:14 PM] totalPath: [392035, 3783749, 1725129, 1725132, 917821], totalPathRel: [-1, 65, 65, 602, 599]
[09/02/2018 17:31:15 PM] totalPath: [392035, 3845794, 3212007, 769614, 3796026, 917821], totalPathRel: [-1, 123, 123, 462, 462, 189]
[09/02/2018 17:31:17 PM] totalPath: [392035, 3783749, 1725129, 917821], totalPathRel: [-1, 65, 65, 189]
[09/02/2018 17:31:19 PM] totalPath: [392035, 3783749, 1725129, 1725132, 917821], totalPathRel: [-1, 65, 65, 602, 599]
[09/02/2018 17:31:20 PM] totalPath: [392035, 3845794, 3212007, 769614, 3796026, 917821], totalPathRel: [-1, 123, 123, 462, 462, 189]
[09/02/2018 17:31:22 PM] totalPath: [392035, 3783749, 1725129, 917821], totalPathRel: [-1, 65, 65, 189]
[09/02/2018 17:31:23 PM] totalPath: [392035, 3783749, 1725129, 1725132, 917821], totalPathRel: [-1, 65, 65, 602, 599]
[09/02/2018 17:31:25 PM] totalPath: [392035, 3845794, 3212007, 769614, 3796026, 917821], totalPathRel: [-1, 123, 123, 462, 462, 189]
[09/02/2018 17:31:27 PM] totalPath: [392035, 3783749, 1725129, 917821], totalPathRel: [-1, 65, 65, 189]
[09/02/2018 17:31:28 PM] totalPath: [392035, 3783749, 1725129, 1725132, 917821], totalPathRel: [-1, 65, 65, 602, 599]
[09/02/2018 17:31:30 PM] totalPath: [392035, 3845794, 3212007, 769614, 3796026, 917821], totalPathRel: [-1, 123, 123, 462, 462, 189]
[09/02/2018 17:31:31 PM] totalPath: [392035, 3783749, 1725129, 917821], totalPathRel: [-1, 65, 65, 189]
[09/02/2018 17:31:33 PM] totalPath: [392035, 3783749, 1725129, 1725132, 917821], totalPathRel: [-1, 65, 65, 602, 599]
[09/02/2018 17:31:33 PM] (extract_paths_sm, After YenKSP4) indices: [0.21670586 0.15955433 0.14793538 ... 0.20149315 0.20149315 0.20149315], data: [3974010277 1446144422 1876474925 ... 4005926252 4005926253 4005926254]
[09/02/2018 17:31:34 PM] (extract_paths_sm, After YenKSP4) The masked edges for 599.0: [False False False ... False False False]
[09/02/2018 17:32:18 PM] (extract_paths_sm, Before YenKSP4) indices: [0.21670586 0.15955433 0.14793538 ... 0.20149315 0.20149315 0.20149315], data: [3974010277 1446144422 1876474925 ... 4005926252 4005926253 4005926254]
[09/02/2018 17:32:21 PM] (extract_paths_sm, Before YenKSP4) The masked edges for 599.0: [False False False ... False False False]
[09/02/2018 17:32:25 PM] totalPath: [392035, 3845794, 3212007, 769614, 2004941, 3218267], totalPathRel: [-1, 123, 123, 462, 462, 189]
[09/02/2018 17:32:27 PM] totalPath: [392035, 78, 2649831, 3218267], totalPathRel: [-1, 660, 660, 599]
[09/02/2018 17:32:28 PM] totalPath: [392035, 78, 2649831, 3740468, 1227091, 3218267], totalPathRel: [-1, 660, 660, 329, 329, 599]
[09/02/2018 17:32:30 PM] totalPath: [392035, 3845794, 3212007, 769614, 2004941, 3218267], totalPathRel: [-1, 123, 123, 462, 462, 189]
[09/02/2018 17:32:31 PM] totalPath: [392035, 78, 2649831, 3218267], totalPathRel: [-1, 660, 660, 599]
[09/02/2018 17:32:33 PM] totalPath: [392035, 78, 2649831, 78, 976548, 3218267], totalPathRel: [-1, 660, 660, 660, 660, 189]
[09/02/2018 17:32:34 PM] totalPath: [392035, 78, 2649831, 3740468, 2649831, 3218267], totalPathRel: [-1, 660, 660, 329, 329, 599]
[09/02/2018 17:32:36 PM] totalPath: [392035, 78, 2649831, 3740468, 1227091, 3740468, 2649831, 3218267], totalPathRel: [-1, 660, 660, 329, 329, 329, 329, 599]
[09/02/2018 17:32:38 PM] totalPath: [392035, 3845794, 3212007, 769614, 2004941, 3218267], totalPathRel: [-1, 123, 123, 462, 462, 189]
[09/02/2018 17:32:39 PM] totalPath: [392035, 78, 2649831, 3218267], totalPathRel: [-1, 660, 660, 599]
[09/02/2018 17:32:41 PM] totalPath: [392035, 78, 2649831, 5293962, 2920212, 4704367, 1342678, 3218267], totalPathRel: [-1, 660, 660, 123, 236, 462, 462, 599]
[09/02/2018 17:32:42 PM] totalPath: [392035, 78, 2649831, 78, 2649831, 3218267], totalPathRel: [-1, 660, 660, 660, 660, 599]
[09/02/2018 17:32:44 PM] totalPath: [392035, 78, 2649831, 78, 976548, 976549, 3218267], totalPathRel: [-1, 660, 660, 660, 660, 602, 599]
[09/02/2018 17:32:46 PM] totalPath: [392035, 3845794, 3212007, 769614, 2004941, 3218267], totalPathRel: [-1, 123, 123, 462, 462, 189]
[09/02/2018 17:32:47 PM] totalPath: [392035, 78, 2649831, 3218267], totalPathRel: [-1, 660, 660, 599]
[09/02/2018 17:32:49 PM] totalPath: [392035, 78, 2649831, 5293962, 2920212, 4704367, 1342678, 3218267], totalPathRel: [-1, 660, 660, 123, 236, 462, 462, 599]
[09/02/2018 17:32:50 PM] totalPath: [392035, 3845794, 3212007, 769614, 2004941, 3218267], totalPathRel: [-1, 123, 123, 462, 462, 189]
[09/02/2018 17:32:52 PM] totalPath: [392035, 78, 2649831, 3218267], totalPathRel: [-1, 660, 660, 599]
[09/02/2018 17:32:53 PM] totalPath: [392035, 78, 2649831, 5293962, 2920212, 4704367, 1342678, 3218267], totalPathRel: [-1, 660, 660, 123, 236, 462, 462, 599]
[09/02/2018 17:32:55 PM] totalPath: [392035, 3845794, 3212007, 769614, 2004941, 3218267], totalPathRel: [-1, 123, 123, 462, 462, 189]
[09/02/2018 17:32:57 PM] totalPath: [392035, 78, 2649831, 3218267], totalPathRel: [-1, 660, 660, 599]
[09/02/2018 17:32:58 PM] totalPath: [392035, 78, 2649831, 5293962, 2920212, 4704367, 1342678, 3218267], totalPathRel: [-1, 660, 660, 123, 236, 462, 462, 599]
[09/02/2018 17:33:00 PM] totalPath: [392035, 3845794, 3212007, 769614, 2004941, 3218267], totalPathRel: [-1, 123, 123, 462, 462, 189]
[09/02/2018 17:33:02 PM] totalPath: [392035, 78, 2649831, 3218267], totalPathRel: [-1, 660, 660, 599]
[09/02/2018 17:33:03 PM] totalPath: [392035, 78, 2649831, 5293962, 2920212, 4704367, 1342678, 3218267], totalPathRel: [-1, 660, 660, 123, 236, 462, 462, 599]
[09/02/2018 17:33:05 PM] totalPath: [392035, 3845794, 3212007, 769614, 2004941, 3218267], totalPathRel: [-1, 123, 123, 462, 462, 189]
[09/02/2018 17:33:07 PM] totalPath: [392035, 78, 2649831, 3218267], totalPathRel: [-1, 660, 660, 599]
[09/02/2018 17:33:08 PM] totalPath: [392035, 78, 2649831, 5293962, 2920212, 4704367, 1342678, 3218267], totalPathRel: [-1, 660, 660, 123, 236, 462, 462, 599]
[09/02/2018 17:33:10 PM] totalPath: [392035, 3845794, 3212007, 769614, 2004941, 3218267], totalPathRel: [-1, 123, 123, 462, 462, 189]
[09/02/2018 17:33:11 PM] totalPath: [392035, 78, 2649831, 3218267], totalPathRel: [-1, 660, 660, 599]
[09/02/2018 17:33:13 PM] totalPath: [392035, 78, 2649831, 5293962, 2920212, 4704367, 1342678, 3218267], totalPathRel: [-1, 660, 660, 123, 236, 462, 462, 599]
[09/02/2018 17:33:15 PM] totalPath: [392035, 3845794, 3212007, 769614, 2004941, 3218267], totalPathRel: [-1, 123, 123, 462, 462, 189]
[09/02/2018 17:33:16 PM] totalPath: [392035, 78, 2649831, 3218267], totalPathRel: [-1, 660, 660, 599]
[09/02/2018 17:33:18 PM] totalPath: [392035, 78, 2649831, 5293962, 2920212, 4704367, 1342678, 3218267], totalPathRel: [-1, 660, 660, 123, 236, 462, 462, 599]
[09/02/2018 17:33:19 PM] totalPath: [392035, 3845794, 3212007, 769614, 2004941, 3218267], totalPathRel: [-1, 123, 123, 462, 462, 189]
[09/02/2018 17:33:21 PM] totalPath: [392035, 78, 2649831, 3218267], totalPathRel: [-1, 660, 660, 599]
[09/02/2018 17:33:23 PM] totalPath: [392035, 78, 2649831, 5293962, 2920212, 4704367, 1342678, 3218267], totalPathRel: [-1, 660, 660, 123, 236, 462, 462, 599]
[09/02/2018 17:33:24 PM] totalPath: [392035, 3845794, 3212007, 769614, 2004941, 3218267], totalPathRel: [-1, 123, 123, 462, 462, 189]
[09/02/2018 17:33:26 PM] totalPath: [392035, 78, 2649831, 3218267], totalPathRel: [-1, 660, 660, 599]
[09/02/2018 17:33:27 PM] totalPath: [392035, 78, 2649831, 5293962, 2920212, 4704367, 1342678, 3218267], totalPathRel: [-1, 660, 660, 123, 236, 462, 462, 599]
[09/02/2018 17:33:29 PM] totalPath: [392035, 3845794, 3212007, 769614, 2004941, 3218267], totalPathRel: [-1, 123, 123, 462, 462, 189]
[09/02/2018 17:33:31 PM] totalPath: [392035, 78, 2649831, 3218267], totalPathRel: [-1, 660, 660, 599]
[09/02/2018 17:33:33 PM] totalPath: [392035, 78, 2649831, 5293962, 2920212, 4704367, 1342678, 3218267], totalPathRel: [-1, 660, 660, 123, 236, 462, 462, 599]
[09/02/2018 17:33:34 PM] totalPath: [392035, 3845794, 3212007, 769614, 2004941, 3218267], totalPathRel: [-1, 123, 123, 462, 462, 189]
[09/02/2018 17:33:36 PM] totalPath: [392035, 78, 2649831, 3218267], totalPathRel: [-1, 660, 660, 599]
[09/02/2018 17:33:37 PM] totalPath: [392035, 78, 2649831, 5293962, 2920212, 4704367, 1342678, 3218267], totalPathRel: [-1, 660, 660, 123, 236, 462, 462, 599]
[09/02/2018 17:33:39 PM] totalPath: [392035, 3845794, 3212007, 769614, 2004941, 3218267], totalPathRel: [-1, 123, 123, 462, 462, 189]
[09/02/2018 17:33:41 PM] totalPath: [392035, 78, 2649831, 3218267], totalPathRel: [-1, 660, 660, 599]
[09/02/2018 17:33:42 PM] totalPath: [392035, 78, 2649831, 5293962, 2920212, 4704367, 1342678, 3218267], totalPathRel: [-1, 660, 660, 123, 236, 462, 462, 599]
[09/02/2018 17:33:44 PM] totalPath: [392035, 3845794, 3212007, 769614, 2004941, 3218267], totalPathRel: [-1, 123, 123, 462, 462, 189]
[09/02/2018 17:33:45 PM] totalPath: [392035, 78, 2649831, 3218267], totalPathRel: [-1, 660, 660, 599]
[09/02/2018 17:33:47 PM] totalPath: [392035, 78, 2649831, 5293962, 2920212, 4704367, 1342678, 3218267], totalPathRel: [-1, 660, 660, 123, 236, 462, 462, 599]
[09/02/2018 17:33:49 PM] totalPath: [392035, 3845794, 3212007, 769614, 2004941, 3218267], totalPathRel: [-1, 123, 123, 462, 462, 189]
[09/02/2018 17:33:50 PM] totalPath: [392035, 78, 2649831, 3218267], totalPathRel: [-1, 660, 660, 599]
[09/02/2018 17:33:52 PM] totalPath: [392035, 78, 2649831, 5293962, 2920212, 4704367, 1342678, 3218267], totalPathRel: [-1, 660, 660, 123, 236, 462, 462, 599]
[09/02/2018 17:33:54 PM] totalPath: [392035, 3845794, 3212007, 769614, 2004941, 3218267], totalPathRel: [-1, 123, 123, 462, 462, 189]
[09/02/2018 17:33:55 PM] totalPath: [392035, 78, 2649831, 3218267], totalPathRel: [-1, 660, 660, 599]
[09/02/2018 17:33:57 PM] totalPath: [392035, 78, 2649831, 5293962, 2920212, 4704367, 1342678, 3218267], totalPathRel: [-1, 660, 660, 123, 236, 462, 462, 599]
[09/02/2018 17:33:58 PM] totalPath: [392035, 3845794, 3212007, 769614, 2004941, 3218267], totalPathRel: [-1, 123, 123, 462, 462, 189]
[09/02/2018 17:34:00 PM] totalPath: [392035, 78, 2649831, 3218267], totalPathRel: [-1, 660, 660, 599]
[09/02/2018 17:34:02 PM] totalPath: [392035, 78, 2649831, 5293962, 2920212, 4704367, 1342678, 3218267], totalPathRel: [-1, 660, 660, 123, 236, 462, 462, 599]
[09/02/2018 17:34:02 PM] (extract_paths_sm, After YenKSP4) indices: [0.21670586 0.15955433 0.14793538 ... 0.20149315 0.20149315 0.20149315], data: [3974010277 1446144422 1876474925 ... 4005926252 4005926253 4005926254]
[09/02/2018 17:34:03 PM] (extract_paths_sm, After YenKSP4) The masked edges for 599.0: [False False False ... False False False]
[09/02/2018 17:34:45 PM] (extract_paths_sm, Before YenKSP4) indices: [0.21670586 0.15955433 0.14793538 ... 0.20149315 0.20149315 0.20149315], data: [3974010277 1446144422 1876474925 ... 4005926252 4005926253 4005926254]
[09/02/2018 17:34:47 PM] (extract_paths_sm, Before YenKSP4) The masked edges for 599.0: [False False False ... False False False]
[09/02/2018 17:34:50 PM] totalPath: [482030, 482031, 2364618], totalPathRel: [-1, 602, 599]
[09/02/2018 17:34:51 PM] totalPath: [482030, 4160079, 4107784, 2364618], totalPathRel: [-1, 462, 462, 189]
[09/02/2018 17:34:53 PM] totalPath: [482030, 482031, 482030, 2364618], totalPathRel: [-1, 602, 602, 189]
[09/02/2018 17:34:55 PM] totalPath: [482030, 3889144, 2654787, 2654789, 2364618], totalPathRel: [-1, 123, 123, 602, 599]
[09/02/2018 17:34:56 PM] totalPath: [482030, 4160079, 4107784, 2364618], totalPathRel: [-1, 462, 462, 189]
[09/02/2018 17:34:58 PM] totalPath: [482030, 4160079, 4107784, 4107785, 2364618], totalPathRel: [-1, 462, 462, 602, 599]
[09/02/2018 17:34:59 PM] totalPath: [482030, 3889144, 2654787, 2654789, 2364618], totalPathRel: [-1, 123, 123, 602, 599]
[09/02/2018 17:35:01 PM] totalPath: [482030, 482031, 703, 5678560, 2364618], totalPathRel: [-1, 602, 660, 660, 599]
[09/02/2018 17:35:03 PM] totalPath: [482030, 482031, 482030, 482031, 2364618], totalPathRel: [-1, 602, 602, 602, 599]
[09/02/2018 17:35:04 PM] totalPath: [482030, 3889144, 2654787, 2654789, 2364618], totalPathRel: [-1, 123, 123, 602, 599]
[09/02/2018 17:35:09 PM] totalPath: [482030, 2364618], totalPathRel: [-1, 602]
[09/02/2018 17:35:11 PM] totalPath: [482030, 482031, 703, 5678560, 2364618], totalPathRel: [-1, 602, 660, 660, 599]
[09/02/2018 17:35:12 PM] totalPath: [482030, 482031, 703, 5678560, 5678555, 2364618], totalPathRel: [-1, 602, 660, 660, 602, 189]
[09/02/2018 17:35:14 PM] totalPath: [482030, 3889144, 2654787, 2654789, 2364618], totalPathRel: [-1, 123, 123, 602, 599]
[09/02/2018 17:35:15 PM] totalPath: [482030, 78, 2512842, 2364618], totalPathRel: [-1, 660, 660, 599]
[09/02/2018 17:35:17 PM] totalPath: [482030, 3889144, 482030, 2364618], totalPathRel: [-1, 123, 123, 189]
[09/02/2018 17:35:18 PM] totalPath: [482030, 3889144, 2654787, 2654789, 2364618], totalPathRel: [-1, 123, 123, 602, 599]
[09/02/2018 17:35:20 PM] totalPath: [482030, 3889144, 2654787, 2654789, 2654787, 3889144, 482030, 2364618], totalPathRel: [-1, 123, 123, 602, 602, 123, 123, 189]
[09/02/2018 17:35:21 PM] totalPath: [482030, 3678471, 2649399, 2649402, 2364618], totalPathRel: [-1, 65, 65, 602, 599]
[09/02/2018 17:35:23 PM] totalPath: [482030, 78, 2512842, 2364618], totalPathRel: [-1, 660, 660, 599]
[09/02/2018 17:35:25 PM] totalPath: [482030, 78, 2512842, 2364618], totalPathRel: [-1, 660, 660, 121]
[09/02/2018 17:35:26 PM] totalPath: [482030, 3678471, 2649399, 2649402, 2364618], totalPathRel: [-1, 65, 65, 602, 599]
[09/02/2018 17:35:28 PM] totalPath: [482030, 78, 5006223, 2364618], totalPathRel: [-1, 660, 660, 189]
[09/02/2018 17:35:29 PM] totalPath: [482030, 78, 2512842, 3740468, 2287973, 2364618], totalPathRel: [-1, 660, 660, 329, 601, 601]
[09/02/2018 17:35:31 PM] totalPath: [482030, 482033, 703, 5678560, 2364618], totalPathRel: [-1, 602, 660, 660, 599]
[09/02/2018 17:35:33 PM] totalPath: [482030, 3678471, 482030, 2364618], totalPathRel: [-1, 65, 65, 189]
[09/02/2018 17:35:34 PM] totalPath: [482030, 3678471, 2649399, 2649402, 2364618], totalPathRel: [-1, 65, 65, 602, 599]
[09/02/2018 17:35:36 PM] totalPath: [482030, 3678471, 2649399, 2649402, 2649399, 4182344, 1233704, 2364618], totalPathRel: [-1, 65, 65, 602, 602, 462, 462, 599]
[09/02/2018 17:35:38 PM] totalPath: [482030, 482033, 703, 5678560, 2364618], totalPathRel: [-1, 602, 660, 660, 599]
[09/02/2018 17:35:39 PM] totalPath: [482030, 3678471, 482030, 2364618], totalPathRel: [-1, 65, 65, 189]
[09/02/2018 17:35:41 PM] totalPath: [482030, 3678471, 482030, 482031, 2364618], totalPathRel: [-1, 65, 65, 602, 599]
[09/02/2018 17:35:42 PM] totalPath: [482030, 482033, 703, 5678560, 2364618], totalPathRel: [-1, 602, 660, 660, 599]
[09/02/2018 17:35:44 PM] totalPath: [482030, 3678471, 482030, 2364618], totalPathRel: [-1, 65, 65, 189]
[09/02/2018 17:35:46 PM] totalPath: [482030, 3678471, 482030, 482031, 2364618], totalPathRel: [-1, 65, 65, 602, 599]
[09/02/2018 17:35:47 PM] totalPath: [482030, 482033, 703, 5678560, 2364618], totalPathRel: [-1, 602, 660, 660, 599]
[09/02/2018 17:35:49 PM] totalPath: [482030, 3678471, 482030, 2364618], totalPathRel: [-1, 65, 65, 189]
[09/02/2018 17:35:50 PM] totalPath: [482030, 3678471, 482030, 482031, 2364618], totalPathRel: [-1, 65, 65, 602, 599]
[09/02/2018 17:35:52 PM] totalPath: [482030, 482033, 703, 5678560, 2364618], totalPathRel: [-1, 602, 660, 660, 599]
[09/02/2018 17:35:54 PM] totalPath: [482030, 3678471, 482030, 2364618], totalPathRel: [-1, 65, 65, 189]
[09/02/2018 17:35:55 PM] totalPath: [482030, 3678471, 482030, 482031, 2364618], totalPathRel: [-1, 65, 65, 602, 599]
[09/02/2018 17:35:57 PM] totalPath: [482030, 482033, 703, 5678560, 2364618], totalPathRel: [-1, 602, 660, 660, 599]
[09/02/2018 17:35:58 PM] totalPath: [482030, 3678471, 482030, 2364618], totalPathRel: [-1, 65, 65, 189]
[09/02/2018 17:36:00 PM] totalPath: [482030, 3678471, 482030, 482031, 2364618], totalPathRel: [-1, 65, 65, 602, 599]
[09/02/2018 17:36:02 PM] totalPath: [482030, 482033, 703, 5678560, 2364618], totalPathRel: [-1, 602, 660, 660, 599]
[09/02/2018 17:36:03 PM] totalPath: [482030, 3678471, 482030, 2364618], totalPathRel: [-1, 65, 65, 189]
[09/02/2018 17:36:05 PM] totalPath: [482030, 3678471, 482030, 482031, 2364618], totalPathRel: [-1, 65, 65, 602, 599]
[09/02/2018 17:36:06 PM] totalPath: [482030, 482033, 703, 5678560, 2364618], totalPathRel: [-1, 602, 660, 660, 599]
[09/02/2018 17:36:08 PM] totalPath: [482030, 3678471, 482030, 2364618], totalPathRel: [-1, 65, 65, 189]
[09/02/2018 17:36:10 PM] totalPath: [482030, 3678471, 482030, 482031, 2364618], totalPathRel: [-1, 65, 65, 602, 599]
[09/02/2018 17:36:11 PM] totalPath: [482030, 482033, 703, 5678560, 2364618], totalPathRel: [-1, 602, 660, 660, 599]
[09/02/2018 17:36:13 PM] totalPath: [482030, 3678471, 482030, 2364618], totalPathRel: [-1, 65, 65, 189]
[09/02/2018 17:36:14 PM] totalPath: [482030, 3678471, 482030, 482031, 2364618], totalPathRel: [-1, 65, 65, 602, 599]
[09/02/2018 17:36:16 PM] totalPath: [482030, 482033, 703, 5678560, 2364618], totalPathRel: [-1, 602, 660, 660, 599]
[09/02/2018 17:36:18 PM] totalPath: [482030, 3678471, 482030, 2364618], totalPathRel: [-1, 65, 65, 189]
[09/02/2018 17:36:19 PM] totalPath: [482030, 3678471, 482030, 482031, 2364618], totalPathRel: [-1, 65, 65, 602, 599]
[09/02/2018 17:36:19 PM] (extract_paths_sm, After YenKSP4) indices: [0.21670586 0.15955433 0.14793538 ... 0.20149315 0.20149315 0.20149315], data: [3974010277 1446144422 1876474925 ... 4005926252 4005926253 4005926254]
[09/02/2018 17:36:21 PM] (extract_paths_sm, After YenKSP4) The masked edges for 599.0: [False False False ... False False False]
[09/02/2018 17:37:02 PM] (extract_paths_sm, Before YenKSP4) indices: [0.21670586 0.15955433 0.14793538 ... 0.20149315 0.20149315 0.20149315], data: [3974010277 1446144422 1876474925 ... 4005926252 4005926253 4005926254]
[09/02/2018 17:37:03 PM] (extract_paths_sm, Before YenKSP4) The masked edges for 599.0: [False False False ... False False False]
[09/02/2018 17:37:07 PM] totalPath: [482030, 4160079, 4799509, 1487110], totalPathRel: [-1, 462, 462, 599]
[09/02/2018 17:37:09 PM] totalPath: [482030, 3889144, 644314, 1487110], totalPathRel: [-1, 123, 123, 189]
[09/02/2018 17:37:10 PM] totalPath: [482030, 3889144, 644314, 769614, 3070150, 1487110], totalPathRel: [-1, 123, 123, 462, 462, 189]
[09/02/2018 17:37:12 PM] totalPath: [482030, 3678471, 2649399, 1487110], totalPathRel: [-1, 65, 65, 189]
[09/02/2018 17:37:13 PM] totalPath: [482030, 4160079, 4799509, 1487110], totalPathRel: [-1, 462, 462, 599]
[09/02/2018 17:37:15 PM] totalPath: [482030, 4160079, 4799509, 1487110], totalPathRel: [-1, 462, 462, 189]
[09/02/2018 17:37:17 PM] totalPath: [482030, 2364618, 3362186, 1487110], totalPathRel: [-1, 189, 189, 599]
[09/02/2018 17:37:18 PM] totalPath: [482030, 3678471, 2649399, 1487110], totalPathRel: [-1, 65, 65, 189]
[09/02/2018 17:37:20 PM] totalPath: [482030, 3678471, 2649399, 2649403, 1487110], totalPathRel: [-1, 65, 65, 602, 599]
[09/02/2018 17:37:21 PM] totalPath: [482030, 78, 2618083, 1487110], totalPathRel: [-1, 660, 660, 599]
[09/02/2018 17:37:23 PM] totalPath: [482030, 2364618, 3362186, 1487110], totalPathRel: [-1, 189, 189, 599]
[09/02/2018 17:37:25 PM] totalPath: [482030, 2364618, 3362186, 3362190, 1487110], totalPathRel: [-1, 189, 189, 602, 599]
[09/02/2018 17:37:26 PM] totalPath: [482030, 482033, 703, 5679394, 1487110], totalPathRel: [-1, 602, 660, 660, 599]
[09/02/2018 17:37:28 PM] totalPath: [482030, 78, 2618083, 1487110], totalPathRel: [-1, 660, 660, 599]
[09/02/2018 17:37:30 PM] totalPath: [482030, 78, 2618083, 78, 886195, 1487110], totalPathRel: [-1, 660, 660, 660, 660, 599]
[09/02/2018 17:37:31 PM] totalPath: [482030, 482033, 703, 5679394, 1487110], totalPathRel: [-1, 602, 660, 660, 599]
[09/02/2018 17:37:33 PM] totalPath: [482030, 4160079, 4319381, 1487110], totalPathRel: [-1, 462, 462, 599]
[09/02/2018 17:37:34 PM] totalPath: [482030, 4160079, 4799509, 4799510, 1487110], totalPathRel: [-1, 462, 462, 602, 599]
[09/02/2018 17:37:36 PM] totalPath: [482030, 482033, 703, 5679394, 1487110], totalPathRel: [-1, 602, 660, 660, 599]
[09/02/2018 17:37:38 PM] totalPath: [482030, 2364618, 3362186, 1487110], totalPathRel: [-1, 189, 189, 599]
[09/02/2018 17:37:39 PM] totalPath: [482030, 2364618, 3362186, 3362190, 1487110], totalPathRel: [-1, 189, 189, 602, 599]
[09/02/2018 17:37:41 PM] totalPath: [482030, 482033, 703, 5679394, 1487110], totalPathRel: [-1, 602, 660, 660, 599]
[09/02/2018 17:37:43 PM] totalPath: [482030, 2364618, 3362186, 1487110], totalPathRel: [-1, 189, 189, 599]
[09/02/2018 17:37:44 PM] totalPath: [482030, 2364618, 3362186, 3362190, 1487110], totalPathRel: [-1, 189, 189, 602, 599]
[09/02/2018 17:37:46 PM] totalPath: [482030, 482033, 703, 5679394, 1487110], totalPathRel: [-1, 602, 660, 660, 599]
[09/02/2018 17:37:48 PM] totalPath: [482030, 2364618, 3362186, 1487110], totalPathRel: [-1, 189, 189, 599]
[09/02/2018 17:37:49 PM] totalPath: [482030, 2364618, 3362186, 3362190, 1487110], totalPathRel: [-1, 189, 189, 602, 599]
[09/02/2018 17:37:51 PM] totalPath: [482030, 482033, 703, 5679394, 1487110], totalPathRel: [-1, 602, 660, 660, 599]
[09/02/2018 17:37:53 PM] totalPath: [482030, 2364618, 3362186, 1487110], totalPathRel: [-1, 189, 189, 599]
[09/02/2018 17:37:54 PM] totalPath: [482030, 2364618, 3362186, 3362190, 1487110], totalPathRel: [-1, 189, 189, 602, 599]
[09/02/2018 17:37:56 PM] totalPath: [482030, 482033, 703, 5679394, 1487110], totalPathRel: [-1, 602, 660, 660, 599]
[09/02/2018 17:37:58 PM] totalPath: [482030, 2364618, 3362186, 1487110], totalPathRel: [-1, 189, 189, 599]
[09/02/2018 17:37:59 PM] totalPath: [482030, 2364618, 3362186, 3362190, 1487110], totalPathRel: [-1, 189, 189, 602, 599]
[09/02/2018 17:38:01 PM] totalPath: [482030, 482033, 703, 5679394, 1487110], totalPathRel: [-1, 602, 660, 660, 599]
[09/02/2018 17:38:02 PM] totalPath: [482030, 2364618, 3362186, 1487110], totalPathRel: [-1, 189, 189, 599]
[09/02/2018 17:38:04 PM] totalPath: [482030, 2364618, 3362186, 3362190, 1487110], totalPathRel: [-1, 189, 189, 602, 599]
[09/02/2018 17:38:06 PM] totalPath: [482030, 482033, 703, 5679394, 1487110], totalPathRel: [-1, 602, 660, 660, 599]
[09/02/2018 17:38:07 PM] totalPath: [482030, 2364618, 3362186, 1487110], totalPathRel: [-1, 189, 189, 599]
[09/02/2018 17:38:09 PM] totalPath: [482030, 2364618, 3362186, 3362190, 1487110], totalPathRel: [-1, 189, 189, 602, 599]
[09/02/2018 17:38:11 PM] totalPath: [482030, 482033, 703, 5679394, 1487110], totalPathRel: [-1, 602, 660, 660, 599]
[09/02/2018 17:38:12 PM] totalPath: [482030, 2364618, 3362186, 1487110], totalPathRel: [-1, 189, 189, 599]
[09/02/2018 17:38:14 PM] totalPath: [482030, 2364618, 3362186, 3362190, 1487110], totalPathRel: [-1, 189, 189, 602, 599]
[09/02/2018 17:38:16 PM] totalPath: [482030, 482033, 703, 5679394, 1487110], totalPathRel: [-1, 602, 660, 660, 599]
[09/02/2018 17:38:17 PM] totalPath: [482030, 2364618, 3362186, 1487110], totalPathRel: [-1, 189, 189, 599]
[09/02/2018 17:38:19 PM] totalPath: [482030, 2364618, 3362186, 3362190, 1487110], totalPathRel: [-1, 189, 189, 602, 599]
[09/02/2018 17:38:21 PM] totalPath: [482030, 482033, 703, 5679394, 1487110], totalPathRel: [-1, 602, 660, 660, 599]
[09/02/2018 17:38:22 PM] totalPath: [482030, 2364618, 3362186, 1487110], totalPathRel: [-1, 189, 189, 599]
[09/02/2018 17:38:24 PM] totalPath: [482030, 2364618, 3362186, 3362190, 1487110], totalPathRel: [-1, 189, 189, 602, 599]
[09/02/2018 17:38:25 PM] totalPath: [482030, 482033, 703, 5679394, 1487110], totalPathRel: [-1, 602, 660, 660, 599]
[09/02/2018 17:38:27 PM] totalPath: [482030, 2364618, 3362186, 1487110], totalPathRel: [-1, 189, 189, 599]
[09/02/2018 17:38:29 PM] totalPath: [482030, 2364618, 3362186, 3362190, 1487110], totalPathRel: [-1, 189, 189, 602, 599]
[09/02/2018 17:38:30 PM] totalPath: [482030, 482033, 703, 5679394, 1487110], totalPathRel: [-1, 602, 660, 660, 599]
[09/02/2018 17:38:32 PM] totalPath: [482030, 2364618, 3362186, 1487110], totalPathRel: [-1, 189, 189, 599]
[09/02/2018 17:38:33 PM] totalPath: [482030, 2364618, 3362186, 3362190, 1487110], totalPathRel: [-1, 189, 189, 602, 599]
[09/02/2018 17:38:35 PM] totalPath: [482030, 482033, 703, 5679394, 1487110], totalPathRel: [-1, 602, 660, 660, 599]
[09/02/2018 17:38:37 PM] totalPath: [482030, 2364618, 3362186, 1487110], totalPathRel: [-1, 189, 189, 599]
[09/02/2018 17:38:38 PM] totalPath: [482030, 2364618, 3362186, 3362190, 1487110], totalPathRel: [-1, 189, 189, 602, 599]
[09/02/2018 17:38:38 PM] (extract_paths_sm, After YenKSP4) indices: [0.21670586 0.15955433 0.14793538 ... 0.20149315 0.20149315 0.20149315], data: [3974010277 1446144422 1876474925 ... 4005926252 4005926253 4005926254]
[09/02/2018 17:38:40 PM] (extract_paths_sm, After YenKSP4) The masked edges for 599.0: [False False False ... False False False]
[09/02/2018 17:39:24 PM] (extract_paths_sm, Before YenKSP4) indices: [0.21670586 0.15955433 0.14793538 ... 0.20149315 0.20149315 0.20149315], data: [3974010277 1446144422 1876474925 ... 4005926252 4005926253 4005926254]
[09/02/2018 17:39:27 PM] (extract_paths_sm, Before YenKSP4) The masked edges for 599.0: [False False False ... False False False]
[09/02/2018 17:39:31 PM] totalPath: [482030, 2364618, 3813132, 1156689], totalPathRel: [-1, 189, 189, 599]
[09/02/2018 17:39:33 PM] totalPath: [482030, 4160079, 1482225, 1156689], totalPathRel: [-1, 462, 462, 599]
[09/02/2018 17:39:34 PM] totalPath: [482030, 4160079, 1482225, 1156689], totalPathRel: [-1, 462, 462, 189]
[09/02/2018 17:39:36 PM] totalPath: [482030, 78, 3567640, 1156689], totalPathRel: [-1, 660, 660, 599]
[09/02/2018 17:39:37 PM] totalPath: [482030, 2364618, 3813132, 1156689], totalPathRel: [-1, 189, 189, 599]
[09/02/2018 17:39:39 PM] totalPath: [482030, 2364618, 3813132, 3813136, 1156689], totalPathRel: [-1, 189, 189, 602, 599]
[09/02/2018 17:39:40 PM] totalPath: [482030, 3889144, 2002060, 769614, 4322204, 1156689], totalPathRel: [-1, 123, 123, 462, 462, 189]
[09/02/2018 17:39:42 PM] totalPath: [482030, 78, 3567640, 1156689], totalPathRel: [-1, 660, 660, 599]
[09/02/2018 17:39:43 PM] totalPath: [482030, 78, 3567640, 3740468, 895031, 1156689], totalPathRel: [-1, 660, 660, 329, 329, 599]
[09/02/2018 17:39:45 PM] totalPath: [482030, 3889144, 2002060, 769614, 4322204, 1156689], totalPathRel: [-1, 123, 123, 462, 462, 189]
[09/02/2018 17:39:47 PM] totalPath: [482030, 4160079, 3397902, 1156689], totalPathRel: [-1, 462, 462, 189]
[09/02/2018 17:39:48 PM] totalPath: [482030, 4160079, 1482225, 1482226, 1156689], totalPathRel: [-1, 462, 462, 602, 599]
[09/02/2018 17:39:50 PM] totalPath: [482030, 3889144, 2002060, 769614, 4322204, 1156689], totalPathRel: [-1, 123, 123, 462, 462, 189]
[09/02/2018 17:39:51 PM] totalPath: [482030, 2364618, 3813132, 1156689], totalPathRel: [-1, 189, 189, 599]
[09/02/2018 17:39:53 PM] totalPath: [482030, 2364618, 3813132, 3813136, 1156689], totalPathRel: [-1, 189, 189, 602, 599]
[09/02/2018 17:39:54 PM] totalPath: [482030, 3889144, 2002060, 769614, 4322204, 1156689], totalPathRel: [-1, 123, 123, 462, 462, 189]
[09/02/2018 17:39:56 PM] totalPath: [482030, 2364618, 3813132, 1156689], totalPathRel: [-1, 189, 189, 599]
[09/02/2018 17:39:58 PM] totalPath: [482030, 2364618, 3813132, 3813136, 1156689], totalPathRel: [-1, 189, 189, 602, 599]
[09/02/2018 17:39:59 PM] totalPath: [482030, 3889144, 2002060, 769614, 4322204, 1156689], totalPathRel: [-1, 123, 123, 462, 462, 189]
[09/02/2018 17:40:01 PM] totalPath: [482030, 2364618, 3813132, 1156689], totalPathRel: [-1, 189, 189, 599]
[09/02/2018 17:40:02 PM] totalPath: [482030, 2364618, 3813132, 3813136, 1156689], totalPathRel: [-1, 189, 189, 602, 599]
[09/02/2018 17:40:04 PM] totalPath: [482030, 3889144, 2002060, 769614, 4322204, 1156689], totalPathRel: [-1, 123, 123, 462, 462, 189]
[09/02/2018 17:40:05 PM] totalPath: [482030, 2364618, 3813132, 1156689], totalPathRel: [-1, 189, 189, 599]
[09/02/2018 17:40:07 PM] totalPath: [482030, 2364618, 3813132, 3813136, 1156689], totalPathRel: [-1, 189, 189, 602, 599]
[09/02/2018 17:40:09 PM] totalPath: [482030, 3889144, 2002060, 769614, 4322204, 1156689], totalPathRel: [-1, 123, 123, 462, 462, 189]
